
Solving from new start point (number 26 of 42) <multistart>.


=======================================
*** NO CHECK MADE FOR LICENSE ***
         Artelys Knitro 12.3.0
=======================================

Knitro presolve eliminated 0 variables and 0 constraints.

algorithm:               4
bar_maxcrossit:          3
datacheck:               0
feastol:                 1e-08
hessopt:                 2
maxtime_cpu:             9.98465e+07
maxtime_real:            9.99925e+07
opttol:                  1e-08
outlev:                  5
outmode:                 2
par_concurrent_evals:    0
The problem is identified as bound constrained only.
Knitro changing act_qpalg from AUTO to 3.
Knitro changing honorbnds from AUTO to -1.
Knitro changing linesearch from AUTO to 2.
Knitro changing linsolver from AUTO to 4.

Problem Characteristics                                 (   Presolved)
-----------------------
Objective goal:  Maximize
Objective type:  general
Number of variables:                                 23 (          23)
    bounded below only:                               0 (           0)
    bounded above only:                               0 (           0)
    bounded below and above:                         23 (          23)
    fixed:                                            0 (           0)
    free:                                             0 (           0)
Number of constraints:                                0 (           0)
    linear equalities:                                0 (           0)
    quadratic equalities:                             0 (           0)
    gen. nonlinear equalities:                        0 (           0)
    linear one-sided inequalities:                    0 (           0)
    quadratic one-sided inequalities:                 0 (           0)
    gen. nonlinear one-sided inequalities:            0 (           0)
    linear two-sided inequalities:                    0 (           0)
    quadratic two-sided inequalities:                 0 (           0)
    gen. nonlinear two-sided inequalities:            0 (           0)
Number of nonzeros in Jacobian:                       0 (           0)
Number of nonzeros in Hessian:                        0 (         276)

Knitro using the Sequential Quadratic Programming (SQP) algorithm.

  Iter     fCount     Objective      FeasError   OptError    ||Step||    CGits 
--------  --------  --------------  ----------  ----------  ----------  -------
       0         1   -1.729319e+05   0.000e+00
       1         4   -1.626827e+05   0.000e+00   9.615e+02   5.322e-01        0
       2         6   -1.603588e+05   0.000e+00   8.796e+02   1.095e+00        0
       3         7   -1.590984e+05   0.000e+00   1.784e+00   1.539e+00        0
       4         9   -1.568067e+05   0.000e+00   4.474e+02   1.440e+00        0
       5        11   -1.560020e+05   0.000e+00   1.210e+03   1.290e+00        0
       6        13   -1.533583e+05   0.000e+00   1.095e+00   1.059e+00        0
       7        14   -1.530588e+05   0.000e+00   6.192e+02   1.200e+00        0
       8        15   -1.522086e+05   0.000e+00   5.457e+01   1.344e+00        0
       9        16   -1.507358e+05   0.000e+00   2.851e+02   1.470e+00        0
      10        17   -1.476997e+05   0.000e+00   1.036e+02   9.653e-01        0
      11        19   -1.468425e+05   0.000e+00   9.405e+01   3.660e-01        0
      12        20   -1.463080e+05   0.000e+00   9.782e+01   7.129e-01        0
      13        21   -1.459752e+05   0.000e+00   1.066e+02   4.598e-01        0
      14        22   -1.459058e+05   0.000e+00   5.508e+01   5.612e-01        0
      15        23   -1.453643e+05   0.000e+00   5.558e+01   4.542e-01        0
      16        25   -1.451823e+05   0.000e+00   1.467e+01   2.424e-01        0
      17        26   -1.449674e+05   0.000e+00   1.286e+01   2.371e-01        0
      18        28   -1.448669e+05   0.000e+00   1.550e+02   1.769e+00        0
      19        29   -1.444673e+05   0.000e+00   6.049e+01   3.343e-01        0
      20        30   -1.443333e+05   0.000e+00   7.828e+00   2.165e-01        0
      21        31   -1.441580e+05   0.000e+00   1.428e+01   6.657e-01        0
      22        32   -1.440742e+05   0.000e+00   2.946e+01   4.118e-01        0
      23        33   -1.440404e+05   0.000e+00   7.465e+01   5.463e-01        0
      24        34   -1.439566e+05   0.000e+00   1.534e+01   2.692e-01        0
      25        35   -1.439321e+05   0.000e+00   1.613e+01   9.517e-02        0
      26        36   -1.439135e+05   0.000e+00   7.901e+00   1.583e-01        0
      27        37   -1.439110e+05   0.000e+00   2.091e+00   5.676e-02        0
      28        38   -1.439099e+05   0.000e+00   6.421e+00   2.163e-02        0
      29        39   -1.439087e+05   0.000e+00   8.672e+00   2.990e-02        0
      30        40   -1.439078e+05   0.000e+00   4.650e+00   3.590e-02        0
      31        41   -1.439074e+05   0.000e+00   2.543e-01   1.907e-02        0
      32        42   -1.439072e+05   0.000e+00   2.311e+00   1.391e-02        0
      33        43   -1.439069e+05   0.000e+00   3.327e+00   1.814e-02        0
      34        44   -1.439066e+05   0.000e+00   2.534e+00   2.643e-02        0
      35        45   -1.439061e+05   0.000e+00   4.420e-01   4.188e-02        0
      36        46   -1.439053e+05   0.000e+00   2.660e+00   7.462e-02        0
      37        47   -1.439039e+05   0.000e+00   5.667e+00   1.317e-01        0
      38        48   -1.439020e+05   0.000e+00   6.509e+00   1.950e-01        0
      39        49   -1.439000e+05   0.000e+00   3.298e+00   2.034e-01        0
      40        50   -1.438986e+05   0.000e+00   1.642e+00   1.361e-01        0
      41        51   -1.438974e+05   0.000e+00   5.399e+00   8.079e-02        0
      42        52   -1.438964e+05   0.000e+00   6.255e+00   7.009e-02        0
      43        53   -1.438955e+05   0.000e+00   3.997e+00   7.534e-02        0
      44        54   -1.438950e+05   0.000e+00   4.827e-01   6.044e-02        0
      45        55   -1.438948e+05   0.000e+00   1.170e+00   2.775e-02        0
      46        56   -1.438948e+05   0.000e+00   1.010e+00   4.856e-03        0
      47        57   -1.438948e+05   0.000e+00   3.212e-01   3.221e-03        0
      48        58   -1.438948e+05   0.000e+00   3.611e-01   3.104e-03        0
      49        59   -1.438947e+05   0.000e+00   1.019e+00   5.794e-03        0
      50        60   -1.438947e+05   0.000e+00   1.304e+00   9.912e-03        0
      51        61   -1.438947e+05   0.000e+00   9.158e-01   1.250e-02        0
      52        62   -1.438947e+05   0.000e+00   6.231e-03   1.283e-02        0
      53        63   -1.438946e+05   0.000e+00   1.189e+00   1.642e-02        0
      54        64   -1.438945e+05   0.000e+00   2.801e+00   3.131e-02        0
      55        65   -1.438944e+05   0.000e+00   4.645e+00   6.496e-02        0
      56        66   -1.438942e+05   0.000e+00   5.603e+00   1.120e-01        0
      57        67   -1.438939e+05   0.000e+00   4.113e+00   1.179e-01        0
      58        68   -1.438938e+05   0.000e+00   1.433e+00   4.627e-02        0
      59        69   -1.438938e+05   0.000e+00   1.681e-01   8.087e-03        0
      60        70   -1.438938e+05   0.000e+00   7.683e-02   6.947e-03        0
      61        71   -1.438938e+05   0.000e+00   1.440e-01   3.659e-03        0
      62        72   -1.438938e+05   0.000e+00   1.374e-01   1.790e-03        0
      63        73   -1.438938e+05   0.000e+00   6.187e-02   2.633e-03        0
      64        74   -1.438938e+05   0.000e+00   9.788e-03   2.482e-03        0
      65        75   -1.438938e+05   0.000e+00   3.812e-04   4.799e-04        0
      66        76   -1.438938e+05   0.000e+00   6.953e-06   2.881e-05        0
      67        77   -1.438938e+05   0.000e+00   1.344e-05   3.811e-07        9
      68        78   -1.438938e+05   0.000e+00   6.283e-06   2.889e-06        0
      69        79   -1.438938e+05   0.000e+00   8.554e-07   2.782e-06        0
      70        80   -1.438938e+05   0.000e+00   1.168e-06   2.378e-06       24
      71        81   -1.438938e+05   0.000e+00   3.269e-07   8.966e-08        0
      72        82   -1.438938e+05   0.000e+00   1.422e-09   2.139e-13        1

EXIT: Locally optimal solution found.

Final Statistics
----------------
Final objective value               =  -1.43893821492054e+05
Final feasibility error (abs / rel) =   0.00e+00 / 0.00e+00
Final optimality error  (abs / rel) =   1.42e-09 / 1.42e-09
# of iterations                     =         72 
# of CG iterations                  =         34 
# of function evaluations           =         82
# of gradient evaluations           =         73
Total program time (secs)           =    6261.31982 (130951.688 CPU time)
Time spent in evaluations (secs)    =    6180.21924

Solution Vector
---------------
x[       0] =   6.99052083436e+00
x[       1] =   6.04470635227e+00
x[       2] =   6.05117409802e+00
x[       3] =   6.88825849464e+00
x[       4] =   7.39421554804e+00
x[       5] =   6.25581580167e+00
x[       6] =   9.44839065391e+00
x[       7] =  -2.03746721578e+00
x[       8] =  -3.65785003254e+00
x[       9] =  -3.73892318720e+00
x[      10] =  -1.14204222460e-01
x[      11] =   3.68122581127e-03
x[      12] =   1.13717528762e+00
x[      13] =   1.15133784989e+00
x[      14] =   9.50652811340e-01
x[      15] =   1.10554765789e+00
x[      16] =   8.79011009598e-01
x[      17] =   9.06615737503e-01
x[      18] =   9.17565634671e-01
x[      19] =   9.40239801019e-01
x[      20] =   8.35207594678e-01
x[      21] =   6.45495009920e-01
x[      22] =   4.29716900930e-01

===============================================================================

