
Solving from new start point (number 29 of 42) <multistart>.


=======================================
*** NO CHECK MADE FOR LICENSE ***
         Artelys Knitro 12.3.0
=======================================

Knitro presolve eliminated 0 variables and 0 constraints.

algorithm:               4
bar_maxcrossit:          3
datacheck:               0
feastol:                 1e-08
hessopt:                 2
maxtime_cpu:             9.98058e+07
maxtime_real:            9.99905e+07
opttol:                  1e-08
outlev:                  5
outmode:                 2
par_concurrent_evals:    0
The problem is identified as bound constrained only.
Knitro changing act_qpalg from AUTO to 3.
Knitro changing honorbnds from AUTO to -1.
Knitro changing linesearch from AUTO to 2.
Knitro changing linsolver from AUTO to 4.

Problem Characteristics                                 (   Presolved)
-----------------------
Objective goal:  Maximize
Objective type:  general
Number of variables:                                 23 (          23)
    bounded below only:                               0 (           0)
    bounded above only:                               0 (           0)
    bounded below and above:                         23 (          23)
    fixed:                                            0 (           0)
    free:                                             0 (           0)
Number of constraints:                                0 (           0)
    linear equalities:                                0 (           0)
    quadratic equalities:                             0 (           0)
    gen. nonlinear equalities:                        0 (           0)
    linear one-sided inequalities:                    0 (           0)
    quadratic one-sided inequalities:                 0 (           0)
    gen. nonlinear one-sided inequalities:            0 (           0)
    linear two-sided inequalities:                    0 (           0)
    quadratic two-sided inequalities:                 0 (           0)
    gen. nonlinear two-sided inequalities:            0 (           0)
Number of nonzeros in Jacobian:                       0 (           0)
Number of nonzeros in Hessian:                        0 (         276)

Knitro using the Sequential Quadratic Programming (SQP) algorithm.

  Iter     fCount     Objective      FeasError   OptError    ||Step||    CGits 
--------  --------  --------------  ----------  ----------  ----------  -------
       0         1   -2.072591e+05   0.000e+00
       1         2   -1.758034e+05   2.168e-19   3.156e+00   1.290e+00        0
       2         3   -1.671674e+05   0.000e+00   1.222e+00   4.422e-01        0
       3         4   -1.637104e+05   0.000e+00   1.636e+00   3.393e-01        0
       4         6   -1.633833e+05   0.000e+00   1.937e+01   1.024e-01        0
       5         7   -1.582579e+05   0.000e+00   2.333e+01   6.930e-01        0
       6         8   -1.555853e+05   0.000e+00   2.281e+01   2.379e-01        0
       7        11   -1.544071e+05   0.000e+00   3.084e+00   1.368e-01        0
       8        12   -1.541625e+05   0.000e+00   1.498e+02   1.023e+00        0
       9        14   -1.522955e+05   0.000e+00   1.879e+01   2.098e-01        0
      10        15   -1.519284e+05   0.000e+00   3.084e+01   7.251e-01        0
      11        16   -1.505694e+05   0.000e+00   7.577e+00   3.803e-01        0
      12        19   -1.504710e+05   0.000e+00   5.466e+00   2.604e-01        0
      13        20   -1.500441e+05   0.000e+00   1.680e+01   1.514e-01        0
      14        21   -1.495133e+05   0.000e+00   3.570e+00   2.310e-01        0
      15        22   -1.490059e+05   0.000e+00   1.646e+01   3.697e-01        0
      16        23   -1.485376e+05   0.000e+00   7.944e+00   3.173e-01        0
      17        24   -1.477749e+05   0.000e+00   4.505e+00   4.081e-01        0
      18        25   -1.471705e+05   0.000e+00   6.854e+00   6.254e-01        0
      19        26   -1.469092e+05   0.000e+00   9.394e+00   3.646e-01        0
      20        27   -1.465994e+05   0.000e+00   1.157e+00   4.589e-01        0
      21        28   -1.462236e+05   0.000e+00   8.301e-01   5.019e-01        0
      22        29   -1.458044e+05   0.000e+00   1.133e+01   5.496e-01        0
      23        30   -1.454387e+05   0.000e+00   1.379e+01   3.899e-01        0
      24        31   -1.451397e+05   0.000e+00   1.276e+01   2.150e-01        0
      25        32   -1.450215e+05   0.000e+00   8.088e+00   9.095e-02        0
      26        33   -1.449485e+05   0.000e+00   3.269e+00   8.052e-02        0
      27        34   -1.448714e+05   0.000e+00   2.742e+00   1.380e-01        0
      28        35   -1.448340e+05   0.000e+00   5.153e+00   8.812e-02        0
      29        36   -1.448000e+05   0.000e+00   6.165e+00   5.927e-02        0
      30        37   -1.447419e+05   0.000e+00   5.482e+00   1.323e-01        0
      31        38   -1.446828e+05   0.000e+00   2.476e+00   1.446e-01        0
      32        39   -1.446133e+05   0.000e+00   4.504e+00   2.259e-01        0
      33        40   -1.445603e+05   0.000e+00   7.090e+00   1.681e-01        0
      34        41   -1.445025e+05   0.000e+00   6.273e+00   1.750e-01        0
      35        42   -1.444426e+05   0.000e+00   1.870e+00   1.551e-01        0
      36        43   -1.443839e+05   0.000e+00   2.207e+00   1.812e-01        0
      37        44   -1.443402e+05   0.000e+00   4.248e+00   1.576e-01        0
      38        45   -1.443127e+05   0.000e+00   4.452e+00   1.096e-01        0
      39        46   -1.442784e+05   0.000e+00   3.462e+00   1.267e-01        0
      40        47   -1.442287e+05   0.000e+00   1.904e-01   1.904e-01        0
      41        48   -1.441868e+05   0.000e+00   4.479e+00   1.675e-01        0
      42        49   -1.441575e+05   0.000e+00   3.045e+00   9.268e-02        0
      43        50   -1.441397e+05   0.000e+00   1.199e+00   5.575e-02        0
      44        51   -1.441236e+05   0.000e+00   2.640e-01   5.335e-02        0
      45        52   -1.440997e+05   0.000e+00   8.798e-01   1.026e-01        0
      46        53   -1.440750e+05   0.000e+00   9.403e-01   1.271e-01        0
      47        54   -1.440494e+05   0.000e+00   1.335e-01   1.502e-01        0
      48        55   -1.440222e+05   0.000e+00   8.015e-01   1.615e-01        0
      49        56   -1.439941e+05   0.000e+00   1.898e+00   1.686e-01        0
      50        57   -1.439732e+05   0.000e+00   1.940e+00   1.145e-01        0
      51        58   -1.439617e+05   0.000e+00   7.985e-01   4.743e-02        0
      52        59   -1.439568e+05   0.000e+00   3.395e-01   3.251e-02        0
      53        60   -1.439551e+05   0.000e+00   5.140e-01   1.814e-02        0
      54        61   -1.439541e+05   0.000e+00   3.110e-01   1.147e-02        0
      55        62   -1.439530e+05   0.000e+00   5.404e-02   1.223e-02        0
      56        63   -1.439517e+05   0.000e+00   3.790e-01   1.811e-02        0
      57        64   -1.439503e+05   0.000e+00   5.242e-01   2.420e-02        0
      58        65   -1.439488e+05   0.000e+00   3.705e-01   2.764e-02        0
      59        66   -1.439472e+05   0.000e+00   1.899e-03   3.083e-02        0
      60        67   -1.439455e+05   0.000e+00   4.506e-01   3.044e-02        0
      61        68   -1.439440e+05   0.000e+00   6.663e-01   2.854e-02        0
      62        69   -1.439429e+05   0.000e+00   5.312e-01   2.360e-02        0
      63        70   -1.439422e+05   0.000e+00   1.553e-01   1.413e-02        0
      64        71   -1.439417e+05   0.000e+00   1.860e-01   1.082e-02        0
      65        72   -1.439413e+05   0.000e+00   3.735e-01   1.127e-02        0
      66        73   -1.439411e+05   0.000e+00   2.662e-01   8.246e-03        0
      67        74   -1.439410e+05   0.000e+00   9.533e-02   5.186e-03        0
      68        75   -1.439410e+05   0.000e+00   4.826e-02   2.082e-03        0
      69        76   -1.439409e+05   0.000e+00   2.405e-01   4.135e-03        0
      70        77   -1.439408e+05   0.000e+00   5.536e-01   9.180e-03        0
      71        78   -1.439404e+05   0.000e+00   1.027e+00   2.362e-02        0
      72        79   -1.439395e+05   0.000e+00   1.690e+00   5.713e-02        0
      73        80   -1.439376e+05   0.000e+00   2.391e+00   1.254e-01        0
      74        81   -1.439343e+05   0.000e+00   2.718e+00   2.261e-01        0
      75        82   -1.439302e+05   0.000e+00   2.167e+00   3.016e-01        0
      76        83   -1.439263e+05   0.000e+00   8.383e-01   2.848e-01        0
      77        84   -1.439235e+05   0.000e+00   5.692e-01   1.963e-01        0
      78        85   -1.439216e+05   0.000e+00   1.310e+00   1.143e-01        0
      79        86   -1.439201e+05   0.000e+00   1.234e+00   7.950e-02        0
      80        87   -1.439191e+05   0.000e+00   4.996e-01   5.686e-02        0
      81        88   -1.439185e+05   0.000e+00   2.058e-01   4.472e-02        0
      82        89   -1.439177e+05   0.000e+00   9.265e-01   6.914e-02        0
      83        90   -1.439160e+05   0.000e+00   1.858e+00   1.548e-01        0
      84        91   -1.439126e+05   0.000e+00   2.859e+00   3.211e-01        0
      85        92   -1.439071e+05   0.000e+00   3.238e+00   5.286e-01        0
      86        93   -1.439023e+05   0.000e+00   2.296e+00   4.978e-01        0
      87        94   -1.439003e+05   0.000e+00   7.891e-01   1.550e-01        0
      88        95   -1.439000e+05   0.000e+00   9.022e-02   3.915e-02        0
      89        96   -1.438999e+05   0.000e+00   7.123e-02   3.931e-02        0
      90        97   -1.438999e+05   0.000e+00   3.945e-02   9.562e-03        0
      91        98   -1.438999e+05   0.000e+00   5.057e-03   6.116e-03        0
      92        99   -1.438999e+05   0.000e+00   1.555e-01   1.756e-02        0
      93       100   -1.438998e+05   0.000e+00   2.810e-01   1.337e-02        0
      94       101   -1.438996e+05   0.000e+00   3.518e-01   1.854e-02        0
      95       102   -1.438995e+05   0.000e+00   2.475e-01   2.527e-02        0
      96       103   -1.438994e+05   0.000e+00   6.701e-02   1.980e-02        0
      97       104   -1.438994e+05   0.000e+00   2.840e-02   3.799e-03        0
      98       105   -1.438994e+05   0.000e+00   9.184e-02   2.045e-03        0
      99       106   -1.438994e+05   0.000e+00   1.836e-01   3.743e-03        0
     100       107   -1.438993e+05   0.000e+00   3.230e-01   1.738e-02        0
     101       108   -1.438991e+05   0.000e+00   5.287e-01   4.686e-02        0
     102       109   -1.438985e+05   0.000e+00   7.995e-01   1.103e-01        0
     103       110   -1.438974e+05   0.000e+00   1.039e+00   2.144e-01        0
     104       111   -1.438959e+05   0.000e+00   9.607e-01   2.529e-01        0
     105       112   -1.438945e+05   0.000e+00   4.827e-01   2.270e-01        0
     106       113   -1.438939e+05   0.000e+00   7.427e-02   1.310e-01        0
     107       114   -1.438939e+05   0.000e+00   2.491e-02   2.273e-02        0
     108       115   -1.438939e+05   0.000e+00   1.776e-03   6.892e-03        0
     109       116   -1.438939e+05   0.000e+00   1.494e-02   2.502e-03        0
     110       117   -1.438939e+05   0.000e+00   6.746e-02   7.263e-03        0
     111       118   -1.438939e+05   0.000e+00   1.006e-01   5.650e-03        0
     112       119   -1.438938e+05   0.000e+00   1.049e-01   8.040e-03        0
     113       120   -1.438938e+05   0.000e+00   6.210e-02   1.000e-02        0
     114       121   -1.438938e+05   0.000e+00   1.370e-02   8.145e-03        0
     115       122   -1.438938e+05   0.000e+00   1.546e-03   4.510e-03        0
     116       123   -1.438938e+05   0.000e+00   2.009e-04   2.018e-03        0
     117       124   -1.438938e+05   0.000e+00   1.777e-04   2.550e-04        0
     118       125   -1.438938e+05   0.000e+00   7.593e-05   1.867e-04        0
     119       126   -1.438938e+05   0.000e+00   2.786e-05   7.042e-05        0
     120       127   -1.438938e+05   0.000e+00   2.006e-06   7.039e-05        0
     121       128   -1.438938e+05   0.000e+00   8.645e-06   6.836e-05        0
     122       129   -1.438938e+05   0.000e+00   8.959e-07   5.172e-11        1
     123       130   -1.438938e+05   0.000e+00   1.881e-08   4.638e-05        0
     124       131   -1.438938e+05   0.000e+00   1.111e-08   3.814e-05        0
     125       132   -1.438938e+05   0.000e+00   3.202e-09   3.334e-07        0

EXIT: Locally optimal solution found.

Final Statistics
----------------
Final objective value               =  -1.43893821492053e+05
Final feasibility error (abs / rel) =   0.00e+00 / 0.00e+00
Final optimality error  (abs / rel) =   3.20e-09 / 3.20e-09
# of iterations                     =        125 
# of CG iterations                  =          1 
# of function evaluations           =        132
# of gradient evaluations           =        126
Total program time (secs)           =    8472.61133 (150809.547 CPU time)
Time spent in evaluations (secs)    =    8391.43066

Solution Vector
---------------
x[       0] =   6.99052085497e+00
x[       1] =   6.04470639042e+00
x[       2] =   6.05117406050e+00
x[       3] =   6.88825852516e+00
x[       4] =   7.39421558328e+00
x[       5] =   6.25581583909e+00
x[       6] =   9.44839062668e+00
x[       7] =  -2.03746721509e+00
x[       8] =  -3.65785003882e+00
x[       9] =  -3.73892311547e+00
x[      10] =  -1.14204226470e-01
x[      11] =   3.68122585864e-03
x[      12] =   1.13717528850e+00
x[      13] =   1.15133784696e+00
x[      14] =   9.50652808200e-01
x[      15] =   1.10554765658e+00
x[      16] =   8.79010998181e-01
x[      17] =   9.06615764564e-01
x[      18] =   9.17565631074e-01
x[      19] =   9.40239799402e-01
x[      20] =   8.35207584880e-01
x[      21] =   6.45495007825e-01
x[      22] =   4.29716899515e-01

===============================================================================

