
Solving from new start point (number 9 of 42) <multistart>.


=======================================
*** NO CHECK MADE FOR LICENSE ***
         Artelys Knitro 12.3.0
=======================================

Knitro presolve eliminated 0 variables and 0 constraints.

algorithm:               4
bar_maxcrossit:          3
datacheck:               0
feastol:                 1e-08
hessopt:                 2
maxtime_cpu:             9.99995e+07
maxtime_real:            9.99998e+07
opttol:                  1e-08
outlev:                  5
outmode:                 2
par_concurrent_evals:    0
The problem is identified as bound constrained only.
Knitro changing act_qpalg from AUTO to 3.
Knitro changing honorbnds from AUTO to -1.
Knitro changing linesearch from AUTO to 2.
Knitro changing linsolver from AUTO to 4.

Problem Characteristics                                 (   Presolved)
-----------------------
Objective goal:  Maximize
Objective type:  general
Number of variables:                                 23 (          23)
    bounded below only:                               0 (           0)
    bounded above only:                               0 (           0)
    bounded below and above:                         23 (          23)
    fixed:                                            0 (           0)
    free:                                             0 (           0)
Number of constraints:                                0 (           0)
    linear equalities:                                0 (           0)
    quadratic equalities:                             0 (           0)
    gen. nonlinear equalities:                        0 (           0)
    linear one-sided inequalities:                    0 (           0)
    quadratic one-sided inequalities:                 0 (           0)
    gen. nonlinear one-sided inequalities:            0 (           0)
    linear two-sided inequalities:                    0 (           0)
    quadratic two-sided inequalities:                 0 (           0)
    gen. nonlinear two-sided inequalities:            0 (           0)
Number of nonzeros in Jacobian:                       0 (           0)
Number of nonzeros in Hessian:                        0 (         276)

Knitro using the Sequential Quadratic Programming (SQP) algorithm.

  Iter     fCount     Objective      FeasError   OptError    ||Step||    CGits 
--------  --------  --------------  ----------  ----------  ----------  -------
       0         1   -1.777404e+05   0.000e+00
       1         3   -1.747057e+05   0.000e+00   3.195e+02   3.800e-01        0
       2         4   -1.594107e+05   0.000e+00   2.297e-01   6.754e-01        0
       3         6   -1.575497e+05   0.000e+00   4.863e+01   6.452e-01        0
       4         7   -1.553011e+05   0.000e+00   1.801e+01   2.842e-01        0
       5         8   -1.543663e+05   0.000e+00   1.553e+01   1.715e-01        0
       6         9   -1.528217e+05   0.000e+00   8.658e+00   4.118e-01        0
       7        10   -1.515360e+05   0.000e+00   5.822e+00   5.015e-01        0
       8        13   -1.509740e+05   0.000e+00   1.224e+01   2.419e-01        0
       9        14   -1.508148e+05   0.000e+00   1.355e+02   5.984e-01        0
      10        15   -1.490208e+05   0.000e+00   7.327e+00   3.282e-01        0
      11        16   -1.487375e+05   0.000e+00   1.657e+01   2.473e-01        0
      12        18   -1.483956e+05   0.000e+00   4.488e+01   7.926e-01        0
      13        19   -1.475777e+05   0.000e+00   1.505e+01   1.624e-01        0
      14        20   -1.466331e+05   0.000e+00   1.032e+01   4.744e-01        0
      15        21   -1.458113e+05   0.000e+00   1.867e+01   1.103e+00        0
      16        22   -1.455719e+05   0.000e+00   1.081e+01   6.880e-02        0
      17        23   -1.454413e+05   0.000e+00   3.667e+00   1.971e-01        0
      18        24   -1.453488e+05   0.000e+00   8.258e+00   2.044e-01        0
      19        25   -1.452568e+05   0.000e+00   9.836e+00   2.343e-01        0
      20        26   -1.451777e+05   0.000e+00   6.595e+00   1.977e-01        0
      21        27   -1.451073e+05   0.000e+00   3.370e-01   1.349e-01        0
      22        28   -1.450541e+05   0.000e+00   4.896e+00   9.791e-02        0
      23        29   -1.449998e+05   0.000e+00   7.643e+00   1.142e-01        0
      24        30   -1.448896e+05   0.000e+00   9.644e+00   2.732e-01        0
      25        31   -1.447514e+05   0.000e+00   7.970e+00   4.163e-01        0
      26        32   -1.446362e+05   0.000e+00   4.503e+00   3.586e-01        0
      27        33   -1.445559e+05   0.000e+00   8.833e-01   1.991e-01        0
      28        34   -1.444981e+05   0.000e+00   3.402e+00   1.487e-01        0
      29        35   -1.444350e+05   0.000e+00   8.308e+00   2.223e-01        0
      30        36   -1.443746e+05   0.000e+00   5.103e+00   1.677e-01        0
      31        37   -1.443193e+05   0.000e+00   2.631e-01   2.508e-01        0
      32        38   -1.442827e+05   0.000e+00   4.958e+00   1.014e-01        0
      33        39   -1.442245e+05   0.000e+00   6.767e+00   1.639e-01        0
      34        40   -1.441311e+05   0.000e+00   7.717e+00   2.928e-01        0
      35        41   -1.440680e+05   0.000e+00   4.416e+00   2.494e-01        0
      36        42   -1.440335e+05   0.000e+00   1.327e+00   1.192e-01        0
      37        43   -1.440152e+05   0.000e+00   6.468e-01   5.583e-02        0
      38        44   -1.440028e+05   0.000e+00   1.705e+00   4.559e-02        0
      39        45   -1.439838e+05   0.000e+00   2.625e+00   9.018e-02        0
      40        46   -1.439633e+05   0.000e+00   2.795e+00   1.198e-01        0
      41        47   -1.439460e+05   0.000e+00   1.989e+00   1.082e-01        0
      42        48   -1.439351e+05   0.000e+00   5.021e-01   5.375e-02        0
      43        49   -1.439306e+05   0.000e+00   1.044e-01   2.205e-02        0
      44        50   -1.439290e+05   0.000e+00   3.142e-01   1.489e-02        0
      45        51   -1.439278e+05   0.000e+00   3.095e-02   1.461e-02        0
      46        52   -1.439270e+05   0.000e+00   1.513e-01   1.614e-02        0
      47        53   -1.439260e+05   0.000e+00   1.883e-02   1.940e-02        0
      48        54   -1.439246e+05   0.000e+00   2.521e-02   2.513e-02        0
      49        55   -1.439232e+05   0.000e+00   8.854e-02   2.772e-02        0
      50        56   -1.439219e+05   0.000e+00   1.645e-01   2.660e-02        0
      51        57   -1.439207e+05   0.000e+00   2.172e-01   2.643e-02        0
      52        58   -1.439196e+05   0.000e+00   1.807e-01   2.427e-02        0
      53        59   -1.439187e+05   0.000e+00   1.255e-01   2.250e-02        0
      54        60   -1.439182e+05   0.000e+00   4.864e-02   1.693e-02        0
      55        61   -1.439180e+05   0.000e+00   3.415e-02   1.030e-02        0
      56        62   -1.439179e+05   0.000e+00   1.592e-02   6.168e-03        0
      57        63   -1.439178e+05   0.000e+00   1.949e-02   3.365e-03        0
      58        64   -1.439177e+05   0.000e+00   2.077e-03   3.564e-03        0
      59        65   -1.439176e+05   0.000e+00   1.874e-02   5.576e-03        0
      60        66   -1.439175e+05   0.000e+00   6.988e-02   1.072e-02        0
      61        67   -1.439171e+05   0.000e+00   1.313e-01   2.313e-02        0
      62        68   -1.439165e+05   0.000e+00   2.259e-01   4.579e-02        0
      63        69   -1.439156e+05   0.000e+00   2.605e-01   6.974e-02        0
      64        70   -1.439148e+05   0.000e+00   2.098e-01   6.366e-02        0
      65        71   -1.439144e+05   0.000e+00   8.176e-02   2.859e-02        0
      66        72   -1.439142e+05   0.000e+00   6.773e-03   9.492e-03        0
      67        73   -1.439140e+05   0.000e+00   9.716e-02   8.344e-03        0
      68        74   -1.439136e+05   0.000e+00   1.678e-01   1.784e-02        0
      69        75   -1.439131e+05   0.000e+00   2.192e-01   3.804e-02        0
      70        76   -1.439122e+05   0.000e+00   2.091e-01   7.392e-02        0
      71        77   -1.439105e+05   0.000e+00   1.455e-01   1.440e-01        0
      72        78   -1.439072e+05   0.000e+00   1.720e-02   2.769e-01        0
      73        79   -1.439022e+05   0.000e+00   2.160e-01   4.321e-01        0
      74        80   -1.438974e+05   0.000e+00   3.409e-01   3.648e-01        0
      75        81   -1.438950e+05   0.000e+00   2.666e-01   6.786e-02        0
      76        82   -1.438947e+05   0.000e+00   1.283e-01   5.730e-02        0
      77        83   -1.438947e+05   0.000e+00   6.396e-02   7.977e-03        0
      78        84   -1.438947e+05   0.000e+00   1.623e-03   3.136e-03        0
      79        85   -1.438947e+05   0.000e+00   7.829e-02   3.255e-03        0
      80        86   -1.438946e+05   0.000e+00   1.513e-01   7.696e-03        0
      81        87   -1.438946e+05   0.000e+00   2.046e-01   1.014e-02        0
      82        88   -1.438945e+05   0.000e+00   1.861e-01   9.894e-03        0
      83        89   -1.438945e+05   0.000e+00   1.317e-01   7.837e-03        0
      84        90   -1.438944e+05   0.000e+00   3.024e-02   5.018e-03        0
      85        91   -1.438944e+05   0.000e+00   9.937e-03   4.168e-03        0
      86        92   -1.438944e+05   0.000e+00   1.782e-02   3.703e-03        0
      87        93   -1.438944e+05   0.000e+00   3.777e-03   1.362e-03        0
      88        94   -1.438944e+05   0.000e+00   3.418e-03   1.303e-03        0
      89        95   -1.438944e+05   0.000e+00   1.865e-02   1.588e-03        0
      90        96   -1.438944e+05   0.000e+00   4.343e-02   4.239e-03        0
      91        97   -1.438944e+05   0.000e+00   7.922e-02   8.654e-03        0
      92        98   -1.438944e+05   0.000e+00   1.328e-01   1.989e-02        0
      93        99   -1.438943e+05   0.000e+00   2.001e-01   4.313e-02        0
      94       100   -1.438942e+05   0.000e+00   2.538e-01   8.174e-02        0
      95       101   -1.438940e+05   0.000e+00   2.295e-01   1.076e-01        0
      96       102   -1.438939e+05   0.000e+00   1.104e-01   7.056e-02        0
      97       103   -1.438938e+05   0.000e+00   1.882e-02   1.363e-02        0
      98       104   -1.438938e+05   0.000e+00   8.001e-04   6.045e-03        0
      99       105   -1.438938e+05   0.000e+00   3.618e-03   6.053e-03        0
     100       106   -1.438938e+05   0.000e+00   4.731e-03   6.049e-03        0
     101       107   -1.438938e+05   0.000e+00   5.568e-03   5.169e-03        0
     102       108   -1.438938e+05   0.000e+00   5.373e-03   5.298e-03        0
     103       109   -1.438938e+05   0.000e+00   3.418e-03   3.836e-03        0
     104       110   -1.438938e+05   0.000e+00   9.530e-04   1.072e-02        0
     105       111   -1.438938e+05   0.000e+00   6.173e-05   6.601e-03        0
     106       112   -1.438938e+05   0.000e+00   4.307e-05   1.263e-03        0
     107       113   -1.438938e+05   0.000e+00   1.851e-05   5.601e-05        0
     108       114   -1.438938e+05   0.000e+00   1.370e-06   3.762e-10        1
     109       115   -1.438938e+05   0.000e+00   3.031e-07   1.937e-04        0
     110       116   -1.438938e+05   0.000e+00   2.377e-08   1.628e-04        0
     111       117   -1.438938e+05   0.000e+00   6.157e-09   2.121e-05        0

EXIT: Locally optimal solution found.

Final Statistics
----------------
Final objective value               =  -1.43893821492056e+05
Final feasibility error (abs / rel) =   0.00e+00 / 0.00e+00
Final optimality error  (abs / rel) =   6.16e-09 / 6.16e-09
# of iterations                     =        111 
# of CG iterations                  =          1 
# of function evaluations           =        117
# of gradient evaluations           =        112
Total program time (secs)           =    9138.61035 (191084.547 CPU time)
Time spent in evaluations (secs)    =    9101.27246

Solution Vector
---------------
x[       0] =   6.99051395379e+00
x[       1] =   6.04469934595e+00
x[       2] =   6.05116699465e+00
x[       3] =   6.88825169531e+00
x[       4] =   7.39420813699e+00
x[       5] =   6.25580905723e+00
x[       6] =   9.44838151092e+00
x[       7] =  -2.03746514279e+00
x[       8] =  -3.65784651192e+00
x[       9] =  -3.73893155476e+00
x[      10] =  -1.14203981810e-01
x[      11] =   3.68122402632e-03
x[      12] =   1.13717552421e+00
x[      13] =   1.15133799599e+00
x[      14] =   9.50653028025e-01
x[      15] =   1.10554786419e+00
x[      16] =   8.79011200323e-01
x[      17] =   9.06615953569e-01
x[      18] =   9.17565633201e-01
x[      19] =   9.40239855788e-01
x[      20] =   8.35207684727e-01
x[      21] =   6.45494995463e-01
x[      22] =   4.29716804359e-01

===============================================================================

