
Solving from new start point (number 33 of 42) <multistart>.


=======================================
*** NO CHECK MADE FOR LICENSE ***
         Artelys Knitro 12.3.0
=======================================

Knitro presolve eliminated 0 variables and 0 constraints.

algorithm:               4
bar_maxcrossit:          3
datacheck:               0
feastol:                 1e-08
hessopt:                 2
maxtime_cpu:             9.97811e+07
maxtime_real:            9.99893e+07
opttol:                  1e-08
outlev:                  5
outmode:                 2
par_concurrent_evals:    0
The problem is identified as bound constrained only.
Knitro changing act_qpalg from AUTO to 3.
Knitro changing honorbnds from AUTO to -1.
Knitro changing linesearch from AUTO to 2.
Knitro changing linsolver from AUTO to 4.

Problem Characteristics                                 (   Presolved)
-----------------------
Objective goal:  Maximize
Objective type:  general
Number of variables:                                 23 (          23)
    bounded below only:                               0 (           0)
    bounded above only:                               0 (           0)
    bounded below and above:                         23 (          23)
    fixed:                                            0 (           0)
    free:                                             0 (           0)
Number of constraints:                                0 (           0)
    linear equalities:                                0 (           0)
    quadratic equalities:                             0 (           0)
    gen. nonlinear equalities:                        0 (           0)
    linear one-sided inequalities:                    0 (           0)
    quadratic one-sided inequalities:                 0 (           0)
    gen. nonlinear one-sided inequalities:            0 (           0)
    linear two-sided inequalities:                    0 (           0)
    quadratic two-sided inequalities:                 0 (           0)
    gen. nonlinear two-sided inequalities:            0 (           0)
Number of nonzeros in Jacobian:                       0 (           0)
Number of nonzeros in Hessian:                        0 (         276)

Knitro using the Sequential Quadratic Programming (SQP) algorithm.

  Iter     fCount     Objective      FeasError   OptError    ||Step||    CGits 
--------  --------  --------------  ----------  ----------  ----------  -------
       0         1   -1.618445e+05   0.000e+00
       1         4   -1.615154e+05   0.000e+00   1.247e+02   3.941e-02        0
       2         5   -1.560571e+05   0.000e+00   1.917e+02   1.737e+00        0
       3         6   -1.550037e+05   0.000e+00   9.005e+01   7.418e-01        0
       4         8   -1.539885e+05   0.000e+00   1.025e+02   5.817e-01        0
       5         9   -1.525607e+05   0.000e+00   2.611e+00   7.812e-01        0
       6        10   -1.503287e+05   0.000e+00   4.394e+01   9.609e-01        0
       7        11   -1.481305e+05   0.000e+00   1.962e+02   1.743e+00        0
       8        12   -1.476326e+05   0.000e+00   5.162e+01   1.803e+00        0
       9        13   -1.454207e+05   0.000e+00   4.503e-01   5.221e-01        0
      10        14   -1.450223e+05   0.000e+00   4.245e+01   4.385e-01        0
      11        16   -1.447318e+05   0.000e+00   2.360e+00   3.320e-01        0
      12        18   -1.445894e+05   0.000e+00   6.421e+01   6.408e-01        0
      13        19   -1.442867e+05   0.000e+00   2.771e+01   1.769e-01        0
      14        21   -1.442033e+05   0.000e+00   1.748e+01   2.284e-01        0
      15        22   -1.441345e+05   0.000e+00   1.024e+01   3.490e-01        0
      16        24   -1.440591e+05   0.000e+00   2.963e+01   7.634e-02        0
      17        25   -1.440095e+05   0.000e+00   1.239e+01   7.534e-02        0
      18        26   -1.439569e+05   0.000e+00   4.989e+00   2.084e-01        0
      19        27   -1.439287e+05   0.000e+00   7.142e+00   1.748e-01        0
      20        28   -1.439158e+05   0.000e+00   8.291e+00   1.026e-01        0
      21        29   -1.439089e+05   0.000e+00   7.095e+00   5.320e-02        0
      22        30   -1.439036e+05   0.000e+00   3.738e+00   5.618e-02        0
      23        31   -1.438995e+05   0.000e+00   1.636e+00   5.305e-02        0
      24        32   -1.438969e+05   0.000e+00   4.509e+00   4.298e-02        0
      25        33   -1.438957e+05   0.000e+00   4.168e+00   2.625e-02        0
      26        34   -1.438952e+05   0.000e+00   2.398e+00   1.320e-02        0
      27        35   -1.438949e+05   0.000e+00   1.982e-01   1.023e-02        0
      28        36   -1.438948e+05   0.000e+00   8.644e-01   6.031e-03        0
      29        37   -1.438947e+05   0.000e+00   1.413e+00   6.989e-03        0
      30        38   -1.438946e+05   0.000e+00   1.558e+00   1.093e-02        0
      31        39   -1.438945e+05   0.000e+00   1.075e+00   1.198e-02        0
      32        40   -1.438945e+05   0.000e+00   3.653e-01   7.011e-03        0
      33        41   -1.438945e+05   0.000e+00   9.903e-03   2.301e-03        0
      34        42   -1.438945e+05   0.000e+00   1.058e-01   1.240e-03        0
      35        43   -1.438944e+05   0.000e+00   2.108e-01   2.059e-03        0
      36        44   -1.438944e+05   0.000e+00   3.335e-01   4.638e-03        0
      37        45   -1.438944e+05   0.000e+00   4.659e-01   1.069e-02        0
      38        46   -1.438943e+05   0.000e+00   5.416e-01   2.116e-02        0
      39        47   -1.438943e+05   0.000e+00   4.460e-01   3.086e-02        0
      40        48   -1.438942e+05   0.000e+00   1.766e-01   2.758e-02        0
      41        49   -1.438942e+05   0.000e+00   9.474e-02   1.547e-02        0
      42        50   -1.438941e+05   0.000e+00   3.090e-01   1.182e-02        0
      43        51   -1.438941e+05   0.000e+00   5.109e-01   2.114e-02        0
      44        52   -1.438940e+05   0.000e+00   6.011e-01   3.936e-02        0
      45        53   -1.438939e+05   0.000e+00   4.313e-01   4.537e-02        0
      46        54   -1.438938e+05   0.000e+00   1.461e-01   1.954e-02        0
      47        55   -1.438938e+05   0.000e+00   1.517e-02   1.837e-03        0
      48        56   -1.438938e+05   0.000e+00   9.120e-04   1.590e-03        0
      49        57   -1.438938e+05   0.000e+00   5.178e-05   3.303e-04        0
      50        58   -1.438938e+05   0.000e+00   1.067e-03   4.235e-04        0
      51        59   -1.438938e+05   0.000e+00   2.107e-03   5.093e-04        0
      52        60   -1.438938e+05   0.000e+00   3.273e-03   1.171e-03        0
      53        61   -1.438938e+05   0.000e+00   4.086e-03   2.050e-03        0
      54        62   -1.438938e+05   0.000e+00   3.379e-03   2.785e-03        0
      55        63   -1.438938e+05   0.000e+00   1.312e-03   2.276e-03        0
      56        64   -1.438938e+05   0.000e+00   9.206e-04   1.703e-03        0
      57        65   -1.438938e+05   0.000e+00   3.620e-03   2.199e-03        0
      58        66   -1.438938e+05   0.000e+00   7.060e-03   4.832e-03        0
      59        67   -1.438938e+05   0.000e+00   1.015e-02   1.012e-02        0
      60        68   -1.438938e+05   0.000e+00   1.003e-02   1.551e-02        0
      61        69   -1.438938e+05   0.000e+00   5.001e-03   1.209e-02        0
      62        70   -1.438938e+05   0.000e+00   5.218e-04   2.178e-03        0
      63        71   -1.438938e+05   0.000e+00   4.033e-04   1.220e-03        0
      64        72   -1.438938e+05   0.000e+00   3.498e-04   4.163e-04        0
      65        73   -1.438938e+05   0.000e+00   3.320e-04   9.426e-05        0
      66        74   -1.438938e+05   0.000e+00   2.207e-04   1.487e-04        0
      67        75   -1.438938e+05   0.000e+00   7.679e-05   5.094e-05        0
      68        76   -1.438938e+05   0.000e+00   1.062e-05   1.223e-04        0
      69        77   -1.438938e+05   0.000e+00   1.689e-05   1.113e-04        0
      70        78   -1.438938e+05   0.000e+00   3.344e-06   4.041e-05        0
      71        79   -1.438938e+05   0.000e+00   2.633e-06   3.040e-05        0
      72        80   -1.438938e+05   0.000e+00   1.776e-06   1.381e-05        0
      73        81   -1.438938e+05   0.000e+00   8.194e-08   8.545e-06        0
      74        82   -1.438938e+05   0.000e+00   2.198e-07   2.379e-07        0
      75        83   -1.438938e+05   0.000e+00   2.240e-08   2.360e-07        0
      76        84   -1.438938e+05   0.000e+00   6.584e-08   1.663e-07       29
      77        85   -1.438938e+05   0.000e+00   1.086e-07   8.230e-07        0
      78        86   -1.438938e+05   0.000e+00   2.081e-08   7.283e-07       23

EXIT: Primal feasible solution; terminate because the relative change in
      the objective function < 1.000000e-15 for 5 consecutive feasible iterations.
      Decrease ftol or increase ftol_iters to try for more accuracy.

Final Statistics
----------------
Final objective value               =  -1.43893821492053e+05
Final feasibility error (abs / rel) =   0.00e+00 / 0.00e+00
Final optimality error  (abs / rel) =   2.08e-08 / 2.08e-08
# of iterations                     =         78 
# of CG iterations                  =         52 
# of function evaluations           =         86
# of gradient evaluations           =         79
Total program time (secs)           =    6044.78027 (113918.789 CPU time)
Time spent in evaluations (secs)    =    5963.67871

Solution Vector
---------------
x[       0] =   6.99052083777e+00
x[       1] =   6.04470635537e+00
x[       2] =   6.05117410147e+00
x[       3] =   6.88825849750e+00
x[       4] =   7.39421555341e+00
x[       5] =   6.25581580480e+00
x[       6] =   9.44839065155e+00
x[       7] =  -2.03746721631e+00
x[       8] =  -3.65785003370e+00
x[       9] =  -3.73892324077e+00
x[      10] =  -1.14204220226e-01
x[      11] =   3.68122578820e-03
x[      12] =   1.13717528709e+00
x[      13] =   1.15133784905e+00
x[      14] =   9.50652810250e-01
x[      15] =   1.10554765758e+00
x[      16] =   8.79011009941e-01
x[      17] =   9.06615738252e-01
x[      18] =   9.17565635968e-01
x[      19] =   9.40239800133e-01
x[      20] =   8.35207595613e-01
x[      21] =   6.45495010530e-01
x[      22] =   4.29716901170e-01

===============================================================================

