
Solving from new start point (number 31 of 42) <multistart>.


=======================================
*** NO CHECK MADE FOR LICENSE ***
         Artelys Knitro 12.3.0
=======================================

Knitro presolve eliminated 0 variables and 0 constraints.

algorithm:               4
bar_maxcrossit:          3
datacheck:               0
feastol:                 1e-08
hessopt:                 2
maxtime_cpu:             9.97918e+07
maxtime_real:            9.99899e+07
opttol:                  1e-08
outlev:                  5
outmode:                 2
par_concurrent_evals:    0
The problem is identified as bound constrained only.
Knitro changing act_qpalg from AUTO to 3.
Knitro changing honorbnds from AUTO to -1.
Knitro changing linesearch from AUTO to 2.
Knitro changing linsolver from AUTO to 4.

Problem Characteristics                                 (   Presolved)
-----------------------
Objective goal:  Maximize
Objective type:  general
Number of variables:                                 23 (          23)
    bounded below only:                               0 (           0)
    bounded above only:                               0 (           0)
    bounded below and above:                         23 (          23)
    fixed:                                            0 (           0)
    free:                                             0 (           0)
Number of constraints:                                0 (           0)
    linear equalities:                                0 (           0)
    quadratic equalities:                             0 (           0)
    gen. nonlinear equalities:                        0 (           0)
    linear one-sided inequalities:                    0 (           0)
    quadratic one-sided inequalities:                 0 (           0)
    gen. nonlinear one-sided inequalities:            0 (           0)
    linear two-sided inequalities:                    0 (           0)
    quadratic two-sided inequalities:                 0 (           0)
    gen. nonlinear two-sided inequalities:            0 (           0)
Number of nonzeros in Jacobian:                       0 (           0)
Number of nonzeros in Hessian:                        0 (         276)

Knitro using the Sequential Quadratic Programming (SQP) algorithm.

  Iter     fCount     Objective      FeasError   OptError    ||Step||    CGits 
--------  --------  --------------  ----------  ----------  ----------  -------
       0         1   -1.591512e+05   0.000e+00
       1         3   -1.554920e+05   0.000e+00   3.514e+02   8.334e-01        0
       2         6   -1.521819e+05   0.000e+00   1.333e+01   2.266e-01        0
       3         9   -1.507148e+05   0.000e+00   1.595e+02   4.112e-01        0
       4        12   -1.503170e+05   0.000e+00   1.934e+01   7.262e-02        0
       5        13   -1.500042e+05   0.000e+00   6.095e+02   6.479e-01        0
       6        15   -1.491034e+05   0.000e+00   3.692e+00   6.807e-01        0
       7        16   -1.481028e+05   0.000e+00   1.138e+02   9.860e-01        0
       8        17   -1.460531e+05   0.000e+00   1.143e+02   4.432e-01        0
       9        19   -1.450486e+05   0.000e+00   7.011e+01   5.050e-01        0
      10        20   -1.445057e+05   0.000e+00   2.700e-01   5.391e-01        0
      11        21   -1.444720e+05   0.000e+00   8.500e+01   5.215e-01        0
      12        24   -1.443482e+05   0.000e+00   5.712e+01   3.976e-01        0
      13        26   -1.441088e+05   0.000e+00   4.706e+01   2.782e-01        0
      14        27   -1.440699e+05   0.000e+00   5.933e+00   2.835e-01        0
      15        28   -1.439732e+05   0.000e+00   2.319e+01   2.235e-01        0
      16        29   -1.439457e+05   0.000e+00   1.535e+00   1.695e-01        0
      17        30   -1.439330e+05   0.000e+00   8.959e+00   1.058e-01        0
      18        31   -1.439265e+05   0.000e+00   4.772e+00   7.419e-02        0
      19        32   -1.439247e+05   0.000e+00   3.954e+00   2.395e-02        0
      20        33   -1.439236e+05   0.000e+00   9.421e-01   2.063e-02        0
      21        34   -1.439233e+05   0.000e+00   1.068e+00   1.069e-02        0
      22        35   -1.439222e+05   0.000e+00   1.524e+00   4.286e-02        0
      23        36   -1.439210e+05   0.000e+00   1.401e+00   5.225e-02        0
      24        37   -1.439197e+05   0.000e+00   8.322e-01   6.735e-02        0
      25        38   -1.439189e+05   0.000e+00   1.280e-01   4.486e-02        0
      26        39   -1.439182e+05   0.000e+00   4.204e-01   3.422e-02        0
      27        40   -1.439172e+05   0.000e+00   9.040e-01   4.834e-02        0
      28        41   -1.439153e+05   0.000e+00   1.404e+00   9.928e-02        0
      29        42   -1.439123e+05   0.000e+00   1.676e+00   1.734e-01        0
      30        43   -1.439083e+05   0.000e+00   2.426e+00   3.115e-01        0
      31        44   -1.439023e+05   0.000e+00   1.493e+00   5.526e-01        0
      32        45   -1.438985e+05   0.000e+00   7.178e-01   3.000e-01        0
      33        46   -1.438966e+05   0.000e+00   3.280e-01   5.069e-02        0
      34        47   -1.438960e+05   0.000e+00   3.238e-01   3.294e-02        0
      35        48   -1.438951e+05   0.000e+00   8.559e-01   3.435e-02        0
      36        49   -1.438944e+05   0.000e+00   5.053e-01   7.389e-02        0
      37        50   -1.438940e+05   0.000e+00   2.977e-01   3.044e-02        0
      38        51   -1.438939e+05   0.000e+00   5.148e-02   1.425e-02        0
      39        52   -1.438939e+05   0.000e+00   2.936e-03   8.757e-03        0
      40        53   -1.438939e+05   0.000e+00   6.057e-03   1.811e-03        0
      41        54   -1.438938e+05   0.000e+00   3.618e-02   2.682e-03        0
      42        55   -1.438938e+05   0.000e+00   4.877e-02   1.595e-03        0
      43        56   -1.438938e+05   0.000e+00   5.901e-02   1.905e-03        0
      44        57   -1.438938e+05   0.000e+00   4.655e-02   2.273e-03        0
      45        58   -1.438938e+05   0.000e+00   2.174e-02   1.509e-03        0
      46        59   -1.438938e+05   0.000e+00   3.514e-03   6.232e-04        0
      47        60   -1.438938e+05   0.000e+00   1.189e-03   7.001e-04        0
      48        61   -1.438938e+05   0.000e+00   3.864e-03   2.058e-04        0
      49        62   -1.438938e+05   0.000e+00   5.431e-03   3.478e-04        0
      50        63   -1.438938e+05   0.000e+00   7.964e-03   8.579e-04        0
      51        64   -1.438938e+05   0.000e+00   9.902e-03   1.918e-03        0
      52        65   -1.438938e+05   0.000e+00   9.945e-03   3.395e-03        0
      53        66   -1.438938e+05   0.000e+00   6.380e-03   4.132e-03        0
      54        67   -1.438938e+05   0.000e+00   1.110e-03   3.251e-03        0
      55        68   -1.438938e+05   0.000e+00   3.854e-03   2.571e-03        0
      56        69   -1.438938e+05   0.000e+00   8.888e-03   3.857e-03        0
      57        70   -1.438938e+05   0.000e+00   1.359e-02   7.663e-03        0
      58        71   -1.438938e+05   0.000e+00   1.383e-02   1.207e-02        0
      59        72   -1.438938e+05   0.000e+00   8.194e-03   1.025e-02        0
      60        73   -1.438938e+05   0.000e+00   2.102e-03   2.488e-03        0
      61        74   -1.438938e+05   0.000e+00   1.929e-04   7.137e-04        0
      62        75   -1.438938e+05   0.000e+00   6.990e-05   6.352e-04        0
      63        76   -1.438938e+05   0.000e+00   3.393e-05   1.450e-04        0
      64        77   -1.438938e+05   0.000e+00   8.275e-05   2.260e-04        0
      65        78   -1.438938e+05   0.000e+00   4.529e-05   1.435e-04        0
      66        79   -1.438938e+05   0.000e+00   4.200e-05   1.845e-04        0
      67        80   -1.438938e+05   0.000e+00   2.678e-06   5.408e-05        0
      68        81   -1.438938e+05   0.000e+00   5.571e-06   4.758e-06        0
      69        82   -1.438938e+05   0.000e+00   4.728e-07   6.648e-12        1
      70        83   -1.438938e+05   0.000e+00   2.012e-06   8.684e-07        0
      71        84   -1.438938e+05   0.000e+00   1.381e-07   6.579e-07        0
      72        85   -1.438938e+05   0.000e+00   1.964e-07   6.379e-07        0
      73        86   -1.438938e+05   0.000e+00   3.869e-08   1.217e-12        1

EXIT: Primal feasible solution; terminate because the relative change in
      the objective function < 1.000000e-15 for 5 consecutive feasible iterations.
      Decrease ftol or increase ftol_iters to try for more accuracy.

Final Statistics
----------------
Final objective value               =  -1.43893821492054e+05
Final feasibility error (abs / rel) =   0.00e+00 / 0.00e+00
Final optimality error  (abs / rel) =   3.87e-08 / 3.87e-08
# of iterations                     =         73 
# of CG iterations                  =          2 
# of function evaluations           =         86
# of gradient evaluations           =         74
Total program time (secs)           =    6029.05908 (116946.805 CPU time)
Time spent in evaluations (secs)    =    5947.97559

Solution Vector
---------------
x[       0] =   6.99052077635e+00
x[       1] =   6.04470629176e+00
x[       2] =   6.05117404417e+00
x[       3] =   6.88825843596e+00
x[       4] =   7.39421548569e+00
x[       5] =   6.25581574601e+00
x[       6] =   9.44839056953e+00
x[       7] =  -2.03746719783e+00
x[       8] =  -3.65785000193e+00
x[       9] =  -3.73892323984e+00
x[      10] =  -1.14204221969e-01
x[      11] =   3.68122581954e-03
x[      12] =   1.13717528872e+00
x[      13] =   1.15133785042e+00
x[      14] =   9.50652812788e-01
x[      15] =   1.10554765729e+00
x[      16] =   8.79011012177e-01
x[      17] =   9.06615739072e-01
x[      18] =   9.17565635765e-01
x[      19] =   9.40239801382e-01
x[      20] =   8.35207596478e-01
x[      21] =   6.45495010720e-01
x[      22] =   4.29716900349e-01

===============================================================================

