
Solving from new start point (number 18 of 42) <multistart>.


=======================================
*** NO CHECK MADE FOR LICENSE ***
         Artelys Knitro 12.3.0
=======================================

Knitro presolve eliminated 0 variables and 0 constraints.

algorithm:               4
bar_maxcrossit:          3
datacheck:               0
feastol:                 1e-08
hessopt:                 2
maxtime_cpu:             9.99995e+07
maxtime_real:            9.99998e+07
opttol:                  1e-08
outlev:                  5
outmode:                 2
par_concurrent_evals:    0
The problem is identified as bound constrained only.
Knitro changing act_qpalg from AUTO to 3.
Knitro changing honorbnds from AUTO to -1.
Knitro changing linesearch from AUTO to 2.
Knitro changing linsolver from AUTO to 4.

Problem Characteristics                                 (   Presolved)
-----------------------
Objective goal:  Maximize
Objective type:  general
Number of variables:                                 23 (          23)
    bounded below only:                               0 (           0)
    bounded above only:                               0 (           0)
    bounded below and above:                         23 (          23)
    fixed:                                            0 (           0)
    free:                                             0 (           0)
Number of constraints:                                0 (           0)
    linear equalities:                                0 (           0)
    quadratic equalities:                             0 (           0)
    gen. nonlinear equalities:                        0 (           0)
    linear one-sided inequalities:                    0 (           0)
    quadratic one-sided inequalities:                 0 (           0)
    gen. nonlinear one-sided inequalities:            0 (           0)
    linear two-sided inequalities:                    0 (           0)
    quadratic two-sided inequalities:                 0 (           0)
    gen. nonlinear two-sided inequalities:            0 (           0)
Number of nonzeros in Jacobian:                       0 (           0)
Number of nonzeros in Hessian:                        0 (         276)

Knitro using the Sequential Quadratic Programming (SQP) algorithm.

  Iter     fCount     Objective      FeasError   OptError    ||Step||    CGits 
--------  --------  --------------  ----------  ----------  ----------  -------
       0         1   -1.583282e+05   0.000e+00
       1         4   -1.515406e+05   0.000e+00   1.598e+01   8.429e-01        0
       2         7   -1.505778e+05   0.000e+00   6.141e+02   1.536e-01        0
       3         9   -1.502800e+05   0.000e+00   1.286e+02   1.894e+00        0
       4        10   -1.488270e+05   0.000e+00   3.390e+02   2.121e+00        0
       5        12   -1.477808e+05   0.000e+00   6.334e+02   1.413e+00        0
       6        14   -1.469927e+05   0.000e+00   2.337e+02   1.371e+00        0
       7        16   -1.463100e+05   0.000e+00   2.767e+02   5.140e-01        0
       8        19   -1.448926e+05   0.000e+00   1.302e+02   5.560e-01        0
       9        21   -1.448070e+05   0.000e+00   3.959e+02   8.390e-01        0
      10        24   -1.445875e+05   0.000e+00   1.538e+02   1.972e-01        0
      11        26   -1.443642e+05   0.000e+00   9.146e+00   3.848e-01        0
      12        27   -1.442815e+05   0.000e+00   8.385e+01   3.443e-01        0
      13        29   -1.442157e+05   0.000e+00   2.014e+01   2.064e-01        0
      14        30   -1.441626e+05   0.000e+00   1.629e+01   4.852e-01        0
      15        32   -1.441231e+05   0.000e+00   4.306e+01   2.091e-01        0
      16        35   -1.440412e+05   0.000e+00   4.959e+00   2.007e-01        0
      17        36   -1.439936e+05   0.000e+00   2.986e+01   2.006e-01        0
      18        39   -1.439791e+05   0.000e+00   1.460e+01   1.037e-01        0
      19        42   -1.439456e+05   0.000e+00   8.626e+00   1.772e-01        0
      20        44   -1.439444e+05   0.000e+00   1.268e+01   1.264e-01        0
      21        45   -1.439343e+05   0.000e+00   1.220e+01   9.681e-02        0
      22        47   -1.439314e+05   0.000e+00   3.974e+00   2.680e-02        0
      23        48   -1.439293e+05   0.000e+00   3.804e-01   3.900e-02        0
      24        49   -1.439281e+05   0.000e+00   6.963e-01   2.650e-02        0
      25        50   -1.439264e+05   0.000e+00   1.061e+00   8.153e-02        0
      26        51   -1.439257e+05   0.000e+00   1.196e+00   4.070e-02        0
      27        52   -1.439240e+05   0.000e+00   6.043e+00   8.485e-02        0
      28        53   -1.439168e+05   0.000e+00   1.946e+01   4.240e-01        0
      29        54   -1.439094e+05   0.000e+00   2.691e+01   5.123e-01        0
      30        55   -1.439031e+05   0.000e+00   2.001e+01   4.907e-01        0
      31        56   -1.439004e+05   0.000e+00   7.297e+00   1.019e-01        0
      32        57   -1.438996e+05   0.000e+00   3.609e+00   4.141e-02        0
      33        58   -1.438991e+05   0.000e+00   6.531e+00   2.339e-02        0
      34        59   -1.438985e+05   0.000e+00   6.492e+00   4.937e-02        0
      35        60   -1.438983e+05   0.000e+00   1.891e+00   3.761e-02        0
      36        61   -1.438982e+05   0.000e+00   1.560e+00   3.044e-02        0
      37        62   -1.438980e+05   0.000e+00   6.138e+00   3.785e-02        0
      38        63   -1.438977e+05   0.000e+00   1.077e+01   7.313e-02        0
      39        64   -1.438970e+05   0.000e+00   1.462e+01   1.296e-01        0
      40        65   -1.438961e+05   0.000e+00   1.294e+01   1.939e-01        0
      41        66   -1.438950e+05   0.000e+00   5.861e+00   2.106e-01        0
      42        67   -1.438943e+05   0.000e+00   2.945e+00   1.544e-01        0
      43        68   -1.438940e+05   0.000e+00   5.912e+00   6.911e-02        0
      44        69   -1.438939e+05   0.000e+00   4.370e+00   2.063e-02        0
      45        70   -1.438938e+05   0.000e+00   1.396e+00   1.160e-02        0
      46        71   -1.438938e+05   0.000e+00   2.111e-01   5.666e-03        0
      47        72   -1.438938e+05   0.000e+00   4.238e-02   1.185e-03        0
      48        73   -1.438938e+05   0.000e+00   3.581e-02   7.319e-04        0
      49        74   -1.438938e+05   0.000e+00   1.662e-02   4.301e-04        0
      50        75   -1.438938e+05   0.000e+00   2.337e-03   1.146e-04        0
      51        76   -1.438938e+05   0.000e+00   1.974e-03   1.282e-04        0
      52        77   -1.438938e+05   0.000e+00   5.643e-04   5.980e-05        0
      53        78   -1.438938e+05   0.000e+00   3.261e-04   9.203e-06        0
      54        81   -1.438938e+05   0.000e+00   2.905e-04   1.146e-06        0
      55        84   -1.438938e+05   0.000e+00   2.832e-04   2.002e-07        0
      56        87   -1.438938e+05   0.000e+00   2.814e-04   5.435e-08        0
      57        88   -1.438938e+05   0.000e+00   4.123e-05   4.667e-06        0
      58        89   -1.438938e+05   0.000e+00   1.211e-05   4.439e-06        0
      59        90   -1.438938e+05   0.000e+00   5.710e-08   1.693e-11        1
      60        91   -1.438938e+05   0.000e+00   3.972e-06   3.435e-06        0
      61        92   -1.438938e+05   0.000e+00   4.300e-06   3.433e-06        0
      62        93   -1.438938e+05   0.000e+00   2.978e-06   2.455e-07       12

EXIT: Primal feasible solution; terminate because the relative change in
      the objective function < 1.000000e-15 for 5 consecutive feasible iterations.
      Decrease ftol or increase ftol_iters to try for more accuracy.

Final Statistics
----------------
Final objective value               =  -1.43893821492054e+05
Final feasibility error (abs / rel) =   0.00e+00 / 0.00e+00
Final optimality error  (abs / rel) =   2.98e-06 / 2.98e-06
# of iterations                     =         62 
# of CG iterations                  =         13 
# of function evaluations           =         93
# of gradient evaluations           =         63
Total program time (secs)           =    6139.70410 (128373.078 CPU time)
Time spent in evaluations (secs)    =    6066.50098

Solution Vector
---------------
x[       0] =   6.99052173954e+00
x[       1] =   6.04470728474e+00
x[       2] =   6.05117498606e+00
x[       3] =   6.88825939969e+00
x[       4] =   7.39421652104e+00
x[       5] =   6.25581671557e+00
x[       6] =   9.44839180093e+00
x[       7] =  -2.03746749258e+00
x[       8] =  -3.65785049754e+00
x[       9] =  -3.73892132002e+00
x[      10] =  -1.14204288544e-01
x[      11] =   3.68122643962e-03
x[      12] =   1.13717525091e+00
x[      13] =   1.15133782626e+00
x[      14] =   9.50652768522e-01
x[      15] =   1.10554761200e+00
x[      16] =   8.79010986693e-01
x[      17] =   9.06615722237e-01
x[      18] =   9.17565634150e-01
x[      19] =   9.40239798065e-01
x[      20] =   8.35207582010e-01
x[      21] =   6.45495020984e-01
x[      22] =   4.29716911981e-01

===============================================================================

