
Solving from new start point (number 13 of 42) <multistart>.


=======================================
*** NO CHECK MADE FOR LICENSE ***
         Artelys Knitro 12.3.0
=======================================

Knitro presolve eliminated 0 variables and 0 constraints.

algorithm:               4
bar_maxcrossit:          3
datacheck:               0
feastol:                 1e-08
hessopt:                 2
maxtime_cpu:             9.99995e+07
maxtime_real:            9.99998e+07
opttol:                  1e-08
outlev:                  5
outmode:                 2
par_concurrent_evals:    0
The problem is identified as bound constrained only.
Knitro changing act_qpalg from AUTO to 3.
Knitro changing honorbnds from AUTO to -1.
Knitro changing linesearch from AUTO to 2.
Knitro changing linsolver from AUTO to 4.

Problem Characteristics                                 (   Presolved)
-----------------------
Objective goal:  Maximize
Objective type:  general
Number of variables:                                 23 (          23)
    bounded below only:                               0 (           0)
    bounded above only:                               0 (           0)
    bounded below and above:                         23 (          23)
    fixed:                                            0 (           0)
    free:                                             0 (           0)
Number of constraints:                                0 (           0)
    linear equalities:                                0 (           0)
    quadratic equalities:                             0 (           0)
    gen. nonlinear equalities:                        0 (           0)
    linear one-sided inequalities:                    0 (           0)
    quadratic one-sided inequalities:                 0 (           0)
    gen. nonlinear one-sided inequalities:            0 (           0)
    linear two-sided inequalities:                    0 (           0)
    quadratic two-sided inequalities:                 0 (           0)
    gen. nonlinear two-sided inequalities:            0 (           0)
Number of nonzeros in Jacobian:                       0 (           0)
Number of nonzeros in Hessian:                        0 (         276)

Knitro using the Sequential Quadratic Programming (SQP) algorithm.

  Iter     fCount     Objective      FeasError   OptError    ||Step||    CGits 
--------  --------  --------------  ----------  ----------  ----------  -------
       0         1   -9.114635e+04   0.000e+00
       1         2   -9.024494e+04   0.000e+00   2.337e+02   5.572e-01        0
       2         5   -8.559689e+04   0.000e+00   4.088e+01   3.311e-01        0
       3         7   -8.252214e+04   0.000e+00   1.735e+00   2.993e-01        0
       4        10   -8.216986e+04   0.000e+00   3.471e+01   7.368e-02        0
       5        12   -8.208000e+04   0.000e+00   7.342e+00   3.255e-01        0
       6        13   -8.113921e+04   0.000e+00   1.282e-01   1.748e-01        0
       7        14   -8.070183e+04   0.000e+00   3.428e-01   1.542e-01        0
       8        15   -8.001828e+04   0.000e+00   2.371e+00   3.440e-01        0
       9        16   -7.978392e+04   0.000e+00   8.724e+00   1.164e-01        0
      10        17   -7.940244e+04   0.000e+00   6.236e+00   2.962e-01        0
      11        18   -7.903504e+04   0.000e+00   1.463e+00   3.798e-01        0
      12        19   -7.874719e+04   0.000e+00   1.038e+01   3.137e-01        0
      13        20   -7.860154e+04   0.000e+00   5.764e+00   1.662e-01        0
      14        21   -7.849865e+04   0.000e+00   8.194e-01   1.150e-01        0
      15        22   -7.840609e+04   0.000e+00   4.288e+00   1.197e-01        0
      16        23   -7.832690e+04   0.000e+00   5.732e+00   1.144e-01        0
      17        24   -7.827002e+04   0.000e+00   3.825e+00   9.398e-02        0
      18        25   -7.823918e+04   0.000e+00   1.782e-01   7.374e-02        0
      19        26   -7.822162e+04   0.000e+00   1.839e+00   5.761e-02        0
      20        27   -7.820182e+04   0.000e+00   3.213e+00   7.079e-02        0
      21        28   -7.817751e+04   0.000e+00   3.240e+00   9.173e-02        0
      22        29   -7.815386e+04   0.000e+00   1.941e+00   9.410e-02        0
      23        30   -7.813596e+04   0.000e+00   2.724e-01   7.219e-02        0
      24        31   -7.812272e+04   0.000e+00   1.927e+00   5.018e-02        0
      25        32   -7.811152e+04   0.000e+00   2.374e+00   4.875e-02        0
      26        33   -7.810582e+04   0.000e+00   1.176e+00   3.556e-02        0
      27        34   -7.810343e+04   0.000e+00   7.649e-02   2.095e-02        0
      28        35   -7.810155e+04   0.000e+00   7.039e-01   1.754e-02        0
      29        36   -7.809897e+04   0.000e+00   1.244e+00   2.558e-02        0
      30        37   -7.809634e+04   0.000e+00   1.262e+00   2.969e-02        0
      31        38   -7.809456e+04   0.000e+00   6.577e-01   2.309e-02        0
      32        39   -7.809351e+04   0.000e+00   7.093e-02   1.447e-02        0
      33        40   -7.809238e+04   0.000e+00   5.167e-01   1.411e-02        0
      34        41   -7.809027e+04   0.000e+00   1.077e+00   2.884e-02        0
      35        42   -7.808701e+04   0.000e+00   1.413e+00   5.226e-02        0
      36        43   -7.808346e+04   0.000e+00   8.542e-01   6.707e-02        0
      37        44   -7.808059e+04   0.000e+00   6.059e-02   5.697e-02        0
      38        45   -7.807798e+04   0.000e+00   8.707e-01   4.705e-02        0
      39        46   -7.807540e+04   0.000e+00   1.098e+00   4.630e-02        0
      40        47   -7.807321e+04   0.000e+00   1.113e+00   4.399e-02        0
      41        48   -7.807187e+04   0.000e+00   2.148e-01   3.114e-02        0
      42        49   -7.807109e+04   0.000e+00   2.904e-02   1.970e-02        0
      43        50   -7.807016e+04   0.000e+00   7.464e-01   2.115e-02        0
      44        51   -7.806831e+04   0.000e+00   9.646e-01   4.332e-02        0
      45        52   -7.806496e+04   0.000e+00   1.635e+00   8.267e-02        0
      46        53   -7.805985e+04   0.000e+00   8.672e-01   1.371e-01        0
      47        54   -7.805402e+04   0.000e+00   6.166e-01   1.590e-01        0
      48        55   -7.804902e+04   0.000e+00   9.062e-01   1.220e-01        0
      49        56   -7.804632e+04   0.000e+00   1.741e-01   4.521e-02        0
      50        57   -7.804560e+04   0.000e+00   1.055e+00   1.631e-02        0
      51        58   -7.804536e+04   0.000e+00   1.039e-01   8.811e-03        0
      52        59   -7.804528e+04   0.000e+00   5.356e-02   1.043e-02        0
      53        60   -7.804518e+04   0.000e+00   8.014e-02   1.430e-02        0
      54        61   -7.804502e+04   0.000e+00   1.249e-01   2.052e-02        0
      55        62   -7.804473e+04   0.000e+00   1.580e-01   2.880e-02        0
      56        63   -7.804429e+04   0.000e+00   1.986e-01   3.051e-02        0
      57        64   -7.804382e+04   0.000e+00   1.479e-01   2.542e-02        0
      58        65   -7.804354e+04   0.000e+00   6.378e-02   2.657e-02        0
      59        66   -7.804344e+04   0.000e+00   4.182e-02   2.059e-02        0
      60        67   -7.804339e+04   0.000e+00   4.863e-02   7.424e-03        0
      61        68   -7.804336e+04   0.000e+00   5.431e-02   2.284e-03        0
      62        69   -7.804333e+04   0.000e+00   1.581e-02   7.072e-03        0
      63        70   -7.804330e+04   0.000e+00   6.450e-03   8.743e-03        0
      64        71   -7.804325e+04   0.000e+00   4.906e-02   1.248e-02        0
      65        72   -7.804314e+04   0.000e+00   9.634e-02   1.885e-02        0
      66        73   -7.804296e+04   0.000e+00   1.394e-01   2.399e-02        0
      67        74   -7.804276e+04   0.000e+00   1.178e-01   2.381e-02        0
      68        75   -7.804265e+04   0.000e+00   4.248e-02   2.111e-02        0
      69        76   -7.804263e+04   0.000e+00   4.120e-03   1.235e-02        0
      70        77   -7.804262e+04   0.000e+00   1.938e-02   5.013e-03        0
      71        80   -7.804262e+04   0.000e+00   3.760e-03   4.170e-03        0
      72        81   -7.804259e+04   0.000e+00   9.403e-02   1.958e-02        0
      73        82   -7.804255e+04   0.000e+00   7.450e-02   7.890e-03        0
      74        83   -7.804233e+04   0.000e+00   4.642e-02   3.644e-02        0
      75        84   -7.804178e+04   0.000e+00   2.983e-02   1.547e-01        0
      76        85   -7.804174e+04   0.000e+00   2.475e-03   3.187e-02        0
      77        86   -7.804173e+04   0.000e+00   8.313e-03   4.365e-03        0
      78        87   -7.804170e+04   0.000e+00   3.115e-02   1.015e-02        0
      79        88   -7.804165e+04   0.000e+00   5.009e-02   1.477e-02        0
      80        89   -7.804154e+04   0.000e+00   6.422e-02   2.960e-02        0
      81        90   -7.804142e+04   0.000e+00   4.703e-02   3.597e-02        0
      82        91   -7.804136e+04   0.000e+00   1.097e-02   2.249e-02        0
      83        92   -7.804135e+04   0.000e+00   2.956e-03   6.915e-03        0
      84        93   -7.804135e+04   0.000e+00   6.414e-03   2.222e-03        0
      85        94   -7.804134e+04   0.000e+00   6.749e-03   1.914e-03        0
      86        95   -7.804134e+04   0.000e+00   8.883e-03   3.176e-03        0
      87        96   -7.804133e+04   0.000e+00   8.752e-03   3.740e-03        0
      88        97   -7.804131e+04   0.000e+00   6.779e-03   4.988e-03        0
      89        98   -7.804130e+04   0.000e+00   6.622e-03   9.066e-03        0
      90        99   -7.804129e+04   0.000e+00   1.897e-03   8.475e-03        0
      91       100   -7.804129e+04   0.000e+00   2.389e-03   3.059e-03        0
      92       101   -7.804129e+04   0.000e+00   2.782e-03   2.186e-03        0
      93       102   -7.804129e+04   0.000e+00   1.446e-03   2.321e-03        0
      94       103   -7.804128e+04   0.000e+00   2.787e-04   3.605e-03        0
      95       104   -7.804127e+04   0.000e+00   7.928e-04   7.893e-03        0
      96       105   -7.804124e+04   0.000e+00   3.240e-03   1.612e-02        0
      97       106   -7.804118e+04   0.000e+00   5.844e-03   3.295e-02        0
      98       107   -7.804109e+04   0.000e+00   7.326e-03   5.091e-02        0
      99       108   -7.804102e+04   0.000e+00   3.949e-03   4.466e-02        0
     100       109   -7.804100e+04   0.000e+00   2.130e-04   1.437e-02        0
     101       110   -7.804099e+04   0.000e+00   3.212e-04   6.380e-03        0
     102       111   -7.804099e+04   0.000e+00   5.353e-05   1.860e-03        0
     103       112   -7.804099e+04   0.000e+00   1.933e-04   1.382e-03        0
     104       113   -7.804099e+04   0.000e+00   3.419e-04   1.414e-03        0
     105       114   -7.804099e+04   0.000e+00   5.926e-04   1.708e-03        0
     106       115   -7.804099e+04   0.000e+00   4.638e-04   1.115e-03        0
     107       116   -7.804099e+04   0.000e+00   3.318e-04   2.666e-03        0
     108       117   -7.804099e+04   0.000e+00   7.042e-05   1.374e-03        0
     109       118   -7.804099e+04   0.000e+00   5.734e-05   2.199e-04        0
     110       119   -7.804099e+04   0.000e+00   2.109e-05   2.198e-04        0
     111       120   -7.804099e+04   0.000e+00   2.746e-06   3.623e-05       12
     112       121   -7.804099e+04   0.000e+00   1.056e-05   2.115e-04        0
     113       122   -7.804099e+04   0.000e+00   1.833e-05   1.723e-05        0
     114       123   -7.804099e+04   0.000e+00   7.079e-06   1.741e-05        0
     115       124   -7.804099e+04   0.000e+00   1.081e-05   1.609e-05        0
     116       125   -7.804099e+04   0.000e+00   1.321e-05   2.217e-05        0
     117       126   -7.804099e+04   0.000e+00   1.752e-07   1.536e-05       12
     118       127   -7.804099e+04   0.000e+00   2.884e-06   8.958e-06        0
     119       128   -7.804099e+04   0.000e+00   2.176e-06   5.602e-06        0
     120       129   -7.804099e+04   0.000e+00   1.748e-08   1.837e-07        8
     121       130   -7.804099e+04   0.000e+00   2.467e-06   5.620e-06        0
     122       131   -7.804099e+04   0.000e+00   2.218e-07   4.481e-06        0
     123       132   -7.804099e+04   0.000e+00   5.559e-07   4.451e-06        0
     124       133   -7.804099e+04   0.000e+00   3.558e-08   9.679e-13        1
     125       134   -7.804099e+04   0.000e+00   8.597e-07   5.032e-07        0
     126       135   -7.804099e+04   0.000e+00   1.355e-07   3.382e-07        9
     127       136   -7.804099e+04   0.000e+00   1.711e-08   4.661e-08        0
     128       137   -7.804099e+04   0.000e+00   3.490e-08   5.614e-08        0
     129       140   -7.804099e+04   0.000e+00   3.571e-08   2.042e-09       19
     130       141   -7.804099e+04   0.000e+00   6.986e-10   0.000e+00        2

EXIT: Locally optimal solution found.

Final Statistics
----------------
Final objective value               =  -7.80409917752488e+04
Final feasibility error (abs / rel) =   0.00e+00 / 0.00e+00
Final optimality error  (abs / rel) =   6.99e-10 / 6.99e-10
# of iterations                     =        130 
# of CG iterations                  =         63 
# of function evaluations           =        141
# of gradient evaluations           =        130
Total program time (secs)           =   10177.94238 (212884.156 CPU time)
Time spent in evaluations (secs)    =   10129.20898

Solution Vector
---------------
x[       0] =   3.27037911932e+00
x[       1] =   3.01691074874e+00
x[       2] =   2.76052884580e+00
x[       3] =   3.03165851683e+00
x[       4] =   3.21197997911e+00
x[       5] =   3.18591192099e+00
x[       6] =   3.32345575509e+00
x[       7] =  -8.37177251342e-01
x[       8] =  -2.21495478706e+00
x[       9] =  -4.32499053063e+00
x[      10] =   2.23911947367e-02
x[      11] =   1.46891067539e-03
x[      12] =   1.62377443006e+00
x[      13] =   2.60578745896e+00
x[      14] =   2.51250187367e+00
x[      15] =   2.86100083297e+00
x[      16] =   7.77307700838e-01
x[      17] =   8.38458963358e-01
x[      18] =   9.27829711669e-01
x[      19] =   9.69573527753e-01
x[      20] =   8.19622796873e-01
x[      21] =   1.11382406433e+00
x[      22] =   2.27692750754e-01

===============================================================================

