
Solving from new start point (number 4 of 42) <multistart>.


=======================================
*** NO CHECK MADE FOR LICENSE ***
         Artelys Knitro 12.3.0
=======================================

Knitro presolve eliminated 0 variables and 0 constraints.

algorithm:               4
bar_maxcrossit:          3
datacheck:               0
feastol:                 1e-08
hessopt:                 2
maxtime_cpu:             9.99995e+07
maxtime_real:            9.99998e+07
opttol:                  1e-08
outlev:                  5
outmode:                 2
par_concurrent_evals:    0
The problem is identified as bound constrained only.
Knitro changing act_qpalg from AUTO to 3.
Knitro changing honorbnds from AUTO to -1.
Knitro changing linesearch from AUTO to 2.
Knitro changing linsolver from AUTO to 4.

Problem Characteristics                                 (   Presolved)
-----------------------
Objective goal:  Maximize
Objective type:  general
Number of variables:                                 23 (          23)
    bounded below only:                               0 (           0)
    bounded above only:                               0 (           0)
    bounded below and above:                         23 (          23)
    fixed:                                            0 (           0)
    free:                                             0 (           0)
Number of constraints:                                0 (           0)
    linear equalities:                                0 (           0)
    quadratic equalities:                             0 (           0)
    gen. nonlinear equalities:                        0 (           0)
    linear one-sided inequalities:                    0 (           0)
    quadratic one-sided inequalities:                 0 (           0)
    gen. nonlinear one-sided inequalities:            0 (           0)
    linear two-sided inequalities:                    0 (           0)
    quadratic two-sided inequalities:                 0 (           0)
    gen. nonlinear two-sided inequalities:            0 (           0)
Number of nonzeros in Jacobian:                       0 (           0)
Number of nonzeros in Hessian:                        0 (         276)

Knitro using the Sequential Quadratic Programming (SQP) algorithm.

  Iter     fCount     Objective      FeasError   OptError    ||Step||    CGits 
--------  --------  --------------  ----------  ----------  ----------  -------
       0         1   -1.725456e+05   0.000e+00
       1         2   -1.498690e+05   0.000e+00   2.207e+03   4.480e+00        0
       2         3   -1.058129e+05   5.551e-17   7.199e+01   1.352e+00        0
       3         4   -9.669682e+04   0.000e+00   2.293e+00   1.547e+00        0
       4         5   -8.950617e+04   0.000e+00   8.139e+02   1.579e+00        0
       5         8   -8.453634e+04   0.000e+00   2.738e+01   5.048e-01        0
       6         9   -8.327961e+04   0.000e+00   2.686e+02   8.627e-01        0
       7        12   -8.262759e+04   0.000e+00   5.297e+02   3.452e-01        0
       8        14   -8.085983e+04   0.000e+00   2.215e+02   9.661e-01        0
       9        16   -8.011767e+04   0.000e+00   1.203e+02   2.823e-01        0
      10        18   -7.934261e+04   0.000e+00   2.346e+02   2.523e-01        0
      11        20   -7.905933e+04   0.000e+00   4.305e+01   2.872e-01        0
      12        21   -7.895051e+04   0.000e+00   2.224e+01   4.005e-01        0
      13        22   -7.866361e+04   0.000e+00   3.099e+00   2.152e-01        0
      14        23   -7.858387e+04   0.000e+00   6.060e+01   2.390e-01        0
      15        24   -7.847328e+04   0.000e+00   5.267e+01   2.064e-01        0
      16        25   -7.836003e+04   0.000e+00   3.793e+01   2.743e-01        0
      17        26   -7.825960e+04   0.000e+00   2.060e+00   1.175e-01        0
      18        27   -7.817518e+04   0.000e+00   3.245e-01   2.451e-01        0
      19        28   -7.816751e+04   0.000e+00   3.381e+01   5.669e-01        0
      20        30   -7.814330e+04   0.000e+00   5.567e+00   3.964e-01        0
      21        31   -7.809321e+04   0.000e+00   5.984e+00   4.053e-01        0
      22        34   -7.809243e+04   0.000e+00   1.195e-01   2.095e-02        0
      23        35   -7.808265e+04   0.000e+00   2.105e+01   8.703e-02        0
      24        36   -7.807540e+04   0.000e+00   1.147e+01   5.596e-02        0
      25        37   -7.806272e+04   0.000e+00   5.098e+00   1.702e-01        0
      26        38   -7.805770e+04   0.000e+00   8.366e+00   9.385e-02        0
      27        39   -7.805427e+04   0.000e+00   6.796e-01   9.019e-02        0
      28        40   -7.805342e+04   0.000e+00   1.369e+00   2.932e-02        0
      29        41   -7.805156e+04   0.000e+00   5.989e+00   8.297e-02        0
      30        42   -7.804881e+04   0.000e+00   6.821e+00   1.354e-01        0
      31        43   -7.804641e+04   0.000e+00   4.028e+00   1.551e-01        0
      32        44   -7.804547e+04   0.000e+00   1.282e+00   4.976e-02        0
      33        45   -7.804495e+04   0.000e+00   1.180e+00   1.675e-02        0
      34        46   -7.804445e+04   0.000e+00   1.992e+00   2.892e-02        0
      35        47   -7.804400e+04   0.000e+00   2.897e+00   2.373e-02        0
      36        48   -7.804371e+04   0.000e+00   1.178e+00   2.289e-02        0
      37        49   -7.804361e+04   0.000e+00   2.317e-01   2.095e-02        0
      38        50   -7.804355e+04   0.000e+00   7.414e-01   1.428e-02        0
      39        51   -7.804346e+04   0.000e+00   1.265e+00   1.914e-02        0
      40        52   -7.804336e+04   0.000e+00   1.445e+00   1.805e-02        0
      41        53   -7.804326e+04   0.000e+00   6.382e-01   1.551e-02        0
      42        54   -7.804319e+04   0.000e+00   2.562e-01   1.815e-02        0
      43        55   -7.804309e+04   0.000e+00   1.421e+00   2.495e-02        0
      44        56   -7.804290e+04   0.000e+00   2.706e+00   4.671e-02        0
      45        57   -7.804257e+04   0.000e+00   3.898e+00   8.132e-02        0
      46        58   -7.804215e+04   0.000e+00   3.591e+00   1.061e-01        0
      47        59   -7.804184e+04   0.000e+00   1.775e+00   7.570e-02        0
      48        60   -7.804170e+04   0.000e+00   1.098e-01   2.901e-02        0
      49        61   -7.804160e+04   0.000e+00   1.159e+00   1.552e-02        0
      50        62   -7.804148e+04   0.000e+00   1.955e+00   1.874e-02        0
      51        63   -7.804136e+04   0.000e+00   1.750e+00   2.865e-02        0
      52        64   -7.804130e+04   0.000e+00   8.676e-01   2.824e-02        0
      53        65   -7.804128e+04   0.000e+00   1.770e-01   1.119e-02        0
      54        66   -7.804127e+04   0.000e+00   1.458e-01   5.212e-03        0
      55        67   -7.804125e+04   0.000e+00   5.736e-01   6.536e-03        0
      56        68   -7.804122e+04   0.000e+00   8.291e-01   1.110e-02        0
      57        69   -7.804118e+04   0.000e+00   7.022e-01   1.807e-02        0
      58        70   -7.804115e+04   0.000e+00   1.572e-01   1.692e-02        0
      59        71   -7.804113e+04   0.000e+00   3.204e-01   1.214e-02        0
      60        72   -7.804111e+04   0.000e+00   7.311e-01   1.159e-02        0
      61        73   -7.804108e+04   0.000e+00   1.064e+00   1.874e-02        0
      62        74   -7.804104e+04   0.000e+00   1.020e+00   2.367e-02        0
      63        75   -7.804101e+04   0.000e+00   5.107e-01   1.723e-02        0
      64        76   -7.804100e+04   0.000e+00   6.110e-02   5.507e-03        0
      65        77   -7.804100e+04   0.000e+00   1.208e-01   2.430e-03        0
      66        78   -7.804100e+04   0.000e+00   2.262e-01   2.080e-03        0
      67        79   -7.804099e+04   0.000e+00   2.127e-01   2.272e-03        0
      68        80   -7.804099e+04   0.000e+00   9.676e-02   3.421e-03        0
      69        81   -7.804099e+04   0.000e+00   1.411e-02   2.008e-03        0
      70        82   -7.804099e+04   0.000e+00   5.237e-05   3.926e-04        0
      71        83   -7.804099e+04   0.000e+00   9.978e-04   4.643e-05        0
      72        84   -7.804099e+04   0.000e+00   6.441e-04   1.689e-05        0
      73        85   -7.804099e+04   0.000e+00   3.534e-04   3.411e-05        0
      74        86   -7.804099e+04   0.000e+00   5.307e-05   2.646e-05        0
      75        87   -7.804099e+04   0.000e+00   1.882e-05   1.018e-05        0
      76        88   -7.804099e+04   0.000e+00   1.133e-05   1.077e-05        0
      77        89   -7.804099e+04   0.000e+00   2.093e-05   7.200e-06       15
      78        90   -7.804099e+04   0.000e+00   2.076e-04   1.794e-04        0
      79        91   -7.804099e+04   0.000e+00   2.173e-06   1.762e-04        0
      80        92   -7.804099e+04   0.000e+00   2.225e-06   1.433e-06        0
      81        93   -7.804099e+04   0.000e+00   6.753e-07   1.432e-06        0
      82        94   -7.804099e+04   0.000e+00   2.598e-07   9.621e-07        0
      83        95   -7.804099e+04   0.000e+00   1.840e-06   9.600e-07        0
      84        96   -7.804099e+04   0.000e+00   2.419e-06   3.032e-08        6
      85        97   -7.804099e+04   0.000e+00   7.868e-06   9.615e-07        0

EXIT: Primal feasible solution; terminate because the relative change in
      the objective function < 1.000000e-15 for 5 consecutive feasible iterations.
      Decrease ftol or increase ftol_iters to try for more accuracy.

Final Statistics
----------------
Final objective value               =  -7.80409917752488e+04
Final feasibility error (abs / rel) =   0.00e+00 / 0.00e+00
Final optimality error  (abs / rel) =   7.87e-06 / 7.87e-06
# of iterations                     =         85 
# of CG iterations                  =         21 
# of function evaluations           =         97
# of gradient evaluations           =         86
Total program time (secs)           =    6776.22900 (141733.000 CPU time)
Time spent in evaluations (secs)    =    6760.24219

Solution Vector
---------------
x[       0] =   3.27037912245e+00
x[       1] =   3.01691083167e+00
x[       2] =   2.76052879687e+00
x[       3] =   3.03165841055e+00
x[       4] =   3.21198002844e+00
x[       5] =   3.18591193622e+00
x[       6] =   3.32345568178e+00
x[       7] =  -8.37177252654e-01
x[       8] =  -2.21495479122e+00
x[       9] =  -4.32499050403e+00
x[      10] =   2.23911862953e-02
x[      11] =   1.46891084531e-03
x[      12] =   1.62377443023e+00
x[      13] =   2.60578746107e+00
x[      14] =   2.51250188622e+00
x[      15] =   2.86100083432e+00
x[      16] =   7.77307673039e-01
x[      17] =   8.38458981255e-01
x[      18] =   9.27829758329e-01
x[      19] =   9.69573504426e-01
x[      20] =   8.19622792433e-01
x[      21] =   1.11382410214e+00
x[      22] =   2.27692755164e-01

===============================================================================

