
Solving from new start point (number 29 of 42) <multistart>.


=======================================
*** NO CHECK MADE FOR LICENSE ***
         Artelys Knitro 12.3.0
=======================================

Knitro presolve eliminated 0 variables and 0 constraints.

algorithm:               4
bar_maxcrossit:          3
datacheck:               0
feastol:                 1e-08
hessopt:                 2
maxtime_cpu:             9.97861e+07
maxtime_real:            9.99896e+07
opttol:                  1e-08
outlev:                  5
outmode:                 2
par_concurrent_evals:    0
The problem is identified as bound constrained only.
Knitro changing act_qpalg from AUTO to 3.
Knitro changing honorbnds from AUTO to -1.
Knitro changing linesearch from AUTO to 2.
Knitro changing linsolver from AUTO to 4.

Problem Characteristics                                 (   Presolved)
-----------------------
Objective goal:  Maximize
Objective type:  general
Number of variables:                                 23 (          23)
    bounded below only:                               0 (           0)
    bounded above only:                               0 (           0)
    bounded below and above:                         23 (          23)
    fixed:                                            0 (           0)
    free:                                             0 (           0)
Number of constraints:                                0 (           0)
    linear equalities:                                0 (           0)
    quadratic equalities:                             0 (           0)
    gen. nonlinear equalities:                        0 (           0)
    linear one-sided inequalities:                    0 (           0)
    quadratic one-sided inequalities:                 0 (           0)
    gen. nonlinear one-sided inequalities:            0 (           0)
    linear two-sided inequalities:                    0 (           0)
    quadratic two-sided inequalities:                 0 (           0)
    gen. nonlinear two-sided inequalities:            0 (           0)
Number of nonzeros in Jacobian:                       0 (           0)
Number of nonzeros in Hessian:                        0 (         276)

Knitro using the Sequential Quadratic Programming (SQP) algorithm.

  Iter     fCount     Objective      FeasError   OptError    ||Step||    CGits 
--------  --------  --------------  ----------  ----------  ----------  -------
       0         1   -2.311717e+05   0.000e+00
       1         2   -9.334218e+04   0.000e+00   4.343e+00   5.309e-01        0
       2         4   -9.290392e+04   0.000e+00   7.274e+00   4.339e-02        0
       3         6   -8.602833e+04   0.000e+00   3.238e-02   6.042e-01        0
       4         7   -8.458108e+04   0.000e+00   6.465e-03   1.255e-01        0
       5         8   -8.440284e+04   0.000e+00   7.977e-03   6.240e-02        0
       6         9   -8.426514e+04   0.000e+00   7.976e-03   3.786e-02        0
       7        10   -8.326655e+04   0.000e+00   8.663e+00   3.172e-01        0
       8        11   -8.228018e+04   0.000e+00   3.467e+00   3.539e-01        0
       9        12   -8.183638e+04   0.000e+00   2.094e+00   2.438e-01        0
      10        13   -8.170294e+04   0.000e+00   1.041e+00   8.453e-02        0
      11        14   -8.151992e+04   0.000e+00   4.153e+00   1.406e-01        0
      12        15   -8.130690e+04   0.000e+00   5.922e+00   6.044e-02        0
      13        16   -8.087895e+04   0.000e+00   5.771e+00   1.956e-01        0
      14        17   -8.072758e+04   0.000e+00   3.659e+00   5.100e-02        0
      15        18   -8.063192e+04   0.000e+00   2.925e+00   8.334e-02        0
      16        19   -8.059908e+04   0.000e+00   1.464e+00   2.084e-02        0
      17        20   -8.055182e+04   0.000e+00   4.743e-02   2.984e-02        0
      18        21   -8.039949e+04   0.000e+00   1.547e+00   1.547e-01        0
      19        22   -8.031768e+04   0.000e+00   2.134e+00   1.377e-01        0
      20        23   -8.027089e+04   0.000e+00   1.558e+00   8.455e-02        0
      21        24   -8.023017e+04   0.000e+00   6.222e-01   7.047e-02        0
      22        25   -8.019574e+04   0.000e+00   4.793e-01   6.185e-02        0
      23        26   -8.014930e+04   0.000e+00   1.550e+00   6.934e-02        0
      24        27   -8.004045e+04   0.000e+00   3.202e+00   1.328e-01        0
      25        28   -7.979386e+04   0.000e+00   5.066e+00   2.933e-01        0
      26        29   -7.938283e+04   0.000e+00   5.840e+00   5.610e-01        0
      27        30   -7.905623e+04   0.000e+00   4.472e+00   4.480e-01        0
      28        31   -7.891005e+04   0.000e+00   1.512e+00   1.129e-01        0
      29        32   -7.884853e+04   0.000e+00   3.031e-01   5.827e-02        0
      30        33   -7.880180e+04   0.000e+00   2.692e+00   3.910e-02        0
      31        34   -7.873523e+04   0.000e+00   3.731e+00   6.924e-02        0
      32        35   -7.857484e+04   0.000e+00   4.648e+00   2.220e-01        0
      33        36   -7.846305e+04   0.000e+00   2.962e+00   1.387e-01        0
      34        37   -7.841054e+04   0.000e+00   5.250e-01   4.422e-02        0
      35        38   -7.840376e+04   0.000e+00   1.232e-02   2.400e-02        0
      36        39   -7.840055e+04   0.000e+00   4.233e-01   7.279e-03        0
      37        40   -7.839296e+04   0.000e+00   8.008e-01   2.675e-02        0
      38        41   -7.837513e+04   0.000e+00   1.329e+00   5.414e-02        0
      39        42   -7.834698e+04   0.000e+00   1.608e+00   7.996e-02        0
      40        43   -7.831735e+04   0.000e+00   1.116e+00   8.805e-02        0
      41        44   -7.829772e+04   0.000e+00   1.568e-01   6.340e-02        0
      42        45   -7.828788e+04   0.000e+00   5.655e-01   3.059e-02        0
      43        46   -7.827480e+04   0.000e+00   9.880e-01   3.363e-02        0
      44        47   -7.824373e+04   0.000e+00   1.359e+00   6.862e-02        0
      45        48   -7.820285e+04   0.000e+00   1.295e+00   1.014e-01        0
      46        49   -7.816796e+04   0.000e+00   6.829e-01   1.151e-01        0
      47        50   -7.815636e+04   0.000e+00   2.154e-01   7.181e-02        0
      48        51   -7.815437e+04   0.000e+00   1.040e-01   1.903e-02        0
      49        52   -7.815330e+04   0.000e+00   1.216e-01   1.432e-02        0
      50        53   -7.815215e+04   0.000e+00   9.098e-02   3.695e-03        0
      51        54   -7.814661e+04   0.000e+00   2.455e-02   1.994e-02        0
      52        55   -7.814253e+04   0.000e+00   1.640e-02   2.715e-02        0
      53        56   -7.814138e+04   0.000e+00   8.121e-03   1.178e-02        0
      54        57   -7.814067e+04   0.000e+00   3.250e-03   7.423e-03        0
      55        58   -7.813971e+04   0.000e+00   2.579e-02   7.419e-03        0
      56        59   -7.813730e+04   0.000e+00   5.546e-02   1.656e-02        0
      57        60   -7.813270e+04   0.000e+00   9.051e-02   3.170e-02        0
      58        61   -7.812631e+04   0.000e+00   8.418e-02   4.847e-02        0
      59        62   -7.812184e+04   0.000e+00   4.453e-02   3.693e-02        0
      60        63   -7.812038e+04   0.000e+00   4.999e-03   1.134e-02        0
      61        64   -7.812014e+04   0.000e+00   6.158e-03   5.090e-03        0
      62        65   -7.812000e+04   0.000e+00   1.324e-02   2.738e-03        0
      63        66   -7.811950e+04   0.000e+00   2.329e-02   6.182e-03        0
      64        67   -7.811839e+04   0.000e+00   3.997e-02   1.050e-02        0
      65        68   -7.811572e+04   0.000e+00   6.122e-02   2.635e-02        0
      66        69   -7.811074e+04   0.000e+00   9.145e-02   5.763e-02        0
      67        70   -7.810449e+04   0.000e+00   1.088e-01   8.984e-02        0
      68        71   -7.810053e+04   0.000e+00   6.314e-02   6.756e-02        0
      69        72   -7.809906e+04   0.000e+00   4.991e-04   2.149e-02        0
      70        73   -7.809842e+04   0.000e+00   1.282e-02   7.358e-03        0
      71        74   -7.809744e+04   0.000e+00   1.676e-02   7.607e-03        0
      72        75   -7.809554e+04   0.000e+00   1.547e-02   1.527e-02        0
      73        76   -7.809313e+04   0.000e+00   9.009e-03   3.221e-02        0
      74        77   -7.809154e+04   0.000e+00   1.978e-04   3.707e-02        0
      75        78   -7.809109e+04   0.000e+00   2.282e-03   1.733e-02        0
      76        79   -7.809096e+04   0.000e+00   7.227e-03   4.878e-03        0
      77        80   -7.809077e+04   0.000e+00   1.159e-02   4.747e-03        0
      78        81   -7.809028e+04   0.000e+00   1.771e-02   9.261e-03        0
      79        82   -7.808907e+04   0.000e+00   2.465e-02   2.105e-02        0
      80        83   -7.808610e+04   0.000e+00   3.007e-02   5.070e-02        0
      81        84   -7.807979e+04   0.000e+00   1.819e-02   1.108e-01        0
      82        85   -7.807020e+04   0.000e+00   3.486e-02   1.811e-01        0
      83        86   -7.806243e+04   0.000e+00   3.665e-02   1.442e-01        0
      84        87   -7.805909e+04   0.000e+00   4.893e-02   3.536e-02        0
      85        88   -7.805851e+04   0.000e+00   2.478e-02   1.740e-02        0
      86        89   -7.805846e+04   0.000e+00   8.449e-03   9.338e-03        0
      87        90   -7.805841e+04   0.000e+00   8.087e-03   5.832e-03        0
      88        91   -7.805830e+04   0.000e+00   3.080e-02   6.467e-03        0
      89        92   -7.805802e+04   0.000e+00   6.667e-02   9.803e-03        0
      90        93   -7.805740e+04   0.000e+00   1.143e-01   1.339e-02        0
      91        94   -7.805590e+04   0.000e+00   1.803e-01   2.866e-02        0
      92        95   -7.805295e+04   0.000e+00   2.411e-01   6.844e-02        0
      93        96   -7.804900e+04   0.000e+00   2.473e-01   1.157e-01        0
      94        97   -7.804598e+04   0.000e+00   1.590e-01   1.050e-01        0
      95        98   -7.804475e+04   0.000e+00   4.608e-02   5.416e-02        0
      96        99   -7.804462e+04   0.000e+00   4.242e-03   1.501e-02        0
      97       100   -7.804460e+04   0.000e+00   3.106e-03   2.355e-03        0
      98       101   -7.804457e+04   0.000e+00   1.826e-02   3.965e-03        0
      99       102   -7.804448e+04   0.000e+00   3.594e-02   5.529e-03        0
     100       103   -7.804428e+04   0.000e+00   6.275e-02   9.164e-03        0
     101       104   -7.804385e+04   0.000e+00   8.849e-02   1.778e-02        0
     102       105   -7.804312e+04   0.000e+00   1.004e-01   3.181e-02        0
     103       106   -7.804240e+04   0.000e+00   6.870e-02   4.091e-02        0
     104       107   -7.804206e+04   0.000e+00   3.526e-02   2.415e-02        0
     105       108   -7.804199e+04   0.000e+00   1.219e-03   6.926e-03        0
     106       109   -7.804198e+04   0.000e+00   3.321e-03   4.602e-03        0
     107       110   -7.804198e+04   0.000e+00   1.221e-03   1.159e-03        0
     108       111   -7.804198e+04   0.000e+00   1.232e-03   4.690e-04        0
     109       112   -7.804198e+04   0.000e+00   1.064e-03   7.129e-04        0
     110       113   -7.804198e+04   0.000e+00   9.322e-04   8.803e-04        0
     111       114   -7.804197e+04   0.000e+00   5.118e-04   1.728e-03        0
     112       115   -7.804195e+04   0.000e+00   1.579e-04   3.328e-03        0
     113       116   -7.804193e+04   0.000e+00   1.097e-03   5.566e-03        0
     114       117   -7.804189e+04   0.000e+00   1.547e-03   7.870e-03        0
     115       118   -7.804186e+04   0.000e+00   9.402e-04   6.526e-03        0
     116       119   -7.804185e+04   0.000e+00   1.087e-04   2.341e-03        0
     117       120   -7.804185e+04   0.000e+00   1.771e-04   1.079e-03        0
     118       121   -7.804185e+04   0.000e+00   7.217e-05   8.836e-04        0
     119       122   -7.804185e+04   0.000e+00   9.216e-05   3.976e-04        0
     120       123   -7.804185e+04   0.000e+00   3.498e-04   3.347e-04        0
     121       124   -7.804185e+04   0.000e+00   1.004e-03   9.003e-04        0
     122       125   -7.804184e+04   0.000e+00   1.767e-03   1.802e-03        0
     123       126   -7.804182e+04   0.000e+00   2.713e-03   4.475e-03        0
     124       127   -7.804178e+04   0.000e+00   3.900e-03   1.117e-02        0
     125       128   -7.804170e+04   0.000e+00   4.551e-03   2.358e-02        0
     126       129   -7.804160e+04   0.000e+00   3.804e-03   3.477e-02        0
     127       130   -7.804154e+04   0.000e+00   2.169e-03   2.567e-02        0
     128       131   -7.804153e+04   0.000e+00   6.347e-04   5.101e-03        0
     129       132   -7.804153e+04   0.000e+00   2.946e-04   2.442e-03        0
     130       133   -7.804152e+04   0.000e+00   1.465e-04   1.843e-03        0
     131       134   -7.804152e+04   0.000e+00   8.400e-04   2.235e-03        0
     132       135   -7.804151e+04   0.000e+00   2.291e-03   4.780e-03        0
     133       136   -7.804150e+04   0.000e+00   3.874e-03   4.903e-03        0
     134       137   -7.804146e+04   0.000e+00   4.897e-03   6.104e-03        0
     135       138   -7.804139e+04   0.000e+00   7.872e-03   1.283e-02        0
     136       139   -7.804124e+04   0.000e+00   8.342e-03   4.871e-02        0
     137       140   -7.804112e+04   0.000e+00   5.526e-03   6.448e-02        0
     138       141   -7.804107e+04   0.000e+00   1.331e-03   4.300e-02        0
     139       142   -7.804107e+04   0.000e+00   2.920e-04   7.365e-03        0
     140       144   -7.804107e+04   0.000e+00   4.301e-04   3.275e-03        0
     141       145   -7.804107e+04   0.000e+00   2.737e-04   4.110e-03        0
     142       146   -7.804107e+04   0.000e+00   9.359e-06   3.599e-03        0
     143       147   -7.804107e+04   0.000e+00   4.109e-05   5.433e-04        0
     144       148   -7.804106e+04   0.000e+00   2.443e-04   5.877e-04        0
     145       149   -7.804105e+04   0.000e+00   5.779e-04   2.088e-03        0
     146       150   -7.804103e+04   0.000e+00   1.028e-03   1.185e-02        0
     147       151   -7.804102e+04   0.000e+00   6.265e-04   8.671e-03        0
     148       154   -7.804102e+04   0.000e+00   6.031e-04   3.325e-04        0
     149       155   -7.804102e+04   0.000e+00   2.104e-04   6.413e-05        0
     150       156   -7.804102e+04   0.000e+00   1.704e-04   6.399e-05        0
     151       157   -7.804102e+04   0.000e+00   3.056e-04   6.387e-05        0
     152       158   -7.804102e+04   0.000e+00   2.649e-04   6.461e-05        0
     153       159   -7.804102e+04   0.000e+00   1.435e-04   6.511e-05        0
     154       160   -7.804102e+04   0.000e+00   1.294e-04   6.730e-05        0
     155       161   -7.804102e+04   0.000e+00   2.748e-04   1.726e-04        0
     156       162   -7.804102e+04   0.000e+00   7.057e-04   2.324e-04        0
     157       163   -7.804102e+04   0.000e+00   2.543e-03   1.297e-03        0
     158       164   -7.804102e+04   0.000e+00   4.298e-03   2.399e-03        0
     159       165   -7.804101e+04   0.000e+00   6.803e-03   6.216e-03        0
     160       166   -7.804101e+04   0.000e+00   8.820e-03   1.193e-02        0
     161       167   -7.804100e+04   0.000e+00   8.066e-03   1.680e-02        0
     162       168   -7.804099e+04   0.000e+00   3.955e-03   1.107e-02        0
     163       170   -7.804099e+04   0.000e+00   1.960e-03   5.534e-03        0
     164       171   -7.804099e+04   0.000e+00   4.995e-04   3.776e-03        0
     165       172   -7.804099e+04   0.000e+00   1.985e-04   3.532e-03        0
     166       174   -7.804099e+04   0.000e+00   9.912e-05   1.766e-03        0
     167       175   -7.804099e+04   0.000e+00   4.713e-07   1.123e-09        1
     168       176   -7.804099e+04   0.000e+00   2.558e-07   9.086e-04        0
     169       177   -7.804099e+04   0.000e+00   4.409e-08   8.875e-05        0
     170       178   -7.804099e+04   0.000e+00   3.395e-08   7.372e-05        0
     171       179   -7.804099e+04   0.000e+00   4.645e-09   7.372e-05        0

EXIT: Locally optimal solution found.

Final Statistics
----------------
Final objective value               =  -7.80409917753185e+04
Final feasibility error (abs / rel) =   0.00e+00 / 0.00e+00
Final optimality error  (abs / rel) =   4.65e-09 / 4.65e-09
# of iterations                     =        171 
# of CG iterations                  =          1 
# of function evaluations           =        179
# of gradient evaluations           =        172
Total program time (secs)           =   11924.17871 (229596.469 CPU time)
Time spent in evaluations (secs)    =   11846.44531

Solution Vector
---------------
x[       0] =   3.27036810195e+00
x[       1] =   3.01689846105e+00
x[       2] =   2.76051712724e+00
x[       3] =   3.03164638499e+00
x[       4] =   3.21196782202e+00
x[       5] =   3.18589997231e+00
x[       6] =   3.32344276173e+00
x[       7] =  -8.37174993019e-01
x[       8] =  -2.21495043565e+00
x[       9] =  -4.32492590848e+00
x[      10] =   2.23883376039e-02
x[      11] =   1.46894228868e-03
x[      12] =   1.62377663451e+00
x[      13] =   2.60579012117e+00
x[      14] =   2.51250157741e+00
x[      15] =   2.86099928918e+00
x[      16] =   7.77308542626e-01
x[      17] =   8.38459892545e-01
x[      18] =   9.27830619010e-01
x[      19] =   9.69574391938e-01
x[      20] =   8.19623535178e-01
x[      21] =   1.11382521556e+00
x[      22] =   2.27692207618e-01

===============================================================================

