
Solving from new start point (number 3 of 42) <multistart>.


=======================================
*** NO CHECK MADE FOR LICENSE ***
         Artelys Knitro 12.3.0
=======================================

Knitro presolve eliminated 0 variables and 0 constraints.

algorithm:               4
bar_maxcrossit:          3
datacheck:               0
feastol:                 1e-08
hessopt:                 2
maxtime_cpu:             9.99995e+07
maxtime_real:            9.99998e+07
opttol:                  1e-08
outlev:                  5
outmode:                 2
par_concurrent_evals:    0
The problem is identified as bound constrained only.
Knitro changing act_qpalg from AUTO to 3.
Knitro changing honorbnds from AUTO to -1.
Knitro changing linesearch from AUTO to 2.
Knitro changing linsolver from AUTO to 4.

Problem Characteristics                                 (   Presolved)
-----------------------
Objective goal:  Maximize
Objective type:  general
Number of variables:                                 23 (          23)
    bounded below only:                               0 (           0)
    bounded above only:                               0 (           0)
    bounded below and above:                         23 (          23)
    fixed:                                            0 (           0)
    free:                                             0 (           0)
Number of constraints:                                0 (           0)
    linear equalities:                                0 (           0)
    quadratic equalities:                             0 (           0)
    gen. nonlinear equalities:                        0 (           0)
    linear one-sided inequalities:                    0 (           0)
    quadratic one-sided inequalities:                 0 (           0)
    gen. nonlinear one-sided inequalities:            0 (           0)
    linear two-sided inequalities:                    0 (           0)
    quadratic two-sided inequalities:                 0 (           0)
    gen. nonlinear two-sided inequalities:            0 (           0)
Number of nonzeros in Jacobian:                       0 (           0)
Number of nonzeros in Hessian:                        0 (         276)

Knitro using the Sequential Quadratic Programming (SQP) algorithm.

  Iter     fCount     Objective      FeasError   OptError    ||Step||    CGits 
--------  --------  --------------  ----------  ----------  ----------  -------
       0         1   -1.350423e+05   0.000e+00
       1         2   -9.589202e+04   0.000e+00   4.242e+01   4.838e-01        0
       2         3   -8.935017e+04   0.000e+00   9.319e+00   8.815e-02        0
       3         6   -8.851302e+04   0.000e+00   1.651e+01   1.033e-01        0
       4         7   -8.797935e+04   0.000e+00   2.855e+01   4.396e-01        0
       5         8   -8.522339e+04   0.000e+00   1.666e+01   2.958e-01        0
       6         9   -8.410535e+04   0.000e+00   4.863e+00   6.284e-02        0
       7        10   -8.370579e+04   0.000e+00   7.916e+00   7.295e-02        0
       8        11   -8.338481e+04   0.000e+00   5.993e+00   4.403e-02        0
       9        12   -8.333522e+04   0.000e+00   3.905e+00   2.496e-01        0
      10        13   -8.239792e+04   0.000e+00   2.592e+00   9.746e-02        0
      11        14   -8.196134e+04   0.000e+00   1.672e+00   9.322e-02        0
      12        15   -8.104081e+04   0.000e+00   2.007e+00   4.099e-01        0
      13        16   -8.095659e+04   0.000e+00   1.703e-01   5.333e-02        0
      14        17   -8.079251e+04   0.000e+00   1.513e+00   1.085e-01        0
      15        18   -8.057988e+04   0.000e+00   3.259e+00   1.282e-01        0
      16        19   -8.037545e+04   0.000e+00   2.955e+00   1.059e-01        0
      17        20   -8.020665e+04   0.000e+00   2.341e+00   8.344e-02        0
      18        21   -8.006647e+04   0.000e+00   2.451e-02   7.752e-02        0
      19        22   -7.995959e+04   0.000e+00   1.805e+00   6.630e-02        0
      20        23   -7.987401e+04   0.000e+00   2.064e+00   4.327e-02        0
      21        24   -7.980505e+04   0.000e+00   5.980e-02   3.873e-02        0
      22        25   -7.974958e+04   0.000e+00   1.192e+00   2.977e-02        0
      23        26   -7.961858e+04   0.000e+00   2.913e+00   9.216e-02        0
      24        27   -7.948502e+04   0.000e+00   2.104e+00   1.312e-01        0
      25        28   -7.940678e+04   0.000e+00   8.418e-01   1.156e-01        0
      26        29   -7.937279e+04   0.000e+00   4.085e-01   4.396e-02        0
      27        30   -7.931708e+04   0.000e+00   1.228e+00   6.487e-02        0
      28        31   -7.922080e+04   0.000e+00   3.007e+00   1.038e-01        0
      29        32   -7.904194e+04   0.000e+00   5.033e+00   2.045e-01        0
      30        33   -7.886216e+04   0.000e+00   5.822e+00   2.146e-01        0
      31        34   -7.871801e+04   0.000e+00   2.422e+00   1.579e-01        0
      32        35   -7.868195e+04   0.000e+00   5.675e-01   3.652e-02        0
      33        36   -7.867392e+04   0.000e+00   2.919e-01   1.990e-02        0
      34        37   -7.864364e+04   0.000e+00   7.542e-01   2.854e-02        0
      35        38   -7.853889e+04   0.000e+00   1.051e+00   1.332e-01        0
      36        39   -7.836267e+04   0.000e+00   1.158e+00   3.278e-01        0
      37        40   -7.825567e+04   0.000e+00   1.304e+00   2.718e-01        0
      38        41   -7.820927e+04   0.000e+00   5.414e-01   6.665e-02        0
      39        42   -7.820050e+04   0.000e+00   4.261e-02   3.340e-02        0
      40        43   -7.819443e+04   0.000e+00   3.566e-01   1.165e-02        0
      41        44   -7.816752e+04   0.000e+00   1.039e+00   4.744e-02        0
      42        45   -7.813891e+04   0.000e+00   1.504e+00   6.280e-02        0
      43        46   -7.811132e+04   0.000e+00   9.381e-01   7.764e-02        0
      44        47   -7.810384e+04   0.000e+00   3.391e-01   3.240e-02        0
      45        48   -7.810220e+04   0.000e+00   1.265e-01   1.151e-02        0
      46        49   -7.810065e+04   0.000e+00   3.607e-01   5.312e-03        0
      47        50   -7.809496e+04   0.000e+00   8.763e-01   1.848e-02        0
      48        51   -7.808626e+04   0.000e+00   1.206e+00   3.455e-02        0
      49        52   -7.807627e+04   0.000e+00   1.026e+00   5.207e-02        0
      50        53   -7.807144e+04   0.000e+00   4.283e-01   3.769e-02        0
      51        54   -7.807038e+04   0.000e+00   4.925e-02   1.068e-02        0
      52        55   -7.807006e+04   0.000e+00   8.045e-02   3.907e-03        0
      53        56   -7.806951e+04   0.000e+00   2.170e-01   4.889e-03        0
      54        57   -7.806831e+04   0.000e+00   3.759e-01   9.197e-03        0
      55        58   -7.806634e+04   0.000e+00   4.698e-01   1.700e-02        0
      56        59   -7.806440e+04   0.000e+00   3.580e-01   2.270e-02        0
      57        60   -7.806346e+04   0.000e+00   1.219e-01   1.558e-02        0
      58        61   -7.806318e+04   0.000e+00   1.625e-02   5.671e-03        0
      59        62   -7.806292e+04   0.000e+00   1.039e-01   3.801e-03        0
      60        63   -7.806229e+04   0.000e+00   2.322e-01   7.559e-03        0
      61        64   -7.806100e+04   0.000e+00   3.767e-01   1.518e-02        0
      62        65   -7.805877e+04   0.000e+00   4.644e-01   2.871e-02        0
      63        66   -7.805654e+04   0.000e+00   3.577e-01   3.440e-02        0
      64        67   -7.805551e+04   0.000e+00   1.300e-01   1.879e-02        0
      65        68   -7.805531e+04   0.000e+00   7.075e-03   4.827e-03        0
      66        69   -7.805525e+04   0.000e+00   2.458e-02   2.424e-03        0
      67        70   -7.805514e+04   0.000e+00   6.126e-02   3.316e-03        0
      68        71   -7.805489e+04   0.000e+00   1.063e-01   4.768e-03        0
      69        72   -7.805442e+04   0.000e+00   1.430e-01   8.177e-03        0
      70        73   -7.805383e+04   0.000e+00   1.318e-01   1.462e-02        0
      71        74   -7.805343e+04   0.000e+00   6.324e-02   1.574e-02        0
      72        75   -7.805327e+04   0.000e+00   1.234e-03   8.505e-03        0
      73        76   -7.805318e+04   0.000e+00   3.329e-02   4.073e-03        0
      74        77   -7.805299e+04   0.000e+00   7.739e-02   5.976e-03        0
      75        78   -7.805256e+04   0.000e+00   1.349e-01   1.164e-02        0
      76        79   -7.805168e+04   0.000e+00   1.919e-01   2.322e-02        0
      77        80   -7.805044e+04   0.000e+00   2.006e-01   3.601e-02        0
      78        81   -7.804947e+04   0.000e+00   1.263e-01   3.190e-02        0
      79        82   -7.804916e+04   0.000e+00   3.341e-02   1.131e-02        0
      80        83   -7.804911e+04   0.000e+00   2.194e-03   4.309e-03        0
      81        84   -7.804910e+04   0.000e+00   1.084e-02   2.125e-03        0
      82        85   -7.804905e+04   0.000e+00   2.663e-02   4.252e-03        0
      83        86   -7.804894e+04   0.000e+00   4.757e-02   5.400e-03        0
      84        87   -7.804865e+04   0.000e+00   7.939e-02   9.224e-03        0
      85        88   -7.804804e+04   0.000e+00   1.151e-01   1.964e-02        0
      86        89   -7.804698e+04   0.000e+00   1.338e-01   4.315e-02        0
      87        90   -7.804584e+04   0.000e+00   9.996e-02   6.305e-02        0
      88        91   -7.804529e+04   0.000e+00   3.742e-02   4.567e-02        0
      89        92   -7.804520e+04   0.000e+00   6.006e-03   1.131e-02        0
      90        93   -7.804519e+04   0.000e+00   5.670e-05   3.116e-03        0
      91        94   -7.804519e+04   0.000e+00   1.860e-03   1.937e-03        0
      92        95   -7.804518e+04   0.000e+00   5.127e-03   3.208e-03        0
      93        96   -7.804515e+04   0.000e+00   1.054e-02   4.967e-03        0
      94        97   -7.804509e+04   0.000e+00   1.821e-02   6.792e-03        0
      95        98   -7.804495e+04   0.000e+00   2.740e-02   9.832e-03        0
      96        99   -7.804470e+04   0.000e+00   3.067e-02   2.004e-02        0
      97       100   -7.804440e+04   0.000e+00   1.769e-02   3.778e-02        0
      98       101   -7.804413e+04   0.000e+00   5.565e-03   5.248e-02        0
      99       102   -7.804396e+04   0.000e+00   2.113e-02   4.827e-02        0
     100       103   -7.804386e+04   0.000e+00   2.179e-02   3.379e-02        0
     101       104   -7.804381e+04   0.000e+00   1.183e-02   1.562e-02        0
     102       105   -7.804380e+04   0.000e+00   2.820e-03   2.617e-03        0
     103       106   -7.804380e+04   0.000e+00   8.392e-04   1.727e-03        0
     104       107   -7.804379e+04   0.000e+00   3.832e-03   1.607e-03        0
     105       108   -7.804378e+04   0.000e+00   8.273e-03   2.674e-03        0
     106       109   -7.804375e+04   0.000e+00   1.470e-02   4.426e-03        0
     107       110   -7.804368e+04   0.000e+00   2.402e-02   9.829e-03        0
     108       111   -7.804353e+04   0.000e+00   3.536e-02   2.570e-02        0
     109       112   -7.804326e+04   0.000e+00   4.103e-02   5.298e-02        0
     110       113   -7.804297e+04   0.000e+00   2.981e-02   7.189e-02        0
     111       114   -7.804283e+04   0.000e+00   9.802e-03   4.551e-02        0
     112       115   -7.804281e+04   0.000e+00   8.781e-04   8.069e-03        0
     113       116   -7.804281e+04   0.000e+00   6.215e-04   3.489e-03        0
     114       117   -7.804280e+04   0.000e+00   1.078e-03   3.919e-03        0
     115       118   -7.804280e+04   0.000e+00   1.810e-03   4.028e-03        0
     116       119   -7.804279e+04   0.000e+00   3.542e-03   1.053e-02        0
     117       120   -7.804276e+04   0.000e+00   5.486e-03   1.065e-02        0
     118       121   -7.804270e+04   0.000e+00   8.212e-03   1.252e-02        0
     119       122   -7.804259e+04   0.000e+00   1.021e-02   1.398e-02        0
     120       123   -7.804246e+04   0.000e+00   9.133e-03   3.671e-02        0
     121       124   -7.804238e+04   0.000e+00   4.782e-03   4.565e-02        0
     122       125   -7.804237e+04   0.000e+00   1.321e-03   2.248e-02        0
     123       126   -7.804237e+04   0.000e+00   4.251e-04   4.059e-03        0
     124       127   -7.804236e+04   0.000e+00   7.459e-05   2.848e-03        0
     125       128   -7.804236e+04   0.000e+00   6.059e-04   3.161e-03        0
     126       129   -7.804235e+04   0.000e+00   1.826e-03   3.888e-03        0
     127       130   -7.804232e+04   0.000e+00   3.617e-03   5.258e-03        0
     128       131   -7.804225e+04   0.000e+00   5.776e-03   9.965e-03        0
     129       132   -7.804213e+04   0.000e+00   7.793e-03   2.120e-02        0
     130       133   -7.804196e+04   0.000e+00   7.882e-03   3.501e-02        0
     131       134   -7.804186e+04   0.000e+00   4.550e-03   3.135e-02        0
     132       135   -7.804183e+04   0.000e+00   1.051e-03   9.331e-03        0
     133       136   -7.804183e+04   0.000e+00   1.338e-04   2.322e-03        0
     134       137   -7.804183e+04   0.000e+00   1.372e-04   1.378e-03        0
     135       138   -7.804182e+04   0.000e+00   2.195e-04   3.129e-03        0
     136       139   -7.804182e+04   0.000e+00   1.191e-04   3.288e-03        0
     137       140   -7.804180e+04   0.000e+00   1.161e-04   5.766e-03        0
     138       141   -7.804176e+04   0.000e+00   1.457e-04   6.793e-03        0
     139       142   -7.804168e+04   0.000e+00   3.749e-04   1.438e-02        0
     140       143   -7.804161e+04   0.000e+00   4.830e-04   2.517e-02        0
     141       144   -7.804157e+04   0.000e+00   4.583e-04   2.413e-02        0
     142       145   -7.804156e+04   0.000e+00   7.424e-05   8.367e-03        0
     143       146   -7.804156e+04   0.000e+00   1.416e-05   1.220e-03        0
     144       147   -7.804156e+04   0.000e+00   5.334e-05   7.706e-04        0
     145       148   -7.804156e+04   0.000e+00   5.087e-05   7.868e-04        0
     146       149   -7.804156e+04   0.000e+00   1.223e-04   1.541e-03        0
     147       150   -7.804155e+04   0.000e+00   2.388e-05   2.122e-03        0
     148       151   -7.804153e+04   0.000e+00   9.172e-06   4.378e-03        0
     149       152   -7.804149e+04   0.000e+00   1.655e-05   1.101e-02        0
     150       153   -7.804140e+04   0.000e+00   1.422e-04   2.690e-02        0
     151       154   -7.804125e+04   0.000e+00   4.056e-04   5.299e-02        0
     152       155   -7.804109e+04   0.000e+00   1.851e-03   6.648e-02        0
     153       156   -7.804101e+04   0.000e+00   3.240e-04   3.587e-02        0
     154       157   -7.804099e+04   0.000e+00   7.503e-04   5.144e-03        0
     155       158   -7.804099e+04   0.000e+00   2.249e-04   1.657e-03        0
     156       159   -7.804099e+04   0.000e+00   1.209e-04   3.549e-03        0
     157       160   -7.804099e+04   0.000e+00   2.128e-05   7.859e-04        0
     158       161   -7.804099e+04   0.000e+00   9.209e-05   4.383e-04        0
     159       162   -7.804099e+04   0.000e+00   3.282e-04   1.045e-03        0
     160       163   -7.804099e+04   0.000e+00   6.652e-04   1.056e-03        0
     161       164   -7.804099e+04   0.000e+00   1.356e-03   1.106e-03        0
     162       165   -7.804099e+04   0.000e+00   1.455e-03   9.277e-04        0
     163       166   -7.804099e+04   0.000e+00   5.749e-04   4.105e-04        0
     164       167   -7.804099e+04   0.000e+00   2.378e-04   2.392e-03        0
     165       168   -7.804099e+04   0.000e+00   3.700e-05   1.806e-03        0
     166       170   -7.804099e+04   0.000e+00   4.608e-07   9.027e-04        0
     167       171   -7.804099e+04   0.000e+00   5.317e-06   8.524e-04        0
     168       172   -7.804099e+04   0.000e+00   5.870e-06   8.518e-04        0
     169       173   -7.804099e+04   0.000e+00   6.617e-06   7.917e-04       26
     170       174   -7.804099e+04   0.000e+00   3.871e-08   5.867e-11        1
     171       175   -7.804099e+04   0.000e+00   3.720e-08   1.283e-04        0
     172       176   -7.804099e+04   0.000e+00   5.078e-09   7.438e-06        0

EXIT: Locally optimal solution found.

Final Statistics
----------------
Final objective value               =  -7.80409917752490e+04
Final feasibility error (abs / rel) =   0.00e+00 / 0.00e+00
Final optimality error  (abs / rel) =   5.08e-09 / 5.08e-09
# of iterations                     =        172 
# of CG iterations                  =         27 
# of function evaluations           =        176
# of gradient evaluations           =        173
Total program time (secs)           =   13065.70605 (273289.531 CPU time)
Time spent in evaluations (secs)    =   13053.16504

Solution Vector
---------------
x[       0] =   3.27037818898e+00
x[       1] =   3.01690983496e+00
x[       2] =   2.76052805590e+00
x[       3] =   3.03165764216e+00
x[       4] =   3.21197908455e+00
x[       5] =   3.18591110734e+00
x[       6] =   3.32345466592e+00
x[       7] =  -8.37177084488e-01
x[       8] =  -2.21495444290e+00
x[       9] =  -4.32498874018e+00
x[      10] =   2.23911136445e-02
x[      11] =   1.46891161351e-03
x[      12] =   1.62377471205e+00
x[      13] =   2.60578826727e+00
x[      14] =   2.51250202453e+00
x[      15] =   2.86100090114e+00
x[      16] =   7.77307684549e-01
x[      17] =   8.38458908332e-01
x[      18] =   9.27829684454e-01
x[      19] =   9.69573509731e-01
x[      20] =   8.19622754712e-01
x[      21] =   1.11382411355e+00
x[      22] =   2.27692714060e-01

===============================================================================

