
Solving from new start point (number 19 of 42) <multistart>.


=======================================
*** NO CHECK MADE FOR LICENSE ***
         Artelys Knitro 12.3.0
=======================================

Knitro presolve eliminated 0 variables and 0 constraints.

algorithm:               4
bar_maxcrossit:          3
datacheck:               0
feastol:                 1e-08
hessopt:                 2
maxtime_cpu:             9.99995e+07
maxtime_real:            9.99998e+07
opttol:                  1e-08
outlev:                  5
outmode:                 2
par_concurrent_evals:    0
The problem is identified as bound constrained only.
Knitro changing act_qpalg from AUTO to 3.
Knitro changing honorbnds from AUTO to -1.
Knitro changing linesearch from AUTO to 2.
Knitro changing linsolver from AUTO to 4.

Problem Characteristics                                 (   Presolved)
-----------------------
Objective goal:  Maximize
Objective type:  general
Number of variables:                                 23 (          23)
    bounded below only:                               0 (           0)
    bounded above only:                               0 (           0)
    bounded below and above:                         23 (          23)
    fixed:                                            0 (           0)
    free:                                             0 (           0)
Number of constraints:                                0 (           0)
    linear equalities:                                0 (           0)
    quadratic equalities:                             0 (           0)
    gen. nonlinear equalities:                        0 (           0)
    linear one-sided inequalities:                    0 (           0)
    quadratic one-sided inequalities:                 0 (           0)
    gen. nonlinear one-sided inequalities:            0 (           0)
    linear two-sided inequalities:                    0 (           0)
    quadratic two-sided inequalities:                 0 (           0)
    gen. nonlinear two-sided inequalities:            0 (           0)
Number of nonzeros in Jacobian:                       0 (           0)
Number of nonzeros in Hessian:                        0 (         276)

Knitro using the Sequential Quadratic Programming (SQP) algorithm.

  Iter     fCount     Objective      FeasError   OptError    ||Step||    CGits 
--------  --------  --------------  ----------  ----------  ----------  -------
       0         1   -3.747311e+05   0.000e+00
       1         2   -9.491870e+04   0.000e+00   3.274e+00   9.225e-01        0
       2         3   -9.421807e+04   0.000e+00   1.944e+00   4.175e-02        0
       3         5   -9.069525e+04   0.000e+00   4.130e-02   5.027e-01        0
       4         6   -8.771782e+04   0.000e+00   2.089e-02   7.316e-02        0
       5         7   -8.704876e+04   0.000e+00   1.675e-02   6.173e-02        0
       6         8   -8.602258e+04   0.000e+00   8.944e-03   1.200e-01        0
       7         9   -8.530091e+04   0.000e+00   9.034e-03   9.909e-02        0
       8        10   -8.478363e+04   0.000e+00   7.478e-03   8.787e-02        0
       9        11   -8.439560e+04   0.000e+00   2.718e+00   1.240e-01        0
      10        12   -8.402864e+04   0.000e+00   9.424e-01   1.835e-01        0
      11        13   -8.396075e+04   0.000e+00   7.469e-01   1.681e-02        0
      12        14   -8.370039e+04   0.000e+00   4.727e-01   1.085e-01        0
      13        15   -8.350314e+04   0.000e+00   9.144e-01   8.345e-02        0
      14        16   -8.262208e+04   0.000e+00   2.073e+00   3.837e-01        0
      15        17   -8.179306e+04   0.000e+00   3.186e+00   3.997e-01        0
      16        18   -8.106298e+04   0.000e+00   1.231e+00   2.615e-01        0
      17        19   -8.095227e+04   0.000e+00   3.179e+00   1.447e-01        0
      18        20   -8.086547e+04   0.000e+00   6.100e-01   2.564e-02        0
      19        21   -8.082239e+04   0.000e+00   9.851e-03   4.907e-02        0
      20        22   -8.073380e+04   0.000e+00   1.351e-01   2.658e-02        0
      21        23   -8.045677e+04   0.000e+00   5.249e-01   1.095e-01        0
      22        24   -8.013349e+04   0.000e+00   3.699e-01   1.609e-01        0
      23        25   -7.993276e+04   0.000e+00   2.189e-01   1.111e-01        0
      24        26   -7.987065e+04   0.000e+00   1.763e-01   4.190e-02        0
      25        27   -7.977618e+04   0.000e+00   2.676e-01   8.360e-02        0
      26        28   -7.967165e+04   0.000e+00   2.882e-01   1.265e-01        0
      27        29   -7.958719e+04   0.000e+00   2.033e-03   1.358e-01        0
      28        30   -7.955192e+04   0.000e+00   8.066e-02   4.063e-02        0
      29        31   -7.953514e+04   0.000e+00   8.993e-02   1.674e-02        0
      30        32   -7.952056e+04   0.000e+00   2.921e-01   1.654e-02        0
      31        33   -7.945221e+04   0.000e+00   3.144e-01   9.616e-02        0
      32        34   -7.936053e+04   0.000e+00   5.818e-01   1.398e-01        0
      33        35   -7.920809e+04   0.000e+00   4.634e-02   2.468e-01        0
      34        36   -7.907462e+04   0.000e+00   3.943e-02   2.453e-01        0
      35        37   -7.901206e+04   0.000e+00   2.630e-01   1.180e-01        0
      36        38   -7.897867e+04   0.000e+00   3.379e-01   5.103e-02        0
      37        39   -7.893665e+04   0.000e+00   3.116e-01   4.541e-02        0
      38        40   -7.886204e+04   0.000e+00   3.977e-01   8.906e-02        0
      39        41   -7.880930e+04   0.000e+00   1.747e-02   1.019e-01        0
      40        42   -7.877812e+04   0.000e+00   2.583e-01   9.990e-02        0
      41        43   -7.876702e+04   0.000e+00   2.343e-01   4.280e-02        0
      42        44   -7.874905e+04   0.000e+00   1.457e-01   5.528e-02        0
      43        45   -7.870429e+04   0.000e+00   3.027e-02   1.128e-01        0
      44        46   -7.861569e+04   0.000e+00   2.569e-01   1.974e-01        0
      45        47   -7.849339e+04   0.000e+00   3.498e-01   2.492e-01        0
      46        48   -7.840149e+04   0.000e+00   2.132e-01   1.541e-01        0
      47        49   -7.836867e+04   0.000e+00   4.159e-02   7.076e-02        0
      48        50   -7.836491e+04   0.000e+00   6.419e-03   2.797e-02        0
      49        51   -7.836201e+04   0.000e+00   1.987e-02   1.401e-02        0
      50        52   -7.835076e+04   0.000e+00   4.679e-02   3.231e-02        0
      51        53   -7.833018e+04   0.000e+00   7.522e-02   4.133e-02        0
      52        54   -7.829386e+04   0.000e+00   1.063e-01   7.992e-02        0
      53        55   -7.825784e+04   0.000e+00   1.228e-01   1.150e-01        0
      54        56   -7.824003e+04   0.000e+00   6.234e-02   9.557e-02        0
      55        57   -7.823676e+04   0.000e+00   4.639e-03   3.828e-02        0
      56        58   -7.823595e+04   0.000e+00   1.403e-02   1.130e-02        0
      57        59   -7.823457e+04   0.000e+00   4.025e-02   1.239e-02        0
      58        60   -7.823130e+04   0.000e+00   8.253e-02   1.970e-02        0
      59        61   -7.822409e+04   0.000e+00   1.415e-01   3.264e-02        0
      60        62   -7.821134e+04   0.000e+00   1.867e-01   5.394e-02        0
      61        63   -7.819663e+04   0.000e+00   1.555e-01   7.154e-02        0
      62        64   -7.818868e+04   0.000e+00   6.018e-02   5.714e-02        0
      63        65   -7.818693e+04   0.000e+00   7.013e-03   2.320e-02        0
      64        66   -7.818614e+04   0.000e+00   1.530e-02   9.172e-03        0
      65        67   -7.818427e+04   0.000e+00   4.745e-02   1.423e-02        0
      66        68   -7.817993e+04   0.000e+00   9.279e-02   2.206e-02        0
      67        69   -7.816948e+04   0.000e+00   1.540e-01   4.681e-02        0
      68        70   -7.814883e+04   0.000e+00   2.178e-01   9.821e-02        0
      69        71   -7.811853e+04   0.000e+00   2.396e-01   1.680e-01        0
      70        72   -7.809343e+04   0.000e+00   1.724e-01   1.718e-01        0
      71        73   -7.808535e+04   0.000e+00   5.442e-02   6.969e-02        0
      72        74   -7.808442e+04   0.000e+00   1.039e-02   2.091e-02        0
      73        75   -7.808415e+04   0.000e+00   7.761e-03   9.134e-03        0
      74        76   -7.808349e+04   0.000e+00   3.099e-02   1.458e-02        0
      75        77   -7.808215e+04   0.000e+00   6.753e-02   1.435e-02        0
      76        78   -7.807986e+04   0.000e+00   8.512e-02   1.276e-02        0
      77        79   -7.807767e+04   0.000e+00   7.115e-02   2.868e-02        0
      78        80   -7.807678e+04   0.000e+00   1.936e-02   3.088e-02        0
      79        81   -7.807663e+04   0.000e+00   1.026e-03   1.183e-02        0
      80        82   -7.807657e+04   0.000e+00   7.990e-03   4.134e-03        0
      81        83   -7.807641e+04   0.000e+00   1.898e-02   4.788e-03        0
      82        84   -7.807593e+04   0.000e+00   3.997e-02   1.150e-02        0
      83        85   -7.807488e+04   0.000e+00   6.756e-02   1.963e-02        0
      84        86   -7.807240e+04   0.000e+00   1.022e-01   4.059e-02        0
      85        87   -7.806804e+04   0.000e+00   1.262e-01   6.945e-02        0
      86        88   -7.806295e+04   0.000e+00   1.067e-01   8.540e-02        0
      87        89   -7.806019e+04   0.000e+00   4.781e-02   5.100e-02        0
      88        90   -7.805967e+04   0.000e+00   7.019e-03   1.438e-02        0
      89        91   -7.805962e+04   0.000e+00   1.345e-03   8.753e-03        0
      90        92   -7.805960e+04   0.000e+00   4.000e-03   3.720e-03        0
      91        93   -7.805953e+04   0.000e+00   8.807e-03   7.407e-03        0
      92        94   -7.805936e+04   0.000e+00   1.660e-02   1.012e-02        0
      93        95   -7.805895e+04   0.000e+00   2.753e-02   1.426e-02        0
      94        96   -7.805803e+04   0.000e+00   4.063e-02   1.948e-02        0
      95        97   -7.805645e+04   0.000e+00   4.639e-02   3.425e-02        0
      96        98   -7.805468e+04   0.000e+00   3.334e-02   5.937e-02        0
      97        99   -7.805380e+04   0.000e+00   1.387e-02   5.371e-02        0
      98       100   -7.805363e+04   0.000e+00   4.212e-03   2.092e-02        0
      99       101   -7.805361e+04   0.000e+00   9.624e-04   3.524e-03        0
     100       102   -7.805359e+04   0.000e+00   1.494e-03   1.927e-03        0
     101       103   -7.805354e+04   0.000e+00   7.411e-03   3.870e-03        0
     102       104   -7.805343e+04   0.000e+00   1.674e-02   5.547e-03        0
     103       105   -7.805314e+04   0.000e+00   3.183e-02   1.022e-02        0
     104       106   -7.805247e+04   0.000e+00   5.090e-02   2.134e-02        0
     105       107   -7.805121e+04   0.000e+00   6.549e-02   4.496e-02        0
     106       108   -7.804960e+04   0.000e+00   5.982e-02   7.108e-02        0
     107       109   -7.804862e+04   0.000e+00   3.411e-02   5.828e-02        0
     108       110   -7.804833e+04   0.000e+00   5.485e-03   2.468e-02        0
     109       111   -7.804818e+04   0.000e+00   1.766e-02   1.301e-02        0
     110       112   -7.804799e+04   0.000e+00   3.936e-02   2.446e-02        0
     111       113   -7.804778e+04   0.000e+00   4.585e-02   3.755e-02        0
     112       114   -7.804766e+04   0.000e+00   2.538e-02   3.687e-02        0
     113       115   -7.804764e+04   0.000e+00   7.084e-03   8.044e-03        0
     114       116   -7.804763e+04   0.000e+00   1.400e-03   1.295e-03        0
     115       117   -7.804763e+04   0.000e+00   6.496e-03   9.314e-04        0
     116       118   -7.804761e+04   0.000e+00   1.866e-02   1.698e-03        0
     117       119   -7.804757e+04   0.000e+00   3.584e-02   2.819e-03        0
     118       120   -7.804747e+04   0.000e+00   6.311e-02   5.653e-03        0
     119       121   -7.804723e+04   0.000e+00   9.744e-02   1.344e-02        0
     120       122   -7.804676e+04   0.000e+00   1.326e-01   3.857e-02        0
     121       123   -7.804604e+04   0.000e+00   1.344e-01   7.818e-02        0
     122       124   -7.804547e+04   0.000e+00   8.187e-02   8.043e-02        0
     123       125   -7.804528e+04   0.000e+00   1.925e-02   4.101e-02        0
     124       126   -7.804527e+04   0.000e+00   1.201e-03   4.155e-03        0
     125       127   -7.804526e+04   0.000e+00   1.626e-03   2.414e-03        0
     126       128   -7.804526e+04   0.000e+00   3.754e-03   2.612e-03        0
     127       129   -7.804525e+04   0.000e+00   7.756e-03   5.755e-03        0
     128       130   -7.804523e+04   0.000e+00   1.273e-02   7.366e-03        0
     129       131   -7.804518e+04   0.000e+00   2.081e-02   1.032e-02        0
     130       132   -7.804508e+04   0.000e+00   3.052e-02   1.154e-02        0
     131       133   -7.804486e+04   0.000e+00   3.845e-02   1.599e-02        0
     132       134   -7.804461e+04   0.000e+00   3.294e-02   3.957e-02        0
     133       135   -7.804446e+04   0.000e+00   1.461e-02   5.086e-02        0
     134       136   -7.804443e+04   0.000e+00   2.275e-03   2.422e-02        0
     135       137   -7.804443e+04   0.000e+00   2.928e-04   4.113e-03        0
     136       138   -7.804443e+04   0.000e+00   5.806e-04   6.933e-04        0
     137       139   -7.804442e+04   0.000e+00   1.222e-03   1.221e-03        0
     138       140   -7.804442e+04   0.000e+00   2.133e-03   1.611e-03        0
     139       141   -7.804441e+04   0.000e+00   3.840e-03   2.537e-03        0
     140       142   -7.804437e+04   0.000e+00   6.218e-03   4.224e-03        0
     141       143   -7.804430e+04   0.000e+00   9.319e-03   8.395e-03        0
     142       144   -7.804416e+04   0.000e+00   1.170e-02   1.819e-02        0
     143       145   -7.804399e+04   0.000e+00   1.041e-02   2.898e-02        0
     144       146   -7.804388e+04   0.000e+00   5.055e-03   2.446e-02        0
     145       147   -7.804385e+04   0.000e+00   9.538e-04   9.164e-03        0
     146       148   -7.804385e+04   0.000e+00   1.644e-05   2.236e-03        0
     147       149   -7.804385e+04   0.000e+00   2.836e-04   1.256e-03        0
     148       150   -7.804385e+04   0.000e+00   7.593e-04   1.975e-03        0
     149       151   -7.804384e+04   0.000e+00   1.535e-03   2.568e-03        0
     150       152   -7.804381e+04   0.000e+00   2.889e-03   3.624e-03        0
     151       153   -7.804373e+04   0.000e+00   4.781e-03   6.116e-03        0
     152       154   -7.804356e+04   0.000e+00   7.465e-03   1.857e-02        0
     153       155   -7.804320e+04   0.000e+00   9.851e-03   5.016e-02        0
     154       156   -7.804263e+04   0.000e+00   9.959e-03   1.013e-01        0
     155       157   -7.804214e+04   0.000e+00   5.212e-03   1.116e-01        0
     156       158   -7.804196e+04   0.000e+00   1.392e-03   4.648e-02        0
     157       159   -7.804193e+04   0.000e+00   3.884e-04   6.674e-03        0
     158       160   -7.804193e+04   0.000e+00   1.299e-04   4.106e-03        0
     159       161   -7.804193e+04   0.000e+00   1.022e-04   1.735e-03        0
     160       162   -7.804193e+04   0.000e+00   7.122e-04   3.874e-03        0
     161       163   -7.804193e+04   0.000e+00   1.776e-03   3.956e-03        0
     162       164   -7.804191e+04   0.000e+00   4.384e-03   9.357e-03        0
     163       165   -7.804189e+04   0.000e+00   7.477e-03   8.970e-03        0
     164       166   -7.804183e+04   0.000e+00   1.143e-02   1.101e-02        0
     165       167   -7.804175e+04   0.000e+00   1.342e-02   1.651e-02        0
     166       168   -7.804166e+04   0.000e+00   9.752e-03   3.683e-02        0
     167       169   -7.804162e+04   0.000e+00   3.564e-03   3.070e-02        0
     168       170   -7.804162e+04   0.000e+00   3.475e-04   1.174e-02        0
     169       171   -7.804161e+04   0.000e+00   2.107e-04   1.867e-03        0
     170       172   -7.804161e+04   0.000e+00   5.780e-04   1.759e-03        0
     171       173   -7.804161e+04   0.000e+00   9.290e-04   2.001e-03        0
     172       174   -7.804160e+04   0.000e+00   1.612e-03   2.588e-03        0
     173       175   -7.804159e+04   0.000e+00   2.692e-03   3.498e-03        0
     174       176   -7.804155e+04   0.000e+00   4.374e-03   7.761e-03        0
     175       177   -7.804145e+04   0.000e+00   6.446e-03   2.034e-02        0
     176       178   -7.804129e+04   0.000e+00   7.252e-03   4.416e-02        0
     177       179   -7.804110e+04   0.000e+00   4.181e-03   6.224e-02        0
     178       180   -7.804101e+04   0.000e+00   5.736e-04   4.395e-02        0
     179       181   -7.804099e+04   0.000e+00   1.919e-04   8.374e-03        0
     180       182   -7.804099e+04   0.000e+00   1.183e-04   3.761e-03        0
     181       185   -7.804099e+04   0.000e+00   1.063e-04   6.264e-04        0
     182       190   -7.804099e+04   0.000e+00   2.069e-07   2.084e-09        1
     183       191   -7.804099e+04   0.000e+00   1.183e-07   7.996e-04        0
     184       192   -7.804099e+04   0.000e+00   3.364e-07   1.400e-04        0
     185       193   -7.804099e+04   0.000e+00   4.191e-08   8.898e-05        0
     186       194   -7.804099e+04   0.000e+00   5.801e-09   1.788e-05        0

EXIT: Locally optimal solution found.

Final Statistics
----------------
Final objective value               =  -7.80409917752497e+04
Final feasibility error (abs / rel) =   0.00e+00 / 0.00e+00
Final optimality error  (abs / rel) =   5.80e-09 / 5.80e-09
# of iterations                     =        186 
# of CG iterations                  =          1 
# of function evaluations           =        194
# of gradient evaluations           =        187
Total program time (secs)           =   14285.66602 (298807.250 CPU time)
Time spent in evaluations (secs)    =   14215.02148

Solution Vector
---------------
x[       0] =   3.27037585965e+00
x[       1] =   3.01690767829e+00
x[       2] =   2.76052585281e+00
x[       3] =   3.03165515179e+00
x[       4] =   3.21197680799e+00
x[       5] =   3.18590865343e+00
x[       6] =   3.32345265973e+00
x[       7] =  -8.37176640893e-01
x[       8] =  -2.21495344457e+00
x[       9] =  -4.32499319033e+00
x[      10] =   2.23912962804e-02
x[      11] =   1.46890969270e-03
x[      12] =   1.62377541202e+00
x[      13] =   2.60578898849e+00
x[      14] =   2.51250289590e+00
x[      15] =   2.86100212192e+00
x[      16] =   7.77307651111e-01
x[      17] =   8.38458949339e-01
x[      18] =   9.27829780485e-01
x[      19] =   9.69573483278e-01
x[      20] =   8.19622794063e-01
x[      21] =   1.11382392775e+00
x[      22] =   2.27692692608e-01

===============================================================================

