
Solving from new start point (number 23 of 42) <multistart>.


=======================================
*** NO CHECK MADE FOR LICENSE ***
         Artelys Knitro 12.3.0
=======================================

Knitro presolve eliminated 0 variables and 0 constraints.

algorithm:               4
bar_maxcrossit:          3
datacheck:               0
feastol:                 1e-08
hessopt:                 2
maxtime_cpu:             9.98567e+07
maxtime_real:            9.9993e+07
opttol:                  1e-08
outlev:                  5
outmode:                 2
par_concurrent_evals:    0
The problem is identified as bound constrained only.
Knitro changing act_qpalg from AUTO to 3.
Knitro changing honorbnds from AUTO to -1.
Knitro changing linesearch from AUTO to 2.
Knitro changing linsolver from AUTO to 4.

Problem Characteristics                                 (   Presolved)
-----------------------
Objective goal:  Maximize
Objective type:  general
Number of variables:                                 23 (          23)
    bounded below only:                               0 (           0)
    bounded above only:                               0 (           0)
    bounded below and above:                         23 (          23)
    fixed:                                            0 (           0)
    free:                                             0 (           0)
Number of constraints:                                0 (           0)
    linear equalities:                                0 (           0)
    quadratic equalities:                             0 (           0)
    gen. nonlinear equalities:                        0 (           0)
    linear one-sided inequalities:                    0 (           0)
    quadratic one-sided inequalities:                 0 (           0)
    gen. nonlinear one-sided inequalities:            0 (           0)
    linear two-sided inequalities:                    0 (           0)
    quadratic two-sided inequalities:                 0 (           0)
    gen. nonlinear two-sided inequalities:            0 (           0)
Number of nonzeros in Jacobian:                       0 (           0)
Number of nonzeros in Hessian:                        0 (         276)

Knitro using the Sequential Quadratic Programming (SQP) algorithm.

  Iter     fCount     Objective      FeasError   OptError    ||Step||    CGits 
--------  --------  --------------  ----------  ----------  ----------  -------
       0         1   -1.226337e+05   0.000e+00
       1         2   -9.543893e+04   0.000e+00   4.465e+01   4.627e-01        0
       2         3   -9.280150e+04   0.000e+00   7.170e+00   2.236e-01        0
       3         6   -9.195196e+04   0.000e+00   1.007e+01   1.383e-01        0
       4         7   -8.677309e+04   0.000e+00   2.081e+01   4.117e-01        0
       5         9   -8.646602e+04   0.000e+00   1.473e+01   9.636e-02        0
       6        10   -8.597939e+04   0.000e+00   2.905e+00   4.160e-02        0
       7        11   -8.544496e+04   0.000e+00   1.228e+01   1.148e-01        0
       8        12   -8.500433e+04   0.000e+00   1.471e+01   1.304e-01        0
       9        13   -8.401981e+04   0.000e+00   6.987e+00   2.508e-01        0
      10        14   -8.316451e+04   0.000e+00   3.359e+00   2.081e-01        0
      11        15   -8.250954e+04   0.000e+00   8.241e+00   2.841e-01        0
      12        16   -8.227154e+04   0.000e+00   5.134e+00   8.492e-02        0
      13        17   -8.192168e+04   0.000e+00   5.679e+00   1.698e-01        0
      14        18   -8.175014e+04   0.000e+00   5.839e+00   1.253e-01        0
      15        19   -8.135272e+04   0.000e+00   4.272e+00   3.012e-01        0
      16        20   -8.094151e+04   0.000e+00   2.855e+00   2.813e-01        0
      17        21   -8.060495e+04   0.000e+00   4.670e-01   2.635e-01        0
      18        22   -8.047542e+04   0.000e+00   2.290e+00   1.270e-01        0
      19        23   -8.031207e+04   0.000e+00   2.863e+00   1.613e-01        0
      20        24   -8.005712e+04   0.000e+00   2.200e+00   2.422e-01        0
      21        25   -7.971084e+04   0.000e+00   3.754e-01   2.971e-01        0
      22        26   -7.927692e+04   0.000e+00   2.793e+00   3.388e-01        0
      23        27   -7.904316e+04   0.000e+00   3.798e+00   2.658e-01        0
      24        28   -7.894954e+04   0.000e+00   4.319e+00   5.400e-02        0
      25        29   -7.880152e+04   0.000e+00   2.428e+00   9.938e-02        0
      26        30   -7.871368e+04   0.000e+00   8.440e-01   7.688e-02        0
      27        31   -7.863069e+04   0.000e+00   1.714e+00   1.139e-01        0
      28        32   -7.858839e+04   0.000e+00   3.120e+00   7.380e-02        0
      29        33   -7.853443e+04   0.000e+00   1.972e+00   9.842e-02        0
      30        34   -7.845827e+04   0.000e+00   2.745e+00   1.258e-01        0
      31        35   -7.839708e+04   0.000e+00   1.780e-01   9.402e-02        0
      32        36   -7.837135e+04   0.000e+00   2.471e-02   5.200e-02        0
      33        37   -7.835018e+04   0.000e+00   7.314e-01   3.202e-02        0
      34        38   -7.829791e+04   0.000e+00   1.437e+00   7.799e-02        0
      35        39   -7.822416e+04   0.000e+00   1.898e+00   1.292e-01        0
      36        40   -7.817278e+04   0.000e+00   1.104e+00   1.240e-01        0
      37        41   -7.815961e+04   0.000e+00   2.349e-01   3.821e-02        0
      38        42   -7.815669e+04   0.000e+00   1.463e-01   1.167e-02        0
      39        43   -7.815428e+04   0.000e+00   3.688e-01   8.283e-03        0
      40        44   -7.814747e+04   0.000e+00   7.093e-01   2.118e-02        0
      41        45   -7.813638e+04   0.000e+00   9.191e-01   4.189e-02        0
      42        46   -7.812311e+04   0.000e+00   6.917e-01   6.850e-02        0
      43        47   -7.811530e+04   0.000e+00   1.317e-01   5.379e-02        0
      44        48   -7.811139e+04   0.000e+00   3.144e-01   2.583e-02        0
      45        49   -7.810762e+04   0.000e+00   6.029e-01   1.994e-02        0
      46        50   -7.810071e+04   0.000e+00   8.664e-01   3.500e-02        0
      47        51   -7.808999e+04   0.000e+00   9.351e-01   6.010e-02        0
      48        52   -7.808009e+04   0.000e+00   6.399e-01   6.445e-02        0
      49        53   -7.807556e+04   0.000e+00   1.375e-01   3.307e-02        0
      50        54   -7.807463e+04   0.000e+00   1.164e-01   9.718e-03        0
      51        55   -7.807419e+04   0.000e+00   1.863e-01   4.745e-03        0
      52        56   -7.807313e+04   0.000e+00   2.549e-01   9.026e-03        0
      53        57   -7.807176e+04   0.000e+00   2.296e-01   1.211e-02        0
      54        58   -7.807046e+04   0.000e+00   8.205e-02   1.682e-02        0
      55        59   -7.806973e+04   0.000e+00   7.638e-02   1.371e-02        0
      56        60   -7.806911e+04   0.000e+00   1.935e-01   1.129e-02        0
      57        61   -7.806805e+04   0.000e+00   3.065e-01   1.614e-02        0
      58        62   -7.806597e+04   0.000e+00   3.987e-01   2.843e-02        0
      59        63   -7.806284e+04   0.000e+00   3.782e-01   4.327e-02        0
      60        64   -7.806008e+04   0.000e+00   1.823e-01   4.112e-02        0
      61        65   -7.805886e+04   0.000e+00   3.383e-02   1.883e-02        0
      62        66   -7.805839e+04   0.000e+00   1.370e-01   7.822e-03        0
      63        67   -7.805784e+04   0.000e+00   2.079e-01   7.732e-03        0
      64        68   -7.805669e+04   0.000e+00   2.742e-01   1.332e-02        0
      65        69   -7.805500e+04   0.000e+00   2.719e-01   2.364e-02        0
      66        70   -7.805357e+04   0.000e+00   1.568e-01   3.095e-02        0
      67        71   -7.805306e+04   0.000e+00   3.236e-02   1.879e-02        0
      68        72   -7.805297e+04   0.000e+00   1.341e-02   5.262e-03        0
      69        73   -7.805292e+04   0.000e+00   2.651e-02   1.970e-03        0
      70        74   -7.805279e+04   0.000e+00   4.753e-02   4.381e-03        0
      71        75   -7.805248e+04   0.000e+00   7.578e-02   8.695e-03        0
      72        76   -7.805172e+04   0.000e+00   1.157e-01   2.109e-02        0
      73        77   -7.805015e+04   0.000e+00   1.582e-01   4.552e-02        0
      74        78   -7.804774e+04   0.000e+00   1.754e-01   7.689e-02        0
      75        79   -7.804569e+04   0.000e+00   1.242e-01   7.530e-02        0
      76        80   -7.804501e+04   0.000e+00   3.325e-02   2.558e-02        0
      77        81   -7.804492e+04   0.000e+00   1.736e-03   7.573e-03        0
      78        82   -7.804491e+04   0.000e+00   4.928e-03   4.616e-03        0
      79        83   -7.804489e+04   0.000e+00   6.656e-03   4.725e-03        0
      80        84   -7.804482e+04   0.000e+00   8.893e-03   8.273e-03        0
      81        85   -7.804469e+04   0.000e+00   1.167e-02   9.834e-03        0
      82        86   -7.804439e+04   0.000e+00   1.437e-02   1.372e-02        0
      83        87   -7.804394e+04   0.000e+00   1.409e-02   2.505e-02        0
      84        88   -7.804353e+04   0.000e+00   4.880e-03   4.030e-02        0
      85        89   -7.804334e+04   0.000e+00   8.999e-03   3.857e-02        0
      86        90   -7.804327e+04   0.000e+00   7.718e-03   2.271e-02        0
      87        91   -7.804323e+04   0.000e+00   1.016e-02   1.603e-02        0
      88        92   -7.804320e+04   0.000e+00   1.215e-04   1.078e-02        0
      89        93   -7.804319e+04   0.000e+00   5.930e-04   4.784e-03        0
      90        94   -7.804318e+04   0.000e+00   5.593e-03   1.600e-03        0
      91        95   -7.804317e+04   0.000e+00   7.946e-03   2.293e-03        0
      92        96   -7.804314e+04   0.000e+00   1.360e-02   4.524e-03        0
      93        97   -7.804306e+04   0.000e+00   2.130e-02   9.687e-03        0
      94        98   -7.804288e+04   0.000e+00   3.104e-02   2.484e-02        0
      95        99   -7.804255e+04   0.000e+00   3.731e-02   5.293e-02        0
      96       100   -7.804215e+04   0.000e+00   3.246e-02   7.781e-02        0
      97       101   -7.804193e+04   0.000e+00   1.608e-02   5.852e-02        0
      98       102   -7.804188e+04   0.000e+00   3.471e-03   1.310e-02        0
      99       103   -7.804188e+04   0.000e+00   4.746e-04   4.921e-03        0
     100       104   -7.804188e+04   0.000e+00   5.233e-04   4.169e-03        0
     101       105   -7.804187e+04   0.000e+00   1.441e-03   4.657e-03        0
     102       106   -7.804186e+04   0.000e+00   3.157e-03   8.874e-03        0
     103       107   -7.804183e+04   0.000e+00   5.275e-03   8.444e-03        0
     104       108   -7.804177e+04   0.000e+00   8.216e-03   1.025e-02        0
     105       109   -7.804169e+04   0.000e+00   8.860e-03   1.587e-02        0
     106       110   -7.804161e+04   0.000e+00   6.284e-03   3.715e-02        0
     107       111   -7.804159e+04   0.000e+00   2.449e-03   3.007e-02        0
     108       112   -7.804158e+04   0.000e+00   5.945e-04   9.414e-03        0
     109       113   -7.804158e+04   0.000e+00   2.267e-04   1.224e-03        0
     110       114   -7.804158e+04   0.000e+00   2.586e-04   1.399e-03        0
     111       115   -7.804157e+04   0.000e+00   1.059e-03   1.861e-03        0
     112       116   -7.804156e+04   0.000e+00   2.300e-03   2.794e-03        0
     113       117   -7.804154e+04   0.000e+00   3.719e-03   4.951e-03        0
     114       118   -7.804149e+04   0.000e+00   4.555e-03   1.028e-02        0
     115       119   -7.804143e+04   0.000e+00   3.412e-03   1.632e-02        0
     116       120   -7.804140e+04   0.000e+00   1.300e-03   1.392e-02        0
     117       121   -7.804139e+04   0.000e+00   3.739e-04   4.648e-03        0
     118       122   -7.804139e+04   0.000e+00   1.524e-04   1.269e-03        0
     119       123   -7.804139e+04   0.000e+00   5.099e-04   7.845e-04        0
     120       124   -7.804138e+04   0.000e+00   1.248e-03   1.359e-03        0
     121       125   -7.804138e+04   0.000e+00   2.323e-03   1.773e-03        0
     122       126   -7.804137e+04   0.000e+00   3.764e-03   2.763e-03        0
     123       127   -7.804134e+04   0.000e+00   5.284e-03   6.321e-03        0
     124       128   -7.804130e+04   0.000e+00   6.105e-03   1.327e-02        0
     125       129   -7.804128e+04   0.000e+00   4.563e-03   1.636e-02        0
     126       130   -7.804127e+04   0.000e+00   1.377e-03   8.690e-03        0
     127       131   -7.804127e+04   0.000e+00   1.484e-04   1.229e-03        0
     128       132   -7.804127e+04   0.000e+00   1.680e-04   4.591e-04        0
     129       133   -7.804126e+04   0.000e+00   2.601e-04   4.729e-04        0
     130       134   -7.804126e+04   0.000e+00   3.547e-04   9.212e-04        0
     131       135   -7.804126e+04   0.000e+00   5.681e-04   1.157e-03        0
     132       136   -7.804126e+04   0.000e+00   9.573e-04   2.131e-03        0
     133       137   -7.804125e+04   0.000e+00   1.305e-03   4.389e-03        0
     134       138   -7.804123e+04   0.000e+00   1.711e-03   1.032e-02        0
     135       139   -7.804119e+04   0.000e+00   1.696e-03   2.097e-02        0
     136       140   -7.804115e+04   0.000e+00   7.907e-04   2.842e-02        0
     137       141   -7.804113e+04   0.000e+00   2.586e-04   1.811e-02        0
     138       142   -7.804113e+04   0.000e+00   8.131e-04   5.259e-03        0
     139       143   -7.804113e+04   0.000e+00   7.424e-04   2.490e-03        0
     140       144   -7.804113e+04   0.000e+00   7.427e-04   2.474e-03        0
     141       145   -7.804112e+04   0.000e+00   7.177e-04   3.237e-03        0
     142       146   -7.804111e+04   0.000e+00   8.660e-04   3.818e-03        0
     143       147   -7.804109e+04   0.000e+00   9.781e-04   7.873e-03        0
     144       148   -7.804105e+04   0.000e+00   1.134e-03   1.904e-02        0
     145       149   -7.804101e+04   0.000e+00   1.021e-03   3.352e-02        0
     146       150   -7.804099e+04   0.000e+00   2.906e-04   2.649e-02        0
     147       151   -7.804099e+04   0.000e+00   2.507e-05   6.892e-03        0
     148       152   -7.804099e+04   0.000e+00   1.561e-04   1.936e-03        0
     149       154   -7.804099e+04   0.000e+00   1.002e-04   4.372e-04        0
     150       155   -7.804099e+04   0.000e+00   3.212e-05   1.543e-04        0
     151       156   -7.804099e+04   0.000e+00   9.800e-06   1.540e-04        0
     152       157   -7.804099e+04   0.000e+00   1.348e-06   3.025e-05       10
     153       158   -7.804099e+04   0.000e+00   1.299e-06   1.239e-04        0
     154       159   -7.804099e+04   0.000e+00   1.477e-06   8.750e-06        0
     155       160   -7.804099e+04   0.000e+00   3.793e-09   9.593e-12        1

EXIT: Locally optimal solution found.

Final Statistics
----------------
Final objective value               =  -7.80409917752489e+04
Final feasibility error (abs / rel) =   0.00e+00 / 0.00e+00
Final optimality error  (abs / rel) =   3.79e-09 / 3.79e-09
# of iterations                     =        155 
# of CG iterations                  =         11 
# of function evaluations           =        160
# of gradient evaluations           =        156
Total program time (secs)           =   11863.24805 (246296.359 CPU time)
Time spent in evaluations (secs)    =   11785.55762

Solution Vector
---------------
x[       0] =   3.27037964550e+00
x[       1] =   3.01691123836e+00
x[       2] =   2.76052939929e+00
x[       3] =   3.03165904369e+00
x[       4] =   3.21198076853e+00
x[       5] =   3.18591254285e+00
x[       6] =   3.32345629165e+00
x[       7] =  -8.37177368190e-01
x[       8] =  -2.21495505260e+00
x[       9] =  -4.32498849126e+00
x[      10] =   2.23911079370e-02
x[      11] =   1.46891162555e-03
x[      12] =   1.62377434654e+00
x[      13] =   2.60578723306e+00
x[      14] =   2.51250187563e+00
x[      15] =   2.86100051471e+00
x[      16] =   7.77307687592e-01
x[      17] =   8.38458937995e-01
x[      18] =   9.27829666407e-01
x[      19] =   9.69573400175e-01
x[      20] =   8.19622752439e-01
x[      21] =   1.11382401716e+00
x[      22] =   2.27692772982e-01

===============================================================================

