
Solving from new start point (number 21 of 42) <multistart>.


=======================================
*** NO CHECK MADE FOR LICENSE ***
         Artelys Knitro 12.3.0
=======================================

Knitro presolve eliminated 0 variables and 0 constraints.

algorithm:               4
bar_maxcrossit:          3
datacheck:               0
feastol:                 1e-08
hessopt:                 2
maxtime_cpu:             9.99995e+07
maxtime_real:            9.99998e+07
opttol:                  1e-08
outlev:                  5
outmode:                 2
par_concurrent_evals:    0
The problem is identified as bound constrained only.
Knitro changing act_qpalg from AUTO to 3.
Knitro changing honorbnds from AUTO to -1.
Knitro changing linesearch from AUTO to 2.
Knitro changing linsolver from AUTO to 4.

Problem Characteristics                                 (   Presolved)
-----------------------
Objective goal:  Maximize
Objective type:  general
Number of variables:                                 23 (          23)
    bounded below only:                               0 (           0)
    bounded above only:                               0 (           0)
    bounded below and above:                         23 (          23)
    fixed:                                            0 (           0)
    free:                                             0 (           0)
Number of constraints:                                0 (           0)
    linear equalities:                                0 (           0)
    quadratic equalities:                             0 (           0)
    gen. nonlinear equalities:                        0 (           0)
    linear one-sided inequalities:                    0 (           0)
    quadratic one-sided inequalities:                 0 (           0)
    gen. nonlinear one-sided inequalities:            0 (           0)
    linear two-sided inequalities:                    0 (           0)
    quadratic two-sided inequalities:                 0 (           0)
    gen. nonlinear two-sided inequalities:            0 (           0)
Number of nonzeros in Jacobian:                       0 (           0)
Number of nonzeros in Hessian:                        0 (         276)

Knitro using the Sequential Quadratic Programming (SQP) algorithm.

  Iter     fCount     Objective      FeasError   OptError    ||Step||    CGits 
--------  --------  --------------  ----------  ----------  ----------  -------
       0         1   -8.778908e+04   0.000e+00
       1         4   -8.581817e+04   0.000e+00   2.466e+01   3.638e-02        0
       2         6   -8.491705e+04   0.000e+00   2.444e-01   2.762e-01        0
       3         7   -8.408507e+04   0.000e+00   8.341e+01   1.545e-01        0
       4         9   -8.394955e+04   0.000e+00   3.532e+01   3.741e-01        0
       5        11   -8.232343e+04   0.000e+00   9.073e+01   1.646e-01        0
       6        12   -8.159543e+04   0.000e+00   2.125e+01   1.300e-01        0
       7        13   -8.104015e+04   0.000e+00   2.442e+00   1.281e-01        0
       8        14   -8.063178e+04   0.000e+00   4.089e+01   2.700e-01        0
       9        15   -8.038454e+04   0.000e+00   1.661e+01   4.125e-02        0
      10        16   -8.006311e+04   0.000e+00   1.297e+01   1.369e-01        0
      11        17   -7.989640e+04   0.000e+00   2.045e+01   1.112e-01        0
      12        18   -7.959340e+04   0.000e+00   1.748e+01   2.350e-01        0
      13        19   -7.927246e+04   0.000e+00   3.708e+00   2.367e-01        0
      14        20   -7.907240e+04   0.000e+00   2.480e-01   1.145e-01        0
      15        21   -7.891630e+04   0.000e+00   4.010e+00   1.176e-01        0
      16        22   -7.880003e+04   0.000e+00   5.953e+00   1.211e-01        0
      17        23   -7.874393e+04   0.000e+00   4.274e+00   6.941e-02        0
      18        24   -7.865103e+04   0.000e+00   4.307e+00   1.236e-01        0
      19        25   -7.858227e+04   0.000e+00   7.335e+00   9.766e-02        0
      20        26   -7.847168e+04   0.000e+00   4.950e+00   2.002e-01        0
      21        27   -7.842799e+04   0.000e+00   9.533e-01   9.707e-02        0
      22        29   -7.841596e+04   0.000e+00   6.032e-01   1.011e-01        0
      23        32   -7.838302e+04   0.000e+00   3.683e+00   1.046e-01        0
      24        33   -7.836135e+04   0.000e+00   2.289e+00   5.639e-02        0
      25        34   -7.830520e+04   0.000e+00   2.961e+00   1.458e-01        0
      26        35   -7.826825e+04   0.000e+00   5.017e-01   5.778e-02        0
      27        36   -7.823216e+04   0.000e+00   1.223e+00   1.225e-01        0
      28        37   -7.820475e+04   0.000e+00   2.471e+00   1.132e-01        0
      29        38   -7.817944e+04   0.000e+00   2.209e+00   9.926e-02        0
      30        39   -7.817019e+04   0.000e+00   5.669e-01   3.748e-02        0
      31        40   -7.816757e+04   0.000e+00   3.137e-01   2.850e-02        0
      32        41   -7.816560e+04   0.000e+00   9.530e-01   1.975e-02        0
      33        42   -7.816147e+04   0.000e+00   1.364e+00   2.864e-02        0
      34        43   -7.815525e+04   0.000e+00   1.199e+00   4.291e-02        0
      35        44   -7.814812e+04   0.000e+00   2.961e-01   6.315e-02        0
      36        45   -7.814122e+04   0.000e+00   7.451e-01   7.341e-02        0
      37        46   -7.813420e+04   0.000e+00   1.560e+00   7.565e-02        0
      38        47   -7.812789e+04   0.000e+00   1.597e+00   6.276e-02        0
      39        48   -7.812405e+04   0.000e+00   8.682e-01   3.515e-02        0
      40        49   -7.812224e+04   0.000e+00   3.844e-02   2.209e-02        0
      41        50   -7.812110e+04   0.000e+00   4.393e-01   1.751e-02        0
      42        51   -7.811938e+04   0.000e+00   7.826e-01   2.172e-02        0
      43        52   -7.811595e+04   0.000e+00   9.428e-01   3.865e-02        0
      44        53   -7.811002e+04   0.000e+00   7.363e-01   7.365e-02        0
      45        54   -7.810230e+04   0.000e+00   1.195e-01   1.131e-01        0
      46        55   -7.809501e+04   0.000e+00   5.132e-01   1.188e-01        0
      47        56   -7.808930e+04   0.000e+00   8.023e-01   9.244e-02        0
      48        57   -7.808562e+04   0.000e+00   7.001e-01   5.261e-02        0
      49        58   -7.808354e+04   0.000e+00   4.186e-01   2.341e-02        0
      50        59   -7.808234e+04   0.000e+00   1.549e-01   1.845e-02        0
      51        60   -7.808166e+04   0.000e+00   5.483e-02   1.774e-02        0
      52        61   -7.808100e+04   0.000e+00   2.464e-01   1.604e-02        0
      53        62   -7.807970e+04   0.000e+00   5.394e-01   2.550e-02        0
      54        63   -7.807692e+04   0.000e+00   9.810e-01   5.040e-02        0
      55        64   -7.807169e+04   0.000e+00   1.535e+00   9.818e-02        0
      56        65   -7.806477e+04   0.000e+00   1.896e+00   1.383e-01        0
      57        66   -7.805921e+04   0.000e+00   1.286e+00   1.162e-01        0
      58        67   -7.805687e+04   0.000e+00   6.112e-01   5.230e-02        0
      59        68   -7.805586e+04   0.000e+00   1.111e-02   2.062e-02        0
      60        69   -7.805514e+04   0.000e+00   2.909e-01   1.674e-02        0
      61        70   -7.805439e+04   0.000e+00   4.699e-01   1.848e-02        0
      62        71   -7.805375e+04   0.000e+00   3.537e-01   2.098e-02        0
      63        72   -7.805290e+04   0.000e+00   1.635e-01   2.502e-02        0
      64        73   -7.805120e+04   0.000e+00   2.240e-01   4.341e-02        0
      65        74   -7.804800e+04   0.000e+00   5.684e-01   7.837e-02        0
      66        75   -7.804489e+04   0.000e+00   7.575e-01   7.686e-02        0
      67        76   -7.804282e+04   0.000e+00   4.250e-01   4.865e-02        0
      68        77   -7.804237e+04   0.000e+00   2.013e-01   2.473e-02        0
      69        78   -7.804233e+04   0.000e+00   1.367e-02   4.348e-03        0
      70        79   -7.804232e+04   0.000e+00   1.254e-03   4.698e-03        0
      71        80   -7.804230e+04   0.000e+00   3.827e-02   4.121e-03        0
      72        81   -7.804226e+04   0.000e+00   1.264e-01   8.291e-03        0
      73        82   -7.804220e+04   0.000e+00   2.151e-01   8.864e-03        0
      74        83   -7.804211e+04   0.000e+00   2.851e-01   1.055e-02        0
      75        84   -7.804203e+04   0.000e+00   2.474e-01   9.286e-03        0
      76        85   -7.804199e+04   0.000e+00   1.187e-01   8.864e-03        0
      77        86   -7.804198e+04   0.000e+00   2.935e-02   4.953e-03        0
      78        87   -7.804198e+04   0.000e+00   6.158e-04   1.386e-03        0
      79        88   -7.804198e+04   0.000e+00   2.416e-02   8.041e-04        0
      80        89   -7.804197e+04   0.000e+00   5.798e-02   1.005e-03        0
      81        90   -7.804196e+04   0.000e+00   1.052e-01   2.145e-03        0
      82        91   -7.804194e+04   0.000e+00   1.699e-01   5.280e-03        0
      83        92   -7.804190e+04   0.000e+00   2.380e-01   1.214e-02        0
      84        93   -7.804183e+04   0.000e+00   2.579e-01   2.139e-02        0
      85        94   -7.804176e+04   0.000e+00   1.780e-01   2.469e-02        0
      86        95   -7.804172e+04   0.000e+00   4.856e-02   1.121e-02        0
      87        96   -7.804171e+04   0.000e+00   1.968e-02   1.474e-03        0
      88        97   -7.804171e+04   0.000e+00   5.132e-02   1.560e-03        0
      89        98   -7.804169e+04   0.000e+00   9.556e-02   2.064e-03        0
      90        99   -7.804166e+04   0.000e+00   1.520e-01   3.902e-03        0
      91       100   -7.804159e+04   0.000e+00   2.144e-01   1.474e-02        0
      92       101   -7.804145e+04   0.000e+00   2.486e-01   3.762e-02        0
      93       102   -7.804130e+04   0.000e+00   1.935e-01   5.944e-02        0
      94       103   -7.804121e+04   0.000e+00   7.641e-02   4.558e-02        0
      95       104   -7.804119e+04   0.000e+00   7.698e-03   1.085e-02        0
      96       105   -7.804119e+04   0.000e+00   8.370e-03   1.962e-03        0
      97       106   -7.804118e+04   0.000e+00   1.890e-02   1.944e-03        0
      98       107   -7.804117e+04   0.000e+00   3.323e-02   3.046e-03        0
      99       108   -7.804114e+04   0.000e+00   4.599e-02   3.996e-03        0
     100       109   -7.804110e+04   0.000e+00   4.810e-02   1.159e-02        0
     101       110   -7.804105e+04   0.000e+00   3.163e-02   2.507e-02        0
     102       111   -7.804102e+04   0.000e+00   7.977e-03   2.174e-02        0
     103       112   -7.804102e+04   0.000e+00   1.059e-03   6.708e-03        0
     104       113   -7.804102e+04   0.000e+00   8.640e-04   1.086e-03        0
     105       114   -7.804102e+04   0.000e+00   6.639e-04   8.541e-04        0
     106       115   -7.804102e+04   0.000e+00   3.639e-04   6.711e-04        0
     107       116   -7.804102e+04   0.000e+00   1.743e-03   6.991e-04        0
     108       117   -7.804102e+04   0.000e+00   5.068e-03   1.616e-03        0
     109       118   -7.804102e+04   0.000e+00   9.435e-03   2.170e-03        0
     110       119   -7.804102e+04   0.000e+00   1.602e-02   3.641e-03        0
     111       120   -7.804101e+04   0.000e+00   2.349e-02   5.273e-03        0
     112       121   -7.804101e+04   0.000e+00   2.767e-02   8.940e-03        0
     113       122   -7.804100e+04   0.000e+00   2.060e-02   1.034e-02        0
     114       123   -7.804100e+04   0.000e+00   6.983e-03   8.184e-03        0
     115       124   -7.804100e+04   0.000e+00   7.408e-04   3.625e-03        0
     116       125   -7.804100e+04   0.000e+00   3.230e-03   1.549e-03        0
     117       126   -7.804100e+04   0.000e+00   5.531e-03   1.552e-03        0
     118       127   -7.804100e+04   0.000e+00   8.895e-03   1.848e-03        0
     119       128   -7.804100e+04   0.000e+00   1.195e-02   2.351e-03        0
     120       129   -7.804099e+04   0.000e+00   1.135e-02   5.886e-03        0
     121       130   -7.804099e+04   0.000e+00   5.483e-03   8.000e-03        0
     122       131   -7.804099e+04   0.000e+00   8.327e-04   3.920e-03        0
     123       132   -7.804099e+04   0.000e+00   1.293e-04   6.233e-04        0
     124       133   -7.804099e+04   0.000e+00   6.408e-05   2.584e-04        0
     125       134   -7.804099e+04   0.000e+00   8.588e-05   2.506e-04        0
     126       135   -7.804099e+04   0.000e+00   5.677e-07   1.525e-10        1
     127       136   -7.804099e+04   0.000e+00   4.764e-08   1.968e-04        0
     128       137   -7.804099e+04   0.000e+00   3.969e-08   8.531e-06        0
     129       138   -7.804099e+04   0.000e+00   1.044e-08   7.109e-06        0
     130       139   -7.804099e+04   0.000e+00   5.030e-09   1.108e-06        0

EXIT: Locally optimal solution found.

Final Statistics
----------------
Final objective value               =  -7.80409917752488e+04
Final feasibility error (abs / rel) =   0.00e+00 / 0.00e+00
Final optimality error  (abs / rel) =   5.03e-09 / 5.03e-09
# of iterations                     =        130 
# of CG iterations                  =          1 
# of function evaluations           =        139
# of gradient evaluations           =        131
Total program time (secs)           =   10148.31152 (212264.562 CPU time)
Time spent in evaluations (secs)    =   10070.52148

Solution Vector
---------------
x[       0] =   3.27037918919e+00
x[       1] =   3.01691084006e+00
x[       2] =   2.76052887227e+00
x[       3] =   3.03165857583e+00
x[       4] =   3.21198004184e+00
x[       5] =   3.18591199356e+00
x[       6] =   3.32345583587e+00
x[       7] =  -8.37177264219e-01
x[       8] =  -2.21495481991e+00
x[       9] =  -4.32499024621e+00
x[      10] =   2.23911867855e-02
x[      11] =   1.46891071282e-03
x[      12] =   1.62377440687e+00
x[      13] =   2.60578740757e+00
x[      14] =   2.51250185839e+00
x[      15] =   2.86100079781e+00
x[      16] =   7.77307696256e-01
x[      17] =   8.38458986989e-01
x[      18] =   9.27829716236e-01
x[      19] =   9.69573540295e-01
x[      20] =   8.19622793973e-01
x[      21] =   1.11382406345e+00
x[      22] =   2.27692752497e-01

===============================================================================

