
Solving from new start point (number 33 of 42) <multistart>.


=======================================
*** NO CHECK MADE FOR LICENSE ***
         Artelys Knitro 12.3.0
=======================================

Knitro presolve eliminated 0 variables and 0 constraints.

algorithm:               4
bar_maxcrossit:          3
datacheck:               0
feastol:                 1e-08
hessopt:                 2
maxtime_cpu:             9.97398e+07
maxtime_real:            9.99874e+07
opttol:                  1e-08
outlev:                  5
outmode:                 2
par_concurrent_evals:    0
The problem is identified as bound constrained only.
Knitro changing act_qpalg from AUTO to 3.
Knitro changing honorbnds from AUTO to -1.
Knitro changing linesearch from AUTO to 2.
Knitro changing linsolver from AUTO to 4.

Problem Characteristics                                 (   Presolved)
-----------------------
Objective goal:  Maximize
Objective type:  general
Number of variables:                                 23 (          23)
    bounded below only:                               0 (           0)
    bounded above only:                               0 (           0)
    bounded below and above:                         23 (          23)
    fixed:                                            0 (           0)
    free:                                             0 (           0)
Number of constraints:                                0 (           0)
    linear equalities:                                0 (           0)
    quadratic equalities:                             0 (           0)
    gen. nonlinear equalities:                        0 (           0)
    linear one-sided inequalities:                    0 (           0)
    quadratic one-sided inequalities:                 0 (           0)
    gen. nonlinear one-sided inequalities:            0 (           0)
    linear two-sided inequalities:                    0 (           0)
    quadratic two-sided inequalities:                 0 (           0)
    gen. nonlinear two-sided inequalities:            0 (           0)
Number of nonzeros in Jacobian:                       0 (           0)
Number of nonzeros in Hessian:                        0 (         276)

Knitro using the Sequential Quadratic Programming (SQP) algorithm.

  Iter     fCount     Objective      FeasError   OptError    ||Step||    CGits 
--------  --------  --------------  ----------  ----------  ----------  -------
       0         1   -9.199009e+04   0.000e+00
       1         4   -8.984126e+04   0.000e+00   1.618e+01   4.148e-02        0
       2         5   -8.959166e+04   0.000e+00   1.294e+01   7.693e-01        0
       3         6   -8.529735e+04   0.000e+00   9.405e+00   4.111e-01        0
       4         7   -8.471340e+04   0.000e+00   4.828e+00   9.635e-02        0
       5         8   -8.344731e+04   0.000e+00   2.025e+01   3.848e-01        0
       6         9   -8.303217e+04   0.000e+00   1.602e+01   9.654e-02        0
       7        10   -8.116423e+04   0.000e+00   2.274e+01   6.295e-01        0
       8        11   -8.090789e+04   0.000e+00   2.888e+01   1.537e-01        0
       9        12   -8.058834e+04   0.000e+00   1.014e+01   1.045e-01        0
      10        13   -8.039622e+04   0.000e+00   2.914e+00   4.228e-02        0
      11        14   -7.999713e+04   0.000e+00   1.230e+01   1.979e-01        0
      12        15   -7.959700e+04   0.000e+00   1.223e+01   2.004e-01        0
      13        16   -7.937075e+04   0.000e+00   2.267e+00   2.235e-01        0
      14        17   -7.933038e+04   0.000e+00   4.380e-01   3.482e-02        0
      15        18   -7.927814e+04   0.000e+00   5.041e-03   6.198e-02        0
      16        19   -7.916384e+04   0.000e+00   4.244e-02   1.529e-01        0
      17        20   -7.904191e+04   0.000e+00   3.128e-01   1.922e-01        0
      18        21   -7.895618e+04   0.000e+00   6.701e-01   1.613e-01        0
      19        22   -7.890017e+04   0.000e+00   2.620e-01   7.773e-02        0
      20        23   -7.885317e+04   0.000e+00   3.705e-01   4.582e-02        0
      21        24   -7.879090e+04   0.000e+00   9.407e-01   6.209e-02        0
      22        25   -7.864525e+04   0.000e+00   1.564e+00   1.603e-01        0
      23        26   -7.845890e+04   0.000e+00   2.007e+00   2.942e-01        0
      24        27   -7.834793e+04   0.000e+00   2.074e+00   2.714e-01        0
      25        28   -7.829734e+04   0.000e+00   1.775e+00   9.190e-02        0
      26        29   -7.823166e+04   0.000e+00   6.534e-01   1.348e-01        0
      27        30   -7.819702e+04   0.000e+00   4.487e-01   6.098e-02        0
      28        31   -7.817692e+04   0.000e+00   9.069e-01   4.115e-02        0
      29        32   -7.816659e+04   0.000e+00   5.007e-01   4.537e-02        0
      30        33   -7.815996e+04   0.000e+00   1.703e-02   1.918e-02        0
      31        34   -7.813994e+04   0.000e+00   1.353e+00   5.134e-02        0
      32        35   -7.812253e+04   0.000e+00   1.696e+00   5.905e-02        0
      33        36   -7.811147e+04   0.000e+00   9.278e-01   7.151e-02        0
      34        37   -7.810684e+04   0.000e+00   5.379e-02   2.750e-02        0
      35        38   -7.810224e+04   0.000e+00   7.744e-01   3.305e-02        0
      36        39   -7.809574e+04   0.000e+00   1.522e+00   3.256e-02        0
      37        40   -7.808819e+04   0.000e+00   1.670e+00   4.372e-02        0
      38        41   -7.808327e+04   0.000e+00   9.665e-01   3.256e-02        0
      39        42   -7.808148e+04   0.000e+00   1.437e-01   1.528e-02        0
      40        43   -7.808047e+04   0.000e+00   2.864e-01   9.211e-03        0
      41        44   -7.807844e+04   0.000e+00   8.171e-01   1.450e-02        0
      42        45   -7.807578e+04   0.000e+00   1.032e+00   2.091e-02        0
      43        46   -7.807357e+04   0.000e+00   6.805e-01   2.508e-02        0
      44        47   -7.807265e+04   0.000e+00   1.601e-01   1.582e-02        0
      45        48   -7.807217e+04   0.000e+00   1.677e-01   8.479e-03        0
      46        49   -7.807155e+04   0.000e+00   4.389e-01   8.434e-03        0
      47        50   -7.807061e+04   0.000e+00   5.997e-01   1.203e-02        0
      48        51   -7.806972e+04   0.000e+00   4.590e-01   1.452e-02        0
      49        52   -7.806931e+04   0.000e+00   1.353e-01   1.091e-02        0
      50        53   -7.806918e+04   0.000e+00   5.261e-02   4.777e-03        0
      51        54   -7.806904e+04   0.000e+00   1.897e-01   3.825e-03        0
      52        55   -7.806869e+04   0.000e+00   3.978e-01   7.919e-03        0
      53        56   -7.806789e+04   0.000e+00   6.695e-01   1.752e-02        0
      54        57   -7.806625e+04   0.000e+00   9.462e-01   3.880e-02        0
      55        58   -7.806383e+04   0.000e+00   9.694e-01   6.427e-02        0
      56        59   -7.806187e+04   0.000e+00   5.392e-01   6.031e-02        0
      57        60   -7.806122e+04   0.000e+00   9.244e-02   1.991e-02        0
      58        61   -7.806109e+04   0.000e+00   5.736e-02   6.025e-03        0
      59        62   -7.806100e+04   0.000e+00   1.278e-01   4.608e-03        0
      60        63   -7.806072e+04   0.000e+00   2.525e-01   7.999e-03        0
      61        64   -7.806007e+04   0.000e+00   4.280e-01   1.363e-02        0
      62        65   -7.805849e+04   0.000e+00   6.750e-01   3.670e-02        0
      63        66   -7.805538e+04   0.000e+00   9.014e-01   9.013e-02        0
      64        67   -7.805118e+04   0.000e+00   8.305e-01   1.562e-01        0
      65        68   -7.804839e+04   0.000e+00   3.866e-01   1.279e-01        0
      66        69   -7.804747e+04   0.000e+00   8.647e-02   3.540e-02        0
      67        70   -7.804734e+04   0.000e+00   1.608e-02   1.217e-02        0
      68        71   -7.804729e+04   0.000e+00   7.740e-03   4.650e-03        0
      69        72   -7.804706e+04   0.000e+00   7.832e-02   1.169e-02        0
      70        73   -7.804667e+04   0.000e+00   1.473e-01   1.104e-02        0
      71        74   -7.804595e+04   0.000e+00   2.014e-01   2.209e-02        0
      72        75   -7.804520e+04   0.000e+00   1.734e-01   4.038e-02        0
      73        76   -7.804475e+04   0.000e+00   4.320e-01   1.130e-01        0
      74        77   -7.804461e+04   0.000e+00   2.737e-01   3.526e-02        0
      75        78   -7.804407e+04   0.000e+00   1.132e-02   3.199e-02        0
      76        79   -7.804370e+04   0.000e+00   4.855e-02   4.113e-02        0
      77        80   -7.804317e+04   0.000e+00   1.220e-02   6.971e-02        0
      78        81   -7.804266e+04   0.000e+00   8.296e-02   6.104e-02        0
      79        82   -7.804225e+04   0.000e+00   1.528e-01   3.410e-02        0
      80        83   -7.804207e+04   0.000e+00   1.139e-01   1.636e-02        0
      81        84   -7.804203e+04   0.000e+00   3.900e-02   1.774e-02        0
      82        85   -7.804203e+04   0.000e+00   3.398e-03   6.001e-03        0
      83        86   -7.804202e+04   0.000e+00   1.101e-02   1.673e-03        0
      84        87   -7.804202e+04   0.000e+00   2.996e-02   1.818e-03        0
      85        88   -7.804201e+04   0.000e+00   5.519e-02   2.193e-03        0
      86        89   -7.804199e+04   0.000e+00   8.824e-02   3.498e-03        0
      87        90   -7.804195e+04   0.000e+00   1.132e-01   6.005e-03        0
      88        91   -7.804190e+04   0.000e+00   1.009e-01   8.539e-03        0
      89        92   -7.804188e+04   0.000e+00   4.719e-02   6.870e-03        0
      90        93   -7.804187e+04   0.000e+00   8.724e-03   4.898e-03        0
      91        94   -7.804187e+04   0.000e+00   2.558e-03   1.085e-03        0
      92        95   -7.804187e+04   0.000e+00   6.047e-03   5.995e-04        0
      93        96   -7.804187e+04   0.000e+00   1.392e-02   1.185e-03        0
      94        97   -7.804186e+04   0.000e+00   2.439e-02   1.617e-03        0
      95        98   -7.804185e+04   0.000e+00   4.080e-02   3.519e-03        0
      96        99   -7.804182e+04   0.000e+00   6.135e-02   7.421e-03        0
      97       100   -7.804177e+04   0.000e+00   7.564e-02   1.575e-02        0
      98       101   -7.804170e+04   0.000e+00   6.507e-02   2.268e-02        0
      99       102   -7.804166e+04   0.000e+00   3.043e-02   1.661e-02        0
     100       103   -7.804166e+04   0.000e+00   5.249e-03   4.090e-03        0
     101       104   -7.804165e+04   0.000e+00   2.589e-03   1.868e-03        0
     102       105   -7.804165e+04   0.000e+00   9.918e-03   1.967e-03        0
     103       106   -7.804164e+04   0.000e+00   2.174e-02   2.563e-03        0
     104       107   -7.804161e+04   0.000e+00   3.953e-02   4.210e-03        0
     105       108   -7.804155e+04   0.000e+00   6.399e-02   1.285e-02        0
     106       109   -7.804142e+04   0.000e+00   8.989e-02   3.537e-02        0
     107       110   -7.804122e+04   0.000e+00   9.580e-02   6.968e-02        0
     108       111   -7.804106e+04   0.000e+00   6.069e-02   7.546e-02        0
     109       112   -7.804100e+04   0.000e+00   1.462e-02   3.291e-02        0
     110       113   -7.804100e+04   0.000e+00   6.491e-04   6.416e-03        0
     111       114   -7.804100e+04   0.000e+00   3.660e-04   5.316e-03        0
     112       115   -7.804100e+04   0.000e+00   1.119e-04   8.745e-04        0
     113       116   -7.804100e+04   0.000e+00   1.023e-03   1.702e-03        0
     114       117   -7.804100e+04   0.000e+00   1.973e-03   1.891e-03        0
     115       118   -7.804100e+04   0.000e+00   3.134e-03   1.993e-03        0
     116       119   -7.804099e+04   0.000e+00   3.209e-03   1.176e-03        0
     117       120   -7.804099e+04   0.000e+00   1.885e-03   3.450e-03        0
     118       121   -7.804099e+04   0.000e+00   1.769e-04   3.338e-03        0
     119       123   -7.804099e+04   0.000e+00   3.041e-04   1.628e-03        0
     120       124   -7.804099e+04   0.000e+00   1.526e-04   7.452e-04        0
     121       126   -7.804099e+04   0.000e+00   1.258e-05   3.630e-04        0
     122       127   -7.804099e+04   0.000e+00   4.013e-05   1.535e-05       13
     123       128   -7.804099e+04   0.000e+00   1.966e-04   2.224e-04        0
     124       129   -7.804099e+04   0.000e+00   3.096e-04   2.236e-04        0
     125       130   -7.804099e+04   0.000e+00   5.308e-04   3.855e-04        0
     126       131   -7.804099e+04   0.000e+00   8.369e-04   4.614e-04        0
     127       132   -7.804099e+04   0.000e+00   1.272e-03   9.486e-04        0
     128       133   -7.804099e+04   0.000e+00   1.368e-03   1.355e-03        0
     129       134   -7.804099e+04   0.000e+00   1.055e-03   2.258e-03        0
     130       135   -7.804099e+04   0.000e+00   4.139e-04   1.852e-03        0
     131       136   -7.804099e+04   0.000e+00   2.546e-05   1.582e-03        0
     132       137   -7.804099e+04   0.000e+00   1.547e-05   9.363e-04        0
     133       138   -7.804099e+04   0.000e+00   3.834e-05   1.585e-05       10
     134       139   -7.804099e+04   0.000e+00   2.633e-05   3.263e-04        0
     135       140   -7.804099e+04   0.000e+00   6.854e-06   3.241e-04        0
     136       141   -7.804099e+04   0.000e+00   1.587e-05   2.090e-04       26
     137       142   -7.804099e+04   0.000e+00   2.284e-05   1.156e-04        0
     138       143   -7.804099e+04   0.000e+00   3.808e-06   1.157e-04        0
     139       144   -7.804099e+04   0.000e+00   2.913e-05   4.118e-05        0
     140       145   -7.804099e+04   0.000e+00   2.324e-06   4.113e-05        0
     141       146   -7.804099e+04   0.000e+00   1.046e-04   1.943e-04        0
     142       147   -7.804099e+04   0.000e+00   1.168e-04   1.963e-04        0
     143       148   -7.804099e+04   0.000e+00   6.338e-06   1.963e-04        0
     144       149   -7.804099e+04   0.000e+00   1.279e-04   9.432e-05        0
     145       150   -7.804099e+04   0.000e+00   9.724e-06   9.836e-05        0
     146       151   -7.804099e+04   0.000e+00   8.830e-05   1.452e-04        0
     147       152   -7.804099e+04   0.000e+00   1.535e-06   1.607e-04        0
     148       153   -7.804099e+04   0.000e+00   1.862e-04   2.923e-04        0
     149       155   -7.804099e+04   0.000e+00   9.181e-05   1.480e-04        0
     150       156   -7.804099e+04   0.000e+00   3.010e-05   2.254e-04        0
     151       157   -7.804099e+04   0.000e+00   2.467e-06   1.976e-04        0
     152       158   -7.804099e+04   0.000e+00   7.443e-07   1.827e-07        3
     153       159   -7.804099e+04   0.000e+00   3.749e-06   3.909e-05        0
     154       160   -7.804099e+04   0.000e+00   6.722e-07   6.160e-06        0
     155       161   -7.804099e+04   0.000e+00   5.731e-08   7.950e-09        2
     156       162   -7.804099e+04   0.000e+00   1.477e-07   5.677e-06        0
     157       163   -7.804099e+04   0.000e+00   4.131e-08   5.716e-06        0
     158       164   -7.804099e+04   0.000e+00   1.462e-08   5.635e-06       33
     159       165   -7.804099e+04   0.000e+00   8.061e-08   6.767e-07        0
     160       166   -7.804099e+04   0.000e+00   1.474e-09   5.262e-07        9

EXIT: Locally optimal solution found.

Final Statistics
----------------
Final objective value               =  -7.80409917752488e+04
Final feasibility error (abs / rel) =   0.00e+00 / 0.00e+00
Final optimality error  (abs / rel) =   1.47e-09 / 1.47e-09
# of iterations                     =        160 
# of CG iterations                  =         96 
# of function evaluations           =        166
# of gradient evaluations           =        161
Total program time (secs)           =   10275.68262 (188325.422 CPU time)
Time spent in evaluations (secs)    =   10197.99219

Solution Vector
---------------
x[       0] =   3.27037906089e+00
x[       1] =   3.01691069345e+00
x[       2] =   2.76052880412e+00
x[       3] =   3.03165846714e+00
x[       4] =   3.21197992758e+00
x[       5] =   3.18591188243e+00
x[       6] =   3.32345570608e+00
x[       7] =  -8.37177242066e-01
x[       8] =  -2.21495476562e+00
x[       9] =  -4.32499056279e+00
x[      10] =   2.23911952484e-02
x[      11] =   1.46891068027e-03
x[      12] =   1.62377445062e+00
x[      13] =   2.60578748789e+00
x[      14] =   2.51250189631e+00
x[      15] =   2.86100084278e+00
x[      16] =   7.77307704053e-01
x[      17] =   8.38458959984e-01
x[      18] =   9.27829710350e-01
x[      19] =   9.69573526996e-01
x[      20] =   8.19622791605e-01
x[      21] =   1.11382405929e+00
x[      22] =   2.27692750159e-01

===============================================================================

