
Solving from new start point (number 5 of 42) <multistart>.


=======================================
*** NO CHECK MADE FOR LICENSE ***
         Artelys Knitro 12.3.0
=======================================

Knitro presolve eliminated 0 variables and 0 constraints.

algorithm:               4
bar_maxcrossit:          3
datacheck:               0
feastol:                 1e-08
hessopt:                 2
maxtime_cpu:             9.99996e+07
maxtime_real:            9.99998e+07
opttol:                  1e-08
outlev:                  5
outmode:                 2
par_concurrent_evals:    0
The problem is identified as bound constrained only.
Knitro changing act_qpalg from AUTO to 3.
Knitro changing honorbnds from AUTO to -1.
Knitro changing linesearch from AUTO to 2.
Knitro changing linsolver from AUTO to 4.

Problem Characteristics                                 (   Presolved)
-----------------------
Objective goal:  Maximize
Objective type:  general
Number of variables:                                 23 (          23)
    bounded below only:                               0 (           0)
    bounded above only:                               0 (           0)
    bounded below and above:                         23 (          23)
    fixed:                                            0 (           0)
    free:                                             0 (           0)
Number of constraints:                                0 (           0)
    linear equalities:                                0 (           0)
    quadratic equalities:                             0 (           0)
    gen. nonlinear equalities:                        0 (           0)
    linear one-sided inequalities:                    0 (           0)
    quadratic one-sided inequalities:                 0 (           0)
    gen. nonlinear one-sided inequalities:            0 (           0)
    linear two-sided inequalities:                    0 (           0)
    quadratic two-sided inequalities:                 0 (           0)
    gen. nonlinear two-sided inequalities:            0 (           0)
Number of nonzeros in Jacobian:                       0 (           0)
Number of nonzeros in Hessian:                        0 (         276)

Knitro using the Sequential Quadratic Programming (SQP) algorithm.

  Iter     fCount     Objective      FeasError   OptError    ||Step||    CGits 
--------  --------  --------------  ----------  ----------  ----------  -------
       0         1   -5.559717e+04   0.000e+00
       1         3   -4.423774e+04   0.000e+00   1.466e+02   4.796e+00        0
       2         4   -4.047762e+04   5.551e-17   5.286e+01   7.563e+00        0
       3         7   -3.854445e+04   0.000e+00   4.378e+01   1.024e+00        0
       4         9   -3.719717e+04   0.000e+00   5.269e+01   3.809e+00        0
       5        11   -3.599624e+04   0.000e+00   1.142e+01   1.607e+00        0
       6        13   -3.513323e+04   0.000e+00   3.168e+01   2.425e+00        0
       7        16   -3.499443e+04   0.000e+00   2.080e+01   3.927e-01        0
       8        18   -3.467516e+04   0.000e+00   4.182e+01   1.783e+00        0
       9        21   -3.424312e+04   0.000e+00   1.093e+01   7.322e-01        0
      10        23   -3.373360e+04   0.000e+00   6.409e+00   1.114e+00        0
      11        26   -3.359024e+04   0.000e+00   3.246e+01   3.478e-01        0
      12        29   -3.355858e+04   0.000e+00   5.040e+00   1.401e-01        0
      13        31   -3.347120e+04   0.000e+00   1.142e+01   6.091e-01        0
      14        32   -3.339052e+04   0.000e+00   8.973e+00   7.543e-01        0
      15        34   -3.336161e+04   0.000e+00   5.313e+00   3.881e-01        0
      16        37   -3.334609e+04   0.000e+00   2.482e+00   1.156e-01        0
      17        39   -3.331224e+04   0.000e+00   2.509e+00   2.263e-01        0
      18        41   -3.330668e+04   0.000e+00   1.751e+00   1.406e-01        0
      19        42   -3.329904e+04   0.000e+00   2.110e+00   1.507e-01        0
      20        43   -3.329580e+04   0.000e+00   1.005e+00   6.953e-02        0
      21        45   -3.329515e+04   0.000e+00   1.049e+00   4.579e-02        0
      22        46   -3.329488e+04   0.000e+00   4.415e-01   2.534e-02        0
      23        47   -3.329480e+04   0.000e+00   1.332e-02   9.114e-03        0
      24        48   -3.329480e+04   0.000e+00   9.723e-03   1.049e-03        0
      25        49   -3.329480e+04   0.000e+00   4.358e-04   7.426e-04        0
      26        50   -3.329480e+04   0.000e+00   2.248e-04   7.591e-05        0
      27        51   -3.329480e+04   0.000e+00   3.988e-05   1.170e-05        0
      28        52   -3.329480e+04   0.000e+00   1.707e-05   5.721e-07        0
      29        53   -3.329480e+04   0.000e+00   7.232e-05   3.436e-06        0
      30        54   -3.329480e+04   0.000e+00   1.814e-04   8.282e-06        0
      31        55   -3.329480e+04   0.000e+00   3.824e-04   2.695e-05        0
      32        56   -3.329480e+04   0.000e+00   6.931e-04   7.182e-05        0
      33        57   -3.329480e+04   0.000e+00   1.204e-03   1.976e-04        0
      34        58   -3.329480e+04   0.000e+00   2.025e-03   5.249e-04        0
      35        59   -3.329480e+04   0.000e+00   3.350e-03   1.392e-03        0
      36        60   -3.329480e+04   0.000e+00   5.467e-03   3.649e-03        0
      37        61   -3.329480e+04   0.000e+00   8.792e-03   9.454e-03        0
      38        62   -3.329480e+04   0.000e+00   1.376e-02   2.385e-02        0
      39        67   -3.329480e+04   0.000e+00   1.292e-03   2.247e-05        5
      40        72   -3.329480e+04   0.000e+00   1.118e-03   7.370e-05        7
      41        77   -3.329480e+04   0.000e+00   6.344e-04   5.077e-05        8
      42        88   -3.329480e+04   0.000e+00   1.288e-04   7.453e-04       81
      43        96   -3.329480e+04   0.000e+00   1.641e-03   6.522e-04       52
      44       100   -3.329480e+04   0.000e+00   2.774e-04   4.254e-05        0
      45       103   -3.329480e+04   0.000e+00   2.291e-04   4.103e-05        0
      46       104   -3.329480e+04   0.000e+00   3.705e-05   5.542e-06        0
      47       105   -3.329480e+04   0.000e+00   1.574e-05   2.936e-07        0
      48       106   -3.329480e+04   0.000e+00   3.518e-05   9.065e-07        0
      49       107   -3.329480e+04   0.000e+00   9.868e-05   2.390e-06        0
      50       108   -3.329480e+04   0.000e+00   5.558e-04   7.048e-06        0
      51       109   -3.329480e+04   0.000e+00   6.805e-05   6.959e-06        0
      52       110   -3.329480e+04   0.000e+00   4.526e-05   1.830e-07        0
      53       111   -3.329480e+04   0.000e+00   4.349e-05   6.228e-07        0
      54       112   -3.329480e+04   0.000e+00   6.834e-05   4.436e-07        0
      55       113   -3.329480e+04   0.000e+00   3.536e-04   2.253e-06        0
      56       114   -3.329480e+04   0.000e+00   4.769e-05   2.120e-06        0
      57       115   -3.329480e+04   0.000e+00   3.709e-05   1.720e-07        0
      58       116   -3.329480e+04   0.000e+00   6.379e-05   6.957e-07        0
      59       117   -3.329480e+04   0.000e+00   1.947e-05   6.494e-07        0
      60       118   -3.329480e+04   0.000e+00   1.742e-05   5.072e-07        0
      61       119   -3.329480e+04   0.000e+00   1.574e-05   2.740e-07        0
      62       120   -3.329480e+04   0.000e+00   3.446e-05   2.622e-07        0
      63       121   -3.329480e+04   0.000e+00   1.574e-05   2.948e-07        0
      64       123   -3.329480e+04   0.000e+00   1.574e-05   9.742e-08        0
      65       124   -3.329480e+04   0.000e+00   1.574e-05   1.723e-07        0
      66       144   -3.329480e+04   0.000e+00   1.574e-05   9.883e-12       31
      67       149   -3.329480e+04   0.000e+00   1.574e-05   6.918e-11        1
      68       152   -3.329480e+04   0.000e+00   1.574e-05   2.421e-10        0
      69       176   -3.329480e+04   0.000e+00   1.574e-05   9.237e-16       20
      70       185   -3.329480e+04   0.000e+00   1.574e-05   4.041e-16        5

EXIT: Primal feasible solution; terminate because the relative change in
      the objective function < 1.000000e-15 for 5 consecutive feasible iterations.
      Decrease ftol or increase ftol_iters to try for more accuracy.

Final Statistics
----------------
Final objective value               =  -3.32948031427022e+04
Final feasibility error (abs / rel) =   0.00e+00 / 0.00e+00
Final optimality error  (abs / rel) =   1.57e-05 / 1.54e-06
# of iterations                     =         70 
# of CG iterations                  =        210 
# of function evaluations           =        185
# of gradient evaluations           =         71
Total program time (secs)           =    2861.65967 ( 59875.641 CPU time)
Time spent in evaluations (secs)    =    2853.96460

Solution Vector
---------------
x[       0] =   3.36614074575e+00
x[       1] =   2.83335173494e+00
x[       2] =   2.75846786832e+00
x[       3] =   3.03863482697e+00
x[       4] =   3.17498071711e+00
x[       5] =   2.70798836694e+00
x[       6] =   3.34762201690e+00
x[       7] =  -1.72702200481e+00
x[       8] =  -1.72702200481e+00
x[       9] =  -1.15128793987e+01
x[      10] =  -5.06763942053e+00
x[      11] =   5.86880905707e-02
x[      12] =   7.99196419243e-01
x[      13] =   4.29391532668e-01
x[      14] =   5.64354428049e-01
x[      15] =   3.51746150945e-01
x[      16] =   1.32244092990e+00
x[      17] =   1.41959873233e+00
x[      18] =   1.39274009064e+00
x[      19] =   1.46722252490e+00
x[      20] =   1.39798026344e+00
x[      21] =   1.28475623896e+00
x[      22] =   1.61218114956e-01

===============================================================================

