
Solving from new start point (number 31 of 42) <multistart>.


=======================================
*** NO CHECK MADE FOR LICENSE ***
         Artelys Knitro 12.3.0
=======================================

Knitro presolve eliminated 0 variables and 0 constraints.

algorithm:               4
bar_maxcrossit:          3
datacheck:               0
feastol:                 1e-08
hessopt:                 2
maxtime_cpu:             9.99565e+07
maxtime_real:            9.99978e+07
opttol:                  1e-08
outlev:                  5
outmode:                 2
par_concurrent_evals:    0
The problem is identified as bound constrained only.
Knitro changing act_qpalg from AUTO to 3.
Knitro changing honorbnds from AUTO to -1.
Knitro changing linesearch from AUTO to 2.
Knitro changing linsolver from AUTO to 4.

Problem Characteristics                                 (   Presolved)
-----------------------
Objective goal:  Maximize
Objective type:  general
Number of variables:                                 23 (          23)
    bounded below only:                               0 (           0)
    bounded above only:                               0 (           0)
    bounded below and above:                         23 (          23)
    fixed:                                            0 (           0)
    free:                                             0 (           0)
Number of constraints:                                0 (           0)
    linear equalities:                                0 (           0)
    quadratic equalities:                             0 (           0)
    gen. nonlinear equalities:                        0 (           0)
    linear one-sided inequalities:                    0 (           0)
    quadratic one-sided inequalities:                 0 (           0)
    gen. nonlinear one-sided inequalities:            0 (           0)
    linear two-sided inequalities:                    0 (           0)
    quadratic two-sided inequalities:                 0 (           0)
    gen. nonlinear two-sided inequalities:            0 (           0)
Number of nonzeros in Jacobian:                       0 (           0)
Number of nonzeros in Hessian:                        0 (         276)

Knitro using the Sequential Quadratic Programming (SQP) algorithm.

  Iter     fCount     Objective      FeasError   OptError    ||Step||    CGits 
--------  --------  --------------  ----------  ----------  ----------  -------
       0         1   -3.605608e+04   0.000e+00
       1         4   -3.306442e+04   0.000e+00   3.851e+02   1.587e+00        0
       2         7   -3.222081e+04   0.000e+00   2.725e+02   9.672e-01        0
       3        10   -3.107199e+04   0.000e+00   1.134e+01   1.068e+00        0
       4        13   -3.036746e+04   0.000e+00   1.527e+02   7.112e-01        0
       5        16   -3.010581e+04   0.000e+00   1.085e+02   3.587e-01        0
       6        19   -3.001663e+04   0.000e+00   2.654e+02   3.502e-01        0
       7        22   -2.990774e+04   0.000e+00   2.303e+02   4.816e-01        0
       8        25   -2.987204e+04   0.000e+00   8.822e+01   2.451e-01        0
       9        28   -2.983277e+04   0.000e+00   3.075e+01   2.554e-01        0
      10        31   -2.981939e+04   0.000e+00   1.488e+01   1.178e-01        0
      11        34   -2.981083e+04   0.000e+00   1.267e+01   9.976e-02        0
      12        37   -2.980502e+04   0.000e+00   1.494e+01   9.006e-02        0
      13        40   -2.980272e+04   0.000e+00   3.815e+01   7.245e-02        0
      14        43   -2.980177e+04   0.000e+00   3.012e+01   2.887e-02        0
      15        46   -2.979973e+04   0.000e+00   5.122e+00   4.902e-02        0
      16        49   -2.979928e+04   0.000e+00   5.289e-01   1.718e-02        0
      17        52   -2.979875e+04   0.000e+00   1.607e+00   2.186e-02        0
      18        55   -2.979834e+04   0.000e+00   1.584e+00   3.919e-02        0
      19        58   -2.979817e+04   0.000e+00   4.836e+00   2.286e-02        0
      20        59   -2.979807e+04   0.000e+00   9.482e+00   1.390e-01        0
      21        60   -2.979663e+04   0.000e+00   3.216e+00   8.120e-02        0
      22        61   -2.979500e+04   0.000e+00   1.513e-01   1.976e-01        0
      23        62   -2.979234e+04   0.000e+00   9.776e+00   5.930e-01        0
      24        63   -2.979104e+04   0.000e+00   1.182e+00   4.504e-01        0
      25        64   -2.979078e+04   0.000e+00   1.556e+00   9.251e-02        0
      26        65   -2.979077e+04   0.000e+00   1.308e-01   2.580e-02        0
      27        66   -2.979077e+04   0.000e+00   2.307e-01   5.754e-03        0
      28        67   -2.979077e+04   0.000e+00   3.657e-02   2.053e-03        0
      29        68   -2.979077e+04   0.000e+00   1.418e-02   3.473e-04        0
      30        69   -2.979077e+04   0.000e+00   4.934e-02   8.281e-04        0
      31        70   -2.979077e+04   0.000e+00   1.539e-01   4.459e-03        0
      32        71   -2.979077e+04   0.000e+00   2.674e-01   1.116e-02        0
      33        72   -2.979077e+04   0.000e+00   4.910e-01   3.150e-02        0
      34        73   -2.979076e+04   0.000e+00   6.991e-01   7.107e-02        0
      35        74   -2.979076e+04   0.000e+00   8.537e-01   1.127e-01        0
      36        75   -2.979076e+04   0.000e+00   4.879e-01   7.102e-02        0
      37        76   -2.979076e+04   0.000e+00   1.610e-02   4.108e-03        0
      38        77   -2.979076e+04   0.000e+00   6.599e-03   5.960e-03        0
      39        78   -2.979076e+04   0.000e+00   1.665e-03   2.145e-04        0
      40        79   -2.979076e+04   0.000e+00   1.186e-04   6.134e-05        0
      41        80   -2.979076e+04   0.000e+00   3.085e-05   3.716e-06        0
      42        81   -2.979076e+04   0.000e+00   4.050e-05   1.554e-05        0
      43        82   -2.979076e+04   0.000e+00   1.255e-04   7.958e-05        0
      44        83   -2.979076e+04   0.000e+00   3.171e-04   4.044e-04        0
      45        84   -2.979076e+04   0.000e+00   5.289e-04   2.036e-03        0
      46        85   -2.979076e+04   0.000e+00   1.001e-03   1.020e-02        0
      47        86   -2.979076e+04   0.000e+00   1.603e-03   5.108e-02        0
      48        87   -2.979076e+04   0.000e+00   2.932e-03   2.553e-01        0
      49        88   -2.979076e+04   0.000e+00   4.426e-03   1.270e+00        0
      50        90   -2.979076e+04   0.000e+00   6.461e-03   3.068e+00        0
      51        93   -2.979076e+04   0.000e+00   5.496e-03   8.600e-01        0
      52        94   -2.979076e+04   0.000e+00   1.608e-03   1.700e-01        0
      53        95   -2.979076e+04   0.000e+00   7.644e-04   4.413e-02        0
      54        98   -2.979076e+04   0.000e+00   6.738e-04   4.899e-03        0
      55        99   -2.979076e+04   0.000e+00   1.892e-04   3.410e-06        9
      56       102   -2.979076e+04   0.000e+00   1.300e-04   5.690e-05        0
      57       103   -2.979076e+04   0.000e+00   2.387e-06   3.525e-04        0
      58       104   -2.979076e+04   0.000e+00   8.205e-07   3.525e-04        0
      59       105   -2.979076e+04   0.000e+00   2.510e-06   3.520e-04        0
      60       106   -2.979076e+04   0.000e+00   3.727e-07   3.590e-08        9
      61       107   -2.979076e+04   0.000e+00   3.874e-07   2.508e-04        0
      62       108   -2.979076e+04   0.000e+00   8.797e-08   2.508e-04        0
      63       109   -2.979076e+04   0.000e+00   1.892e-09   2.496e-04       41

EXIT: Locally optimal solution found.

Final Statistics
----------------
Final objective value               =  -2.97907552544034e+04
Final feasibility error (abs / rel) =   0.00e+00 / 0.00e+00
Final optimality error  (abs / rel) =   1.89e-09 / 1.89e-09
# of iterations                     =         63 
# of CG iterations                  =         59 
# of function evaluations           =        109
# of gradient evaluations           =         64
Total program time (secs)           =    1936.18176 ( 38732.461 CPU time)
Time spent in evaluations (secs)    =    1911.23462

Solution Vector
---------------
x[       0] =   6.10687579627e+00
x[       1] =   5.66670254786e+00
x[       2] =   5.51693484667e+00
x[       3] =   6.07726870107e+00
x[       4] =   6.34996043388e+00
x[       5] =   5.41597585237e+00
x[       6] =   6.59313393742e+00
x[       7] =  -1.69088505204e+00
x[       8] =  -3.32102473098e+00
x[       9] =  -1.20880567257e+01
x[      10] =  -4.02176613945e+00
x[      11] =   1.07334268328e-01
x[      12] =   9.30453907423e-01
x[      13] =   4.92324163699e-01
x[      14] =   3.76236268803e-01
x[      15] =   2.34497403294e-01
x[      16] =   8.81627239208e-01
x[      17] =   9.46399116073e-01
x[      18] =   9.28493366713e-01
x[      19] =   1.00948816580e+00
x[      20] =   9.43484953433e-01
x[      21] =   8.82901353120e-01
x[      22] =   1.97228618955e-01

===============================================================================

