
Solving from new start point (number 6 of 42) <multistart>.


=======================================
*** NO CHECK MADE FOR LICENSE ***
         Artelys Knitro 12.3.0
=======================================

Knitro presolve eliminated 0 variables and 0 constraints.

algorithm:               4
bar_maxcrossit:          3
datacheck:               0
feastol:                 1e-08
hessopt:                 2
maxtime_cpu:             9.99996e+07
maxtime_real:            9.99998e+07
opttol:                  1e-08
outlev:                  5
outmode:                 2
par_concurrent_evals:    0
The problem is identified as bound constrained only.
Knitro changing act_qpalg from AUTO to 3.
Knitro changing honorbnds from AUTO to -1.
Knitro changing linesearch from AUTO to 2.
Knitro changing linsolver from AUTO to 4.

Problem Characteristics                                 (   Presolved)
-----------------------
Objective goal:  Maximize
Objective type:  general
Number of variables:                                 23 (          23)
    bounded below only:                               0 (           0)
    bounded above only:                               0 (           0)
    bounded below and above:                         23 (          23)
    fixed:                                            0 (           0)
    free:                                             0 (           0)
Number of constraints:                                0 (           0)
    linear equalities:                                0 (           0)
    quadratic equalities:                             0 (           0)
    gen. nonlinear equalities:                        0 (           0)
    linear one-sided inequalities:                    0 (           0)
    quadratic one-sided inequalities:                 0 (           0)
    gen. nonlinear one-sided inequalities:            0 (           0)
    linear two-sided inequalities:                    0 (           0)
    quadratic two-sided inequalities:                 0 (           0)
    gen. nonlinear two-sided inequalities:            0 (           0)
Number of nonzeros in Jacobian:                       0 (           0)
Number of nonzeros in Hessian:                        0 (         276)

Knitro using the Sequential Quadratic Programming (SQP) algorithm.

  Iter     fCount     Objective      FeasError   OptError    ||Step||    CGits 
--------  --------  --------------  ----------  ----------  ----------  -------
       0         1   -4.306549e+04   0.000e+00
       1         4   -3.691490e+04   0.000e+00   5.124e+01   1.329e+00        0
       2         6   -3.303532e+04   0.000e+00   8.700e+00   2.535e+00        0
       3         9   -3.238099e+04   0.000e+00   5.509e+01   6.942e-01        0
       4        12   -3.078480e+04   0.000e+00   7.577e+01   9.628e-01        0
       5        15   -3.045194e+04   0.000e+00   3.019e+01   5.569e-01        0
       6        18   -3.019759e+04   0.000e+00   3.313e+01   4.716e-01        0
       7        21   -3.010732e+04   0.000e+00   7.778e+01   3.922e-01        0
       8        24   -2.995530e+04   0.000e+00   3.742e+01   4.022e-01        0
       9        27   -2.990716e+04   0.000e+00   2.517e+00   1.599e-01        0
      10        30   -2.984285e+04   0.000e+00   1.907e+01   2.214e-01        0
      11        33   -2.982224e+04   0.000e+00   6.187e+00   1.341e-01        0
      12        36   -2.980532e+04   0.000e+00   2.371e+00   1.310e-01        0
      13        39   -2.980299e+04   0.000e+00   5.262e+00   5.178e-02        0
      14        42   -2.979944e+04   0.000e+00   1.781e+00   5.999e-02        0
      15        44   -2.979504e+04   0.000e+00   4.629e+00   1.242e-01        0
      16        46   -2.979404e+04   0.000e+00   2.312e+00   6.657e-02        0
      17        47   -2.979230e+04   0.000e+00   1.340e+00   5.699e-02        0
      18        49   -2.979197e+04   0.000e+00   1.941e+00   2.501e-02        0
      19        50   -2.979172e+04   0.000e+00   6.297e-01   1.951e-02        0
      20        51   -2.979161e+04   0.000e+00   1.091e-01   1.726e-02        0
      21        52   -2.979155e+04   0.000e+00   1.802e-01   8.688e-03        0
      22        53   -2.979153e+04   0.000e+00   8.537e-01   1.051e-02        0
      23        54   -2.979142e+04   0.000e+00   7.473e-01   5.445e-02        0
      24        55   -2.979119e+04   0.000e+00   2.166e-01   1.109e-01        0
      25        56   -2.979083e+04   0.000e+00   3.859e-01   2.993e-01        0
      26        57   -2.979078e+04   0.000e+00   1.886e-02   4.571e-02        0
      27        58   -2.979077e+04   0.000e+00   4.093e-03   9.190e-03        0
      28        59   -2.979077e+04   0.000e+00   5.280e-03   3.130e-03        0
      29        60   -2.979077e+04   0.000e+00   5.839e-03   6.157e-04        0
      30        61   -2.979077e+04   0.000e+00   8.161e-03   2.828e-03        0
      31        62   -2.979077e+04   0.000e+00   8.926e-03   6.565e-03        0
      32        63   -2.979077e+04   0.000e+00   1.137e-02   1.913e-02        0
      33        64   -2.979077e+04   0.000e+00   1.748e-02   4.253e-02        0
      34        65   -2.979076e+04   0.000e+00   3.602e-02   7.893e-02        0
      35        66   -2.979076e+04   0.000e+00   4.641e-02   9.676e-02        0
      36        67   -2.979076e+04   0.000e+00   1.212e-02   5.652e-02        0
      37        68   -2.979076e+04   0.000e+00   6.043e-03   5.206e-03        0
      38        69   -2.979076e+04   0.000e+00   4.191e-03   4.949e-03        0
      39        70   -2.979076e+04   0.000e+00   6.840e-04   3.563e-03        0
      40        71   -2.979076e+04   0.000e+00   5.477e-05   3.354e-04        0
      41        72   -2.979076e+04   0.000e+00   2.827e-05   3.349e-04        0
      42        73   -2.979076e+04   0.000e+00   3.119e-05   2.888e-04        0
      43        74   -2.979076e+04   0.000e+00   3.421e-05   3.095e-05        0
      44        75   -2.979076e+04   0.000e+00   4.307e-05   3.409e-05        0
      45        76   -2.979076e+04   0.000e+00   5.169e-05   8.003e-05        0
      46        77   -2.979076e+04   0.000e+00   7.416e-05   3.723e-04        0
      47        78   -2.979076e+04   0.000e+00   6.206e-05   1.856e-03        0
      48        79   -2.979076e+04   0.000e+00   1.021e-04   9.255e-03        0
      49        80   -2.979076e+04   0.000e+00   3.730e-05   4.567e-02        0
      50        81   -2.979076e+04   0.000e+00   1.752e-04   2.133e-01        0
      51        82   -2.979076e+04   0.000e+00   1.508e-04   5.291e-01        0
      52        83   -2.979076e+04   0.000e+00   1.787e-04   5.291e-01        0
      53        84   -2.979076e+04   0.000e+00   3.368e-05   1.305e-01        0
      54        87   -2.979076e+04   0.000e+00   5.605e-06   2.990e-02        0
      55        88   -2.979076e+04   0.000e+00   2.820e-06   1.810e-07        9
      56        89   -2.979076e+04   0.000e+00   9.089e-07   1.808e-03        0
      57        90   -2.979076e+04   0.000e+00   2.072e-07   1.016e-08        8
      58        91   -2.979076e+04   0.000e+00   2.001e-08   1.787e-03        0
      59        92   -2.979076e+04   0.000e+00   7.776e-08   2.333e-05        0
      60        93   -2.979076e+04   0.000e+00   2.375e-08   2.326e-05        0
      61        94   -2.979076e+04   0.000e+00   9.974e-11   1.995e-11        3

EXIT: Locally optimal solution found.

Final Statistics
----------------
Final objective value               =  -2.97907552544034e+04
Final feasibility error (abs / rel) =   0.00e+00 / 0.00e+00
Final optimality error  (abs / rel) =   9.97e-11 / 9.97e-11
# of iterations                     =         61 
# of CG iterations                  =         20 
# of function evaluations           =         94
# of gradient evaluations           =         62
Total program time (secs)           =    1792.02905 ( 37494.152 CPU time)
Time spent in evaluations (secs)    =    1783.04175

Solution Vector
---------------
x[       0] =   6.10687579622e+00
x[       1] =   5.66670254778e+00
x[       2] =   5.51693484669e+00
x[       3] =   6.07726870111e+00
x[       4] =   6.34996043388e+00
x[       5] =   5.41597585217e+00
x[       6] =   6.59313393729e+00
x[       7] =  -1.69088505206e+00
x[       8] =  -3.32102473093e+00
x[       9] =  -1.20880796830e+01
x[      10] =  -4.02176501362e+00
x[      11] =   1.07334254530e-01
x[      12] =   9.30453907385e-01
x[      13] =   4.92324163716e-01
x[      14] =   3.76236268797e-01
x[      15] =   2.34497403298e-01
x[      16] =   8.81627239204e-01
x[      17] =   9.46399116093e-01
x[      18] =   9.28493366720e-01
x[      19] =   1.00948816585e+00
x[      20] =   9.43484953504e-01
x[      21] =   8.82901353106e-01
x[      22] =   1.97228618954e-01

===============================================================================

