
Solving from new start point (number 16 of 42) <multistart>.


=======================================
*** NO CHECK MADE FOR LICENSE ***
         Artelys Knitro 12.3.0
=======================================

Knitro presolve eliminated 0 variables and 0 constraints.

algorithm:               4
bar_maxcrossit:          3
datacheck:               0
feastol:                 1e-08
hessopt:                 2
maxtime_cpu:             9.99996e+07
maxtime_real:            9.99998e+07
opttol:                  1e-08
outlev:                  5
outmode:                 2
par_concurrent_evals:    0
The problem is identified as bound constrained only.
Knitro changing act_qpalg from AUTO to 3.
Knitro changing honorbnds from AUTO to -1.
Knitro changing linesearch from AUTO to 2.
Knitro changing linsolver from AUTO to 4.

Problem Characteristics                                 (   Presolved)
-----------------------
Objective goal:  Maximize
Objective type:  general
Number of variables:                                 23 (          23)
    bounded below only:                               0 (           0)
    bounded above only:                               0 (           0)
    bounded below and above:                         23 (          23)
    fixed:                                            0 (           0)
    free:                                             0 (           0)
Number of constraints:                                0 (           0)
    linear equalities:                                0 (           0)
    quadratic equalities:                             0 (           0)
    gen. nonlinear equalities:                        0 (           0)
    linear one-sided inequalities:                    0 (           0)
    quadratic one-sided inequalities:                 0 (           0)
    gen. nonlinear one-sided inequalities:            0 (           0)
    linear two-sided inequalities:                    0 (           0)
    quadratic two-sided inequalities:                 0 (           0)
    gen. nonlinear two-sided inequalities:            0 (           0)
Number of nonzeros in Jacobian:                       0 (           0)
Number of nonzeros in Hessian:                        0 (         276)

Knitro using the Sequential Quadratic Programming (SQP) algorithm.

  Iter     fCount     Objective      FeasError   OptError    ||Step||    CGits 
--------  --------  --------------  ----------  ----------  ----------  -------
       0         1   -5.159831e+04   0.000e+00
       1         3   -4.661970e+04   0.000e+00   1.990e+02   2.913e+00        0
       2         4   -4.153963e+04   5.551e-17   4.580e+01   5.310e+00        0
       3         6   -4.090852e+04   0.000e+00   6.236e+01   3.210e+00        0
       4         7   -3.918032e+04   4.441e-16   1.933e+01   8.741e+00        0
       5         9   -3.775585e+04   0.000e+00   3.519e+01   3.246e+00        0
       6        11   -3.676308e+04   0.000e+00   9.430e+00   4.094e+00        0
       7        14   -3.626148e+04   0.000e+00   2.055e+01   1.099e+00        0
       8        17   -3.591200e+04   0.000e+00   2.758e+01   1.518e+00        0
       9        19   -3.519422e+04   0.000e+00   4.634e+01   2.897e+00        0
      10        22   -3.477874e+04   0.000e+00   2.281e+01   9.964e-01        0
      11        25   -3.441516e+04   0.000e+00   7.373e+00   9.732e-01        0
      12        27   -3.426909e+04   0.000e+00   7.965e+01   1.619e+00        0
      13        30   -3.407222e+04   0.000e+00   2.373e+01   5.032e-01        0
      14        32   -3.398211e+04   0.000e+00   4.447e+01   9.322e-01        0
      15        35   -3.387570e+04   0.000e+00   2.370e+01   2.242e-01        0
      16        37   -3.383608e+04   0.000e+00   3.039e+01   9.069e-01        0
      17        39   -3.380900e+04   0.000e+00   2.668e+01   8.742e-01        0
      18        41   -3.353036e+04   0.000e+00   2.354e+01   5.668e-01        0
      19        44   -3.348464e+04   0.000e+00   1.895e+01   3.424e-01        0
      20        46   -3.338263e+04   0.000e+00   1.156e+01   4.023e-01        0
      21        48   -3.336296e+04   0.000e+00   4.337e+00   3.437e-01        0
      22        49   -3.331905e+04   0.000e+00   5.495e+00   3.898e-01        0
      23        51   -3.331001e+04   0.000e+00   5.533e+00   1.944e-01        0
      24        52   -3.330596e+04   0.000e+00   2.830e+00   1.679e-01        0
      25        53   -3.329722e+04   0.000e+00   1.706e+00   1.082e-01        0
      26        54   -3.329547e+04   0.000e+00   5.458e-01   4.943e-02        0
      27        55   -3.329488e+04   0.000e+00   1.520e-01   3.715e-02        0
      28        56   -3.329484e+04   0.000e+00   1.258e-01   1.074e-02        0
      29        57   -3.329484e+04   0.000e+00   3.059e-02   1.716e-03        0
      30        58   -3.329484e+04   0.000e+00   1.509e-03   1.066e-03        0
      31        59   -3.329484e+04   0.000e+00   3.350e-03   6.382e-04        0
      32        60   -3.329484e+04   0.000e+00   8.121e-03   4.155e-03        0
      33        61   -3.329484e+04   0.000e+00   1.403e-02   1.109e-02        0
      34        62   -3.329483e+04   0.000e+00   2.374e-02   3.344e-02        0
      35        63   -3.329483e+04   0.000e+00   3.759e-02   8.589e-02        0
      36        64   -3.329483e+04   0.000e+00   5.418e-02   2.024e-01        0
      37        65   -3.329481e+04   0.000e+00   6.179e-02   3.520e-01        0
      38        70   -3.329481e+04   0.000e+00   9.389e-02   9.653e-04        4
      39        75   -3.329481e+04   0.000e+00   3.961e-03   2.014e-03        6
      40        80   -3.329480e+04   0.000e+00   2.851e-04   2.363e-03        8
      41        89   -3.329480e+04   0.000e+00   2.440e-03   3.089e-02       63
      42       100   -3.329480e+04   0.000e+00   6.694e-04   3.379e-03       84
      43       111   -3.329480e+04   0.000e+00   3.478e-04   3.696e-04       63
      44       121   -3.329480e+04   0.000e+00   2.541e-04   8.085e-05       38
      45       129   -3.329480e+04   0.000e+00   2.379e-03   7.074e-05       20
      46       132   -3.329480e+04   0.000e+00   2.199e-03   4.668e-06        0
      47       135   -3.329480e+04   0.000e+00   2.521e-04   4.883e-05        0
      48       136   -3.329480e+04   0.000e+00   2.521e-04   1.008e-05        0
      49       137   -3.329480e+04   0.000e+00   2.521e-04   4.925e-06        0
      50       138   -3.329480e+04   0.000e+00   2.521e-04   1.433e-06        0
      51       139   -3.329480e+04   0.000e+00   3.040e-04   2.343e-06        0
      52       141   -3.329480e+04   0.000e+00   2.694e-04   4.767e-07        0
      53       142   -3.329480e+04   0.000e+00   2.521e-04   7.334e-07        0
      54       143   -3.329480e+04   0.000e+00   2.521e-04   4.287e-07        0
      55       145   -3.329480e+04   0.000e+00   2.531e-04   2.238e-07        0
      56       146   -3.329480e+04   0.000e+00   2.521e-04   9.318e-08        0
      57       147   -3.329480e+04   0.000e+00   2.521e-04   9.484e-08        0
      58       148   -3.329480e+04   0.000e+00   2.525e-04   5.516e-08        0
      59       155   -3.329480e+04   0.000e+00   2.040e-04   6.709e-11        3
      60       158   -3.329480e+04   0.000e+00   2.525e-04   2.297e-10        0
      61       171   -3.329480e+04   0.000e+00   2.040e-04   1.795e-12        9
      62       174   -3.329480e+04   0.000e+00   2.525e-04   6.282e-12        0

EXIT: Primal feasible solution; terminate because the relative change in
      the objective function < 1.000000e-15 for 5 consecutive feasible iterations.
      Decrease ftol or increase ftol_iters to try for more accuracy.

Final Statistics
----------------
Final objective value               =  -3.32948031427022e+04
Final feasibility error (abs / rel) =   0.00e+00 / 0.00e+00
Final optimality error  (abs / rel) =   2.52e-04 / 2.34e-05
# of iterations                     =         62 
# of CG iterations                  =        298 
# of function evaluations           =        174
# of gradient evaluations           =         63
Total program time (secs)           =    2645.98877 ( 55363.105 CPU time)
Time spent in evaluations (secs)    =    2623.37256

Solution Vector
---------------
x[       0] =   3.36614077974e+00
x[       1] =   2.83335173494e+00
x[       2] =   2.75846786832e+00
x[       3] =   3.03863482697e+00
x[       4] =   3.17498071711e+00
x[       5] =   2.70798836694e+00
x[       6] =   3.34762212587e+00
x[       7] =  -1.72702202425e+00
x[       8] =  -1.72702202441e+00
x[       9] =  -8.79352125211e+00
x[      10] =  -5.36519060307e+00
x[      11] =   7.54415783332e-02
x[      12] =   7.99196419778e-01
x[      13] =   4.29391540047e-01
x[      14] =   5.64354428049e-01
x[      15] =   3.51746150945e-01
x[      16] =   1.32244092990e+00
x[      17] =   1.41959873233e+00
x[      18] =   1.39274009064e+00
x[      19] =   1.46722253467e+00
x[      20] =   1.39798027495e+00
x[      21] =   1.28475613912e+00
x[      22] =   1.61218115778e-01

===============================================================================

