
Solving from new start point (number 35 of 42) <multistart>.


=======================================
*** NO CHECK MADE FOR LICENSE ***
         Artelys Knitro 12.3.0
=======================================

Knitro presolve eliminated 0 variables and 0 constraints.

algorithm:               4
bar_maxcrossit:          3
datacheck:               0
feastol:                 1e-08
hessopt:                 2
maxtime_cpu:             9.99526e+07
maxtime_real:            9.99976e+07
opttol:                  1e-08
outlev:                  5
outmode:                 2
par_concurrent_evals:    0
The problem is identified as bound constrained only.
Knitro changing act_qpalg from AUTO to 3.
Knitro changing honorbnds from AUTO to -1.
Knitro changing linesearch from AUTO to 2.
Knitro changing linsolver from AUTO to 4.

Problem Characteristics                                 (   Presolved)
-----------------------
Objective goal:  Maximize
Objective type:  general
Number of variables:                                 23 (          23)
    bounded below only:                               0 (           0)
    bounded above only:                               0 (           0)
    bounded below and above:                         23 (          23)
    fixed:                                            0 (           0)
    free:                                             0 (           0)
Number of constraints:                                0 (           0)
    linear equalities:                                0 (           0)
    quadratic equalities:                             0 (           0)
    gen. nonlinear equalities:                        0 (           0)
    linear one-sided inequalities:                    0 (           0)
    quadratic one-sided inequalities:                 0 (           0)
    gen. nonlinear one-sided inequalities:            0 (           0)
    linear two-sided inequalities:                    0 (           0)
    quadratic two-sided inequalities:                 0 (           0)
    gen. nonlinear two-sided inequalities:            0 (           0)
Number of nonzeros in Jacobian:                       0 (           0)
Number of nonzeros in Hessian:                        0 (         276)

Knitro using the Sequential Quadratic Programming (SQP) algorithm.

  Iter     fCount     Objective      FeasError   OptError    ||Step||    CGits 
--------  --------  --------------  ----------  ----------  ----------  -------
       0         1   -7.630603e+04   0.000e+00
       1         2   -6.431748e+04   5.551e-17   3.236e+00   4.147e+00        0
       2         3   -4.073549e+04   0.000e+00   2.288e+00   2.775e+00        0
       3         4   -3.718142e+04   0.000e+00   9.423e-01   6.769e-01        0
       4         5   -3.609513e+04   0.000e+00   7.070e-01   9.172e-01        0
       5         6   -3.433283e+04   0.000e+00   1.872e+01   4.529e-01        0
       6         7   -3.394401e+04   0.000e+00   1.123e+01   6.393e-01        0
       7         8   -3.317035e+04   0.000e+00   5.932e+00   7.918e-01        0
       8        11   -3.297564e+04   0.000e+00   5.112e+00   1.316e-01        0
       9        12   -3.242308e+04   0.000e+00   5.622e+00   4.027e-01        0
      10        14   -3.213087e+04   0.000e+00   1.537e+01   2.812e-01        0
      11        15   -3.194724e+04   0.000e+00   1.933e+01   2.268e-01        0
      12        16   -3.187885e+04   0.000e+00   8.444e+00   4.524e-01        0
      13        17   -3.122565e+04   0.000e+00   1.016e+01   5.235e-01        0
      14        19   -3.083961e+04   0.000e+00   1.665e+00   7.298e-01        0
      15        20   -3.058886e+04   0.000e+00   1.272e+00   7.958e-01        0
      16        21   -3.053055e+04   0.000e+00   8.466e-02   2.636e-01        0
      17        22   -3.049932e+04   0.000e+00   4.972e-01   2.254e-01        0
      18        23   -3.047396e+04   0.000e+00   1.251e-01   2.609e-01        0
      19        24   -3.046219e+04   0.000e+00   3.129e-01   1.846e-01        0
      20        25   -3.045836e+04   0.000e+00   2.229e-01   5.851e-02        0
      21        26   -3.045624e+04   0.000e+00   4.682e-02   4.815e-02        0
      22        27   -3.045441e+04   0.000e+00   1.128e-01   4.384e-02        0
      23        28   -3.045146e+04   0.000e+00   3.903e-01   8.879e-02        0
      24        29   -3.044918e+04   0.000e+00   2.280e-01   8.403e-02        0
      25        30   -3.044824e+04   0.000e+00   1.803e-01   4.712e-02        0
      26        31   -3.044797e+04   0.000e+00   1.639e-01   2.523e-02        0
      27        32   -3.044781e+04   0.000e+00   5.496e-02   1.847e-02        0
      28        33   -3.044766e+04   0.000e+00   7.029e-02   2.065e-02        0
      29        34   -3.044761e+04   0.000e+00   1.073e-02   9.964e-03        0
      30        35   -3.044761e+04   0.000e+00   2.874e-02   4.343e-03        0
      31        36   -3.044760e+04   0.000e+00   9.023e-04   1.769e-03        0
      32        37   -3.044760e+04   0.000e+00   7.236e-03   1.781e-03        0
      33        38   -3.044760e+04   0.000e+00   7.145e-03   2.170e-03        0
      34        39   -3.044760e+04   0.000e+00   2.590e-03   3.567e-03        0
      35        40   -3.044760e+04   0.000e+00   6.791e-03   8.875e-03        0
      36        41   -3.044759e+04   0.000e+00   1.984e-02   2.040e-02        0
      37        42   -3.044757e+04   0.000e+00   3.353e-02   4.198e-02        0
      38        43   -3.044755e+04   0.000e+00   3.920e-02   6.894e-02        0
      39        44   -3.044753e+04   0.000e+00   2.993e-02   9.239e-02        0
      40        45   -3.044749e+04   0.000e+00   6.072e-03   1.165e-01        0
      41        46   -3.044744e+04   0.000e+00   2.731e-02   1.733e-01        0
      42        47   -3.044738e+04   0.000e+00   5.089e-02   8.189e-02        0
      43        48   -3.044733e+04   0.000e+00   4.466e-02   1.211e-02        0
      44        49   -3.044732e+04   0.000e+00   1.798e-02   2.918e-03        0
      45        50   -3.044732e+04   0.000e+00   7.404e-04   2.090e-03        0
      46        51   -3.044732e+04   0.000e+00   5.895e-04   4.607e-04        0
      47        52   -3.044732e+04   0.000e+00   5.624e-04   1.756e-04        0
      48        53   -3.044732e+04   0.000e+00   3.112e-04   2.734e-04        0
      49        54   -3.044732e+04   0.000e+00   8.222e-05   1.961e-04        0
      50        55   -3.044732e+04   0.000e+00   9.755e-06   9.937e-05        0
      51        56   -3.044732e+04   0.000e+00   1.469e-05   3.062e-05        0
      52        57   -3.044732e+04   0.000e+00   1.270e-05   3.542e-05        0
      53        58   -3.044732e+04   0.000e+00   2.758e-05   1.104e-04        0
      54        59   -3.044732e+04   0.000e+00   5.184e-05   2.598e-04        0
      55        60   -3.044732e+04   0.000e+00   8.181e-05   6.604e-04        0
      56        61   -3.044732e+04   0.000e+00   1.074e-04   1.443e-03        0
      57        62   -3.044732e+04   0.000e+00   1.162e-04   2.700e-03        0
      58        63   -3.044732e+04   0.000e+00   9.240e-05   4.127e-03        0
      59        64   -3.044732e+04   0.000e+00   8.347e-05   5.714e-03        0
      60        65   -3.044732e+04   0.000e+00   1.558e-04   8.909e-03        0
      61        66   -3.044732e+04   0.000e+00   3.591e-04   1.789e-02        0
      62        67   -3.044732e+04   0.000e+00   6.674e-04   4.222e-02        0
      63        68   -3.044732e+04   0.000e+00   1.127e-03   1.044e-01        0
      64        69   -3.044731e+04   0.000e+00   1.730e-03   2.504e-01        0
      65        70   -3.044730e+04   0.000e+00   2.354e-03   5.630e-01        0
      66        71   -3.044728e+04   0.000e+00   2.906e-03   1.246e+00        0
      67        72   -3.044723e+04   0.000e+00   4.739e-03   3.192e+00        0
      68        73   -3.044718e+04   0.000e+00   1.020e-03   4.003e+00        0
      69        74   -3.044718e+04   0.000e+00   6.152e-04   1.423e-03        0
      70        75   -3.044718e+04   0.000e+00   1.613e-05   1.468e-03        0
      71        76   -3.044718e+04   0.000e+00   6.003e-06   8.218e-05        0
      72        77   -3.044718e+04   0.000e+00   2.412e-06   4.850e-05        0
      73        78   -3.044718e+04   0.000e+00   5.591e-07   1.153e-06        0
      74        79   -3.044718e+04   0.000e+00   9.709e-09   3.441e-07        0

EXIT: Locally optimal solution found.

Final Statistics
----------------
Final objective value               =  -3.04471822036080e+04
Final feasibility error (abs / rel) =   0.00e+00 / 0.00e+00
Final optimality error  (abs / rel) =   9.71e-09 / 9.71e-09
# of iterations                     =         74 
# of CG iterations                  =          0 
# of function evaluations           =         79
# of gradient evaluations           =         75
Total program time (secs)           =    1738.03809 ( 34684.340 CPU time)
Time spent in evaluations (secs)    =    1718.39331

Solution Vector
---------------
x[       0] =   4.73471460219e+00
x[       1] =   4.33728180310e+00
x[       2] =   4.25147396586e+00
x[       3] =   4.68957311445e+00
x[       4] =   4.93401570045e+00
x[       5] =   4.10338346070e+00
x[       6] =   5.15312645839e+00
x[       7] =  -2.53632793749e+00
x[       8] =  -1.66051262524e+00
x[       9] =  -1.81322278834e+01
x[      10] =  -6.00843795428e+00
x[      11] =   1.61001628538e-01
x[      12] =   9.57462098120e-01
x[      13] =   6.38190322163e-01
x[      14] =   4.30794218516e-01
x[      15] =   2.96291726769e-01
x[      16] =   9.24787854751e-01
x[      17] =   9.89038343372e-01
x[      18] =   9.50164907342e-01
x[      19] =   1.00089581921e+00
x[      20] =   9.87247592868e-01
x[      21] =   8.85336906799e-01
x[      22] =   1.85720006608e-01

===============================================================================

