
Solving from new start point (number 38 of 42) <multistart>.


=======================================
*** NO CHECK MADE FOR LICENSE ***
         Artelys Knitro 12.3.0
=======================================

Knitro presolve eliminated 0 variables and 0 constraints.

algorithm:               4
bar_maxcrossit:          3
datacheck:               0
feastol:                 1e-08
hessopt:                 2
maxtime_cpu:             9.99439e+07
maxtime_real:            9.99971e+07
opttol:                  1e-08
outlev:                  5
outmode:                 2
par_concurrent_evals:    0
The problem is identified as bound constrained only.
Knitro changing act_qpalg from AUTO to 3.
Knitro changing honorbnds from AUTO to -1.
Knitro changing linesearch from AUTO to 2.
Knitro changing linsolver from AUTO to 4.

Problem Characteristics                                 (   Presolved)
-----------------------
Objective goal:  Maximize
Objective type:  general
Number of variables:                                 23 (          23)
    bounded below only:                               0 (           0)
    bounded above only:                               0 (           0)
    bounded below and above:                         23 (          23)
    fixed:                                            0 (           0)
    free:                                             0 (           0)
Number of constraints:                                0 (           0)
    linear equalities:                                0 (           0)
    quadratic equalities:                             0 (           0)
    gen. nonlinear equalities:                        0 (           0)
    linear one-sided inequalities:                    0 (           0)
    quadratic one-sided inequalities:                 0 (           0)
    gen. nonlinear one-sided inequalities:            0 (           0)
    linear two-sided inequalities:                    0 (           0)
    quadratic two-sided inequalities:                 0 (           0)
    gen. nonlinear two-sided inequalities:            0 (           0)
Number of nonzeros in Jacobian:                       0 (           0)
Number of nonzeros in Hessian:                        0 (         276)

Knitro using the Sequential Quadratic Programming (SQP) algorithm.

  Iter     fCount     Objective      FeasError   OptError    ||Step||    CGits 
--------  --------  --------------  ----------  ----------  ----------  -------
       0         1   -7.054940e+04   0.000e+00
       1         2   -4.434457e+04   5.551e-17   3.019e+00   3.838e+00        0
       2         5   -4.402707e+04   0.000e+00   1.418e+01   5.818e-02        0
       3         6   -3.609077e+04   0.000e+00   7.546e+01   2.648e+00        0
       4         8   -3.372671e+04   0.000e+00   3.010e+01   7.729e-01        0
       5        10   -3.184259e+04   0.000e+00   2.591e+01   9.683e-01        0
       6        12   -3.149033e+04   0.000e+00   4.234e+00   6.499e-01        0
       7        14   -3.073671e+04   0.000e+00   2.475e+01   5.490e-01        0
       8        17   -3.047259e+04   0.000e+00   2.596e+00   2.478e-01        0
       9        19   -3.047154e+04   0.000e+00   2.173e+01   2.611e-01        0
      10        20   -3.043515e+04   0.000e+00   2.902e+00   8.313e-01        0
      11        22   -3.031899e+04   0.000e+00   4.661e+01   4.725e-01        0
      12        23   -3.021398e+04   0.000e+00   8.165e+00   3.997e-01        0
      13        24   -3.011018e+04   0.000e+00   1.062e+01   3.716e-01        0
      14        26   -3.002561e+04   0.000e+00   3.340e-01   3.342e-01        0
      15        27   -2.985556e+04   0.000e+00   6.249e+00   3.322e-01        0
      16        28   -2.982860e+04   0.000e+00   9.760e-01   1.216e-01        0
      17        29   -2.981397e+04   0.000e+00   2.348e+00   9.137e-02        0
      18        30   -2.980896e+04   0.000e+00   1.037e+00   6.015e-02        0
      19        31   -2.980443e+04   0.000e+00   1.082e-01   9.133e-02        0
      20        32   -2.980237e+04   0.000e+00   3.438e-01   7.651e-02        0
      21        33   -2.980176e+04   0.000e+00   4.661e-02   2.517e-02        0
      22        34   -2.980126e+04   0.000e+00   1.819e-01   2.477e-02        0
      23        35   -2.980078e+04   0.000e+00   1.352e-01   3.556e-02        0
      24        36   -2.980044e+04   0.000e+00   1.647e-01   3.381e-02        0
      25        37   -2.980030e+04   0.000e+00   1.875e-02   1.638e-02        0
      26        38   -2.980017e+04   0.000e+00   5.093e-02   1.543e-02        0
      27        39   -2.979995e+04   0.000e+00   1.702e-01   3.107e-02        0
      28        40   -2.979951e+04   0.000e+00   2.921e-01   7.095e-02        0
      29        41   -2.979884e+04   0.000e+00   3.637e-01   1.248e-01        0
      30        42   -2.979802e+04   0.000e+00   2.915e-01   1.625e-01        0
      31        43   -2.979719e+04   0.000e+00   9.098e-02   1.651e-01        0
      32        44   -2.979625e+04   0.000e+00   1.599e-01   1.744e-01        0
      33        45   -2.979495e+04   0.000e+00   4.008e-01   2.398e-01        0
      34        46   -2.979317e+04   0.000e+00   5.322e-01   3.447e-01        0
      35        47   -2.979162e+04   0.000e+00   4.115e-01   3.136e-01        0
      36        48   -2.979098e+04   0.000e+00   1.515e-01   9.396e-02        0
      37        49   -2.979089e+04   0.000e+00   1.484e-02   2.726e-02        0
      38        50   -2.979088e+04   0.000e+00   1.079e-02   1.153e-02        0
      39        51   -2.979087e+04   0.000e+00   1.830e-02   4.202e-03        0
      40        52   -2.979086e+04   0.000e+00   1.436e-02   5.586e-03        0
      41        53   -2.979086e+04   0.000e+00   4.981e-03   5.251e-03        0
      42        54   -2.979086e+04   0.000e+00   6.496e-04   1.681e-03        0
      43        55   -2.979086e+04   0.000e+00   4.646e-05   1.686e-04        0
      44        56   -2.979086e+04   0.000e+00   1.833e-05   7.735e-05        0
      45        57   -2.979086e+04   0.000e+00   1.157e-04   1.575e-04        0
      46        58   -2.979086e+04   0.000e+00   1.450e-04   1.405e-04        0
      47        59   -2.979086e+04   0.000e+00   8.999e-05   1.838e-04        0
      48        60   -2.979086e+04   0.000e+00   4.759e-05   2.431e-04        0
      49        61   -2.979086e+04   0.000e+00   2.562e-04   3.866e-04        0
      50        62   -2.979086e+04   0.000e+00   5.718e-04   7.498e-04        0
      51        63   -2.979086e+04   0.000e+00   1.076e-03   1.758e-03        0
      52        64   -2.979086e+04   0.000e+00   1.891e-03   4.448e-03        0
      53        65   -2.979086e+04   0.000e+00   3.223e-03   1.165e-02        0
      54        66   -2.979086e+04   0.000e+00   5.459e-03   3.101e-02        0
      55        67   -2.979086e+04   0.000e+00   9.581e-03   8.497e-02        0
      56        68   -2.979085e+04   0.000e+00   2.042e-02   2.532e-01        0
      57        69   -2.979084e+04   0.000e+00   1.449e-01   1.018e+00        0
      58        70   -2.979082e+04   0.000e+00   7.691e-02   4.261e-02        0
      59        72   -2.979082e+04   0.000e+00   2.534e-01   7.554e-01        0
      60        73   -2.979079e+04   0.000e+00   2.906e-01   5.600e-01        0
      61        74   -2.979076e+04   0.000e+00   3.375e-02   5.587e-02        0
      62        75   -2.979076e+04   0.000e+00   1.071e-02   1.172e-01        0
      63        76   -2.979076e+04   0.000e+00   4.486e-03   5.630e-02        0
      64        77   -2.979076e+04   0.000e+00   2.966e-03   3.855e-03        0
      65        78   -2.979076e+04   0.000e+00   1.585e-03   1.221e-02        0
      66        79   -2.979076e+04   0.000e+00   6.001e-04   1.769e-04        0
      67        80   -2.979076e+04   0.000e+00   5.955e-06   1.360e-04        0
      68        81   -2.979076e+04   0.000e+00   1.138e-06   1.329e-04        0
      69        82   -2.979076e+04   0.000e+00   3.789e-06   1.346e-04        0
      70        83   -2.979076e+04   0.000e+00   1.405e-07   2.172e-07        8
      71        84   -2.979076e+04   0.000e+00   9.819e-06   1.642e-05        0
      72        85   -2.979076e+04   0.000e+00   1.083e-05   1.643e-05        0
      73        86   -2.979076e+04   0.000e+00   1.790e-05   1.677e-05        0
      74        87   -2.979076e+04   0.000e+00   3.857e-05   2.058e-05        0
      75        88   -2.979076e+04   0.000e+00   8.470e-05   4.964e-05        0
      76        89   -2.979076e+04   0.000e+00   9.563e-05   4.975e-05        0
      77        90   -2.979076e+04   0.000e+00   5.419e-05   4.996e-05        0
      78        91   -2.979076e+04   0.000e+00   1.682e-04   1.253e-03        0
      79        92   -2.979076e+04   0.000e+00   2.172e-04   1.253e-03        0
      80        93   -2.979076e+04   0.000e+00   1.421e-04   1.256e-03        0
      81        94   -2.979076e+04   0.000e+00   8.937e-06   1.257e-03        0
      82        95   -2.979076e+04   0.000e+00   7.184e-06   1.257e-03        0
      83        96   -2.979076e+04   0.000e+00   2.737e-05   1.342e-03        0
      84        97   -2.979076e+04   0.000e+00   2.275e-05   1.343e-03        0
      85        98   -2.979076e+04   0.000e+00   2.115e-03   3.836e-01        0
      86        99   -2.979076e+04   0.000e+00   2.513e-03   3.836e-01        0
      87       100   -2.979076e+04   0.000e+00   1.675e-03   1.967e+00        0
      88       101   -2.979076e+04   0.000e+00   4.309e-03   3.092e-05        2
      89       102   -2.979076e+04   0.000e+00   3.787e-04   2.824e-01        0
      90       103   -2.979076e+04   0.000e+00   7.160e-05   2.824e-01        0
      91       104   -2.979076e+04   0.000e+00   1.469e-04   1.864e-01        0
      92       106   -2.979076e+04   0.000e+00   7.801e-05   9.318e-02        0
      93       107   -2.979076e+04   0.000e+00   7.756e-06   6.662e-06       11
      94       108   -2.979076e+04   0.000e+00   2.017e-06   2.561e-05       21
      95       109   -2.979076e+04   0.000e+00   1.693e-07   1.988e-05        0
      96       110   -2.979076e+04   0.000e+00   9.855e-08   1.978e-05        0
      97       111   -2.979076e+04   0.000e+00   3.286e-07   1.772e-02        0
      98       114   -2.979076e+04   0.000e+00   2.973e-07   1.766e-03        0
      99       119   -2.979076e+04   0.000e+00   2.867e-09   6.602e-08       11

EXIT: Locally optimal solution found.

Final Statistics
----------------
Final objective value               =  -2.97907552544034e+04
Final feasibility error (abs / rel) =   0.00e+00 / 0.00e+00
Final optimality error  (abs / rel) =   2.87e-09 / 2.87e-09
# of iterations                     =         99 
# of CG iterations                  =         53 
# of function evaluations           =        119
# of gradient evaluations           =        100
Total program time (secs)           =    1804.77625 ( 30055.100 CPU time)
Time spent in evaluations (secs)    =    1785.14722

Solution Vector
---------------
x[       0] =   6.10687563452e+00
x[       1] =   5.66670239161e+00
x[       2] =   5.51693469388e+00
x[       3] =   6.07726853487e+00
x[       4] =   6.34996025368e+00
x[       5] =   5.41597569760e+00
x[       6] =   6.59313376123e+00
x[       7] =  -1.69088501567e+00
x[       8] =  -3.32102464911e+00
x[       9] =  -1.20880583767e+01
x[      10] =  -4.02176780977e+00
x[      11] =   1.07334311064e-01
x[      12] =   9.30453915656e-01
x[      13] =   4.92324168406e-01
x[      14] =   3.76236270963e-01
x[      15] =   2.34497405477e-01
x[      16] =   8.81627237595e-01
x[      17] =   9.46399114781e-01
x[      18] =   9.28493365389e-01
x[      19] =   1.00948816776e+00
x[      20] =   9.43484953467e-01
x[      21] =   8.82901351577e-01
x[      22] =   1.97228616796e-01

===============================================================================

