
Solving from new start point (number 14 of 42) <multistart>.


=======================================
*** NO CHECK MADE FOR LICENSE ***
         Artelys Knitro 12.3.0
=======================================

Knitro presolve eliminated 0 variables and 0 constraints.

algorithm:               4
bar_maxcrossit:          3
datacheck:               0
feastol:                 1e-08
hessopt:                 2
maxtime_cpu:             9.99996e+07
maxtime_real:            9.99998e+07
opttol:                  1e-08
outlev:                  5
outmode:                 2
par_concurrent_evals:    0
The problem is identified as bound constrained only.
Knitro changing act_qpalg from AUTO to 3.
Knitro changing honorbnds from AUTO to -1.
Knitro changing linesearch from AUTO to 2.
Knitro changing linsolver from AUTO to 4.

Problem Characteristics                                 (   Presolved)
-----------------------
Objective goal:  Maximize
Objective type:  general
Number of variables:                                 23 (          23)
    bounded below only:                               0 (           0)
    bounded above only:                               0 (           0)
    bounded below and above:                         23 (          23)
    fixed:                                            0 (           0)
    free:                                             0 (           0)
Number of constraints:                                0 (           0)
    linear equalities:                                0 (           0)
    quadratic equalities:                             0 (           0)
    gen. nonlinear equalities:                        0 (           0)
    linear one-sided inequalities:                    0 (           0)
    quadratic one-sided inequalities:                 0 (           0)
    gen. nonlinear one-sided inequalities:            0 (           0)
    linear two-sided inequalities:                    0 (           0)
    quadratic two-sided inequalities:                 0 (           0)
    gen. nonlinear two-sided inequalities:            0 (           0)
Number of nonzeros in Jacobian:                       0 (           0)
Number of nonzeros in Hessian:                        0 (         276)

Knitro using the Sequential Quadratic Programming (SQP) algorithm.

  Iter     fCount     Objective      FeasError   OptError    ||Step||    CGits 
--------  --------  --------------  ----------  ----------  ----------  -------
       0         1   -4.291907e+04   0.000e+00
       1         3   -4.087138e+04   0.000e+00   1.117e+02   1.361e+00        0
       2         4   -3.638309e+04   0.000e+00   7.168e+00   2.343e+00        0
       3         7   -3.558586e+04   0.000e+00   8.731e-01   3.832e-01        0
       4         9   -3.486318e+04   0.000e+00   1.382e+01   5.269e-01        0
       5        11   -3.467987e+04   0.000e+00   5.671e+00   5.664e-01        0
       6        13   -3.446837e+04   0.000e+00   3.243e+01   6.163e-01        0
       7        14   -3.279378e+04   0.000e+00   1.822e+00   1.903e+00        0
       8        15   -3.133582e+04   0.000e+00   2.829e+01   2.296e+00        0
       9        18   -3.107316e+04   0.000e+00   7.163e+00   5.977e-01        0
      10        19   -3.068264e+04   0.000e+00   1.235e+01   4.350e-01        0
      11        21   -3.055969e+04   0.000e+00   2.198e+00   4.189e-01        0
      12        22   -3.052038e+04   0.000e+00   6.059e+00   3.319e-01        0
      13        24   -3.048657e+04   0.000e+00   1.549e+00   1.648e-01        0
      14        26   -3.046635e+04   0.000e+00   4.007e+00   1.465e-01        0
      15        27   -3.045844e+04   0.000e+00   1.983e+00   6.807e-02        0
      16        28   -3.045201e+04   0.000e+00   1.175e+00   1.307e-01        0
      17        29   -3.044949e+04   0.000e+00   9.634e-01   6.909e-02        0
      18        30   -3.044892e+04   0.000e+00   1.761e-01   2.575e-02        0
      19        31   -3.044846e+04   0.000e+00   6.265e-01   2.746e-02        0
      20        32   -3.044789e+04   0.000e+00   6.596e-01   4.751e-02        0
      21        33   -3.044757e+04   0.000e+00   3.479e-01   3.461e-02        0
      22        34   -3.044751e+04   0.000e+00   7.351e-03   8.651e-03        0
      23        35   -3.044751e+04   0.000e+00   2.980e-02   2.075e-03        0
      24        36   -3.044750e+04   0.000e+00   2.613e-02   1.987e-03        0
      25        37   -3.044750e+04   0.000e+00   8.148e-03   3.490e-03        0
      26        38   -3.044750e+04   0.000e+00   3.749e-03   9.574e-04        0
      27        39   -3.044750e+04   0.000e+00   2.793e-03   1.095e-03        0
      28        40   -3.044750e+04   0.000e+00   3.463e-03   2.482e-03        0
      29        41   -3.044750e+04   0.000e+00   5.877e-03   7.117e-03        0
      30        42   -3.044749e+04   0.000e+00   1.065e-02   1.861e-02        0
      31        43   -3.044748e+04   0.000e+00   1.860e-02   4.757e-02        0
      32        44   -3.044745e+04   0.000e+00   3.110e-02   1.115e-01        0
      33        45   -3.044739e+04   0.000e+00   5.021e-02   2.306e-01        0
      34        46   -3.044732e+04   0.000e+00   4.542e-02   1.882e-01        0
      35        47   -3.044727e+04   0.000e+00   5.287e-03   6.665e-03        0
      36        48   -3.044726e+04   0.000e+00   6.450e-03   3.385e-03        0
      37        49   -3.044726e+04   0.000e+00   4.379e-03   1.533e-03        0
      38        50   -3.044726e+04   0.000e+00   5.402e-04   2.701e-03        0
      39        51   -3.044726e+04   0.000e+00   1.923e-04   4.634e-04        0
      40        52   -3.044726e+04   0.000e+00   8.415e-05   1.244e-04        0
      41        53   -3.044726e+04   0.000e+00   2.974e-05   4.053e-05        0
      42        54   -3.044726e+04   0.000e+00   3.256e-05   8.654e-05        0
      43        55   -3.044726e+04   0.000e+00   1.700e-05   3.075e-05        0
      44        56   -3.044726e+04   0.000e+00   1.323e-05   1.880e-05        0
      45        57   -3.044726e+04   0.000e+00   9.269e-06   2.635e-05        0
      46        58   -3.044726e+04   0.000e+00   3.502e-05   9.247e-05        0
      47        59   -3.044726e+04   0.000e+00   9.159e-05   2.352e-04        0
      48        60   -3.044726e+04   0.000e+00   1.899e-04   6.636e-04        0
      49        61   -3.044726e+04   0.000e+00   3.468e-04   1.752e-03        0
      50        62   -3.044726e+04   0.000e+00   5.983e-04   4.642e-03        0
      51        63   -3.044726e+04   0.000e+00   9.868e-04   1.203e-02        0
      52        64   -3.044726e+04   0.000e+00   1.562e-03   3.074e-02        0
      53        65   -3.044726e+04   0.000e+00   2.364e-03   7.640e-02        0
      54        66   -3.044726e+04   0.000e+00   3.336e-03   1.821e-01        0
      55        67   -3.044725e+04   0.000e+00   4.225e-03   4.073e-01        0
      56        68   -3.044725e+04   0.000e+00   4.500e-03   8.371e-01        0
      57        69   -3.044723e+04   0.000e+00   3.617e-03   1.571e+00        0
      58        70   -3.044722e+04   0.000e+00   1.618e-03   2.446e+00        0
      59        71   -3.044720e+04   0.000e+00   1.245e-03   2.916e-03        0
      60        72   -3.044719e+04   0.000e+00   2.975e-03   9.708e-01        0
      61        73   -3.044718e+04   0.000e+00   1.411e-03   2.050e-03        0
      62        74   -3.044718e+04   0.000e+00   2.615e-04   2.143e-03        0
      63        75   -3.044718e+04   0.000e+00   2.452e-05   4.526e-04        0
      64        76   -3.044718e+04   0.000e+00   1.315e-06   1.118e-04        0
      65        77   -3.044718e+04   0.000e+00   1.109e-07   6.340e-06        0
      66        78   -3.044718e+04   0.000e+00   2.458e-08   2.939e-07        0
      67        79   -3.044718e+04   0.000e+00   6.763e-09   4.110e-08        0

EXIT: Locally optimal solution found.

Final Statistics
----------------
Final objective value               =  -3.04471822036080e+04
Final feasibility error (abs / rel) =   0.00e+00 / 0.00e+00
Final optimality error  (abs / rel) =   6.76e-09 / 5.40e-09
# of iterations                     =         67 
# of CG iterations                  =          0 
# of function evaluations           =         79
# of gradient evaluations           =         68
Total program time (secs)           =    1688.34094 ( 35324.605 CPU time)
Time spent in evaluations (secs)    =    1668.44092

Solution Vector
---------------
x[       0] =   4.73471469925e+00
x[       1] =   4.33728178943e+00
x[       2] =   4.25147391081e+00
x[       3] =   4.68957309434e+00
x[       4] =   4.93401564844e+00
x[       5] =   4.10338345423e+00
x[       6] =   5.15312642196e+00
x[       7] =  -2.53632793749e+00
x[       8] =  -1.66051262524e+00
x[       9] =  -1.81322278834e+01
x[      10] =  -6.00843795459e+00
x[      11] =   1.61001628538e-01
x[      12] =   9.57462035824e-01
x[      13] =   6.38190277351e-01
x[      14] =   4.30794187568e-01
x[      15] =   2.96291708499e-01
x[      16] =   9.24787924512e-01
x[      17] =   9.89038434982e-01
x[      18] =   9.50164982789e-01
x[      19] =   1.00089591557e+00
x[      20] =   9.87247665512e-01
x[      21] =   8.85336982430e-01
x[      22] =   1.85720006953e-01

===============================================================================

