
Solving from new start point (number 36 of 42) <multistart>.


=======================================
*** NO CHECK MADE FOR LICENSE ***
         Artelys Knitro 12.3.0
=======================================

Knitro presolve eliminated 0 variables and 0 constraints.

algorithm:               4
bar_maxcrossit:          3
datacheck:               0
feastol:                 1e-08
hessopt:                 2
maxtime_cpu:             9.96325e+07
maxtime_real:            9.99822e+07
opttol:                  1e-08
outlev:                  5
outmode:                 2
par_concurrent_evals:    0
The problem is identified as bound constrained only.
Knitro changing act_qpalg from AUTO to 3.
Knitro changing honorbnds from AUTO to -1.
Knitro changing linesearch from AUTO to 2.
Knitro changing linsolver from AUTO to 4.

Problem Characteristics                                 (   Presolved)
-----------------------
Objective goal:  Maximize
Objective type:  general
Number of variables:                                 23 (          23)
    bounded below only:                               0 (           0)
    bounded above only:                               0 (           0)
    bounded below and above:                         23 (          23)
    fixed:                                            0 (           0)
    free:                                             0 (           0)
Number of constraints:                                0 (           0)
    linear equalities:                                0 (           0)
    quadratic equalities:                             0 (           0)
    gen. nonlinear equalities:                        0 (           0)
    linear one-sided inequalities:                    0 (           0)
    quadratic one-sided inequalities:                 0 (           0)
    gen. nonlinear one-sided inequalities:            0 (           0)
    linear two-sided inequalities:                    0 (           0)
    quadratic two-sided inequalities:                 0 (           0)
    gen. nonlinear two-sided inequalities:            0 (           0)
Number of nonzeros in Jacobian:                       0 (           0)
Number of nonzeros in Hessian:                        0 (         276)

Knitro using the Sequential Quadratic Programming (SQP) algorithm.

  Iter     fCount     Objective      FeasError   OptError    ||Step||    CGits 
--------  --------  --------------  ----------  ----------  ----------  -------
       0         1   -1.057688e+05   0.000e+00
       1         2   -4.255415e+04   0.000e+00   1.469e+00   5.142e-01        0
       2         4   -4.253315e+04   0.000e+00   1.420e-01   3.346e-03        0
       3         6   -4.165520e+04   0.000e+00   3.704e-01   1.969e-01        0
       4         7   -4.160580e+04   0.000e+00   2.127e-01   1.376e-02        0
       5         8   -4.114958e+04   0.000e+00   7.723e-02   8.943e-02        0
       6         9   -4.079388e+04   0.000e+00   2.403e-01   9.848e-02        0
       7        10   -4.049015e+04   0.000e+00   2.346e-02   1.403e-01        0
       8        11   -4.040730e+04   0.000e+00   1.032e+00   6.021e-02        0
       9        12   -4.024282e+04   0.000e+00   9.656e-01   8.911e-02        0
      10        13   -4.007940e+04   0.000e+00   2.168e-01   3.500e-02        0
      11        14   -4.000949e+04   0.000e+00   1.011e-01   3.151e-01        0
      12        15   -3.984392e+04   0.000e+00   9.258e-03   2.465e-01        0
      13        16   -3.971305e+04   0.000e+00   5.273e-03   4.969e-02        0
      14        18   -3.946674e+04   0.000e+00   1.154e-03   1.181e-01        0
      15        20   -3.945315e+04   0.000e+00   5.304e-03   3.960e-02        0
      16        21   -3.944340e+04   0.000e+00   4.809e-03   1.460e-02        0
      17        22   -3.944070e+04   0.000e+00   3.079e-04   4.975e-03        0
      18        23   -3.943692e+04   0.000e+00   2.280e-03   1.485e-02        0
      19        24   -3.943194e+04   0.000e+00   4.511e-02   2.475e-02        0
      20        25   -3.942523e+04   0.000e+00   2.299e-02   4.179e-02        0
      21        26   -3.942073e+04   0.000e+00   3.643e-02   2.257e-02        0
      22        27   -3.941490e+04   0.000e+00   1.282e-03   2.410e-02        0
      23        28   -3.940564e+04   0.000e+00   1.194e-03   3.567e-02        0
      24        29   -3.939245e+04   0.000e+00   3.220e-03   5.458e-02        0
      25        30   -3.938312e+04   0.000e+00   3.052e-03   5.015e-02        0
      26        31   -3.938008e+04   0.000e+00   1.973e-03   2.263e-02        0
      27        32   -3.937904e+04   0.000e+00   9.877e-04   1.003e-02        0
      28        33   -3.937816e+04   0.000e+00   2.486e-04   7.912e-03        0
      29        34   -3.937630e+04   0.000e+00   1.051e-03   9.955e-03        0
      30        35   -3.937175e+04   0.000e+00   2.861e-03   1.453e-02        0
      31        36   -3.936245e+04   0.000e+00   4.906e-03   2.872e-02        0
      32        37   -3.934869e+04   0.000e+00   1.904e-02   5.974e-02        0
      33        38   -3.933815e+04   0.000e+00   3.220e-03   7.224e-02        0
      34        39   -3.933524e+04   0.000e+00   1.253e-03   3.567e-02        0
      35        40   -3.933470e+04   0.000e+00   3.795e-04   9.197e-03        0
      36        41   -3.933419e+04   0.000e+00   2.142e-04   6.421e-03        0
      37        42   -3.933296e+04   0.000e+00   1.226e-03   1.179e-02        0
      38        43   -3.933039e+04   0.000e+00   2.572e-03   2.086e-02        0
      39        44   -3.932535e+04   0.000e+00   4.272e-03   3.817e-02        0
      40        45   -3.931831e+04   0.000e+00   5.935e-03   4.457e-02        0
      41        46   -3.930161e+04   0.000e+00   7.205e-03   1.188e-01        0
      42        47   -3.928976e+04   0.000e+00   4.129e-03   1.031e-01        0
      43        48   -3.927848e+04   0.000e+00   5.222e-03   1.476e-01        0
      44        49   -3.926745e+04   0.000e+00   6.390e-01   1.243e-01        0
      45        50   -3.925479e+04   0.000e+00   3.216e-01   3.889e-01        0
      46        51   -3.924074e+04   0.000e+00   5.817e-03   5.763e-02        0
      47        52   -3.922933e+04   0.000e+00   4.029e-02   6.924e-02        0
      48        53   -3.922837e+04   0.000e+00   4.199e-02   7.837e-03        0
      49        54   -3.922775e+04   0.000e+00   3.901e-03   7.242e-03        0
      50        55   -3.922732e+04   0.000e+00   2.034e-02   4.707e-03        0
      51        56   -3.922569e+04   0.000e+00   9.136e-04   1.652e-02        0
      52        57   -3.922247e+04   0.000e+00   1.706e-03   3.554e-02        0
      53        58   -3.921530e+04   0.000e+00   2.118e-01   9.125e-02        0
      54        59   -3.920445e+04   0.000e+00   2.353e-01   1.635e-01        0
      55        60   -3.919472e+04   0.000e+00   1.182e-01   8.136e-02        0
      56        61   -3.918974e+04   0.000e+00   2.477e-02   2.738e-02        0
      57        62   -3.918901e+04   0.000e+00   6.433e-02   6.490e-03        0
      58        63   -3.918867e+04   0.000e+00   6.827e-02   4.979e-03        0
      59        64   -3.918825e+04   0.000e+00   4.389e-02   5.352e-03        0
      60        65   -3.918800e+04   0.000e+00   4.141e-03   6.121e-03        0
      61        66   -3.918784e+04   0.000e+00   2.939e-02   3.735e-03        0
      62        67   -3.918757e+04   0.000e+00   7.033e-02   6.543e-03        0
      63        68   -3.918706e+04   0.000e+00   1.171e-01   9.391e-03        0
      64        69   -3.918569e+04   0.000e+00   1.929e-01   2.074e-02        0
      65        70   -3.918251e+04   0.000e+00   2.935e-01   4.082e-02        0
      66        71   -3.917560e+04   0.000e+00   4.046e-01   7.995e-02        0
      67        72   -3.916436e+04   0.000e+00   4.480e-01   1.248e-01        0
      68        73   -3.915346e+04   0.000e+00   3.139e-01   1.187e-01        0
      69        74   -3.914859e+04   0.000e+00   7.798e-02   3.777e-02        0
      70        75   -3.914740e+04   0.000e+00   2.862e-02   2.225e-02        0
      71        76   -3.914671e+04   0.000e+00   6.695e-02   1.825e-02        0
      72        77   -3.914512e+04   0.000e+00   1.196e-01   2.323e-02        0
      73        78   -3.914130e+04   0.000e+00   1.950e-01   2.159e-02        0
      74        79   -3.913186e+04   0.000e+00   3.034e-01   3.208e-02        0
      75        80   -3.911079e+04   0.000e+00   4.395e-01   1.361e-01        0
      76        81   -3.907094e+04   0.000e+00   5.294e-01   3.717e-01        0
      77        82   -3.902502e+04   0.000e+00   3.009e-01   5.726e-01        0
      78        83   -3.899387e+04   0.000e+00   3.496e-04   5.123e-01        0
      79        84   -3.898555e+04   0.000e+00   1.773e-03   1.484e-01        0
      80        85   -3.898505e+04   0.000e+00   5.025e-04   1.295e-02        0
      81        86   -3.898479e+04   0.000e+00   1.553e-04   1.120e-02        0
      82        87   -3.898455e+04   0.000e+00   8.120e-03   9.925e-03        0
      83        88   -3.898393e+04   0.000e+00   4.270e-02   1.086e-02        0
      84        89   -3.898249e+04   0.000e+00   8.550e-02   1.428e-02        0
      85        90   -3.897947e+04   0.000e+00   1.440e-01   2.771e-02        0
      86        91   -3.897378e+04   0.000e+00   1.909e-01   8.464e-02        0
      87        92   -3.896764e+04   0.000e+00   1.778e-01   1.349e-01        0
      88        93   -3.896366e+04   0.000e+00   7.934e-02   1.181e-01        0
      89        94   -3.896255e+04   0.000e+00   1.249e-03   3.813e-02        0
      90        95   -3.896234e+04   0.000e+00   2.099e-02   9.013e-03        0
      91        96   -3.896192e+04   0.000e+00   6.281e-04   5.389e-03        0
      92        97   -3.896084e+04   0.000e+00   1.035e-03   8.643e-03        0
      93        98   -3.895833e+04   0.000e+00   1.497e-03   1.757e-02        0
      94        99   -3.895315e+04   0.000e+00   1.871e-03   6.563e-02        0
      95       100   -3.894629e+04   0.000e+00   1.711e-03   1.365e-01        0
      96       101   -3.894152e+04   0.000e+00   1.103e-03   1.512e-01        0
      97       102   -3.894001e+04   0.000e+00   4.602e-04   7.209e-02        0
      98       103   -3.893986e+04   0.000e+00   3.027e-05   9.797e-03        0
      99       104   -3.893985e+04   0.000e+00   1.824e-04   2.587e-03        0
     100       105   -3.893985e+04   0.000e+00   3.224e-03   2.679e-03        0
     101       106   -3.893983e+04   0.000e+00   6.677e-03   5.678e-03        0
     102       107   -3.893979e+04   0.000e+00   1.165e-02   9.440e-03        0
     103       108   -3.893969e+04   0.000e+00   1.800e-02   1.597e-02        0
     104       109   -3.893941e+04   0.000e+00   2.853e-02   2.414e-02        0
     105       110   -3.893869e+04   0.000e+00   4.218e-02   4.211e-02        0
     106       111   -3.893689e+04   0.000e+00   6.357e-02   6.984e-02        0
     107       112   -3.893227e+04   0.000e+00   8.455e-02   1.516e-01        0
     108       113   -3.892240e+04   0.000e+00   7.822e-02   3.178e-01        0
     109       114   -3.890604e+04   0.000e+00   2.186e-02   5.945e-01        0
     110       115   -3.889510e+04   0.000e+00   4.026e-02   2.321e-01        0
     111       116   -3.889024e+04   0.000e+00   2.168e-02   2.343e-01        0
     112       117   -3.889012e+04   0.000e+00   7.463e-03   3.553e-02        0
     113       118   -3.889011e+04   0.000e+00   2.485e-05   5.211e-03        0
     114       119   -3.889010e+04   0.000e+00   1.958e-03   5.067e-03        0
     115       120   -3.889009e+04   0.000e+00   3.347e-03   5.064e-03        0
     116       121   -3.889004e+04   0.000e+00   6.276e-03   6.801e-03        0
     117       122   -3.888991e+04   0.000e+00   1.099e-02   8.115e-03        0
     118       123   -3.888955e+04   0.000e+00   2.043e-02   1.570e-02        0
     119       124   -3.888867e+04   0.000e+00   3.748e-02   4.972e-02        0
     120       125   -3.888665e+04   0.000e+00   6.121e-02   1.154e-01        0
     121       126   -3.888284e+04   0.000e+00   7.059e-02   1.841e-01        0
     122       127   -3.887669e+04   0.000e+00   6.077e-02   2.886e-01        0
     123       128   -3.886660e+04   0.000e+00   1.021e-01   4.996e-01        0
     124       129   -3.885562e+04   0.000e+00   1.407e-01   3.454e-01        0
     125       130   -3.884307e+04   0.000e+00   1.452e-01   3.867e-01        0
     126       131   -3.884229e+04   0.000e+00   1.279e-02   8.463e-02        0
     127       132   -3.884218e+04   0.000e+00   1.400e-02   4.638e-02        0
     128       133   -3.884214e+04   0.000e+00   8.192e-03   1.194e-02        0
     129       134   -3.884211e+04   0.000e+00   1.695e-03   9.793e-03        0
     130       135   -3.884203e+04   0.000e+00   1.501e-02   2.367e-02        0
     131       136   -3.884185e+04   0.000e+00   3.715e-02   3.569e-02        0
     132       137   -3.884139e+04   0.000e+00   7.370e-02   7.421e-02        0
     133       138   -3.884032e+04   0.000e+00   1.223e-01   1.437e-01        0
     134       139   -3.883829e+04   0.000e+00   1.597e-01   1.833e-01        0
     135       140   -3.883374e+04   0.000e+00   1.871e-01   5.695e-01        0
     136       141   -3.883207e+04   0.000e+00   1.156e-01   2.364e-01        0
     137       142   -3.883119e+04   0.000e+00   2.247e-02   1.004e-01        0
     138       143   -3.883083e+04   0.000e+00   4.364e-03   5.988e-02        0
     139       144   -3.883023e+04   0.000e+00   3.270e-02   6.761e-02        0
     140       145   -3.882938e+04   0.000e+00   4.752e-02   9.452e-02        0
     141       146   -3.882885e+04   0.000e+00   2.040e-02   9.405e-02        0
     142       147   -3.882869e+04   0.000e+00   4.734e-03   6.599e-02        0
     143       148   -3.882868e+04   0.000e+00   3.161e-03   1.222e-02        0
     144       149   -3.882867e+04   0.000e+00   2.141e-03   6.377e-03        0
     145       150   -3.882867e+04   0.000e+00   9.278e-05   3.706e-03        0
     146       151   -3.882867e+04   0.000e+00   3.982e-04   4.013e-03        0
     147       152   -3.882867e+04   0.000e+00   2.448e-03   4.013e-03        0
     148       153   -3.882866e+04   0.000e+00   4.038e-03   4.013e-03        0
     149       154   -3.882865e+04   0.000e+00   7.641e-03   4.088e-03        0
     150       155   -3.882859e+04   0.000e+00   1.916e-02   1.306e-02        0
     151       156   -3.882848e+04   0.000e+00   2.941e-02   1.405e-02        0
     152       157   -3.882818e+04   0.000e+00   5.210e-02   3.682e-02        0
     153       158   -3.882757e+04   0.000e+00   7.843e-02   6.155e-02        0
     154       159   -3.882648e+04   0.000e+00   9.342e-02   1.010e-01        0
     155       160   -3.882516e+04   0.000e+00   6.795e-03   1.083e-01        0
     156       161   -3.882394e+04   0.000e+00   1.606e-02   9.958e-02        0
     157       162   -3.882352e+04   0.000e+00   5.037e-02   1.228e-01        0
     158       163   -3.882340e+04   0.000e+00   9.572e-03   4.638e-02        0
     159       164   -3.882338e+04   0.000e+00   5.114e-03   2.756e-02        0
     160       165   -3.882338e+04   0.000e+00   1.202e-03   8.603e-03        0
     161       166   -3.882338e+04   0.000e+00   1.164e-03   8.591e-03        0
     162       167   -3.882338e+04   0.000e+00   3.469e-04   3.585e-06        1
     163       169   -3.882338e+04   0.000e+00   3.940e-04   4.037e-03        0
     164       172   -3.882338e+04   0.000e+00   4.065e-04   6.090e-04        0
     165       174   -3.882338e+04   0.000e+00   3.901e-04   2.869e-03        0
     166       175   -3.882338e+04   0.000e+00   6.177e-04   8.588e-06        2
     167       176   -3.882338e+04   0.000e+00   5.814e-04   2.148e-03        0
     168       177   -3.882338e+04   0.000e+00   8.440e-04   1.957e-03        0
     169       178   -3.882337e+04   0.000e+00   1.203e-03   7.714e-03        0
     170       179   -3.882337e+04   0.000e+00   1.853e-03   7.731e-03        0
     171       180   -3.882335e+04   0.000e+00   2.728e-03   1.065e-02        0
     172       181   -3.882331e+04   0.000e+00   3.949e-03   1.747e-02        0
     173       182   -3.882323e+04   0.000e+00   3.552e-03   2.976e-02        0
     174       183   -3.882310e+04   0.000e+00   1.532e-03   4.045e-02        0
     175       184   -3.882299e+04   0.000e+00   7.428e-04   3.654e-02        0
     176       185   -3.882293e+04   0.000e+00   4.392e-03   3.294e-02        0
     177       186   -3.882293e+04   0.000e+00   9.843e-05   2.713e-02        0
     178       187   -3.882293e+04   0.000e+00   1.532e-04   9.136e-07        1
     179       188   -3.882293e+04   0.000e+00   7.139e-07   1.169e-09        1
     180       189   -3.882293e+04   0.000e+00   2.982e-05   7.873e-03        0
     181       190   -3.882293e+04   0.000e+00   3.470e-06   1.367e-03        0
     182       191   -3.882293e+04   0.000e+00   1.214e-06   7.789e-04        0
     183       192   -3.882293e+04   0.000e+00   7.119e-07   3.807e-04       23
     184       194   -3.882293e+04   0.000e+00   1.976e-06   2.168e-03        0
     185       195   -3.882293e+04   0.000e+00   7.106e-07   1.068e-03        0
     186       196   -3.882293e+04   0.000e+00   7.112e-07   1.068e-03        0
     187       197   -3.882293e+04   0.000e+00   2.667e-06   6.542e-04       33
     188       198   -3.882293e+04   0.000e+00   7.109e-07   1.242e-04        0
     189       199   -3.882293e+04   0.000e+00   5.862e-06   3.650e-04        0
     190       200   -3.882293e+04   0.000e+00   1.416e-05   5.213e-04        0
     191       201   -3.882293e+04   0.000e+00   3.237e-05   1.071e-03        0
     192       202   -3.882292e+04   0.000e+00   5.555e-05   1.426e-03        0
     193       203   -3.882292e+04   0.000e+00   1.008e-04   2.799e-03        0
     194       204   -3.882292e+04   0.000e+00   1.612e-04   4.574e-03        0
     195       205   -3.882292e+04   0.000e+00   2.422e-04   8.661e-03        0
     196       206   -3.882291e+04   0.000e+00   9.821e-05   8.696e-03        0
     197       207   -3.882291e+04   0.000e+00   1.514e-04   9.338e-03        0
     198       208   -3.882289e+04   0.000e+00   3.772e-04   2.467e-02        0
     199       209   -3.882288e+04   0.000e+00   2.515e-04   1.319e-02        0
     200       210   -3.882288e+04   0.000e+00   1.301e-05   5.389e-03        0
     201       211   -3.882288e+04   0.000e+00   4.869e-05   2.272e-03        0
     202       212   -3.882288e+04   0.000e+00   6.419e-06   2.271e-03        0
     203       213   -3.882288e+04   0.000e+00   9.701e-06   2.561e-03        0
     204       215   -3.882288e+04   0.000e+00   8.695e-06   1.281e-03        0
     205       216   -3.882288e+04   0.000e+00   2.132e-06   1.187e-05        7
     206       219   -3.882288e+04   0.000e+00   1.389e-05   1.080e-03        0
     207       222   -3.882288e+04   0.000e+00   9.675e-06   1.469e-03        0
     208       223   -3.882288e+04   0.000e+00   4.334e-06   2.444e-05       10
     209       224   -3.882288e+04   0.000e+00   1.303e-05   1.148e-03        0
     210       225   -3.882288e+04   0.000e+00   2.654e-05   1.141e-03        0
     211       226   -3.882288e+04   0.000e+00   7.524e-06   1.874e-05        6
     212       229   -3.882288e+04   0.000e+00   2.443e-05   8.344e-04        0
     213       231   -3.882288e+04   0.000e+00   1.840e-05   1.828e-03        0
     214       233   -3.882288e+04   0.000e+00   2.587e-05   1.814e-03        0
     215       234   -3.882288e+04   0.000e+00   8.497e-05   1.213e-03        0
     216       235   -3.882288e+04   0.000e+00   1.145e-04   3.984e-03        0
     217       236   -3.882286e+04   0.000e+00   5.292e-05   8.338e-03        0
     218       237   -3.882284e+04   0.000e+00   1.217e-04   3.662e-02        0
     219       238   -3.882284e+04   0.000e+00   1.971e-04   1.330e-02        0
     220       239   -3.882284e+04   0.000e+00   2.114e-05   1.355e-03        0
     221       242   -3.882284e+04   0.000e+00   1.856e-05   1.506e-04        0
     222       247   -3.882284e+04   0.000e+00   1.000e-07   2.402e-07        2
     223       248   -3.882284e+04   0.000e+00   2.465e-05   2.689e-04        0
     224       249   -3.882284e+04   0.000e+00   1.279e-06   1.899e-10        1
     225       250   -3.882284e+04   0.000e+00   1.798e-07   4.150e-04        0
     226       251   -3.882284e+04   0.000e+00   1.695e-07   1.480e-04        0
     227       254   -3.882284e+04   0.000e+00   1.694e-07   3.407e-05        0
     228       255   -3.882284e+04   0.000e+00   1.681e-07   3.326e-05        0
     229       256   -3.882284e+04   0.000e+00   1.639e-07   3.338e-05        0
     230       257   -3.882284e+04   0.000e+00   1.601e-07   3.683e-05        0
     231       258   -3.882284e+04   0.000e+00   1.600e-07   1.229e-04        0
     232       259   -3.882284e+04   0.000e+00   1.517e-07   4.169e-04        0
     233       260   -3.882284e+04   0.000e+00   2.871e-07   2.213e-03        0
     234       261   -3.882284e+04   0.000e+00   5.676e-06   1.087e-02        0
     235       262   -3.882283e+04   0.000e+00   1.472e-04   4.845e-02        0
     236       263   -3.882282e+04   0.000e+00   2.142e-04   5.092e-02        0
     237       264   -3.882276e+04   0.000e+00   1.149e-02   5.129e-01        0
     238       266   -3.882276e+04   0.000e+00   1.449e-02   2.557e-01        0
     239       269   -3.882275e+04   0.000e+00   1.329e-02   8.285e-02        0
     240       270   -3.882274e+04   0.000e+00   1.956e-03   9.006e-02        0
     241       272   -3.882274e+04   0.000e+00   8.511e-04   4.329e-02        0
     242       273   -3.882274e+04   0.000e+00   3.450e-04   1.307e-07        1
     243       274   -3.882274e+04   0.000e+00   2.974e-05   1.981e-02        0
     244       277   -3.882274e+04   0.000e+00   2.959e-05   1.036e-03        0
     245       280   -3.882274e+04   0.000e+00   2.948e-05   1.172e-04        0
     246       283   -3.882274e+04   0.000e+00   2.932e-05   1.493e-04        0
     247       286   -3.882274e+04   0.000e+00   2.919e-05   1.255e-04        0
     248       287   -3.882274e+04   0.000e+00   6.094e-05   1.948e-02        0
     249       288   -3.882274e+04   0.000e+00   3.837e-07   1.334e-06        2
     250       289   -3.882274e+04   0.000e+00   2.008e-04   7.807e-04        0
     251       290   -3.882274e+04   0.000e+00   2.327e-04   7.827e-04        0
     252       292   -3.882274e+04   0.000e+00   1.976e-04   3.917e-04        0
     253       293   -3.882274e+04   0.000e+00   2.545e-04   7.841e-04        0
     254       294   -3.882274e+04   0.000e+00   1.141e-04   7.858e-04        0
     255       295   -3.882274e+04   0.000e+00   1.695e-04   7.915e-04        0
     256       296   -3.882274e+04   0.000e+00   3.361e-04   9.213e-04        0
     257       297   -3.882274e+04   0.000e+00   5.725e-04   3.823e-03        0
     258       298   -3.882272e+04   0.000e+00   9.366e-04   1.910e-02        0
     259       299   -3.882266e+04   0.000e+00   1.617e-03   9.412e-02        0
     260       300   -3.882259e+04   0.000e+00   5.094e-04   4.001e-01        0
     261       301   -3.882246e+04   0.000e+00   1.418e-02   8.092e-01        0
     262       302   -3.882233e+04   0.000e+00   2.739e-02   8.077e-01        0
     263       303   -3.882223e+04   0.000e+00   2.568e-02   8.032e-01        0
     264       304   -3.882220e+04   0.000e+00   1.007e-02   1.545e-01        0
     265       305   -3.882220e+04   0.000e+00   5.951e-03   1.545e-01        0
     266       306   -3.882218e+04   0.000e+00   9.213e-03   1.550e-01        0
     267       307   -3.882218e+04   0.000e+00   7.876e-03   1.549e-01        0
     268       308   -3.882217e+04   0.000e+00   6.431e-03   1.520e-01        0
     269       309   -3.882217e+04   0.000e+00   2.877e-04   1.493e-01        0
     270       310   -3.882217e+04   0.000e+00   6.718e-04   8.577e-07        1
     271       311   -3.882217e+04   0.000e+00   3.018e-05   1.158e-02        0
     272       312   -3.882217e+04   0.000e+00   2.090e-05   1.156e-02        0
     273       313   -3.882217e+04   0.000e+00   1.131e-05   1.156e-02        0
     274       314   -3.882217e+04   0.000e+00   1.036e-05   5.725e-08        1
     275       315   -3.882217e+04   0.000e+00   2.361e-05   1.424e-03       17
     276       316   -3.882217e+04   0.000e+00   9.174e-06   1.418e-03        0
     277       319   -3.882217e+04   0.000e+00   7.947e-06   2.183e-04        0
     278       324   -3.882217e+04   0.000e+00   2.241e-08   6.400e-11        1
     279       325   -3.882217e+04   0.000e+00   7.258e-05   5.787e-02        0
     280       327   -3.882217e+04   0.000e+00   9.104e-05   2.894e-02        0
     281       328   -3.882217e+04   0.000e+00   2.590e-07   7.405e-10        1
     282       329   -3.882217e+04   0.000e+00   2.457e-07   2.121e-03        0
     283       330   -3.882217e+04   0.000e+00   1.340e-07   1.203e-03        0
     284       333   -3.882217e+04   0.000e+00   1.256e-07   9.781e-05        0
     285       336   -3.882217e+04   0.000e+00   1.240e-07   7.938e-06        0
     286       337   -3.882217e+04   0.000e+00   3.598e-08   4.912e-04        0
     287       338   -3.882217e+04   0.000e+00   3.098e-08   9.825e-04       43
     288       339   -3.882217e+04   0.000e+00   3.541e-07   2.146e-03       43
     289       340   -3.882217e+04   0.000e+00   6.622e-08   6.734e-04        0
     290       341   -3.882217e+04   0.000e+00   7.491e-08   8.743e-05       21
     291       344   -3.882217e+04   0.000e+00   1.399e-07   4.915e-05        0
     292       345   -3.882217e+04   0.000e+00   4.600e-07   2.095e-03        0
     293       346   -3.882217e+04   0.000e+00   9.194e-10   7.141e-09        2

EXIT: Locally optimal solution found.

Final Statistics
----------------
Final objective value               =  -3.88221716046546e+04
Final feasibility error (abs / rel) =   0.00e+00 / 0.00e+00
Final optimality error  (abs / rel) =   9.19e-10 / 9.19e-10
# of iterations                     =        293 
# of CG iterations                  =        220 
# of function evaluations           =        346
# of gradient evaluations           =        294
Total program time (secs)           =   13618.81543 (231657.672 CPU time)
Time spent in evaluations (secs)    =   13553.01562

Solution Vector
---------------
x[       0] =  -8.34311655859e-01
x[       1] =  -5.89694420948e-01
x[       2] =  -5.66616818711e-01
x[       3] =  -4.03481199390e-01
x[       4] =  -5.79351551680e-01
x[       5] =  -4.48742610137e-01
x[       6] =  -6.97089305270e-01
x[       7] =  -2.90575557475e-02
x[       8] =  -7.15210927797e-01
x[       9] =  -3.45417031909e+00
x[      10] =   4.35106791398e-02
x[      11] =  -2.96440619745e-04
x[      12] =   1.14185996846e+01
x[      13] =   1.38100584077e+01
x[      14] =   1.31872292075e+01
x[      15] =   1.80446969739e+01
x[      16] =   7.63304548102e-01
x[      17] =   7.30499564503e-01
x[      18] =   6.87406572750e-01
x[      19] =   8.59636818395e-01
x[      20] =   6.39951238662e-01
x[      21] =   9.32499472634e-01
x[      22] =   2.61591822285e-01

===============================================================================

