
Solving from new start point (number 6 of 42) <multistart>.


=======================================
*** NO CHECK MADE FOR LICENSE ***
         Artelys Knitro 12.3.0
=======================================

Knitro presolve eliminated 0 variables and 0 constraints.

algorithm:               4
bar_maxcrossit:          3
datacheck:               0
feastol:                 1e-08
hessopt:                 2
maxtime_cpu:             9.99995e+07
maxtime_real:            9.99998e+07
opttol:                  1e-08
outlev:                  5
outmode:                 2
par_concurrent_evals:    0
The problem is identified as bound constrained only.
Knitro changing act_qpalg from AUTO to 3.
Knitro changing honorbnds from AUTO to -1.
Knitro changing linesearch from AUTO to 2.
Knitro changing linsolver from AUTO to 4.

Problem Characteristics                                 (   Presolved)
-----------------------
Objective goal:  Maximize
Objective type:  general
Number of variables:                                 23 (          23)
    bounded below only:                               0 (           0)
    bounded above only:                               0 (           0)
    bounded below and above:                         23 (          23)
    fixed:                                            0 (           0)
    free:                                             0 (           0)
Number of constraints:                                0 (           0)
    linear equalities:                                0 (           0)
    quadratic equalities:                             0 (           0)
    gen. nonlinear equalities:                        0 (           0)
    linear one-sided inequalities:                    0 (           0)
    quadratic one-sided inequalities:                 0 (           0)
    gen. nonlinear one-sided inequalities:            0 (           0)
    linear two-sided inequalities:                    0 (           0)
    quadratic two-sided inequalities:                 0 (           0)
    gen. nonlinear two-sided inequalities:            0 (           0)
Number of nonzeros in Jacobian:                       0 (           0)
Number of nonzeros in Hessian:                        0 (         276)

Knitro using the Sequential Quadratic Programming (SQP) algorithm.

  Iter     fCount     Objective      FeasError   OptError    ||Step||    CGits 
--------  --------  --------------  ----------  ----------  ----------  -------
       0         1   -6.009868e+04   0.000e+00
       1         2   -4.520971e+04   0.000e+00   7.997e+00   7.870e-02        0
       2         3   -4.421265e+04   0.000e+00   7.512e+00   4.829e-02        0
       3         4   -4.249387e+04   0.000e+00   5.032e+00   2.333e-02        0
       4         7   -4.210647e+04   0.000e+00   3.747e-01   9.977e-03        0
       5         8   -4.196867e+04   0.000e+00   3.271e-01   1.309e-02        0
       6        11   -4.194713e+04   0.000e+00   1.351e+00   2.122e-02        0
       7        12   -4.185869e+04   0.000e+00   1.505e-02   3.103e-02        0
       8        13   -4.175918e+04   0.000e+00   8.463e-01   7.055e-02        0
       9        14   -4.170044e+04   0.000e+00   2.875e-01   2.837e-02        0
      10        15   -4.157145e+04   0.000e+00   3.565e-03   6.217e-02        0
      11        16   -4.147056e+04   0.000e+00   1.086e-02   5.428e-02        0
      12        17   -4.141309e+04   0.000e+00   1.230e-02   4.836e-02        0
      13        18   -4.134878e+04   0.000e+00   1.131e-02   4.533e-02        0
      14        19   -4.114704e+04   0.000e+00   6.954e-03   1.353e-01        0
      15        20   -4.089743e+04   0.000e+00   5.608e-03   1.385e-01        0
      16        21   -4.069633e+04   0.000e+00   2.163e-01   5.800e-02        0
      17        22   -4.062489e+04   0.000e+00   4.940e-01   5.783e-02        0
      18        23   -4.060043e+04   0.000e+00   3.786e-03   4.857e-02        0
      19        24   -4.059502e+04   0.000e+00   1.763e-03   1.307e-02        0
      20        25   -4.058869e+04   0.000e+00   4.540e-03   8.242e-03        0
      21        26   -4.057511e+04   0.000e+00   7.730e-03   1.969e-02        0
      22        27   -4.056540e+04   0.000e+00   7.111e-03   1.479e-02        0
      23        28   -4.055981e+04   0.000e+00   1.378e-03   8.017e-03        0
      24        29   -4.055644e+04   0.000e+00   2.327e-03   5.704e-03        0
      25        30   -4.055234e+04   0.000e+00   2.715e-02   6.771e-03        0
      26        31   -4.053853e+04   0.000e+00   3.285e-01   2.281e-02        0
      27        32   -4.051097e+04   0.000e+00   6.620e-01   5.078e-02        0
      28        33   -4.047550e+04   0.000e+00   5.269e-01   5.030e-02        0
      29        34   -4.043291e+04   0.000e+00   8.451e-04   4.103e-02        0
      30        35   -4.040112e+04   0.000e+00   7.272e-03   6.522e-02        0
      31        36   -4.038816e+04   0.000e+00   4.671e-03   2.167e-02        0
      32        37   -4.035227e+04   0.000e+00   8.747e-02   7.453e-02        0
      33        38   -4.032921e+04   0.000e+00   2.566e-01   9.991e-02        0
      34        39   -4.032598e+04   0.000e+00   1.344e-03   1.857e-02        0
      35        40   -4.032288e+04   0.000e+00   3.580e-03   1.167e-02        0
      36        41   -4.031203e+04   0.000e+00   1.432e-02   4.112e-02        0
      37        42   -4.029512e+04   0.000e+00   2.264e-02   7.197e-02        0
      38        43   -4.027610e+04   0.000e+00   2.304e-02   9.411e-02        0
      39        44   -4.026447e+04   0.000e+00   1.245e-02   5.379e-02        0
      40        45   -4.025923e+04   0.000e+00   4.887e-04   1.173e-02        0
      41        46   -4.025644e+04   0.000e+00   2.275e-01   1.250e-02        0
      42        47   -4.024886e+04   0.000e+00   6.874e-01   2.160e-02        0
      43        48   -4.023195e+04   0.000e+00   1.283e+00   2.851e-02        0
      44        49   -4.019377e+04   0.000e+00   2.041e+00   7.142e-02        0
      45        50   -4.013295e+04   0.000e+00   2.263e+00   1.586e-01        0
      46        51   -4.008892e+04   0.000e+00   1.226e+00   1.519e-01        0
      47        52   -4.007491e+04   0.000e+00   2.227e-01   6.992e-02        0
      48        53   -4.006946e+04   0.000e+00   2.546e-01   3.285e-02        0
      49        54   -4.006205e+04   0.000e+00   1.260e-02   4.816e-02        0
      50        55   -4.004890e+04   0.000e+00   1.903e-02   6.349e-02        0
      51        56   -4.000959e+04   0.000e+00   2.659e-02   1.860e-01        0
      52        57   -3.996921e+04   0.000e+00   1.367e+00   1.031e-01        0
      53        58   -3.990557e+04   0.000e+00   1.900e-02   1.621e-01        0
      54        59   -3.985106e+04   0.000e+00   4.068e-01   1.627e-01        0
      55        60   -3.977221e+04   0.000e+00   5.337e-01   2.433e-01        0
      56        61   -3.976454e+04   0.000e+00   2.421e-01   3.019e-02        0
      57        62   -3.976164e+04   0.000e+00   3.221e-02   1.600e-02        0
      58        63   -3.975668e+04   0.000e+00   3.580e-01   1.048e-02        0
      59        64   -3.974375e+04   0.000e+00   8.819e-01   3.076e-02        0
      60        65   -3.971338e+04   0.000e+00   1.590e+00   1.097e-01        0
      61        66   -3.966687e+04   0.000e+00   2.093e+00   1.491e-01        0
      62        67   -3.962196e+04   0.000e+00   1.690e+00   1.228e-01        0
      63        68   -3.960296e+04   0.000e+00   5.454e-01   2.954e-02        0
      64        69   -3.959594e+04   0.000e+00   6.112e-02   3.274e-02        0
      65        70   -3.958598e+04   0.000e+00   5.810e-01   9.881e-02        0
      66        71   -3.957450e+04   0.000e+00   7.858e-01   1.928e-01        0
      67        72   -3.957088e+04   0.000e+00   3.687e-01   1.007e-02        0
      68        73   -3.956834e+04   0.000e+00   7.126e-02   1.448e-02        0
      69        74   -3.956708e+04   0.000e+00   1.896e-01   7.322e-03        0
      70        75   -3.956118e+04   0.000e+00   5.058e-01   3.257e-02        0
      71        76   -3.955007e+04   0.000e+00   8.257e-01   5.659e-02        0
      72        77   -3.952426e+04   0.000e+00   1.196e+00   1.304e-01        0
      73        78   -3.948310e+04   0.000e+00   1.336e+00   2.171e-01        0
      74        79   -3.943968e+04   0.000e+00   1.003e+00   2.017e-01        0
      75        80   -3.941300e+04   0.000e+00   2.454e-01   9.470e-02        0
      76        81   -3.940665e+04   0.000e+00   9.001e-02   2.971e-02        0
      77        82   -3.940276e+04   0.000e+00   3.253e-03   1.598e-02        0
      78        83   -3.939298e+04   0.000e+00   5.966e-03   4.472e-02        0
      79        84   -3.937396e+04   0.000e+00   7.955e-03   1.217e-01        0
      80        85   -3.933765e+04   0.000e+00   9.056e-03   3.105e-01        0
      81        86   -3.929535e+04   0.000e+00   6.570e-03   4.451e-01        0
      82        87   -3.925768e+04   0.000e+00   2.929e-03   2.441e-01        0
      83        88   -3.914796e+04   0.000e+00   2.921e-01   6.326e-01        0
      84        89   -3.911450e+04   0.000e+00   4.139e-01   3.544e-01        0
      85        90   -3.910341e+04   0.000e+00   2.004e-01   1.036e-01        0
      86        91   -3.909669e+04   0.000e+00   1.014e-03   7.847e-02        0
      87        92   -3.909077e+04   0.000e+00   5.281e-03   5.331e-02        0
      88        93   -3.907400e+04   0.000e+00   1.279e-02   6.608e-02        0
      89        94   -3.903773e+04   0.000e+00   2.215e-02   1.470e-01        0
      90        95   -3.898273e+04   0.000e+00   2.555e-02   2.464e-01        0
      91        96   -3.893992e+04   0.000e+00   1.640e-02   2.326e-01        0
      92        97   -3.892101e+04   0.000e+00   4.474e-03   1.115e-01        0
      93        98   -3.891642e+04   0.000e+00   5.498e-04   7.243e-02        0
      94        99   -3.891561e+04   0.000e+00   8.635e-04   2.843e-02        0
      95       100   -3.891339e+04   0.000e+00   9.678e-04   8.481e-02        0
      96       101   -3.890906e+04   0.000e+00   8.836e-04   1.515e-01        0
      97       102   -3.890024e+04   0.000e+00   5.578e-04   3.112e-01        0
      98       103   -3.888962e+04   0.000e+00   2.558e-04   3.783e-01        0
      99       104   -3.888382e+04   0.000e+00   9.417e-04   2.193e-01        0
     100       105   -3.888073e+04   0.000e+00   1.457e-03   3.601e-02        0
     101       106   -3.887675e+04   0.000e+00   1.440e-03   6.867e-02        0
     102       107   -3.887503e+04   0.000e+00   3.807e-04   1.069e-01        0
     103       108   -3.887466e+04   0.000e+00   8.980e-05   2.988e-02        0
     104       109   -3.887447e+04   0.000e+00   3.345e-04   1.574e-02        0
     105       110   -3.887412e+04   0.000e+00   6.034e-04   3.335e-02        0
     106       111   -3.887367e+04   0.000e+00   8.677e-04   5.696e-02        0
     107       112   -3.887328e+04   0.000e+00   7.269e-04   5.389e-02        0
     108       113   -3.887309e+04   0.000e+00   2.116e-04   2.509e-02        0
     109       114   -3.887304e+04   0.000e+00   8.531e-05   9.424e-03        0
     110       115   -3.887299e+04   0.000e+00   2.590e-04   8.330e-03        0
     111       116   -3.887283e+04   0.000e+00   6.618e-04   1.473e-02        0
     112       117   -3.887246e+04   0.000e+00   1.295e-03   2.236e-02        0
     113       118   -3.887148e+04   0.000e+00   2.345e-03   4.041e-02        0
     114       119   -3.886911e+04   0.000e+00   3.882e-03   7.157e-02        0
     115       120   -3.886384e+04   0.000e+00   5.871e-03   1.300e-01        0
     116       121   -3.885477e+04   0.000e+00   7.470e-03   2.000e-01        0
     117       122   -3.884533e+04   0.000e+00   6.507e-03   1.661e-01        0
     118       123   -3.883884e+04   0.000e+00   1.581e-03   8.969e-02        0
     119       124   -3.883549e+04   0.000e+00   1.715e-01   1.282e-01        0
     120       125   -3.883280e+04   0.000e+00   1.933e-01   1.050e-01        0
     121       126   -3.883128e+04   0.000e+00   1.220e-01   1.157e-01        0
     122       127   -3.883030e+04   0.000e+00   2.655e-02   6.658e-02        0
     123       128   -3.882998e+04   0.000e+00   6.543e-03   6.812e-02        0
     124       129   -3.882993e+04   0.000e+00   2.296e-02   5.705e-02        0
     125       130   -3.882992e+04   0.000e+00   3.640e-03   6.618e-03        0
     126       131   -3.882991e+04   0.000e+00   3.204e-03   9.811e-03        0
     127       132   -3.882991e+04   0.000e+00   3.640e-03   6.147e-03        0
     128       133   -3.882991e+04   0.000e+00   4.437e-04   2.924e-03        0
     129       134   -3.882990e+04   0.000e+00   9.731e-04   2.920e-03        0
     130       135   -3.882990e+04   0.000e+00   1.800e-03   2.146e-03        0
     131       136   -3.882990e+04   0.000e+00   4.079e-03   2.170e-03        0
     132       137   -3.882989e+04   0.000e+00   1.022e-02   5.951e-03        0
     133       138   -3.882987e+04   0.000e+00   1.880e-02   7.648e-03        0
     134       139   -3.882983e+04   0.000e+00   3.073e-02   1.252e-02        0
     135       140   -3.882971e+04   0.000e+00   4.954e-02   1.677e-02        0
     136       141   -3.882937e+04   0.000e+00   7.842e-02   4.865e-02        0
     137       142   -3.882887e+04   0.000e+00   9.030e-02   6.890e-02        0
     138       143   -3.882828e+04   0.000e+00   5.873e-02   9.041e-02        0
     139       144   -3.882801e+04   0.000e+00   1.730e-02   5.230e-02        0
     140       145   -3.882797e+04   0.000e+00   9.087e-03   2.562e-02        0
     141       146   -3.882796e+04   0.000e+00   1.474e-03   7.244e-03        0
     142       147   -3.882796e+04   0.000e+00   3.496e-04   5.730e-03        0
     143       148   -3.882796e+04   0.000e+00   2.622e-04   5.289e-08        1
     144       149   -3.882796e+04   0.000e+00   8.771e-05   3.282e-03        0
     145       150   -3.882796e+04   0.000e+00   8.191e-06   3.286e-03        0
     146       151   -3.882796e+04   0.000e+00   5.354e-05   3.288e-03        0
     147       152   -3.882796e+04   0.000e+00   1.369e-04   3.291e-03        0
     148       153   -3.882796e+04   0.000e+00   3.594e-04   7.676e-03        0
     149       154   -3.882794e+04   0.000e+00   7.314e-04   1.443e-02        0
     150       155   -3.882791e+04   0.000e+00   1.444e-03   1.462e-02        0
     151       156   -3.882779e+04   0.000e+00   4.087e-03   1.924e-02        0
     152       157   -3.882731e+04   0.000e+00   6.543e-03   8.016e-02        0
     153       158   -3.882685e+04   0.000e+00   2.019e-03   1.067e-01        0
     154       159   -3.882640e+04   0.000e+00   6.067e-03   1.077e-01        0
     155       160   -3.882624e+04   0.000e+00   1.567e-04   5.724e-02        0
     156       161   -3.882623e+04   0.000e+00   2.448e-03   1.279e-02        0
     157       162   -3.882623e+04   0.000e+00   6.903e-04   8.526e-03        0
     158       163   -3.882623e+04   0.000e+00   1.185e-04   3.344e-03        0
     159       164   -3.882623e+04   0.000e+00   2.626e-04   2.356e-03        0
     160       165   -3.882623e+04   0.000e+00   6.069e-04   2.351e-03        0
     161       166   -3.882623e+04   0.000e+00   1.174e-03   2.346e-03        0
     162       167   -3.882622e+04   0.000e+00   3.383e-03   9.780e-03        0
     163       168   -3.882621e+04   0.000e+00   5.879e-03   9.856e-03        0
     164       169   -3.882617e+04   0.000e+00   1.108e-02   1.113e-02        0
     165       170   -3.882603e+04   0.000e+00   2.483e-02   2.636e-02        0
     166       171   -3.882569e+04   0.000e+00   4.622e-02   8.176e-02        0
     167       172   -3.882514e+04   0.000e+00   5.861e-02   1.220e-01        0
     168       173   -3.882433e+04   0.000e+00   5.570e-02   1.933e-01        0
     169       174   -3.882390e+04   0.000e+00   2.971e-02   6.952e-02        0
     170       175   -3.882376e+04   0.000e+00   1.201e-03   2.140e-02        0
     171       177   -3.882376e+04   0.000e+00   8.449e-04   5.060e-03        0
     172       178   -3.882376e+04   0.000e+00   1.635e-04   5.427e-03        0
     173       181   -3.882376e+04   0.000e+00   1.563e-04   1.085e-03        0
     174       184   -3.882376e+04   0.000e+00   1.498e-04   4.494e-04        0
     175       185   -3.882376e+04   0.000e+00   9.414e-05   1.359e-04        0
     176       186   -3.882376e+04   0.000e+00   2.052e-04   3.947e-04        0
     177       187   -3.882376e+04   0.000e+00   6.932e-04   8.910e-04        0
     178       188   -3.882376e+04   0.000e+00   1.148e-03   9.490e-04        0
     179       189   -3.882374e+04   0.000e+00   3.415e-03   7.573e-03        0
     180       190   -3.882370e+04   0.000e+00   6.338e-03   1.810e-02        0
     181       191   -3.882365e+04   0.000e+00   8.325e-03   2.866e-02        0
     182       192   -3.882358e+04   0.000e+00   5.995e-03   2.975e-02        0
     183       193   -3.882348e+04   0.000e+00   3.288e-04   3.543e-02        0
     184       194   -3.882323e+04   0.000e+00   5.198e-03   1.672e-01        0
     185       195   -3.882321e+04   0.000e+00   2.403e-03   2.452e-02        0
     186       196   -3.882320e+04   0.000e+00   2.176e-03   1.023e-02        0
     187       197   -3.882320e+04   0.000e+00   4.605e-04   5.052e-03        0
     188       198   -3.882320e+04   0.000e+00   2.311e-04   4.029e-03        0
     189       199   -3.882320e+04   0.000e+00   1.822e-04   4.041e-03        0
     190       200   -3.882320e+04   0.000e+00   8.702e-05   3.595e-03        0
     191       201   -3.882320e+04   0.000e+00   1.255e-04   1.878e-03        0
     192       202   -3.882320e+04   0.000e+00   4.815e-04   1.882e-03        0
     193       203   -3.882320e+04   0.000e+00   1.735e-03   4.732e-03        0
     194       204   -3.882319e+04   0.000e+00   3.452e-03   4.866e-03        0
     195       205   -3.882318e+04   0.000e+00   7.792e-03   6.344e-03        0
     196       206   -3.882315e+04   0.000e+00   1.596e-02   1.611e-02        0
     197       207   -3.882310e+04   0.000e+00   2.129e-02   3.212e-02        0
     198       208   -3.882305e+04   0.000e+00   1.934e-02   5.637e-02        0
     199       209   -3.882300e+04   0.000e+00   9.173e-03   5.575e-02        0
     200       210   -3.882297e+04   0.000e+00   2.609e-03   3.510e-02        0
     201       211   -3.882295e+04   0.000e+00   7.856e-04   2.999e-02        0
     202       212   -3.882295e+04   0.000e+00   1.364e-03   1.472e-02        0
     203       213   -3.882294e+04   0.000e+00   1.811e-04   1.716e-02        0
     204       216   -3.882294e+04   0.000e+00   5.347e-05   3.647e-03        0
     205       217   -3.882294e+04   0.000e+00   3.839e-05   2.090e-03        0
     206       218   -3.882294e+04   0.000e+00   1.708e-06   1.854e-09        1
     207       219   -3.882294e+04   0.000e+00   5.193e-06   3.242e-04        0
     208       220   -3.882294e+04   0.000e+00   6.861e-06   3.245e-04        0
     209       221   -3.882294e+04   0.000e+00   8.377e-06   3.249e-04        0
     210       222   -3.882294e+04   0.000e+00   1.035e-05   3.252e-04        0
     211       223   -3.882294e+04   0.000e+00   1.677e-05   9.318e-04        0
     212       224   -3.882294e+04   0.000e+00   3.866e-05   2.651e-03        0
     213       225   -3.882294e+04   0.000e+00   4.488e-05   2.656e-03        0
     214       226   -3.882294e+04   0.000e+00   4.079e-05   2.855e-03        0
     215       227   -3.882293e+04   0.000e+00   3.041e-05   6.679e-03        0
     216       228   -3.882286e+04   0.000e+00   1.205e-05   4.238e-02        0
     217       229   -3.882259e+04   0.000e+00   4.252e-04   2.306e-01        0
     218       230   -3.882245e+04   0.000e+00   2.323e-04   2.312e-01        0
     219       231   -3.882240e+04   0.000e+00   6.814e-04   1.032e-01        0
     220       232   -3.882238e+04   0.000e+00   4.053e-04   3.319e-02        0
     221       233   -3.882238e+04   0.000e+00   1.329e-05   1.061e-02        0
     222       234   -3.882238e+04   0.000e+00   7.416e-05   8.931e-03        0
     223       237   -3.882238e+04   0.000e+00   6.885e-05   5.966e-04        0
     224       240   -3.882238e+04   0.000e+00   6.843e-05   5.269e-05        0
     225       243   -3.882238e+04   0.000e+00   5.063e-05   2.232e-03        0
     226       244   -3.882238e+04   0.000e+00   2.511e-06   8.705e-07        2
     227       245   -3.882238e+04   0.000e+00   4.535e-05   3.915e-04        0
     228       246   -3.882238e+04   0.000e+00   1.457e-05   3.916e-04        0
     229       247   -3.882238e+04   0.000e+00   4.969e-05   3.917e-04        0
     230       248   -3.882238e+04   0.000e+00   8.863e-05   3.922e-04        0
     231       249   -3.882238e+04   0.000e+00   1.643e-05   3.920e-04        0
     232       250   -3.882238e+04   0.000e+00   1.488e-04   3.930e-04        0
     233       251   -3.882238e+04   0.000e+00   6.691e-04   4.921e-04        0
     234       252   -3.882238e+04   0.000e+00   1.361e-03   1.596e-03        0
     235       253   -3.882237e+04   0.000e+00   5.394e-04   1.600e-03        0
     236       254   -3.882237e+04   0.000e+00   9.165e-05   1.603e-03        0
     237       255   -3.882231e+04   0.000e+00   1.603e-02   9.764e-02        0
     238       256   -3.882229e+04   0.000e+00   1.132e-02   5.997e-02        0
     239       257   -3.882228e+04   0.000e+00   4.520e-03   5.913e-02        0
     240       258   -3.882227e+04   0.000e+00   3.800e-04   5.981e-02        0
     241       259   -3.882227e+04   0.000e+00   5.987e-03   1.321e-01        0
     242       260   -3.882226e+04   0.000e+00   8.509e-03   1.321e-01        0
     243       261   -3.882224e+04   0.000e+00   7.987e-03   1.345e-01        0
     244       262   -3.882221e+04   0.000e+00   2.921e-02   8.508e-01        0
     245       263   -3.882219e+04   0.000e+00   2.087e-02   2.796e-01        0
     246       264   -3.882217e+04   0.000e+00   8.047e-03   2.708e-01        0
     247       266   -3.882217e+04   0.000e+00   6.765e-03   1.337e-01        0
     248       268   -3.882217e+04   0.000e+00   1.577e-03   4.372e-02        0
     249       271   -3.882217e+04   0.000e+00   1.290e-03   1.792e-02        0
     250       272   -3.882217e+04   0.000e+00   8.839e-06   9.241e-09        1
     251       273   -3.882217e+04   0.000e+00   6.124e-06   1.409e-02        0
     252       276   -3.882217e+04   0.000e+00   6.204e-06   1.659e-03        0
     253       277   -3.882217e+04   0.000e+00   3.410e-05   2.664e-02        0
     254       278   -3.882217e+04   0.000e+00   3.914e-05   2.664e-02        0
     255       279   -3.882217e+04   0.000e+00   1.828e-04   2.786e-02        0
     256       280   -3.882217e+04   0.000e+00   1.261e-04   2.805e-02        0
     257       281   -3.882217e+04   0.000e+00   4.798e-05   2.805e-02        0
     258       283   -3.882217e+04   0.000e+00   3.938e-05   1.403e-02        0
     259       284   -3.882217e+04   0.000e+00   5.536e-07   1.388e-09        1
     260       285   -3.882217e+04   0.000e+00   7.609e-06   1.781e-02        0
     261       286   -3.882217e+04   0.000e+00   4.199e-08   6.627e-06        5
     262       287   -3.882217e+04   0.000e+00   9.441e-08   2.127e-03        0
     263       288   -3.882217e+04   0.000e+00   8.804e-06   2.632e-02        0
     264       291   -3.882217e+04   0.000e+00   6.031e-06   2.621e-03        0
     265       296   -3.882217e+04   0.000e+00   2.874e-07   5.505e-06        5
     266       297   -3.882217e+04   0.000e+00   8.015e-07   2.649e-03        0
     267       298   -3.882217e+04   0.000e+00   6.899e-07   2.649e-03        0
     268       299   -3.882217e+04   0.000e+00   5.729e-07   6.780e-11        1
     269       300   -3.882217e+04   0.000e+00   5.344e-07   1.184e-04       15
     270       301   -3.882217e+04   0.000e+00   8.746e-08   6.785e-04        0
     271       302   -3.882217e+04   0.000e+00   3.400e-07   2.325e-04        0
     272       303   -3.882217e+04   0.000e+00   2.136e-09   1.311e-06        6

EXIT: Locally optimal solution found.

Final Statistics
----------------
Final objective value               =  -3.88221716048574e+04
Final feasibility error (abs / rel) =   0.00e+00 / 0.00e+00
Final optimality error  (abs / rel) =   2.14e-09 / 2.14e-09
# of iterations                     =        272 
# of CG iterations                  =         38 
# of function evaluations           =        303
# of gradient evaluations           =        273
Total program time (secs)           =   17589.89844 (367989.250 CPU time)
Time spent in evaluations (secs)    =   17569.99414

Solution Vector
---------------
x[       0] =  -8.34425673865e-01
x[       1] =  -5.89714616117e-01
x[       2] =  -5.66644616600e-01
x[       3] =  -4.03481199390e-01
x[       4] =  -5.79375166406e-01
x[       5] =  -4.48742610137e-01
x[       6] =  -6.97132299263e-01
x[       7] =  -2.90632604333e-02
x[       8] =  -7.15213885722e-01
x[       9] =  -3.45415075453e+00
x[      10] =   4.35106367975e-02
x[      11] =  -2.96438064690e-04
x[      12] =   1.14197695192e+01
x[      13] =   1.38114836884e+01
x[      14] =   1.31885384183e+01
x[      15] =   1.80465240467e+01
x[      16] =   7.63242861685e-01
x[      17] =   7.30445319229e-01
x[      18] =   6.87339641715e-01
x[      19] =   8.59570222947e-01
x[      20] =   6.39888915752e-01
x[      21] =   9.32442026450e-01
x[      22] =   2.61592175684e-01

===============================================================================

