
Solving from new start point (number 33 of 42) <multistart>.


=======================================
*** NO CHECK MADE FOR LICENSE ***
         Artelys Knitro 12.3.0
=======================================

Knitro presolve eliminated 0 variables and 0 constraints.

algorithm:               4
bar_maxcrossit:          3
datacheck:               0
feastol:                 1e-08
hessopt:                 2
maxtime_cpu:             9.96853e+07
maxtime_real:            9.99848e+07
opttol:                  1e-08
outlev:                  5
outmode:                 2
par_concurrent_evals:    0
The problem is identified as bound constrained only.
Knitro changing act_qpalg from AUTO to 3.
Knitro changing honorbnds from AUTO to -1.
Knitro changing linesearch from AUTO to 2.
Knitro changing linsolver from AUTO to 4.

Problem Characteristics                                 (   Presolved)
-----------------------
Objective goal:  Maximize
Objective type:  general
Number of variables:                                 23 (          23)
    bounded below only:                               0 (           0)
    bounded above only:                               0 (           0)
    bounded below and above:                         23 (          23)
    fixed:                                            0 (           0)
    free:                                             0 (           0)
Number of constraints:                                0 (           0)
    linear equalities:                                0 (           0)
    quadratic equalities:                             0 (           0)
    gen. nonlinear equalities:                        0 (           0)
    linear one-sided inequalities:                    0 (           0)
    quadratic one-sided inequalities:                 0 (           0)
    gen. nonlinear one-sided inequalities:            0 (           0)
    linear two-sided inequalities:                    0 (           0)
    quadratic two-sided inequalities:                 0 (           0)
    gen. nonlinear two-sided inequalities:            0 (           0)
Number of nonzeros in Jacobian:                       0 (           0)
Number of nonzeros in Hessian:                        0 (         276)

Knitro using the Sequential Quadratic Programming (SQP) algorithm.

  Iter     fCount     Objective      FeasError   OptError    ||Step||    CGits 
--------  --------  --------------  ----------  ----------  ----------  -------
       0         1   -4.209747e+04   0.000e+00
       1         3   -3.942834e+04   0.000e+00   2.747e+01   4.765e-02        0
       2         7   -3.921398e+04   0.000e+00   3.731e+00   5.851e-02        0
       3         8   -3.915714e+04   0.000e+00   1.076e+01   2.646e-02        0
       4        10   -3.914780e+04   0.000e+00   2.406e+01   6.815e-02        0
       5        12   -3.898950e+04   0.000e+00   1.235e+01   1.782e-01        0
       6        13   -3.895101e+04   0.000e+00   3.283e-01   5.221e-02        0
       7        14   -3.894561e+04   0.000e+00   8.165e-01   1.081e-02        0
       8        15   -3.894137e+04   0.000e+00   3.588e-03   1.128e-02        0
       9        16   -3.893741e+04   0.000e+00   4.751e-03   1.557e-02        0
      10        17   -3.893376e+04   0.000e+00   3.395e-03   1.740e-02        0
      11        18   -3.892917e+04   0.000e+00   3.370e-03   2.401e-02        0
      12        19   -3.892346e+04   0.000e+00   1.128e-01   3.219e-02        0
      13        20   -3.891796e+04   0.000e+00   7.777e-03   4.164e-02        0
      14        21   -3.891137e+04   0.000e+00   1.104e-02   5.363e-02        0
      15        22   -3.890497e+04   0.000e+00   2.032e-02   4.415e-02        0
      16        23   -3.889548e+04   0.000e+00   1.480e-02   6.312e-02        0
      17        24   -3.888567e+04   0.000e+00   2.459e-02   7.136e-02        0
      18        25   -3.887688e+04   0.000e+00   1.585e-02   7.082e-02        0
      19        26   -3.886979e+04   0.000e+00   2.583e-02   5.523e-02        0
      20        27   -3.886479e+04   0.000e+00   1.310e-02   3.089e-02        0
      21        28   -3.886392e+04   0.000e+00   6.501e-03   1.457e-02        0
      22        29   -3.886296e+04   0.000e+00   7.422e-03   1.543e-02        0
      23        30   -3.886197e+04   0.000e+00   1.298e-02   9.044e-03        0
      24        31   -3.886013e+04   0.000e+00   1.163e-02   2.354e-02        0
      25        32   -3.885873e+04   0.000e+00   7.254e-03   2.632e-02        0
      26        33   -3.885794e+04   0.000e+00   2.087e-03   1.076e-02        0
      27        34   -3.885718e+04   0.000e+00   4.887e-03   1.445e-02        0
      28        35   -3.885622e+04   0.000e+00   9.605e-03   2.414e-02        0
      29        36   -3.885458e+04   0.000e+00   9.904e-03   4.275e-02        0
      30        37   -3.885279e+04   0.000e+00   1.044e-02   4.348e-02        0
      31        38   -3.885133e+04   0.000e+00   2.057e-02   3.106e-02        0
      32        39   -3.885028e+04   0.000e+00   2.506e-02   3.892e-02        0
      33        40   -3.884918e+04   0.000e+00   1.445e+00   2.792e-02        0
      34        41   -3.884690e+04   0.000e+00   8.663e-01   7.170e-02        0
      35        42   -3.884320e+04   0.000e+00   8.034e-02   9.322e-02        0
      36        43   -3.883994e+04   0.000e+00   1.059e+00   2.111e-01        0
      37        45   -3.883786e+04   0.000e+00   2.239e+00   1.569e-01        0
      38        46   -3.883515e+04   0.000e+00   7.248e-01   9.574e-02        0
      39        47   -3.883469e+04   0.000e+00   6.142e-01   4.713e-02        0
      40        48   -3.883452e+04   0.000e+00   1.801e-01   1.930e-02        0
      41        49   -3.883428e+04   0.000e+00   1.845e-01   2.987e-02        0
      42        50   -3.883413e+04   0.000e+00   3.170e-01   1.198e-02        0
      43        51   -3.883407e+04   0.000e+00   1.876e-01   6.417e-03        0
      44        52   -3.883406e+04   0.000e+00   3.522e-02   8.444e-03        0
      45        53   -3.883405e+04   0.000e+00   3.551e-02   3.827e-03        0
      46        54   -3.883404e+04   0.000e+00   1.301e-01   5.153e-03        0
      47        55   -3.883402e+04   0.000e+00   2.778e-01   7.996e-03        0
      48        56   -3.883395e+04   0.000e+00   5.046e-01   1.294e-02        0
      49        57   -3.883379e+04   0.000e+00   8.219e-01   2.209e-02        0
      50        58   -3.883344e+04   0.000e+00   1.160e+00   4.105e-02        0
      51        59   -3.883282e+04   0.000e+00   1.250e+00   7.382e-02        0
      52        60   -3.883207e+04   0.000e+00   7.887e-01   1.008e-01        0
      53        61   -3.883142e+04   0.000e+00   7.044e-02   9.367e-02        0
      54        62   -3.883079e+04   0.000e+00   5.211e-01   8.791e-02        0
      55        63   -3.883013e+04   0.000e+00   9.122e-01   8.836e-02        0
      56        64   -3.882960e+04   0.000e+00   1.126e+00   2.520e-02        0
      57        65   -3.882909e+04   0.000e+00   3.919e-01   5.086e-02        0
      58        66   -3.882902e+04   0.000e+00   1.101e-01   2.482e-02        0
      59        67   -3.882901e+04   0.000e+00   2.320e-02   7.469e-03        0
      60        68   -3.882900e+04   0.000e+00   7.412e-02   4.419e-03        0
      61        69   -3.882897e+04   0.000e+00   1.563e-01   8.031e-03        0
      62        70   -3.882891e+04   0.000e+00   2.732e-01   1.756e-02        0
      63        71   -3.882876e+04   0.000e+00   4.528e-01   4.018e-02        0
      64        72   -3.882841e+04   0.000e+00   6.826e-01   8.844e-02        0
      65        73   -3.882775e+04   0.000e+00   8.812e-01   1.669e-01        0
      66        74   -3.882667e+04   0.000e+00   9.065e-01   2.169e-01        0
      67        75   -3.882455e+04   0.000e+00   1.014e+00   3.588e-01        0
      68        76   -3.882335e+04   0.000e+00   9.258e-01   2.798e-01        0
      69        77   -3.882299e+04   0.000e+00   2.157e-01   1.666e-01        0
      70        78   -3.882292e+04   0.000e+00   1.918e-02   5.973e-02        0
      71        79   -3.882292e+04   0.000e+00   2.131e-02   7.203e-03        0
      72        80   -3.882292e+04   0.000e+00   1.651e-03   4.165e-03        0
      73        81   -3.882291e+04   0.000e+00   3.018e-02   4.376e-03        0
      74        82   -3.882291e+04   0.000e+00   8.931e-02   5.531e-03        0
      75        83   -3.882289e+04   0.000e+00   1.605e-01   1.006e-02        0
      76        84   -3.882284e+04   0.000e+00   2.442e-01   1.352e-02        0
      77        85   -3.882276e+04   0.000e+00   3.174e-01   2.065e-02        0
      78        86   -3.882265e+04   0.000e+00   3.013e-01   3.935e-02        0
      79        87   -3.882258e+04   0.000e+00   1.304e-01   3.541e-02        0
      80        88   -3.882256e+04   0.000e+00   1.568e-02   2.533e-02        0
      81        89   -3.882256e+04   0.000e+00   3.449e-03   4.364e-03        0
      82        90   -3.882256e+04   0.000e+00   6.977e-04   2.503e-03        0
      83        91   -3.882256e+04   0.000e+00   6.519e-04   1.779e-03        0
      84        92   -3.882256e+04   0.000e+00   6.933e-04   1.158e-03        0
      85        93   -3.882256e+04   0.000e+00   2.498e-03   1.260e-03        0
      86        94   -3.882256e+04   0.000e+00   7.446e-03   3.292e-03        0
      87        95   -3.882256e+04   0.000e+00   1.435e-02   3.466e-03        0
      88        96   -3.882256e+04   0.000e+00   2.659e-02   6.577e-03        0
      89        97   -3.882255e+04   0.000e+00   4.162e-02   7.471e-03        0
      90        98   -3.882254e+04   0.000e+00   3.725e-02   1.362e-02        0
      91        99   -3.882254e+04   0.000e+00   2.157e-02   1.351e-02        0
      92       100   -3.882254e+04   0.000e+00   5.785e-03   1.300e-02        0
      93       101   -3.882254e+04   0.000e+00   2.097e-03   5.406e-03        0
      94       102   -3.882254e+04   0.000e+00   5.900e-04   1.890e-03        0
      95       103   -3.882254e+04   0.000e+00   2.895e-04   2.263e-04        0
      96       104   -3.882254e+04   0.000e+00   2.669e-03   5.857e-04        0
      97       105   -3.882254e+04   0.000e+00   1.133e-02   1.684e-03        0
      98       106   -3.882254e+04   0.000e+00   2.056e-02   1.733e-03        0
      99       107   -3.882253e+04   0.000e+00   3.492e-02   2.822e-03        0
     100       108   -3.882253e+04   0.000e+00   6.499e-02   1.005e-02        0
     101       109   -3.882252e+04   0.000e+00   6.942e-02   1.320e-02        0
     102       110   -3.882252e+04   0.000e+00   4.124e-02   1.424e-02        0
     103       111   -3.882252e+04   0.000e+00   7.750e-03   1.380e-02        0
     104       112   -3.882252e+04   0.000e+00   3.618e-04   1.014e-03        0
     105       113   -3.882252e+04   0.000e+00   5.609e-04   5.686e-04        0
     106       114   -3.882252e+04   0.000e+00   8.202e-04   5.679e-04        0
     107       115   -3.882252e+04   0.000e+00   1.122e-03   3.258e-04        0
     108       116   -3.882252e+04   0.000e+00   7.715e-04   4.060e-04        0
     109       117   -3.882251e+04   0.000e+00   2.666e-04   8.316e-04        0
     110       118   -3.882251e+04   0.000e+00   2.270e-03   3.507e-03        0
     111       119   -3.882251e+04   0.000e+00   6.434e-03   1.725e-02        0
     112       120   -3.882251e+04   0.000e+00   4.311e-03   1.153e-02        0
     113       121   -3.882251e+04   0.000e+00   1.076e-03   1.378e-03        0
     114       122   -3.882251e+04   0.000e+00   3.346e-04   9.330e-04        0
     115       124   -3.882251e+04   0.000e+00   3.714e-04   4.664e-04        0
     116       125   -3.882251e+04   0.000e+00   3.084e-04   1.353e-04        0
     117       126   -3.882251e+04   0.000e+00   4.522e-04   1.418e-04        0
     118       127   -3.882251e+04   0.000e+00   1.213e-04   4.770e-04        0
     119       128   -3.882251e+04   0.000e+00   2.726e-04   1.742e-03        0
     120       129   -3.882250e+04   0.000e+00   5.127e-04   2.983e-03        0
     121       130   -3.882250e+04   0.000e+00   5.605e-05   1.407e-03        0
     122       131   -3.882250e+04   0.000e+00   7.492e-06   1.407e-03        0
     123       132   -3.882250e+04   0.000e+00   3.331e-04   9.898e-04        0
     124       135   -3.882250e+04   0.000e+00   2.500e-04   1.067e-04        0
     125       138   -3.882250e+04   0.000e+00   2.307e-04   5.108e-05        0
     126       141   -3.882250e+04   0.000e+00   2.107e-04   5.808e-05        0
     127       144   -3.882250e+04   0.000e+00   1.886e-04   6.200e-05        0
     128       147   -3.882250e+04   0.000e+00   1.655e-04   6.524e-05        0
     129       150   -3.882250e+04   0.000e+00   1.398e-04   7.356e-05        0
     130       151   -3.882250e+04   0.000e+00   1.566e-04   7.009e-05        0
     131       152   -3.882250e+04   0.000e+00   8.947e-04   8.610e-05        0
     132       153   -3.882250e+04   0.000e+00   2.527e-03   2.027e-04        0
     133       154   -3.882250e+04   0.000e+00   4.524e-03   2.600e-04        0
     134       155   -3.882250e+04   0.000e+00   8.314e-03   6.773e-04        0
     135       156   -3.882250e+04   0.000e+00   1.388e-02   1.609e-03        0
     136       157   -3.882250e+04   0.000e+00   2.257e-02   4.299e-03        0
     137       158   -3.882250e+04   0.000e+00   3.530e-02   1.086e-02        0
     138       159   -3.882250e+04   0.000e+00   3.743e-02   1.142e-02        0
     139       160   -3.882249e+04   0.000e+00   4.762e-02   9.998e-02        0
     140       161   -3.882248e+04   0.000e+00   2.885e-02   1.002e-01        0
     141       163   -3.882248e+04   0.000e+00   1.569e-02   4.934e-02        0
     142       164   -3.882248e+04   0.000e+00   3.670e-03   2.249e-02        0
     143       165   -3.882248e+04   0.000e+00   7.614e-04   9.009e-03        0
     144       166   -3.882248e+04   0.000e+00   2.176e-03   8.858e-03        0
     145       167   -3.882248e+04   0.000e+00   2.325e-03   6.765e-03        0
     146       168   -3.882248e+04   0.000e+00   2.320e-03   6.763e-03        0
     147       169   -3.882248e+04   0.000e+00   2.456e-03   7.424e-03        0
     148       170   -3.882248e+04   0.000e+00   2.224e-03   1.198e-02        0
     149       171   -3.882247e+04   0.000e+00   8.711e-04   2.936e-02        0
     150       172   -3.882245e+04   0.000e+00   8.736e-03   1.336e-01        0
     151       173   -3.882243e+04   0.000e+00   9.934e-03   1.431e-01        0
     152       174   -3.882237e+04   0.000e+00   1.886e-01   7.434e-01        0
     153       175   -3.882235e+04   0.000e+00   1.001e-01   1.751e-01        0
     154       176   -3.882234e+04   0.000e+00   1.570e-02   1.749e-01        0
     155       177   -3.882234e+04   0.000e+00   9.544e-03   2.318e-06        1
     156       178   -3.882234e+04   0.000e+00   2.232e-03   4.820e-02        0
     157       179   -3.882234e+04   0.000e+00   2.895e-03   4.676e-02        0
     158       180   -3.882234e+04   0.000e+00   3.905e-03   9.108e-07        1
     159       181   -3.882234e+04   0.000e+00   1.993e-04   3.851e-03        0
     160       182   -3.882234e+04   0.000e+00   3.486e-04   1.783e-05        5
     161       183   -3.882234e+04   0.000e+00   4.325e-04   8.418e-03        0
     162       184   -3.882234e+04   0.000e+00   1.501e-03   9.531e-03        0
     163       185   -3.882234e+04   0.000e+00   3.379e-03   9.785e-03        0
     164       186   -3.882233e+04   0.000e+00   7.495e-03   1.311e-02        0
     165       187   -3.882233e+04   0.000e+00   1.296e-02   1.551e-02        0
     166       188   -3.882230e+04   0.000e+00   3.065e-02   1.371e-01        0
     167       189   -3.882227e+04   0.000e+00   5.454e-02   2.187e-01        0
     168       190   -3.882222e+04   0.000e+00   7.477e-02   2.943e-01        0
     169       191   -3.882219e+04   0.000e+00   9.377e-02   2.923e-01        0
     170       192   -3.882218e+04   0.000e+00   9.610e-02   2.883e-01        0
     171       193   -3.882217e+04   0.000e+00   4.228e-02   6.806e-02        0
     172       194   -3.882217e+04   0.000e+00   1.910e-02   6.874e-02        0
     173       197   -3.882217e+04   0.000e+00   1.857e-02   4.976e-03        0
     174       199   -3.882217e+04   0.000e+00   1.083e-02   2.737e-02        0
     175       200   -3.882217e+04   0.000e+00   5.322e-04   8.475e-03        0
     176       201   -3.882217e+04   0.000e+00   1.147e-06   6.825e-09        1
     177       202   -3.882217e+04   0.000e+00   1.154e-04   1.644e-02        0
     178       203   -3.882217e+04   0.000e+00   1.848e-04   1.644e-02        0
     179       204   -3.882217e+04   0.000e+00   3.502e-04   1.640e-02        0
     180       207   -3.882217e+04   0.000e+00   3.403e-04   5.946e-04        0
     181       208   -3.882217e+04   0.000e+00   1.413e-06   8.677e-10        1
     182       210   -3.882217e+04   0.000e+00   1.596e-05   1.189e-03        0
     183       211   -3.882217e+04   0.000e+00   2.188e-07   2.371e-06        5
     184       212   -3.882217e+04   0.000e+00   5.496e-07   1.777e-04        0
     185       213   -3.882217e+04   0.000e+00   9.866e-08   6.727e-06       18
     186       214   -3.882217e+04   0.000e+00   6.914e-07   2.663e-03        0
     187       215   -3.882217e+04   0.000e+00   4.880e-08   1.322e-07        6
     188       217   -3.882217e+04   0.000e+00   1.118e-07   2.456e-03        0
     189       218   -3.882217e+04   0.000e+00   4.571e-07   1.743e-03        0
     190       219   -3.882217e+04   0.000e+00   1.863e-06   1.743e-03        0
     191       220   -3.882217e+04   0.000e+00   2.970e-09   1.114e-08        3

EXIT: Locally optimal solution found.

Final Statistics
----------------
Final objective value               =  -3.88221716047268e+04
Final feasibility error (abs / rel) =   0.00e+00 / 0.00e+00
Final optimality error  (abs / rel) =   2.97e-09 / 2.97e-09
# of iterations                     =        191 
# of CG iterations                  =         41 
# of function evaluations           =        220
# of gradient evaluations           =        192
Total program time (secs)           =   11964.60449 (240040.922 CPU time)
Time spent in evaluations (secs)    =   11899.01367

Solution Vector
---------------
x[       0] =  -8.34399457045e-01
x[       1] =  -5.89723187128e-01
x[       2] =  -5.66641005051e-01
x[       3] =  -4.03481199390e-01
x[       4] =  -5.79373192020e-01
x[       5] =  -4.48742610137e-01
x[       6] =  -6.97130377651e-01
x[       7] =  -2.90624080868e-02
x[       8] =  -7.15213220809e-01
x[       9] =  -3.45415365755e+00
x[      10] =   4.35106934886e-02
x[      11] =  -2.96439287818e-04
x[      12] =   1.14195109660e+01
x[      13] =   1.38111194857e+01
x[      14] =   1.31882369715e+01
x[      15] =   1.80460837801e+01
x[      16] =   7.63265477742e-01
x[      17] =   7.30459524664e-01
x[      18] =   6.87355114731e-01
x[      19] =   8.59587968513e-01
x[      20] =   6.39903256893e-01
x[      21] =   9.32461557517e-01
x[      22] =   2.61591975080e-01

===============================================================================

