
Solving from new start point (number 38 of 42) <multistart>.


=======================================
*** NO CHECK MADE FOR LICENSE ***
         Artelys Knitro 12.3.0
=======================================

Knitro presolve eliminated 0 variables and 0 constraints.

algorithm:               4
bar_maxcrossit:          3
datacheck:               0
feastol:                 1e-08
hessopt:                 2
maxtime_cpu:             9.96071e+07
maxtime_real:            9.9981e+07
opttol:                  1e-08
outlev:                  5
outmode:                 2
par_concurrent_evals:    0
The problem is identified as bound constrained only.
Knitro changing act_qpalg from AUTO to 3.
Knitro changing honorbnds from AUTO to -1.
Knitro changing linesearch from AUTO to 2.
Knitro changing linsolver from AUTO to 4.

Problem Characteristics                                 (   Presolved)
-----------------------
Objective goal:  Maximize
Objective type:  general
Number of variables:                                 23 (          23)
    bounded below only:                               0 (           0)
    bounded above only:                               0 (           0)
    bounded below and above:                         23 (          23)
    fixed:                                            0 (           0)
    free:                                             0 (           0)
Number of constraints:                                0 (           0)
    linear equalities:                                0 (           0)
    quadratic equalities:                             0 (           0)
    gen. nonlinear equalities:                        0 (           0)
    linear one-sided inequalities:                    0 (           0)
    quadratic one-sided inequalities:                 0 (           0)
    gen. nonlinear one-sided inequalities:            0 (           0)
    linear two-sided inequalities:                    0 (           0)
    quadratic two-sided inequalities:                 0 (           0)
    gen. nonlinear two-sided inequalities:            0 (           0)
Number of nonzeros in Jacobian:                       0 (           0)
Number of nonzeros in Hessian:                        0 (         276)

Knitro using the Sequential Quadratic Programming (SQP) algorithm.

  Iter     fCount     Objective      FeasError   OptError    ||Step||    CGits 
--------  --------  --------------  ----------  ----------  ----------  -------
       0         1   -8.019394e+04   0.000e+00
       1         2   -5.311632e+04   0.000e+00   1.826e+02   1.567e+00        0
       2         3   -4.972345e+04   1.735e-18   7.678e+02   2.354e-01        0
       3         4   -4.583410e+04   0.000e+00   2.643e+02   1.304e+00        0
       4         5   -4.378002e+04   0.000e+00   2.844e+02   3.114e-01        0
       5         7   -4.267986e+04   0.000e+00   1.020e+03   2.283e-01        0
       6         8   -4.159292e+04   0.000e+00   6.651e+00   3.632e-01        0
       7         9   -4.030710e+04   0.000e+00   5.484e+00   1.543e-01        0
       8        12   -3.975310e+04   0.000e+00   2.931e+02   1.279e-01        0
       9        13   -3.934831e+04   0.000e+00   2.289e+00   1.745e-01        0
      10        14   -3.923625e+04   0.000e+00   4.681e-01   3.333e-02        0
      11        15   -3.918992e+04   0.000e+00   8.036e+01   6.668e-02        0
      12        16   -3.915280e+04   0.000e+00   4.938e+01   1.922e-02        0
      13        18   -3.912558e+04   0.000e+00   9.116e+00   8.044e-02        0
      14        21   -3.910926e+04   0.000e+00   3.620e-01   3.259e-02        0
      15        22   -3.909170e+04   0.000e+00   7.674e-02   3.415e-02        0
      16        24   -3.908854e+04   0.000e+00   2.925e+00   9.960e-02        0
      17        25   -3.907488e+04   1.735e-18   2.295e-01   5.112e-02        0
      18        28   -3.907458e+04   0.000e+00   1.314e-01   7.155e-03        0
      19        29   -3.907106e+04   0.000e+00   1.079e+01   2.320e-02        0
      20        30   -3.906844e+04   0.000e+00   1.092e+01   2.107e-02        0
      21        31   -3.906138e+04   0.000e+00   1.614e+00   9.614e-02        0
      22        32   -3.905982e+04   0.000e+00   6.908e-01   2.284e-02        0
      23        33   -3.905489e+04   0.000e+00   1.053e-01   7.895e-02        0
      24        34   -3.905164e+04   0.000e+00   1.088e-01   5.079e-02        0
      25        35   -3.904228e+04   0.000e+00   9.330e-02   1.463e-01        0
      26        36   -3.902764e+04   0.000e+00   7.625e-02   1.710e-01        0
      27        37   -3.900933e+04   0.000e+00   2.392e-02   1.303e-01        0
      28        38   -3.899648e+04   0.000e+00   2.482e+00   1.614e-01        0
      29        39   -3.898825e+04   0.000e+00   1.307e-02   1.468e-01        0
      30        40   -3.897760e+04   0.000e+00   1.113e-01   2.429e-01        0
      31        41   -3.896658e+04   0.000e+00   5.596e+00   2.204e-01        0
      32        42   -3.895368e+04   0.000e+00   5.814e-01   1.491e-01        0
      33        43   -3.894078e+04   0.000e+00   6.076e-01   2.884e-01        0
      34        44   -3.893650e+04   0.000e+00   3.965e-01   1.487e-01        0
      35        45   -3.892743e+04   0.000e+00   2.717e-02   4.115e-01        0
      36        46   -3.892353e+04   0.000e+00   3.098e-02   2.327e-01        0
      37        47   -3.892200e+04   0.000e+00   1.345e-02   8.036e-02        0
      38        48   -3.892100e+04   0.000e+00   9.928e-02   3.987e-02        0
      39        49   -3.891992e+04   0.000e+00   7.018e-01   5.540e-02        0
      40        50   -3.891848e+04   0.000e+00   1.530e-01   7.944e-02        0
      41        51   -3.891666e+04   0.000e+00   7.317e-01   1.001e-01        0
      42        52   -3.891492e+04   0.000e+00   4.130e-02   8.906e-02        0
      43        53   -3.891402e+04   0.000e+00   2.750e-02   6.053e-02        0
      44        54   -3.891321e+04   0.000e+00   1.429e-02   8.581e-02        0
      45        55   -3.891223e+04   0.000e+00   5.055e-01   8.408e-02        0
      46        56   -3.890943e+04   0.000e+00   2.851e+00   1.947e-01        0
      47        57   -3.890507e+04   0.000e+00   4.775e+00   2.805e-01        0
      48        58   -3.890031e+04   0.000e+00   6.232e+00   2.564e-01        0
      49        59   -3.889665e+04   0.000e+00   5.474e+00   1.536e-01        0
      50        60   -3.889493e+04   0.000e+00   9.902e-01   1.340e-01        0
      51        61   -3.889454e+04   0.000e+00   3.523e-01   4.824e-02        0
      52        62   -3.889429e+04   0.000e+00   1.904e-01   1.796e-02        0
      53        63   -3.889379e+04   0.000e+00   8.903e-01   4.646e-02        0
      54        64   -3.889288e+04   0.000e+00   1.345e+00   5.376e-02        0
      55        65   -3.889119e+04   0.000e+00   9.862e-01   8.678e-02        0
      56        66   -3.888592e+04   0.000e+00   7.544e-01   2.718e-01        0
      57        67   -3.887752e+04   0.000e+00   1.397e+00   4.709e-01        0
      58        68   -3.886882e+04   0.000e+00   1.753e+00   3.881e-01        0
      59        69   -3.886226e+04   0.000e+00   2.055e+00   2.442e-01        0
      60        70   -3.886151e+04   0.000e+00   1.610e-02   6.378e-02        0
      61        71   -3.886085e+04   0.000e+00   5.648e-01   5.032e-02        0
      62        72   -3.886028e+04   0.000e+00   1.165e+00   4.595e-02        0
      63        73   -3.885838e+04   0.000e+00   1.916e+00   2.006e-01        0
      64        74   -3.885579e+04   0.000e+00   2.267e+00   3.354e-01        0
      65        75   -3.885309e+04   0.000e+00   1.579e+00   2.390e-01        0
      66        76   -3.884698e+04   0.000e+00   5.545e-01   3.949e-01        0
      67        77   -3.884102e+04   0.000e+00   6.022e-02   3.189e-01        0
      68        78   -3.883776e+04   0.000e+00   6.523e-02   1.293e-01        0
      69        79   -3.883633e+04   0.000e+00   9.470e-01   2.129e-01        0
      70        80   -3.883593e+04   0.000e+00   1.682e-01   3.698e-02        0
      71        81   -3.883476e+04   0.000e+00   3.316e+00   8.481e-02        0
      72        82   -3.883350e+04   0.000e+00   5.494e+00   1.253e-01        0
      73        83   -3.883115e+04   0.000e+00   7.139e+00   2.932e-01        0
      74        84   -3.882851e+04   0.000e+00   3.315e+00   3.567e-01        0
      75        85   -3.882650e+04   0.000e+00   2.297e+00   3.183e-01        0
      76        86   -3.882528e+04   0.000e+00   5.198e-02   1.377e-01        0
      77        87   -3.882407e+04   0.000e+00   6.091e-01   1.240e-01        0
      78        88   -3.882371e+04   0.000e+00   1.100e-01   7.412e-02        0
      79        89   -3.882358e+04   0.000e+00   1.832e-01   5.810e-02        0
      80        90   -3.882353e+04   0.000e+00   6.809e-02   2.569e-02        0
      81        91   -3.882349e+04   0.000e+00   5.590e-03   2.313e-02        0
      82        92   -3.882346e+04   0.000e+00   1.927e-01   1.689e-02        0
      83        93   -3.882341e+04   0.000e+00   3.649e-01   2.048e-02        0
      84        94   -3.882332e+04   0.000e+00   6.092e-01   2.461e-02        0
      85        95   -3.882312e+04   0.000e+00   8.598e-01   3.693e-02        0
      86        96   -3.882279e+04   0.000e+00   1.024e+00   5.074e-02        0
      87        97   -3.882247e+04   0.000e+00   8.329e-01   5.509e-02        0
      88        98   -3.882234e+04   0.000e+00   3.872e-01   3.687e-02        0
      89        99   -3.882231e+04   0.000e+00   1.366e-01   2.039e-02        0
      90       100   -3.882230e+04   0.000e+00   2.391e-02   1.086e-02        0
      91       101   -3.882230e+04   0.000e+00   2.715e-02   3.264e-03        0
      92       102   -3.882230e+04   0.000e+00   2.258e-02   1.916e-03        0
      93       103   -3.882230e+04   0.000e+00   1.198e-03   1.503e-03        0
      94       104   -3.882230e+04   0.000e+00   2.039e-02   1.545e-03        0
      95       105   -3.882230e+04   0.000e+00   5.494e-02   1.821e-03        0
      96       106   -3.882230e+04   0.000e+00   1.023e-01   2.749e-03        0
      97       107   -3.882230e+04   0.000e+00   1.781e-01   5.800e-03        0
      98       108   -3.882229e+04   0.000e+00   2.633e-01   1.240e-02        0
      99       109   -3.882228e+04   0.000e+00   3.134e-01   2.405e-02        0
     100       110   -3.882227e+04   0.000e+00   2.041e-01   1.486e-02        0
     101       111   -3.882226e+04   0.000e+00   6.734e-02   9.442e-03        0
     102       112   -3.882226e+04   0.000e+00   1.066e-03   2.797e-03        0
     103       113   -3.882226e+04   0.000e+00   7.357e-03   1.792e-03        0
     104       114   -3.882226e+04   0.000e+00   8.746e-04   5.771e-04        0
     105       115   -3.882226e+04   0.000e+00   6.299e-03   6.678e-04        0
     106       116   -3.882226e+04   0.000e+00   1.205e-02   8.088e-04        0
     107       117   -3.882226e+04   0.000e+00   2.021e-02   9.412e-04        0
     108       118   -3.882226e+04   0.000e+00   3.034e-02   1.653e-03        0
     109       119   -3.882226e+04   0.000e+00   3.677e-02   2.935e-03        0
     110       120   -3.882226e+04   0.000e+00   3.176e-02   4.389e-03        0
     111       121   -3.882226e+04   0.000e+00   1.497e-02   3.984e-03        0
     112       122   -3.882226e+04   0.000e+00   4.498e-03   1.587e-03        0
     113       123   -3.882226e+04   0.000e+00   1.422e-03   6.290e-04        0
     114       124   -3.882226e+04   0.000e+00   8.824e-05   3.646e-04        0
     115       125   -3.882226e+04   0.000e+00   6.220e-05   3.283e-04        0
     116       126   -3.882226e+04   0.000e+00   3.689e-04   3.282e-04        0
     117       127   -3.882226e+04   0.000e+00   5.216e-04   5.450e-05        0
     118       128   -3.882226e+04   0.000e+00   6.896e-04   9.338e-05        0
     119       129   -3.882226e+04   0.000e+00   2.171e-03   4.267e-04        0
     120       130   -3.882226e+04   0.000e+00   5.834e-04   1.974e-03        0
     121       131   -3.882225e+04   0.000e+00   7.169e-03   1.140e-02        0
     122       132   -3.882225e+04   0.000e+00   9.053e-03   5.613e-02        0
     123       133   -3.882224e+04   0.000e+00   8.222e-02   2.310e-01        0
     124       134   -3.882224e+04   0.000e+00   1.319e-02   1.963e-02        0
     125       135   -3.882224e+04   0.000e+00   4.941e-03   5.959e-03        0
     126       136   -3.882224e+04   0.000e+00   2.667e-03   5.915e-03        0
     127       137   -3.882224e+04   0.000e+00   1.894e-03   5.649e-03        0
     128       138   -3.882224e+04   0.000e+00   3.366e-03   6.559e-04        0
     129       139   -3.882224e+04   0.000e+00   2.690e-03   1.545e-03        0
     130       140   -3.882223e+04   0.000e+00   1.172e-03   7.303e-03        0
     131       141   -3.882223e+04   0.000e+00   8.077e-03   2.194e-02        0
     132       142   -3.882223e+04   0.000e+00   5.221e-03   2.755e-02        0
     133       143   -3.882221e+04   0.000e+00   7.565e-02   1.749e-01        0
     134       144   -3.882219e+04   0.000e+00   3.113e-01   3.416e-01        0
     135       145   -3.882218e+04   0.000e+00   3.922e-01   3.417e-01        0
     136       146   -3.882217e+04   0.000e+00   1.529e-01   1.938e-01        0
     137       147   -3.882217e+04   0.000e+00   2.333e-02   1.505e-02        0
     138       148   -3.882217e+04   0.000e+00   1.948e-02   1.265e-02        0
     139       149   -3.882217e+04   0.000e+00   1.019e-02   1.462e-02        0
     140       150   -3.882217e+04   0.000e+00   3.991e-03   1.449e-02        0
     141       151   -3.882217e+04   0.000e+00   4.654e-05   2.187e-08        1
     142       154   -3.882217e+04   0.000e+00   3.292e-05   2.210e-03        0
     143       157   -3.882217e+04   0.000e+00   2.720e-05   2.415e-03        0
     144       158   -3.882217e+04   0.000e+00   8.440e-05   9.070e-04        0
     145       159   -3.882217e+04   0.000e+00   5.514e-05   9.195e-04        0
     146       160   -3.882217e+04   0.000e+00   8.340e-06   9.194e-04        0
     147       161   -3.882217e+04   0.000e+00   1.950e-05   9.143e-04        0
     148       162   -3.882217e+04   0.000e+00   8.378e-08   4.697e-07        5
     149       163   -3.882217e+04   0.000e+00   2.817e-05   2.183e-03        0
     150       164   -3.882217e+04   0.000e+00   7.410e-08   4.818e-12        1
     151       165   -3.882217e+04   0.000e+00   6.658e-06   2.860e-03        0
     152       166   -3.882217e+04   0.000e+00   2.184e-05   2.860e-03        0
     153       167   -3.882217e+04   0.000e+00   1.735e-07   2.690e-12        1
     154       168   -3.882217e+04   0.000e+00   1.468e-06   2.418e-03        0
     155       169   -3.882217e+04   0.000e+00   3.566e-06   1.127e-03        0
     156       170   -3.882217e+04   0.000e+00   8.897e-09   1.421e-12        1

EXIT: Locally optimal solution found.

Final Statistics
----------------
Final objective value               =  -3.88221716046605e+04
Final feasibility error (abs / rel) =   0.00e+00 / 0.00e+00
Final optimality error  (abs / rel) =   8.90e-09 / 8.90e-09
# of iterations                     =        156 
# of CG iterations                  =          9 
# of function evaluations           =        170
# of gradient evaluations           =        157
Total program time (secs)           =    9008.98438 (172967.250 CPU time)
Time spent in evaluations (secs)    =    8949.56641

Solution Vector
---------------
x[       0] =  -8.34305769675e-01
x[       1] =  -5.89693668952e-01
x[       2] =  -5.66616692360e-01
x[       3] =  -4.03481199390e-01
x[       4] =  -5.79350277197e-01
x[       5] =  -4.48742610137e-01
x[       6] =  -6.97089493152e-01
x[       7] =  -2.90570548340e-02
x[       8] =  -7.15210703379e-01
x[       9] =  -3.45417655185e+00
x[      10] =   4.35108402459e-02
x[      11] =  -2.96442346977e-04
x[      12] =   1.14185450602e+01
x[      13] =   1.38099871327e+01
x[      14] =   1.31871601680e+01
x[      15] =   1.80446117993e+01
x[      16] =   7.63307858669e-01
x[      17] =   7.30503249245e-01
x[      18] =   6.87409996812e-01
x[      19] =   8.59640266974e-01
x[      20] =   6.39954451298e-01
x[      21] =   9.32504285006e-01
x[      22] =   2.61592153302e-01

===============================================================================

