
Solving from new start point (number 22 of 42) <multistart>.


=======================================
*** NO CHECK MADE FOR LICENSE ***
         Artelys Knitro 12.3.0
=======================================

Knitro presolve eliminated 0 variables and 0 constraints.

algorithm:               4
bar_maxcrossit:          3
datacheck:               0
feastol:                 1e-08
hessopt:                 2
maxtime_cpu:             9.9863e+07
maxtime_real:            9.99933e+07
opttol:                  1e-08
outlev:                  5
outmode:                 2
par_concurrent_evals:    0
The problem is identified as bound constrained only.
Knitro changing act_qpalg from AUTO to 3.
Knitro changing honorbnds from AUTO to -1.
Knitro changing linesearch from AUTO to 2.
Knitro changing linsolver from AUTO to 4.

Problem Characteristics                                 (   Presolved)
-----------------------
Objective goal:  Maximize
Objective type:  general
Number of variables:                                 23 (          23)
    bounded below only:                               0 (           0)
    bounded above only:                               0 (           0)
    bounded below and above:                         23 (          23)
    fixed:                                            0 (           0)
    free:                                             0 (           0)
Number of constraints:                                0 (           0)
    linear equalities:                                0 (           0)
    quadratic equalities:                             0 (           0)
    gen. nonlinear equalities:                        0 (           0)
    linear one-sided inequalities:                    0 (           0)
    quadratic one-sided inequalities:                 0 (           0)
    gen. nonlinear one-sided inequalities:            0 (           0)
    linear two-sided inequalities:                    0 (           0)
    quadratic two-sided inequalities:                 0 (           0)
    gen. nonlinear two-sided inequalities:            0 (           0)
Number of nonzeros in Jacobian:                       0 (           0)
Number of nonzeros in Hessian:                        0 (         276)

Knitro using the Sequential Quadratic Programming (SQP) algorithm.

  Iter     fCount     Objective      FeasError   OptError    ||Step||    CGits 
--------  --------  --------------  ----------  ----------  ----------  -------
       0         1   -2.041882e+05   0.000e+00
       1         2   -4.925534e+04   0.000e+00   1.606e-02   1.725e-01        0
       2         3   -4.737202e+04   0.000e+00   1.246e-02   5.115e-02        0
       3         4   -4.516567e+04   0.000e+00   8.569e-03   1.076e-01        0
       4         5   -4.439299e+04   0.000e+00   6.634e-03   7.588e-02        0
       5         6   -4.389969e+04   0.000e+00   6.015e-03   7.992e-02        0
       6         7   -4.356985e+04   0.000e+00   6.439e-03   7.342e-02        0
       7         8   -4.332378e+04   0.000e+00   4.662e-01   3.326e-02        0
       8         9   -4.245020e+04   0.000e+00   2.240e+00   1.437e-01        0
       9        10   -4.149115e+04   0.000e+00   3.351e+00   2.164e-01        0
      10        11   -4.060019e+04   0.000e+00   5.822e-02   2.699e-01        0
      11        12   -4.025200e+04   0.000e+00   3.865e-02   9.971e-02        0
      12        13   -4.010532e+04   0.000e+00   2.264e-02   3.241e-02        0
      13        14   -4.000149e+04   0.000e+00   8.865e-01   9.049e-02        0
      14        15   -3.996708e+04   0.000e+00   8.654e-02   6.975e-03        0
      15        16   -3.991265e+04   0.000e+00   1.429e-03   3.880e-02        0
      16        17   -3.979974e+04   0.000e+00   1.905e-02   1.344e-01        0
      17        18   -3.972317e+04   0.000e+00   2.577e-02   8.853e-02        0
      18        19   -3.960077e+04   0.000e+00   3.297e-02   1.083e-01        0
      19        20   -3.947573e+04   0.000e+00   6.446e-03   1.030e-01        0
      20        21   -3.933043e+04   0.000e+00   1.099e+00   2.474e-01        0
      21        23   -3.931533e+04   0.000e+00   1.152e-02   8.838e-02        0
      22        24   -3.930923e+04   0.000e+00   5.790e-04   2.516e-02        0
      23        25   -3.930587e+04   0.000e+00   1.827e-01   7.428e-03        0
      24        26   -3.929731e+04   0.000e+00   3.003e-01   9.347e-03        0
      25        27   -3.925069e+04   0.000e+00   3.831e-01   4.287e-02        0
      26        28   -3.921513e+04   0.000e+00   3.446e-03   5.822e-02        0
      27        29   -3.920751e+04   0.000e+00   9.789e-04   1.304e-02        0
      28        30   -3.920388e+04   0.000e+00   1.175e-03   1.711e-02        0
      29        31   -3.920030e+04   0.000e+00   9.462e-04   8.748e-03        0
      30        32   -3.918061e+04   0.000e+00   6.389e-03   3.649e-02        0
      31        33   -3.915789e+04   0.000e+00   6.973e-03   6.552e-02        0
      32        34   -3.915382e+04   0.000e+00   3.451e-03   1.403e-02        0
      33        35   -3.915264e+04   0.000e+00   4.761e-04   6.438e-03        0
      34        36   -3.915235e+04   0.000e+00   9.198e-04   2.469e-03        0
      35        37   -3.915067e+04   0.000e+00   3.443e-03   1.018e-02        0
      36        38   -3.914789e+04   0.000e+00   1.030e-01   1.437e-02        0
      37        39   -3.914026e+04   0.000e+00   3.009e-01   3.495e-02        0
      38        40   -3.912718e+04   0.000e+00   4.144e-01   6.250e-02        0
      39        41   -3.911196e+04   0.000e+00   3.524e-01   7.992e-02        0
      40        42   -3.910248e+04   0.000e+00   1.161e-01   5.288e-02        0
      41        43   -3.909907e+04   0.000e+00   7.675e-04   2.275e-02        0
      42        44   -3.909813e+04   0.000e+00   6.342e-04   8.906e-03        0
      43        45   -3.909703e+04   0.000e+00   1.683e-03   7.270e-03        0
      44        46   -3.909423e+04   0.000e+00   3.246e-03   1.072e-02        0
      45        47   -3.908794e+04   0.000e+00   5.182e-03   2.169e-02        0
      46        48   -3.907501e+04   0.000e+00   6.895e-03   6.128e-02        0
      47        49   -3.905653e+04   0.000e+00   6.607e-03   1.227e-01        0
      48        50   -3.904097e+04   0.000e+00   4.111e-03   1.427e-01        0
      49        51   -3.903412e+04   0.000e+00   1.582e-03   8.592e-02        0
      50        52   -3.903287e+04   0.000e+00   3.395e-04   2.038e-02        0
      51        54   -3.903278e+04   0.000e+00   3.632e-05   1.816e-02        0
      52        55   -3.903269e+04   0.000e+00   8.172e-03   1.577e-02        0
      53        56   -3.903267e+04   0.000e+00   2.954e-03   1.919e-03        0
      54        57   -3.903265e+04   0.000e+00   1.162e-03   1.905e-03        0
      55        58   -3.903262e+04   0.000e+00   3.601e-05   1.885e-03        0
      56        59   -3.903253e+04   0.000e+00   1.380e-04   2.374e-03        0
      57        60   -3.903235e+04   0.000e+00   2.892e-04   3.227e-03        0
      58        61   -3.903201e+04   0.000e+00   4.380e-04   9.890e-03        0
      59        62   -3.903164e+04   0.000e+00   4.302e-04   1.415e-02        0
      60        63   -3.903144e+04   0.000e+00   2.203e-04   1.424e-02        0
      61        64   -3.903139e+04   0.000e+00   4.788e-05   4.721e-03        0
      62        65   -3.903137e+04   0.000e+00   3.332e-03   1.108e-03        0
      63        66   -3.903133e+04   0.000e+00   1.183e-02   1.308e-03        0
      64        67   -3.903124e+04   0.000e+00   2.500e-02   2.015e-03        0
      65        68   -3.903102e+04   0.000e+00   4.533e-02   4.356e-03        0
      66        69   -3.903052e+04   0.000e+00   7.349e-02   1.553e-02        0
      67        70   -3.902945e+04   0.000e+00   1.034e-01   3.983e-02        0
      68        73   -3.902914e+04   0.000e+00   7.261e-02   5.321e-02        0
      69        75   -3.902783e+04   0.000e+00   1.121e-01   2.266e-01        0
      70        76   -3.902546e+04   0.000e+00   4.509e-02   3.643e-02        0
      71        77   -3.902434e+04   0.000e+00   1.458e-02   1.500e-02        0
      72        78   -3.902398e+04   0.000e+00   3.070e-02   3.580e-02        0
      73        79   -3.902391e+04   0.000e+00   1.587e-02   2.178e-02        0
      74        80   -3.902388e+04   0.000e+00   1.181e-02   1.605e-02        0
      75        81   -3.902385e+04   0.000e+00   3.449e-03   2.612e-03        0
      76        82   -3.902376e+04   0.000e+00   2.873e-02   5.329e-03        0
      77        83   -3.902362e+04   0.000e+00   5.501e-02   5.314e-03        0
      78        84   -3.902332e+04   0.000e+00   8.694e-02   9.212e-03        0
      79        85   -3.902270e+04   0.000e+00   1.153e-01   2.712e-02        0
      80        86   -3.902179e+04   0.000e+00   1.553e-01   2.761e-02        0
      81        87   -3.902040e+04   0.000e+00   1.117e-01   6.111e-02        0
      82        88   -3.902001e+04   0.000e+00   3.274e-02   3.287e-02        0
      83        89   -3.901989e+04   0.000e+00   3.300e-03   4.739e-03        0
      84        90   -3.901982e+04   0.000e+00   2.268e-02   3.098e-03        0
      85        91   -3.901966e+04   0.000e+00   4.379e-02   4.338e-03        0
      86        92   -3.901924e+04   0.000e+00   7.081e-02   8.382e-03        0
      87        93   -3.901823e+04   0.000e+00   1.080e-01   2.479e-02        0
      88        94   -3.901563e+04   0.000e+00   1.553e-01   5.884e-02        0
      89        95   -3.900915e+04   0.000e+00   2.224e-01   1.724e-01        0
      90        96   -3.899830e+04   0.000e+00   2.726e-01   1.933e-01        0
      91        97   -3.898040e+04   0.000e+00   6.703e-03   3.726e-01        0
      92        98   -3.897311e+04   0.000e+00   1.248e-03   1.086e-01        0
      93        99   -3.897161e+04   0.000e+00   3.724e-04   6.959e-02        0
      94       100   -3.897131e+04   0.000e+00   1.579e-02   6.984e-03        0
      95       101   -3.897081e+04   0.000e+00   4.016e-02   7.261e-03        0
      96       102   -3.896963e+04   0.000e+00   6.405e-02   2.318e-02        0
      97       103   -3.896668e+04   0.000e+00   9.121e-02   7.637e-02        0
      98       104   -3.895941e+04   0.000e+00   1.206e-01   2.155e-01        0
      99       105   -3.894241e+04   0.000e+00   1.013e-01   5.503e-01        0
     100       106   -3.890905e+04   0.000e+00   7.687e-03   1.218e+00        0
     101       107   -3.888945e+04   0.000e+00   3.538e-02   3.102e-01        0
     102       108   -3.887471e+04   0.000e+00   2.292e-02   4.547e-02        0
     103       109   -3.887386e+04   0.000e+00   1.398e-02   2.399e-02        0
     104       110   -3.887352e+04   0.000e+00   4.784e-03   1.452e-02        0
     105       111   -3.887290e+04   0.000e+00   3.505e-02   2.997e-02        0
     106       112   -3.887206e+04   0.000e+00   5.986e-02   5.428e-02        0
     107       113   -3.887104e+04   0.000e+00   6.907e-02   8.982e-02        0
     108       114   -3.887042e+04   0.000e+00   4.460e-02   6.906e-02        0
     109       115   -3.887018e+04   0.000e+00   5.982e-03   3.026e-02        0
     110       116   -3.887013e+04   0.000e+00   7.567e-03   7.355e-03        0
     111       117   -3.887003e+04   0.000e+00   2.278e-02   9.979e-03        0
     112       118   -3.886977e+04   0.000e+00   4.784e-02   2.522e-02        0
     113       119   -3.886918e+04   0.000e+00   8.173e-02   5.392e-02        0
     114       120   -3.886771e+04   0.000e+00   1.291e-01   1.281e-01        0
     115       121   -3.886453e+04   0.000e+00   1.774e-01   2.704e-01        0
     116       122   -3.885984e+04   0.000e+00   1.985e-01   3.954e-01        0
     117       123   -3.885468e+04   0.000e+00   2.545e-03   4.035e-01        0
     118       124   -3.885157e+04   0.000e+00   1.372e-03   2.795e-01        0
     119       125   -3.885124e+04   0.000e+00   7.779e-04   5.159e-02        0
     120       126   -3.885109e+04   0.000e+00   3.062e-04   5.314e-02        0
     121       127   -3.885101e+04   0.000e+00   8.091e-03   1.156e-02        0
     122       128   -3.885077e+04   0.000e+00   4.908e-02   1.755e-02        0
     123       129   -3.885047e+04   0.000e+00   8.727e-02   1.583e-02        0
     124       130   -3.884984e+04   0.000e+00   1.145e-01   2.285e-02        0
     125       131   -3.884871e+04   0.000e+00   1.098e-01   4.305e-02        0
     126       132   -3.884716e+04   0.000e+00   5.668e-02   5.183e-02        0
     127       133   -3.884551e+04   0.000e+00   6.345e-03   6.932e-02        0
     128       134   -3.884428e+04   0.000e+00   2.437e-04   6.399e-02        0
     129       135   -3.884364e+04   0.000e+00   3.184e-03   3.579e-02        0
     130       136   -3.884324e+04   0.000e+00   6.335e-03   2.918e-02        0
     131       137   -3.884277e+04   0.000e+00   1.159e-04   5.162e-02        0
     132       138   -3.884256e+04   0.000e+00   2.855e-03   3.758e-02        0
     133       139   -3.884247e+04   0.000e+00   8.930e-03   2.815e-02        0
     134       140   -3.884243e+04   0.000e+00   3.692e-04   1.541e-02        0
     135       141   -3.884242e+04   0.000e+00   1.074e-03   1.217e-02        0
     136       142   -3.884240e+04   0.000e+00   1.444e-04   3.777e-03        0
     137       143   -3.884235e+04   0.000e+00   4.149e-04   5.100e-03        0
     138       144   -3.884221e+04   0.000e+00   7.012e-04   1.306e-02        0
     139       145   -3.884191e+04   0.000e+00   1.088e-03   2.821e-02        0
     140       146   -3.884124e+04   0.000e+00   1.635e-03   5.383e-02        0
     141       147   -3.884009e+04   0.000e+00   1.316e-01   7.670e-02        0
     142       148   -3.883882e+04   0.000e+00   8.992e-02   1.023e-01        0
     143       149   -3.883818e+04   0.000e+00   3.545e-02   4.250e-02        0
     144       150   -3.883752e+04   0.000e+00   1.489e-02   4.463e-02        0
     145       151   -3.883694e+04   0.000e+00   2.221e-02   5.629e-02        0
     146       152   -3.883612e+04   0.000e+00   3.507e-02   1.147e-01        0
     147       153   -3.883562e+04   0.000e+00   2.124e-02   9.270e-02        0
     148       154   -3.883540e+04   0.000e+00   4.257e-03   3.223e-02        0
     149       155   -3.883538e+04   0.000e+00   1.025e-02   2.566e-02        0
     150       156   -3.883537e+04   0.000e+00   1.102e-03   9.323e-03        0
     151       157   -3.883535e+04   0.000e+00   4.147e-03   1.732e-02        0
     152       158   -3.883535e+04   0.000e+00   8.141e-04   5.402e-03        0
     153       159   -3.883534e+04   0.000e+00   3.738e-03   5.397e-03        0
     154       160   -3.883534e+04   0.000e+00   9.221e-03   4.773e-03        0
     155       161   -3.883531e+04   0.000e+00   2.172e-02   6.046e-03        0
     156       162   -3.883524e+04   0.000e+00   4.654e-02   1.511e-02        0
     157       163   -3.883510e+04   0.000e+00   7.174e-02   3.563e-02        0
     158       164   -3.883485e+04   0.000e+00   9.244e-02   8.782e-02        0
     159       165   -3.883460e+04   0.000e+00   7.040e-02   8.787e-02        0
     160       166   -3.883423e+04   0.000e+00   3.602e-02   1.430e-01        0
     161       167   -3.883381e+04   0.000e+00   6.939e-03   1.028e-01        0
     162       168   -3.883259e+04   0.000e+00   3.832e-02   2.119e-01        0
     163       169   -3.883106e+04   0.000e+00   4.868e-02   1.814e-01        0
     164       170   -3.882954e+04   0.000e+00   2.239e-02   1.811e-01        0
     165       171   -3.882899e+04   0.000e+00   2.101e-02   1.435e-01        0
     166       172   -3.882883e+04   0.000e+00   9.915e-04   1.461e-01        0
     167       173   -3.882879e+04   0.000e+00   5.628e-03   2.082e-02        0
     168       174   -3.882879e+04   0.000e+00   1.787e-03   2.622e-03        0
     169       175   -3.882879e+04   0.000e+00   6.353e-04   2.610e-03        0
     170       176   -3.882879e+04   0.000e+00   1.909e-03   2.584e-03        0
     171       177   -3.882878e+04   0.000e+00   3.883e-03   2.552e-03        0
     172       178   -3.882877e+04   0.000e+00   8.606e-03   2.622e-03        0
     173       179   -3.882874e+04   0.000e+00   2.359e-02   1.167e-02        0
     174       180   -3.882867e+04   0.000e+00   3.799e-02   1.212e-02        0
     175       181   -3.882846e+04   0.000e+00   6.548e-02   2.210e-02        0
     176       182   -3.882799e+04   0.000e+00   1.028e-01   3.858e-02        0
     177       183   -3.882693e+04   0.000e+00   1.476e-01   8.953e-02        0
     178       184   -3.882529e+04   0.000e+00   1.668e-01   1.657e-01        0
     179       185   -3.882391e+04   0.000e+00   1.124e-01   1.856e-01        0
     180       186   -3.882328e+04   0.000e+00   3.415e-02   1.169e-01        0
     181       187   -3.882315e+04   0.000e+00   1.084e-02   5.175e-02        0
     182       188   -3.882310e+04   0.000e+00   1.133e-02   5.076e-02        0
     183       189   -3.882310e+04   0.000e+00   9.618e-03   3.846e-02        0
     184       191   -3.882310e+04   0.000e+00   3.550e-03   1.377e-02        0
     185       192   -3.882309e+04   0.000e+00   1.874e-03   3.237e-02        0
     186       193   -3.882309e+04   0.000e+00   1.764e-03   1.324e-02        0
     187       194   -3.882308e+04   0.000e+00   5.010e-04   5.824e-03        0
     188       197   -3.882308e+04   0.000e+00   4.485e-04   5.968e-04        0
     189       198   -3.882308e+04   0.000e+00   3.573e-04   2.073e-03        0
     190       201   -3.882308e+04   0.000e+00   3.284e-04   2.411e-04        0
     191       202   -3.882308e+04   0.000e+00   4.778e-05   6.130e-04        0
     192       203   -3.882308e+04   0.000e+00   6.270e-04   6.141e-04        0
     193       204   -3.882308e+04   0.000e+00   3.127e-03   1.367e-03        0
     194       205   -3.882308e+04   0.000e+00   6.353e-03   1.771e-03        0
     195       206   -3.882308e+04   0.000e+00   1.148e-02   2.256e-03        0
     196       207   -3.882306e+04   0.000e+00   2.112e-02   6.372e-03        0
     197       208   -3.882303e+04   0.000e+00   3.150e-02   1.216e-02        0
     198       209   -3.882296e+04   0.000e+00   4.076e-02   2.685e-02        0
     199       210   -3.882288e+04   0.000e+00   3.692e-02   3.836e-02        0
     200       211   -3.882283e+04   0.000e+00   1.939e-02   2.631e-02        0
     201       212   -3.882281e+04   0.000e+00   4.365e-03   1.151e-02        0
     202       213   -3.882281e+04   0.000e+00   1.725e-04   5.814e-03        0
     203       214   -3.882281e+04   0.000e+00   8.242e-05   4.050e-08        1
     204       217   -3.882281e+04   0.000e+00   7.495e-05   1.268e-03        0
     205       218   -3.882281e+04   0.000e+00   1.183e-05   1.721e-06        2
     206       219   -3.882281e+04   0.000e+00   1.346e-04   1.309e-03        0
     207       220   -3.882281e+04   0.000e+00   7.597e-07   1.245e-06        2
     208       221   -3.882281e+04   0.000e+00   4.379e-05   2.332e-03        0
     209       222   -3.882281e+04   0.000e+00   7.546e-05   1.321e-03        0
     210       223   -3.882281e+04   0.000e+00   1.097e-04   1.318e-03        0
     211       224   -3.882281e+04   0.000e+00   1.740e-04   1.319e-03        0
     212       225   -3.882281e+04   0.000e+00   4.035e-04   1.428e-03        0
     213       226   -3.882280e+04   0.000e+00   9.382e-04   3.322e-03        0
     214       227   -3.882278e+04   0.000e+00   3.074e-03   2.467e-02        0
     215       228   -3.882276e+04   0.000e+00   3.086e-03   2.477e-02        0
     216       229   -3.882275e+04   0.000e+00   1.383e-03   2.485e-02        0
     217       230   -3.882273e+04   0.000e+00   2.152e-03   3.445e-02        0
     218       231   -3.882273e+04   0.000e+00   1.811e-04   1.402e-02        0
     219       234   -3.882273e+04   0.000e+00   1.440e-04   2.883e-03        0
     220       235   -3.882273e+04   0.000e+00   5.686e-06   3.105e-06        2
     221       238   -3.882273e+04   0.000e+00   2.788e-05   6.747e-04        0
     222       240   -3.882273e+04   0.000e+00   1.094e-04   6.994e-03        0
     223       241   -3.882273e+04   0.000e+00   4.813e-07   1.044e-09        1
     224       242   -3.882273e+04   0.000e+00   2.188e-06   1.696e-03        0
     225       243   -3.882273e+04   0.000e+00   3.800e-07   1.869e-03       28
     226       244   -3.882273e+04   0.000e+00   2.686e-06   1.670e-03        0
     227       245   -3.882273e+04   0.000e+00   2.194e-06   1.668e-03        0
     228       246   -3.882273e+04   0.000e+00   7.662e-07   5.659e-04       22
     229       247   -3.882273e+04   0.000e+00   7.844e-07   1.327e-03        0
     230       248   -3.882273e+04   0.000e+00   8.910e-07   1.327e-03        0
     231       249   -3.882273e+04   0.000e+00   1.778e-07   1.317e-03        0
     232       250   -3.882273e+04   0.000e+00   1.778e-07   3.583e-05        0
     233       251   -3.882273e+04   0.000e+00   1.778e-07   3.566e-05        0
     234       252   -3.882273e+04   0.000e+00   1.778e-07   3.559e-05        0
     235       253   -3.882273e+04   0.000e+00   2.453e-07   3.789e-05        0
     236       254   -3.882273e+04   0.000e+00   3.847e-07   7.699e-05        0
     237       255   -3.882273e+04   0.000e+00   4.175e-07   3.863e-04        0
     238       256   -3.882273e+04   0.000e+00   6.971e-07   1.812e-03        0
     239       257   -3.882273e+04   0.000e+00   3.444e-06   8.480e-03        0
     240       258   -3.882272e+04   0.000e+00   7.504e-05   3.202e-02        0
     241       259   -3.882272e+04   0.000e+00   1.540e-05   4.347e-03        0
     242       260   -3.882272e+04   0.000e+00   6.887e-07   2.234e-03        0
     243       261   -3.882272e+04   0.000e+00   6.438e-07   6.875e-04        0
     244       262   -3.882272e+04   0.000e+00   2.495e-07   6.871e-04        0
     245       263   -3.882272e+04   0.000e+00   1.016e-06   6.010e-04        0
     246       264   -3.882272e+04   0.000e+00   1.297e-07   6.010e-04        0
     247       265   -3.882272e+04   0.000e+00   1.340e-07   5.790e-04        0
     248       266   -3.882272e+04   0.000e+00   1.281e-07   5.790e-04        0
     249       267   -3.882272e+04   0.000e+00   2.125e-07   5.302e-04       29
     250       268   -3.882272e+04   0.000e+00   1.761e-07   8.799e-05        0
     251       269   -3.882272e+04   0.000e+00   1.840e-07   8.348e-05        0
     252       270   -3.882272e+04   0.000e+00   1.294e-07   8.341e-05        0
     253       271   -3.882272e+04   0.000e+00   3.301e-07   8.338e-05        0
     254       272   -3.882272e+04   0.000e+00   1.165e-06   8.462e-05        0
     255       273   -3.882272e+04   0.000e+00   1.473e-06   1.122e-04        0
     256       274   -3.882272e+04   0.000e+00   2.719e-06   3.859e-04        0
     257       275   -3.882272e+04   0.000e+00   4.924e-07   3.862e-04        0
     258       276   -3.882272e+04   0.000e+00   2.346e-05   1.473e-02        0
     259       277   -3.882271e+04   0.000e+00   1.108e-05   1.473e-02        0
     260       278   -3.882271e+04   0.000e+00   9.574e-06   1.475e-02        0
     261       279   -3.882252e+04   0.000e+00   3.767e-02   1.519e+00        0
     262       282   -3.882251e+04   0.000e+00   4.528e-02   3.178e-01        0
     263       283   -3.882234e+04   0.000e+00   1.400e-02   4.308e-01        0
     264       284   -3.882225e+04   0.000e+00   1.177e-02   4.292e-01        0
     265       285   -3.882220e+04   0.000e+00   1.021e-02   4.301e-01        0
     266       286   -3.882218e+04   0.000e+00   5.029e-03   4.299e-01        0
     267       288   -3.882218e+04   0.000e+00   3.240e-03   2.150e-01        0
     268       289   -3.882218e+04   0.000e+00   1.876e-03   2.710e-06        1
     269       290   -3.882218e+04   0.000e+00   1.355e-04   1.112e-02        0
     270       291   -3.882217e+04   0.000e+00   4.186e-04   1.221e-02        0
     271       292   -3.882217e+04   0.000e+00   1.185e-04   1.212e-02        0
     272       295   -3.882217e+04   0.000e+00   1.139e-04   5.125e-04        0
     273       296   -3.882217e+04   0.000e+00   4.065e-07   1.083e-09        1
     274       297   -3.882217e+04   0.000e+00   5.910e-06   1.415e-02        0
     275       298   -3.882217e+04   0.000e+00   9.768e-06   1.432e-02        0
     276       299   -3.882217e+04   0.000e+00   7.756e-06   1.432e-02        0
     277       300   -3.882217e+04   0.000e+00   6.970e-06   1.432e-02        0
     278       301   -3.882217e+04   0.000e+00   2.864e-05   1.438e-02        0
     279       302   -3.882217e+04   0.000e+00   9.956e-06   1.438e-02        0
     280       303   -3.882217e+04   0.000e+00   1.098e-05   1.438e-02        0
     281       304   -3.882217e+04   0.000e+00   1.010e-05   1.438e-02        0
     282       305   -3.882217e+04   0.000e+00   5.748e-05   9.282e-07        1
     283       308   -3.882217e+04   0.000e+00   4.632e-05   7.584e-04        0
     284       311   -3.882217e+04   0.000e+00   4.550e-05   5.389e-04        0
     285       314   -3.882217e+04   0.000e+00   1.280e-05   5.340e-03        0
     286       317   -3.882217e+04   0.000e+00   1.578e-05   3.709e-03        0
     287       321   -3.882217e+04   0.000e+00   1.571e-05   6.023e-05        0
     288       326   -3.882217e+04   0.000e+00   8.786e-05   1.018e-05        5
     289       327   -3.882217e+04   0.000e+00   1.339e-05   7.014e-04        0
     290       328   -3.882217e+04   0.000e+00   3.533e-07   3.466e-04        0
     291       329   -3.882217e+04   0.000e+00   4.384e-05   3.579e-02        0
     292       332   -3.882217e+04   0.000e+00   4.111e-05   7.741e-03        0
     293       336   -3.882217e+04   0.000e+00   4.095e-05   1.544e-04        0
     294       341   -3.882217e+04   0.000e+00   7.658e-08   3.872e-10        1
     295       342   -3.882217e+04   0.000e+00   4.607e-08   1.635e-03        0
     296       343   -3.882217e+04   0.000e+00   1.527e-08   2.414e-04        0
     297       344   -3.882217e+04   0.000e+00   1.264e-06   7.951e-03        0
     298       346   -3.882217e+04   0.000e+00   1.589e-06   3.976e-03        0
     299       347   -3.882217e+04   0.000e+00   4.344e-09   1.513e-11        1

EXIT: Locally optimal solution found.

Final Statistics
----------------
Final objective value               =  -3.88221716048397e+04
Final feasibility error (abs / rel) =   0.00e+00 / 0.00e+00
Final optimality error  (abs / rel) =   4.34e-09 / 4.34e-09
# of iterations                     =        299 
# of CG iterations                  =         97 
# of function evaluations           =        347
# of gradient evaluations           =        300
Total program time (secs)           =   19420.68555 (400537.156 CPU time)
Time spent in evaluations (secs)    =   19354.86328

Solution Vector
---------------
x[       0] =  -8.34413542566e-01
x[       1] =  -5.89739199307e-01
x[       2] =  -5.66656760520e-01
x[       3] =  -4.03481199390e-01
x[       4] =  -5.79394825612e-01
x[       5] =  -4.48742610137e-01
x[       6] =  -6.97167271432e-01
x[       7] =  -2.90651467635e-02
x[       8] =  -7.15214278745e-01
x[       9] =  -3.45414067178e+00
x[      10] =   4.35106653309e-02
x[      11] =  -2.96438730400e-04
x[      12] =   1.14196879016e+01
x[      13] =   1.38112736675e+01
x[      14] =   1.31883877772e+01
x[      15] =   1.80462845998e+01
x[      16] =   7.63266279338e-01
x[      17] =   7.30460450083e-01
x[      18] =   6.87346677344e-01
x[      19] =   8.59592371988e-01
x[      20] =   6.39894820066e-01
x[      21] =   9.32478533178e-01
x[      22] =   2.61591646668e-01

===============================================================================

