
Solving from new start point (number 2 of 42) <multistart>.


=======================================
*** NO CHECK MADE FOR LICENSE ***
         Artelys Knitro 12.3.0
=======================================

Knitro presolve eliminated 0 variables and 0 constraints.

algorithm:               4
bar_maxcrossit:          3
datacheck:               0
feastol:                 1e-08
hessopt:                 2
maxtime_cpu:             9.99995e+07
maxtime_real:            9.99998e+07
opttol:                  1e-08
outlev:                  5
outmode:                 2
par_concurrent_evals:    0
The problem is identified as bound constrained only.
Knitro changing act_qpalg from AUTO to 3.
Knitro changing honorbnds from AUTO to -1.
Knitro changing linesearch from AUTO to 2.
Knitro changing linsolver from AUTO to 4.

Problem Characteristics                                 (   Presolved)
-----------------------
Objective goal:  Maximize
Objective type:  general
Number of variables:                                 23 (          23)
    bounded below only:                               0 (           0)
    bounded above only:                               0 (           0)
    bounded below and above:                         23 (          23)
    fixed:                                            0 (           0)
    free:                                             0 (           0)
Number of constraints:                                0 (           0)
    linear equalities:                                0 (           0)
    quadratic equalities:                             0 (           0)
    gen. nonlinear equalities:                        0 (           0)
    linear one-sided inequalities:                    0 (           0)
    quadratic one-sided inequalities:                 0 (           0)
    gen. nonlinear one-sided inequalities:            0 (           0)
    linear two-sided inequalities:                    0 (           0)
    quadratic two-sided inequalities:                 0 (           0)
    gen. nonlinear two-sided inequalities:            0 (           0)
Number of nonzeros in Jacobian:                       0 (           0)
Number of nonzeros in Hessian:                        0 (         276)

Knitro using the Sequential Quadratic Programming (SQP) algorithm.

  Iter     fCount     Objective      FeasError   OptError    ||Step||    CGits 
--------  --------  --------------  ----------  ----------  ----------  -------
       0         1   -4.748395e+04   0.000e+00
       1         3   -4.353589e+04   0.000e+00   1.074e-01   5.807e-02        0
       2         4   -4.108878e+04   0.000e+00   9.046e-01   2.388e-01        0
       3         7   -4.052406e+04   0.000e+00   5.759e-01   1.290e-01        0
       4         8   -4.042548e+04   0.000e+00   3.451e+01   4.458e-02        0
       5         9   -4.038792e+04   0.000e+00   7.031e-01   1.920e-01        0
       6        10   -3.984492e+04   1.735e-18   3.714e-01   1.159e-01        0
       7        11   -3.967323e+04   0.000e+00   4.091e+00   5.930e-02        0
       8        12   -3.945381e+04   0.000e+00   1.473e-02   1.845e-01        0
       9        14   -3.944675e+04   0.000e+00   2.929e+00   3.159e-02        0
      10        16   -3.941563e+04   0.000e+00   1.319e-01   8.950e-02        0
      11        17   -3.938482e+04   0.000e+00   3.884e+00   2.005e-02        0
      12        18   -3.936959e+04   0.000e+00   4.032e+00   1.784e-02        0
      13        19   -3.933236e+04   0.000e+00   2.780e+00   7.938e-02        0
      14        21   -3.932940e+04   0.000e+00   8.468e-01   4.967e-02        0
      15        23   -3.930909e+04   0.000e+00   7.841e-02   7.847e-02        0
      16        24   -3.929594e+04   0.000e+00   2.953e-02   1.457e-02        0
      17        25   -3.927163e+04   0.000e+00   4.089e-01   4.190e-02        0
      18        26   -3.922200e+04   0.000e+00   3.624e+00   1.409e-01        0
      19        27   -3.918568e+04   0.000e+00   3.385e+00   1.767e-01        0
      20        28   -3.917425e+04   0.000e+00   1.797e+00   8.720e-02        0
      21        29   -3.917082e+04   0.000e+00   1.827e-01   2.018e-02        0
      22        30   -3.916992e+04   0.000e+00   9.160e-02   1.081e-02        0
      23        31   -3.916912e+04   0.000e+00   5.073e-01   7.666e-03        0
      24        32   -3.916635e+04   0.000e+00   8.586e-01   2.353e-02        0
      25        33   -3.916183e+04   0.000e+00   1.626e+00   4.227e-02        0
      26        34   -3.915516e+04   0.000e+00   1.257e+00   7.798e-02        0
      27        35   -3.914952e+04   0.000e+00   1.114e+00   8.207e-02        0
      28        36   -3.914478e+04   0.000e+00   3.645e-01   6.843e-02        0
      29        37   -3.913871e+04   0.000e+00   1.285e-02   7.811e-02        0
      30        38   -3.912857e+04   0.000e+00   4.240e-02   1.192e-01        0
      31        39   -3.911382e+04   0.000e+00   3.767e-02   1.707e-01        0
      32        40   -3.909587e+04   0.000e+00   4.873e-02   1.546e-01        0
      33        41   -3.907800e+04   0.000e+00   1.499e+00   2.763e-01        0
      34        42   -3.907032e+04   0.000e+00   8.040e-01   1.230e-01        0
      35        43   -3.905520e+04   0.000e+00   3.106e-02   1.763e-01        0
      36        44   -3.903338e+04   0.000e+00   9.446e-01   1.130e-01        0
      37        45   -3.899197e+04   0.000e+00   3.690e+00   5.095e-01        0
      38        46   -3.898617e+04   0.000e+00   1.233e+00   1.243e-01        0
      39        47   -3.898502e+04   0.000e+00   1.954e-03   6.529e-02        0
      40        48   -3.898477e+04   0.000e+00   8.328e-03   5.375e-03        0
      41        49   -3.898350e+04   0.000e+00   1.055e-02   2.753e-02        0
      42        50   -3.898288e+04   0.000e+00   3.418e-03   2.398e-02        0
      43        51   -3.898263e+04   0.000e+00   9.810e-04   6.257e-03        0
      44        52   -3.898169e+04   0.000e+00   7.350e-01   2.074e-02        0
      45        53   -3.897968e+04   0.000e+00   1.645e+00   4.232e-02        0
      46        54   -3.897457e+04   0.000e+00   3.340e+00   1.241e-01        0
      47        55   -3.896395e+04   0.000e+00   4.781e+00   2.789e-01        0
      48        56   -3.894572e+04   0.000e+00   5.603e+00   5.289e-01        0
      49        57   -3.892427e+04   0.000e+00   4.711e+00   6.917e-01        0
      50        58   -3.890925e+04   0.000e+00   4.288e-02   5.514e-01        0
      51        59   -3.890446e+04   0.000e+00   1.434e-02   1.587e-01        0
      52        60   -3.890282e+04   0.000e+00   3.747e-01   4.647e-02        0
      53        61   -3.890094e+04   0.000e+00   9.994e-01   5.928e-02        0
      54        62   -3.889996e+04   0.000e+00   1.628e+00   2.067e-02        0
      55        63   -3.889911e+04   0.000e+00   7.198e-01   5.698e-02        0
      56        64   -3.889891e+04   0.000e+00   4.727e-02   2.663e-02        0
      57        65   -3.889877e+04   0.000e+00   4.341e-03   1.289e-02        0
      58        66   -3.889857e+04   0.000e+00   1.132e-02   1.313e-02        0
      59        67   -3.889821e+04   0.000e+00   1.732e-02   2.393e-02        0
      60        68   -3.889764e+04   0.000e+00   2.850e-02   1.534e-02        0
      61        69   -3.889406e+04   0.000e+00   5.811e-02   9.836e-02        0
      62        70   -3.888766e+04   0.000e+00   8.210e-02   1.666e-01        0
      63        71   -3.887452e+04   0.000e+00   9.378e-02   3.796e-01        0
      64        72   -3.885744e+04   0.000e+00   1.649e+00   5.659e-01        0
      65        73   -3.884036e+04   0.000e+00   4.115e-01   5.984e-01        0
      66        74   -3.883569e+04   0.000e+00   1.922e-03   1.146e-01        0
      67        75   -3.883529e+04   0.000e+00   4.685e-03   4.683e-02        0
      68        76   -3.883499e+04   0.000e+00   9.452e-03   2.273e-02        0
      69        77   -3.883393e+04   0.000e+00   3.677e-01   4.487e-02        0
      70        78   -3.883208e+04   0.000e+00   7.623e-01   1.338e-01        0
      71        79   -3.882996e+04   0.000e+00   7.945e-01   2.454e-01        0
      72        80   -3.882896e+04   0.000e+00   3.762e-01   1.972e-01        0
      73        81   -3.882871e+04   0.000e+00   1.627e-01   6.174e-02        0
      74        82   -3.882847e+04   0.000e+00   5.429e-02   3.688e-02        0
      75        83   -3.882806e+04   0.000e+00   7.968e-02   5.279e-02        0
      76        84   -3.882763e+04   0.000e+00   1.247e-01   6.457e-02        0
      77        85   -3.882735e+04   0.000e+00   1.297e-01   6.344e-02        0
      78        86   -3.882727e+04   0.000e+00   5.423e-02   2.560e-02        0
      79        87   -3.882726e+04   0.000e+00   9.087e-04   1.017e-02        0
      80        88   -3.882726e+04   0.000e+00   2.422e-02   5.543e-03        0
      81        89   -3.882722e+04   0.000e+00   8.985e-02   1.299e-02        0
      82        90   -3.882715e+04   0.000e+00   1.811e-01   1.780e-02        0
      83        91   -3.882699e+04   0.000e+00   3.217e-01   2.986e-02        0
      84        92   -3.882663e+04   0.000e+00   5.451e-01   4.785e-02        0
      85        93   -3.882604e+04   0.000e+00   7.208e-01   7.020e-02        0
      86        94   -3.882546e+04   0.000e+00   1.937e-01   8.047e-02        0
      87        95   -3.882512e+04   0.000e+00   4.489e-01   7.115e-02        0
      88        96   -3.882506e+04   0.000e+00   2.391e-01   2.860e-02        0
      89        97   -3.882505e+04   0.000e+00   8.084e-02   8.548e-03        0
      90        98   -3.882505e+04   0.000e+00   1.531e-02   2.159e-03        0
      91        99   -3.882505e+04   0.000e+00   5.463e-02   2.160e-03        0
      92       100   -3.882505e+04   0.000e+00   1.133e-01   2.814e-03        0
      93       101   -3.882504e+04   0.000e+00   2.067e-01   5.457e-03        0
      94       102   -3.882502e+04   0.000e+00   3.524e-01   8.911e-03        0
      95       103   -3.882497e+04   0.000e+00   5.807e-01   1.797e-02        0
      96       104   -3.882486e+04   0.000e+00   8.886e-01   3.652e-02        0
      97       105   -3.882464e+04   0.000e+00   1.222e+00   6.935e-02        0
      98       106   -3.882429e+04   0.000e+00   1.315e+00   1.053e-01        0
      99       107   -3.882401e+04   0.000e+00   8.148e-01   8.895e-02        0
     100       108   -3.882392e+04   0.000e+00   1.854e-01   2.862e-02        0
     101       109   -3.882391e+04   0.000e+00   2.434e-02   1.284e-02        0
     102       110   -3.882391e+04   0.000e+00   2.478e-02   6.826e-03        0
     103       111   -3.882391e+04   0.000e+00   2.274e-02   3.169e-03        0
     104       112   -3.882390e+04   0.000e+00   5.328e-02   5.891e-03        0
     105       113   -3.882389e+04   0.000e+00   7.581e-02   9.624e-03        0
     106       114   -3.882385e+04   0.000e+00   1.310e-01   1.102e-02        0
     107       115   -3.882378e+04   0.000e+00   1.600e-01   1.831e-02        0
     108       116   -3.882366e+04   0.000e+00   2.066e-01   4.544e-02        0
     109       117   -3.882354e+04   0.000e+00   1.575e-01   6.843e-02        0
     110       118   -3.882350e+04   0.000e+00   3.650e-02   4.683e-02        0
     111       119   -3.882349e+04   0.000e+00   1.680e-02   1.094e-02        0
     112       120   -3.882349e+04   0.000e+00   8.695e-03   4.350e-03        0
     113       121   -3.882349e+04   0.000e+00   2.398e-03   3.606e-03        0
     114       122   -3.882349e+04   0.000e+00   2.495e-04   1.149e-03        0
     115       123   -3.882349e+04   0.000e+00   1.651e-04   1.182e-03        0
     116       124   -3.882349e+04   0.000e+00   1.034e-03   2.351e-03        0
     117       125   -3.882349e+04   0.000e+00   3.978e-03   2.401e-03        0
     118       126   -3.882349e+04   0.000e+00   6.076e-03   4.324e-03        0
     119       127   -3.882348e+04   0.000e+00   1.617e-02   5.186e-03        0
     120       128   -3.882348e+04   0.000e+00   1.409e-02   7.363e-03        0
     121       129   -3.882348e+04   0.000e+00   1.006e-02   8.213e-03        0
     122       130   -3.882347e+04   0.000e+00   4.316e-03   9.958e-03        0
     123       131   -3.882347e+04   0.000e+00   4.235e-04   2.334e-03        0
     124       133   -3.882347e+04   0.000e+00   1.177e-03   9.446e-04        0
     125       134   -3.882347e+04   0.000e+00   1.556e-04   8.211e-04        0
     126       135   -3.882347e+04   0.000e+00   4.563e-05   1.510e-04        0
     127       136   -3.882347e+04   0.000e+00   1.538e-04   1.516e-04        0
     128       137   -3.882347e+04   0.000e+00   5.599e-04   6.225e-04        0
     129       138   -3.882347e+04   0.000e+00   1.154e-03   7.255e-04        0
     130       139   -3.882347e+04   0.000e+00   2.054e-03   1.260e-03        0
     131       140   -3.882347e+04   0.000e+00   2.212e-03   1.529e-03        0
     132       141   -3.882347e+04   0.000e+00   7.167e-03   1.029e-02        0
     133       142   -3.882347e+04   0.000e+00   8.573e-03   1.132e-02        0
     134       143   -3.882347e+04   0.000e+00   3.242e-03   1.190e-02        0
     135       144   -3.882347e+04   0.000e+00   3.589e-03   1.557e-02        0
     136       145   -3.882347e+04   0.000e+00   9.327e-04   1.928e-03        0
     137       146   -3.882347e+04   0.000e+00   2.158e-04   9.023e-04        0
     138       147   -3.882347e+04   0.000e+00   2.378e-05   9.026e-04        0
     139       148   -3.882347e+04   0.000e+00   5.154e-04   1.211e-03        0
     140       149   -3.882347e+04   0.000e+00   1.970e-03   1.265e-03        0
     141       150   -3.882346e+04   0.000e+00   3.206e-03   3.802e-03        0
     142       151   -3.882346e+04   0.000e+00   6.570e-03   1.114e-02        0
     143       152   -3.882345e+04   0.000e+00   9.639e-03   4.165e-02        0
     144       153   -3.882344e+04   0.000e+00   1.411e-02   4.501e-02        0
     145       154   -3.882335e+04   0.000e+00   6.657e-02   4.142e-01        0
     146       155   -3.882327e+04   0.000e+00   2.421e-01   5.214e-01        0
     147       156   -3.882315e+04   0.000e+00   4.168e-01   6.713e-01        0
     148       157   -3.882301e+04   0.000e+00   2.317e-01   6.006e-01        0
     149       158   -3.882297e+04   0.000e+00   5.408e-01   5.998e-01        0
     150       159   -3.882292e+04   0.000e+00   2.609e-01   5.994e-01        0
     151       160   -3.882289e+04   0.000e+00   1.260e-01   1.644e-01        0
     152       161   -3.882287e+04   0.000e+00   3.638e-02   1.668e-01        0
     153       163   -3.882286e+04   0.000e+00   1.463e-01   4.306e-01        0
     154       166   -3.882286e+04   0.000e+00   1.649e-01   1.832e-01        0
     155       167   -3.882284e+04   0.000e+00   1.055e-01   5.093e-01        0
     156       168   -3.882283e+04   0.000e+00   5.153e-02   2.664e-01        0
     157       169   -3.882283e+04   0.000e+00   3.248e-02   2.662e-01        0
     158       170   -3.882282e+04   0.000e+00   9.812e-03   2.656e-01        0
     159       172   -3.882282e+04   0.000e+00   4.203e-02   1.326e-01        0
     160       174   -3.882282e+04   0.000e+00   1.091e-02   1.326e-01        0
     161       175   -3.882282e+04   0.000e+00   4.023e-05   1.427e-08        1
     162       176   -3.882282e+04   0.000e+00   4.545e-05   2.007e-02        0
     163       177   -3.882282e+04   0.000e+00   1.233e-03   2.009e-02        0
     164       178   -3.882282e+04   0.000e+00   3.730e-03   2.114e-02        0
     165       179   -3.882282e+04   0.000e+00   5.238e-03   2.116e-02        0
     166       180   -3.882281e+04   0.000e+00   8.983e-03   2.532e-02        0
     167       181   -3.882280e+04   0.000e+00   1.313e-02   2.869e-02        0
     168       182   -3.882276e+04   0.000e+00   1.833e-02   3.426e-02        0
     169       183   -3.882265e+04   0.000e+00   2.936e-02   3.699e-01        0
     170       184   -3.882250e+04   0.000e+00   4.365e-01   1.378e+00        0
     171       186   -3.882240e+04   0.000e+00   7.544e-02   1.139e+00        0
     172       187   -3.882223e+04   0.000e+00   2.921e-02   1.624e-01        0
     173       188   -3.882217e+04   0.000e+00   3.709e-02   1.523e-01        0
     174       189   -3.882217e+04   0.000e+00   1.746e-02   1.565e-02        0
     175       190   -3.882217e+04   0.000e+00   4.201e-03   1.368e-02        0
     176       191   -3.882217e+04   0.000e+00   1.140e-03   1.305e-02        0
     177       192   -3.882217e+04   0.000e+00   3.285e-04   1.317e-02        0
     178       193   -3.882217e+04   0.000e+00   3.839e-04   1.346e-02        0
     179       194   -3.882217e+04   0.000e+00   2.193e-04   1.354e-02        0
     180       195   -3.882217e+04   0.000e+00   1.306e-04   1.353e-02        0
     181       196   -3.882217e+04   0.000e+00   1.633e-05   2.699e-09        1
     182       197   -3.882217e+04   0.000e+00   2.098e-06   9.347e-07        5
     183       198   -3.882217e+04   0.000e+00   3.565e-06   2.574e-03        0
     184       199   -3.882217e+04   0.000e+00   4.693e-06   2.574e-03        0
     185       200   -3.882217e+04   0.000e+00   1.233e-07   3.435e-07        5
     186       201   -3.882217e+04   0.000e+00   9.076e-07   1.272e-03        0
     187       202   -3.882217e+04   0.000e+00   1.304e-07   7.695e-08        5
     188       203   -3.882217e+04   0.000e+00   4.635e-07   1.346e-03        0
     189       204   -3.882217e+04   0.000e+00   2.172e-08   7.635e-08        6
     190       205   -3.882217e+04   0.000e+00   8.246e-07   1.486e-04        0
     191       206   -3.882217e+04   0.000e+00   1.790e-08   1.486e-04        0
     192       207   -3.882217e+04   0.000e+00   1.752e-06   6.583e-04        0
     193       208   -3.882217e+04   0.000e+00   2.824e-07   6.583e-04        0
     194       209   -3.882217e+04   0.000e+00   5.981e-08   3.008e-06       16
     195       210   -3.882217e+04   0.000e+00   3.666e-07   3.385e-04        0
     196       211   -3.882217e+04   0.000e+00   7.741e-08   3.385e-04        0
     197       212   -3.882217e+04   0.000e+00   3.016e-07   7.872e-06       26
     198       213   -3.882217e+04   0.000e+00   2.612e-06   1.565e-03        0
     199       214   -3.882217e+04   0.000e+00   5.076e-09   1.481e-12        1

EXIT: Locally optimal solution found.

Final Statistics
----------------
Final objective value               =  -3.88221716046932e+04
Final feasibility error (abs / rel) =   0.00e+00 / 0.00e+00
Final optimality error  (abs / rel) =   5.08e-09 / 5.08e-09
# of iterations                     =        199 
# of CG iterations                  =         66 
# of function evaluations           =        214
# of gradient evaluations           =        200
Total program time (secs)           =   12813.92188 (268074.500 CPU time)
Time spent in evaluations (secs)    =   12806.41113

Solution Vector
---------------
x[       0] =  -8.34288643649e-01
x[       1] =  -5.89688388627e-01
x[       2] =  -5.66610994800e-01
x[       3] =  -4.03481199390e-01
x[       4] =  -5.79346496664e-01
x[       5] =  -4.48742610137e-01
x[       6] =  -6.97083648810e-01
x[       7] =  -2.90561428853e-02
x[       8] =  -7.15210310988e-01
x[       9] =  -3.45418097153e+00
x[      10] =   4.35108865159e-02
x[      11] =  -2.96443068188e-04
x[      12] =   1.14183716304e+01
x[      13] =   1.38097851181e+01
x[      14] =   1.31869643764e+01
x[      15] =   1.80443419278e+01
x[      16] =   7.63315685158e-01
x[      17] =   7.30510422746e-01
x[      18] =   6.87419998269e-01
x[      19] =   8.59650067564e-01
x[      20] =   6.39963813017e-01
x[      21] =   9.32513254566e-01
x[      22] =   2.61592227509e-01

===============================================================================

