
Solving from new start point (number 29 of 42) <multistart>.


=======================================
*** NO CHECK MADE FOR LICENSE ***
         Artelys Knitro 12.3.0
=======================================

Knitro presolve eliminated 0 variables and 0 constraints.

algorithm:               4
bar_maxcrossit:          3
datacheck:               0
feastol:                 1e-08
hessopt:                 2
maxtime_cpu:             9.98628e+07
maxtime_real:            9.99933e+07
opttol:                  1e-08
outlev:                  5
outmode:                 2
par_concurrent_evals:    0
The problem is identified as bound constrained only.
Knitro changing act_qpalg from AUTO to 3.
Knitro changing honorbnds from AUTO to -1.
Knitro changing linesearch from AUTO to 2.
Knitro changing linsolver from AUTO to 4.

Problem Characteristics                                 (   Presolved)
-----------------------
Objective goal:  Maximize
Objective type:  general
Number of variables:                                 23 (          23)
    bounded below only:                               0 (           0)
    bounded above only:                               0 (           0)
    bounded below and above:                         23 (          23)
    fixed:                                            0 (           0)
    free:                                             0 (           0)
Number of constraints:                                0 (           0)
    linear equalities:                                0 (           0)
    quadratic equalities:                             0 (           0)
    gen. nonlinear equalities:                        0 (           0)
    linear one-sided inequalities:                    0 (           0)
    quadratic one-sided inequalities:                 0 (           0)
    gen. nonlinear one-sided inequalities:            0 (           0)
    linear two-sided inequalities:                    0 (           0)
    quadratic two-sided inequalities:                 0 (           0)
    gen. nonlinear two-sided inequalities:            0 (           0)
Number of nonzeros in Jacobian:                       0 (           0)
Number of nonzeros in Hessian:                        0 (         276)

Knitro using the Sequential Quadratic Programming (SQP) algorithm.

  Iter     fCount     Objective      FeasError   OptError    ||Step||    CGits 
--------  --------  --------------  ----------  ----------  ----------  -------
       0         1   -1.618354e+05   0.000e+00
       1         2   -1.242691e+05   0.000e+00   3.896e-01   1.389e+00        0
       2         3   -1.154950e+05   0.000e+00   3.386e-01   5.011e-01        0
       3         4   -1.021808e+05   0.000e+00   2.410e+00   2.184e+00        0
       4         5   -9.732466e+04   0.000e+00   5.727e+00   4.410e-01        0
       5         7   -9.165818e+04   0.000e+00   4.007e-01   5.393e-01        0
       6         9   -9.098341e+04   0.000e+00   2.318e+01   2.398e-01        0
       7        10   -8.878047e+04   0.000e+00   5.201e+00   3.968e-01        0
       8        11   -8.812914e+04   0.000e+00   4.659e+00   1.856e-01        0
       9        12   -8.779521e+04   0.000e+00   5.812e+00   1.664e-01        0
      10        13   -8.757252e+04   0.000e+00   6.933e-01   1.168e-01        0
      11        14   -8.748073e+04   0.000e+00   1.216e+00   5.963e-02        0
      12        15   -8.696181e+04   0.000e+00   6.055e+00   4.416e-01        0
      13        16   -8.644690e+04   0.000e+00   6.488e+00   5.625e-01        0
      14        17   -8.621865e+04   0.000e+00   2.034e+00   1.563e-01        0
      15        18   -8.587651e+04   0.000e+00   6.214e+00   5.110e-01        0
      16        19   -8.571402e+04   0.000e+00   6.202e+00   3.363e-01        0
      17        20   -8.547767e+04   0.000e+00   2.389e+00   6.375e-01        0
      18        21   -8.536329e+04   0.000e+00   8.649e-01   4.277e-01        0
      19        22   -8.521086e+04   0.000e+00   3.899e+00   6.710e-01        0
      20        23   -8.453242e+04   0.000e+00   9.406e+00   1.975e+00        0
      21        24   -8.356118e+04   0.000e+00   1.093e+01   2.377e+00        0
      22        26   -8.321067e+04   0.000e+00   2.609e+00   1.031e+00        0
      23        27   -8.291597e+04   0.000e+00   1.710e+00   6.136e-01        0
      24        28   -8.263360e+04   0.000e+00   6.473e-02   7.264e-01        0
      25        29   -8.226707e+04   0.000e+00   8.418e-01   6.777e-01        0
      26        30   -8.195080e+04   0.000e+00   2.384e-01   1.114e+00        0
      27        31   -8.178687e+04   0.000e+00   7.510e-02   2.277e-01        0
      28        32   -8.143384e+04   0.000e+00   4.381e-01   6.236e-01        0
      29        33   -8.118607e+04   0.000e+00   9.556e-01   4.116e-01        0
      30        34   -8.071402e+04   0.000e+00   4.761e-02   8.498e-01        0
      31        35   -8.025631e+04   0.000e+00   2.721e-02   1.739e+00        0
      32        36   -7.999716e+04   0.000e+00   4.425e-02   8.714e-01        0
      33        37   -7.964696e+04   0.000e+00   9.388e-01   3.179e-01        0
      34        38   -7.935277e+04   0.000e+00   8.106e-01   5.946e-01        0
      35        39   -7.907698e+04   0.000e+00   4.899e-01   4.300e-01        0
      36        40   -7.882814e+04   0.000e+00   1.147e+00   4.062e-01        0
      37        41   -7.831488e+04   0.000e+00   1.928e+00   1.067e+00        0
      38        42   -7.767835e+04   0.000e+00   3.533e+00   1.341e+00        0
      39        44   -7.755520e+04   0.000e+00   5.807e+00   2.165e+00        0
      40        45   -7.660338e+04   0.000e+00   2.474e-01   1.037e+00        0
      41        46   -7.645096e+04   0.000e+00   3.334e-02   2.143e-01        0
      42        47   -7.638559e+04   0.000e+00   1.929e-02   1.394e-01        0
      43        48   -7.631543e+04   0.000e+00   2.910e-02   4.380e-01        0
      44        49   -7.621911e+04   0.000e+00   3.809e-02   2.816e-01        0
      45        50   -7.616355e+04   0.000e+00   2.070e-02   1.503e-01        0
      46        51   -7.606335e+04   0.000e+00   1.664e-02   3.006e-01        0
      47        52   -7.592393e+04   0.000e+00   3.656e-02   4.364e-01        0
      48        53   -7.569222e+04   0.000e+00   6.940e-02   8.282e-01        0
      49        54   -7.543054e+04   0.000e+00   8.822e-02   7.928e-01        0
      50        55   -7.494025e+04   0.000e+00   8.941e-02   9.124e-01        0
      51        56   -7.448501e+04   0.000e+00   2.570e-02   4.731e-01        0
      52        57   -7.428158e+04   0.000e+00   1.957e-02   2.793e-01        0
      53        58   -7.404303e+04   0.000e+00   1.932e-01   4.039e-01        0
      54        59   -7.390625e+04   0.000e+00   4.731e-02   2.760e-01        0
      55        60   -7.379174e+04   0.000e+00   1.804e-02   4.082e-01        0
      56        61   -7.366937e+04   0.000e+00   5.463e-01   5.334e-01        0
      57        62   -7.357283e+04   0.000e+00   1.711e-02   2.348e-01        0
      58        63   -7.347899e+04   0.000e+00   2.224e-02   2.478e-01        0
      59        64   -7.341331e+04   0.000e+00   2.402e-02   1.732e-01        0
      60        65   -7.336076e+04   0.000e+00   1.612e-02   1.649e-01        0
      61        66   -7.333732e+04   0.000e+00   7.850e-03   1.187e-01        0
      62        67   -7.332528e+04   0.000e+00   5.194e-03   5.556e-02        0
      63        68   -7.331533e+04   0.000e+00   3.900e-03   4.499e-02        0
      64        69   -7.330377e+04   0.000e+00   4.795e-03   5.754e-02        0
      65        70   -7.328933e+04   0.000e+00   1.051e-02   8.367e-02        0
      66        71   -7.327352e+04   0.000e+00   1.281e-02   1.106e-01        0
      67        72   -7.326264e+04   0.000e+00   1.296e-02   9.097e-02        0
      68        73   -7.325700e+04   0.000e+00   8.537e-03   4.674e-02        0
      69        74   -7.325373e+04   0.000e+00   3.846e-03   2.660e-02        0
      70        75   -7.325219e+04   0.000e+00   1.731e-03   1.610e-02        0
      71        76   -7.325157e+04   0.000e+00   1.200e-03   1.143e-02        0
      72        77   -7.325134e+04   0.000e+00   1.072e-03   7.743e-03        0
      73        78   -7.325116e+04   0.000e+00   1.037e-03   7.343e-03        0
      74        79   -7.325095e+04   0.000e+00   9.372e-04   8.821e-03        0
      75        80   -7.325074e+04   0.000e+00   1.279e-03   9.315e-03        0
      76        81   -7.325054e+04   0.000e+00   1.765e-03   9.424e-03        0
      77        82   -7.325030e+04   0.000e+00   1.909e-03   1.125e-02        0
      78        83   -7.325002e+04   0.000e+00   1.618e-03   1.439e-02        0
      79        84   -7.324979e+04   0.000e+00   9.574e-04   1.363e-02        0
      80        85   -7.324969e+04   0.000e+00   4.174e-04   7.331e-03        0
      81        86   -7.324966e+04   0.000e+00   2.212e-04   3.150e-03        0
      82        87   -7.324965e+04   0.000e+00   1.684e-04   1.917e-03        0
      83        88   -7.324963e+04   0.000e+00   1.325e-04   1.926e-03        0
      84        89   -7.324963e+04   0.000e+00   1.045e-04   1.438e-03        0
      85        90   -7.324962e+04   0.000e+00   6.412e-05   9.317e-04        0
      86        91   -7.324962e+04   0.000e+00   5.567e-05   5.097e-04        0
      87        92   -7.324962e+04   0.000e+00   4.851e-05   8.319e-04        0
      88        93   -7.324962e+04   0.000e+00   5.926e-05   1.271e-03        0
      89        94   -7.324962e+04   0.000e+00   5.157e-05   1.582e-03        0
      90        95   -7.324961e+04   0.000e+00   2.437e-05   1.121e-03        0
      91        96   -7.324961e+04   0.000e+00   4.868e-06   3.809e-04        0
      92        97   -7.324961e+04   0.000e+00   1.169e-06   1.087e-04        0
      93        98   -7.324961e+04   0.000e+00   1.160e-06   4.876e-05        0
      94        99   -7.324961e+04   0.000e+00   1.220e-06   2.445e-05        0
      95       100   -7.324961e+04   0.000e+00   1.204e-06   1.148e-05        0
      96       101   -7.324961e+04   0.000e+00   1.071e-06   1.701e-05        0
      97       102   -7.324961e+04   0.000e+00   1.291e-06   1.844e-05        0
      98       103   -7.324961e+04   0.000e+00   1.073e-06   2.342e-05        0
      99       104   -7.324961e+04   0.000e+00   4.177e-07   1.560e-05        0
     100       105   -7.324961e+04   0.000e+00   5.223e-08   6.159e-06        0
     101       106   -7.324961e+04   0.000e+00   9.991e-09   1.711e-06        0

EXIT: Locally optimal solution found.

Final Statistics
----------------
Final objective value               =  -7.32496133958721e+04
Final feasibility error (abs / rel) =   0.00e+00 / 0.00e+00
Final optimality error  (abs / rel) =   9.99e-09 / 9.99e-09
# of iterations                     =        101 
# of CG iterations                  =          0 
# of function evaluations           =        106
# of gradient evaluations           =        102
Total program time (secs)           =    5029.95508 ( 99278.703 CPU time)
Time spent in evaluations (secs)    =    4975.75684

Solution Vector
---------------
x[       0] =   8.75120174334e+00
x[       1] =   8.58616638518e+00
x[       2] =   8.61081842688e+00
x[       3] =   8.68653758075e+00
x[       4] =   8.81087427227e+00
x[       5] =   8.60505863317e+00
x[       6] =   8.82772506171e+00
x[       7] =  -4.13209384832e+00
x[       8] =  -3.06530426795e+00
x[       9] =  -3.41465440225e+00
x[      10] =  -5.08210601002e-01
x[      11] =   1.51001304096e-02
x[      12] =   9.94362340718e-01
x[      13] =   7.49029923074e-01
x[      14] =   6.19579484502e-01
x[      15] =   7.09969378227e-01
x[      16] =   1.01958273459e+00
x[      17] =   1.11641692402e+00
x[      18] =   1.09458558806e+00
x[      19] =   1.04993235471e+00
x[      20] =   9.89896454339e-01
x[      21] =   9.65086762913e-01
x[      22] =   2.90778346917e-01

===============================================================================

