
Solving from new start point (number 13 of 42) <multistart>.


=======================================
*** NO CHECK MADE FOR LICENSE ***
         Artelys Knitro 12.3.0
=======================================

Knitro presolve eliminated 0 variables and 0 constraints.

algorithm:               4
bar_maxcrossit:          3
datacheck:               0
feastol:                 1e-08
hessopt:                 2
maxtime_cpu:             9.99996e+07
maxtime_real:            9.99998e+07
opttol:                  1e-08
outlev:                  5
outmode:                 2
par_concurrent_evals:    0
The problem is identified as bound constrained only.
Knitro changing act_qpalg from AUTO to 3.
Knitro changing honorbnds from AUTO to -1.
Knitro changing linesearch from AUTO to 2.
Knitro changing linsolver from AUTO to 4.

Problem Characteristics                                 (   Presolved)
-----------------------
Objective goal:  Maximize
Objective type:  general
Number of variables:                                 23 (          23)
    bounded below only:                               0 (           0)
    bounded above only:                               0 (           0)
    bounded below and above:                         23 (          23)
    fixed:                                            0 (           0)
    free:                                             0 (           0)
Number of constraints:                                0 (           0)
    linear equalities:                                0 (           0)
    quadratic equalities:                             0 (           0)
    gen. nonlinear equalities:                        0 (           0)
    linear one-sided inequalities:                    0 (           0)
    quadratic one-sided inequalities:                 0 (           0)
    gen. nonlinear one-sided inequalities:            0 (           0)
    linear two-sided inequalities:                    0 (           0)
    quadratic two-sided inequalities:                 0 (           0)
    gen. nonlinear two-sided inequalities:            0 (           0)
Number of nonzeros in Jacobian:                       0 (           0)
Number of nonzeros in Hessian:                        0 (         276)

Knitro using the Sequential Quadratic Programming (SQP) algorithm.

  Iter     fCount     Objective      FeasError   OptError    ||Step||    CGits 
--------  --------  --------------  ----------  ----------  ----------  -------
       0         1   -9.039456e+04   0.000e+00
       1         4   -7.959042e+04   0.000e+00   3.884e+02   6.365e-01        0
       2         7   -7.254263e+04   0.000e+00   1.721e+02   5.227e-01        0
       3         9   -7.038624e+04   0.000e+00   7.737e+01   1.094e+00        0
       4        11   -6.864649e+04   0.000e+00   8.206e+01   6.136e-01        0
       5        12   -6.670927e+04   2.776e-17   9.477e+01   1.354e+00        0
       6        13   -6.509304e+04   0.000e+00   1.573e+02   8.140e-01        0
       7        15   -6.438610e+04   0.000e+00   1.291e+01   5.810e-01        0
       8        18   -6.372169e+04   0.000e+00   5.670e+00   2.198e-01        0
       9        19   -6.293949e+04   0.000e+00   3.281e+01   6.909e-01        0
      10        22   -6.281178e+04   0.000e+00   4.188e+01   2.577e-01        0
      11        23   -6.233148e+04   0.000e+00   1.441e+02   2.043e+00        0
      12        24   -6.186625e+04   2.776e-17   1.081e+02   6.558e-01        0
      13        26   -6.174157e+04   0.000e+00   1.131e+02   3.745e-01        0
      14        27   -6.113492e+04   0.000e+00   2.852e+00   7.333e-01        0
      15        28   -6.079857e+04   0.000e+00   5.503e+01   7.950e-01        0
      16        29   -6.050406e+04   0.000e+00   1.662e+01   2.355e-01        0
      17        30   -6.020363e+04   0.000e+00   8.545e+01   5.678e-01        0
      18        31   -6.000629e+04   0.000e+00   3.300e+01   2.618e-01        0
      19        32   -5.953222e+04   0.000e+00   4.126e+01   1.101e+00        0
      20        34   -5.920185e+04   0.000e+00   7.450e+01   1.008e+00        0
      21        35   -5.859982e+04   0.000e+00   6.926e+01   3.497e-01        0
      22        36   -5.786609e+04   0.000e+00   5.665e+01   7.498e-01        0
      23        37   -5.749466e+04   0.000e+00   7.829e+00   5.261e-01        0
      24        38   -5.742401e+04   0.000e+00   4.127e+01   4.638e-01        0
      25        39   -5.733243e+04   0.000e+00   5.637e+01   3.306e-01        0
      26        41   -5.728010e+04   0.000e+00   2.030e+00   1.045e-01        0
      27        42   -5.723670e+04   0.000e+00   1.074e+01   1.133e-01        0
      28        43   -5.722226e+04   0.000e+00   7.307e-02   1.413e-01        0
      29        44   -5.721747e+04   0.000e+00   1.520e+00   5.020e-02        0
      30        45   -5.721581e+04   0.000e+00   1.572e+00   2.473e-02        0
      31        46   -5.721478e+04   0.000e+00   1.634e+00   2.270e-02        0
      32        47   -5.721438e+04   0.000e+00   1.938e+00   1.520e-02        0
      33        48   -5.721417e+04   0.000e+00   5.711e-01   1.206e-02        0
      34        49   -5.721408e+04   0.000e+00   1.879e-01   6.871e-03        0
      35        50   -5.721400e+04   0.000e+00   6.180e-01   6.512e-03        0
      36        51   -5.721383e+04   0.000e+00   1.063e+00   1.810e-02        0
      37        52   -5.721363e+04   0.000e+00   1.007e+00   2.559e-02        0
      38        53   -5.721332e+04   0.000e+00   5.407e-01   4.331e-02        0
      39        54   -5.721290e+04   0.000e+00   1.955e-01   6.200e-02        0
      40        55   -5.721236e+04   0.000e+00   9.092e-01   8.240e-02        0
      41        56   -5.721181e+04   0.000e+00   1.137e+00   7.926e-02        0
      42        57   -5.721135e+04   0.000e+00   6.990e-01   5.205e-02        0
      43        58   -5.721106e+04   0.000e+00   2.165e-02   2.358e-02        0
      44        59   -5.721084e+04   0.000e+00   4.394e-01   1.969e-02        0
      45        60   -5.721063e+04   0.000e+00   4.800e-01   2.575e-02        0
      46        61   -5.721050e+04   0.000e+00   1.247e-01   2.102e-02        0
      47        62   -5.721042e+04   0.000e+00   2.362e-01   1.331e-02        0
      48        63   -5.721038e+04   0.000e+00   3.516e-01   7.466e-03        0
      49        64   -5.721036e+04   0.000e+00   2.234e-01   3.889e-03        0
      50        65   -5.721035e+04   0.000e+00   5.553e-02   1.685e-03        0
      51        66   -5.721035e+04   0.000e+00   1.269e-02   6.033e-04        0
      52        67   -5.721035e+04   0.000e+00   3.064e-02   3.783e-04        0
      53        68   -5.721035e+04   0.000e+00   3.926e-02   7.879e-04        0
      54        69   -5.721035e+04   0.000e+00   3.908e-02   1.719e-03        0
      55        70   -5.721035e+04   0.000e+00   2.767e-02   4.046e-03        0
      56        71   -5.721034e+04   0.000e+00   4.230e-03   9.339e-03        0
      57        72   -5.721033e+04   0.000e+00   3.396e-02   2.205e-02        0
      58        73   -5.721030e+04   0.000e+00   8.480e-02   5.161e-02        0
      59        74   -5.721023e+04   0.000e+00   1.385e-01   1.167e-01        0
      60        75   -5.721010e+04   0.000e+00   1.600e-01   2.371e-01        0
      61        76   -5.720990e+04   0.000e+00   9.002e-02   3.789e-01        0
      62        77   -5.720972e+04   0.000e+00   5.269e-02   3.775e-01        0
      63        78   -5.720964e+04   0.000e+00   9.226e-02   1.483e-01        0
      64        79   -5.720963e+04   0.000e+00   4.280e-02   1.581e-02        0
      65        80   -5.720963e+04   0.000e+00   1.560e-02   2.375e-02        0
      66        81   -5.720963e+04   0.000e+00   5.208e-03   4.430e-03        0
      67        82   -5.720963e+04   0.000e+00   1.403e-03   2.457e-03        0
      68        83   -5.720963e+04   0.000e+00   2.574e-05   2.453e-03        0
      69        84   -5.720963e+04   0.000e+00   1.591e-05   2.452e-03        0
      70        85   -5.720963e+04   0.000e+00   5.904e-05   2.508e-03        0
      71        86   -5.720963e+04   0.000e+00   1.209e-04   6.137e-05        0
      72        87   -5.720963e+04   0.000e+00   4.228e-05   6.136e-05        0
      73        88   -5.720963e+04   0.000e+00   1.354e-05   1.693e-08        2
      74        89   -5.720963e+04   0.000e+00   3.627e-06   1.748e-07        5
      75        90   -5.720963e+04   0.000e+00   1.388e-06   1.275e-05        0
      76        91   -5.720963e+04   0.000e+00   5.707e-06   4.324e-05        0
      77        92   -5.720963e+04   0.000e+00   5.400e-06   4.312e-05        0
      78        93   -5.720963e+04   0.000e+00   6.613e-06   2.188e-07        7
      79        94   -5.720963e+04   0.000e+00   2.837e-06   3.525e-05        0
      80        95   -5.720963e+04   0.000e+00   1.595e-06   3.392e-05        0
      81        96   -5.720963e+04   0.000e+00   2.239e-06   5.092e-08        7
      82        97   -5.720963e+04   0.000e+00   1.250e-08   2.854e-08        5
      83        98   -5.720963e+04   0.000e+00   2.803e-07   2.970e-06        0
      84        99   -5.720963e+04   0.000e+00   5.898e-07   2.977e-06        0
      85       100   -5.720963e+04   0.000e+00   3.394e-07   2.978e-06        0
      86       101   -5.720963e+04   0.000e+00   7.751e-07   2.979e-06        0
      87       102   -5.720963e+04   0.000e+00   6.511e-08   2.987e-06        0
      88       103   -5.720963e+04   0.000e+00   1.257e-06   9.736e-06        0
      89       112   -5.720963e+04   0.000e+00   3.003e-08   1.010e-13        5
      90       114   -5.720963e+04   0.000e+00   1.190e-06   7.073e-13        0
      91       116   -5.720963e+04   0.000e+00   6.597e-07   1.640e-09        0

EXIT: Primal feasible solution; terminate because the relative change in
      the objective function < 1.000000e-15 for 5 consecutive feasible iterations.
      Decrease ftol or increase ftol_iters to try for more accuracy.

Final Statistics
----------------
Final objective value               =  -5.72096306464676e+04
Final feasibility error (abs / rel) =   0.00e+00 / 0.00e+00
Final optimality error  (abs / rel) =   6.60e-07 / 6.60e-07
# of iterations                     =         91 
# of CG iterations                  =         31 
# of function evaluations           =        116
# of gradient evaluations           =         92
Total program time (secs)           =    5270.76123 (110139.438 CPU time)
Time spent in evaluations (secs)    =    5236.59473

Solution Vector
---------------
x[       0] =   1.21820849093e+01
x[       1] =   1.21053202704e+01
x[       2] =   1.21315621355e+01
x[       3] =   1.21751123795e+01
x[       4] =   1.22472581518e+01
x[       5] =   1.21108076165e+01
x[       6] =   1.22608837739e+01
x[       7] =  -2.75472935676e+00
x[       8] =  -6.13060871874e+00
x[       9] =  -2.27643562380e+00
x[      10] =  -3.60303935147e-01
x[      11] =   1.00667487819e-02
x[      12] =   8.32856420695e-01
x[      13] =   5.87839394130e-01
x[      14] =   5.71755191217e-01
x[      15] =   9.46428138812e-01
x[      16] =   8.69104133255e-01
x[      17] =   1.11955396524e+00
x[      18] =   1.16840477803e+00
x[      19] =   1.21797914081e+00
x[      20] =   9.15192145544e-01
x[      21] =   9.82468588334e-01
x[      22] =   1.93852168819e-01

===============================================================================

