
Solving from new start point (number 2 of 42) <multistart>.


=======================================
*** NO CHECK MADE FOR LICENSE ***
         Artelys Knitro 12.3.0
=======================================

Knitro presolve eliminated 0 variables and 0 constraints.

algorithm:               4
bar_maxcrossit:          3
datacheck:               0
feastol:                 1e-08
hessopt:                 2
maxtime_cpu:             9.99996e+07
maxtime_real:            9.99998e+07
opttol:                  1e-08
outlev:                  5
outmode:                 2
par_concurrent_evals:    0
The problem is identified as bound constrained only.
Knitro changing act_qpalg from AUTO to 3.
Knitro changing honorbnds from AUTO to -1.
Knitro changing linesearch from AUTO to 2.
Knitro changing linsolver from AUTO to 4.

Problem Characteristics                                 (   Presolved)
-----------------------
Objective goal:  Maximize
Objective type:  general
Number of variables:                                 23 (          23)
    bounded below only:                               0 (           0)
    bounded above only:                               0 (           0)
    bounded below and above:                         23 (          23)
    fixed:                                            0 (           0)
    free:                                             0 (           0)
Number of constraints:                                0 (           0)
    linear equalities:                                0 (           0)
    quadratic equalities:                             0 (           0)
    gen. nonlinear equalities:                        0 (           0)
    linear one-sided inequalities:                    0 (           0)
    quadratic one-sided inequalities:                 0 (           0)
    gen. nonlinear one-sided inequalities:            0 (           0)
    linear two-sided inequalities:                    0 (           0)
    quadratic two-sided inequalities:                 0 (           0)
    gen. nonlinear two-sided inequalities:            0 (           0)
Number of nonzeros in Jacobian:                       0 (           0)
Number of nonzeros in Hessian:                        0 (         276)

Knitro using the Sequential Quadratic Programming (SQP) algorithm.

  Iter     fCount     Objective      FeasError   OptError    ||Step||    CGits 
--------  --------  --------------  ----------  ----------  ----------  -------
       0         1   -1.520389e+05   0.000e+00
       1         2   -1.004766e+05   0.000e+00   1.508e+00   2.392e-01        0
       2         3   -9.953393e+04   0.000e+00   1.507e+00   7.125e-02        0
       3         4   -9.545517e+04   0.000e+00   1.517e+00   3.503e-01        0
       4         5   -9.136416e+04   0.000e+00   2.398e+00   7.332e-01        0
       5         6   -8.763503e+04   0.000e+00   1.538e+00   6.249e-01        0
       6         8   -8.567215e+04   0.000e+00   5.443e+00   5.068e-01        0
       7         9   -8.107621e+04   0.000e+00   1.071e+01   3.707e-01        0
       8        10   -7.848086e+04   0.000e+00   1.115e+01   4.282e-01        0
       9        11   -7.769215e+04   0.000e+00   2.860e+00   1.110e-01        0
      10        12   -7.733140e+04   0.000e+00   1.613e+00   4.838e-02        0
      11        13   -7.553881e+04   0.000e+00   4.035e-01   2.700e-01        0
      12        14   -7.239533e+04   0.000e+00   2.420e+00   6.968e-01        0
      13        15   -7.190756e+04   0.000e+00   2.622e+00   1.670e-01        0
      14        16   -7.132135e+04   0.000e+00   4.805e-01   3.195e-01        0
      15        17   -7.114675e+04   0.000e+00   7.894e-01   1.136e-01        0
      16        18   -7.089844e+04   0.000e+00   1.067e+00   2.425e-01        0
      17        19   -7.086666e+04   0.000e+00   1.180e+00   3.532e-01        0
      18        20   -7.069249e+04   0.000e+00   2.049e-01   1.786e-01        0
      19        21   -7.056636e+04   0.000e+00   2.695e-01   4.829e-02        0
      20        22   -7.013974e+04   0.000e+00   1.524e+00   2.585e-01        0
      21        23   -7.002093e+04   0.000e+00   5.926e-01   1.305e-01        0
      22        24   -6.994617e+04   0.000e+00   6.502e-01   1.093e-01        0
      23        25   -6.984767e+04   0.000e+00   8.631e-01   7.404e-02        0
      24        26   -6.941895e+04   0.000e+00   3.009e-01   4.514e-01        0
      25        27   -6.915320e+04   0.000e+00   5.964e-02   4.372e-01        0
      26        28   -6.907169e+04   0.000e+00   1.763e-01   1.031e-01        0
      27        29   -6.892116e+04   0.000e+00   5.508e-01   1.282e-01        0
      28        30   -6.862541e+04   0.000e+00   1.245e+00   2.641e-01        0
      29        31   -6.818387e+04   0.000e+00   2.086e+00   5.225e-01        0
      30        32   -6.755046e+04   0.000e+00   1.771e+00   9.208e-01        0
      31        33   -6.692338e+04   0.000e+00   1.200e+00   9.548e-01        0
      32        34   -6.625694e+04   0.000e+00   2.926e-01   6.567e-01        0
      33        35   -6.574999e+04   0.000e+00   1.404e+00   6.802e-01        0
      34        36   -6.545021e+04   0.000e+00   8.732e-01   2.129e-01        0
      35        37   -6.516533e+04   0.000e+00   2.974e-02   4.839e-01        0
      36        38   -6.488831e+04   0.000e+00   1.488e-02   2.072e-01        0
      37        39   -6.463205e+04   0.000e+00   2.530e-01   1.826e-01        0
      38        40   -6.400491e+04   0.000e+00   8.842e-01   8.215e-01        0
      39        41   -6.380823e+04   0.000e+00   6.851e-01   5.469e-01        0
      40        42   -6.370115e+04   0.000e+00   2.198e-01   4.108e-01        0
      41        43   -6.355113e+04   0.000e+00   5.451e-01   5.623e-01        0
      42        44   -6.328338e+04   0.000e+00   1.495e+00   3.434e-01        0
      43        46   -6.296756e+04   0.000e+00   3.103e+00   4.652e-01        0
      44        48   -6.270797e+04   0.000e+00   3.389e+00   6.054e-01        0
      45        49   -6.223046e+04   0.000e+00   3.116e+00   3.821e-01        0
      46        50   -6.200527e+04   0.000e+00   9.448e-02   8.425e-01        0
      47        51   -6.187993e+04   0.000e+00   1.719e+00   5.419e-01        0
      48        53   -6.171170e+04   0.000e+00   3.102e-02   2.909e-01        0
      49        54   -6.157673e+04   0.000e+00   2.436e-01   1.771e-01        0
      50        55   -6.153317e+04   0.000e+00   1.972e+00   2.659e-01        0
      51        56   -6.152637e+04   0.000e+00   3.135e+00   2.510e-01        0
      52        57   -6.120924e+04   0.000e+00   1.856e+00   2.916e-01        0
      53        58   -6.101773e+04   0.000e+00   8.766e-01   1.525e-01        0
      54        59   -6.079835e+04   0.000e+00   4.353e+00   4.643e-01        0
      55        60   -6.067858e+04   0.000e+00   4.869e-01   1.453e-01        0
      56        61   -6.060734e+04   0.000e+00   7.562e-02   1.124e-01        0
      57        62   -6.052423e+04   0.000e+00   1.849e+00   2.361e-01        0
      58        63   -6.047748e+04   0.000e+00   6.326e-01   3.658e-02        0
      59        64   -6.036164e+04   0.000e+00   2.672e+00   1.365e-01        0
      60        65   -6.018587e+04   0.000e+00   1.159e+00   2.518e-01        0
      61        66   -5.992304e+04   0.000e+00   4.672e+00   3.395e-01        0
      62        67   -5.947891e+04   0.000e+00   2.852e+00   8.471e-01        0
      63        68   -5.929749e+04   0.000e+00   5.358e-01   4.904e-01        0
      64        69   -5.917618e+04   0.000e+00   1.129e+00   1.628e-01        0
      65        70   -5.894922e+04   0.000e+00   1.433e+00   2.669e-01        0
      66        71   -5.872602e+04   0.000e+00   1.355e+00   7.922e-01        0
      67        72   -5.833227e+04   0.000e+00   3.634e-01   3.903e-01        0
      68        73   -5.810526e+04   0.000e+00   7.204e-01   2.569e-01        0
      69        74   -5.792913e+04   0.000e+00   4.346e-01   3.305e-01        0
      70        75   -5.781622e+04   0.000e+00   3.427e-01   1.301e-01        0
      71        76   -5.765168e+04   0.000e+00   3.713e-01   2.100e-01        0
      72        77   -5.754869e+04   0.000e+00   3.430e-01   2.088e-01        0
      73        78   -5.744864e+04   0.000e+00   2.738e-02   1.278e-01        0
      74        79   -5.739771e+04   0.000e+00   4.115e-01   1.178e-01        0
      75        80   -5.738357e+04   0.000e+00   3.756e-01   4.166e-02        0
      76        81   -5.736105e+04   0.000e+00   1.801e-01   6.041e-02        0
      77        82   -5.734633e+04   0.000e+00   1.802e-02   4.582e-02        0
      78        83   -5.733010e+04   0.000e+00   9.069e-02   7.484e-02        0
      79        84   -5.731716e+04   0.000e+00   5.387e-02   6.214e-02        0
      80        85   -5.729996e+04   0.000e+00   1.723e-01   8.108e-02        0
      81        86   -5.728118e+04   0.000e+00   4.137e-01   6.883e-02        0
      82        87   -5.726630e+04   0.000e+00   3.281e-01   6.005e-02        0
      83        88   -5.726020e+04   0.000e+00   4.751e-02   2.878e-02        0
      84        89   -5.725164e+04   0.000e+00   4.810e-01   4.058e-02        0
      85        90   -5.724384e+04   0.000e+00   8.123e-01   3.393e-02        0
      86        91   -5.723190e+04   0.000e+00   9.642e-01   5.285e-02        0
      87        92   -5.722136e+04   0.000e+00   6.821e-01   5.107e-02        0
      88        93   -5.721526e+04   0.000e+00   1.690e-01   3.625e-02        0
      89        94   -5.721345e+04   0.000e+00   1.120e-01   1.915e-02        0
      90        95   -5.721300e+04   0.000e+00   1.424e-01   1.049e-02        0
      91        96   -5.721280e+04   0.000e+00   8.904e-02   5.961e-03        0
      92        97   -5.721263e+04   0.000e+00   1.080e-02   3.941e-03        0
      93        98   -5.721242e+04   0.000e+00   8.092e-02   4.130e-03        0
      94        99   -5.721207e+04   0.000e+00   1.790e-01   6.882e-03        0
      95       100   -5.721160e+04   0.000e+00   2.331e-01   1.088e-02        0
      96       101   -5.721119e+04   0.000e+00   1.761e-01   1.164e-02        0
      97       102   -5.721102e+04   0.000e+00   6.125e-02   5.771e-03        0
      98       103   -5.721098e+04   0.000e+00   2.172e-03   1.579e-03        0
      99       104   -5.721097e+04   0.000e+00   1.995e-02   1.120e-03        0
     100       105   -5.721094e+04   0.000e+00   3.893e-02   1.645e-03        0
     101       106   -5.721090e+04   0.000e+00   5.265e-02   2.635e-03        0
     102       107   -5.721081e+04   0.000e+00   6.046e-02   5.084e-03        0
     103       108   -5.721065e+04   0.000e+00   5.497e-02   9.771e-03        0
     104       109   -5.721040e+04   0.000e+00   3.143e-02   1.627e-02        0
     105       110   -5.721018e+04   0.000e+00   1.337e-03   1.696e-02        0
     106       111   -5.721009e+04   0.000e+00   1.393e-02   8.085e-03        0
     107       112   -5.721007e+04   0.000e+00   1.036e-02   2.206e-03        0
     108       113   -5.721007e+04   0.000e+00   5.596e-03   1.132e-03        0
     109       114   -5.721007e+04   0.000e+00   1.070e-03   1.038e-03        0
     110       115   -5.721006e+04   0.000e+00   6.290e-03   1.372e-03        0
     111       116   -5.721005e+04   0.000e+00   1.300e-02   1.954e-03        0
     112       117   -5.721003e+04   0.000e+00   1.374e-02   2.725e-03        0
     113       118   -5.721003e+04   0.000e+00   6.871e-03   2.406e-03        0
     114       119   -5.721003e+04   0.000e+00   1.610e-03   9.893e-04        0
     115       120   -5.721003e+04   0.000e+00   2.351e-04   2.651e-04        0
     116       121   -5.721002e+04   0.000e+00   1.824e-03   2.672e-04        0
     117       122   -5.721002e+04   0.000e+00   4.310e-03   4.768e-04        0
     118       123   -5.721002e+04   0.000e+00   7.689e-03   9.437e-04        0
     119       124   -5.721002e+04   0.000e+00   1.140e-02   1.961e-03        0
     120       125   -5.721001e+04   0.000e+00   1.271e-02   3.448e-03        0
     121       126   -5.721000e+04   0.000e+00   8.699e-03   3.836e-03        0
     122       127   -5.721000e+04   0.000e+00   2.724e-03   1.930e-03        0
     123       128   -5.721000e+04   0.000e+00   1.758e-04   5.423e-04        0
     124       129   -5.721000e+04   0.000e+00   1.601e-03   3.446e-04        0
     125       130   -5.720999e+04   0.000e+00   3.834e-03   5.802e-04        0
     126       131   -5.720999e+04   0.000e+00   6.983e-03   1.146e-03        0
     127       132   -5.720998e+04   0.000e+00   1.158e-02   3.285e-03        0
     128       133   -5.720996e+04   0.000e+00   1.696e-02   8.596e-03        0
     129       134   -5.720992e+04   0.000e+00   2.010e-02   1.791e-02        0
     130       135   -5.720988e+04   0.000e+00   1.589e-02   2.428e-02        0
     131       136   -5.720986e+04   0.000e+00   6.300e-03   1.490e-02        0
     132       137   -5.720985e+04   0.000e+00   9.911e-04   1.749e-03        0
     133       138   -5.720985e+04   0.000e+00   1.837e-05   1.582e-03        0
     134       139   -5.720985e+04   0.000e+00   1.203e-04   6.926e-04        0
     135       140   -5.720985e+04   0.000e+00   3.058e-04   7.408e-04        0
     136       141   -5.720985e+04   0.000e+00   6.870e-04   1.737e-03        0
     137       142   -5.720985e+04   0.000e+00   7.939e-04   5.826e-04        0
     138       143   -5.720985e+04   0.000e+00   5.494e-04   1.764e-03        0
     139       144   -5.720985e+04   0.000e+00   1.823e-04   2.045e-03        0
     140       145   -5.720985e+04   0.000e+00   1.759e-05   8.495e-04        0
     141       146   -5.720985e+04   0.000e+00   3.859e-06   1.056e-04        0
     142       147   -5.720985e+04   0.000e+00   1.723e-05   1.055e-04        0
     143       148   -5.720985e+04   0.000e+00   2.716e-05   1.058e-04        0
     144       149   -5.720985e+04   0.000e+00   4.560e-05   1.965e-04        0
     145       150   -5.720985e+04   0.000e+00   6.859e-05   2.117e-04        0
     146       151   -5.720985e+04   0.000e+00   1.576e-04   7.692e-04        0
     147       152   -5.720985e+04   0.000e+00   4.407e-04   3.249e-03        0
     148       153   -5.720985e+04   0.000e+00   3.155e-04   2.073e-03        0
     149       154   -5.720985e+04   0.000e+00   1.450e-04   1.075e-03        0
     150       155   -5.720985e+04   0.000e+00   2.223e-05   2.565e-04        0
     151       156   -5.720985e+04   0.000e+00   1.156e-04   3.900e-04        0
     152       157   -5.720985e+04   0.000e+00   3.194e-04   3.972e-04        0
     153       158   -5.720985e+04   0.000e+00   9.508e-04   2.187e-03        0
     154       159   -5.720985e+04   0.000e+00   1.619e-03   4.599e-03        0
     155       160   -5.720984e+04   0.000e+00   2.897e-03   1.587e-02        0
     156       161   -5.720983e+04   0.000e+00   4.675e-03   4.059e-02        0
     157       162   -5.720980e+04   0.000e+00   6.985e-03   1.023e-01        0
     158       163   -5.720974e+04   0.000e+00   8.551e-03   2.053e-01        0
     159       164   -5.720968e+04   0.000e+00   6.930e-03   2.735e-01        0
     160       165   -5.720964e+04   0.000e+00   2.930e-03   1.524e-01        0
     161       166   -5.720963e+04   0.000e+00   5.599e-04   8.781e-03        0
     162       167   -5.720963e+04   0.000e+00   7.842e-05   6.435e-03        0
     163       168   -5.720963e+04   0.000e+00   2.765e-06   6.423e-03        0
     164       169   -5.720963e+04   0.000e+00   2.833e-05   1.150e-02        0
     165       172   -5.720963e+04   0.000e+00   2.947e-05   1.819e-03        0
     166       175   -5.720963e+04   0.000e+00   2.843e-05   2.873e-03        0
     167       176   -5.720963e+04   0.000e+00   1.232e-05   7.226e-07        2
     168       177   -5.720963e+04   0.000e+00   4.071e-05   1.324e-04        0
     169       178   -5.720963e+04   0.000e+00   7.297e-05   1.279e-04        0
     170       179   -5.720963e+04   0.000e+00   3.302e-05   1.287e-04        0
     171       180   -5.720963e+04   0.000e+00   3.223e-05   1.288e-04        0
     172       181   -5.720963e+04   0.000e+00   1.818e-05   1.278e-04        0
     173       182   -5.720963e+04   0.000e+00   1.700e-05   1.269e-04        0
     174       183   -5.720963e+04   0.000e+00   1.693e-05   4.293e-05        7
     175       184   -5.720963e+04   0.000e+00   3.901e-07   5.930e-05        0
     176       185   -5.720963e+04   0.000e+00   9.994e-06   2.217e-03        0
     177       190   -5.720963e+04   0.000e+00   2.284e-06   3.156e-10        1
     178       193   -5.720963e+04   0.000e+00   2.059e-06   2.183e-05        0
     179       196   -5.720963e+04   0.000e+00   2.029e-06   3.123e-06        0
     180       200   -5.720963e+04   0.000e+00   1.768e-06   2.767e-05        0
     181       201   -5.720963e+04   0.000e+00   2.332e-08   4.119e-07        5
     182       203   -5.720963e+04   0.000e+00   5.860e-08   7.193e-06        0
     183       204   -5.720963e+04   0.000e+00   6.758e-08   2.504e-06       24
     184       209   -5.720963e+04   0.000e+00   4.082e-10   3.798e-08        5

EXIT: Locally optimal solution found.

Final Statistics
----------------
Final objective value               =  -5.72096306464688e+04
Final feasibility error (abs / rel) =   0.00e+00 / 0.00e+00
Final optimality error  (abs / rel) =   4.08e-10 / 4.08e-10
# of iterations                     =        184 
# of CG iterations                  =         44 
# of function evaluations           =        209
# of gradient evaluations           =        185
Total program time (secs)           =    9955.29492 (207225.797 CPU time)
Time spent in evaluations (secs)    =    9948.89160

Solution Vector
---------------
x[       0] =   1.21820648575e+01
x[       1] =   1.21053001983e+01
x[       2] =   1.21315420104e+01
x[       3] =   1.21750923294e+01
x[       4] =   1.22472380786e+01
x[       5] =   1.21107874869e+01
x[       6] =   1.22608637310e+01
x[       7] =  -2.75472457888e+00
x[       8] =  -6.13059898445e+00
x[       9] =  -2.27643573531e+00
x[      10] =  -3.60304042686e-01
x[      11] =   1.00667515442e-02
x[      12] =   8.32856537855e-01
x[      13] =   5.87839541996e-01
x[      14] =   5.71755312482e-01
x[      15] =   9.46427942358e-01
x[      16] =   8.69104152329e-01
x[      17] =   1.11955402869e+00
x[      18] =   1.16840485496e+00
x[      19] =   1.21797920369e+00
x[      20] =   9.15192154944e-01
x[      21] =   9.82468567578e-01
x[      22] =   1.93852103555e-01

===============================================================================

