
Solving from new start point (number 6 of 42) <multistart>.


=======================================
*** NO CHECK MADE FOR LICENSE ***
         Artelys Knitro 12.3.0
=======================================

Knitro presolve eliminated 0 variables and 0 constraints.

algorithm:               4
bar_maxcrossit:          3
datacheck:               0
feastol:                 1e-08
hessopt:                 2
maxtime_cpu:             9.99996e+07
maxtime_real:            9.99998e+07
opttol:                  1e-08
outlev:                  5
outmode:                 2
par_concurrent_evals:    0
The problem is identified as bound constrained only.
Knitro changing act_qpalg from AUTO to 3.
Knitro changing honorbnds from AUTO to -1.
Knitro changing linesearch from AUTO to 2.
Knitro changing linsolver from AUTO to 4.

Problem Characteristics                                 (   Presolved)
-----------------------
Objective goal:  Maximize
Objective type:  general
Number of variables:                                 23 (          23)
    bounded below only:                               0 (           0)
    bounded above only:                               0 (           0)
    bounded below and above:                         23 (          23)
    fixed:                                            0 (           0)
    free:                                             0 (           0)
Number of constraints:                                0 (           0)
    linear equalities:                                0 (           0)
    quadratic equalities:                             0 (           0)
    gen. nonlinear equalities:                        0 (           0)
    linear one-sided inequalities:                    0 (           0)
    quadratic one-sided inequalities:                 0 (           0)
    gen. nonlinear one-sided inequalities:            0 (           0)
    linear two-sided inequalities:                    0 (           0)
    quadratic two-sided inequalities:                 0 (           0)
    gen. nonlinear two-sided inequalities:            0 (           0)
Number of nonzeros in Jacobian:                       0 (           0)
Number of nonzeros in Hessian:                        0 (         276)

Knitro using the Sequential Quadratic Programming (SQP) algorithm.

  Iter     fCount     Objective      FeasError   OptError    ||Step||    CGits 
--------  --------  --------------  ----------  ----------  ----------  -------
       0         1   -1.171056e+05   0.000e+00
       1         3   -9.826231e+04   0.000e+00   1.913e+03   2.699e+00        0
       2         5   -7.462168e+04   0.000e+00   1.772e+03   2.434e+00        0
       3         7   -7.231452e+04   0.000e+00   1.086e+03   1.101e+00        0
       4        10   -6.948924e+04   0.000e+00   8.907e+02   6.683e-01        0
       5        12   -6.525280e+04   0.000e+00   6.582e+02   1.826e+00        0
       6        15   -6.361587e+04   0.000e+00   3.418e+02   6.471e-01        0
       7        18   -6.331214e+04   0.000e+00   8.523e+02   4.532e-01        0
       8        20   -6.250819e+04   0.000e+00   7.200e+02   1.473e+00        0
       9        22   -6.175210e+04   0.000e+00   2.268e+02   6.287e-01        0
      10        24   -6.156806e+04   0.000e+00   2.351e+02   1.035e+00        0
      11        26   -6.152396e+04   0.000e+00   1.277e+03   7.099e-01        0
      12        27   -6.139541e+04   0.000e+00   5.013e+02   1.575e+00        0
      13        28   -6.122024e+04   0.000e+00   1.136e+03   1.211e+00        0
      14        30   -6.070426e+04   0.000e+00   1.117e+02   9.748e-01        0
      15        32   -5.920430e+04   0.000e+00   1.483e+03   1.647e+00        0
      16        35   -5.858201e+04   0.000e+00   1.305e+03   5.510e-01        0
      17        38   -5.776505e+04   0.000e+00   8.825e+00   4.501e-01        0
      18        41   -5.747333e+04   0.000e+00   8.510e+01   3.253e-01        0
      19        44   -5.738188e+04   0.000e+00   1.799e+02   1.924e-01        0
      20        46   -5.732144e+04   0.000e+00   1.338e+01   3.597e-01        0
      21        48   -5.725472e+04   0.000e+00   1.155e+02   1.894e-01        0
      22        49   -5.723937e+04   0.000e+00   1.902e+01   1.610e-01        0
      23        50   -5.722668e+04   0.000e+00   1.126e+01   9.447e-02        0
      24        52   -5.722393e+04   0.000e+00   3.230e+00   7.105e-02        0
      25        53   -5.722262e+04   0.000e+00   1.113e+01   6.004e-02        0
      26        54   -5.722179e+04   0.000e+00   9.946e+00   6.345e-02        0
      27        55   -5.722032e+04   0.000e+00   8.096e+00   3.535e-02        0
      28        56   -5.721979e+04   0.000e+00   1.537e+00   2.189e-02        0
      29        57   -5.721785e+04   0.000e+00   3.743e+00   1.186e-01        0
      30        58   -5.721568e+04   0.000e+00   2.303e+01   2.356e-01        0
      31        59   -5.721470e+04   0.000e+00   1.067e+01   1.031e-01        0
      32        60   -5.721364e+04   0.000e+00   3.746e+00   4.980e-02        0
      33        61   -5.721304e+04   0.000e+00   4.724e+00   3.639e-02        0
      34        62   -5.721179e+04   0.000e+00   4.888e-01   1.503e-01        0
      35        63   -5.721115e+04   0.000e+00   4.915e-01   6.473e-02        0
      36        64   -5.721097e+04   0.000e+00   1.128e+00   1.789e-02        0
      37        65   -5.721095e+04   0.000e+00   1.794e-01   7.704e-03        0
      38        66   -5.721094e+04   0.000e+00   6.244e-02   4.483e-03        0
      39        67   -5.721093e+04   0.000e+00   9.620e-02   3.460e-03        0
      40        68   -5.721093e+04   0.000e+00   2.105e-01   4.897e-03        0
      41        69   -5.721092e+04   0.000e+00   4.669e-01   1.440e-02        0
      42        70   -5.721089e+04   0.000e+00   7.786e-01   3.569e-02        0
      43        71   -5.721081e+04   0.000e+00   1.309e+00   9.452e-02        0
      44        72   -5.721063e+04   0.000e+00   1.873e+00   2.203e-01        0
      45        73   -5.721031e+04   0.000e+00   2.211e+00   4.333e-01        0
      46        74   -5.720990e+04   0.000e+00   1.625e+00   5.871e-01        0
      47        75   -5.720967e+04   0.000e+00   7.279e-01   3.850e-01        0
      48        76   -5.720963e+04   0.000e+00   2.587e-01   3.071e-02        0
      49        77   -5.720963e+04   0.000e+00   8.350e-02   4.622e-02        0
      50        78   -5.720963e+04   0.000e+00   1.388e-02   2.160e-02        0
      51        79   -5.720963e+04   0.000e+00   2.602e-03   2.232e-03        0
      52        82   -5.720963e+04   0.000e+00   1.574e-03   4.876e-04        0
      53        83   -5.720963e+04   0.000e+00   8.194e-04   7.291e-04        0
      54        84   -5.720963e+04   0.000e+00   2.037e-04   2.676e-05        0
      55        85   -5.720963e+04   0.000e+00   5.439e-05   2.589e-05        0
      56        86   -5.720963e+04   0.000e+00   1.850e-07   4.017e-09        2
      57        87   -5.720963e+04   0.000e+00   3.932e-06   2.424e-05        0
      58        88   -5.720963e+04   0.000e+00   5.045e-06   2.424e-05        0
      59        89   -5.720963e+04   0.000e+00   5.748e-07   8.652e-08        7
      60        90   -5.720963e+04   0.000e+00   3.674e-06   2.330e-05        0
      61        91   -5.720963e+04   0.000e+00   7.049e-07   9.917e-08        0
      62        92   -5.720963e+04   0.000e+00   3.237e-07   9.861e-08        0
      63        93   -5.720963e+04   0.000e+00   2.436e-08   9.761e-08        0
      64        94   -5.720963e+04   0.000e+00   1.158e-06   9.703e-08        0
      65        95   -5.720963e+04   0.000e+00   1.751e-07   1.290e-08        7
      66        96   -5.720963e+04   0.000e+00   5.878e-07   1.817e-06        0
      67        97   -5.720963e+04   0.000e+00   3.298e-09   1.830e-13        1

EXIT: Locally optimal solution found.

Final Statistics
----------------
Final objective value               =  -5.72096306464676e+04
Final feasibility error (abs / rel) =   0.00e+00 / 0.00e+00
Final optimality error  (abs / rel) =   3.30e-09 / 3.30e-09
# of iterations                     =         67 
# of CG iterations                  =         17 
# of function evaluations           =         97
# of gradient evaluations           =         68
Total program time (secs)           =    4137.56982 ( 86422.062 CPU time)
Time spent in evaluations (secs)    =    4121.27539

Solution Vector
---------------
x[       0] =   1.21820843779e+01
x[       1] =   1.21053197442e+01
x[       2] =   1.21315616071e+01
x[       3] =   1.21751118526e+01
x[       4] =   1.22472576262e+01
x[       5] =   1.21108070845e+01
x[       6] =   1.22608832514e+01
x[       7] =  -2.75472923110e+00
x[       8] =  -6.13060846140e+00
x[       9] =  -2.27643563317e+00
x[      10] =  -3.60303942109e-01
x[      11] =   1.00667489608e-02
x[      12] =   8.32856425492e-01
x[      13] =   5.87839396495e-01
x[      14] =   5.71755192867e-01
x[      15] =   9.46428136374e-01
x[      16] =   8.69104129487e-01
x[      17] =   1.11955396293e+00
x[      18] =   1.16840477847e+00
x[      19] =   1.21797913957e+00
x[      20] =   9.15192142641e-01
x[      21] =   9.82468590400e-01
x[      22] =   1.93852167048e-01

===============================================================================

