
Solving from new start point (number 3 of 42) <multistart>.


=======================================
*** NO CHECK MADE FOR LICENSE ***
         Artelys Knitro 12.3.0
=======================================

Knitro presolve eliminated 0 variables and 0 constraints.

algorithm:               4
bar_maxcrossit:          3
datacheck:               0
feastol:                 1e-08
hessopt:                 2
maxtime_cpu:             9.99996e+07
maxtime_real:            9.99998e+07
opttol:                  1e-08
outlev:                  5
outmode:                 2
par_concurrent_evals:    0
The problem is identified as bound constrained only.
Knitro changing act_qpalg from AUTO to 3.
Knitro changing honorbnds from AUTO to -1.
Knitro changing linesearch from AUTO to 2.
Knitro changing linsolver from AUTO to 4.

Problem Characteristics                                 (   Presolved)
-----------------------
Objective goal:  Maximize
Objective type:  general
Number of variables:                                 23 (          23)
    bounded below only:                               0 (           0)
    bounded above only:                               0 (           0)
    bounded below and above:                         23 (          23)
    fixed:                                            0 (           0)
    free:                                             0 (           0)
Number of constraints:                                0 (           0)
    linear equalities:                                0 (           0)
    quadratic equalities:                             0 (           0)
    gen. nonlinear equalities:                        0 (           0)
    linear one-sided inequalities:                    0 (           0)
    quadratic one-sided inequalities:                 0 (           0)
    gen. nonlinear one-sided inequalities:            0 (           0)
    linear two-sided inequalities:                    0 (           0)
    quadratic two-sided inequalities:                 0 (           0)
    gen. nonlinear two-sided inequalities:            0 (           0)
Number of nonzeros in Jacobian:                       0 (           0)
Number of nonzeros in Hessian:                        0 (         276)

Knitro using the Sequential Quadratic Programming (SQP) algorithm.

  Iter     fCount     Objective      FeasError   OptError    ||Step||    CGits 
--------  --------  --------------  ----------  ----------  ----------  -------
       0         1   -9.925281e+04   0.000e+00
       1         3   -8.659489e+04   0.000e+00   1.098e+02   3.567e-01        0
       2         4   -8.509216e+04   0.000e+00   1.942e+01   6.598e-01        0
       3         7   -8.406042e+04   0.000e+00   3.897e+01   2.343e-01        0
       4         8   -7.692897e+04   0.000e+00   3.612e+00   5.009e-01        0
       5        10   -7.644932e+04   0.000e+00   3.303e+01   1.550e-01        0
       6        11   -7.425858e+04   0.000e+00   5.708e+00   4.016e-01        0
       7        12   -7.321977e+04   0.000e+00   1.337e+01   1.721e-01        0
       8        13   -7.247744e+04   0.000e+00   3.712e+01   4.883e-01        0
       9        14   -7.191383e+04   0.000e+00   8.285e+00   1.014e-01        0
      10        15   -7.149202e+04   0.000e+00   1.628e+01   1.954e-01        0
      11        16   -7.111835e+04   0.000e+00   9.068e+00   2.786e-01        0
      12        17   -7.091329e+04   0.000e+00   3.586e-02   2.030e-01        0
      13        18   -7.076572e+04   0.000e+00   2.748e+00   1.088e-01        0
      14        19   -7.062105e+04   0.000e+00   2.392e-02   1.417e-01        0
      15        20   -7.051907e+04   0.000e+00   1.595e-02   1.330e-01        0
      16        21   -7.044309e+04   0.000e+00   1.816e-02   1.293e-01        0
      17        22   -7.032598e+04   0.000e+00   2.193e-02   1.996e-01        0
      18        23   -7.010361e+04   0.000e+00   1.701e-01   3.834e-01        0
      19        25   -6.971260e+04   0.000e+00   4.000e-01   7.571e-01        0
      20        26   -6.902068e+04   0.000e+00   5.687e-01   7.457e-01        0
      21        27   -6.710183e+04   0.000e+00   6.320e-01   1.453e+00        0
      22        28   -6.651857e+04   0.000e+00   1.531e-01   3.357e-01        0
      23        29   -6.605523e+04   0.000e+00   2.685e+00   6.437e-01        0
      24        30   -6.580303e+04   0.000e+00   9.287e+00   3.029e-01        0
      25        31   -6.561400e+04   0.000e+00   9.291e+00   2.906e-01        0
      26        32   -6.545281e+04   0.000e+00   1.559e-01   4.572e-01        0
      27        33   -6.541502e+04   0.000e+00   1.125e-02   1.309e-01        0
      28        34   -6.533903e+04   0.000e+00   5.177e-02   3.620e-01        0
      29        35   -6.527042e+04   0.000e+00   6.519e-02   3.964e-01        0
      30        36   -6.518146e+04   0.000e+00   4.384e-02   6.763e-01        0
      31        37   -6.514801e+04   0.000e+00   1.367e-02   2.150e-01        0
      32        38   -6.511934e+04   0.000e+00   1.533e-02   7.816e-02        0
      33        39   -6.508969e+04   0.000e+00   2.571e-01   1.239e-01        0
      34        40   -6.506179e+04   0.000e+00   1.241e+00   1.320e-01        0
      35        41   -6.504732e+04   0.000e+00   1.106e+00   4.546e-02        0
      36        42   -6.503757e+04   0.000e+00   9.763e-02   5.210e-02        0
      37        43   -6.503353e+04   0.000e+00   3.298e-01   2.762e-02        0
      38        44   -6.502567e+04   0.000e+00   2.533e-03   5.354e-02        0
      39        45   -6.501859e+04   0.000e+00   2.524e-03   7.531e-02        0
      40        46   -6.501208e+04   0.000e+00   1.067e-02   1.064e-01        0
      41        47   -6.500797e+04   0.000e+00   2.154e-01   8.396e-02        0
      42        48   -6.500491e+04   0.000e+00   2.073e-01   5.448e-02        0
      43        49   -6.500184e+04   0.000e+00   1.924e-02   4.175e-02        0
      44        50   -6.499790e+04   0.000e+00   2.438e-01   5.296e-02        0
      45        51   -6.499387e+04   0.000e+00   3.957e-01   6.187e-02        0
      46        52   -6.499039e+04   0.000e+00   2.872e-01   5.605e-02        0
      47        53   -6.498676e+04   0.000e+00   1.274e-02   5.409e-02        0
      48        54   -6.498138e+04   0.000e+00   3.816e-01   7.672e-02        0
      49        55   -6.497343e+04   0.000e+00   7.304e-01   1.200e-01        0
      50        56   -6.496496e+04   0.000e+00   7.422e-01   1.396e-01        0
      51        57   -6.495965e+04   0.000e+00   3.118e-01   8.075e-02        0
      52        58   -6.495741e+04   0.000e+00   1.163e-01   2.475e-02        0
      53        59   -6.495620e+04   0.000e+00   3.156e-01   1.450e-02        0
      54        60   -6.495478e+04   0.000e+00   3.758e-01   2.032e-02        0
      55        61   -6.495363e+04   0.000e+00   2.411e-01   3.207e-02        0
      56        62   -6.495299e+04   0.000e+00   1.703e-02   3.101e-02        0
      57        63   -6.495260e+04   0.000e+00   1.374e-01   2.148e-02        0
      58        64   -6.495212e+04   0.000e+00   2.446e-01   2.111e-02        0
      59        65   -6.495126e+04   0.000e+00   3.002e-01   3.099e-02        0
      60        66   -6.494981e+04   0.000e+00   2.478e-01   4.688e-02        0
      61        67   -6.494788e+04   0.000e+00   4.389e-02   6.249e-02        0
      62        68   -6.494610e+04   0.000e+00   2.074e-01   5.986e-02        0
      63        69   -6.494488e+04   0.000e+00   3.259e-01   3.752e-02        0
      64        70   -6.494407e+04   0.000e+00   2.715e-01   1.826e-02        0
      65        71   -6.494352e+04   0.000e+00   1.188e-01   1.236e-02        0
      66        72   -6.494324e+04   0.000e+00   1.562e-02   1.421e-02        0
      67        73   -6.494313e+04   0.000e+00   6.182e-02   1.090e-02        0
      68        74   -6.494304e+04   0.000e+00   6.198e-02   8.570e-03        0
      69        75   -6.494288e+04   0.000e+00   3.638e-02   1.253e-02        0
      70        76   -6.494258e+04   0.000e+00   1.798e-02   2.016e-02        0
      71        77   -6.494212e+04   0.000e+00   7.817e-02   2.899e-02        0
      72        78   -6.494155e+04   0.000e+00   1.068e-01   3.409e-02        0
      73        79   -6.494097e+04   0.000e+00   8.756e-02   3.437e-02        0
      74        80   -6.494025e+04   0.000e+00   2.802e-02   3.804e-02        0
      75        81   -6.493924e+04   0.000e+00   6.712e-02   5.274e-02        0
      76        82   -6.493809e+04   0.000e+00   1.372e-01   6.563e-02        0
      77        83   -6.493737e+04   0.000e+00   1.131e-01   5.121e-02        0
      78        84   -6.493714e+04   0.000e+00   3.543e-02   2.009e-02        0
      79        85   -6.493706e+04   0.000e+00   1.480e-02   7.280e-03        0
      80        86   -6.493694e+04   0.000e+00   7.330e-02   9.864e-03        0
      81        87   -6.493662e+04   0.000e+00   1.661e-01   2.391e-02        0
      82        88   -6.493584e+04   0.000e+00   3.058e-01   5.990e-02        0
      83        89   -6.493406e+04   0.000e+00   4.860e-01   1.434e-01        0
      84        90   -6.493073e+04   0.000e+00   6.336e-01   2.869e-01        0
      85        91   -6.492657e+04   0.000e+00   5.647e-01   3.830e-01        0
      86        92   -6.492319e+04   0.000e+00   2.474e-01   2.959e-01        0
      87        93   -6.492131e+04   0.000e+00   8.379e-02   1.590e-01        0
      88        94   -6.492070e+04   0.000e+00   1.483e-01   7.638e-02        0
      89        95   -6.492013e+04   0.000e+00   1.098e-01   9.788e-02        0
      90        96   -6.491642e+04   0.000e+00   4.947e-02   4.707e-01        0
      91        97   -6.352066e+04   0.000e+00   4.105e+00   4.231e+00        0
      92       100   -6.152737e+04   0.000e+00   6.703e+00   3.077e+00        0
      93       103   -6.071913e+04   0.000e+00   1.677e+01   8.085e-01        0
      94       106   -6.047013e+04   0.000e+00   2.289e+01   3.937e-01        0
      95       109   -6.013943e+04   0.000e+00   2.438e+01   9.760e-01        0
      96       112   -5.969393e+04   0.000e+00   1.636e+01   7.261e-01        0
      97       114   -5.931252e+04   0.000e+00   1.905e+01   1.966e+00        0
      98       117   -5.901979e+04   0.000e+00   6.661e+00   3.231e-01        0
      99       120   -5.890256e+04   0.000e+00   4.785e+00   4.996e-01        0
     100       123   -5.871310e+04   0.000e+00   6.799e+00   3.721e-01        0
     101       125   -5.860013e+04   0.000e+00   9.071e+00   4.347e-01        0
     102       126   -5.845727e+04   0.000e+00   4.566e+00   4.155e-01        0
     103       127   -5.832228e+04   0.000e+00   7.582e+00   4.388e-01        0
     104       128   -5.822469e+04   0.000e+00   1.045e+01   2.263e-01        0
     105       129   -5.807207e+04   0.000e+00   7.778e+00   2.591e-01        0
     106       130   -5.785748e+04   0.000e+00   1.081e+00   3.884e-01        0
     107       131   -5.764859e+04   0.000e+00   3.436e+00   5.620e-01        0
     108       132   -5.751991e+04   0.000e+00   3.330e+00   3.082e-01        0
     109       133   -5.743838e+04   0.000e+00   5.177e-01   3.221e-01        0
     110       134   -5.740193e+04   0.000e+00   7.996e-01   1.772e-01        0
     111       135   -5.736167e+04   0.000e+00   1.241e+00   1.164e-01        0
     112       136   -5.731282e+04   0.000e+00   9.450e-01   1.125e-01        0
     113       137   -5.727367e+04   0.000e+00   3.011e-02   1.710e-01        0
     114       138   -5.725559e+04   0.000e+00   4.930e-01   1.208e-01        0
     115       139   -5.724570e+04   0.000e+00   9.330e-01   1.008e-01        0
     116       140   -5.724058e+04   0.000e+00   6.595e-01   8.047e-02        0
     117       141   -5.723800e+04   0.000e+00   3.038e-01   9.278e-02        0
     118       142   -5.723593e+04   0.000e+00   1.708e-01   1.533e-01        0
     119       143   -5.723527e+04   0.000e+00   2.677e-01   9.277e-02        0
     120       144   -5.723490e+04   0.000e+00   1.829e-01   7.575e-02        0
     121       145   -5.723467e+04   0.000e+00   2.985e-02   4.195e-02        0
     122       146   -5.723435e+04   0.000e+00   2.214e-01   4.009e-02        0
     123       147   -5.723383e+04   0.000e+00   5.419e-01   3.475e-02        0
     124       148   -5.723320e+04   0.000e+00   7.431e-01   2.398e-02        0
     125       149   -5.723266e+04   0.000e+00   6.034e-01   4.402e-02        0
     126       150   -5.723237e+04   0.000e+00   2.269e-01   4.544e-02        0
     127       151   -5.723222e+04   0.000e+00   7.383e-02   1.995e-02        0
     128       152   -5.723199e+04   0.000e+00   4.176e-01   1.433e-02        0
     129       153   -5.723158e+04   0.000e+00   7.925e-01   2.340e-02        0
     130       154   -5.723095e+04   0.000e+00   1.017e+00   4.617e-02        0
     131       155   -5.723037e+04   0.000e+00   7.321e-01   5.340e-02        0
     132       156   -5.723010e+04   0.000e+00   2.077e-01   2.290e-02        0
     133       157   -5.723003e+04   0.000e+00   3.101e-02   5.009e-03        0
     134       158   -5.723001e+04   0.000e+00   5.629e-02   2.712e-03        0
     135       159   -5.722997e+04   0.000e+00   4.427e-02   5.721e-03        0
     136       160   -5.722990e+04   0.000e+00   2.712e-03   1.415e-02        0
     137       161   -5.722972e+04   0.000e+00   1.033e-01   3.898e-02        0
     138       162   -5.722929e+04   0.000e+00   2.765e-01   1.004e-01        0
     139       163   -5.722825e+04   0.000e+00   5.500e-01   2.530e-01        0
     140       164   -5.722595e+04   0.000e+00   9.101e-01   5.821e-01        0
     141       165   -5.722170e+04   0.000e+00   1.234e+00   1.125e+00        0
     142       166   -5.721597e+04   0.000e+00   1.274e+00   1.584e+00        0
     143       167   -5.721113e+04   0.000e+00   8.288e-01   1.419e+00        0
     144       168   -5.720972e+04   0.000e+00   1.837e-01   6.003e-01        0
     145       169   -5.720965e+04   0.000e+00   3.813e-03   1.522e-01        0
     146       170   -5.720964e+04   0.000e+00   2.407e-02   5.770e-02        0
     147       171   -5.720963e+04   0.000e+00   1.469e-02   3.950e-02        0
     148       172   -5.720963e+04   0.000e+00   3.034e-03   1.508e-02        0
     149       173   -5.720963e+04   0.000e+00   1.282e-03   5.575e-03        0
     150       175   -5.720963e+04   0.000e+00   1.094e-03   2.733e-03        0
     151       176   -5.720963e+04   0.000e+00   5.740e-04   1.699e-03        0
     152       178   -5.720963e+04   0.000e+00   3.535e-04   8.493e-04        0
     153       179   -5.720963e+04   0.000e+00   1.541e-04   4.450e-04        0
     154       181   -5.720963e+04   0.000e+00   8.246e-05   2.225e-04        0
     155       182   -5.720963e+04   0.000e+00   1.978e-05   5.802e-10        1
     156       183   -5.720963e+04   0.000e+00   6.213e-08   5.222e-05        0
     157       184   -5.720963e+04   0.000e+00   3.878e-06   2.124e-04        0
     158       185   -5.720963e+04   0.000e+00   1.087e-07   2.124e-04        0
     159       186   -5.720963e+04   0.000e+00   6.004e-07   1.818e-04        0
     160       187   -5.720963e+04   0.000e+00   3.664e-07   1.818e-04        0
     161       188   -5.720963e+04   0.000e+00   1.314e-07   1.808e-04       35
     162       189   -5.720963e+04   0.000e+00   2.891e-08   2.786e-07        0
     163       190   -5.720963e+04   0.000e+00   1.154e-08   2.768e-07        0
     164       191   -5.720963e+04   0.000e+00   1.214e-08   2.745e-07        0
     165       192   -5.720963e+04   0.000e+00   1.088e-08   1.969e-08       10
     166       193   -5.720963e+04   0.000e+00   4.384e-11   2.457e-09        6

EXIT: Locally optimal solution found.

Final Statistics
----------------
Final objective value               =  -5.72096306464676e+04
Final feasibility error (abs / rel) =   0.00e+00 / 0.00e+00
Final optimality error  (abs / rel) =   4.38e-11 / 4.38e-11
# of iterations                     =        166 
# of CG iterations                  =         52 
# of function evaluations           =        193
# of gradient evaluations           =        167
Total program time (secs)           =    9115.69043 (189671.969 CPU time)
Time spent in evaluations (secs)    =    9106.76660

Solution Vector
---------------
x[       0] =   1.21820847699e+01
x[       1] =   1.21053201368e+01
x[       2] =   1.21315619991e+01
x[       3] =   1.21751122433e+01
x[       4] =   1.22472580174e+01
x[       5] =   1.21108074760e+01
x[       6] =   1.22608836430e+01
x[       7] =  -2.75472932422e+00
x[       8] =  -6.13060865157e+00
x[       9] =  -2.27643558081e+00
x[      10] =  -3.60303942528e-01
x[      11] =   1.00667489386e-02
x[      12] =   8.32856422865e-01
x[      13] =   5.87839393171e-01
x[      14] =   5.71755189980e-01
x[      15] =   9.46428140204e-01
x[      16] =   8.69104129240e-01
x[      17] =   1.11955396191e+00
x[      18] =   1.16840477718e+00
x[      19] =   1.21797913773e+00
x[      20] =   9.15192142877e-01
x[      21] =   9.82468590764e-01
x[      22] =   1.93852168200e-01

===============================================================================

