
Solving from new start point (number 5 of 42) <multistart>.


=======================================
*** NO CHECK MADE FOR LICENSE ***
         Artelys Knitro 12.3.0
=======================================

Knitro presolve eliminated 0 variables and 0 constraints.

algorithm:               4
bar_maxcrossit:          3
datacheck:               0
feastol:                 1e-08
hessopt:                 2
maxtime_cpu:             9.99996e+07
maxtime_real:            9.99998e+07
opttol:                  1e-08
outlev:                  5
outmode:                 2
par_concurrent_evals:    0
The problem is identified as bound constrained only.
Knitro changing act_qpalg from AUTO to 3.
Knitro changing honorbnds from AUTO to -1.
Knitro changing linesearch from AUTO to 2.
Knitro changing linsolver from AUTO to 4.

Problem Characteristics                                 (   Presolved)
-----------------------
Objective goal:  Maximize
Objective type:  general
Number of variables:                                 23 (          23)
    bounded below only:                               0 (           0)
    bounded above only:                               0 (           0)
    bounded below and above:                         23 (          23)
    fixed:                                            0 (           0)
    free:                                             0 (           0)
Number of constraints:                                0 (           0)
    linear equalities:                                0 (           0)
    quadratic equalities:                             0 (           0)
    gen. nonlinear equalities:                        0 (           0)
    linear one-sided inequalities:                    0 (           0)
    quadratic one-sided inequalities:                 0 (           0)
    gen. nonlinear one-sided inequalities:            0 (           0)
    linear two-sided inequalities:                    0 (           0)
    quadratic two-sided inequalities:                 0 (           0)
    gen. nonlinear two-sided inequalities:            0 (           0)
Number of nonzeros in Jacobian:                       0 (           0)
Number of nonzeros in Hessian:                        0 (         276)

Knitro using the Sequential Quadratic Programming (SQP) algorithm.

  Iter     fCount     Objective      FeasError   OptError    ||Step||    CGits 
--------  --------  --------------  ----------  ----------  ----------  -------
       0         1   -1.699083e+05   0.000e+00
       1         2   -1.053634e+05   2.776e-17   7.990e+00   3.080e-01        0
       2         3   -9.281155e+04   0.000e+00   5.977e+00   2.374e-01        0
       3         4   -8.733479e+04   0.000e+00   3.211e+00   3.451e-01        0
       4         5   -8.639349e+04   0.000e+00   2.025e+00   3.389e-01        0
       5         6   -8.519488e+04   0.000e+00   7.579e+00   1.427e-01        0
       6         7   -8.236939e+04   0.000e+00   6.671e-01   1.405e-01        0
       7         8   -7.619823e+04   0.000e+00   5.782e+00   6.536e-01        0
       8         9   -7.320814e+04   0.000e+00   2.755e+01   7.781e-01        0
       9        10   -6.915743e+04   0.000e+00   3.530e+00   1.597e-01        0
      10        11   -6.649207e+04   0.000e+00   6.103e+00   5.734e-01        0
      11        12   -6.543058e+04   0.000e+00   6.960e-02   3.374e-01        0
      12        13   -6.396986e+04   0.000e+00   1.548e-02   2.078e-01        0
      13        16   -6.378760e+04   0.000e+00   1.812e+00   1.423e-01        0
      14        17   -6.372124e+04   0.000e+00   1.927e+00   2.638e-01        0
      15        18   -6.331775e+04   0.000e+00   1.752e+00   1.401e-01        0
      16        19   -6.319259e+04   0.000e+00   2.247e-01   3.328e-02        0
      17        20   -6.286784e+04   0.000e+00   1.050e+00   1.434e-01        0
      18        21   -6.269641e+04   0.000e+00   2.682e+00   9.206e-02        0
      19        22   -6.236468e+04   0.000e+00   2.282e+00   2.117e-01        0
      20        23   -6.210844e+04   0.000e+00   9.106e-01   2.141e-01        0
      21        24   -6.189844e+04   0.000e+00   5.556e-01   1.486e-01        0
      22        25   -6.167852e+04   0.000e+00   2.024e+00   1.721e-01        0
      23        26   -6.146644e+04   0.000e+00   2.782e+00   1.649e-01        0
      24        27   -6.118995e+04   0.000e+00   2.777e+00   2.842e-01        0
      25        28   -6.091631e+04   0.000e+00   1.715e+00   2.905e-01        0
      26        29   -6.071093e+04   0.000e+00   4.492e-01   2.694e-01        0
      27        30   -6.058154e+04   0.000e+00   9.248e-01   1.127e-01        0
      28        31   -6.053301e+04   0.000e+00   1.080e+00   2.660e-02        0
      29        32   -6.039242e+04   0.000e+00   1.457e+00   1.160e-01        0
      30        33   -6.025905e+04   0.000e+00   1.387e+00   1.323e-01        0
      31        34   -6.000508e+04   0.000e+00   6.853e-01   3.180e-01        0
      32        35   -5.985941e+04   0.000e+00   1.323e-01   2.661e-01        0
      33        36   -5.979021e+04   0.000e+00   4.553e-01   1.519e-01        0
      34        37   -5.970372e+04   0.000e+00   5.748e-01   1.736e-01        0
      35        38   -5.953006e+04   0.000e+00   6.607e-01   3.463e-01        0
      36        39   -5.916167e+04   0.000e+00   1.455e+00   9.660e-01        0
      37        40   -5.890000e+04   0.000e+00   9.980e-01   2.109e-01        0
      38        41   -5.863948e+04   0.000e+00   1.221e+00   3.494e-01        0
      39        42   -5.846336e+04   0.000e+00   3.980e-01   5.685e-01        0
      40        43   -5.831176e+04   0.000e+00   6.890e-01   2.507e-01        0
      41        44   -5.818016e+04   0.000e+00   4.267e-01   1.400e-01        0
      42        45   -5.809226e+04   0.000e+00   2.422e-02   1.679e-01        0
      43        46   -5.801991e+04   0.000e+00   3.202e-01   1.186e-01        0
      44        47   -5.785286e+04   0.000e+00   7.560e-01   2.413e-01        0
      45        48   -5.765451e+04   0.000e+00   1.230e+00   2.347e-01        0
      46        49   -5.755151e+04   0.000e+00   8.760e-01   1.437e-01        0
      47        50   -5.752215e+04   0.000e+00   1.433e-01   6.980e-02        0
      48        51   -5.750843e+04   0.000e+00   1.317e-01   4.573e-02        0
      49        52   -5.749251e+04   0.000e+00   1.395e-01   4.665e-02        0
      50        53   -5.745841e+04   0.000e+00   3.165e-02   8.263e-02        0
      51        54   -5.739978e+04   0.000e+00   2.871e-01   1.247e-01        0
      52        55   -5.732004e+04   0.000e+00   1.861e-01   1.835e-01        0
      53        56   -5.728045e+04   0.000e+00   3.915e-02   1.071e-01        0
      54        57   -5.727045e+04   0.000e+00   6.446e-02   4.037e-02        0
      55        58   -5.726521e+04   0.000e+00   7.418e-02   2.963e-02        0
      56        59   -5.725856e+04   0.000e+00   1.102e-01   3.345e-02        0
      57        60   -5.724748e+04   0.000e+00   6.801e-02   5.365e-02        0
      58        61   -5.723498e+04   0.000e+00   2.215e-02   5.583e-02        0
      59        62   -5.722630e+04   0.000e+00   7.422e-02   4.653e-02        0
      60        63   -5.722358e+04   0.000e+00   5.907e-02   3.198e-02        0
      61        64   -5.722318e+04   0.000e+00   5.434e-02   9.405e-03        0
      62        65   -5.722289e+04   0.000e+00   2.508e-02   5.383e-03        0
      63        66   -5.722219e+04   0.000e+00   1.502e-02   8.990e-03        0
      64        67   -5.722084e+04   0.000e+00   7.795e-02   1.590e-02        0
      65        68   -5.721884e+04   0.000e+00   1.193e-01   2.789e-02        0
      66        69   -5.721719e+04   0.000e+00   1.050e-01   3.139e-02        0
      67        70   -5.721648e+04   0.000e+00   5.161e-02   1.911e-02        0
      68        71   -5.721619e+04   0.000e+00   2.079e-02   8.062e-03        0
      69        72   -5.721586e+04   0.000e+00   7.483e-03   6.960e-03        0
      70        73   -5.721513e+04   0.000e+00   4.357e-02   1.292e-02        0
      71        74   -5.721384e+04   0.000e+00   7.458e-02   2.356e-02        0
      72        75   -5.721226e+04   0.000e+00   6.820e-02   3.447e-02        0
      73        76   -5.721133e+04   0.000e+00   2.312e-02   2.671e-02        0
      74        77   -5.721112e+04   0.000e+00   1.025e-02   8.438e-03        0
      75        78   -5.721109e+04   0.000e+00   2.031e-02   3.247e-03        0
      76        79   -5.721106e+04   0.000e+00   2.430e-02   2.566e-03        0
      77        80   -5.721100e+04   0.000e+00   2.796e-02   4.084e-03        0
      78        81   -5.721088e+04   0.000e+00   2.725e-02   5.796e-03        0
      79        82   -5.721073e+04   0.000e+00   1.922e-02   8.381e-03        0
      80        83   -5.721062e+04   0.000e+00   5.796e-03   9.037e-03        0
      81        84   -5.721060e+04   0.000e+00   8.073e-04   4.936e-03        0
      82        85   -5.721059e+04   0.000e+00   9.681e-04   1.402e-03        0
      83        86   -5.721059e+04   0.000e+00   3.307e-04   4.323e-04        0
      84        87   -5.721059e+04   0.000e+00   9.045e-04   6.600e-04        0
      85        88   -5.721059e+04   0.000e+00   2.392e-03   8.561e-04        0
      86        89   -5.721058e+04   0.000e+00   3.461e-03   1.326e-03        0
      87        90   -5.721057e+04   0.000e+00   2.658e-03   1.584e-03        0
      88        91   -5.721057e+04   0.000e+00   5.060e-04   1.150e-03        0
      89        92   -5.721057e+04   0.000e+00   7.716e-04   4.316e-04        0
      90        93   -5.721057e+04   0.000e+00   1.170e-03   1.544e-04        0
      91        94   -5.721057e+04   0.000e+00   1.584e-03   1.970e-04        0
      92        95   -5.721057e+04   0.000e+00   2.085e-03   3.501e-04        0
      93        96   -5.721057e+04   0.000e+00   2.436e-03   6.764e-04        0
      94        97   -5.721057e+04   0.000e+00   2.045e-03   1.110e-03        0
      95        98   -5.721056e+04   0.000e+00   6.669e-04   1.168e-03        0
      96        99   -5.721056e+04   0.000e+00   6.287e-04   6.001e-04        0
      97       100   -5.721056e+04   0.000e+00   1.152e-03   2.264e-04        0
      98       101   -5.721056e+04   0.000e+00   1.554e-03   2.250e-04        0
      99       102   -5.721056e+04   0.000e+00   1.877e-03   2.811e-04        0
     100       103   -5.721056e+04   0.000e+00   2.780e-03   9.653e-04        0
     101       104   -5.721056e+04   0.000e+00   3.854e-03   2.199e-03        0
     102       105   -5.721055e+04   0.000e+00   5.430e-03   5.687e-03        0
     103       106   -5.721053e+04   0.000e+00   6.695e-03   1.152e-02        0
     104       107   -5.721051e+04   0.000e+00   6.380e-03   1.652e-02        0
     105       108   -5.721050e+04   0.000e+00   4.086e-03   1.158e-02        0
     106       109   -5.721050e+04   0.000e+00   2.204e-03   1.950e-03        0
     107       110   -5.721050e+04   0.000e+00   1.476e-03   1.211e-03        0
     108       111   -5.721050e+04   0.000e+00   9.082e-04   1.202e-03        0
     109       112   -5.721049e+04   0.000e+00   8.785e-05   1.334e-03        0
     110       113   -5.721049e+04   0.000e+00   1.291e-03   1.409e-03        0
     111       114   -5.721048e+04   0.000e+00   2.335e-03   5.572e-03        0
     112       115   -5.721048e+04   0.000e+00   2.094e-03   8.632e-03        0
     113       116   -5.721047e+04   0.000e+00   1.282e-03   5.442e-03        0
     114       117   -5.721047e+04   0.000e+00   8.291e-04   1.045e-03        0
     115       118   -5.721047e+04   0.000e+00   6.978e-04   1.323e-04        0
     116       119   -5.721047e+04   0.000e+00   4.159e-04   2.273e-04        0
     117       120   -5.721047e+04   0.000e+00   4.959e-05   3.246e-04        0
     118       121   -5.721047e+04   0.000e+00   4.036e-04   6.791e-04        0
     119       122   -5.721047e+04   0.000e+00   5.962e-04   9.789e-04        0
     120       123   -5.721047e+04   0.000e+00   4.133e-04   7.287e-04        0
     121       124   -5.721047e+04   0.000e+00   1.930e-04   2.280e-04        0
     122       125   -5.721047e+04   0.000e+00   1.015e-04   1.226e-04        0
     123       126   -5.721047e+04   0.000e+00   8.394e-06   1.439e-04        0
     124       127   -5.721047e+04   0.000e+00   2.261e-04   2.100e-04        0
     125       128   -5.721047e+04   0.000e+00   5.040e-04   4.246e-04        0
     126       129   -5.721047e+04   0.000e+00   1.040e-03   1.169e-03        0
     127       130   -5.721047e+04   0.000e+00   1.828e-03   3.195e-03        0
     128       131   -5.721046e+04   0.000e+00   3.079e-03   8.270e-03        0
     129       132   -5.721045e+04   0.000e+00   4.720e-03   2.000e-02        0
     130       133   -5.721042e+04   0.000e+00   6.326e-03   4.124e-02        0
     131       134   -5.721039e+04   0.000e+00   6.310e-03   6.086e-02        0
     132       135   -5.721037e+04   0.000e+00   3.941e-03   4.699e-02        0
     133       136   -5.721036e+04   0.000e+00   1.432e-03   9.846e-03        0
     134       137   -5.721035e+04   0.000e+00   2.975e-04   3.581e-03        0
     135       138   -5.721035e+04   0.000e+00   8.340e-04   3.599e-03        0
     136       139   -5.721033e+04   0.000e+00   2.597e-03   2.245e-03        0
     137       140   -5.721030e+04   0.000e+00   5.187e-03   2.325e-02        0
     138       141   -5.721022e+04   0.000e+00   8.656e-03   8.723e-02        0
     139       142   -5.721007e+04   0.000e+00   1.165e-02   2.231e-01        0
     140       143   -5.720985e+04   0.000e+00   1.084e-02   3.901e-01        0
     141       144   -5.720968e+04   0.000e+00   5.826e-03   3.901e-01        0
     142       145   -5.720963e+04   0.000e+00   1.992e-03   1.314e-01        0
     143       146   -5.720963e+04   0.000e+00   1.699e-04   1.102e-02        0
     144       147   -5.720963e+04   0.000e+00   2.075e-05   1.095e-02        0
     145       148   -5.720963e+04   0.000e+00   9.164e-06   5.729e-03        0
     146       150   -5.720963e+04   0.000e+00   1.012e-06   2.865e-03        0
     147       151   -5.720963e+04   0.000e+00   1.364e-05   2.344e-03        0
     148       152   -5.720963e+04   0.000e+00   7.572e-07   2.344e-03        0
     149       153   -5.720963e+04   0.000e+00   3.746e-06   2.057e-03        0
     150       154   -5.720963e+04   0.000e+00   5.277e-06   2.057e-03        0
     151       155   -5.720963e+04   0.000e+00   9.099e-06   8.036e-06        9
     152       156   -5.720963e+04   0.000e+00   1.264e-05   1.393e-03        0
     153       157   -5.720963e+04   0.000e+00   1.933e-06   6.055e-04       22
     154       158   -5.720963e+04   0.000e+00   9.226e-06   4.209e-05        0
     155       159   -5.720963e+04   0.000e+00   5.706e-06   5.070e-05        0
     156       160   -5.720963e+04   0.000e+00   5.155e-06   6.281e-05        0
     157       161   -5.720963e+04   0.000e+00   2.459e-06   4.183e-05        0
     158       163   -5.720963e+04   0.000e+00   9.538e-07   2.037e-05        0
     159       164   -5.720963e+04   0.000e+00   8.479e-07   4.003e-05        0
     160       167   -5.720963e+04   0.000e+00   8.406e-07   3.546e-07        0
     161       168   -5.720963e+04   0.000e+00   1.461e-06   7.093e-07        3
     162       169   -5.720963e+04   0.000e+00   2.016e-06   9.034e-05        0
     163       172   -5.720963e+04   0.000e+00   1.964e-06   3.168e-06        0
     164       177   -5.720963e+04   0.000e+00   1.652e-07   3.032e-07        5
     165       178   -5.720963e+04   0.000e+00   3.834e-07   4.702e-04        0
     166       181   -5.720963e+04   0.000e+00   3.797e-07   4.963e-06        0
     167       186   -5.720963e+04   0.000e+00   8.737e-08   1.242e-07        5
     168       189   -5.720963e+04   0.000e+00   8.844e-08   2.505e-07        0
     169       195   -5.720963e+04   0.000e+00   5.350e-08   5.900e-08       13
     170       200   -5.720963e+04   0.000e+00   1.080e-09   0.000e+00        6

EXIT: Locally optimal solution found.

Final Statistics
----------------
Final objective value               =  -5.72096306464676e+04
Final feasibility error (abs / rel) =   0.00e+00 / 0.00e+00
Final optimality error  (abs / rel) =   1.08e-09 / 1.08e-09
# of iterations                     =        170 
# of CG iterations                  =         63 
# of function evaluations           =        200
# of gradient evaluations           =        170
Total program time (secs)           =    9350.22852 (194577.328 CPU time)
Time spent in evaluations (secs)    =    9336.26562

Solution Vector
---------------
x[       0] =   1.21820850030e+01
x[       1] =   1.21053203926e+01
x[       2] =   1.21315622723e+01
x[       3] =   1.21751124429e+01
x[       4] =   1.22472582178e+01
x[       5] =   1.21108077167e+01
x[       6] =   1.22608838623e+01
x[       7] =  -2.75472937987e+00
x[       8] =  -6.13060876235e+00
x[       9] =  -2.27643566543e+00
x[      10] =  -3.60303970034e-01
x[      11] =   1.00667496786e-02
x[      12] =   8.32856417585e-01
x[      13] =   5.87839380073e-01
x[      14] =   5.71755191702e-01
x[      15] =   9.46428129795e-01
x[      16] =   8.69104129022e-01
x[      17] =   1.11955395535e+00
x[      18] =   1.16840478109e+00
x[      19] =   1.21797914397e+00
x[      20] =   9.15192142185e-01
x[      21] =   9.82468610408e-01
x[      22] =   1.93852169186e-01

===============================================================================

