
Solving from new start point (number 21 of 42) <multistart>.


=======================================
*** NO CHECK MADE FOR LICENSE ***
         Artelys Knitro 12.3.0
=======================================

Knitro presolve eliminated 0 variables and 0 constraints.

algorithm:               4
bar_maxcrossit:          3
datacheck:               0
feastol:                 1e-08
hessopt:                 2
maxtime_cpu:             9.99994e+07
maxtime_real:            9.99997e+07
opttol:                  1e-08
outlev:                  5
outmode:                 2
par_concurrent_evals:    0
The problem is identified as bound constrained only.
Knitro changing act_qpalg from AUTO to 3.
Knitro changing honorbnds from AUTO to -1.
Knitro changing linesearch from AUTO to 2.
Knitro changing linsolver from AUTO to 4.

Problem Characteristics                                 (   Presolved)
-----------------------
Objective goal:  Maximize
Objective type:  general
Number of variables:                                 23 (          23)
    bounded below only:                               0 (           0)
    bounded above only:                               0 (           0)
    bounded below and above:                         23 (          23)
    fixed:                                            0 (           0)
    free:                                             0 (           0)
Number of constraints:                                0 (           0)
    linear equalities:                                0 (           0)
    quadratic equalities:                             0 (           0)
    gen. nonlinear equalities:                        0 (           0)
    linear one-sided inequalities:                    0 (           0)
    quadratic one-sided inequalities:                 0 (           0)
    gen. nonlinear one-sided inequalities:            0 (           0)
    linear two-sided inequalities:                    0 (           0)
    quadratic two-sided inequalities:                 0 (           0)
    gen. nonlinear two-sided inequalities:            0 (           0)
Number of nonzeros in Jacobian:                       0 (           0)
Number of nonzeros in Hessian:                        0 (         276)

Knitro using the Sequential Quadratic Programming (SQP) algorithm.

  Iter     fCount     Objective      FeasError   OptError    ||Step||    CGits 
--------  --------  --------------  ----------  ----------  ----------  -------
       0         1   -7.165411e+04   0.000e+00
       1         3   -7.072256e+04   0.000e+00   1.553e+02   1.117e-01        0
       2         4   -6.745705e+04   0.000e+00   4.953e+01   1.907e-01        0
       3         5   -6.699392e+04   0.000e+00   1.783e+01   4.134e-02        0
       4         6   -6.624948e+04   0.000e+00   2.643e+01   1.518e-01        0
       5         7   -6.517016e+04   0.000e+00   3.468e+01   2.010e-01        0
       6         8   -6.501793e+04   0.000e+00   1.803e+01   2.832e-01        0
       7         9   -6.481054e+04   0.000e+00   4.393e+00   4.955e-02        0
       8        10   -6.452282e+04   0.000e+00   1.013e+01   1.582e-01        0
       9        11   -6.433199e+04   0.000e+00   2.005e+01   2.429e-01        0
      10        13   -6.427609e+04   0.000e+00   7.894e+00   1.866e-01        0
      11        14   -6.417031e+04   0.000e+00   4.592e+00   2.975e-02        0
      12        15   -6.403946e+04   0.000e+00   9.895e+00   8.465e-02        0
      13        16   -6.392975e+04   0.000e+00   3.743e-01   9.359e-02        0
      14        17   -6.351139e+04   0.000e+00   1.832e+01   5.243e-01        0
      15        18   -6.323580e+04   0.000e+00   6.302e+00   1.168e-01        0
      16        22   -6.323495e+04   0.000e+00   6.174e+00   6.130e-04        0
      17        28   -6.323165e+04   0.000e+00   3.307e+00   7.178e-06        2
      18        30   -6.323130e+04   0.000e+00   3.300e+00   3.065e-04        0
      19        31   -6.318530e+04   0.000e+00   6.250e+00   7.948e-01        0
      20        32   -6.294591e+04   0.000e+00   2.605e+00   3.854e-01        0
      21        33   -6.242754e+04   0.000e+00   1.120e+00   1.740e-01        0
      22        38   -6.242107e+04   0.000e+00   4.481e+00   6.229e-03        3
      23        42   -6.242077e+04   0.000e+00   3.361e+00   7.654e-04        0
      24        45   -6.220827e+04   0.000e+00   4.269e+00   5.576e-02        0
      25        56   -6.220769e+04   0.000e+00   8.875e-02   1.363e-06        8
      26        70   -6.220769e+04   0.000e+00   8.861e-02   1.863e-08       10
      27        81   -6.220768e+04   0.000e+00   8.860e-02   2.038e-09        7
      28        94   -6.220761e+04   0.000e+00   8.728e-02   1.772e-07       14
      29        98   -6.220761e+04   0.000e+00   8.728e-02   3.101e-07        0
      30       100   -6.207536e+04   0.000e+00   3.462e-01   3.202e-01        0
      31       111   -6.207162e+04   0.000e+00   3.848e-01   2.552e-03       31
      32       113   -6.206064e+04   0.000e+00   4.779e-01   1.786e-02        0
      33       125   -6.205885e+04   0.000e+00   6.314e-02   2.791e-04       16
      34       126   -6.190082e+04   0.000e+00   8.459e+00   5.473e-01        0
      35       129   -6.189524e+04   0.000e+00   8.057e+00   6.986e-03        0
      36       133   -6.189459e+04   0.000e+00   7.906e+00   2.075e-03        0
      37       143   -6.189316e+04   0.000e+00   7.621e+00   9.261e-07        6
      38       145   -6.189315e+04   0.000e+00   7.621e+00   6.483e-06        0
      39       149   -6.188791e+04   0.000e+00   7.267e+00   5.401e-03        0
      40       157   -6.188633e+04   0.000e+00   6.442e+00   2.239e-06        4
      41       158   -6.171575e+04   0.000e+00   9.241e-01   3.613e-01        0
      42       161   -6.171418e+04   0.000e+00   8.754e-01   6.187e-04        0
      43       188   -6.171418e+04   0.000e+00   2.843e-02   3.886e-12       26
      44       190   -6.171418e+04   0.000e+00   8.754e-01   2.721e-11        0
      45       194   -6.171378e+04   0.000e+00   9.510e-01   2.164e-03        0
      46       195   -6.167089e+04   0.000e+00   1.932e-01   3.982e-01        0
      47       205   -6.165631e+04   0.000e+00   1.464e+00   1.302e-02       45
      48       215   -6.145632e+04   0.000e+00   1.635e+00   2.849e-03       21
      49       239   -6.145632e+04   0.000e+00   1.635e+00   1.048e-11       20
      50       262   -6.145632e+04   0.000e+00   1.635e+00   2.799e-16       19
      51       264   -6.145632e+04   0.000e+00   1.635e+00   1.959e-15        0
      52       273   -6.145632e+04   0.000e+00   1.635e+00   2.449e-16        5

EXIT: Primal feasible solution; terminate because the relative change in
      solution estimate < xtol for 3 consecutive iterations.

Final Statistics
----------------
Final objective value               =  -6.14563187581968e+04
Final feasibility error (abs / rel) =   0.00e+00 / 0.00e+00
Final optimality error  (abs / rel) =   1.63e+00 / 1.00e+00
# of iterations                     =         52 
# of CG iterations                  =        237 
# of function evaluations           =        273
# of gradient evaluations           =         53
Total program time (secs)           =   32308.08008 (675594.000 CPU time)
Time spent in evaluations (secs)    =   31880.83789

Solution Vector
---------------
x[       0] =   7.69748918781e+00
x[       1] =   7.50345262887e+00
x[       2] =   8.69158003591e+00
x[       3] =   7.27959833126e+00
x[       4] =   9.10585165958e+00
x[       5] =   7.81128097980e+00
x[       6] =   9.57313988782e+00
x[       7] =  -1.79825834773e+00
x[       8] =  -4.48376794155e+00
x[       9] =  -4.37616856625e-01
x[      10] =  -2.67838373058e-02
x[      11] =   5.08909979063e-04
x[      12] =   1.75763932425e+00
x[      13] =   1.74763444508e+00
x[      14] =   1.77708900088e+00
x[      15] =   1.37335819434e+00
x[      16] =   8.69294279521e-01
x[      17] =   8.88055582649e-01
x[      18] =   1.01384072678e+00
x[      19] =   7.70637654640e-01
x[      20] =   4.31835649636e-01
x[      21] =   6.46345637827e-01
x[      22] =   3.92789434830e-01

===============================================================================

