
Solving from new start point (number 28 of 42) <multistart>.


=======================================
*** NO CHECK MADE FOR LICENSE ***
         Artelys Knitro 12.3.0
=======================================

Knitro presolve eliminated 0 variables and 0 constraints.

algorithm:               4
bar_maxcrossit:          3
datacheck:               0
feastol:                 1e-08
hessopt:                 2
maxtime_cpu:             9.93714e+07
maxtime_real:            9.99697e+07
opttol:                  1e-08
outlev:                  5
outmode:                 2
par_concurrent_evals:    0
The problem is identified as bound constrained only.
Knitro changing act_qpalg from AUTO to 3.
Knitro changing honorbnds from AUTO to -1.
Knitro changing linesearch from AUTO to 2.
Knitro changing linsolver from AUTO to 4.

Problem Characteristics                                 (   Presolved)
-----------------------
Objective goal:  Maximize
Objective type:  general
Number of variables:                                 23 (          23)
    bounded below only:                               0 (           0)
    bounded above only:                               0 (           0)
    bounded below and above:                         23 (          23)
    fixed:                                            0 (           0)
    free:                                             0 (           0)
Number of constraints:                                0 (           0)
    linear equalities:                                0 (           0)
    quadratic equalities:                             0 (           0)
    gen. nonlinear equalities:                        0 (           0)
    linear one-sided inequalities:                    0 (           0)
    quadratic one-sided inequalities:                 0 (           0)
    gen. nonlinear one-sided inequalities:            0 (           0)
    linear two-sided inequalities:                    0 (           0)
    quadratic two-sided inequalities:                 0 (           0)
    gen. nonlinear two-sided inequalities:            0 (           0)
Number of nonzeros in Jacobian:                       0 (           0)
Number of nonzeros in Hessian:                        0 (         276)

Knitro using the Sequential Quadratic Programming (SQP) algorithm.

  Iter     fCount     Objective      FeasError   OptError    ||Step||    CGits 
--------  --------  --------------  ----------  ----------  ----------  -------
       0         1   -7.455247e+04   0.000e+00
       1         2   -6.940663e+04   0.000e+00   1.539e+02   3.739e-01        0
       2         4   -6.382209e+04   0.000e+00   3.522e+01   3.298e-01        0
       3         5   -6.338678e+04   0.000e+00   2.186e-01   8.520e-02        0
       4         8   -6.332392e+04   0.000e+00   2.839e+01   1.501e-01        0
       5        10   -6.294069e+04   0.000e+00   2.666e+01   4.766e-01        0
       6        12   -6.277599e+04   0.000e+00   4.569e-01   2.564e-01        0
       7        13   -6.275562e+04   0.000e+00   3.107e+01   1.684e-01        0
       8        14   -6.263638e+04   0.000e+00   1.533e+00   2.181e-01        0
       9        15   -6.254275e+04   0.000e+00   1.100e+01   1.453e-01        0
      10        16   -6.243279e+04   0.000e+00   5.393e+00   1.291e-01        0
      11        17   -6.229734e+04   0.000e+00   8.755e+00   1.346e-01        0
      12        18   -6.208095e+04   0.000e+00   2.691e+01   3.697e-01        0
      13        19   -6.191693e+04   0.000e+00   2.564e+01   2.669e-01        0
      14        20   -6.166698e+04   0.000e+00   1.240e+01   2.686e-01        0
      15        21   -6.137323e+04   0.000e+00   8.123e+00   6.504e-01        0
      16        22   -6.128302e+04   0.000e+00   1.360e+01   1.473e-01        0
      17        23   -6.115373e+04   0.000e+00   1.586e+01   2.653e-01        0
      18        24   -6.090507e+04   0.000e+00   1.089e+01   5.069e-01        0
      19        26   -6.082531e+04   0.000e+00   6.605e+00   1.441e-01        0
      20        28   -6.074674e+04   0.000e+00   2.011e+00   1.326e-01        0
      21        29   -6.070709e+04   0.000e+00   5.951e+00   1.307e-01        0
      22        30   -6.069246e+04   0.000e+00   4.407e+00   4.350e-02        0
      23        32   -6.065599e+04   0.000e+00   3.934e+00   6.391e-02        0
      24        34   -6.061777e+04   0.000e+00   1.381e+00   1.134e-01        0
      25        36   -6.060358e+04   0.000e+00   8.673e-02   7.495e-02        0
      26        38   -6.059711e+04   0.000e+00   1.179e+00   5.031e-02        0
      27        41   -6.059412e+04   0.000e+00   1.461e+00   2.199e-02        0
      28        43   -6.058445e+04   0.000e+00   2.465e+00   6.292e-02        0
      29        61   -6.058445e+04   0.000e+00   2.465e+00   7.692e-10       14
      30        68   -6.058445e+04   0.000e+00   2.464e+00   1.346e-09        3
      31        89   -6.058445e+04   0.000e+00   2.464e+00   1.438e-13       17
      32        98   -6.058445e+04   0.000e+00   2.464e+00   6.290e-14        5
      33        99   -6.056945e+04   0.000e+00   6.704e-01   1.276e-01        0
      34       102   -6.056935e+04   0.000e+00   6.841e-01   5.126e-04        0
      35       103   -6.053979e+04   0.000e+00   5.238e+00   1.862e-01        0
      36       106   -6.053811e+04   0.000e+00   5.189e+00   1.213e-02        0
      37       107   -6.052976e+04   0.000e+00   3.602e+00   1.012e-01        0
      38       110   -6.052846e+04   0.000e+00   3.442e+00   4.813e-03        0
      39       111   -6.051548e+04   0.000e+00   1.364e+00   8.784e-02        0
      40       113   -6.050727e+04   0.000e+00   7.016e-01   6.236e-02        0
      41       116   -6.050718e+04   0.000e+00   6.998e-01   6.839e-04        0
      42       117   -6.049543e+04   0.000e+00   9.700e-01   1.552e-01        0
      43       118   -6.049339e+04   0.000e+00   1.153e+00   2.194e-02        0
      44       119   -6.048423e+04   0.000e+00   1.719e+00   9.196e-02        0
      45       121   -6.048034e+04   0.000e+00   1.689e+00   3.788e-02        0
      46       122   -6.047494e+04   0.000e+00   9.795e-01   8.039e-02        0
      47       123   -6.047376e+04   0.000e+00   3.707e-01   2.607e-02        0
      48       124   -6.047272e+04   0.000e+00   3.248e-01   2.780e-02        0
      49       125   -6.047182e+04   0.000e+00   7.160e-01   1.676e-02        0
      50       126   -6.046951e+04   0.000e+00   1.202e+00   3.606e-02        0
      51       128   -6.046720e+04   0.000e+00   1.267e+00   2.464e-02        0
      52       129   -6.046427e+04   0.000e+00   6.159e-01   8.391e-02        0
      53       132   -6.046315e+04   0.000e+00   5.321e-01   9.457e-03        0
      54       134   -6.046077e+04   0.000e+00   1.073e-01   4.514e-02        0
      55       136   -6.045921e+04   0.000e+00   8.153e-01   4.795e-02        0
      56       137   -6.045465e+04   0.000e+00   2.018e+00   1.189e-01        0
      57       138   -6.045079e+04   0.000e+00   2.275e+00   8.974e-02        0
      58       139   -6.044483e+04   0.000e+00   1.719e+00   1.386e-01        0
      59       140   -6.044162e+04   0.000e+00   5.500e-02   5.594e-02        0
      60       146   -6.044161e+04   0.000e+00   4.347e-01   6.406e-05        4
      61       160   -6.044161e+04   0.000e+00   4.346e-01   1.305e-10       10
      62       162   -6.044161e+04   0.000e+00   4.345e-01   9.138e-10        0
      63       163   -6.044103e+04   0.000e+00   9.647e-02   2.589e-02        0
      64       189   -6.044103e+04   0.000e+00   9.586e-02   6.909e-10       50
      65       197   -6.044103e+04   0.000e+00   9.534e-02   6.045e-10        4
      66       226   -6.044103e+04   0.000e+00   9.539e-02   2.522e-16       25
      67       228   -6.044103e+04   0.000e+00   9.539e-02   2.522e-16        0
      68       234   -6.044103e+04   0.000e+00   9.530e-02   2.522e-16        2

EXIT: Primal feasible solution; terminate because the relative change in
      solution estimate < xtol for 3 consecutive iterations.

Final Statistics
----------------
Final objective value               =  -6.04410322546147e+04
Final feasibility error (abs / rel) =   0.00e+00 / 0.00e+00
Final optimality error  (abs / rel) =   9.53e-02 / 9.53e-02
# of iterations                     =         68 
# of CG iterations                  =        134 
# of function evaluations           =        234
# of gradient evaluations           =         69
Total program time (secs)           =   24901.21680 (517182.938 CPU time)
Time spent in evaluations (secs)    =   24716.59375

Solution Vector
---------------
x[       0] =   6.24432287121e+00
x[       1] =   5.92288641907e+00
x[       2] =   6.17251689625e+00
x[       3] =   6.13152579380e+00
x[       4] =   6.24699433550e+00
x[       5] =   6.92792764428e+00
x[       6] =   6.68534824785e+00
x[       7] =  -1.37064110256e+00
x[       8] =  -3.48631683236e+00
x[       9] =  -3.98694626848e-01
x[      10] =  -2.82439083970e-02
x[      11] =   5.41757411203e-04
x[      12] =   1.40277955845e+00
x[      13] =   1.56784650792e+00
x[      14] =   1.34100533126e+00
x[      15] =   1.02872433787e+00
x[      16] =   1.16184622155e+00
x[      17] =   1.18970783260e+00
x[      18] =   1.21831158524e+00
x[      19] =   1.12327645828e+00
x[      20] =   4.37787093610e-01
x[      21] =   9.03230950552e-01
x[      22] =   3.07391935740e-01

===============================================================================

