
Solving from new start point (number 42 of 42) <multistart>.


=======================================
*** NO CHECK MADE FOR LICENSE ***
         Artelys Knitro 12.3.0
=======================================

Knitro presolve eliminated 0 variables and 0 constraints.

algorithm:               4
bar_maxcrossit:          3
datacheck:               0
feastol:                 1e-08
hessopt:                 2
maxtime_cpu:             9.89879e+07
maxtime_real:            9.99514e+07
opttol:                  1e-08
outlev:                  5
outmode:                 2
par_concurrent_evals:    0
The problem is identified as bound constrained only.
Knitro changing act_qpalg from AUTO to 3.
Knitro changing honorbnds from AUTO to -1.
Knitro changing linesearch from AUTO to 2.
Knitro changing linsolver from AUTO to 4.

Problem Characteristics                                 (   Presolved)
-----------------------
Objective goal:  Maximize
Objective type:  general
Number of variables:                                 23 (          23)
    bounded below only:                               0 (           0)
    bounded above only:                               0 (           0)
    bounded below and above:                         23 (          23)
    fixed:                                            0 (           0)
    free:                                             0 (           0)
Number of constraints:                                0 (           0)
    linear equalities:                                0 (           0)
    quadratic equalities:                             0 (           0)
    gen. nonlinear equalities:                        0 (           0)
    linear one-sided inequalities:                    0 (           0)
    quadratic one-sided inequalities:                 0 (           0)
    gen. nonlinear one-sided inequalities:            0 (           0)
    linear two-sided inequalities:                    0 (           0)
    quadratic two-sided inequalities:                 0 (           0)
    gen. nonlinear two-sided inequalities:            0 (           0)
Number of nonzeros in Jacobian:                       0 (           0)
Number of nonzeros in Hessian:                        0 (         276)

Knitro using the Sequential Quadratic Programming (SQP) algorithm.

  Iter     fCount     Objective      FeasError   OptError    ||Step||    CGits 
--------  --------  --------------  ----------  ----------  ----------  -------
       0         1   -8.693444e+04   0.000e+00
       1         2   -7.600879e+04   0.000e+00   4.024e+01   2.656e-01        0
       2         3   -7.156792e+04   0.000e+00   5.278e-02   2.098e-01        0
       3         4   -6.986499e+04   0.000e+00   4.268e+01   2.732e-01        0
       4         5   -6.715147e+04   0.000e+00   2.998e+01   2.145e-01        0
       5         7   -6.567610e+04   0.000e+00   8.021e+00   3.951e-01        0
       6         9   -6.562059e+04   0.000e+00   3.776e+01   2.228e-01        0
       7        10   -6.478112e+04   1.735e-18   6.553e+00   1.261e-01        0
       8        12   -6.454767e+04   0.000e+00   1.738e+00   4.583e-02        0
       9        13   -6.452857e+04   0.000e+00   1.558e-01   1.212e-01        0
      10        16   -6.451903e+04   0.000e+00   6.194e+00   7.082e-03        0
      11        23   -6.450295e+04   0.000e+00   2.066e-02   7.724e-05        5
      12        32   -6.450222e+04   0.000e+00   5.265e-03   1.048e-04       10
      13        33   -6.443216e+04   0.000e+00   5.491e-02   9.484e-02        0
      14        37   -6.443007e+04   0.000e+00   4.807e-02   1.698e-03        0
      15        38   -6.438760e+04   0.000e+00   3.790e-01   2.629e-01        0
      16        39   -6.430322e+04   0.000e+00   3.621e-01   1.083e-01        0
      17        40   -6.409034e+04   0.000e+00   4.358e-01   2.969e-01        0
      18        41   -6.395041e+04   0.000e+00   1.710e-01   2.190e-01        0
      19        42   -6.388532e+04   0.000e+00   5.110e-01   1.137e-01        0
      20        43   -6.384253e+04   0.000e+00   4.521e-01   5.807e-02        0
      21        44   -6.372772e+04   0.000e+00   5.326e-02   1.575e-01        0
      22        45   -6.355914e+04   0.000e+00   3.156e-01   1.539e-01        0
      23        46   -6.335551e+04   0.000e+00   9.882e-01   1.877e-01        0
      24        47   -6.300743e+04   0.000e+00   2.071e+00   1.797e-01        0
      25        60   -6.300732e+04   0.000e+00   2.996e-02   2.769e-07       12
      26        86   -6.300731e+04   0.000e+00   2.997e-02   9.244e-13       22
      27       105   -6.320084e+04   0.000e+00   2.997e-02   3.949e-16       15
      28       106   -6.309183e+04   0.000e+00   6.517e-01   1.259e-01        0
      29       107   -6.302771e+04   0.000e+00   1.769e+00   1.173e-01        0
      30       108   -6.297079e+04   0.000e+00   1.083e+00   5.875e-02        0
      31       109   -6.273173e+04   0.000e+00   5.033e+00   3.541e-01        0
      32       110   -6.242246e+04   0.000e+00   7.166e+00   2.658e-01        0
      33       111   -6.156720e+04   0.000e+00   2.150e+00   1.491e+00        0
      34       112   -6.134107e+04   0.000e+00   5.074e-01   1.737e-01        0
      35       113   -6.121187e+04   0.000e+00   1.343e+00   2.404e-01        0
      36       114   -6.105601e+04   0.000e+00   1.177e-01   4.396e-01        0
      37       115   -6.094402e+04   0.000e+00   1.887e+00   4.465e-01        0
      38       116   -6.090720e+04   0.000e+00   5.867e-01   8.692e-02        0
      39       117   -6.089534e+04   0.000e+00   2.469e-01   3.645e-02        0
      40       118   -6.088117e+04   0.000e+00   2.698e-01   3.964e-02        0
      41       119   -6.082478e+04   0.000e+00   2.237e-01   1.156e-01        0
      42       120   -6.076445e+04   0.000e+00   3.375e-01   1.758e-01        0
      43       121   -6.072711e+04   0.000e+00   1.069e+00   1.244e-01        0
      44       122   -6.071992e+04   0.000e+00   5.994e-01   4.807e-02        0
      45       123   -6.071604e+04   0.000e+00   7.595e-01   1.963e-02        0
      46       124   -6.070617e+04   0.000e+00   5.384e-01   3.754e-02        0
      47       125   -6.068721e+04   0.000e+00   5.076e-01   7.097e-02        0
      48       126   -6.066031e+04   0.000e+00   2.281e-01   1.049e-01        0
      49       127   -6.044565e+04   0.000e+00   2.239e-01   9.377e-02        0
      50       135   -6.044535e+04   0.000e+00   3.033e-03   2.300e-04        9
      51       137   -6.044491e+04   0.000e+00   4.510e-01   1.610e-03        0
      52       143   -6.044425e+04   0.000e+00   1.427e-02   1.084e-03        7
      53       145   -6.044233e+04   0.000e+00   7.031e-01   7.590e-03        0
      54       154   -6.044233e+04   0.000e+00   1.404e-02   7.614e-10        5
      55       167   -6.044233e+04   0.000e+00   1.404e-02   2.082e-11        9
      56       183   -6.044233e+04   0.000e+00   1.404e-02   7.116e-14       12
      57       185   -6.044233e+04   0.000e+00   7.029e-01   4.981e-13        0
      58       202   -6.044233e+04   0.000e+00   1.404e-02   2.432e-16       13

EXIT: Primal feasible solution; terminate because the relative change in
      solution estimate < xtol for 3 consecutive iterations.

Final Statistics
----------------
Final objective value               =  -6.04423302744083e+04
Final feasibility error (abs / rel) =   0.00e+00 / 0.00e+00
Final optimality error  (abs / rel) =   1.40e-02 / 1.40e-02
# of iterations                     =         58 
# of CG iterations                  =        119 
# of function evaluations           =        202
# of gradient evaluations           =         59
Total program time (secs)           =   14138.58594 (239474.406 CPU time)
Time spent in evaluations (secs)    =   14014.57031

Solution Vector
---------------
x[       0] =   7.43661382913e+00
x[       1] =   7.19156451658e+00
x[       2] =   7.40869555918e+00
x[       3] =   7.46553435358e+00
x[       4] =   7.55095721070e+00
x[       5] =   8.97602293356e+00
x[       6] =   7.84729412511e+00
x[       7] =  -1.63511659838e+00
x[       8] =  -3.99949882830e+00
x[       9] =  -4.89816859682e-01
x[      10] =  -2.46949832386e-02
x[      11] =   4.89619364548e-04
x[      12] =   1.40279891032e+00
x[      13] =   1.67062689192e+00
x[      14] =   1.35510554986e+00
x[      15] =   1.15177197892e+00
x[      16] =   1.11283108399e+00
x[      17] =   1.14606424018e+00
x[      18] =   1.16741081370e+00
x[      19] =   1.05267050110e+00
x[      20] =   3.96883073038e-01
x[      21] =   9.15578466986e-01
x[      22] =   3.25121443688e-01

===============================================================================

