
Solving from new start point (number 16 of 42) <multistart>.


=======================================
*** NO CHECK MADE FOR LICENSE ***
         Artelys Knitro 12.3.0
=======================================

Knitro presolve eliminated 0 variables and 0 constraints.

algorithm:               4
bar_maxcrossit:          3
datacheck:               0
feastol:                 1e-08
hessopt:                 2
maxtime_cpu:             9.99994e+07
maxtime_real:            9.99997e+07
opttol:                  1e-08
outlev:                  5
outmode:                 2
par_concurrent_evals:    0
The problem is identified as bound constrained only.
Knitro changing act_qpalg from AUTO to 3.
Knitro changing honorbnds from AUTO to -1.
Knitro changing linesearch from AUTO to 2.
Knitro changing linsolver from AUTO to 4.

Problem Characteristics                                 (   Presolved)
-----------------------
Objective goal:  Maximize
Objective type:  general
Number of variables:                                 23 (          23)
    bounded below only:                               0 (           0)
    bounded above only:                               0 (           0)
    bounded below and above:                         23 (          23)
    fixed:                                            0 (           0)
    free:                                             0 (           0)
Number of constraints:                                0 (           0)
    linear equalities:                                0 (           0)
    quadratic equalities:                             0 (           0)
    gen. nonlinear equalities:                        0 (           0)
    linear one-sided inequalities:                    0 (           0)
    quadratic one-sided inequalities:                 0 (           0)
    gen. nonlinear one-sided inequalities:            0 (           0)
    linear two-sided inequalities:                    0 (           0)
    quadratic two-sided inequalities:                 0 (           0)
    gen. nonlinear two-sided inequalities:            0 (           0)
Number of nonzeros in Jacobian:                       0 (           0)
Number of nonzeros in Hessian:                        0 (         276)

Knitro using the Sequential Quadratic Programming (SQP) algorithm.

  Iter     fCount     Objective      FeasError   OptError    ||Step||    CGits 
--------  --------  --------------  ----------  ----------  ----------  -------
       0         1   -9.445953e+04   0.000e+00
       1         2   -6.960901e+04   0.000e+00   2.092e+01   3.890e-01        0
       2         3   -6.878854e+04   1.735e-18   3.494e+01   4.058e-01        0
       3         4   -6.605778e+04   0.000e+00   1.994e+01   5.318e-02        0
       4         6   -6.563148e+04   0.000e+00   1.199e+01   1.416e-01        0
       5         7   -6.507545e+04   0.000e+00   1.278e-01   7.555e-02        0
       6         8   -6.489263e+04   0.000e+00   8.140e-02   3.824e-02        0
       7         9   -6.453588e+04   0.000e+00   1.438e+00   1.161e-01        0
       8        10   -6.443774e+04   0.000e+00   2.268e+00   5.002e-02        0
       9        12   -6.416224e+04   0.000e+00   2.553e+00   3.841e-02        0
      10        13   -6.396723e+04   0.000e+00   3.766e+00   2.323e-01        0
      11        20   -6.394512e+04   0.000e+00   1.986e+00   1.077e-04        8
      12        52   -6.394512e+04   0.000e+00   1.087e-02   5.615e-12       33
      13        61   -6.393655e+04   0.000e+00   1.011e-02   9.176e-05       14
      14        62   -6.378523e+04   0.000e+00   2.685e-01   1.710e-01        0
      15        63   -6.353167e+04   0.000e+00   7.324e-03   3.253e-01        0
      16        64   -6.349003e+04   0.000e+00   5.229e-03   3.638e-02        0
      17        65   -6.341922e+04   0.000e+00   3.092e-03   5.257e-02        0
      18        66   -6.299631e+04   0.000e+00   7.364e-02   4.973e-02        0
      19        70   -6.299611e+04   0.000e+00   7.353e-02   1.731e-04        0
      20        72   -6.290358e+04   0.000e+00   1.842e-01   6.989e-02        0
      21        80   -6.290310e+04   0.000e+00   6.860e-02   3.053e-04        9
      22        87   -6.290282e+04   0.000e+00   3.044e-03   4.636e-06        5
      23        89   -6.290278e+04   0.000e+00   3.164e-03   3.245e-05        0
      24        90   -6.272394e+04   0.000e+00   9.392e-01   4.139e-01        0
      25        91   -6.238453e+04   0.000e+00   8.769e-01   1.505e-01        0
      26        93   -6.234419e+04   0.000e+00   1.134e-01   2.822e-01        0
      27        95   -6.228232e+04   0.000e+00   1.718e-01   1.035e-01        0
      28        97   -6.227140e+04   0.000e+00   3.003e-01   1.634e-02        0
      29        98   -6.225909e+04   0.000e+00   1.120e-01   1.770e-02        0
      30        99   -6.205208e+04   0.000e+00   1.243e-01   1.708e-02        0
      31       104   -6.204829e+04   0.000e+00   8.324e-01   1.719e-02        2
      32       110   -6.203370e+04   0.000e+00   2.105e-01   2.811e-03        4
      33       151   -6.203415e+04   0.000e+00   1.369e-02   2.867e-16       40
      34       153   -6.203415e+04   0.000e+00   2.039e-01   2.867e-16        0
      35       158   -6.203415e+04   0.000e+00   1.369e-02   5.733e-16        1

EXIT: Primal feasible solution; terminate because the relative change in
      solution estimate < xtol for 3 consecutive iterations.

Final Statistics
----------------
Final objective value               =  -6.20341450524574e+04
Final feasibility error (abs / rel) =   0.00e+00 / 0.00e+00
Final optimality error  (abs / rel) =   1.37e-02 / 1.37e-02
# of iterations                     =         35 
# of CG iterations                  =        116 
# of function evaluations           =        158
# of gradient evaluations           =         36
Total program time (secs)           =   22375.85352 (467859.312 CPU time)
Time spent in evaluations (secs)    =   22049.71094

Solution Vector
---------------
x[       0] =   8.75940533951e+00
x[       1] =   7.70979724036e+00
x[       2] =   8.90927261033e+00
x[       3] =   8.98501172485e+00
x[       4] =   1.11960562144e+01
x[       5] =   1.07555490645e+01
x[       6] =   1.07609444250e+01
x[       7] =  -1.99758383863e+00
x[       8] =  -5.18189212126e+00
x[       9] =  -4.75861991747e-01
x[      10] =  -2.01127611749e-02
x[      11] =   4.07926498284e-04
x[      12] =   1.31716753123e+00
x[      13] =   1.48869066191e+00
x[      14] =   1.23932410382e+00
x[      15] =   1.07379273997e+00
x[      16] =   1.59359120109e+00
x[      17] =   1.28529711674e+00
x[      18] =   1.12823366586e+00
x[      19] =   7.37519476166e-01
x[      20] =   4.52173544796e-01
x[      21] =   7.66048205141e-01
x[      22] =   4.29093523521e-01

===============================================================================

