
Solving from new start point (number 40 of 42) <multistart>.


=======================================
*** NO CHECK MADE FOR LICENSE ***
         Artelys Knitro 12.3.0
=======================================

Knitro presolve eliminated 0 variables and 0 constraints.

algorithm:               4
bar_maxcrossit:          3
datacheck:               0
feastol:                 1e-08
hessopt:                 2
maxtime_cpu:             9.97659e+07
maxtime_real:            9.99886e+07
opttol:                  1e-08
outlev:                  5
outmode:                 2
par_concurrent_evals:    0
The problem is identified as bound constrained only.
Knitro changing act_qpalg from AUTO to 3.
Knitro changing honorbnds from AUTO to -1.
Knitro changing linesearch from AUTO to 2.
Knitro changing linsolver from AUTO to 4.

Problem Characteristics                                 (   Presolved)
-----------------------
Objective goal:  Maximize
Objective type:  general
Number of variables:                                 23 (          23)
    bounded below only:                               0 (           0)
    bounded above only:                               0 (           0)
    bounded below and above:                         23 (          23)
    fixed:                                            0 (           0)
    free:                                             0 (           0)
Number of constraints:                                0 (           0)
    linear equalities:                                0 (           0)
    quadratic equalities:                             0 (           0)
    gen. nonlinear equalities:                        0 (           0)
    linear one-sided inequalities:                    0 (           0)
    quadratic one-sided inequalities:                 0 (           0)
    gen. nonlinear one-sided inequalities:            0 (           0)
    linear two-sided inequalities:                    0 (           0)
    quadratic two-sided inequalities:                 0 (           0)
    gen. nonlinear two-sided inequalities:            0 (           0)
Number of nonzeros in Jacobian:                       0 (           0)
Number of nonzeros in Hessian:                        0 (         276)

Knitro using the Sequential Quadratic Programming (SQP) algorithm.

  Iter     fCount     Objective      FeasError   OptError    ||Step||    CGits 
--------  --------  --------------  ----------  ----------  ----------  -------
       0         1   -4.773745e+05   0.000e+00
       1         2   -4.129098e+05   0.000e+00   1.422e+02   4.714e-01        0
       2         3   -3.748740e+05   0.000e+00   6.064e+00   2.850e-01        0
       3         4   -3.711065e+05   0.000e+00   8.288e+00   1.464e-01        0
       4         5   -3.653657e+05   0.000e+00   1.038e+01   2.383e-01        0
       5         6   -3.603300e+05   0.000e+00   8.618e+00   1.956e-01        0
       6         8   -3.555035e+05   0.000e+00   9.521e+00   2.683e-01        0
       7         9   -3.528748e+05   0.000e+00   2.989e+01   2.711e-01        0
       8        10   -3.490181e+05   0.000e+00   4.164e+00   2.556e-01        0
       9        11   -3.481556e+05   0.000e+00   2.315e+00   9.302e-02        0
      10        12   -3.471730e+05   0.000e+00   1.462e+00   1.098e-01        0
      11        13   -3.457775e+05   0.000e+00   1.758e+00   2.916e-01        0
      12        14   -3.455635e+05   0.000e+00   8.642e-01   3.197e-02        0
      13        15   -3.452448e+05   0.000e+00   1.610e+00   7.296e-02        0
      14        16   -3.446458e+05   0.000e+00   8.868e+00   2.634e-01        0
      15        17   -3.444608e+05   0.000e+00   3.664e+00   1.912e-02        0
      16        18   -3.442626e+05   0.000e+00   2.356e+00   5.650e-02        0
      17        19   -3.440727e+05   0.000e+00   6.113e+00   7.458e-02        0
      18        20   -3.435167e+05   0.000e+00   1.258e+01   2.604e-01        0
      19        21   -3.427380e+05   0.000e+00   1.563e+01   3.884e-01        0
      20        22   -3.419665e+05   0.000e+00   1.159e+01   2.643e-01        0
      21        23   -3.411310e+05   0.000e+00   2.559e+00   6.150e-01        0
      22        24   -3.410797e+05   0.000e+00   1.639e+00   8.591e-02        0
      23        25   -3.410039e+05   0.000e+00   5.077e-01   6.311e-02        0
      24        26   -3.409294e+05   0.000e+00   5.104e-01   5.189e-02        0
      25        27   -3.408988e+05   0.000e+00   6.401e-01   6.851e-02        0
      26        28   -3.408812e+05   0.000e+00   4.312e-01   5.186e-02        0
      27        29   -3.408559e+05   0.000e+00   6.434e-02   5.920e-02        0
      28        30   -3.408269e+05   0.000e+00   2.539e-01   4.835e-02        0
      29        31   -3.408065e+05   0.000e+00   2.978e-01   3.520e-02        0
      30        32   -3.407943e+05   0.000e+00   1.686e-01   3.343e-02        0
      31        33   -3.407785e+05   0.000e+00   3.954e-02   3.659e-02        0
      32        34   -3.407436e+05   0.000e+00   3.899e-01   6.205e-02        0
      33        35   -3.406749e+05   0.000e+00   8.451e-01   1.181e-01        0
      34        36   -3.405739e+05   0.000e+00   1.196e+00   2.075e-01        0
      35        37   -3.404928e+05   0.000e+00   1.071e+00   2.257e-01        0
      36        38   -3.404602e+05   0.000e+00   5.748e-01   1.210e-01        0
      37        39   -3.404516e+05   0.000e+00   2.160e-01   3.537e-02        0
      38        40   -3.404477e+05   0.000e+00   4.441e-02   1.283e-02        0
      39        41   -3.404441e+05   0.000e+00   8.466e-02   1.319e-02        0
      40        42   -3.404425e+05   0.000e+00   9.057e-02   1.607e-02        0
      41        43   -3.404419e+05   0.000e+00   5.310e-02   1.173e-02        0
      42        44   -3.404413e+05   0.000e+00   1.074e-02   9.919e-03        0
      43        45   -3.404398e+05   0.000e+00   6.607e-02   1.795e-02        0
      44        46   -3.404363e+05   0.000e+00   1.877e-01   3.213e-02        0
      45        47   -3.404287e+05   0.000e+00   3.677e-01   6.088e-02        0
      46        48   -3.404151e+05   0.000e+00   5.678e-01   1.018e-01        0
      47        49   -3.403981e+05   0.000e+00   6.731e-01   1.284e-01        0
      48        50   -3.403844e+05   0.000e+00   5.725e-01   9.964e-02        0
      49        51   -3.403747e+05   0.000e+00   3.351e-01   5.389e-02        0
      50        52   -3.403647e+05   0.000e+00   6.415e-02   4.071e-02        0
      51        53   -3.403520e+05   0.000e+00   1.704e-01   5.863e-02        0
      52        54   -3.403420e+05   0.000e+00   1.949e-01   8.277e-02        0
      53        55   -3.403387e+05   0.000e+00   6.631e-02   5.718e-02        0
      54        56   -3.403381e+05   0.000e+00   1.767e-03   1.662e-02        0
      55        57   -3.403379e+05   0.000e+00   2.961e-02   5.362e-03        0
      56        58   -3.403372e+05   0.000e+00   6.896e-02   8.794e-03        0
      57        59   -3.403360e+05   0.000e+00   1.039e-01   1.358e-02        0
      58        60   -3.403335e+05   0.000e+00   1.104e-01   2.406e-02        0
      59        61   -3.403302e+05   0.000e+00   4.798e-02   3.406e-02        0
      60        62   -3.403267e+05   0.000e+00   7.576e-02   3.779e-02        0
      61        63   -3.403232e+05   0.000e+00   2.008e-01   3.545e-02        0
      62        64   -3.403188e+05   0.000e+00   2.981e-01   4.030e-02        0
      63        65   -3.403126e+05   0.000e+00   3.284e-01   5.542e-02        0
      64        66   -3.403064e+05   0.000e+00   2.400e-01   6.437e-02        0
      65        67   -3.403033e+05   0.000e+00   9.020e-02   4.196e-02        0
      66        68   -3.403028e+05   0.000e+00   6.551e-03   1.272e-02        0
      67        69   -3.403027e+05   0.000e+00   7.423e-03   3.106e-03        0
      68        70   -3.403026e+05   0.000e+00   1.255e-02   1.874e-03        0
      69        71   -3.403024e+05   0.000e+00   2.142e-02   3.858e-03        0
      70        72   -3.403020e+05   0.000e+00   3.327e-02   7.515e-03        0
      71        73   -3.403009e+05   0.000e+00   4.921e-02   1.874e-02        0
      72        74   -3.402989e+05   0.000e+00   6.283e-02   4.086e-02        0
      73        75   -3.402959e+05   0.000e+00   5.858e-02   6.606e-02        0
      74        76   -3.402938e+05   0.000e+00   3.063e-02   5.613e-02        0
      75        77   -3.402932e+05   0.000e+00   6.537e-03   1.498e-02        0
      76        78   -3.402931e+05   0.000e+00   8.406e-04   6.065e-03        0
      77        79   -3.402931e+05   0.000e+00   2.402e-03   2.878e-03        0
      78        80   -3.402930e+05   0.000e+00   5.082e-03   5.794e-03        0
      79        81   -3.402929e+05   0.000e+00   8.816e-03   7.675e-03        0
      80        82   -3.402924e+05   0.000e+00   1.495e-02   1.322e-02        0
      81        83   -3.402914e+05   0.000e+00   2.427e-02   2.747e-02        0
      82        84   -3.402888e+05   0.000e+00   3.800e-02   7.161e-02        0
      83        85   -3.402830e+05   0.000e+00   5.511e-02   1.776e-01        0
      84        86   -3.402727e+05   0.000e+00   6.984e-02   3.608e-01        0
      85        87   -3.402608e+05   0.000e+00   6.598e-02   4.892e-01        0
      86        88   -3.402544e+05   0.000e+00   3.063e-02   3.228e-01        0
      87        89   -3.402532e+05   0.000e+00   9.995e-04   5.084e-02        0
      88        90   -3.402530e+05   0.000e+00   7.562e-03   2.878e-02        0
      89        91   -3.402528e+05   0.000e+00   1.189e-02   3.463e-02        0
      90        92   -3.402523e+05   0.000e+00   1.492e-02   4.863e-02        0
      91        93   -3.402509e+05   0.000e+00   1.713e-02   5.206e-02        0
      92        94   -3.402471e+05   0.000e+00   1.906e-02   5.849e-02        0
      93        95   -3.402386e+05   0.000e+00   2.043e-02   1.189e-01        0
      94        96   -3.402187e+05   0.000e+00   1.766e-02   4.878e-01        0
      95        97   -3.401856e+05   0.000e+00   1.136e-02   1.173e+00        0
      96        98   -3.401550e+05   0.000e+00   6.388e-02   1.476e+00        0
      97        99   -3.401423e+05   0.000e+00   2.605e-02   6.283e-01        0
      98       100   -3.401400e+05   0.000e+00   4.623e-03   6.353e-02        0
      99       101   -3.401396e+05   0.000e+00   8.131e-03   1.513e-02        0
     100       102   -3.401383e+05   0.000e+00   3.426e-02   2.964e-02        0
     101       103   -3.401356e+05   0.000e+00   6.997e-02   3.935e-02        0
     102       104   -3.401286e+05   0.000e+00   1.240e-01   1.218e-01        0
     103       105   -3.401141e+05   0.000e+00   1.717e-01   2.407e-01        0
     104       106   -3.400915e+05   0.000e+00   1.682e-01   2.312e-01        0
     105       107   -3.400716e+05   0.000e+00   1.207e-01   3.176e-01        0
     106       108   -3.400656e+05   0.000e+00   3.373e-02   1.618e-01        0
     107       109   -3.400644e+05   0.000e+00   7.928e-03   3.566e-02        0
     108       110   -3.400640e+05   0.000e+00   2.055e-02   1.692e-02        0
     109       111   -3.400633e+05   0.000e+00   2.909e-02   1.676e-02        0
     110       112   -3.400612e+05   0.000e+00   4.317e-02   2.711e-02        0
     111       113   -3.400559e+05   0.000e+00   6.714e-02   6.134e-02        0
     112       114   -3.400405e+05   0.000e+00   1.137e-01   2.042e-01        0
     113       115   -3.399894e+05   0.000e+00   2.106e-01   7.310e-01        0
     114       116   -3.397900e+05   0.000e+00   3.122e-01   1.937e+00        0
     115       117   -3.374964e+05   0.000e+00   5.631e+00   5.604e+00        0
     116       118   -3.296212e+05   0.000e+00   1.663e+01   9.542e+00        0
     117       120   -3.251867e+05   0.000e+00   1.961e+00   9.537e+00        0
     118       123   -3.190430e+05   0.000e+00   6.096e+00   2.312e+00        0
     119       125   -3.144838e+05   0.000e+00   2.725e+00   2.323e+00        0
     120       127   -3.100378e+05   0.000e+00   7.825e+00   4.920e+00        0
     121       129   -3.089904e+05   0.000e+00   1.500e+00   1.493e+00        0
     122       132   -3.083154e+05   0.000e+00   9.811e-01   1.064e+00        0
     123       133   -3.073297e+05   0.000e+00   7.504e+00   1.327e+00        0
     124       134   -3.060520e+05   0.000e+00   3.855e-01   1.887e+00        0
     125       135   -3.055532e+05   0.000e+00   3.514e-01   2.984e+00        0
     126       136   -3.052062e+05   0.000e+00   1.382e+00   1.111e+00        0
     127       137   -3.050852e+05   0.000e+00   2.075e+00   2.282e+00        0
     128       138   -3.049326e+05   0.000e+00   1.778e+00   5.708e-01        0
     129       139   -3.048501e+05   0.000e+00   3.538e+00   8.198e-01        0
     130       140   -3.047094e+05   0.000e+00   1.904e+00   8.701e-01        0
     131       141   -3.046031e+05   0.000e+00   1.429e+00   1.767e+00        0
     132       142   -3.044843e+05   0.000e+00   7.591e-02   3.137e+00        0
     133       143   -3.043840e+05   0.000e+00   8.811e-01   2.014e+00        0
     134       144   -3.042585e+05   0.000e+00   1.397e+00   2.744e+00        0
     135       145   -3.041773e+05   0.000e+00   1.069e+00   2.691e+00        0
     136       146   -3.040946e+05   0.000e+00   9.849e-01   3.438e+00        0
     137       147   -3.040140e+05   0.000e+00   7.098e-01   3.048e+00        0
     138       149   -3.039463e+05   0.000e+00   2.001e+00   3.150e-01        0
     139       150   -3.038768e+05   0.000e+00   9.093e-01   1.646e-01        0
     140       151   -3.038436e+05   0.000e+00   2.070e-01   1.092e-01        0
     141       152   -3.038124e+05   0.000e+00   7.795e-01   1.407e-01        0
     142       153   -3.037771e+05   0.000e+00   1.015e+00   2.005e-01        0
     143       154   -3.037514e+05   0.000e+00   6.737e-01   1.369e-01        0
     144       155   -3.037351e+05   0.000e+00   1.072e-01   9.386e-02        0
     145       156   -3.037313e+05   0.000e+00   8.629e-02   3.277e-02        0
     146       157   -3.037306e+05   0.000e+00   1.254e-01   1.265e-02        0
     147       158   -3.037302e+05   0.000e+00   1.238e-02   1.299e-02        0
     148       159   -3.037297e+05   0.000e+00   2.910e-03   1.722e-02        0
     149       160   -3.037292e+05   0.000e+00   2.848e-02   1.474e-02        0
     150       161   -3.037288e+05   0.000e+00   1.465e-02   1.112e-02        0
     151       162   -3.037285e+05   0.000e+00   6.770e-03   1.122e-02        0
     152       163   -3.037284e+05   0.000e+00   2.049e-03   7.398e-03        0
     153       164   -3.037283e+05   0.000e+00   5.704e-04   2.347e-03        0
     154       165   -3.037283e+05   0.000e+00   9.211e-04   1.201e-03        0
     155       166   -3.037283e+05   0.000e+00   1.992e-03   1.467e-03        0
     156       167   -3.037283e+05   0.000e+00   1.377e-03   7.947e-04        0
     157       168   -3.037283e+05   0.000e+00   6.051e-04   2.082e-04        0
     158       169   -3.037283e+05   0.000e+00   6.275e-05   2.230e-04        0
     159       170   -3.037283e+05   0.000e+00   7.659e-05   2.109e-04        0
     160       171   -3.037283e+05   0.000e+00   8.260e-05   1.200e-04        0
     161       172   -3.037283e+05   0.000e+00   5.976e-06   1.142e-04        0
     162       173   -3.037283e+05   0.000e+00   1.074e-04   1.059e-04        0
     163       174   -3.037283e+05   0.000e+00   5.946e-05   7.792e-05        0
     164       175   -3.037283e+05   0.000e+00   6.797e-06   5.845e-10        1
     165       176   -3.037283e+05   0.000e+00   3.339e-07   2.589e-04        0
     166       177   -3.037283e+05   0.000e+00   6.631e-07   6.944e-05        0
     167       178   -3.037283e+05   0.000e+00   2.263e-07   2.081e-05        0
     168       179   -3.037283e+05   0.000e+00   2.295e-08   5.406e-06        0
     169       180   -3.037283e+05   0.000e+00   1.324e-08   4.858e-06        0
     170       181   -3.037283e+05   0.000e+00   7.767e-09   1.011e-06        0

EXIT: Locally optimal solution found.

Final Statistics
----------------
Final objective value               =  -3.03728331979520e+05
Final feasibility error (abs / rel) =   0.00e+00 / 0.00e+00
Final optimality error  (abs / rel) =   7.77e-09 / 7.77e-09
# of iterations                     =        170 
# of CG iterations                  =          1 
# of function evaluations           =        181
# of gradient evaluations           =        171
Total program time (secs)           =    6458.58643 ( 98169.250 CPU time)
Time spent in evaluations (secs)    =    6394.70605

Solution Vector
---------------
x[       0] =   2.19126754209e+01
x[       1] =   2.13247010249e+01
x[       2] =   2.16050115031e+01
x[       3] =   2.22164247882e+01
x[       4] =   2.21519709285e+01
x[       5] =   2.11777224093e+01
x[       6] =   2.22245483825e+01
x[       7] =  -8.82473402524e+00
x[       8] =  -1.77176205155e+01
x[       9] =  -2.73406032019e+00
x[      10] =  -1.50778335297e-02
x[      11] =   1.61408806304e-03
x[      12] =   1.01894373758e+00
x[      13] =   6.14281805421e-01
x[      14] =   4.81543927764e-01
x[      15] =   2.77027269984e-01
x[      16] =   8.95169037904e-01
x[      17] =   8.76490538050e-01
x[      18] =   8.90308492583e-01
x[      19] =   9.16871394123e-01
x[      20] =   7.68624388256e-01
x[      21] =   8.25488958341e-01
x[      22] =   2.59635398782e-01

===============================================================================

