
Solving from new start point (number 26 of 42) <multistart>.


=======================================
*** NO CHECK MADE FOR LICENSE ***
         Artelys Knitro 12.3.0
=======================================

Knitro presolve eliminated 0 variables and 0 constraints.

algorithm:               4
bar_maxcrossit:          3
datacheck:               0
feastol:                 1e-08
hessopt:                 2
maxtime_cpu:             9.98537e+07
maxtime_real:            9.99928e+07
opttol:                  1e-08
outlev:                  5
outmode:                 2
par_concurrent_evals:    0
The problem is identified as bound constrained only.
Knitro changing act_qpalg from AUTO to 3.
Knitro changing honorbnds from AUTO to -1.
Knitro changing linesearch from AUTO to 2.
Knitro changing linsolver from AUTO to 4.

Problem Characteristics                                 (   Presolved)
-----------------------
Objective goal:  Maximize
Objective type:  general
Number of variables:                                 23 (          23)
    bounded below only:                               0 (           0)
    bounded above only:                               0 (           0)
    bounded below and above:                         23 (          23)
    fixed:                                            0 (           0)
    free:                                             0 (           0)
Number of constraints:                                0 (           0)
    linear equalities:                                0 (           0)
    quadratic equalities:                             0 (           0)
    gen. nonlinear equalities:                        0 (           0)
    linear one-sided inequalities:                    0 (           0)
    quadratic one-sided inequalities:                 0 (           0)
    gen. nonlinear one-sided inequalities:            0 (           0)
    linear two-sided inequalities:                    0 (           0)
    quadratic two-sided inequalities:                 0 (           0)
    gen. nonlinear two-sided inequalities:            0 (           0)
Number of nonzeros in Jacobian:                       0 (           0)
Number of nonzeros in Hessian:                        0 (         276)

Knitro using the Sequential Quadratic Programming (SQP) algorithm.

  Iter     fCount     Objective      FeasError   OptError    ||Step||    CGits 
--------  --------  --------------  ----------  ----------  ----------  -------
       0         1   -4.167579e+05   0.000e+00
       1         3   -3.787573e+05   0.000e+00   4.652e+02   6.318e-01        0
       2         4   -3.619780e+05   0.000e+00   4.692e+01   8.186e-01        0
       3         5   -3.558682e+05   0.000e+00   2.152e+02   1.112e+00        0
       4         6   -3.515566e+05   0.000e+00   1.908e+01   8.643e-01        0
       5         7   -3.462646e+05   0.000e+00   1.168e+02   6.306e-01        0
       6         9   -3.427095e+05   0.000e+00   8.709e+01   5.769e-01        0
       7        10   -3.391487e+05   0.000e+00   2.036e+01   4.304e-01        0
       8        11   -3.372424e+05   0.000e+00   4.575e+01   3.739e-01        0
       9        12   -3.356456e+05   0.000e+00   1.737e+01   4.690e-01        0
      10        13   -3.347834e+05   0.000e+00   4.268e+00   8.412e-01        0
      11        14   -3.331730e+05   0.000e+00   1.234e+01   1.784e-01        0
      12        15   -3.315284e+05   0.000e+00   1.369e+01   4.224e-01        0
      13        16   -3.300356e+05   0.000e+00   3.841e+00   6.032e-01        0
      14        17   -3.285234e+05   0.000e+00   1.862e+01   8.656e-01        0
      15        18   -3.270837e+05   0.000e+00   1.281e+01   6.028e-01        0
      16        19   -3.238121e+05   0.000e+00   1.488e+01   1.317e+00        0
      17        20   -3.207993e+05   0.000e+00   3.412e+01   1.605e+00        0
      18        21   -3.185402e+05   0.000e+00   4.159e+01   1.614e+00        0
      19        22   -3.175357e+05   0.000e+00   1.136e+01   1.124e+00        0
      20        23   -3.171709e+05   0.000e+00   3.383e+01   1.942e-01        0
      21        25   -3.169521e+05   0.000e+00   5.775e+00   3.788e-01        0
      22        27   -3.168029e+05   0.000e+00   1.511e+01   1.961e-01        0
      23        29   -3.165719e+05   0.000e+00   3.277e+01   1.779e-01        0
      24        30   -3.162706e+05   0.000e+00   1.870e+01   9.520e-02        0
      25        31   -3.151936e+05   0.000e+00   8.605e+00   5.364e-01        0
      26        32   -3.140714e+05   0.000e+00   1.168e+01   6.729e-01        0
      27        33   -3.127276e+05   0.000e+00   5.697e+00   1.356e+00        0
      28        34   -3.116517e+05   0.000e+00   1.097e+00   5.659e-01        0
      29        35   -3.104070e+05   0.000e+00   1.135e+01   1.206e+00        0
      30        36   -3.101764e+05   0.000e+00   1.207e+01   2.562e-01        0
      31        37   -3.097954e+05   0.000e+00   1.981e+00   5.380e-01        0
      32        38   -3.091589e+05   0.000e+00   8.260e+00   2.701e-01        0
      33        39   -3.085359e+05   0.000e+00   1.167e+00   4.296e-01        0
      34        40   -3.079992e+05   0.000e+00   1.795e+01   4.866e-01        0
      35        41   -3.075001e+05   0.000e+00   2.192e+01   2.772e-01        0
      36        42   -3.069798e+05   0.000e+00   2.648e+01   6.193e-01        0
      37        43   -3.068204e+05   0.000e+00   3.480e+00   1.159e-01        0
      38        44   -3.067232e+05   0.000e+00   9.495e-01   1.149e-01        0
      39        45   -3.066116e+05   0.000e+00   7.553e+00   2.127e-01        0
      40        46   -3.065356e+05   0.000e+00   8.716e+00   1.486e-01        0
      41        47   -3.063850e+05   0.000e+00   8.458e+00   2.930e-01        0
      42        48   -3.062205e+05   0.000e+00   6.001e+00   3.717e-01        0
      43        49   -3.059369e+05   0.000e+00   1.636e+00   7.649e-01        0
      44        51   -3.058833e+05   0.000e+00   9.739e+00   1.083e+00        0
      45        52   -3.056284e+05   0.000e+00   3.383e+00   5.483e-01        0
      46        53   -3.055018e+05   0.000e+00   4.722e+00   1.763e-01        0
      47        54   -3.052943e+05   0.000e+00   3.122e+00   5.827e-01        0
      48        55   -3.051337e+05   0.000e+00   2.349e+00   2.514e-01        0
      49        56   -3.049867e+05   0.000e+00   1.266e+00   1.790e-01        0
      50        57   -3.048085e+05   0.000e+00   8.455e+00   3.214e-01        0
      51        58   -3.046851e+05   0.000e+00   9.322e+00   1.817e-01        0
      52        59   -3.044969e+05   0.000e+00   8.911e+00   3.091e-01        0
      53        60   -3.044320e+05   0.000e+00   4.849e+00   1.531e-01        0
      54        61   -3.044136e+05   0.000e+00   1.545e+00   6.440e-02        0
      55        62   -3.044080e+05   0.000e+00   8.283e-02   3.630e-02        0
      56        63   -3.044049e+05   0.000e+00   5.549e-02   1.637e-02        0
      57        64   -3.044034e+05   0.000e+00   2.623e-01   1.486e-02        0
      58        65   -3.044020e+05   0.000e+00   4.806e-01   1.711e-02        0
      59        66   -3.044006e+05   0.000e+00   8.298e-01   1.827e-02        0
      60        67   -3.043980e+05   0.000e+00   1.401e+00   3.214e-02        0
      61        68   -3.043939e+05   0.000e+00   2.167e+00   5.418e-02        0
      62        69   -3.043879e+05   0.000e+00   2.752e+00   8.290e-02        0
      63        70   -3.043816e+05   0.000e+00   2.393e+00   1.041e-01        0
      64        71   -3.043765e+05   0.000e+00   1.206e+00   9.261e-02        0
      65        72   -3.043741e+05   0.000e+00   2.713e-01   4.036e-02        0
      66        73   -3.043733e+05   0.000e+00   1.632e-01   1.242e-02        0
      67        74   -3.043725e+05   0.000e+00   4.779e-01   1.389e-02        0
      68        75   -3.043709e+05   0.000e+00   9.077e-01   3.195e-02        0
      69        76   -3.043682e+05   0.000e+00   1.367e+00   6.517e-02        0
      70        77   -3.043643e+05   0.000e+00   1.557e+00   1.056e-01        0
      71        78   -3.043611e+05   0.000e+00   1.082e+00   9.381e-02        0
      72        79   -3.043598e+05   0.000e+00   3.757e-01   2.809e-02        0
      73        80   -3.043595e+05   0.000e+00   7.377e-02   8.669e-03        0
      74        81   -3.043593e+05   0.000e+00   7.823e-02   5.540e-03        0
      75        82   -3.043589e+05   0.000e+00   3.292e-01   9.426e-03        0
      76        83   -3.043581e+05   0.000e+00   6.420e-01   2.203e-02        0
      77        84   -3.043565e+05   0.000e+00   9.576e-01   5.427e-02        0
      78        85   -3.043543e+05   0.000e+00   1.108e+00   6.542e-02        0
      79        86   -3.043509e+05   0.000e+00   1.089e+00   8.178e-02        0
      80        87   -3.043439e+05   0.000e+00   6.412e-01   2.109e-01        0
      81        88   -3.043354e+05   0.000e+00   1.288e-02   3.147e-01        0
      82        89   -3.043241e+05   0.000e+00   9.515e-01   4.733e-01        0
      83        90   -3.043147e+05   0.000e+00   1.481e+00   3.862e-01        0
      84        91   -3.043070e+05   0.000e+00   1.281e+00   2.628e-01        0
      85        92   -3.042998e+05   0.000e+00   6.890e-01   1.908e-01        0
      86        93   -3.042881e+05   0.000e+00   2.882e-01   3.047e-01        0
      87        94   -3.042637e+05   0.000e+00   1.557e+00   6.777e-01        0
      88        95   -3.042101e+05   0.000e+00   5.346e+00   1.693e+00        0
      89        96   -3.041166e+05   0.000e+00   1.460e+01   4.654e+00        0
      90        97   -3.040062e+05   0.000e+00   1.843e+01   6.716e+00        0
      91        98   -3.038607e+05   0.000e+00   8.833e-01   2.942e+00        0
      92        99   -3.038153e+05   0.000e+00   8.072e+00   1.943e-01        0
      93       100   -3.037847e+05   0.000e+00   4.803e+00   7.265e-02        0
      94       101   -3.037526e+05   0.000e+00   1.507e-01   1.411e-01        0
      95       102   -3.037390e+05   0.000e+00   1.644e+00   7.026e-02        0
      96       103   -3.037294e+05   0.000e+00   9.440e-01   7.862e-02        0
      97       104   -3.037285e+05   0.000e+00   1.758e-01   1.346e-02        0
      98       105   -3.037284e+05   0.000e+00   2.155e-02   8.817e-03        0
      99       106   -3.037283e+05   0.000e+00   2.896e-02   5.247e-03        0
     100       107   -3.037283e+05   0.000e+00   1.112e-02   1.584e-03        0
     101       108   -3.037283e+05   0.000e+00   6.325e-03   8.164e-04        0
     102       109   -3.037283e+05   0.000e+00   1.595e-03   2.323e-04        0
     103       110   -3.037283e+05   0.000e+00   2.323e-04   4.771e-05        0
     104       111   -3.037283e+05   0.000e+00   4.041e-04   3.000e-05        0
     105       112   -3.037283e+05   0.000e+00   4.413e-07   4.936e-10        1
     106       113   -3.037283e+05   0.000e+00   7.071e-07   2.593e-05        0
     107       114   -3.037283e+05   0.000e+00   1.197e-05   7.817e-06        0
     108       115   -3.037283e+05   0.000e+00   1.850e-06   7.328e-06        0
     109       116   -3.037283e+05   0.000e+00   1.348e-06   4.806e-06        0
     110       117   -3.037283e+05   0.000e+00   3.941e-07   4.351e-06        0
     111       118   -3.037283e+05   0.000e+00   8.250e-07   3.816e-06        0
     112       119   -3.037283e+05   0.000e+00   2.295e-07   7.722e-06        0
     113       120   -3.037283e+05   0.000e+00   2.998e-08   1.535e-07        0
     114       121   -3.037283e+05   0.000e+00   2.220e-09   1.514e-07        0

EXIT: Locally optimal solution found.

Final Statistics
----------------
Final objective value               =  -3.03728331979520e+05
Final feasibility error (abs / rel) =   0.00e+00 / 0.00e+00
Final optimality error  (abs / rel) =   2.22e-09 / 2.22e-09
# of iterations                     =        114 
# of CG iterations                  =          1 
# of function evaluations           =        121
# of gradient evaluations           =        115
Total program time (secs)           =    7422.80811 (150896.969 CPU time)
Time spent in evaluations (secs)    =    7355.89990

Solution Vector
---------------
x[       0] =   2.19126747522e+01
x[       1] =   2.13247004880e+01
x[       2] =   2.16050112186e+01
x[       3] =   2.22164241772e+01
x[       4] =   2.21519700856e+01
x[       5] =   2.11777224093e+01
x[       6] =   2.22245475983e+01
x[       7] =  -8.82473382333e+00
x[       8] =  -1.77176200506e+01
x[       9] =  -2.73406000701e+00
x[      10] =  -1.50778335297e-02
x[      11] =   1.61408785286e-03
x[      12] =   1.01894387231e+00
x[      13] =   6.14281916469e-01
x[      14] =   4.81544019318e-01
x[      15] =   2.77027312137e-01
x[      16] =   8.95168923520e-01
x[      17] =   8.76490400177e-01
x[      18] =   8.90308352332e-01
x[      19] =   9.16871251270e-01
x[      20] =   7.68624263067e-01
x[      21] =   8.25488857180e-01
x[      22] =   2.59635393399e-01

===============================================================================

