
Solving from new start point (number 21 of 42) <multistart>.


=======================================
*** NO CHECK MADE FOR LICENSE ***
         Artelys Knitro 12.3.0
=======================================

Knitro presolve eliminated 0 variables and 0 constraints.

algorithm:               4
bar_maxcrossit:          3
datacheck:               0
feastol:                 1e-08
hessopt:                 2
maxtime_cpu:             9.99996e+07
maxtime_real:            9.99998e+07
opttol:                  1e-08
outlev:                  5
outmode:                 2
par_concurrent_evals:    0
The problem is identified as bound constrained only.
Knitro changing act_qpalg from AUTO to 3.
Knitro changing honorbnds from AUTO to -1.
Knitro changing linesearch from AUTO to 2.
Knitro changing linsolver from AUTO to 4.

Problem Characteristics                                 (   Presolved)
-----------------------
Objective goal:  Maximize
Objective type:  general
Number of variables:                                 23 (          23)
    bounded below only:                               0 (           0)
    bounded above only:                               0 (           0)
    bounded below and above:                         23 (          23)
    fixed:                                            0 (           0)
    free:                                             0 (           0)
Number of constraints:                                0 (           0)
    linear equalities:                                0 (           0)
    quadratic equalities:                             0 (           0)
    gen. nonlinear equalities:                        0 (           0)
    linear one-sided inequalities:                    0 (           0)
    quadratic one-sided inequalities:                 0 (           0)
    gen. nonlinear one-sided inequalities:            0 (           0)
    linear two-sided inequalities:                    0 (           0)
    quadratic two-sided inequalities:                 0 (           0)
    gen. nonlinear two-sided inequalities:            0 (           0)
Number of nonzeros in Jacobian:                       0 (           0)
Number of nonzeros in Hessian:                        0 (         276)

Knitro using the Sequential Quadratic Programming (SQP) algorithm.

  Iter     fCount     Objective      FeasError   OptError    ||Step||    CGits 
--------  --------  --------------  ----------  ----------  ----------  -------
       0         1   -3.877171e+05   0.000e+00
       1         2   -3.727916e+05   0.000e+00   1.583e+01   1.494e-01        0
       2         3   -3.658267e+05   0.000e+00   1.129e+01   1.078e-01        0
       3         4   -3.650406e+05   0.000e+00   4.087e+01   3.206e-01        0
       4         5   -3.600054e+05   0.000e+00   7.088e+00   1.395e-01        0
       5         6   -3.576279e+05   0.000e+00   4.770e+00   1.045e-01        0
       6         8   -3.552805e+05   0.000e+00   1.087e+01   2.093e-01        0
       7         9   -3.519665e+05   0.000e+00   1.567e+01   2.557e-01        0
       8        10   -3.478900e+05   0.000e+00   4.151e-01   6.744e-01        0
       9        11   -3.470618e+05   0.000e+00   4.178e+00   9.804e-02        0
      10        12   -3.464764e+05   0.000e+00   9.871e-01   4.746e-02        0
      11        13   -3.450559e+05   0.000e+00   3.593e+00   2.223e-01        0
      12        14   -3.441963e+05   0.000e+00   3.597e+00   2.218e-01        0
      13        15   -3.438995e+05   0.000e+00   6.469e-01   1.534e-01        0
      14        16   -3.437276e+05   0.000e+00   4.813e-01   9.696e-02        0
      15        17   -3.431893e+05   0.000e+00   2.429e+00   2.864e-01        0
      16        18   -3.424423e+05   0.000e+00   3.143e+00   3.668e-01        0
      17        19   -3.415294e+05   0.000e+00   3.394e+00   3.133e-01        0
      18        20   -3.403231e+05   0.000e+00   2.247e+00   4.265e-01        0
      19        21   -3.394377e+05   0.000e+00   8.449e-01   2.020e-01        0
      20        22   -3.380312e+05   0.000e+00   1.621e+00   4.151e-01        0
      21        23   -3.368762e+05   0.000e+00   2.179e+00   2.958e-01        0
      22        24   -3.339415e+05   0.000e+00   3.365e+00   8.254e-01        0
      23        25   -3.326994e+05   0.000e+00   2.474e+00   2.844e-01        0
      24        26   -3.316451e+05   0.000e+00   6.222e+00   1.149e+00        0
      25        27   -3.253363e+05   0.000e+00   2.103e+01   1.304e+00        0
      26        28   -3.225243e+05   0.000e+00   8.160e+00   8.408e-01        0
      27        29   -3.184341e+05   0.000e+00   2.801e+00   2.566e+00        0
      28        31   -3.158440e+05   0.000e+00   3.118e+00   7.388e-01        0
      29        32   -3.148927e+05   0.000e+00   8.409e-01   1.934e-01        0
      30        33   -3.144784e+05   0.000e+00   9.523e-01   1.312e-01        0
      31        34   -3.141842e+05   0.000e+00   1.180e-01   1.077e-01        0
      32        35   -3.137809e+05   0.000e+00   1.261e+00   1.288e-01        0
      33        36   -3.133034e+05   0.000e+00   1.863e+00   1.896e-01        0
      34        37   -3.129964e+05   0.000e+00   8.919e-01   1.646e-01        0
      35        38   -3.126603e+05   0.000e+00   5.768e-01   1.971e-01        0
      36        39   -3.120666e+05   0.000e+00   2.039e+00   3.347e-01        0
      37        40   -3.109671e+05   0.000e+00   3.013e+00   6.052e-01        0
      38        41   -3.095445e+05   0.000e+00   1.992e+00   9.782e-01        0
      39        42   -3.085107e+05   0.000e+00   1.315e+00   4.302e-01        0
      40        43   -3.075546e+05   0.000e+00   3.398e-01   4.550e-01        0
      41        44   -3.073460e+05   0.000e+00   2.167e+00   2.168e-01        0
      42        45   -3.072345e+05   0.000e+00   1.359e+00   1.516e-01        0
      43        46   -3.070614e+05   0.000e+00   3.747e-01   1.305e-01        0
      44        47   -3.069542e+05   0.000e+00   1.979e-01   5.042e-02        0
      45        48   -3.067891e+05   0.000e+00   1.358e+00   2.072e-01        0
      46        49   -3.067006e+05   0.000e+00   5.866e-01   1.744e-01        0
      47        50   -3.066768e+05   0.000e+00   5.389e-01   3.211e-02        0
      48        51   -3.066471e+05   0.000e+00   1.655e-01   5.841e-02        0
      49        52   -3.066313e+05   0.000e+00   2.731e-01   6.240e-02        0
      50        53   -3.066157e+05   0.000e+00   3.277e-01   4.722e-02        0
      51        54   -3.065968e+05   0.000e+00   6.073e-02   3.847e-02        0
      52        55   -3.065462e+05   0.000e+00   4.107e-01   1.038e-01        0
      53        56   -3.065136e+05   0.000e+00   5.995e-01   6.355e-02        0
      54        57   -3.064815e+05   0.000e+00   3.819e-01   7.240e-02        0
      55        58   -3.064649e+05   0.000e+00   2.246e-01   3.861e-02        0
      56        59   -3.064427e+05   0.000e+00   8.979e-02   4.478e-02        0
      57        60   -3.064035e+05   0.000e+00   3.256e-01   7.954e-02        0
      58        61   -3.063288e+05   0.000e+00   8.033e-01   1.768e-01        0
      59        62   -3.061954e+05   0.000e+00   1.374e+00   3.541e-01        0
      60        63   -3.060292e+05   0.000e+00   1.690e+00   6.326e-01        0
      61        64   -3.059665e+05   0.000e+00   6.523e-01   1.895e-01        0
      62        65   -3.059246e+05   0.000e+00   6.979e-01   5.374e-02        0
      63        66   -3.058749e+05   0.000e+00   1.097e+00   1.221e-01        0
      64        67   -3.057364e+05   0.000e+00   1.125e+00   1.977e-01        0
      65        68   -3.055811e+05   0.000e+00   6.565e-01   1.930e-01        0
      66        69   -3.054330e+05   0.000e+00   2.508e-01   1.705e-01        0
      67        70   -3.053399e+05   0.000e+00   9.044e-01   1.382e-01        0
      68        71   -3.052780e+05   0.000e+00   9.751e-01   1.755e-01        0
      69        72   -3.051966e+05   0.000e+00   6.402e-01   9.675e-02        0
      70        73   -3.050007e+05   0.000e+00   2.740e-01   1.824e-01        0
      71        74   -3.047743e+05   0.000e+00   1.017e+00   2.091e-01        0
      72        75   -3.045845e+05   0.000e+00   9.430e-01   2.310e-01        0
      73        76   -3.045395e+05   0.000e+00   4.193e-01   1.151e-01        0
      74        77   -3.045227e+05   0.000e+00   5.759e-02   3.987e-02        0
      75        78   -3.045080e+05   0.000e+00   3.395e-01   8.147e-02        0
      76        79   -3.044795e+05   0.000e+00   4.180e-01   3.879e-02        0
      77        80   -3.044517e+05   0.000e+00   4.350e-01   5.331e-02        0
      78        81   -3.044142e+05   0.000e+00   1.879e-01   6.259e-02        0
      79        82   -3.043851e+05   0.000e+00   5.445e-02   5.699e-02        0
      80        83   -3.043674e+05   0.000e+00   1.146e-01   5.695e-02        0
      81        84   -3.043559e+05   0.000e+00   9.916e-02   4.476e-02        0
      82        85   -3.043396e+05   0.000e+00   7.846e-02   5.536e-02        0
      83        86   -3.043100e+05   0.000e+00   7.671e-02   8.129e-02        0
      84        87   -3.042664e+05   0.000e+00   1.169e-01   1.049e-01        0
      85        88   -3.042231e+05   0.000e+00   1.899e-01   1.109e-01        0
      86        89   -3.041993e+05   0.000e+00   1.883e-01   8.361e-02        0
      87        90   -3.041889e+05   0.000e+00   1.169e-01   4.720e-02        0
      88        91   -3.041849e+05   0.000e+00   3.604e-02   2.266e-02        0
      89        92   -3.041839e+05   0.000e+00   5.359e-03   9.953e-03        0
      90        93   -3.041836e+05   0.000e+00   1.689e-02   7.684e-03        0
      91        94   -3.041835e+05   0.000e+00   1.227e-02   3.409e-03        0
      92        95   -3.041833e+05   0.000e+00   2.462e-03   5.088e-03        0
      93        96   -3.041829e+05   0.000e+00   3.184e-02   8.162e-03        0
      94        97   -3.041820e+05   0.000e+00   8.009e-02   1.537e-02        0
      95        98   -3.041803e+05   0.000e+00   1.398e-01   2.841e-02        0
      96        99   -3.041780e+05   0.000e+00   1.668e-01   3.977e-02        0
      97       100   -3.041762e+05   0.000e+00   1.227e-01   3.290e-02        0
      98       101   -3.041755e+05   0.000e+00   4.473e-02   1.260e-02        0
      99       102   -3.041754e+05   0.000e+00   5.968e-03   5.492e-03        0
     100       103   -3.041754e+05   0.000e+00   4.420e-03   1.982e-03        0
     101       104   -3.041754e+05   0.000e+00   1.735e-02   2.283e-03        0
     102       105   -3.041753e+05   0.000e+00   3.236e-02   2.863e-03        0
     103       106   -3.041751e+05   0.000e+00   5.295e-02   5.985e-03        0
     104       107   -3.041748e+05   0.000e+00   7.857e-02   1.360e-02        0
     105       108   -3.041738e+05   0.000e+00   1.070e-01   3.261e-02        0
     106       109   -3.041719e+05   0.000e+00   1.259e-01   7.106e-02        0
     107       110   -3.041689e+05   0.000e+00   1.044e-01   1.206e-01        0
     108       111   -3.041662e+05   0.000e+00   3.222e-02   1.135e-01        0
     109       112   -3.041653e+05   0.000e+00   1.780e-02   3.304e-02        0
     110       113   -3.041651e+05   0.000e+00   1.906e-02   1.516e-02        0
     111       114   -3.041650e+05   0.000e+00   9.778e-03   7.184e-03        0
     112       115   -3.041649e+05   0.000e+00   1.733e-02   8.156e-03        0
     113       116   -3.041646e+05   0.000e+00   7.120e-02   9.541e-03        0
     114       117   -3.041640e+05   0.000e+00   1.484e-01   1.105e-02        0
     115       118   -3.041627e+05   0.000e+00   2.576e-01   3.635e-02        0
     116       119   -3.041601e+05   0.000e+00   3.546e-01   9.330e-02        0
     117       120   -3.041570e+05   0.000e+00   3.390e-01   1.510e-01        0
     118       121   -3.041551e+05   0.000e+00   1.994e-01   1.045e-01        0
     119       122   -3.041545e+05   0.000e+00   5.425e-02   1.804e-02        0
     120       123   -3.041544e+05   0.000e+00   3.946e-03   9.803e-03        0
     121       124   -3.041544e+05   0.000e+00   2.004e-02   4.628e-03        0
     122       125   -3.041543e+05   0.000e+00   5.431e-02   1.000e-02        0
     123       126   -3.041540e+05   0.000e+00   9.680e-02   1.099e-02        0
     124       127   -3.041534e+05   0.000e+00   1.645e-01   1.742e-02        0
     125       128   -3.041518e+05   0.000e+00   2.585e-01   3.796e-02        0
     126       129   -3.041481e+05   0.000e+00   3.886e-01   1.160e-01        0
     127       130   -3.041403e+05   0.000e+00   5.136e-01   2.951e-01        0
     128       131   -3.041284e+05   0.000e+00   5.211e-01   5.559e-01        0
     129       132   -3.041178e+05   0.000e+00   3.029e-01   6.176e-01        0
     130       133   -3.041139e+05   0.000e+00   6.792e-02   2.619e-01        0
     131       134   -3.041131e+05   0.000e+00   1.288e-02   2.934e-02        0
     132       135   -3.041126e+05   0.000e+00   4.609e-02   3.687e-02        0
     133       136   -3.041115e+05   0.000e+00   9.825e-02   5.219e-02        0
     134       137   -3.041087e+05   0.000e+00   1.760e-01   4.172e-02        0
     135       138   -3.041012e+05   0.000e+00   3.021e-01   9.255e-02        0
     136       139   -3.040825e+05   0.000e+00   4.941e-01   4.586e-01        0
     137       140   -3.040386e+05   0.000e+00   7.968e-01   1.478e+00        0
     138       141   -3.039527e+05   0.000e+00   1.294e+00   3.571e+00        0
     139       142   -3.038352e+05   0.000e+00   1.522e+00   5.948e+00        0
     140       143   -3.037655e+05   0.000e+00   3.824e-01   1.747e+00        0
     141       144   -3.037310e+05   0.000e+00   4.598e-01   2.253e-01        0
     142       145   -3.037295e+05   0.000e+00   3.792e-01   5.206e-02        0
     143       146   -3.037285e+05   0.000e+00   3.628e-03   2.095e-02        0
     144       147   -3.037284e+05   0.000e+00   3.922e-02   8.568e-03        0
     145       148   -3.037283e+05   0.000e+00   1.725e-02   5.274e-03        0
     146       149   -3.037283e+05   0.000e+00   2.786e-03   7.277e-04        0
     147       150   -3.037283e+05   0.000e+00   2.390e-04   8.953e-04        0
     148       151   -3.037283e+05   0.000e+00   4.803e-04   3.828e-04        0
     149       153   -3.037283e+05   0.000e+00   2.311e-04   1.721e-04        0
     150       154   -3.037283e+05   0.000e+00   2.650e-07   2.537e-09        1
     151       155   -3.037283e+05   0.000e+00   3.283e-07   7.598e-05        0
     152       156   -3.037283e+05   0.000e+00   1.007e-06   1.195e-05        0
     153       157   -3.037283e+05   0.000e+00   4.812e-08   1.193e-05        0
     154       158   -3.037283e+05   0.000e+00   4.788e-08   9.437e-06        0
     155       159   -3.037283e+05   0.000e+00   7.883e-09   2.520e-06        0

EXIT: Locally optimal solution found.

Final Statistics
----------------
Final objective value               =  -3.03728331979525e+05
Final feasibility error (abs / rel) =   0.00e+00 / 0.00e+00
Final optimality error  (abs / rel) =   7.88e-09 / 7.88e-09
# of iterations                     =        155 
# of CG iterations                  =          1 
# of function evaluations           =        159
# of gradient evaluations           =        156
Total program time (secs)           =   10016.32520 (209500.656 CPU time)
Time spent in evaluations (secs)    =    9949.21875

Solution Vector
---------------
x[       0] =   2.19126777559e+01
x[       1] =   2.13247025706e+01
x[       2] =   2.16050145249e+01
x[       3] =   2.22164268496e+01
x[       4] =   2.21519730998e+01
x[       5] =   2.11777224093e+01
x[       6] =   2.22245503760e+01
x[       7] =  -8.82473484950e+00
x[       8] =  -1.77176219837e+01
x[       9] =  -2.73405957260e+00
x[      10] =  -1.50778335297e-02
x[      11] =   1.61408777101e-03
x[      12] =   1.01894362878e+00
x[      13] =   6.14281580955e-01
x[      14] =   4.81543796641e-01
x[      15] =   2.77027203860e-01
x[      16] =   8.95169142796e-01
x[      17] =   8.76490653435e-01
x[      18] =   8.90308594604e-01
x[      19] =   9.16871403152e-01
x[      20] =   7.68624572678e-01
x[      21] =   8.25489072075e-01
x[      22] =   2.59635365672e-01

===============================================================================

