
Solving from new start point (number 19 of 42) <multistart>.


=======================================
*** NO CHECK MADE FOR LICENSE ***
         Artelys Knitro 12.3.0
=======================================

Knitro presolve eliminated 0 variables and 0 constraints.

algorithm:               4
bar_maxcrossit:          3
datacheck:               0
feastol:                 1e-08
hessopt:                 2
maxtime_cpu:             9.99996e+07
maxtime_real:            9.99998e+07
opttol:                  1e-08
outlev:                  5
outmode:                 2
par_concurrent_evals:    0
The problem is identified as bound constrained only.
Knitro changing act_qpalg from AUTO to 3.
Knitro changing honorbnds from AUTO to -1.
Knitro changing linesearch from AUTO to 2.
Knitro changing linsolver from AUTO to 4.

Problem Characteristics                                 (   Presolved)
-----------------------
Objective goal:  Maximize
Objective type:  general
Number of variables:                                 23 (          23)
    bounded below only:                               0 (           0)
    bounded above only:                               0 (           0)
    bounded below and above:                         23 (          23)
    fixed:                                            0 (           0)
    free:                                             0 (           0)
Number of constraints:                                0 (           0)
    linear equalities:                                0 (           0)
    quadratic equalities:                             0 (           0)
    gen. nonlinear equalities:                        0 (           0)
    linear one-sided inequalities:                    0 (           0)
    quadratic one-sided inequalities:                 0 (           0)
    gen. nonlinear one-sided inequalities:            0 (           0)
    linear two-sided inequalities:                    0 (           0)
    quadratic two-sided inequalities:                 0 (           0)
    gen. nonlinear two-sided inequalities:            0 (           0)
Number of nonzeros in Jacobian:                       0 (           0)
Number of nonzeros in Hessian:                        0 (         276)

Knitro using the Sequential Quadratic Programming (SQP) algorithm.

  Iter     fCount     Objective      FeasError   OptError    ||Step||    CGits 
--------  --------  --------------  ----------  ----------  ----------  -------
       0         1   -5.955432e+05   0.000e+00
       1         2   -3.651734e+05   0.000e+00   1.890e+01   4.410e-01        0
       2         4   -3.607215e+05   0.000e+00   1.406e+01   1.821e-01        0
       3         7   -3.596955e+05   0.000e+00   1.477e+01   1.524e-01        0
       4         8   -3.539759e+05   0.000e+00   2.187e+01   1.642e-01        0
       5         9   -3.498984e+05   0.000e+00   1.537e+00   1.719e-02        0
       6        10   -3.486108e+05   0.000e+00   5.991e-01   5.786e-02        0
       7        11   -3.444202e+05   0.000e+00   4.697e+00   2.706e-01        0
       8        12   -3.428581e+05   0.000e+00   1.378e+00   1.116e-01        0
       9        13   -3.409549e+05   0.000e+00   2.794e+00   1.945e-01        0
      10        14   -3.399240e+05   0.000e+00   4.733e-01   1.456e-01        0
      11        15   -3.394212e+05   0.000e+00   4.125e-01   5.901e-02        0
      12        16   -3.376398e+05   0.000e+00   3.994e-01   2.217e-01        0
      13        17   -3.360919e+05   0.000e+00   4.445e-01   1.939e-01        0
      14        18   -3.348256e+05   0.000e+00   7.335e-01   2.955e-01        0
      15        19   -3.341287e+05   0.000e+00   3.181e-01   1.151e-01        0
      16        20   -3.334804e+05   0.000e+00   1.925e+00   1.073e-01        0
      17        21   -3.324332e+05   0.000e+00   2.053e+00   3.018e-01        0
      18        22   -3.319683e+05   0.000e+00   7.734e-01   1.825e-01        0
      19        23   -3.316138e+05   0.000e+00   4.615e-01   9.657e-02        0
      20        24   -3.311530e+05   0.000e+00   1.992e+00   2.092e-01        0
      21        25   -3.307917e+05   0.000e+00   2.596e+00   1.612e-01        0
      22        26   -3.298005e+05   0.000e+00   3.446e+00   4.595e-01        0
      23        27   -3.291003e+05   0.000e+00   2.456e+00   2.983e-01        0
      24        28   -3.288457e+05   0.000e+00   3.413e-01   5.460e-02        0
      25        29   -3.286678e+05   0.000e+00   1.368e+00   7.803e-02        0
      26        30   -3.284648e+05   0.000e+00   2.481e+00   8.056e-02        0
      27        31   -3.280352e+05   0.000e+00   4.579e+00   1.469e-01        0
      28        32   -3.276047e+05   0.000e+00   2.419e+00   1.956e-01        0
      29        33   -3.267249e+05   0.000e+00   5.628e-01   5.399e-01        0
      30        34   -3.261504e+05   0.000e+00   9.656e-01   1.872e-01        0
      31        35   -3.258535e+05   0.000e+00   1.840e+00   1.254e-01        0
      32        36   -3.257580e+05   0.000e+00   1.281e+00   3.179e-02        0
      33        37   -3.254891e+05   0.000e+00   9.850e-01   1.316e-01        0
      34        38   -3.252191e+05   0.000e+00   2.487e+00   1.511e-01        0
      35        39   -3.246797e+05   0.000e+00   3.263e+00   3.154e-01        0
      36        40   -3.243505e+05   0.000e+00   2.126e+00   3.524e-01        0
      37        41   -3.241953e+05   0.000e+00   1.801e+00   3.241e-02        0
      38        42   -3.236290e+05   0.000e+00   3.956e-01   1.700e-01        0
      39        43   -3.233402e+05   0.000e+00   1.151e+00   1.983e-01        0
      40        44   -3.231206e+05   0.000e+00   1.380e+00   1.928e-01        0
      41        45   -3.228517e+05   0.000e+00   1.648e+00   2.272e-01        0
      42        46   -3.225446e+05   0.000e+00   1.522e+00   2.189e-01        0
      43        47   -3.220797e+05   0.000e+00   6.350e-01   2.891e-01        0
      44        48   -3.214922e+05   0.000e+00   5.386e-01   3.787e-01        0
      45        49   -3.212575e+05   0.000e+00   3.773e-01   1.065e-01        0
      46        50   -3.210109e+05   0.000e+00   3.093e-01   2.080e-01        0
      47        51   -3.208707e+05   0.000e+00   6.859e-01   1.301e-01        0
      48        52   -3.203733e+05   0.000e+00   1.123e+00   4.100e-01        0
      49        53   -3.199291e+05   0.000e+00   1.652e+00   1.617e-01        0
      50        54   -3.195081e+05   0.000e+00   2.607e+00   2.176e-01        0
      51        55   -3.192582e+05   0.000e+00   2.290e+00   1.112e-01        0
      52        56   -3.190373e+05   0.000e+00   4.323e-02   1.463e-01        0
      53        57   -3.189571e+05   0.000e+00   8.840e-01   4.113e-02        0
      54        58   -3.188195e+05   0.000e+00   1.230e+00   6.897e-02        0
      55        59   -3.186893e+05   0.000e+00   9.018e-01   7.519e-02        0
      56        60   -3.184432e+05   0.000e+00   3.843e-01   1.234e-01        0
      57        61   -3.181226e+05   0.000e+00   6.827e-01   1.707e-01        0
      58        62   -3.176685e+05   0.000e+00   9.197e-01   3.560e-01        0
      59        63   -3.173569e+05   0.000e+00   5.555e-01   2.889e-01        0
      60        64   -3.171200e+05   0.000e+00   2.686e-01   2.464e-01        0
      61        65   -3.169894e+05   0.000e+00   1.984e-01   7.930e-02        0
      62        66   -3.168438e+05   0.000e+00   9.005e-02   8.299e-02        0
      63        67   -3.167940e+05   0.000e+00   1.272e-01   4.855e-02        0
      64        68   -3.167261e+05   0.000e+00   2.716e-02   5.586e-02        0
      65        69   -3.166391e+05   0.000e+00   3.704e-02   8.565e-02        0
      66        70   -3.164945e+05   0.000e+00   2.105e-01   1.955e-01        0
      67        71   -3.163281e+05   0.000e+00   4.660e-01   2.429e-01        0
      68        72   -3.161077e+05   0.000e+00   5.732e-01   3.205e-01        0
      69        73   -3.159834e+05   0.000e+00   3.829e-01   2.351e-01        0
      70        74   -3.158813e+05   0.000e+00   2.291e-01   1.570e-01        0
      71        75   -3.157569e+05   0.000e+00   4.436e-01   2.997e-01        0
      72        76   -3.155971e+05   0.000e+00   5.634e-01   1.257e-01        0
      73        77   -3.152878e+05   0.000e+00   4.956e-01   1.903e-01        0
      74        78   -3.147481e+05   0.000e+00   2.643e-01   5.594e-01        0
      75        79   -3.145989e+05   0.000e+00   5.239e-01   1.988e-01        0
      76        80   -3.145253e+05   0.000e+00   4.908e-03   1.244e-01        0
      77        81   -3.145008e+05   0.000e+00   1.187e-01   6.122e-02        0
      78        82   -3.144703e+05   0.000e+00   9.842e-02   3.036e-02        0
      79        83   -3.143980e+05   0.000e+00   3.298e-02   5.797e-02        0
      80        84   -3.142416e+05   0.000e+00   3.792e-02   1.342e-01        0
      81        85   -3.139681e+05   0.000e+00   1.653e-01   2.444e-01        0
      82        86   -3.136327e+05   0.000e+00   6.884e-02   2.990e-01        0
      83        87   -3.133544e+05   0.000e+00   3.092e-01   3.059e-01        0
      84        88   -3.133043e+05   0.000e+00   5.933e-03   8.559e-02        0
      85        89   -3.132769e+05   0.000e+00   7.111e-02   6.742e-02        0
      86        90   -3.132561e+05   0.000e+00   1.319e-02   2.219e-02        0
      87        91   -3.131375e+05   0.000e+00   2.492e-01   1.109e-01        0
      88        92   -3.129521e+05   0.000e+00   5.868e-01   1.725e-01        0
      89        93   -3.124081e+05   0.000e+00   9.935e-01   5.937e-01        0
      90        95   -3.102184e+05   0.000e+00   2.100e+00   2.105e+00        0
      91        98   -3.100094e+05   0.000e+00   2.020e+00   4.749e-01        0
      92        99   -3.089168e+05   0.000e+00   5.461e-01   3.872e-01        0
      93       100   -3.079804e+05   0.000e+00   1.158e+00   6.026e-01        0
      94       101   -3.075406e+05   0.000e+00   4.229e-01   3.713e-01        0
      95       102   -3.073272e+05   0.000e+00   1.659e-01   4.168e-01        0
      96       103   -3.071710e+05   0.000e+00   2.362e-01   1.436e-01        0
      97       104   -3.071243e+05   0.000e+00   7.093e-02   1.313e-01        0
      98       105   -3.071056e+05   0.000e+00   1.841e-01   7.467e-02        0
      99       106   -3.070959e+05   0.000e+00   1.419e-01   4.110e-02        0
     100       107   -3.070902e+05   0.000e+00   4.014e-02   3.084e-02        0
     101       108   -3.070869e+05   0.000e+00   8.572e-03   2.766e-02        0
     102       109   -3.070822e+05   0.000e+00   8.776e-02   2.140e-02        0
     103       110   -3.070704e+05   0.000e+00   2.283e-01   4.244e-02        0
     104       111   -3.070452e+05   0.000e+00   4.508e-01   6.325e-02        0
     105       112   -3.069927e+05   0.000e+00   7.530e-01   1.216e-01        0
     106       113   -3.069072e+05   0.000e+00   1.057e+00   2.024e-01        0
     107       114   -3.068075e+05   0.000e+00   1.402e+00   2.576e-01        0
     108       115   -3.067052e+05   0.000e+00   1.623e+00   2.895e-01        0
     109       116   -3.065545e+05   0.000e+00   1.436e+00   5.235e-01        0
     110       117   -3.064501e+05   0.000e+00   1.353e+00   2.553e-01        0
     111       118   -3.061791e+05   0.000e+00   2.981e-01   6.607e-01        0
     112       120   -3.060285e+05   0.000e+00   4.497e+00   1.696e+00        0
     113       121   -3.056625e+05   0.000e+00   8.993e-01   9.357e-01        0
     114       122   -3.052960e+05   0.000e+00   6.450e-01   5.206e-01        0
     115       124   -3.051034e+05   0.000e+00   8.278e-01   5.084e-01        0
     116       125   -3.050366e+05   0.000e+00   2.155e-01   2.434e-01        0
     117       126   -3.050251e+05   0.000e+00   2.421e-01   1.160e-01        0
     118       127   -3.050161e+05   0.000e+00   3.377e-02   6.194e-02        0
     119       128   -3.050094e+05   0.000e+00   5.234e-02   2.266e-02        0
     120       129   -3.049925e+05   0.000e+00   1.622e-01   4.256e-02        0
     121       130   -3.049639e+05   0.000e+00   2.289e-01   5.653e-02        0
     122       131   -3.048926e+05   0.000e+00   2.574e-01   1.115e-01        0
     123       132   -3.047413e+05   0.000e+00   2.910e-01   2.092e-01        0
     124       133   -3.045021e+05   0.000e+00   2.047e-01   3.384e-01        0
     125       134   -3.043098e+05   0.000e+00   1.593e-01   3.063e-01        0
     126       135   -3.042038e+05   0.000e+00   7.516e-02   1.998e-01        0
     127       136   -3.041803e+05   0.000e+00   1.072e-01   1.076e-01        0
     128       137   -3.041787e+05   0.000e+00   8.871e-03   3.256e-02        0
     129       138   -3.041785e+05   0.000e+00   6.978e-03   1.851e-02        0
     130       139   -3.041784e+05   0.000e+00   4.200e-03   2.306e-03        0
     131       140   -3.041784e+05   0.000e+00   6.169e-03   3.035e-03        0
     132       141   -3.041783e+05   0.000e+00   1.050e-02   2.656e-03        0
     133       142   -3.041782e+05   0.000e+00   1.192e-02   2.588e-03        0
     134       143   -3.041780e+05   0.000e+00   1.710e-02   5.109e-03        0
     135       144   -3.041775e+05   0.000e+00   2.437e-02   1.122e-02        0
     136       145   -3.041762e+05   0.000e+00   3.438e-02   2.755e-02        0
     137       146   -3.041739e+05   0.000e+00   4.170e-02   5.788e-02        0
     138       147   -3.041709e+05   0.000e+00   3.968e-02   8.689e-02        0
     139       148   -3.041690e+05   0.000e+00   3.276e-02   7.014e-02        0
     140       149   -3.041685e+05   0.000e+00   1.362e-02   2.330e-02        0
     141       150   -3.041684e+05   0.000e+00   3.848e-04   5.680e-03        0
     142       151   -3.041684e+05   0.000e+00   1.434e-03   2.761e-03        0
     143       152   -3.041684e+05   0.000e+00   3.738e-03   4.286e-03        0
     144       153   -3.041684e+05   0.000e+00   6.709e-03   6.158e-03        0
     145       154   -3.041683e+05   0.000e+00   1.127e-02   9.649e-03        0
     146       155   -3.041681e+05   0.000e+00   1.821e-02   1.440e-02        0
     147       156   -3.041677e+05   0.000e+00   2.773e-02   2.115e-02        0
     148       157   -3.041666e+05   0.000e+00   4.146e-02   4.135e-02        0
     149       158   -3.041647e+05   0.000e+00   4.846e-02   7.699e-02        0
     150       159   -3.041624e+05   0.000e+00   4.069e-02   1.204e-01        0
     151       160   -3.041611e+05   0.000e+00   1.800e-02   9.604e-02        0
     152       161   -3.041607e+05   0.000e+00   3.684e-03   3.911e-02        0
     153       162   -3.041607e+05   0.000e+00   8.843e-04   1.079e-02        0
     154       163   -3.041607e+05   0.000e+00   1.213e-03   4.913e-03        0
     155       164   -3.041605e+05   0.000e+00   3.050e-03   1.079e-02        0
     156       165   -3.041603e+05   0.000e+00   2.464e-03   1.227e-02        0
     157       166   -3.041596e+05   0.000e+00   3.976e-03   1.925e-02        0
     158       167   -3.041577e+05   0.000e+00   4.349e-03   4.568e-02        0
     159       168   -3.041528e+05   0.000e+00   8.231e-03   1.474e-01        0
     160       169   -3.041405e+05   0.000e+00   1.030e-02   4.326e-01        0
     161       170   -3.041094e+05   0.000e+00   1.629e-02   1.195e+00        0
     162       171   -3.040375e+05   0.000e+00   6.427e-02   2.987e+00        0
     163       172   -3.039055e+05   0.000e+00   3.279e-01   6.268e+00        0
     164       173   -3.037971e+05   0.000e+00   5.639e-02   3.502e+00        0
     165       174   -3.037377e+05   0.000e+00   1.858e-01   5.487e-01        0
     166       175   -3.037327e+05   0.000e+00   3.017e-01   2.545e-01        0
     167       176   -3.037288e+05   0.000e+00   1.022e-01   2.893e-02        0
     168       177   -3.037285e+05   0.000e+00   2.236e-02   1.176e-02        0
     169       178   -3.037284e+05   0.000e+00   4.076e-03   6.175e-03        0
     170       179   -3.037283e+05   0.000e+00   3.407e-03   4.479e-03        0
     171       180   -3.037283e+05   0.000e+00   6.329e-04   2.628e-03        0
     172       181   -3.037283e+05   0.000e+00   1.214e-04   8.745e-04        0
     173       184   -3.037283e+05   0.000e+00   9.598e-05   1.291e-04        0
     174       185   -3.037283e+05   0.000e+00   1.765e-04   8.340e-04        0
     175       186   -3.037283e+05   0.000e+00   8.335e-05   6.429e-04        0
     176       187   -3.037283e+05   0.000e+00   2.030e-05   1.201e-03        0
     177       188   -3.037283e+05   0.000e+00   4.953e-05   1.201e-03        0
     178       189   -3.037283e+05   0.000e+00   3.033e-05   2.132e-04        9
     179       190   -3.037283e+05   0.000e+00   5.668e-05   1.752e-03        0
     180       191   -3.037283e+05   0.000e+00   2.446e-06   1.282e-09        1
     181       192   -3.037283e+05   0.000e+00   2.392e-07   8.954e-04        0
     182       193   -3.037283e+05   0.000e+00   6.335e-08   6.107e-06        0
     183       194   -3.037283e+05   0.000e+00   3.418e-09   3.498e-06        0

EXIT: Locally optimal solution found.

Final Statistics
----------------
Final objective value               =  -3.03728331979522e+05
Final feasibility error (abs / rel) =   0.00e+00 / 0.00e+00
Final optimality error  (abs / rel) =   3.42e-09 / 3.42e-09
# of iterations                     =        183 
# of CG iterations                  =         10 
# of function evaluations           =        194
# of gradient evaluations           =        184
Total program time (secs)           =   12042.91016 (251901.094 CPU time)
Time spent in evaluations (secs)    =   11981.97070

Solution Vector
---------------
x[       0] =   2.19126758020e+01
x[       1] =   2.13247015828e+01
x[       2] =   2.16050124416e+01
x[       3] =   2.22164252368e+01
x[       4] =   2.21519716625e+01
x[       5] =   2.11777224093e+01
x[       6] =   2.22245483899e+01
x[       7] =  -8.82473438735e+00
x[       8] =  -1.77176209481e+01
x[       9] =  -2.73405841261e+00
x[      10] =  -1.50778335297e-02
x[      11] =   1.61408679360e-03
x[      12] =   1.01894397489e+00
x[      13] =   6.14282059818e-01
x[      14] =   4.81544249731e-01
x[      15] =   2.77027375530e-01
x[      16] =   8.95168895878e-01
x[      17] =   8.76490292765e-01
x[      18] =   8.90308128381e-01
x[      19] =   9.16871133880e-01
x[      20] =   7.68624158580e-01
x[      21] =   8.25488757997e-01
x[      22] =   2.59635361887e-01

===============================================================================

