
Solving from new start point (number 31 of 42) <multistart>.


=======================================
*** NO CHECK MADE FOR LICENSE ***
         Artelys Knitro 12.3.0
=======================================

Knitro presolve eliminated 0 variables and 0 constraints.

algorithm:               4
bar_maxcrossit:          3
datacheck:               0
feastol:                 1e-08
hessopt:                 2
maxtime_cpu:             9.98237e+07
maxtime_real:            9.99914e+07
opttol:                  1e-08
outlev:                  5
outmode:                 2
par_concurrent_evals:    0
The problem is identified as bound constrained only.
Knitro changing act_qpalg from AUTO to 3.
Knitro changing honorbnds from AUTO to -1.
Knitro changing linesearch from AUTO to 2.
Knitro changing linsolver from AUTO to 4.

Problem Characteristics                                 (   Presolved)
-----------------------
Objective goal:  Maximize
Objective type:  general
Number of variables:                                 23 (          23)
    bounded below only:                               0 (           0)
    bounded above only:                               0 (           0)
    bounded below and above:                         23 (          23)
    fixed:                                            0 (           0)
    free:                                             0 (           0)
Number of constraints:                                0 (           0)
    linear equalities:                                0 (           0)
    quadratic equalities:                             0 (           0)
    gen. nonlinear equalities:                        0 (           0)
    linear one-sided inequalities:                    0 (           0)
    quadratic one-sided inequalities:                 0 (           0)
    gen. nonlinear one-sided inequalities:            0 (           0)
    linear two-sided inequalities:                    0 (           0)
    quadratic two-sided inequalities:                 0 (           0)
    gen. nonlinear two-sided inequalities:            0 (           0)
Number of nonzeros in Jacobian:                       0 (           0)
Number of nonzeros in Hessian:                        0 (         276)

Knitro using the Sequential Quadratic Programming (SQP) algorithm.

  Iter     fCount     Objective      FeasError   OptError    ||Step||    CGits 
--------  --------  --------------  ----------  ----------  ----------  -------
       0         1   -3.974513e+05   0.000e+00
       1         3   -3.867100e+05   0.000e+00   1.165e+00   2.828e-01        0
       2         4   -3.509078e+05   0.000e+00   2.533e+01   1.056e+00        0
       3         6   -3.438485e+05   0.000e+00   1.084e+02   8.593e-01        0
       4         8   -3.388289e+05   0.000e+00   9.984e+01   1.190e+00        0
       5         9   -3.322298e+05   0.000e+00   2.281e+01   4.486e-01        0
       6        11   -3.317920e+05   0.000e+00   5.086e+00   2.279e-01        0
       7        12   -3.310746e+05   0.000e+00   1.778e+01   1.911e-01        0
       8        13   -3.306334e+05   0.000e+00   3.968e+00   1.024e-01        0
       9        14   -3.294481e+05   0.000e+00   1.694e+01   3.639e-01        0
      10        15   -3.283388e+05   0.000e+00   2.616e+01   4.700e-01        0
      11        16   -3.268384e+05   0.000e+00   2.498e+01   7.854e-01        0
      12        17   -3.255957e+05   0.000e+00   3.062e-01   7.677e-01        0
      13        18   -3.233886e+05   0.000e+00   2.470e+01   1.541e+00        0
      14        19   -3.216838e+05   0.000e+00   3.807e+01   9.459e-01        0
      15        20   -3.200475e+05   0.000e+00   5.539e+00   5.022e-01        0
      16        21   -3.188471e+05   0.000e+00   8.406e+00   3.917e-01        0
      17        22   -3.170252e+05   0.000e+00   1.641e+01   4.759e-01        0
      18        23   -3.132633e+05   0.000e+00   4.941e+01   1.120e+00        0
      19        24   -3.103502e+05   0.000e+00   2.863e+01   1.063e+00        0
      20        25   -3.076982e+05   0.000e+00   1.197e+00   6.739e-01        0
      21        26   -3.072079e+05   0.000e+00   9.074e+00   2.742e-01        0
      22        27   -3.069353e+05   0.000e+00   5.962e-01   3.327e-01        0
      23        28   -3.066503e+05   0.000e+00   8.177e+00   1.051e-01        0
      24        29   -3.063106e+05   0.000e+00   9.975e+00   1.855e-01        0
      25        30   -3.060862e+05   0.000e+00   2.625e+00   3.821e-01        0
      26        32   -3.058770e+05   0.000e+00   6.665e+00   3.773e-01        0
      27        33   -3.056559e+05   0.000e+00   1.566e+00   1.876e-01        0
      28        34   -3.054768e+05   0.000e+00   3.901e+00   3.738e-01        0
      29        35   -3.048830e+05   0.000e+00   2.390e+00   4.055e-01        0
      30        36   -3.047328e+05   0.000e+00   7.529e-01   1.845e-01        0
      31        37   -3.044557e+05   0.000e+00   3.314e+00   5.125e-01        0
      32        38   -3.043300e+05   0.000e+00   1.430e+00   1.334e-01        0
      33        39   -3.042894e+05   0.000e+00   5.456e-01   4.303e-02        0
      34        40   -3.042331e+05   0.000e+00   1.276e+00   9.510e-02        0
      35        41   -3.042188e+05   0.000e+00   1.485e+00   2.071e-02        0
      36        42   -3.042058e+05   0.000e+00   2.083e+00   4.361e-02        0
      37        43   -3.042037e+05   0.000e+00   8.730e-01   1.091e-02        0
      38        44   -3.042012e+05   0.000e+00   3.849e-02   1.534e-02        0
      39        45   -3.041998e+05   0.000e+00   1.143e+00   8.271e-03        0
      40        46   -3.041979e+05   0.000e+00   1.706e+00   1.535e-02        0
      41        47   -3.041947e+05   0.000e+00   2.106e+00   2.766e-02        0
      42        48   -3.041899e+05   0.000e+00   1.904e+00   4.590e-02        0
      43        49   -3.041853e+05   0.000e+00   9.865e-01   5.007e-02        0
      44        50   -3.041831e+05   0.000e+00   2.723e-02   2.777e-02        0
      45        51   -3.041826e+05   0.000e+00   2.219e-01   8.462e-03        0
      46        52   -3.041824e+05   0.000e+00   1.662e-01   4.096e-03        0
      47        53   -3.041822e+05   0.000e+00   2.124e-02   3.612e-03        0
      48        54   -3.041820e+05   0.000e+00   1.044e-01   4.579e-03        0
      49        55   -3.041818e+05   0.000e+00   1.831e-01   6.800e-03        0
      50        56   -3.041814e+05   0.000e+00   2.130e-01   1.209e-02        0
      51        57   -3.041806e+05   0.000e+00   1.687e-01   2.384e-02        0
      52        58   -3.041794e+05   0.000e+00   1.031e-02   4.124e-02        0
      53        59   -3.041781e+05   0.000e+00   1.979e-01   4.882e-02        0
      54        60   -3.041773e+05   0.000e+00   2.545e-01   2.909e-02        0
      55        61   -3.041769e+05   0.000e+00   1.707e-01   8.690e-03        0
      56        62   -3.041766e+05   0.000e+00   5.225e-02   5.399e-03        0
      57        63   -3.041762e+05   0.000e+00   1.403e-01   1.007e-02        0
      58        64   -3.041754e+05   0.000e+00   4.007e-01   2.441e-02        0
      59        65   -3.041742e+05   0.000e+00   6.576e-01   4.823e-02        0
      60        66   -3.041726e+05   0.000e+00   7.784e-01   7.347e-02        0
      61        67   -3.041708e+05   0.000e+00   6.546e-01   9.420e-02        0
      62        68   -3.041689e+05   0.000e+00   2.904e-01   8.632e-02        0
      63        69   -3.041678e+05   0.000e+00   1.342e-02   1.709e-02        0
      64        70   -3.041672e+05   0.000e+00   2.278e-01   1.227e-02        0
      65        71   -3.041670e+05   0.000e+00   1.971e-01   7.228e-03        0
      66        72   -3.041666e+05   0.000e+00   5.281e-02   8.580e-03        0
      67        73   -3.041660e+05   0.000e+00   1.720e-01   1.666e-02        0
      68        74   -3.041649e+05   0.000e+00   4.865e-01   4.161e-02        0
      69        75   -3.041632e+05   0.000e+00   7.345e-01   7.108e-02        0
      70        76   -3.041613e+05   0.000e+00   7.439e-01   8.983e-02        0
      71        77   -3.041596e+05   0.000e+00   4.628e-01   7.640e-02        0
      72        78   -3.041583e+05   0.000e+00   6.185e-02   4.279e-02        0
      73        79   -3.041574e+05   0.000e+00   2.331e-01   2.059e-02        0
      74        80   -3.041567e+05   0.000e+00   3.290e-01   1.726e-02        0
      75        81   -3.041560e+05   0.000e+00   2.817e-01   1.729e-02        0
      76        82   -3.041547e+05   0.000e+00   1.311e-01   3.689e-02        0
      77        83   -3.041518e+05   0.000e+00   1.565e-01   1.030e-01        0
      78        84   -3.041447e+05   0.000e+00   6.238e-01   2.769e-01        0
      79        85   -3.041290e+05   0.000e+00   1.222e+00   6.669e-01        0
      80        86   -3.041002e+05   0.000e+00   1.588e+00   1.316e+00        0
      81        87   -3.040636e+05   0.000e+00   1.226e+00   1.803e+00        0
      82        88   -3.040387e+05   0.000e+00   5.692e-01   1.323e+00        0
      83        89   -3.040304e+05   0.000e+00   4.920e-02   3.452e-01        0
      84        90   -3.040255e+05   0.000e+00   3.090e-01   6.020e-02        0
      85        91   -3.040142e+05   0.000e+00   8.695e-01   1.447e-01        0
      86        92   -3.039896e+05   0.000e+00   1.780e+00   5.688e-01        0
      87        93   -3.039341e+05   0.000e+00   3.445e+00   1.868e+00        0
      88        94   -3.038379e+05   0.000e+00   5.488e+00   4.323e+00        0
      89        95   -3.037699e+05   0.000e+00   2.890e+00   2.247e+00        0
      90        96   -3.037457e+05   0.000e+00   2.067e+00   1.171e-01        0
      91        97   -3.037369e+05   0.000e+00   1.081e+00   9.495e-02        0
      92        98   -3.037342e+05   0.000e+00   5.835e-01   4.618e-02        0
      93        99   -3.037334e+05   0.000e+00   3.875e-02   2.448e-02        0
      94       100   -3.037331e+05   0.000e+00   8.244e-02   2.296e-02        0
      95       101   -3.037328e+05   0.000e+00   2.037e-01   2.876e-02        0
      96       102   -3.037323e+05   0.000e+00   2.956e-01   3.312e-02        0
      97       103   -3.037313e+05   0.000e+00   4.062e-01   5.399e-02        0
      98       104   -3.037298e+05   0.000e+00   3.984e-01   4.970e-02        0
      99       105   -3.037287e+05   0.000e+00   2.316e-01   2.851e-02        0
     100       106   -3.037283e+05   0.000e+00   3.557e-02   3.664e-02        0
     101       107   -3.037283e+05   0.000e+00   4.926e-03   9.582e-03        0
     102       108   -3.037283e+05   0.000e+00   1.089e-03   2.252e-03        0
     103       109   -3.037283e+05   0.000e+00   3.677e-04   1.176e-04        0
     104       110   -3.037283e+05   0.000e+00   1.785e-04   5.576e-05        0
     105       111   -3.037283e+05   0.000e+00   3.803e-05   8.656e-06        0
     106       112   -3.037283e+05   0.000e+00   2.249e-05   8.567e-06        0
     107       113   -3.037283e+05   0.000e+00   9.094e-07   7.156e-06        0
     108       114   -3.037283e+05   0.000e+00   1.108e-05   3.037e-06        0
     109       115   -3.037283e+05   0.000e+00   2.149e-06   2.916e-06        0
     110       116   -3.037283e+05   0.000e+00   9.773e-07   2.483e-06        0
     111       117   -3.037283e+05   0.000e+00   4.409e-06   4.542e-06        0
     112       118   -3.037283e+05   0.000e+00   1.040e-06   4.415e-06        0
     113       119   -3.037283e+05   0.000e+00   1.074e-06   2.162e-06       10
     114       120   -3.037283e+05   0.000e+00   2.024e-06   3.233e-06        0
     115       121   -3.037283e+05   0.000e+00   4.623e-07   2.315e-07        0
     116       122   -3.037283e+05   0.000e+00   5.581e-09   6.235e-09        3

EXIT: Locally optimal solution found.

Final Statistics
----------------
Final objective value               =  -3.03728331979520e+05
Final feasibility error (abs / rel) =   0.00e+00 / 0.00e+00
Final optimality error  (abs / rel) =   5.58e-09 / 5.58e-09
# of iterations                     =        116 
# of CG iterations                  =         13 
# of function evaluations           =        122
# of gradient evaluations           =        117
Total program time (secs)           =    7126.83154 (138111.969 CPU time)
Time spent in evaluations (secs)    =    7063.07520

Solution Vector
---------------
x[       0] =   2.19126747743e+01
x[       1] =   2.13247005320e+01
x[       2] =   2.16050112086e+01
x[       3] =   2.22164241901e+01
x[       4] =   2.21519700663e+01
x[       5] =   2.11777224093e+01
x[       6] =   2.22245476129e+01
x[       7] =  -8.82473382438e+00
x[       8] =  -1.77176200402e+01
x[       9] =  -2.73406005291e+00
x[      10] =  -1.50778335297e-02
x[      11] =   1.61408786967e-03
x[      12] =   1.01894387319e+00
x[      13] =   6.14281925932e-01
x[      14] =   4.81544024850e-01
x[      15] =   2.77027315394e-01
x[      16] =   8.95168919955e-01
x[      17] =   8.76490401001e-01
x[      18] =   8.90308351524e-01
x[      19] =   9.16871257173e-01
x[      20] =   7.68624259964e-01
x[      21] =   8.25488854508e-01
x[      22] =   2.59635395450e-01

===============================================================================

