
Solving from new start point (number 15 of 42) <multistart>.


=======================================
*** NO CHECK MADE FOR LICENSE ***
         Artelys Knitro 12.3.0
=======================================

Knitro presolve eliminated 0 variables and 0 constraints.

algorithm:               4
bar_maxcrossit:          3
datacheck:               0
feastol:                 1e-08
hessopt:                 2
maxtime_cpu:             9.99994e+07
maxtime_real:            9.99997e+07
opttol:                  1e-08
outlev:                  5
outmode:                 2
par_concurrent_evals:    0
The problem is identified as bound constrained only.
Knitro changing act_qpalg from AUTO to 3.
Knitro changing honorbnds from AUTO to -1.
Knitro changing linesearch from AUTO to 2.
Knitro changing linsolver from AUTO to 4.

Problem Characteristics                                 (   Presolved)
-----------------------
Objective goal:  Maximize
Objective type:  general
Number of variables:                                 23 (          23)
    bounded below only:                               0 (           0)
    bounded above only:                               0 (           0)
    bounded below and above:                         23 (          23)
    fixed:                                            0 (           0)
    free:                                             0 (           0)
Number of constraints:                                0 (           0)
    linear equalities:                                0 (           0)
    quadratic equalities:                             0 (           0)
    gen. nonlinear equalities:                        0 (           0)
    linear one-sided inequalities:                    0 (           0)
    quadratic one-sided inequalities:                 0 (           0)
    gen. nonlinear one-sided inequalities:            0 (           0)
    linear two-sided inequalities:                    0 (           0)
    quadratic two-sided inequalities:                 0 (           0)
    gen. nonlinear two-sided inequalities:            0 (           0)
Number of nonzeros in Jacobian:                       0 (           0)
Number of nonzeros in Hessian:                        0 (         276)

Knitro using the Sequential Quadratic Programming (SQP) algorithm.

  Iter     fCount     Objective      FeasError   OptError    ||Step||    CGits 
--------  --------  --------------  ----------  ----------  ----------  -------
       0         1   -9.313332e+04   0.000e+00
       1         2   -6.532829e+04   0.000e+00   3.953e+02   2.044e+00        0
       2         3   -5.462462e+04   0.000e+00   6.420e-01   5.107e-01        0
       3         5   -4.998147e+04   0.000e+00   9.376e+00   7.747e-01        0
       4         6   -4.921448e+04   0.000e+00   1.424e+01   2.412e-01        0
       5         7   -4.728903e+04   0.000e+00   4.321e-01   1.098e+00        0
       6         8   -4.606446e+04   0.000e+00   6.922e-01   2.683e-01        0
       7        10   -4.541231e+04   0.000e+00   6.463e+01   2.352e-01        0
       8        12   -4.497277e+04   0.000e+00   3.544e+01   1.823e-01        0
       9        13   -4.467431e+04   0.000e+00   4.932e-01   1.852e-01        0
      10        15   -4.443011e+04   0.000e+00   1.569e+00   2.087e-01        0
      11        16   -4.438194e+04   0.000e+00   4.099e+01   1.977e-01        0
      12        17   -4.431441e+04   0.000e+00   1.969e+01   1.404e-01        0
      13        18   -4.420610e+04   0.000e+00   6.887e-01   1.422e-01        0
      14        19   -4.408377e+04   0.000e+00   4.411e-01   1.282e-01        0
      15        20   -4.401993e+04   0.000e+00   3.475e-01   1.457e-01        0
      16        21   -4.396496e+04   0.000e+00   3.781e-01   1.037e-01        0
      17        22   -4.391701e+04   0.000e+00   3.206e-01   2.198e-01        0
      18        23   -4.389568e+04   0.000e+00   5.584e-02   7.356e-02        0
      19        24   -4.383193e+04   0.000e+00   3.375e-01   2.317e-01        0
      20        25   -4.374808e+04   0.000e+00   1.440e+01   4.695e-01        0
      21        26   -4.370801e+04   0.000e+00   3.677e+00   2.117e-01        0
      22        27   -4.365869e+04   0.000e+00   1.988e-02   2.855e-01        0
      23        28   -4.362536e+04   0.000e+00   2.608e-01   1.982e-01        0
      24        29   -4.360177e+04   0.000e+00   2.613e-01   2.212e-01        0
      25        30   -4.359234e+04   0.000e+00   1.504e-01   1.139e-01        0
      26        31   -4.358817e+04   0.000e+00   1.119e-02   7.212e-02        0
      27        32   -4.358496e+04   0.000e+00   8.912e-02   4.740e-02        0
      28        33   -4.357934e+04   0.000e+00   3.770e+00   8.543e-02        0
      29        34   -4.356975e+04   0.000e+00   8.827e+00   1.501e-01        0
      30        35   -4.355730e+04   0.000e+00   9.284e+00   2.076e-01        0
      31        36   -4.354571e+04   0.000e+00   3.545e+00   1.948e-01        0
      32        37   -4.353667e+04   0.000e+00   3.869e-02   1.402e-01        0
      33        38   -4.352886e+04   0.000e+00   1.743e-01   1.211e-01        0
      34        39   -4.352142e+04   0.000e+00   2.130e-01   1.479e-01        0
      35        40   -4.351699e+04   0.000e+00   1.303e-01   1.204e-01        0
      36        41   -4.351495e+04   0.000e+00   2.673e-02   5.518e-02        0
      37        42   -4.351320e+04   0.000e+00   1.747e+00   3.705e-02        0
      38        43   -4.351025e+04   0.000e+00   6.572e+00   5.983e-02        0
      39        44   -4.350472e+04   0.000e+00   1.135e+01   1.206e-01        0
      40        45   -4.349737e+04   0.000e+00   1.260e+01   1.809e-01        0
      41        46   -4.349139e+04   0.000e+00   8.548e+00   1.504e-01        0
      42        47   -4.348809e+04   0.000e+00   2.077e+00   6.954e-02        0
      43        48   -4.348701e+04   0.000e+00   2.935e-02   3.265e-02        0
      44        49   -4.348630e+04   0.000e+00   6.337e-02   3.045e-02        0
      45        50   -4.348527e+04   0.000e+00   7.872e-02   5.153e-02        0
      46        51   -4.348409e+04   0.000e+00   6.115e-02   5.735e-02        0
      47        52   -4.348270e+04   0.000e+00   1.654e-02   6.406e-02        0
      48        53   -4.348139e+04   0.000e+00   1.588e+00   6.380e-02        0
      49        54   -4.348041e+04   0.000e+00   2.863e+00   4.948e-02        0
      50        57   -4.348021e+04   0.000e+00   1.975e-01   8.879e-02        0
      51        60   -4.347929e+04   0.000e+00   2.872e+00   6.395e-02        0
      52        61   -4.347918e+04   0.000e+00   4.416e-02   2.261e-01        0
      53        63   -4.347808e+04   0.000e+00   3.546e+00   1.337e-01        0
      54        64   -4.347737e+04   0.000e+00   1.958e+00   5.540e-02        0
      55        65   -4.347664e+04   0.000e+00   1.684e-02   5.517e-02        0
      56        66   -4.347587e+04   0.000e+00   2.314e-01   7.430e-02        0
      57        67   -4.347547e+04   0.000e+00   2.576e-01   5.263e-02        0
      58        68   -4.347525e+04   0.000e+00   1.390e-01   3.461e-02        0
      59        69   -4.347501e+04   0.000e+00   1.791e-03   3.476e-02        0
      60        70   -4.347460e+04   0.000e+00   1.987e-01   5.056e-02        0
      61        71   -4.347402e+04   0.000e+00   3.213e-01   3.133e-02        0
      62        72   -4.347304e+04   0.000e+00   8.125e-02   6.073e-02        0
      63        73   -4.347192e+04   0.000e+00   1.038e-02   8.018e-02        0
      64        74   -4.347059e+04   0.000e+00   1.683e-02   1.158e-01        0
      65        75   -4.346939e+04   0.000e+00   1.510e-02   1.300e-01        0
      66        76   -4.346860e+04   0.000e+00   7.865e-03   9.764e-02        0
      67        77   -4.346813e+04   0.000e+00   2.014e-03   5.002e-02        0
      68        78   -4.346765e+04   0.000e+00   9.809e-03   3.546e-02        0
      69        79   -4.346681e+04   0.000e+00   3.850e-01   5.360e-02        0
      70        80   -4.346531e+04   0.000e+00   8.064e-01   1.019e-01        0
      71        81   -4.346324e+04   0.000e+00   9.942e-01   1.625e-01        0
      72        82   -4.346146e+04   0.000e+00   5.632e-01   1.556e-01        0
      73        83   -4.346058e+04   0.000e+00   3.647e-03   7.706e-02        0
      74        84   -4.346030e+04   0.000e+00   3.619e-03   3.243e-02        0
      75        85   -4.346008e+04   0.000e+00   7.406e-03   3.322e-02        0
      76        86   -4.345967e+04   0.000e+00   1.155e-02   6.124e-02        0
      77        87   -4.345897e+04   0.000e+00   1.542e-02   9.683e-02        0
      78        88   -4.345788e+04   0.000e+00   1.734e-02   1.381e-01        0
      79        89   -4.345670e+04   0.000e+00   1.303e-02   1.324e-01        0
      80        90   -4.345590e+04   0.000e+00   3.796e-03   9.329e-02        0
      81        91   -4.345563e+04   0.000e+00   5.438e-04   7.902e-02        0
      82        92   -4.345558e+04   0.000e+00   3.749e-04   2.850e-02        0
      83        93   -4.345556e+04   0.000e+00   9.930e-04   1.342e-02        0
      84        94   -4.345552e+04   0.000e+00   1.096e-03   1.071e-02        0
      85        95   -4.345545e+04   0.000e+00   8.746e-04   9.733e-03        0
      86        96   -4.345535e+04   0.000e+00   1.234e-03   1.875e-02        0
      87        97   -4.345524e+04   0.000e+00   1.767e-03   3.298e-02        0
      88        98   -4.345517e+04   0.000e+00   1.953e-03   3.042e-02        0
      89        99   -4.345515e+04   0.000e+00   1.583e-03   1.494e-02        0
      90       100   -4.345513e+04   0.000e+00   1.148e-03   9.572e-03        0
      91       101   -4.345508e+04   0.000e+00   1.067e-03   1.535e-02        0
      92       102   -4.345497e+04   0.000e+00   1.822e-03   2.987e-02        0
      93       103   -4.345476e+04   0.000e+00   2.632e-03   5.853e-02        0
      94       104   -4.345443e+04   0.000e+00   3.307e-03   9.089e-02        0
      95       105   -4.345415e+04   0.000e+00   1.963e-03   8.078e-02        0
      96       106   -4.345405e+04   0.000e+00   5.493e-02   2.880e-02        0
      97       107   -4.345402e+04   0.000e+00   1.310e-01   2.271e-02        0
      98       108   -4.345400e+04   0.000e+00   1.493e-01   3.985e-02        0
      99       109   -4.345398e+04   0.000e+00   6.626e-02   4.987e-02        0
     100       110   -4.345395e+04   0.000e+00   7.653e-02   4.375e-02        0
     101       111   -4.345392e+04   0.000e+00   2.547e-01   4.249e-02        0
     102       112   -4.345388e+04   0.000e+00   4.385e-01   3.773e-02        0
     103       113   -4.345381e+04   0.000e+00   5.197e-01   2.988e-02        0
     104       114   -4.345375e+04   0.000e+00   3.479e-01   3.239e-02        0
     105       115   -4.345374e+04   0.000e+00   1.076e-01   3.219e-02        0
     106       116   -4.345374e+04   0.000e+00   1.231e-02   1.222e-02        0
     107       117   -4.345374e+04   0.000e+00   8.172e-03   2.325e-03        0
     108       118   -4.345373e+04   0.000e+00   3.144e-02   2.359e-03        0
     109       119   -4.345373e+04   0.000e+00   5.633e-02   2.593e-03        0
     110       120   -4.345373e+04   0.000e+00   7.191e-02   2.706e-03        0
     111       121   -4.345373e+04   0.000e+00   5.131e-02   3.419e-03        0
     112       122   -4.345373e+04   0.000e+00   1.680e-02   2.897e-03        0
     113       123   -4.345373e+04   0.000e+00   1.986e-03   1.406e-03        0
     114       124   -4.345373e+04   0.000e+00   5.958e-05   1.352e-04        0
     115       125   -4.345373e+04   0.000e+00   1.414e-05   8.304e-05        0
     116       126   -4.345373e+04   0.000e+00   1.608e-06   3.497e-07        2
     117       127   -4.345373e+04   0.000e+00   4.529e-05   8.633e-05        0
     118       128   -4.345373e+04   0.000e+00   5.481e-07   8.155e-05        0
     119       129   -4.345373e+04   0.000e+00   5.144e-06   6.299e-05        0
     120       130   -4.345373e+04   0.000e+00   4.885e-06   6.298e-05        0
     121       131   -4.345373e+04   0.000e+00   4.296e-06   5.284e-05        0
     122       132   -4.345373e+04   0.000e+00   5.240e-06   2.998e-07        7
     123       133   -4.345373e+04   0.000e+00   7.734e-07   7.451e-12        1
     124       134   -4.345373e+04   0.000e+00   9.949e-06   1.898e-04        0
     125       135   -4.345373e+04   0.000e+00   1.383e-05   5.802e-05       25
     126       136   -4.345373e+04   0.000e+00   1.558e-06   9.724e-05        0
     127       137   -4.345373e+04   0.000e+00   8.916e-06   9.826e-06        0
     128       138   -4.345373e+04   0.000e+00   1.130e-06   9.822e-06        0
     129       139   -4.345373e+04   0.000e+00   1.457e-08   8.042e-06       25
     130       140   -4.345373e+04   0.000e+00   1.007e-06   2.135e-06        0
     131       141   -4.345373e+04   0.000e+00   3.745e-09   1.503e-12        1

EXIT: Locally optimal solution found.

Final Statistics
----------------
Final objective value               =  -4.34537281589562e+04
Final feasibility error (abs / rel) =   0.00e+00 / 0.00e+00
Final optimality error  (abs / rel) =   3.74e-09 / 3.74e-09
# of iterations                     =        131 
# of CG iterations                  =         61 
# of function evaluations           =        141
# of gradient evaluations           =        132
Total program time (secs)           =   57418.41016 (1200525.750 CPU time)
Time spent in evaluations (secs)    =   57103.16797

Solution Vector
---------------
x[       0] =   3.69782273835e+00
x[       1] =   2.79887109384e+00
x[       2] =   2.93007826444e+00
x[       3] =   3.63814342665e+00
x[       4] =   3.86447112605e+00
x[       5] =   3.45812080391e+00
x[       6] =   4.42871706773e+00
x[       7] =  -1.85001013359e+00
x[       8] =  -7.47228635032e-01
x[       9] =  -7.50186259735e+00
x[      10] =   1.60404555403e-01
x[      11] =  -1.61213683642e-04
x[      12] =   2.41751588937e+00
x[      13] =   3.17247419168e+00
x[      14] =   2.52111023253e+00
x[      15] =   2.89544115542e+00
x[      16] =   9.05368059987e-01
x[      17] =   9.72355802167e-01
x[      18] =   1.03892880808e+00
x[      19] =   9.76320014576e-01
x[      20] =   8.66887189708e-01
x[      21] =   8.84209859543e-01
x[      22] =   4.64483210609e-01

===============================================================================

