
Solving from new start point (number 26 of 42) <multistart>.


=======================================
*** NO CHECK MADE FOR LICENSE ***
         Artelys Knitro 12.3.0
=======================================

Knitro presolve eliminated 0 variables and 0 constraints.

algorithm:               4
bar_maxcrossit:          3
datacheck:               0
feastol:                 1e-08
hessopt:                 2
maxtime_cpu:             9.90074e+07
maxtime_real:            9.99523e+07
opttol:                  1e-08
outlev:                  5
outmode:                 2
par_concurrent_evals:    0
The problem is identified as bound constrained only.
Knitro changing act_qpalg from AUTO to 3.
Knitro changing honorbnds from AUTO to -1.
Knitro changing linesearch from AUTO to 2.
Knitro changing linsolver from AUTO to 4.

Problem Characteristics                                 (   Presolved)
-----------------------
Objective goal:  Maximize
Objective type:  general
Number of variables:                                 23 (          23)
    bounded below only:                               0 (           0)
    bounded above only:                               0 (           0)
    bounded below and above:                         23 (          23)
    fixed:                                            0 (           0)
    free:                                             0 (           0)
Number of constraints:                                0 (           0)
    linear equalities:                                0 (           0)
    quadratic equalities:                             0 (           0)
    gen. nonlinear equalities:                        0 (           0)
    linear one-sided inequalities:                    0 (           0)
    quadratic one-sided inequalities:                 0 (           0)
    gen. nonlinear one-sided inequalities:            0 (           0)
    linear two-sided inequalities:                    0 (           0)
    quadratic two-sided inequalities:                 0 (           0)
    gen. nonlinear two-sided inequalities:            0 (           0)
Number of nonzeros in Jacobian:                       0 (           0)
Number of nonzeros in Hessian:                        0 (         276)

Knitro using the Sequential Quadratic Programming (SQP) algorithm.

  Iter     fCount     Objective      FeasError   OptError    ||Step||    CGits 
--------  --------  --------------  ----------  ----------  ----------  -------
       0         1   -6.492683e+04   0.000e+00
       1         2   -4.895102e+04   0.000e+00   9.428e+01   5.689e-01        0
       2         5   -4.702501e+04   0.000e+00   3.744e+00   1.085e-01        0
       3         6   -4.653458e+04   0.000e+00   3.382e-01   2.055e-01        0
       4         7   -4.607863e+04   0.000e+00   5.352e+00   1.331e-01        0
       5         8   -4.586348e+04   0.000e+00   2.299e-02   1.177e-01        0
       6         9   -4.572279e+04   0.000e+00   2.408e+00   1.051e-01        0
       7        10   -4.551158e+04   0.000e+00   9.312e+00   2.205e-01        0
       8        11   -4.537809e+04   0.000e+00   9.037e+00   1.635e-01        0
       9        12   -4.525225e+04   0.000e+00   9.891e-01   1.779e-01        0
      10        13   -4.516111e+04   0.000e+00   7.515e-02   1.280e-01        0
      11        14   -4.497666e+04   0.000e+00   1.709e-01   2.667e-01        0
      12        15   -4.483501e+04   0.000e+00   1.575e-01   2.862e-01        0
      13        16   -4.463182e+04   0.000e+00   9.946e-02   3.497e-01        0
      14        17   -4.439233e+04   0.000e+00   2.869e-02   4.687e-01        0
      15        18   -4.430091e+04   0.000e+00   1.832e+00   1.301e-01        0
      16        19   -4.423028e+04   0.000e+00   2.075e+00   1.008e-01        0
      17        20   -4.418616e+04   0.000e+00   3.396e-01   7.403e-02        0
      18        21   -4.414310e+04   0.000e+00   1.263e-02   9.067e-02        0
      19        22   -4.409556e+04   0.000e+00   5.347e-02   1.194e-01        0
      20        23   -4.404728e+04   0.000e+00   7.156e-02   1.544e-01        0
      21        24   -4.401067e+04   0.000e+00   4.953e-02   1.429e-01        0
      22        25   -4.397772e+04   0.000e+00   8.322e-03   1.456e-01        0
      23        26   -4.393832e+04   0.000e+00   6.326e-01   1.658e-01        0
      24        27   -4.387445e+04   0.000e+00   4.305e+00   2.508e-01        0
      25        28   -4.378403e+04   0.000e+00   7.116e+00   3.197e-01        0
      26        29   -4.370199e+04   0.000e+00   4.693e+00   2.669e-01        0
      27        30   -4.367240e+04   0.000e+00   2.833e-02   7.908e-02        0
      28        31   -4.366420e+04   0.000e+00   8.252e-03   4.432e-02        0
      29        32   -4.365982e+04   0.000e+00   1.870e-02   2.372e-02        0
      30        33   -4.364864e+04   0.000e+00   3.010e-02   5.454e-02        0
      31        34   -4.363661e+04   0.000e+00   2.999e-02   8.957e-02        0
      32        35   -4.362720e+04   0.000e+00   1.103e-02   1.259e-01        0
      33        36   -4.362280e+04   0.000e+00   2.779e-03   6.814e-02        0
      34        37   -4.361925e+04   0.000e+00   1.303e-02   5.691e-02        0
      35        38   -4.361297e+04   0.000e+00   2.042e-02   6.329e-02        0
      36        39   -4.360273e+04   0.000e+00   2.595e-02   1.004e-01        0
      37        40   -4.359094e+04   0.000e+00   1.525e-02   1.197e-01        0
      38        41   -4.358327e+04   0.000e+00   3.212e-03   9.037e-02        0
      39        42   -4.357917e+04   0.000e+00   1.094e-02   6.300e-02        0
      40        43   -4.357600e+04   0.000e+00   1.326e-02   3.244e-02        0
      41        44   -4.357214e+04   0.000e+00   1.221e-02   4.141e-02        0
      42        45   -4.356871e+04   0.000e+00   2.750e-03   4.212e-02        0
      43        46   -4.356665e+04   0.000e+00   8.434e-03   3.441e-02        0
      44        47   -4.356526e+04   0.000e+00   1.260e-02   2.741e-02        0
      45        48   -4.356409e+04   0.000e+00   9.140e-03   2.119e-02        0
      46        49   -4.356314e+04   0.000e+00   2.348e-03   1.847e-02        0
      47        50   -4.356215e+04   0.000e+00   6.354e-03   1.873e-02        0
      48        51   -4.356061e+04   0.000e+00   1.519e-02   2.913e-02        0
      49        52   -4.355773e+04   0.000e+00   2.426e-02   5.601e-02        0
      50        53   -4.355300e+04   0.000e+00   2.685e-02   9.965e-02        0
      51        54   -4.354759e+04   0.000e+00   1.680e-02   1.262e-01        0
      52        55   -4.354372e+04   0.000e+00   3.425e-03   9.075e-02        0
      53        56   -4.354082e+04   0.000e+00   1.360e-02   5.183e-02        0
      54        57   -4.353738e+04   0.000e+00   2.216e-02   5.707e-02        0
      55        58   -4.353377e+04   0.000e+00   1.969e-02   7.144e-02        0
      56        59   -4.353139e+04   0.000e+00   9.504e-03   7.218e-02        0
      57        60   -4.353045e+04   0.000e+00   8.602e-04   4.278e-02        0
      58        61   -4.353009e+04   0.000e+00   3.223e-03   2.193e-02        0
      59        62   -4.352971e+04   0.000e+00   5.921e-03   1.575e-02        0
      60        63   -4.352875e+04   0.000e+00   6.111e-03   3.891e-02        0
      61        64   -4.352638e+04   0.000e+00   1.004e-02   8.108e-02        0
      62        65   -4.352073e+04   0.000e+00   8.925e-03   2.000e-01        0
      63        66   -4.351056e+04   0.000e+00   1.193e-02   3.690e-01        0
      64        67   -4.350150e+04   0.000e+00   5.746e-03   3.718e-01        0
      65        68   -4.349671e+04   0.000e+00   6.348e-03   1.058e-01        0
      66        69   -4.349446e+04   0.000e+00   1.786e-03   6.836e-02        0
      67        70   -4.349419e+04   0.000e+00   6.891e-04   5.498e-02        0
      68        71   -4.349401e+04   0.000e+00   5.912e-04   1.879e-02        0
      69        72   -4.349359e+04   0.000e+00   5.914e-04   2.633e-02        0
      70        73   -4.349289e+04   0.000e+00   1.306e-03   2.062e-02        0
      71        74   -4.349129e+04   0.000e+00   2.409e-03   5.312e-02        0
      72        75   -4.348886e+04   0.000e+00   3.030e-03   1.114e-01        0
      73        76   -4.348670e+04   0.000e+00   2.455e-03   1.324e-01        0
      74        77   -4.348582e+04   0.000e+00   1.214e-03   6.558e-02        0
      75        78   -4.348561e+04   0.000e+00   5.999e-04   1.853e-02        0
      76        79   -4.348550e+04   0.000e+00   7.155e-04   8.626e-03        0
      77        80   -4.348518e+04   0.000e+00   1.630e-03   1.702e-02        0
      78        81   -4.348445e+04   0.000e+00   2.691e-03   3.450e-02        0
      79        82   -4.348268e+04   0.000e+00   4.403e-03   8.393e-02        0
      80        83   -4.347909e+04   0.000e+00   6.292e-03   1.812e-01        0
      81        84   -4.347360e+04   0.000e+00   7.974e-03   2.955e-01        0
      82        85   -4.346875e+04   0.000e+00   3.807e-03   2.768e-01        0
      83        86   -4.346709e+04   0.000e+00   9.960e-04   1.008e-01        0
      84        87   -4.346682e+04   0.000e+00   1.010e-03   2.620e-02        0
      85        88   -4.346669e+04   0.000e+00   1.003e-03   1.763e-02        0
      86        89   -4.346637e+04   0.000e+00   9.745e-04   2.446e-02        0
      87        90   -4.346564e+04   0.000e+00   2.069e-03   3.116e-02        0
      88        91   -4.346399e+04   0.000e+00   2.417e-03   6.473e-02        0
      89        92   -4.346102e+04   0.000e+00   4.273e-02   1.515e-01        0
      90        93   -4.345750e+04   0.000e+00   1.590e-01   2.485e-01        0
      91        94   -4.345552e+04   0.000e+00   2.463e-01   1.833e-01        0
      92        95   -4.345515e+04   0.000e+00   3.758e-03   4.794e-02        0
      93        98   -4.345513e+04   0.000e+00   9.433e-02   3.970e-02        0
      94       101   -4.345510e+04   0.000e+00   2.821e-01   1.637e-02        0
      95       102   -4.345505e+04   0.000e+00   1.800e-01   6.920e-02        0
      96       103   -4.345500e+04   0.000e+00   6.469e-03   3.656e-02        0
      97       104   -4.345495e+04   0.000e+00   1.339e-01   5.689e-02        0
      98       105   -4.345491e+04   0.000e+00   1.768e-01   2.173e-02        0
      99       106   -4.345483e+04   0.000e+00   1.874e-01   3.773e-02        0
     100       107   -4.345467e+04   0.000e+00   1.562e-01   3.596e-02        0
     101       108   -4.345441e+04   0.000e+00   6.360e-02   3.457e-02        0
     102       109   -4.345413e+04   0.000e+00   4.852e-02   3.180e-02        0
     103       110   -4.345400e+04   0.000e+00   1.259e-03   4.057e-02        0
     104       111   -4.345398e+04   0.000e+00   3.779e-04   1.794e-02        0
     105       112   -4.345397e+04   0.000e+00   3.156e-03   5.301e-03        0
     106       113   -4.345397e+04   0.000e+00   2.288e-02   4.898e-03        0
     107       114   -4.345395e+04   0.000e+00   2.889e-02   5.464e-03        0
     108       115   -4.345392e+04   0.000e+00   3.566e-02   6.051e-03        0
     109       116   -4.345387e+04   0.000e+00   2.206e-02   9.738e-03        0
     110       117   -4.345382e+04   0.000e+00   8.204e-02   1.531e-02        0
     111       118   -4.345381e+04   0.000e+00   2.794e-02   1.221e-02        0
     112       119   -4.345380e+04   0.000e+00   3.591e-03   2.925e-03        0
     113       120   -4.345380e+04   0.000e+00   4.925e-04   2.380e-03        0
     114       121   -4.345380e+04   0.000e+00   1.200e-04   1.168e-03        0
     115       122   -4.345380e+04   0.000e+00   2.498e-04   1.386e-03        0
     116       123   -4.345380e+04   0.000e+00   4.058e-04   1.895e-03        0
     117       124   -4.345380e+04   0.000e+00   5.269e-04   2.820e-03        0
     118       125   -4.345379e+04   0.000e+00   4.212e-04   3.372e-03        0
     119       126   -4.345379e+04   0.000e+00   1.683e-04   3.109e-03        0
     120       127   -4.345379e+04   0.000e+00   1.372e-05   1.858e-03        0
     121       128   -4.345379e+04   0.000e+00   7.614e-04   3.651e-04        0
     122       129   -4.345379e+04   0.000e+00   2.433e-03   3.675e-04        0
     123       130   -4.345379e+04   0.000e+00   5.114e-03   5.315e-04        0
     124       131   -4.345379e+04   0.000e+00   9.348e-03   9.841e-04        0
     125       132   -4.345379e+04   0.000e+00   1.568e-02   2.287e-03        0
     126       133   -4.345378e+04   0.000e+00   2.502e-02   5.793e-03        0
     127       134   -4.345377e+04   0.000e+00   3.593e-02   1.366e-02        0
     128       135   -4.345376e+04   0.000e+00   9.176e-03   2.775e-02        0
     129       136   -4.345374e+04   0.000e+00   9.784e-03   3.587e-02        0
     130       137   -4.345373e+04   0.000e+00   1.734e-02   2.340e-02        0
     131       138   -4.345373e+04   0.000e+00   4.411e-05   4.667e-03        0
     132       139   -4.345373e+04   0.000e+00   3.663e-06   2.771e-03        0
     133       140   -4.345373e+04   0.000e+00   6.290e-05   6.136e-04        0
     134       141   -4.345373e+04   0.000e+00   1.587e-07   1.268e-09        1
     135       142   -4.345373e+04   0.000e+00   3.112e-08   1.035e-04        0
     136       143   -4.345373e+04   0.000e+00   7.305e-08   1.278e-04        0
     137       144   -4.345373e+04   0.000e+00   1.362e-08   1.264e-06        0
     138       145   -4.345373e+04   0.000e+00   6.043e-09   1.118e-06        0

EXIT: Locally optimal solution found.

Final Statistics
----------------
Final objective value               =  -4.34537281589562e+04
Final feasibility error (abs / rel) =   0.00e+00 / 0.00e+00
Final optimality error  (abs / rel) =   6.04e-09 / 6.04e-09
# of iterations                     =        138 
# of CG iterations                  =          1 
# of function evaluations           =        145
# of gradient evaluations           =        139
Total program time (secs)           =   56192.32812 (1091716.500 CPU time)
Time spent in evaluations (secs)    =   55752.46875

Solution Vector
---------------
x[       0] =   3.69782277723e+00
x[       1] =   2.79887113070e+00
x[       2] =   2.93007830601e+00
x[       3] =   3.63814343434e+00
x[       4] =   3.86447114772e+00
x[       5] =   3.45812082072e+00
x[       6] =   4.42871710086e+00
x[       7] =  -1.85001014182e+00
x[       8] =  -7.47228636415e-01
x[       9] =  -7.50186247314e+00
x[      10] =   1.60404550556e-01
x[      11] =  -1.61213641332e-04
x[      12] =   2.41751588491e+00
x[      13] =   3.17247420277e+00
x[      14] =   2.52111023347e+00
x[      15] =   2.89544113713e+00
x[      16] =   9.05368059553e-01
x[      17] =   9.72355786920e-01
x[      18] =   1.03892881959e+00
x[      19] =   9.76320011621e-01
x[      20] =   8.66887203881e-01
x[      21] =   8.84209848768e-01
x[      22] =   4.64483212986e-01

===============================================================================

