
Solving from new start point (number 8 of 42) <multistart>.


=======================================
*** NO CHECK MADE FOR LICENSE ***
         Artelys Knitro 12.3.0
=======================================

Knitro presolve eliminated 0 variables and 0 constraints.

algorithm:               4
bar_maxcrossit:          3
datacheck:               0
feastol:                 1e-08
hessopt:                 2
maxtime_cpu:             9.99994e+07
maxtime_real:            9.99997e+07
opttol:                  1e-08
outlev:                  5
outmode:                 2
par_concurrent_evals:    0
The problem is identified as bound constrained only.
Knitro changing act_qpalg from AUTO to 3.
Knitro changing honorbnds from AUTO to -1.
Knitro changing linesearch from AUTO to 2.
Knitro changing linsolver from AUTO to 4.

Problem Characteristics                                 (   Presolved)
-----------------------
Objective goal:  Maximize
Objective type:  general
Number of variables:                                 23 (          23)
    bounded below only:                               0 (           0)
    bounded above only:                               0 (           0)
    bounded below and above:                         23 (          23)
    fixed:                                            0 (           0)
    free:                                             0 (           0)
Number of constraints:                                0 (           0)
    linear equalities:                                0 (           0)
    quadratic equalities:                             0 (           0)
    gen. nonlinear equalities:                        0 (           0)
    linear one-sided inequalities:                    0 (           0)
    quadratic one-sided inequalities:                 0 (           0)
    gen. nonlinear one-sided inequalities:            0 (           0)
    linear two-sided inequalities:                    0 (           0)
    quadratic two-sided inequalities:                 0 (           0)
    gen. nonlinear two-sided inequalities:            0 (           0)
Number of nonzeros in Jacobian:                       0 (           0)
Number of nonzeros in Hessian:                        0 (         276)

Knitro using the Sequential Quadratic Programming (SQP) algorithm.

  Iter     fCount     Objective      FeasError   OptError    ||Step||    CGits 
--------  --------  --------------  ----------  ----------  ----------  -------
       0         1   -5.241150e+04   0.000e+00
       1         4   -5.006625e+04   0.000e+00   1.698e+00   4.956e-02        0
       2         6   -4.833429e+04   0.000e+00   2.424e+00   4.154e-01        0
       3         7   -4.747998e+04   0.000e+00   1.377e+00   1.936e-01        0
       4         8   -4.657713e+04   0.000e+00   5.410e-01   8.948e-02        0
       5         9   -4.567301e+04   0.000e+00   3.075e+01   2.457e-01        0
       6        10   -4.517732e+04   0.000e+00   2.523e+01   1.974e-01        0
       7        11   -4.464739e+04   0.000e+00   7.532e-01   3.636e-01        0
       8        12   -4.455551e+04   0.000e+00   7.200e-02   8.398e-02        0
       9        13   -4.443981e+04   0.000e+00   1.570e-01   1.551e-01        0
      10        14   -4.436857e+04   0.000e+00   1.241e-01   9.716e-02        0
      11        15   -4.431193e+04   0.000e+00   4.293e-02   7.925e-02        0
      12        16   -4.426047e+04   0.000e+00   7.815e-01   9.822e-02        0
      13        17   -4.421976e+04   0.000e+00   4.492e+00   9.002e-02        0
      14        18   -4.417210e+04   0.000e+00   4.886e+00   1.128e-01        0
      15        19   -4.413198e+04   0.000e+00   3.489e-02   1.057e-01        0
      16        20   -4.409518e+04   0.000e+00   8.116e-02   9.775e-02        0
      17        21   -4.402540e+04   0.000e+00   2.096e-01   2.067e-01        0
      18        22   -4.393647e+04   0.000e+00   2.605e-01   2.941e-01        0
      19        23   -4.382503e+04   0.000e+00   2.284e-01   4.199e-01        0
      20        24   -4.375194e+04   0.000e+00   1.038e-01   3.279e-01        0
      21        25   -4.371080e+04   0.000e+00   1.159e-02   1.082e-01        0
      22        26   -4.365953e+04   0.000e+00   4.891e+00   1.014e-01        0
      23        27   -4.362466e+04   0.000e+00   5.983e+00   8.930e-02        0
      24        28   -4.359166e+04   0.000e+00   2.892e+00   1.214e-01        0
      25        29   -4.357468e+04   0.000e+00   4.101e-03   8.023e-02        0
      26        30   -4.357028e+04   0.000e+00   3.426e-02   1.875e-02        0
      27        31   -4.356629e+04   0.000e+00   3.879e-02   2.297e-02        0
      28        32   -4.356082e+04   0.000e+00   2.676e-02   3.875e-02        0
      29        33   -4.355437e+04   0.000e+00   1.215e-02   4.692e-02        0
      30        34   -4.354771e+04   0.000e+00   2.528e-01   5.306e-02        0
      31        35   -4.354281e+04   0.000e+00   9.494e-01   4.939e-02        0
      32        36   -4.353994e+04   0.000e+00   2.209e-02   2.902e-02        0
      33        37   -4.353772e+04   0.000e+00   7.303e-03   2.353e-02        0
      34        38   -4.353512e+04   0.000e+00   3.722e-02   2.772e-02        0
      35        39   -4.353169e+04   0.000e+00   5.690e-02   4.220e-02        0
      36        40   -4.352780e+04   0.000e+00   5.495e-02   5.344e-02        0
      37        41   -4.352468e+04   0.000e+00   3.099e-02   4.556e-02        0
      38        42   -4.352304e+04   0.000e+00   2.633e-03   2.317e-02        0
      39        43   -4.352232e+04   0.000e+00   1.139e-02   1.173e-02        0
      40        44   -4.352152e+04   0.000e+00   1.963e-02   1.228e-02        0
      41        45   -4.351961e+04   0.000e+00   2.739e-02   2.997e-02        0
      42        46   -4.351573e+04   0.000e+00   2.335e-01   6.557e-02        0
      43        47   -4.350919e+04   0.000e+00   6.404e-02   1.276e-01        0
      44        48   -4.350272e+04   0.000e+00   1.058e-02   1.517e-01        0
      45        49   -4.349943e+04   0.000e+00   3.221e-03   8.312e-02        0
      46        50   -4.349791e+04   0.000e+00   6.958e-03   2.580e-02        0
      47        51   -4.349657e+04   0.000e+00   8.418e-03   1.480e-02        0
      48        52   -4.349478e+04   0.000e+00   6.268e-03   2.213e-02        0
      49        53   -4.349308e+04   0.000e+00   3.877e-03   4.070e-02        0
      50        54   -4.349223e+04   0.000e+00   7.955e-04   3.613e-02        0
      51        55   -4.349191e+04   0.000e+00   1.031e-03   2.092e-02        0
      52        56   -4.349159e+04   0.000e+00   2.526e-03   1.466e-02        0
      53        57   -4.349078e+04   0.000e+00   3.705e-03   3.130e-02        0
      54        58   -4.348892e+04   0.000e+00   5.568e-03   6.484e-02        0
      55        59   -4.348533e+04   0.000e+00   5.350e-03   1.250e-01        0
      56        60   -4.348083e+04   0.000e+00   2.594e-03   1.651e-01        0
      57        61   -4.347790e+04   0.000e+00   1.534e-03   1.043e-01        0
      58        62   -4.347672e+04   0.000e+00   1.616e-03   3.083e-02        0
      59        63   -4.347611e+04   0.000e+00   2.221e-03   2.089e-02        0
      60        64   -4.347535e+04   0.000e+00   4.691e-03   1.557e-02        0
      61        65   -4.347426e+04   0.000e+00   7.081e-03   2.408e-02        0
      62        66   -4.347331e+04   0.000e+00   6.475e-03   5.353e-02        0
      63        67   -4.347281e+04   0.000e+00   3.124e-03   5.354e-02        0
      64        68   -4.347254e+04   0.000e+00   7.169e-04   3.439e-02        0
      65        69   -4.347218e+04   0.000e+00   5.418e-03   3.631e-02        0
      66        70   -4.347133e+04   0.000e+00   2.702e-01   6.616e-02        0
      67        71   -4.346945e+04   0.000e+00   9.472e-01   1.225e-01        0
      68        72   -4.346592e+04   0.000e+00   1.658e+00   2.097e-01        0
      69        73   -4.346176e+04   0.000e+00   1.889e+00   2.372e-01        0
      70        74   -4.345910e+04   0.000e+00   1.426e+00   1.079e-01        0
      71        75   -4.345793e+04   0.000e+00   5.321e-01   7.898e-02        0
      72        76   -4.345776e+04   0.000e+00   3.439e-02   5.460e-02        0
      73        77   -4.345773e+04   0.000e+00   2.896e-04   9.557e-03        0
      74        78   -4.345767e+04   0.000e+00   4.795e-03   9.042e-03        0
      75        79   -4.345758e+04   0.000e+00   9.029e-03   5.153e-03        0
      76        80   -4.345736e+04   0.000e+00   1.478e-02   1.619e-02        0
      77        81   -4.345699e+04   0.000e+00   1.845e-02   3.431e-02        0
      78        82   -4.345657e+04   0.000e+00   1.533e-02   4.760e-02        0
      79        83   -4.345634e+04   0.000e+00   6.622e-03   2.756e-02        0
      80        84   -4.345629e+04   0.000e+00   6.103e-04   4.081e-03        0
      81        85   -4.345628e+04   0.000e+00   2.093e-02   3.961e-03        0
      82        86   -4.345626e+04   0.000e+00   7.949e-02   3.994e-03        0
      83        87   -4.345622e+04   0.000e+00   1.744e-01   6.439e-03        0
      84        88   -4.345613e+04   0.000e+00   2.958e-01   9.120e-03        0
      85        89   -4.345596e+04   0.000e+00   4.102e-01   1.930e-02        0
      86        92   -4.345594e+04   0.000e+00   8.476e-02   1.610e-02        0
      87        95   -4.345568e+04   0.000e+00   3.330e-01   7.353e-02        0
      88        96   -4.345556e+04   0.000e+00   1.637e-01   1.872e-02        0
      89        97   -4.345549e+04   0.000e+00   4.589e-02   3.966e-02        0
      90        98   -4.345548e+04   0.000e+00   7.234e-04   7.025e-03        0
      91        99   -4.345548e+04   0.000e+00   9.329e-03   1.019e-02        0
      92       100   -4.345547e+04   0.000e+00   4.421e-02   6.251e-03        0
      93       101   -4.345545e+04   0.000e+00   1.179e-01   1.430e-02        0
      94       102   -4.345541e+04   0.000e+00   9.434e-02   2.287e-02        0
      95       103   -4.345533e+04   0.000e+00   7.540e-03   4.083e-02        0
      96       104   -4.345519e+04   0.000e+00   8.217e-03   5.221e-02        0
      97       105   -4.345508e+04   0.000e+00   5.229e-03   3.621e-02        0
      98       106   -4.345504e+04   0.000e+00   1.342e-03   1.151e-02        0
      99       107   -4.345503e+04   0.000e+00   1.629e-02   1.130e-02        0
     100       108   -4.345503e+04   0.000e+00   5.104e-02   7.290e-03        0
     101       109   -4.345501e+04   0.000e+00   1.082e-01   1.156e-02        0
     102       110   -4.345497e+04   0.000e+00   1.881e-01   1.363e-02        0
     103       111   -4.345487e+04   0.000e+00   3.031e-01   1.770e-02        0
     104       112   -4.345467e+04   0.000e+00   4.223e-01   4.237e-02        0
     105       113   -4.345436e+04   0.000e+00   4.503e-01   1.030e-01        0
     106       114   -4.345409e+04   0.000e+00   2.830e-01   1.408e-01        0
     107       115   -4.345401e+04   0.000e+00   4.333e-02   3.198e-02        0
     108       116   -4.345401e+04   0.000e+00   4.688e-05   8.476e-03        0
     109       117   -4.345401e+04   0.000e+00   8.028e-05   3.083e-03        0
     110       118   -4.345401e+04   0.000e+00   1.531e-04   2.758e-03        0
     111       119   -4.345400e+04   0.000e+00   2.507e-04   4.633e-03        0
     112       120   -4.345400e+04   0.000e+00   4.076e-04   5.902e-03        0
     113       121   -4.345399e+04   0.000e+00   5.788e-04   6.987e-03        0
     114       122   -4.345397e+04   0.000e+00   6.776e-04   1.012e-02        0
     115       123   -4.345395e+04   0.000e+00   5.035e-04   1.959e-02        0
     116       124   -4.345394e+04   0.000e+00   1.826e-04   1.930e-02        0
     117       125   -4.345393e+04   0.000e+00   3.298e-05   7.650e-03        0
     118       126   -4.345393e+04   0.000e+00   3.262e-05   2.513e-03        0
     119       127   -4.345393e+04   0.000e+00   7.699e-05   2.518e-03        0
     120       128   -4.345393e+04   0.000e+00   1.607e-04   3.508e-03        0
     121       129   -4.345392e+04   0.000e+00   2.815e-04   6.003e-03        0
     122       130   -4.345391e+04   0.000e+00   3.888e-04   8.903e-03        0
     123       131   -4.345390e+04   0.000e+00   3.854e-04   1.289e-02        0
     124       132   -4.345388e+04   0.000e+00   2.144e-04   1.289e-02        0
     125       133   -4.345388e+04   0.000e+00   5.313e-05   7.391e-03        0
     126       134   -4.345388e+04   0.000e+00   5.110e-05   3.794e-03        0
     127       135   -4.345388e+04   0.000e+00   4.899e-05   1.183e-03        0
     128       136   -4.345388e+04   0.000e+00   1.681e-04   3.283e-03        0
     129       137   -4.345387e+04   0.000e+00   2.598e-04   3.229e-03        0
     130       138   -4.345385e+04   0.000e+00   3.859e-04   9.321e-03        0
     131       139   -4.345383e+04   0.000e+00   4.206e-04   2.231e-02        0
     132       140   -4.345379e+04   0.000e+00   2.655e-03   5.091e-02        0
     133       141   -4.345375e+04   0.000e+00   8.959e-03   7.066e-02        0
     134       142   -4.345373e+04   0.000e+00   5.382e-03   4.852e-02        0
     135       143   -4.345373e+04   0.000e+00   1.372e-03   7.476e-03        0
     136       144   -4.345373e+04   0.000e+00   1.695e-04   2.781e-03        0
     137       147   -4.345373e+04   0.000e+00   1.828e-04   3.163e-04        0
     138       148   -4.345373e+04   0.000e+00   2.903e-05   1.671e-04        0
     139       149   -4.345373e+04   0.000e+00   2.022e-05   1.416e-04        0
     140       150   -4.345373e+04   0.000e+00   3.305e-07   4.187e-06        6
     141       151   -4.345373e+04   0.000e+00   1.323e-07   2.110e-04        0
     142       152   -4.345373e+04   0.000e+00   1.445e-05   1.754e-04        0
     143       153   -4.345373e+04   0.000e+00   7.296e-06   1.738e-04        0
     144       154   -4.345373e+04   0.000e+00   1.193e-05   2.431e-05       10
     145       156   -4.345373e+04   0.000e+00   2.418e-05   3.476e-04        0
     146       157   -4.345373e+04   0.000e+00   1.542e-05   3.763e-04        0
     147       158   -4.345373e+04   0.000e+00   4.780e-07   7.596e-11        1
     148       159   -4.345373e+04   0.000e+00   1.038e-08   1.563e-05        0
     149       160   -4.345373e+04   0.000e+00   5.555e-09   8.047e-06        0

EXIT: Locally optimal solution found.

Final Statistics
----------------
Final objective value               =  -4.34537281589562e+04
Final feasibility error (abs / rel) =   0.00e+00 / 0.00e+00
Final optimality error  (abs / rel) =   5.56e-09 / 5.56e-09
# of iterations                     =        149 
# of CG iterations                  =         17 
# of function evaluations           =        160
# of gradient evaluations           =        150
Total program time (secs)           =   65082.82031 (1360910.625 CPU time)
Time spent in evaluations (secs)    =   64913.21094

Solution Vector
---------------
x[       0] =   3.69782281730e+00
x[       1] =   2.79887123390e+00
x[       2] =   2.93007833240e+00
x[       3] =   3.63814349645e+00
x[       4] =   3.86447121006e+00
x[       5] =   3.45812087258e+00
x[       6] =   4.42871713004e+00
x[       7] =  -1.85001015334e+00
x[       8] =  -7.47228647578e-01
x[       9] =  -7.50186356955e+00
x[      10] =   1.60404597174e-01
x[      11] =  -1.61214121685e-04
x[      12] =   2.41751586194e+00
x[      13] =   3.17247415277e+00
x[      14] =   2.52111016001e+00
x[      15] =   2.89544116271e+00
x[      16] =   9.05368026159e-01
x[      17] =   9.72355808689e-01
x[      18] =   1.03892880497e+00
x[      19] =   9.76320004855e-01
x[      20] =   8.66887194396e-01
x[      21] =   8.84209876893e-01
x[      22] =   4.64483215168e-01

===============================================================================

