
Solving from new start point (number 18 of 42) <multistart>.


=======================================
*** NO CHECK MADE FOR LICENSE ***
         Artelys Knitro 12.3.0
=======================================

Knitro presolve eliminated 0 variables and 0 constraints.

algorithm:               4
bar_maxcrossit:          3
datacheck:               0
feastol:                 1e-08
hessopt:                 2
maxtime_cpu:             9.99994e+07
maxtime_real:            9.99997e+07
opttol:                  1e-08
outlev:                  5
outmode:                 2
par_concurrent_evals:    0
The problem is identified as bound constrained only.
Knitro changing act_qpalg from AUTO to 3.
Knitro changing honorbnds from AUTO to -1.
Knitro changing linesearch from AUTO to 2.
Knitro changing linsolver from AUTO to 4.

Problem Characteristics                                 (   Presolved)
-----------------------
Objective goal:  Maximize
Objective type:  general
Number of variables:                                 23 (          23)
    bounded below only:                               0 (           0)
    bounded above only:                               0 (           0)
    bounded below and above:                         23 (          23)
    fixed:                                            0 (           0)
    free:                                             0 (           0)
Number of constraints:                                0 (           0)
    linear equalities:                                0 (           0)
    quadratic equalities:                             0 (           0)
    gen. nonlinear equalities:                        0 (           0)
    linear one-sided inequalities:                    0 (           0)
    quadratic one-sided inequalities:                 0 (           0)
    gen. nonlinear one-sided inequalities:            0 (           0)
    linear two-sided inequalities:                    0 (           0)
    quadratic two-sided inequalities:                 0 (           0)
    gen. nonlinear two-sided inequalities:            0 (           0)
Number of nonzeros in Jacobian:                       0 (           0)
Number of nonzeros in Hessian:                        0 (         276)

Knitro using the Sequential Quadratic Programming (SQP) algorithm.

  Iter     fCount     Objective      FeasError   OptError    ||Step||    CGits 
--------  --------  --------------  ----------  ----------  ----------  -------
       0         1   -4.973458e+04   0.000e+00
       1         4   -4.811369e+04   0.000e+00   2.008e+00   5.116e-02        0
       2         5   -4.662071e+04   0.000e+00   3.652e+01   3.808e-01        0
       3         6   -4.595407e+04   0.000e+00   4.736e+01   2.008e-01        0
       4         7   -4.537674e+04   0.000e+00   1.831e-01   1.794e-01        0
       5         8   -4.501492e+04   0.000e+00   2.598e+00   2.437e-01        0
       6         9   -4.470086e+04   0.000e+00   1.415e+01   2.371e-01        0
       7        10   -4.442444e+04   0.000e+00   1.168e+01   2.785e-01        0
       8        11   -4.436817e+04   0.000e+00   1.159e-01   5.043e-02        0
       9        12   -4.433484e+04   0.000e+00   3.754e+00   6.278e-02        0
      10        13   -4.430685e+04   0.000e+00   5.268e+00   5.320e-02        0
      11        14   -4.418900e+04   0.000e+00   6.983e+00   2.789e-01        0
      12        15   -4.411826e+04   0.000e+00   5.139e+00   2.615e-01        0
      13        16   -4.406724e+04   0.000e+00   1.972e+00   1.887e-01        0
      14        17   -4.398393e+04   0.000e+00   6.292e-02   2.857e-01        0
      15        18   -4.390381e+04   0.000e+00   1.342e-01   2.425e-01        0
      16        19   -4.384217e+04   0.000e+00   1.162e-01   1.308e-01        0
      17        20   -4.379388e+04   0.000e+00   4.420e-02   8.409e-02        0
      18        21   -4.374283e+04   0.000e+00   1.629e+00   1.532e-01        0
      19        22   -4.370372e+04   0.000e+00   4.208e+00   1.840e-01        0
      20        23   -4.366791e+04   0.000e+00   4.310e+00   1.760e-01        0
      21        24   -4.362846e+04   0.000e+00   1.822e+00   1.607e-01        0
      22        25   -4.359540e+04   0.000e+00   6.758e-03   1.108e-01        0
      23        26   -4.357711e+04   0.000e+00   4.116e-02   6.748e-02        0
      24        27   -4.356679e+04   0.000e+00   3.256e-02   4.064e-02        0
      25        28   -4.354912e+04   0.000e+00   1.922e-02   7.921e-02        0
      26        29   -4.352964e+04   0.000e+00   1.273e-02   1.075e-01        0
      27        30   -4.351301e+04   0.000e+00   5.570e-03   1.198e-01        0
      28        31   -4.350731e+04   0.000e+00   1.793e-02   7.895e-02        0
      29        32   -4.350489e+04   0.000e+00   3.255e-03   2.122e-02        0
      30        33   -4.350273e+04   0.000e+00   6.587e-03   2.036e-02        0
      31        34   -4.349874e+04   0.000e+00   1.547e-02   3.667e-02        0
      32        35   -4.349605e+04   0.000e+00   1.145e-02   3.588e-02        0
      33        36   -4.349427e+04   0.000e+00   2.262e-03   3.172e-02        0
      34        37   -4.349269e+04   0.000e+00   1.098e-02   2.655e-02        0
      35        38   -4.348944e+04   0.000e+00   1.093e-01   5.006e-02        0
      36        39   -4.348406e+04   0.000e+00   8.652e-01   8.407e-02        0
      37        40   -4.347812e+04   0.000e+00   9.191e-01   9.907e-02        0
      38        41   -4.347485e+04   0.000e+00   8.839e-02   5.579e-02        0
      39        42   -4.347399e+04   0.000e+00   3.554e-03   1.962e-02        0
      40        43   -4.347368e+04   0.000e+00   3.224e-03   9.260e-03        0
      41        44   -4.347301e+04   0.000e+00   1.364e-02   1.455e-02        0
      42        45   -4.347216e+04   0.000e+00   1.881e-02   2.526e-02        0
      43        46   -4.347136e+04   0.000e+00   1.480e-02   3.116e-02        0
      44        47   -4.347088e+04   0.000e+00   4.407e-03   2.536e-02        0
      45        48   -4.347046e+04   0.000e+00   4.917e-03   1.939e-02        0
      46        49   -4.346972e+04   0.000e+00   1.714e-02   3.004e-02        0
      47        50   -4.346829e+04   0.000e+00   5.506e-01   5.405e-02        0
      48        51   -4.346632e+04   0.000e+00   7.822e-01   7.824e-02        0
      49        52   -4.346490e+04   0.000e+00   1.066e-01   6.028e-02        0
      50        53   -4.346447e+04   0.000e+00   3.503e-03   1.798e-02        0
      51        54   -4.346439e+04   0.000e+00   2.172e-03   1.018e-02        0
      52        55   -4.346432e+04   0.000e+00   4.341e-03   7.139e-03        0
      53        56   -4.346416e+04   0.000e+00   7.248e-03   1.253e-02        0
      54        57   -4.346387e+04   0.000e+00   8.692e-03   1.625e-02        0
      55        58   -4.346339e+04   0.000e+00   7.617e-03   2.964e-02        0
      56        59   -4.346286e+04   0.000e+00   2.291e-03   4.437e-02        0
      57        60   -4.346243e+04   0.000e+00   3.862e-03   4.465e-02        0
      58        61   -4.346200e+04   0.000e+00   8.975e-03   4.104e-02        0
      59        62   -4.346136e+04   0.000e+00   2.039e-02   5.055e-02        0
      60        63   -4.346052e+04   0.000e+00   2.580e-02   5.879e-02        0
      61        64   -4.345981e+04   0.000e+00   5.659e-03   4.700e-02        0
      62        65   -4.345950e+04   0.000e+00   7.488e-04   2.672e-02        0
      63        66   -4.345943e+04   0.000e+00   9.370e-04   1.450e-02        0
      64        67   -4.345940e+04   0.000e+00   1.044e-03   5.003e-03        0
      65        68   -4.345933e+04   0.000e+00   1.106e-03   8.280e-03        0
      66        69   -4.345918e+04   0.000e+00   6.719e-04   1.250e-02        0
      67        70   -4.345881e+04   0.000e+00   8.572e-04   3.011e-02        0
      68        71   -4.345815e+04   0.000e+00   1.322e-03   6.454e-02        0
      69        72   -4.345739e+04   0.000e+00   1.782e-03   9.415e-02        0
      70        73   -4.345697e+04   0.000e+00   1.006e-03   6.528e-02        0
      71        74   -4.345686e+04   0.000e+00   3.373e-04   1.738e-02        0
      72        75   -4.345683e+04   0.000e+00   3.138e-04   6.766e-03        0
      73        76   -4.345679e+04   0.000e+00   4.830e-04   6.413e-03        0
      74        77   -4.345670e+04   0.000e+00   7.937e-04   9.744e-03        0
      75        78   -4.345650e+04   0.000e+00   1.340e-03   1.636e-02        0
      76        79   -4.345618e+04   0.000e+00   1.551e-03   3.811e-02        0
      77        80   -4.345586e+04   0.000e+00   1.106e-03   5.652e-02        0
      78        81   -4.345573e+04   0.000e+00   1.797e-04   3.799e-02        0
      79        82   -4.345571e+04   0.000e+00   1.735e-04   9.903e-03        0
      80        83   -4.345570e+04   0.000e+00   2.510e-04   2.533e-03        0
      81        84   -4.345568e+04   0.000e+00   2.935e-04   4.024e-03        0
      82        85   -4.345563e+04   0.000e+00   4.653e-04   7.070e-03        0
      83        86   -4.345552e+04   0.000e+00   6.372e-04   1.664e-02        0
      84        87   -4.345531e+04   0.000e+00   9.750e-04   3.592e-02        0
      85        88   -4.345503e+04   0.000e+00   1.396e-03   5.604e-02        0
      86        89   -4.345485e+04   0.000e+00   1.899e-02   4.551e-02        0
      87        90   -4.345480e+04   0.000e+00   2.153e-04   1.361e-02        0
      88        91   -4.345479e+04   0.000e+00   1.943e-04   4.188e-03        0
      89        92   -4.345478e+04   0.000e+00   1.716e-04   3.855e-03        0
      90        93   -4.345474e+04   0.000e+00   2.974e-04   5.739e-03        0
      91        94   -4.345466e+04   0.000e+00   5.068e-04   9.986e-03        0
      92        97   -4.345465e+04   0.000e+00   1.100e-01   2.964e-02        0
      93       100   -4.345445e+04   0.000e+00   1.049e-01   5.659e-02        0
      94       101   -4.345429e+04   0.000e+00   1.541e-01   3.674e-02        0
      95       102   -4.345401e+04   0.000e+00   2.551e-01   1.597e-01        0
      96       103   -4.345400e+04   0.000e+00   1.557e-01   1.867e-02        0
      97       104   -4.345398e+04   0.000e+00   2.293e-02   3.265e-02        0
      98       105   -4.345398e+04   0.000e+00   5.947e-02   1.871e-03        0
      99       106   -4.345396e+04   0.000e+00   1.646e-01   7.442e-03        0
     100       107   -4.345394e+04   0.000e+00   2.698e-01   8.617e-03        0
     101       108   -4.345389e+04   0.000e+00   3.412e-01   1.892e-02        0
     102       109   -4.345383e+04   0.000e+00   2.732e-01   2.265e-02        0
     103       110   -4.345381e+04   0.000e+00   1.048e-01   1.297e-02        0
     104       111   -4.345381e+04   0.000e+00   1.303e-02   4.143e-03        0
     105       112   -4.345381e+04   0.000e+00   5.236e-04   3.121e-03        0
     106       113   -4.345380e+04   0.000e+00   5.142e-05   1.370e-03        0
     107       114   -4.345380e+04   0.000e+00   8.389e-05   1.719e-03        0
     108       115   -4.345380e+04   0.000e+00   1.327e-04   2.916e-03        0
     109       116   -4.345380e+04   0.000e+00   2.068e-04   4.293e-03        0
     110       117   -4.345380e+04   0.000e+00   3.200e-04   6.642e-03        0
     111       118   -4.345380e+04   0.000e+00   4.816e-04   1.045e-02        0
     112       119   -4.345378e+04   0.000e+00   6.659e-04   1.816e-02        0
     113       120   -4.345376e+04   0.000e+00   7.232e-04   3.868e-02        0
     114       121   -4.345374e+04   0.000e+00   5.123e-04   4.080e-02        0
     115       122   -4.345373e+04   0.000e+00   5.271e-03   3.762e-02        0
     116       123   -4.345373e+04   0.000e+00   3.791e-04   9.167e-03        0
     117       124   -4.345373e+04   0.000e+00   6.550e-04   2.449e-03        0
     118       125   -4.345373e+04   0.000e+00   2.269e-04   1.099e-03        0
     119       126   -4.345373e+04   0.000e+00   4.699e-04   2.359e-03        0
     120       127   -4.345373e+04   0.000e+00   3.849e-04   2.441e-03        0
     121       128   -4.345373e+04   0.000e+00   4.561e-05   1.311e-03        0
     122       129   -4.345373e+04   0.000e+00   6.855e-04   3.840e-03        0
     123       130   -4.345373e+04   0.000e+00   2.918e-04   4.315e-03        0
     124       131   -4.345373e+04   0.000e+00   5.241e-07   2.375e-03        0
     125       132   -4.345373e+04   0.000e+00   2.784e-07   1.207e-03        0
     126       133   -4.345373e+04   0.000e+00   1.770e-06   1.131e-04        0
     127       134   -4.345373e+04   0.000e+00   7.667e-06   1.078e-04        0
     128       135   -4.345373e+04   0.000e+00   6.395e-07   7.742e-06       10
     129       136   -4.345373e+04   0.000e+00   3.838e-06   1.083e-04        0
     130       137   -4.345373e+04   0.000e+00   8.415e-06   9.682e-05        0
     131       138   -4.345373e+04   0.000e+00   3.595e-08   3.135e-11        1
     132       139   -4.345373e+04   0.000e+00   1.071e-08   9.405e-05        0
     133       140   -4.345373e+04   0.000e+00   2.684e-09   1.284e-06        0

EXIT: Locally optimal solution found.

Final Statistics
----------------
Final objective value               =  -4.34537281589562e+04
Final feasibility error (abs / rel) =   0.00e+00 / 0.00e+00
Final optimality error  (abs / rel) =   2.68e-09 / 2.68e-09
# of iterations                     =        133 
# of CG iterations                  =         11 
# of function evaluations           =        140
# of gradient evaluations           =        134
Total program time (secs)           =   57648.61328 (1205343.250 CPU time)
Time spent in evaluations (secs)    =   57270.96875

Solution Vector
---------------
x[       0] =   3.69782265364e+00
x[       1] =   2.79887098716e+00
x[       2] =   2.93007819665e+00
x[       3] =   3.63814330123e+00
x[       4] =   3.86447102187e+00
x[       5] =   3.45812069290e+00
x[       6] =   4.42871691206e+00
x[       7] =  -1.85001009206e+00
x[       8] =  -7.47228618946e-01
x[       9] =  -7.50186375210e+00
x[      10] =   1.60404606211e-01
x[      11] =  -1.61214223294e-04
x[      12] =   2.41751592847e+00
x[      13] =   3.17247421521e+00
x[      14] =   2.52111023493e+00
x[      15] =   2.89544115095e+00
x[      16] =   9.05368075900e-01
x[      17] =   9.72355800596e-01
x[      18] =   1.03892881972e+00
x[      19] =   9.76320000281e-01
x[      20] =   8.66887200076e-01
x[      21] =   8.84209873461e-01
x[      22] =   4.64483204310e-01

===============================================================================

