
Solving from new start point (number 40 of 42) <multistart>.


=======================================
*** NO CHECK MADE FOR LICENSE ***
         Artelys Knitro 12.3.0
=======================================

Knitro presolve eliminated 0 variables and 0 constraints.

algorithm:               4
bar_maxcrossit:          3
datacheck:               0
feastol:                 1e-08
hessopt:                 2
maxtime_cpu:             9.98152e+07
maxtime_real:            9.9991e+07
opttol:                  1e-08
outlev:                  5
outmode:                 2
par_concurrent_evals:    0
The problem is identified as bound constrained only.
Knitro changing act_qpalg from AUTO to 3.
Knitro changing honorbnds from AUTO to -1.
Knitro changing linesearch from AUTO to 2.
Knitro changing linsolver from AUTO to 4.

Problem Characteristics                                 (   Presolved)
-----------------------
Objective goal:  Maximize
Objective type:  general
Number of variables:                                 23 (          23)
    bounded below only:                               0 (           0)
    bounded above only:                               0 (           0)
    bounded below and above:                         23 (          23)
    fixed:                                            0 (           0)
    free:                                             0 (           0)
Number of constraints:                                0 (           0)
    linear equalities:                                0 (           0)
    quadratic equalities:                             0 (           0)
    gen. nonlinear equalities:                        0 (           0)
    linear one-sided inequalities:                    0 (           0)
    quadratic one-sided inequalities:                 0 (           0)
    gen. nonlinear one-sided inequalities:            0 (           0)
    linear two-sided inequalities:                    0 (           0)
    quadratic two-sided inequalities:                 0 (           0)
    gen. nonlinear two-sided inequalities:            0 (           0)
Number of nonzeros in Jacobian:                       0 (           0)
Number of nonzeros in Hessian:                        0 (         276)

Knitro using the Sequential Quadratic Programming (SQP) algorithm.

  Iter     fCount     Objective      FeasError   OptError    ||Step||    CGits 
--------  --------  --------------  ----------  ----------  ----------  -------
       0         1   -1.013541e+05   0.000e+00
       1         2   -8.474795e+04   0.000e+00   1.897e-01   7.151e-01        0
       2         3   -7.915650e+04   0.000e+00   1.753e-01   2.320e-01        0
       3         4   -7.026437e+04   0.000e+00   3.092e-01   1.049e+00        0
       4         5   -6.853199e+04   0.000e+00   7.395e-02   4.339e-01        0
       5         6   -6.746926e+04   0.000e+00   2.697e-02   1.596e-01        0
       6         7   -6.666049e+04   0.000e+00   2.846e-02   1.749e-01        0
       7         8   -6.602440e+04   0.000e+00   3.126e-02   2.204e-01        0
       8         9   -6.547185e+04   0.000e+00   7.592e-02   2.129e-01        0
       9        10   -6.525958e+04   0.000e+00   1.910e-02   7.898e-02        0
      10        11   -6.497978e+04   0.000e+00   9.494e-03   1.865e-01        0
      11        12   -6.479581e+04   0.000e+00   1.188e-02   1.089e-01        0
      12        13   -6.446264e+04   0.000e+00   5.410e-02   2.285e-01        0
      13        14   -6.416249e+04   0.000e+00   1.332e-01   2.808e-01        0
      14        15   -6.405774e+04   0.000e+00   1.082e-01   1.224e-01        0
      15        16   -6.395549e+04   0.000e+00   2.120e-02   1.114e-01        0
      16        17   -6.380788e+04   0.000e+00   6.667e-03   1.743e-01        0
      17        18   -6.358717e+04   0.000e+00   5.612e-03   3.496e-01        0
      18        19   -6.350644e+04   0.000e+00   2.896e-02   1.905e-01        0
      19        20   -6.339986e+04   0.000e+00   5.014e-01   1.787e-01        0
      20        21   -6.309369e+04   0.000e+00   6.215e+00   1.348e-01        0
      21        22   -5.888972e+04   0.000e+00   7.889e-01   2.570e-01        0
      22        25   -5.690647e+04   0.000e+00   2.043e+00   1.467e-01        0
      23        27   -5.644219e+04   0.000e+00   4.508e+01   5.047e-01        0
      24        29   -5.544615e+04   0.000e+00   3.660e-01   9.143e-01        0
      25        30   -5.439793e+04   0.000e+00   1.262e+01   5.800e-01        0
      26        33   -5.430638e+04   0.000e+00   4.615e+00   1.749e-01        0
      27        36   -5.429343e+04   0.000e+00   2.216e+00   3.880e-02        0
      28        39   -5.424933e+04   0.000e+00   2.171e+00   1.030e-01        0
      29        40   -5.422003e+04   0.000e+00   1.091e+00   9.197e-02        0
      30        42   -5.418360e+04   0.000e+00   4.378e-01   1.646e-01        0
      31        43   -5.415582e+04   0.000e+00   1.726e+00   7.205e-02        0
      32        44   -5.410515e+04   0.000e+00   2.098e+00   1.508e-01        0
      33        45   -5.407752e+04   0.000e+00   1.327e+00   1.020e-01        0
      34        46   -5.405790e+04   0.000e+00   1.626e-01   5.845e-02        0
      35        47   -5.404502e+04   0.000e+00   1.020e+00   3.359e-02        0
      36        48   -5.402937e+04   0.000e+00   1.509e+00   5.684e-02        0
      37        49   -5.400473e+04   0.000e+00   1.529e+00   1.049e-01        0
      38        50   -5.396548e+04   0.000e+00   1.065e+00   1.796e-01        0
      39        51   -5.391701e+04   0.000e+00   5.433e-02   2.296e-01        0
      40        52   -5.387568e+04   0.000e+00   8.089e-01   1.632e-01        0
      41        53   -5.385290e+04   0.000e+00   1.031e-02   5.437e-02        0
      42        54   -5.384359e+04   0.000e+00   6.948e-03   3.044e-02        0
      43        55   -5.382749e+04   0.000e+00   6.586e-01   3.992e-02        0
      44        56   -5.379753e+04   0.000e+00   1.553e+00   9.923e-02        0
      45        57   -5.376130e+04   0.000e+00   1.510e+00   1.826e-01        0
      46        58   -5.373597e+04   0.000e+00   5.315e-01   1.828e-01        0
      47        59   -5.372485e+04   0.000e+00   3.603e-01   9.123e-02        0
      48        60   -5.371587e+04   0.000e+00   1.123e+00   3.866e-02        0
      49        61   -5.370435e+04   0.000e+00   1.654e+00   3.432e-02        0
      50        62   -5.369169e+04   0.000e+00   1.131e+00   4.987e-02        0
      51        63   -5.368829e+04   0.000e+00   4.505e-01   2.903e-02        0
      52        64   -5.368756e+04   0.000e+00   1.263e-02   1.048e-02        0
      53        65   -5.368707e+04   0.000e+00   1.710e-01   6.466e-03        0
      54        66   -5.368603e+04   0.000e+00   4.110e-01   1.198e-02        0
      55        67   -5.368423e+04   0.000e+00   5.480e-01   2.472e-02        0
      56        68   -5.368244e+04   0.000e+00   4.324e-01   3.171e-02        0
      57        69   -5.368154e+04   0.000e+00   1.997e-01   1.919e-02        0
      58        70   -5.368113e+04   0.000e+00   2.680e-02   8.370e-03        0
      59        71   -5.368080e+04   0.000e+00   1.948e-01   6.066e-03        0
      60        72   -5.368027e+04   0.000e+00   3.914e-01   9.565e-03        0
      61        73   -5.367947e+04   0.000e+00   4.895e-01   1.631e-02        0
      62        74   -5.367872e+04   0.000e+00   8.029e-03   1.922e-02        0
      63        75   -5.367831e+04   0.000e+00   3.260e-03   1.254e-02        0
      64        76   -5.367815e+04   0.000e+00   3.519e-02   5.466e-03        0
      65        77   -5.367803e+04   0.000e+00   1.789e-01   4.798e-03        0
      66        78   -5.367782e+04   0.000e+00   2.987e-01   7.196e-03        0
      67        79   -5.367745e+04   0.000e+00   4.124e-01   1.250e-02        0
      68        80   -5.367695e+04   0.000e+00   3.839e-01   2.083e-02        0
      69        81   -5.367659e+04   0.000e+00   2.260e-01   2.199e-02        0
      70        82   -5.367643e+04   0.000e+00   4.991e-02   1.191e-02        0
      71        83   -5.367638e+04   0.000e+00   2.424e-02   5.523e-03        0
      72        84   -5.367634e+04   0.000e+00   1.481e-03   2.697e-03        0
      73        85   -5.367628e+04   0.000e+00   1.339e-03   3.593e-03        0
      74        86   -5.367621e+04   0.000e+00   7.861e-04   4.089e-03        0
      75        87   -5.367616e+04   0.000e+00   8.934e-04   5.088e-03        0
      76        88   -5.367614e+04   0.000e+00   8.066e-03   3.452e-03        0
      77        89   -5.367613e+04   0.000e+00   5.560e-03   1.102e-03        0
      78        90   -5.367613e+04   0.000e+00   9.447e-04   5.945e-04        0
      79        91   -5.367613e+04   0.000e+00   3.109e-04   1.142e-03        0
      80        92   -5.367612e+04   0.000e+00   6.563e-04   2.186e-03        0
      81        93   -5.367610e+04   0.000e+00   9.546e-04   4.180e-03        0
      82        94   -5.367607e+04   0.000e+00   9.025e-04   5.387e-03        0
      83        95   -5.367606e+04   0.000e+00   4.141e-04   3.708e-03        0
      84        96   -5.367605e+04   0.000e+00   7.468e-04   1.220e-03        0
      85        97   -5.367605e+04   0.000e+00   1.294e-02   7.307e-04        0
      86        98   -5.367604e+04   0.000e+00   2.732e-02   1.263e-03        0
      87        99   -5.367603e+04   0.000e+00   3.740e-02   2.578e-03        0
      88       100   -5.367601e+04   0.000e+00   3.297e-02   4.023e-03        0
      89       101   -5.367600e+04   0.000e+00   1.471e-02   3.252e-03        0
      90       102   -5.367600e+04   0.000e+00   2.217e-03   1.139e-03        0
      91       103   -5.367600e+04   0.000e+00   3.370e-03   3.993e-04        0
      92       104   -5.367600e+04   0.000e+00   2.354e-04   6.561e-04        0
      93       105   -5.367599e+04   0.000e+00   3.942e-04   1.263e-03        0
      94       106   -5.367599e+04   0.000e+00   4.675e-04   2.278e-03        0
      95       107   -5.367598e+04   0.000e+00   3.163e-04   2.481e-03        0
      96       108   -5.367598e+04   0.000e+00   8.643e-05   1.367e-03        0
      97       109   -5.367598e+04   0.000e+00   2.394e-03   4.241e-04        0
      98       110   -5.367598e+04   0.000e+00   7.432e-03   4.130e-04        0
      99       111   -5.367598e+04   0.000e+00   1.539e-02   9.478e-04        0
     100       112   -5.367597e+04   0.000e+00   2.708e-02   2.524e-03        0
     101       113   -5.367595e+04   0.000e+00   4.281e-02   6.587e-03        0
     102       114   -5.367592e+04   0.000e+00   5.859e-02   1.501e-02        0
     103       115   -5.367587e+04   0.000e+00   5.935e-02   2.509e-02        0
     104       116   -5.367583e+04   0.000e+00   3.528e-02   2.323e-02        0
     105       117   -5.367582e+04   0.000e+00   8.882e-03   6.831e-03        0
     106       118   -5.367581e+04   0.000e+00   2.701e-03   1.876e-03        0
     107       119   -5.367581e+04   0.000e+00   1.969e-04   1.747e-03        0
     108       120   -5.367581e+04   0.000e+00   4.056e-04   2.111e-03        0
     109       121   -5.367579e+04   0.000e+00   7.182e-04   2.850e-03        0
     110       122   -5.367575e+04   0.000e+00   1.201e-03   9.667e-03        0
     111       123   -5.367565e+04   0.000e+00   8.630e-02   3.428e-02        0
     112       124   -5.367544e+04   0.000e+00   1.222e-01   9.175e-02        0
     113       125   -5.367510e+04   0.000e+00   1.416e-01   1.805e-01        0
     114       126   -5.367477e+04   0.000e+00   1.097e-01   2.060e-01        0
     115       127   -5.367462e+04   0.000e+00   3.590e-02   1.009e-01        0
     116       128   -5.367459e+04   0.000e+00   6.446e-04   5.544e-03        0
     117       129   -5.367459e+04   0.000e+00   5.002e-03   7.869e-03        0
     118       130   -5.367458e+04   0.000e+00   9.686e-03   1.257e-02        0
     119       131   -5.367457e+04   0.000e+00   1.481e-02   1.279e-02        0
     120       132   -5.367452e+04   0.000e+00   2.264e-02   1.383e-02        0
     121       133   -5.367444e+04   0.000e+00   2.864e-02   1.424e-02        0
     122       134   -5.367431e+04   0.000e+00   2.802e-02   6.385e-02        0
     123       135   -5.367420e+04   0.000e+00   1.664e-02   1.043e-01        0
     124       136   -5.367416e+04   0.000e+00   3.333e-03   6.847e-02        0
     125       137   -5.367416e+04   0.000e+00   1.940e-03   1.355e-02        0
     126       138   -5.367415e+04   0.000e+00   2.984e-03   1.216e-03        0
     127       139   -5.367415e+04   0.000e+00   4.688e-03   1.938e-03        0
     128       140   -5.367414e+04   0.000e+00   6.736e-03   2.763e-03        0
     129       141   -5.367412e+04   0.000e+00   1.005e-02   4.911e-03        0
     130       142   -5.367407e+04   0.000e+00   1.435e-02   1.823e-02        0
     131       143   -5.367398e+04   0.000e+00   1.797e-02   4.469e-02        0
     132       144   -5.367388e+04   0.000e+00   1.709e-02   6.600e-02        0
     133       145   -5.367383e+04   0.000e+00   7.772e-03   6.281e-02        0
     134       146   -5.367382e+04   0.000e+00   1.593e-03   9.600e-03        0
     135       147   -5.367382e+04   0.000e+00   6.877e-04   7.096e-03        0
     136       148   -5.367382e+04   0.000e+00   7.964e-04   1.967e-03        0
     137       149   -5.367382e+04   0.000e+00   1.367e-03   6.229e-03        0
     138       150   -5.367381e+04   0.000e+00   1.970e-03   6.373e-03        0
     139       151   -5.367380e+04   0.000e+00   3.317e-03   7.982e-03        0
     140       152   -5.367377e+04   0.000e+00   5.066e-03   1.276e-02        0
     141       153   -5.367369e+04   0.000e+00   7.944e-03   2.938e-02        0
     142       154   -5.367350e+04   0.000e+00   1.054e-02   8.493e-02        0
     143       155   -5.367301e+04   0.000e+00   1.335e-02   2.632e-01        0
     144       156   -5.367202e+04   0.000e+00   9.137e-03   6.260e-01        0
     145       157   -5.367044e+04   0.000e+00   1.956e-03   1.158e+00        0
     146       158   -5.366907e+04   0.000e+00   2.067e-02   1.266e+00        0
     147       159   -5.366867e+04   0.000e+00   2.347e-02   5.338e-01        0
     148       160   -5.366863e+04   0.000e+00   4.537e-03   3.362e-02        0
     149       161   -5.366863e+04   0.000e+00   1.591e-03   1.306e-02        0
     150       162   -5.366863e+04   0.000e+00   1.015e-03   5.549e-02        0
     151       163   -5.366863e+04   0.000e+00   3.238e-06   1.700e-02        0
     152       164   -5.366863e+04   0.000e+00   8.623e-05   1.221e-04        0
     153       165   -5.366863e+04   0.000e+00   9.957e-06   1.218e-04        0
     154       166   -5.366863e+04   0.000e+00   8.541e-06   1.507e-05       10
     155       167   -5.366863e+04   0.000e+00   7.165e-06   1.712e-06        5
     156       168   -5.366863e+04   0.000e+00   5.094e-06   5.845e-05        0
     157       169   -5.366863e+04   0.000e+00   4.234e-06   4.980e-05        0
     158       170   -5.366863e+04   0.000e+00   6.031e-07   2.348e-10        1
     159       171   -5.366863e+04   0.000e+00   8.339e-07   1.116e-04        0
     160       172   -5.366863e+04   0.000e+00   1.148e-08   3.991e-05        0
     161       173   -5.366863e+04   0.000e+00   7.890e-08   7.982e-05       23
     162       174   -5.366863e+04   0.000e+00   6.760e-08   1.431e-05       34
     163       175   -5.366863e+04   0.000e+00   8.876e-08   8.180e-05       39
     164       176   -5.366863e+04   0.000e+00   1.753e-07   2.753e-05        0
     165       177   -5.366863e+04   0.000e+00   9.488e-09   2.571e-05       34

EXIT: Locally optimal solution found.

Final Statistics
----------------
Final objective value               =  -5.36686314148337e+04
Final feasibility error (abs / rel) =   0.00e+00 / 0.00e+00
Final optimality error  (abs / rel) =   9.49e-09 / 9.49e-09
# of iterations                     =        165 
# of CG iterations                  =        146 
# of function evaluations           =        177
# of gradient evaluations           =        166
Total program time (secs)           =    6044.94531 ( 93434.867 CPU time)
Time spent in evaluations (secs)    =    5981.43408

Solution Vector
---------------
x[       0] =   3.41242170211e+00
x[       1] =   2.57920542668e+00
x[       2] =   2.80315767309e+00
x[       3] =   3.69621615612e+00
x[       4] =   3.77713981177e+00
x[       5] =   2.46960074095e+00
x[       6] =   4.21852381165e+00
x[       7] =  -6.93107526744e-01
x[       8] =  -2.05628613871e+00
x[       9] =  -1.89849499586e+01
x[      10] =   6.13681684687e-01
x[      11] =  -4.40235997949e-03
x[      12] =   1.19278315078e+00
x[      13] =   8.31396731012e-01
x[      14] =   5.33480895917e-01
x[      15] =   8.51280556881e-01
x[      16] =   1.06237846594e+00
x[      17] =   1.03598826987e+00
x[      18] =   8.22178880080e-01
x[      19] =   8.70758331464e-01
x[      20] =   8.90949687522e-01
x[      21] =   6.95235420055e-01
x[      22] =   1.81513469829e-01

===============================================================================

