
Solving from new start point (number 42 of 42) <multistart>.


=======================================
*** NO CHECK MADE FOR LICENSE ***
         Artelys Knitro 12.3.0
=======================================

Knitro presolve eliminated 0 variables and 0 constraints.

algorithm:               4
bar_maxcrossit:          3
datacheck:               0
feastol:                 1e-08
hessopt:                 2
maxtime_cpu:             9.97971e+07
maxtime_real:            9.99901e+07
opttol:                  1e-08
outlev:                  5
outmode:                 2
par_concurrent_evals:    0
The problem is identified as bound constrained only.
Knitro changing act_qpalg from AUTO to 3.
Knitro changing honorbnds from AUTO to -1.
Knitro changing linesearch from AUTO to 2.
Knitro changing linsolver from AUTO to 4.

Problem Characteristics                                 (   Presolved)
-----------------------
Objective goal:  Maximize
Objective type:  general
Number of variables:                                 23 (          23)
    bounded below only:                               0 (           0)
    bounded above only:                               0 (           0)
    bounded below and above:                         23 (          23)
    fixed:                                            0 (           0)
    free:                                             0 (           0)
Number of constraints:                                0 (           0)
    linear equalities:                                0 (           0)
    quadratic equalities:                             0 (           0)
    gen. nonlinear equalities:                        0 (           0)
    linear one-sided inequalities:                    0 (           0)
    quadratic one-sided inequalities:                 0 (           0)
    gen. nonlinear one-sided inequalities:            0 (           0)
    linear two-sided inequalities:                    0 (           0)
    quadratic two-sided inequalities:                 0 (           0)
    gen. nonlinear two-sided inequalities:            0 (           0)
Number of nonzeros in Jacobian:                       0 (           0)
Number of nonzeros in Hessian:                        0 (         276)

Knitro using the Sequential Quadratic Programming (SQP) algorithm.

  Iter     fCount     Objective      FeasError   OptError    ||Step||    CGits 
--------  --------  --------------  ----------  ----------  ----------  -------
       0         1   -1.425159e+05   0.000e+00
       1         2   -6.975518e+04   0.000e+00   1.171e-01   1.041e+00        0
       2         3   -6.743893e+04   0.000e+00   9.145e-02   1.613e-01        0
       3         4   -6.634854e+04   0.000e+00   9.898e-02   5.129e-01        0
       4         5   -6.461321e+04   0.000e+00   3.168e+00   2.748e-01        0
       5         6   -6.011582e+04   0.000e+00   3.446e-01   1.207e-01        0
       6         9   -5.920609e+04   0.000e+00   8.045e-01   7.783e-02        0
       7        12   -5.900264e+04   0.000e+00   1.191e+00   1.053e-01        0
       8        13   -5.864327e+04   0.000e+00   6.074e-01   6.074e-01        0
       9        14   -5.684714e+04   0.000e+00   5.876e-02   2.228e-01        0
      10        15   -5.641490e+04   0.000e+00   5.607e-02   1.150e-01        0
      11        16   -5.564405e+04   0.000e+00   4.970e-02   2.382e-01        0
      12        17   -5.531402e+04   0.000e+00   6.913e-02   1.703e-01        0
      13        18   -5.521277e+04   0.000e+00   5.813e-01   7.577e-02        0
      14        19   -5.516001e+04   0.000e+00   3.455e-02   3.561e-02        0
      15        20   -5.511304e+04   0.000e+00   8.512e-03   6.297e-02        0
      16        21   -5.507596e+04   0.000e+00   1.184e-02   3.702e-02        0
      17        22   -5.495258e+04   0.000e+00   8.636e-01   1.199e-01        0
      18        23   -5.480165e+04   0.000e+00   1.470e+00   1.482e-01        0
      19        24   -5.472389e+04   0.000e+00   1.771e-02   5.131e-02        0
      20        25   -5.455814e+04   0.000e+00   7.964e-02   1.910e-01        0
      21        26   -5.448882e+04   0.000e+00   6.304e-02   1.089e-01        0
      22        27   -5.441044e+04   0.000e+00   1.600e-02   1.856e-01        0
      23        28   -5.437830e+04   0.000e+00   1.391e-02   6.119e-02        0
      24        29   -5.429361e+04   0.000e+00   6.350e-03   1.655e-01        0
      25        30   -5.417747e+04   0.000e+00   9.885e-03   2.321e-01        0
      26        31   -5.406108e+04   0.000e+00   9.652e-03   2.686e-01        0
      27        32   -5.400529e+04   0.000e+00   1.286e-02   1.275e-01        0
      28        33   -5.396943e+04   0.000e+00   9.192e-03   6.713e-02        0
      29        34   -5.393013e+04   0.000e+00   1.172e-02   7.641e-02        0
      30        35   -5.390288e+04   0.000e+00   1.074e-02   8.651e-02        0
      31        36   -5.388234e+04   0.000e+00   5.133e-03   5.866e-02        0
      32        37   -5.385806e+04   0.000e+00   1.490e-02   9.390e-02        0
      33        38   -5.382324e+04   0.000e+00   1.803e-02   1.645e-01        0
      34        39   -5.379564e+04   0.000e+00   1.408e-02   1.850e-01        0
      35        40   -5.378252e+04   0.000e+00   3.804e-03   4.971e-02        0
      36        41   -5.377633e+04   0.000e+00   4.476e-03   4.876e-02        0
      37        42   -5.377530e+04   0.000e+00   1.095e-03   1.066e-02        0
      38        43   -5.377160e+04   0.000e+00   4.468e-03   2.683e-02        0
      39        44   -5.376668e+04   0.000e+00   1.034e-02   3.159e-02        0
      40        45   -5.376186e+04   0.000e+00   7.468e-03   4.379e-02        0
      41        46   -5.375996e+04   0.000e+00   4.444e-03   3.169e-02        0
      42        47   -5.375947e+04   0.000e+00   7.761e-04   1.273e-02        0
      43        48   -5.375917e+04   0.000e+00   1.642e-03   5.821e-03        0
      44        49   -5.375846e+04   0.000e+00   4.072e-03   9.796e-03        0
      45        50   -5.375719e+04   0.000e+00   5.154e-03   1.735e-02        0
      46        51   -5.375581e+04   0.000e+00   4.462e-03   2.377e-02        0
      47        52   -5.375504e+04   0.000e+00   1.481e-03   1.826e-02        0
      48        53   -5.375475e+04   0.000e+00   4.895e-04   7.948e-03        0
      49        54   -5.375452e+04   0.000e+00   1.698e-03   4.818e-03        0
      50        55   -5.375406e+04   0.000e+00   2.994e-03   8.392e-03        0
      51        56   -5.375325e+04   0.000e+00   3.849e-03   1.619e-02        0
      52        57   -5.375229e+04   0.000e+00   3.221e-03   2.464e-02        0
      53        58   -5.375165e+04   0.000e+00   1.254e-03   2.091e-02        0
      54        59   -5.375138e+04   0.000e+00   4.483e-04   9.701e-03        0
      55        60   -5.375114e+04   0.000e+00   1.438e-03   6.043e-03        0
      56        61   -5.375067e+04   0.000e+00   2.722e-03   1.077e-02        0
      57        62   -5.374983e+04   0.000e+00   3.779e-03   2.116e-02        0
      58        63   -5.374873e+04   0.000e+00   3.587e-03   3.318e-02        0
      59        64   -5.374794e+04   0.000e+00   1.832e-03   2.872e-02        0
      60        65   -5.374758e+04   0.000e+00   5.028e-04   1.254e-02        0
      61        66   -5.374731e+04   0.000e+00   9.643e-04   6.581e-03        0
      62        67   -5.374676e+04   0.000e+00   2.374e-03   1.251e-02        0
      63        68   -5.374546e+04   0.000e+00   4.348e-03   3.272e-02        0
      64        69   -5.374266e+04   0.000e+00   6.902e-03   8.086e-02        0
      65        70   -5.373804e+04   0.000e+00   9.230e-03   1.537e-01        0
      66        71   -5.373344e+04   0.000e+00   8.280e-03   1.743e-01        0
      67        72   -5.373108e+04   0.000e+00   2.471e-03   8.227e-02        0
      68        73   -5.373035e+04   0.000e+00   1.296e-03   1.117e-02        0
      69        74   -5.372985e+04   0.000e+00   2.463e-03   6.557e-03        0
      70        75   -5.372854e+04   0.000e+00   3.751e-03   1.643e-02        0
      71        76   -5.372585e+04   0.000e+00   4.830e-03   5.773e-02        0
      72        77   -5.372086e+04   0.000e+00   5.320e-03   1.564e-01        0
      73        78   -5.371501e+04   0.000e+00   3.904e-03   2.519e-01        0
      74        79   -5.371139e+04   0.000e+00   7.236e-04   2.169e-01        0
      75        80   -5.371032e+04   0.000e+00   1.183e-03   8.102e-02        0
      76        81   -5.370990e+04   0.000e+00   1.297e-03   2.092e-02        0
      77        82   -5.370915e+04   0.000e+00   6.642e-04   2.701e-02        0
      78        83   -5.370755e+04   0.000e+00   9.763e-04   6.134e-02        0
      79        84   -5.370440e+04   0.000e+00   2.555e-03   1.375e-01        0
      80        85   -5.370004e+04   0.000e+00   1.616e-02   2.274e-01        0
      81        86   -5.369681e+04   0.000e+00   7.165e-02   2.154e-01        0
      82        87   -5.369584e+04   0.000e+00   2.702e-02   8.045e-02        0
      83        88   -5.369557e+04   0.000e+00   5.371e-04   6.347e-03        0
      84        89   -5.369522e+04   0.000e+00   1.331e-03   1.365e-02        0
      85        90   -5.369444e+04   0.000e+00   3.891e-03   2.471e-02        0
      86        91   -5.369285e+04   0.000e+00   8.101e-03   2.614e-02        0
      87        92   -5.369017e+04   0.000e+00   1.135e-02   7.849e-02        0
      88        93   -5.368744e+04   0.000e+00   1.196e-02   1.723e-01        0
      89        94   -5.368604e+04   0.000e+00   6.084e-03   1.407e-01        0
      90        95   -5.368551e+04   0.000e+00   2.138e-03   9.599e-02        0
      91        96   -5.368516e+04   0.000e+00   1.161e-01   5.423e-02        0
      92        97   -5.368466e+04   0.000e+00   2.363e-01   1.093e-01        0
      93        98   -5.368371e+04   0.000e+00   4.627e-01   1.439e-01        0
      94        99   -5.368231e+04   0.000e+00   5.413e-01   1.935e-01        0
      95       100   -5.368097e+04   0.000e+00   5.346e-01   1.029e-01        0
      96       101   -5.367995e+04   0.000e+00   3.179e-01   4.591e-02        0
      97       102   -5.367945e+04   0.000e+00   7.502e-02   1.476e-01        0
      98       103   -5.367939e+04   0.000e+00   6.415e-04   5.712e-02        0
      99       106   -5.367938e+04   0.000e+00   5.371e-02   1.907e-02        0
     100       107   -5.367936e+04   0.000e+00   1.195e-03   7.463e-03        0
     101       108   -5.367931e+04   0.000e+00   8.327e-04   6.161e-02        0
     102       109   -5.367926e+04   0.000e+00   1.083e-02   8.921e-02        0
     103       110   -5.367920e+04   0.000e+00   2.286e-02   8.946e-02        0
     104       111   -5.367914e+04   0.000e+00   5.366e-02   1.112e-01        0
     105       112   -5.367906e+04   0.000e+00   7.602e-02   1.111e-01        0
     106       113   -5.367888e+04   0.000e+00   1.041e-01   1.115e-01        0
     107       114   -5.367830e+04   0.000e+00   1.422e-01   2.783e-01        0
     108       115   -5.367736e+04   0.000e+00   1.623e-01   3.388e-01        0
     109       116   -5.367590e+04   0.000e+00   1.290e-01   4.198e-01        0
     110       117   -5.367480e+04   0.000e+00   5.373e-02   1.967e-01        0
     111       118   -5.367443e+04   0.000e+00   1.313e-02   8.837e-02        0
     112       119   -5.367439e+04   0.000e+00   2.520e-04   9.116e-02        0
     113       120   -5.367436e+04   0.000e+00   9.844e-03   4.151e-02        0
     114       121   -5.367430e+04   0.000e+00   2.962e-02   4.232e-02        0
     115       122   -5.367410e+04   0.000e+00   6.529e-02   4.696e-02        0
     116       123   -5.367372e+04   0.000e+00   1.068e-01   3.693e-02        0
     117       124   -5.367283e+04   0.000e+00   1.575e-01   2.688e-01        0
     118       125   -5.367143e+04   0.000e+00   1.806e-01   6.984e-01        0
     119       126   -5.367011e+04   0.000e+00   1.322e-01   1.019e+00        0
     120       127   -5.366954e+04   0.000e+00   3.506e-02   7.053e-01        0
     121       128   -5.366944e+04   0.000e+00   3.757e-03   1.838e-01        0
     122       129   -5.366944e+04   0.000e+00   2.397e-03   8.176e-03        0
     123       130   -5.366944e+04   0.000e+00   2.482e-04   7.402e-03        0
     124       131   -5.366943e+04   0.000e+00   5.470e-03   8.096e-03        0
     125       132   -5.366941e+04   0.000e+00   1.266e-02   8.824e-03        0
     126       133   -5.366937e+04   0.000e+00   2.252e-02   1.028e-02        0
     127       134   -5.366929e+04   0.000e+00   2.950e-02   3.052e-02        0
     128       135   -5.366920e+04   0.000e+00   2.560e-02   7.689e-02        0
     129       136   -5.366915e+04   0.000e+00   1.179e-02   7.671e-02        0
     130       137   -5.366914e+04   0.000e+00   2.730e-03   2.337e-02        0
     131       138   -5.366914e+04   0.000e+00   1.784e-04   3.002e-03        0
     132       139   -5.366914e+04   0.000e+00   1.479e-05   2.514e-03        0
     133       140   -5.366914e+04   0.000e+00   4.829e-04   2.583e-03        0
     134       141   -5.366914e+04   0.000e+00   9.680e-04   2.726e-03        0
     135       142   -5.366913e+04   0.000e+00   1.881e-03   3.139e-03        0
     136       143   -5.366913e+04   0.000e+00   2.900e-03   4.515e-03        0
     137       144   -5.366911e+04   0.000e+00   4.284e-03   8.369e-03        0
     138       145   -5.366909e+04   0.000e+00   4.931e-03   1.592e-02        0
     139       146   -5.366905e+04   0.000e+00   4.210e-03   2.213e-02        0
     140       147   -5.366903e+04   0.000e+00   8.076e-04   1.638e-02        0
     141       148   -5.366903e+04   0.000e+00   5.348e-04   3.634e-02        0
     142       149   -5.366903e+04   0.000e+00   2.793e-04   1.811e-02        0
     143       150   -5.366902e+04   0.000e+00   3.483e-04   1.807e-02        0
     144       151   -5.366902e+04   0.000e+00   1.404e-03   1.811e-02        0
     145       152   -5.366901e+04   0.000e+00   3.708e-03   1.844e-02        0
     146       153   -5.366899e+04   0.000e+00   8.342e-03   1.957e-02        0
     147       154   -5.366894e+04   0.000e+00   1.446e-02   2.751e-02        0
     148       155   -5.366884e+04   0.000e+00   1.964e-02   5.620e-02        0
     149       156   -5.366872e+04   0.000e+00   1.712e-02   8.886e-02        0
     150       157   -5.366865e+04   0.000e+00   5.520e-03   7.609e-02        0
     151       158   -5.366863e+04   0.000e+00   1.036e-03   7.296e-02        0
     152       159   -5.366863e+04   0.000e+00   5.287e-04   1.749e-02        0
     153       161   -5.366863e+04   0.000e+00   4.001e-04   7.942e-03        0
     154       162   -5.366863e+04   0.000e+00   1.354e-04   5.637e-03        0
     155       165   -5.366863e+04   0.000e+00   1.054e-04   8.141e-04        0
     156       166   -5.366863e+04   0.000e+00   1.399e-05   7.557e-09        1
     157       167   -5.366863e+04   0.000e+00   1.863e-07   1.207e-03        0
     158       168   -5.366863e+04   0.000e+00   9.076e-07   1.401e-03        0
     159       169   -5.366863e+04   0.000e+00   1.023e-07   1.401e-03        0
     160       170   -5.366863e+04   0.000e+00   2.339e-07   1.302e-03        0
     161       171   -5.366863e+04   0.000e+00   2.720e-08   1.302e-03        0
     162       172   -5.366863e+04   0.000e+00   4.408e-08   1.293e-03        0
     163       173   -5.366863e+04   0.000e+00   1.411e-08   1.293e-03        0
     164       174   -5.366863e+04   0.000e+00   1.407e-08   1.285e-03        0
     165       175   -5.366863e+04   0.000e+00   2.968e-09   3.246e-06        0

EXIT: Locally optimal solution found.

Final Statistics
----------------
Final objective value               =  -5.36686314148337e+04
Final feasibility error (abs / rel) =   0.00e+00 / 0.00e+00
Final optimality error  (abs / rel) =   2.97e-09 / 2.97e-09
# of iterations                     =        165 
# of CG iterations                  =          1 
# of function evaluations           =        175
# of gradient evaluations           =        166
Total program time (secs)           =    5219.70752 ( 75361.125 CPU time)
Time spent in evaluations (secs)    =    5153.08398

Solution Vector
---------------
x[       0] =   3.41242187596e+00
x[       1] =   2.57920562641e+00
x[       2] =   2.80315784836e+00
x[       3] =   3.69621633267e+00
x[       4] =   3.77713995992e+00
x[       5] =   2.46960087819e+00
x[       6] =   4.21852394921e+00
x[       7] =  -6.93107569459e-01
x[       8] =  -2.05628620479e+00
x[       9] =  -1.89849600159e+01
x[      10] =   6.13682115053e-01
x[      11] =  -4.40236445285e-03
x[      12] =   1.19278311369e+00
x[      13] =   8.31396683176e-01
x[      14] =   5.33480863176e-01
x[      15] =   8.51280547932e-01
x[      16] =   1.06237843869e+00
x[      17] =   1.03598825932e+00
x[      18] =   8.22178883551e-01
x[      19] =   8.70758347621e-01
x[      20] =   8.90949700605e-01
x[      21] =   6.95235437437e-01
x[      22] =   1.81513474693e-01

===============================================================================

