
Solving from new start point (number 7 of 42) <multistart>.


=======================================
*** NO CHECK MADE FOR LICENSE ***
         Artelys Knitro 12.3.0
=======================================

Knitro presolve eliminated 0 variables and 0 constraints.

algorithm:               4
bar_maxcrossit:          3
datacheck:               0
feastol:                 1e-08
hessopt:                 2
maxtime_cpu:             9.99996e+07
maxtime_real:            9.99998e+07
opttol:                  1e-08
outlev:                  5
outmode:                 2
par_concurrent_evals:    0
The problem is identified as bound constrained only.
Knitro changing act_qpalg from AUTO to 3.
Knitro changing honorbnds from AUTO to -1.
Knitro changing linesearch from AUTO to 2.
Knitro changing linsolver from AUTO to 4.

Problem Characteristics                                 (   Presolved)
-----------------------
Objective goal:  Maximize
Objective type:  general
Number of variables:                                 23 (          23)
    bounded below only:                               0 (           0)
    bounded above only:                               0 (           0)
    bounded below and above:                         23 (          23)
    fixed:                                            0 (           0)
    free:                                             0 (           0)
Number of constraints:                                0 (           0)
    linear equalities:                                0 (           0)
    quadratic equalities:                             0 (           0)
    gen. nonlinear equalities:                        0 (           0)
    linear one-sided inequalities:                    0 (           0)
    quadratic one-sided inequalities:                 0 (           0)
    gen. nonlinear one-sided inequalities:            0 (           0)
    linear two-sided inequalities:                    0 (           0)
    quadratic two-sided inequalities:                 0 (           0)
    gen. nonlinear two-sided inequalities:            0 (           0)
Number of nonzeros in Jacobian:                       0 (           0)
Number of nonzeros in Hessian:                        0 (         276)

Knitro using the Sequential Quadratic Programming (SQP) algorithm.

  Iter     fCount     Objective      FeasError   OptError    ||Step||    CGits 
--------  --------  --------------  ----------  ----------  ----------  -------
       0         1   -1.831629e+05   0.000e+00
       1         2   -1.009711e+05   5.551e-17   1.122e+00   2.795e+00        0
       2         3   -7.248804e+04   0.000e+00   6.121e-01   1.377e+00        0
       3         5   -6.735818e+04   0.000e+00   1.451e-01   5.188e-01        0
       4         6   -6.613189e+04   0.000e+00   1.606e-01   2.983e-01        0
       5         7   -6.420844e+04   0.000e+00   4.806e-02   7.102e-01        0
       6         8   -6.396933e+04   0.000e+00   3.900e-02   1.594e-01        0
       7         9   -6.327470e+04   0.000e+00   6.665e-01   5.249e-01        0
       8        12   -6.041281e+04   0.000e+00   2.855e+00   1.213e-01        0
       9        15   -5.884895e+04   0.000e+00   4.495e+01   1.482e-01        0
      10        18   -5.733035e+04   0.000e+00   1.194e+02   5.271e-01        0
      11        20   -5.540908e+04   0.000e+00   2.730e-01   5.652e-01        0
      12        21   -5.492145e+04   0.000e+00   1.305e+01   2.033e-01        0
      13        22   -5.467280e+04   0.000e+00   4.409e+01   3.377e-01        0
      14        24   -5.450589e+04   0.000e+00   6.190e-01   1.924e-01        0
      15        27   -5.442012e+04   0.000e+00   3.792e+00   2.184e-01        0
      16        29   -5.436917e+04   0.000e+00   5.970e+01   1.097e-01        0
      17        32   -5.431537e+04   0.000e+00   1.971e+01   7.533e-02        0
      18        33   -5.419238e+04   0.000e+00   8.878e-01   2.707e-01        0
      19        34   -5.405315e+04   0.000e+00   4.947e-01   1.314e-01        0
      20        36   -5.399887e+04   0.000e+00   1.049e+01   1.571e-01        0
      21        37   -5.394255e+04   0.000e+00   4.967e+00   1.898e-01        0
      22        38   -5.389995e+04   0.000e+00   5.622e+00   6.194e-02        0
      23        39   -5.380950e+04   0.000e+00   9.753e+00   2.370e-01        0
      24        40   -5.373969e+04   0.000e+00   1.653e+00   2.766e-01        0
      25        41   -5.369971e+04   0.000e+00   5.615e+00   2.131e-01        0
      26        42   -5.368420e+04   0.000e+00   2.140e+00   9.753e-02        0
      27        43   -5.368074e+04   0.000e+00   1.872e-01   2.856e-02        0
      28        44   -5.367937e+04   0.000e+00   3.324e-01   1.587e-02        0
      29        45   -5.367720e+04   0.000e+00   1.420e+00   3.186e-02        0
      30        46   -5.367632e+04   0.000e+00   7.070e-01   1.834e-02        0
      31        47   -5.367574e+04   0.000e+00   1.895e-01   1.364e-02        0
      32        48   -5.367535e+04   0.000e+00   4.022e-01   1.095e-02        0
      33        49   -5.367500e+04   0.000e+00   4.880e-01   1.255e-02        0
      34        50   -5.367478e+04   0.000e+00   2.965e-01   1.007e-02        0
      35        51   -5.367461e+04   0.000e+00   3.106e-02   8.545e-03        0
      36        52   -5.367443e+04   0.000e+00   2.832e-01   1.002e-02        0
      37        53   -5.367424e+04   0.000e+00   3.783e-01   1.284e-02        0
      38        54   -5.367408e+04   0.000e+00   2.307e-01   1.251e-02        0
      39        55   -5.367399e+04   0.000e+00   7.653e-04   8.419e-03        0
      40        56   -5.367394e+04   0.000e+00   1.225e-01   4.379e-03        0
      41        57   -5.367392e+04   0.000e+00   1.034e-01   2.383e-03        0
      42        58   -5.367392e+04   0.000e+00   3.466e-02   1.205e-03        0
      43        59   -5.367392e+04   0.000e+00   1.660e-02   7.195e-04        0
      44        60   -5.367391e+04   0.000e+00   4.712e-02   8.603e-04        0
      45        61   -5.367391e+04   0.000e+00   5.389e-02   1.310e-03        0
      46        62   -5.367391e+04   0.000e+00   3.280e-02   1.812e-03        0
      47        63   -5.367390e+04   0.000e+00   8.789e-03   2.514e-03        0
      48        64   -5.367390e+04   0.000e+00   5.319e-02   3.611e-03        0
      49        65   -5.367389e+04   0.000e+00   7.349e-02   5.045e-03        0
      50        66   -5.367388e+04   0.000e+00   4.522e-02   5.991e-03        0
      51        67   -5.367387e+04   0.000e+00   2.046e-02   5.927e-03        0
      52        68   -5.367386e+04   0.000e+00   8.776e-02   5.757e-03        0
      53        69   -5.367385e+04   0.000e+00   1.265e-01   6.423e-03        0
      54        70   -5.367384e+04   0.000e+00   1.119e-01   7.506e-03        0
      55        71   -5.367382e+04   0.000e+00   4.247e-02   8.639e-03        0
      56        72   -5.367381e+04   0.000e+00   6.349e-02   1.055e-02        0
      57        73   -5.367379e+04   0.000e+00   1.778e-01   1.419e-02        0
      58        74   -5.367376e+04   0.000e+00   2.519e-01   1.916e-02        0
      59        75   -5.367373e+04   0.000e+00   2.331e-01   2.337e-02        0
      60        76   -5.367369e+04   0.000e+00   1.137e-01   2.701e-02        0
      61        77   -5.367363e+04   0.000e+00   8.130e-02   3.624e-02        0
      62        78   -5.367354e+04   0.000e+00   3.286e-01   6.044e-02        0
      63        79   -5.367339e+04   0.000e+00   5.320e-01   1.006e-01        0
      64        80   -5.367323e+04   0.000e+00   4.908e-01   1.250e-01        0
      65        81   -5.367313e+04   0.000e+00   2.031e-01   7.940e-02        0
      66        82   -5.367309e+04   0.000e+00   2.734e-02   1.473e-02        0
      67        83   -5.367307e+04   0.000e+00   1.452e-01   3.135e-03        0
      68        84   -5.367304e+04   0.000e+00   1.927e-01   4.055e-03        0
      69        85   -5.367301e+04   0.000e+00   1.622e-01   1.980e-02        0
      70        86   -5.367296e+04   0.000e+00   4.535e-02   4.269e-02        0
      71        87   -5.367289e+04   0.000e+00   1.420e-01   7.255e-02        0
      72        88   -5.367277e+04   0.000e+00   3.746e-01   1.180e-01        0
      73        89   -5.367257e+04   0.000e+00   5.723e-01   1.772e-01        0
      74        90   -5.367233e+04   0.000e+00   5.529e-01   1.964e-01        0
      75        91   -5.367216e+04   0.000e+00   2.589e-01   9.839e-02        0
      76        92   -5.367211e+04   0.000e+00   1.594e-02   2.139e-02        0
      77        93   -5.367210e+04   0.000e+00   6.422e-02   3.095e-02        0
      78        94   -5.367209e+04   0.000e+00   7.743e-02   1.328e-02        0
      79        95   -5.367207e+04   0.000e+00   6.000e-02   5.418e-03        0
      80        96   -5.367205e+04   0.000e+00   7.150e-03   1.449e-02        0
      81        97   -5.367201e+04   0.000e+00   7.496e-02   4.250e-02        0
      82        98   -5.367196e+04   0.000e+00   1.323e-01   6.257e-02        0
      83        99   -5.367193e+04   0.000e+00   1.079e-01   4.292e-02        0
      84       100   -5.367192e+04   0.000e+00   3.938e-02   4.663e-03        0
      85       101   -5.367191e+04   0.000e+00   1.449e-02   1.002e-02        0
      86       102   -5.367191e+04   0.000e+00   6.971e-02   1.017e-02        0
      87       103   -5.367189e+04   0.000e+00   1.646e-01   1.718e-02        0
      88       104   -5.367186e+04   0.000e+00   2.970e-01   1.984e-02        0
      89       105   -5.367178e+04   0.000e+00   4.769e-01   2.857e-02        0
      90       106   -5.367163e+04   0.000e+00   6.394e-01   8.728e-02        0
      91       107   -5.367142e+04   0.000e+00   6.208e-01   1.929e-01        0
      92       108   -5.367125e+04   0.000e+00   3.401e-01   2.300e-01        0
      93       109   -5.367117e+04   0.000e+00   3.622e-02   1.368e-01        0
      94       110   -5.367112e+04   0.000e+00   1.550e-01   6.601e-02        0
      95       111   -5.367103e+04   0.000e+00   3.883e-01   9.264e-02        0
      96       112   -5.367082e+04   0.000e+00   7.031e-01   1.901e-01        0
      97       113   -5.367037e+04   0.000e+00   1.050e+00   3.961e-01        0
      98       114   -5.366964e+04   0.000e+00   1.195e+00   6.728e-01        0
      99       115   -5.366895e+04   0.000e+00   8.617e-01   7.156e-01        0
     100       116   -5.366867e+04   0.000e+00   3.142e-01   2.771e-01        0
     101       117   -5.366863e+04   0.000e+00   3.807e-02   8.076e-02        0
     102       118   -5.366863e+04   0.000e+00   4.441e-03   7.711e-02        0
     103       119   -5.366863e+04   0.000e+00   1.097e-03   7.639e-04        0
     104       121   -5.366863e+04   0.000e+00   5.292e-04   3.683e-04        0
     105       122   -5.366863e+04   0.000e+00   9.629e-06   1.362e-09        1
     106       123   -5.366863e+04   0.000e+00   1.314e-06   1.149e-03        0
     107       124   -5.366863e+04   0.000e+00   5.048e-07   1.094e-03        0
     108       125   -5.366863e+04   0.000e+00   7.201e-08   6.528e-05        0
     109       126   -5.366863e+04   0.000e+00   2.111e-08   1.881e-06        0
     110       127   -5.366863e+04   0.000e+00   5.029e-09   1.685e-06        0

EXIT: Locally optimal solution found.

Final Statistics
----------------
Final objective value               =  -5.36686314148337e+04
Final feasibility error (abs / rel) =   0.00e+00 / 0.00e+00
Final optimality error  (abs / rel) =   5.03e-09 / 5.03e-09
# of iterations                     =        110 
# of CG iterations                  =          1 
# of function evaluations           =        127
# of gradient evaluations           =        111
Total program time (secs)           =    7257.64355 (151761.828 CPU time)
Time spent in evaluations (secs)    =    7234.64062

Solution Vector
---------------
x[       0] =   3.41242262265e+00
x[       1] =   2.57920629611e+00
x[       2] =   2.80315852145e+00
x[       3] =   3.69621702794e+00
x[       4] =   3.77714062922e+00
x[       5] =   2.46960169078e+00
x[       6] =   4.21852463884e+00
x[       7] =  -6.93107691765e-01
x[       8] =  -2.05628649788e+00
x[       9] =  -1.89849628513e+01
x[      10] =   6.13682240524e-01
x[      11] =  -4.40236578259e-03
x[      12] =   1.19278295823e+00
x[      13] =   8.31396576594e-01
x[      14] =   5.33480800484e-01
x[      15] =   8.51280492993e-01
x[      16] =   1.06237843798e+00
x[      17] =   1.03598826884e+00
x[      18] =   8.22178921792e-01
x[      19] =   8.70758407361e-01
x[      20] =   8.90949638175e-01
x[      21] =   6.95235511034e-01
x[      22] =   1.81513490847e-01

===============================================================================

