
Solving from new start point (number 36 of 42) <multistart>.


=======================================
*** NO CHECK MADE FOR LICENSE ***
         Artelys Knitro 12.3.0
=======================================

Knitro presolve eliminated 0 variables and 0 constraints.

algorithm:               4
bar_maxcrossit:          3
datacheck:               0
feastol:                 1e-08
hessopt:                 2
maxtime_cpu:             9.98305e+07
maxtime_real:            9.99917e+07
opttol:                  1e-08
outlev:                  5
outmode:                 2
par_concurrent_evals:    0
The problem is identified as bound constrained only.
Knitro changing act_qpalg from AUTO to 3.
Knitro changing honorbnds from AUTO to -1.
Knitro changing linesearch from AUTO to 2.
Knitro changing linsolver from AUTO to 4.

Problem Characteristics                                 (   Presolved)
-----------------------
Objective goal:  Maximize
Objective type:  general
Number of variables:                                 23 (          23)
    bounded below only:                               0 (           0)
    bounded above only:                               0 (           0)
    bounded below and above:                         23 (          23)
    fixed:                                            0 (           0)
    free:                                             0 (           0)
Number of constraints:                                0 (           0)
    linear equalities:                                0 (           0)
    quadratic equalities:                             0 (           0)
    gen. nonlinear equalities:                        0 (           0)
    linear one-sided inequalities:                    0 (           0)
    quadratic one-sided inequalities:                 0 (           0)
    gen. nonlinear one-sided inequalities:            0 (           0)
    linear two-sided inequalities:                    0 (           0)
    quadratic two-sided inequalities:                 0 (           0)
    gen. nonlinear two-sided inequalities:            0 (           0)
Number of nonzeros in Jacobian:                       0 (           0)
Number of nonzeros in Hessian:                        0 (         276)

Knitro using the Sequential Quadratic Programming (SQP) algorithm.

  Iter     fCount     Objective      FeasError   OptError    ||Step||    CGits 
--------  --------  --------------  ----------  ----------  ----------  -------
       0         1   -7.683091e+04   0.000e+00
       1         4   -6.679873e+04   0.000e+00   1.057e+01   8.340e-01        0
       2         6   -6.265727e+04   0.000e+00   2.334e+00   1.073e+00        0
       3         9   -6.238791e+04   0.000e+00   4.048e+00   4.622e-02        0
       4        12   -6.174527e+04   0.000e+00   8.906e+00   4.690e-02        0
       5        15   -5.968407e+04   0.000e+00   6.505e+00   1.074e-01        0
       6        18   -5.920841e+04   0.000e+00   6.884e+02   1.073e-01        0
       7        20   -5.753857e+04   0.000e+00   1.723e+03   1.651e+00        0
       8        22   -5.642408e+04   0.000e+00   1.630e+01   7.444e-01        0
       9        25   -5.552277e+04   0.000e+00   2.956e+01   4.408e-01        0
      10        27   -5.536729e+04   0.000e+00   7.120e+02   1.292e+00        0
      11        30   -5.482048e+04   0.000e+00   3.441e+02   4.025e-01        0
      12        32   -5.459219e+04   0.000e+00   1.242e+02   7.693e-01        0
      13        34   -5.430291e+04   0.000e+00   1.335e+00   3.912e-01        0
      14        36   -5.426923e+04   0.000e+00   6.596e+00   4.129e-01        0
      15        38   -5.422133e+04   0.000e+00   1.280e+02   7.318e-01        0
      16        41   -5.417392e+04   0.000e+00   1.456e+01   1.526e-01        0
      17        43   -5.403223e+04   0.000e+00   9.698e+01   5.668e-01        0
      18        44   -5.381675e+04   0.000e+00   3.618e+00   3.213e-01        0
      19        45   -5.380189e+04   0.000e+00   1.319e+00   2.953e-01        0
      20        46   -5.373371e+04   0.000e+00   8.872e-01   2.233e-01        0
      21        49   -5.373104e+04   0.000e+00   2.714e+01   7.125e-02        0
      22        52   -5.371202e+04   0.000e+00   2.017e+01   1.438e-01        0
      23        55   -5.371093e+04   0.000e+00   1.123e+00   1.181e-01        0
      24        58   -5.369509e+04   0.000e+00   6.597e-01   2.292e-01        0
      25        59   -5.368206e+04   0.000e+00   3.988e+01   2.142e-01        0
      26        60   -5.367875e+04   0.000e+00   1.685e+01   1.117e-01        0
      27        61   -5.367672e+04   0.000e+00   9.552e+00   9.940e-02        0
      28        62   -5.367614e+04   0.000e+00   6.348e+00   5.117e-02        0
      29        63   -5.367602e+04   0.000e+00   1.910e+00   1.689e-02        0
      30        64   -5.367593e+04   0.000e+00   6.987e-02   1.213e-02        0
      31        65   -5.367578e+04   0.000e+00   2.437e+00   2.499e-02        0
      32        66   -5.367567e+04   0.000e+00   2.933e+00   2.734e-02        0
      33        67   -5.367552e+04   0.000e+00   2.249e+00   4.834e-02        0
      34        68   -5.367529e+04   0.000e+00   1.681e-02   7.486e-02        0
      35        69   -5.367493e+04   0.000e+00   3.752e+00   1.197e-01        0
      36        70   -5.367453e+04   0.000e+00   6.783e+00   1.358e-01        0
      37        71   -5.367422e+04   0.000e+00   6.673e+00   9.823e-02        0
      38        72   -5.367406e+04   0.000e+00   4.397e+00   3.888e-02        0
      39        73   -5.367398e+04   0.000e+00   1.947e+00   1.710e-02        0
      40        74   -5.367392e+04   0.000e+00   1.681e-01   1.303e-02        0
      41        75   -5.367389e+04   0.000e+00   1.183e+00   1.586e-02        0
      42        76   -5.367385e+04   0.000e+00   1.182e+00   2.270e-02        0
      43        77   -5.367382e+04   0.000e+00   2.964e-01   2.784e-02        0
      44        78   -5.367379e+04   0.000e+00   8.572e-01   2.319e-02        0
      45        79   -5.367377e+04   0.000e+00   1.361e+00   9.155e-03        0
      46        80   -5.367376e+04   0.000e+00   1.183e+00   3.208e-03        0
      47        81   -5.367376e+04   0.000e+00   6.799e-01   4.380e-03        0
      48        82   -5.367374e+04   0.000e+00   1.051e-01   4.965e-03        0
      49        83   -5.367373e+04   0.000e+00   1.084e+00   8.726e-03        0
      50        84   -5.367370e+04   0.000e+00   2.241e+00   2.049e-02        0
      51        85   -5.367363e+04   0.000e+00   3.614e+00   4.774e-02        0
      52        86   -5.367349e+04   0.000e+00   5.241e+00   1.117e-01        0
      53        87   -5.367315e+04   0.000e+00   6.971e+00   2.551e-01        0
      54        88   -5.367245e+04   0.000e+00   8.135e+00   5.386e-01        0
      55        89   -5.367125e+04   0.000e+00   7.257e+00   9.483e-01        0
      56        90   -5.366986e+04   0.000e+00   3.482e+00   1.178e+00        0
      57        91   -5.366902e+04   0.000e+00   1.886e-01   7.759e-01        0
      58        92   -5.366876e+04   0.000e+00   1.079e+00   1.688e-01        0
      59        93   -5.366867e+04   0.000e+00   8.360e-01   4.681e-02        0
      60        94   -5.366864e+04   0.000e+00   4.038e-01   4.409e-02        0
      61        95   -5.366863e+04   0.000e+00   1.657e-01   1.805e-02        0
      62        96   -5.366863e+04   0.000e+00   8.047e-02   3.363e-02        0
      63        97   -5.366863e+04   0.000e+00   5.110e-02   1.639e-02        0
      64        98   -5.366863e+04   0.000e+00   2.842e-02   4.446e-03        0
      65        99   -5.366863e+04   0.000e+00   9.938e-03   2.013e-03        0
      66       100   -5.366863e+04   0.000e+00   3.288e-03   2.006e-03        0
      67       101   -5.366863e+04   0.000e+00   4.755e-04   1.973e-03        0
      68       102   -5.366863e+04   0.000e+00   8.458e-04   3.695e-04        0
      69       104   -5.366863e+04   0.000e+00   8.624e-04   1.845e-04        0
      70       105   -5.366863e+04   0.000e+00   5.870e-04   1.145e-04        0
      71       106   -5.366863e+04   0.000e+00   1.288e-04   1.798e-05        0
      72       108   -5.366863e+04   0.000e+00   8.739e-05   8.147e-06        0
      73       109   -5.366863e+04   0.000e+00   3.284e-07   1.048e-10        1
      74       110   -5.366863e+04   0.000e+00   1.400e-07   1.029e-05        0
      75       111   -5.366863e+04   0.000e+00   2.584e-07   1.100e-06        0
      76       112   -5.366863e+04   0.000e+00   6.459e-08   1.093e-06        0

EXIT: Primal feasible solution; terminate because the relative change in
      the objective function < 1.000000e-15 for 5 consecutive feasible iterations.
      Decrease ftol or increase ftol_iters to try for more accuracy.

Final Statistics
----------------
Final objective value               =  -5.36686314148337e+04
Final feasibility error (abs / rel) =   0.00e+00 / 0.00e+00
Final optimality error  (abs / rel) =   6.46e-08 / 6.46e-08
# of iterations                     =         76 
# of CG iterations                  =          1 
# of function evaluations           =        112
# of gradient evaluations           =         77
Total program time (secs)           =    5207.98486 ( 96440.914 CPU time)
Time spent in evaluations (secs)    =    5147.70898

Solution Vector
---------------
x[       0] =   3.41242190401e+00
x[       1] =   2.57920565073e+00
x[       2] =   2.80315786745e+00
x[       3] =   3.69621634985e+00
x[       4] =   3.77713997739e+00
x[       5] =   2.46960090092e+00
x[       6] =   4.21852397861e+00
x[       7] =  -6.93107574948e-01
x[       8] =  -2.05628621561e+00
x[       9] =  -1.89849612067e+01
x[      10] =   6.13682162190e-01
x[      11] =  -4.40236489604e-03
x[      12] =   1.19278311207e+00
x[      13] =   8.31396673016e-01
x[      14] =   5.33480853468e-01
x[      15] =   8.51280538242e-01
x[      16] =   1.06237843977e+00
x[      17] =   1.03598825860e+00
x[      18] =   8.22178891382e-01
x[      19] =   8.70758352031e-01
x[      20] =   8.90949702150e-01
x[      21] =   6.95235441446e-01
x[      22] =   1.81513476039e-01

===============================================================================

