
Solving from new start point (number 29 of 42) <multistart>.


=======================================
*** NO CHECK MADE FOR LICENSE ***
         Artelys Knitro 12.3.0
=======================================

Knitro presolve eliminated 0 variables and 0 constraints.

algorithm:               4
bar_maxcrossit:          3
datacheck:               0
feastol:                 1e-08
hessopt:                 2
maxtime_cpu:             9.9837e+07
maxtime_real:            9.9992e+07
opttol:                  1e-08
outlev:                  5
outmode:                 2
par_concurrent_evals:    0
The problem is identified as bound constrained only.
Knitro changing act_qpalg from AUTO to 3.
Knitro changing honorbnds from AUTO to -1.
Knitro changing linesearch from AUTO to 2.
Knitro changing linsolver from AUTO to 4.

Problem Characteristics                                 (   Presolved)
-----------------------
Objective goal:  Maximize
Objective type:  general
Number of variables:                                 23 (          23)
    bounded below only:                               0 (           0)
    bounded above only:                               0 (           0)
    bounded below and above:                         23 (          23)
    fixed:                                            0 (           0)
    free:                                             0 (           0)
Number of constraints:                                0 (           0)
    linear equalities:                                0 (           0)
    quadratic equalities:                             0 (           0)
    gen. nonlinear equalities:                        0 (           0)
    linear one-sided inequalities:                    0 (           0)
    quadratic one-sided inequalities:                 0 (           0)
    gen. nonlinear one-sided inequalities:            0 (           0)
    linear two-sided inequalities:                    0 (           0)
    quadratic two-sided inequalities:                 0 (           0)
    gen. nonlinear two-sided inequalities:            0 (           0)
Number of nonzeros in Jacobian:                       0 (           0)
Number of nonzeros in Hessian:                        0 (         276)

Knitro using the Sequential Quadratic Programming (SQP) algorithm.

  Iter     fCount     Objective      FeasError   OptError    ||Step||    CGits 
--------  --------  --------------  ----------  ----------  ----------  -------
       0         1   -1.001444e+05   0.000e+00
       1         2   -4.286547e+04   0.000e+00   7.465e+00   6.024e-01        0
       2         3   -4.265605e+04   0.000e+00   3.166e+00   2.288e-02        0
       3         4   -4.186344e+04   0.000e+00   3.422e-02   4.097e-01        0
       4         5   -4.144841e+04   0.000e+00   1.814e-02   4.541e-02        0
       5         6   -4.111468e+04   0.000e+00   7.482e-03   6.096e-02        0
       6         7   -4.093996e+04   0.000e+00   5.943e-03   5.718e-02        0
       7         8   -4.079299e+04   0.000e+00   6.493e-03   7.207e-02        0
       8         9   -4.062441e+04   0.000e+00   1.254e+00   1.050e-01        0
       9        10   -4.041082e+04   0.000e+00   2.946e+00   1.615e-01        0
      10        11   -4.022828e+04   0.000e+00   2.449e+00   1.770e-01        0
      11        12   -4.012617e+04   0.000e+00   2.561e-01   9.422e-02        0
      12        13   -4.002210e+04   0.000e+00   7.345e-02   9.274e-02        0
      13        14   -3.994524e+04   0.000e+00   1.366e-02   1.301e-01        0
      14        17   -3.992675e+04   0.000e+00   1.017e+01   5.856e-02        0
      15        18   -3.976142e+04   0.000e+00   5.380e-02   6.064e-02        0
      16        19   -3.965102e+04   0.000e+00   2.442e-02   6.772e-02        0
      17        20   -3.938727e+04   0.000e+00   2.283e+00   3.425e-01        0
      18        21   -3.932240e+04   0.000e+00   2.529e+00   8.627e-02        0
      19        22   -3.924119e+04   0.000e+00   1.689e+00   1.136e-01        0
      20        23   -3.919338e+04   0.000e+00   2.636e-01   5.072e-02        0
      21        24   -3.914244e+04   0.000e+00   1.380e+00   5.291e-02        0
      22        25   -3.909113e+04   0.000e+00   6.462e-03   5.623e-02        0
      23        26   -3.902735e+04   0.000e+00   2.690e+00   7.026e-02        0
      24        27   -3.897503e+04   0.000e+00   1.915e+00   6.992e-02        0
      25        28   -3.895615e+04   0.000e+00   1.453e-02   3.572e-02        0
      26        29   -3.894762e+04   0.000e+00   7.421e-01   1.894e-02        0
      27        30   -3.894079e+04   0.000e+00   1.077e+00   1.381e-02        0
      28        31   -3.892261e+04   0.000e+00   8.510e-01   3.216e-02        0
      29        32   -3.889460e+04   0.000e+00   5.485e-01   6.807e-02        0
      30        33   -3.888060e+04   0.000e+00   5.156e-02   5.600e-02        0
      31        34   -3.887495e+04   0.000e+00   8.526e-02   2.593e-02        0
      32        35   -3.886864e+04   0.000e+00   1.620e-01   2.432e-02        0
      33        36   -3.885418e+04   0.000e+00   2.814e-01   5.340e-02        0
      34        37   -3.882462e+04   0.000e+00   3.810e-01   1.088e-01        0
      35        38   -3.877911e+04   0.000e+00   4.007e-01   1.717e-01        0
      36        39   -3.874260e+04   0.000e+00   5.129e-01   1.346e-01        0
      37        40   -3.872814e+04   0.000e+00   3.248e-01   5.853e-02        0
      38        41   -3.872634e+04   0.000e+00   4.261e-01   5.952e-02        0
      39        42   -3.871979e+04   0.000e+00   1.036e-01   3.876e-02        0
      40        43   -3.871527e+04   0.000e+00   1.416e-01   1.463e-02        0
      41        44   -3.869842e+04   0.000e+00   9.296e-01   5.471e-02        0
      42        45   -3.867457e+04   0.000e+00   1.667e+00   9.931e-02        0
      43        46   -3.864263e+04   0.000e+00   2.035e+00   1.736e-01        0
      44        47   -3.862291e+04   0.000e+00   1.533e+00   1.368e-01        0
      45        48   -3.861341e+04   0.000e+00   6.788e-01   5.564e-02        0
      46        49   -3.860860e+04   0.000e+00   6.168e-02   1.702e-02        0
      47        50   -3.860519e+04   0.000e+00   5.008e-01   8.695e-03        0
      48        51   -3.859791e+04   0.000e+00   1.109e+00   2.617e-02        0
      49        52   -3.858595e+04   0.000e+00   1.592e+00   6.557e-02        0
      50        53   -3.856819e+04   0.000e+00   1.736e+00   1.305e-01        0
      51        54   -3.855302e+04   0.000e+00   1.517e+00   1.162e-01        0
      52        55   -3.853987e+04   0.000e+00   9.981e-01   5.998e-02        0
      53        56   -3.853249e+04   0.000e+00   3.483e-02   2.258e-02        0
      54        57   -3.853172e+04   0.000e+00   1.247e-01   1.095e-02        0
      55        58   -3.853032e+04   0.000e+00   2.684e-01   1.528e-02        0
      56        59   -3.852765e+04   0.000e+00   4.085e-01   1.627e-02        0
      57        60   -3.852083e+04   0.000e+00   5.940e-01   3.647e-02        0
      58        61   -3.850684e+04   0.000e+00   7.626e-01   8.797e-02        0
      59        62   -3.848215e+04   0.000e+00   8.502e-01   1.901e-01        0
      60        63   -3.845700e+04   0.000e+00   7.287e-01   2.574e-01        0
      61        64   -3.844863e+04   0.000e+00   2.869e-01   1.068e-01        0
      62        65   -3.844697e+04   0.000e+00   9.162e-04   1.290e-02        0
      63        66   -3.844604e+04   0.000e+00   1.186e-01   1.072e-02        0
      64        67   -3.844423e+04   0.000e+00   2.303e-01   1.500e-02        0
      65        68   -3.844024e+04   0.000e+00   3.488e-01   2.217e-02        0
      66        69   -3.843412e+04   0.000e+00   4.080e-01   4.824e-02        0
      67        70   -3.842773e+04   0.000e+00   3.146e-01   8.480e-02        0
      68        71   -3.842405e+04   0.000e+00   1.055e-01   8.080e-02        0
      69        72   -3.842288e+04   0.000e+00   1.202e-02   3.452e-02        0
      70        73   -3.842223e+04   0.000e+00   5.016e-02   1.760e-02        0
      71        74   -3.842110e+04   0.000e+00   4.124e-02   2.068e-02        0
      72        75   -3.841882e+04   0.000e+00   5.234e-03   4.121e-02        0
      73        76   -3.841409e+04   0.000e+00   1.331e-01   7.281e-02        0
      74        77   -3.840544e+04   0.000e+00   2.971e-01   1.316e-01        0
      75        78   -3.839448e+04   0.000e+00   4.408e-01   1.473e-01        0
      76        79   -3.838590e+04   0.000e+00   3.508e-01   8.849e-02        0
      77        80   -3.838205e+04   0.000e+00   1.153e-01   8.597e-02        0
      78        81   -3.838158e+04   0.000e+00   9.759e-03   2.244e-02        0
      79        82   -3.838143e+04   0.000e+00   3.243e-02   1.207e-02        0
      80        83   -3.838117e+04   0.000e+00   5.828e-02   5.584e-03        0
      81        84   -3.838044e+04   0.000e+00   1.162e-01   1.086e-02        0
      82        85   -3.837909e+04   0.000e+00   1.793e-01   2.108e-02        0
      83        86   -3.837591e+04   0.000e+00   2.625e-01   4.576e-02        0
      84        87   -3.836160e+04   0.000e+00   5.398e-01   2.143e-01        0
      85        88   -3.834050e+04   0.000e+00   9.158e-01   4.106e-01        0
      86        89   -3.832505e+04   0.000e+00   5.847e-01   2.136e-01        0
      87        90   -3.831613e+04   0.000e+00   2.486e-01   1.349e-01        0
      88        91   -3.831435e+04   0.000e+00   1.181e-01   7.532e-02        0
      89        92   -3.831371e+04   0.000e+00   3.385e-03   2.070e-02        0
      90        93   -3.831359e+04   0.000e+00   3.350e-03   1.712e-02        0
      91        94   -3.831354e+04   0.000e+00   4.785e-03   1.180e-02        0
      92        95   -3.831353e+04   0.000e+00   6.652e-03   3.741e-03        0
      93        96   -3.831348e+04   0.000e+00   4.017e-03   6.630e-03        0
      94        97   -3.831341e+04   0.000e+00   4.543e-03   6.658e-03        0
      95        98   -3.831324e+04   0.000e+00   2.333e-02   9.880e-03        0
      96        99   -3.831284e+04   0.000e+00   5.767e-02   1.779e-02        0
      97       100   -3.831199e+04   0.000e+00   1.104e-01   2.974e-02        0
      98       101   -3.831000e+04   0.000e+00   1.677e-01   7.694e-02        0
      99       102   -3.830862e+04   0.000e+00   1.213e-01   7.015e-02        0
     100       103   -3.830814e+04   0.000e+00   2.904e-02   3.527e-02        0
     101       104   -3.830808e+04   0.000e+00   1.640e-03   1.225e-02        0
     102       105   -3.830808e+04   0.000e+00   2.642e-03   3.631e-03        0
     103       106   -3.830808e+04   0.000e+00   1.169e-03   1.810e-03        0
     104       107   -3.830807e+04   0.000e+00   2.801e-03   3.481e-03        0
     105       108   -3.830805e+04   0.000e+00   9.216e-03   4.828e-03        0
     106       109   -3.830799e+04   0.000e+00   2.049e-02   8.270e-03        0
     107       110   -3.830785e+04   0.000e+00   3.729e-02   1.437e-02        0
     108       111   -3.830753e+04   0.000e+00   6.045e-02   2.986e-02        0
     109       112   -3.830693e+04   0.000e+00   8.420e-02   5.887e-02        0
     110       113   -3.830620e+04   0.000e+00   8.926e-02   8.347e-02        0
     111       114   -3.830571e+04   0.000e+00   5.306e-02   6.548e-02        0
     112       115   -3.830557e+04   0.000e+00   5.809e-03   2.425e-02        0
     113       116   -3.830556e+04   0.000e+00   2.565e-04   4.929e-03        0
     114       117   -3.830556e+04   0.000e+00   2.182e-03   1.800e-03        0
     115       118   -3.830555e+04   0.000e+00   4.482e-03   4.325e-03        0
     116       119   -3.830554e+04   0.000e+00   6.737e-03   4.984e-03        0
     117       120   -3.830549e+04   0.000e+00   1.023e-02   8.106e-03        0
     118       121   -3.830539e+04   0.000e+00   1.378e-02   1.181e-02        0
     119       122   -3.830519e+04   0.000e+00   1.706e-02   2.191e-02        0
     120       123   -3.830488e+04   0.000e+00   1.455e-02   4.549e-02        0
     121       124   -3.830463e+04   0.000e+00   4.670e-03   5.122e-02        0
     122       125   -3.830454e+04   0.000e+00   2.022e-03   3.416e-02        0
     123       126   -3.830453e+04   0.000e+00   5.512e-04   5.827e-03        0
     124       127   -3.830453e+04   0.000e+00   3.385e-04   1.310e-03        0
     125       128   -3.830453e+04   0.000e+00   7.384e-05   1.298e-03        0
     126       129   -3.830452e+04   0.000e+00   3.573e-04   1.118e-03        0
     127       130   -3.830452e+04   0.000e+00   1.582e-03   3.322e-03        0
     128       131   -3.830450e+04   0.000e+00   2.934e-03   3.854e-03        0
     129       132   -3.830447e+04   0.000e+00   4.163e-03   6.946e-03        0
     130       133   -3.830442e+04   0.000e+00   5.171e-03   1.106e-02        0
     131       134   -3.830438e+04   0.000e+00   3.011e-03   1.636e-02        0
     132       135   -3.830437e+04   0.000e+00   7.114e-04   1.008e-02        0
     133       136   -3.830437e+04   0.000e+00   1.556e-04   5.983e-03        0
     134       137   -3.830437e+04   0.000e+00   6.502e-05   3.507e-03        0
     135       138   -3.830437e+04   0.000e+00   2.490e-05   8.136e-04        0
     136       139   -3.830437e+04   0.000e+00   1.717e-04   1.384e-03        0
     137       140   -3.830436e+04   0.000e+00   2.222e-04   2.186e-03        0
     138       141   -3.830436e+04   0.000e+00   3.824e-04   2.261e-03        0
     139       142   -3.830435e+04   0.000e+00   7.744e-04   6.999e-03        0
     140       143   -3.830433e+04   0.000e+00   6.199e-04   8.689e-03        0
     141       144   -3.830427e+04   0.000e+00   1.020e-03   2.162e-02        0
     142       145   -3.830417e+04   0.000e+00   8.856e-04   4.188e-02        0
     143       146   -3.830407e+04   0.000e+00   4.823e-04   5.701e-02        0
     144       147   -3.830401e+04   0.000e+00   3.435e-03   4.010e-02        0
     145       148   -3.830400e+04   0.000e+00   3.609e-04   9.394e-03        0
     146       149   -3.830400e+04   0.000e+00   9.380e-04   2.085e-03        0
     147       150   -3.830400e+04   0.000e+00   4.961e-05   2.891e-03        0
     148       151   -3.830400e+04   0.000e+00   8.601e-04   2.971e-03        0
     149       152   -3.830399e+04   0.000e+00   2.470e-03   5.226e-03        0
     150       153   -3.830398e+04   0.000e+00   4.650e-03   5.630e-03        0
     151       154   -3.830396e+04   0.000e+00   7.906e-03   7.031e-03        0
     152       155   -3.830390e+04   0.000e+00   1.162e-02   1.292e-02        0
     153       156   -3.830381e+04   0.000e+00   1.409e-02   3.823e-02        0
     154       157   -3.830370e+04   0.000e+00   1.220e-02   6.667e-02        0
     155       158   -3.830365e+04   0.000e+00   5.239e-03   5.407e-02        0
     156       159   -3.830364e+04   0.000e+00   1.067e-03   1.314e-02        0
     157       160   -3.830364e+04   0.000e+00   1.867e-04   2.242e-03        0
     158       161   -3.830364e+04   0.000e+00   9.365e-05   9.598e-04        0
     159       162   -3.830364e+04   0.000e+00   9.773e-05   2.006e-03        0
     160       163   -3.830364e+04   0.000e+00   3.518e-04   2.913e-03        0
     161       164   -3.830363e+04   0.000e+00   6.905e-04   3.234e-03        0
     162       165   -3.830363e+04   0.000e+00   1.390e-03   4.440e-03        0
     163       166   -3.830361e+04   0.000e+00   1.973e-03   6.457e-03        0
     164       167   -3.830359e+04   0.000e+00   2.413e-03   1.342e-02        0
     165       168   -3.830356e+04   0.000e+00   1.884e-03   2.704e-02        0
     166       169   -3.830355e+04   0.000e+00   5.377e-04   2.462e-02        0
     167       170   -3.830355e+04   0.000e+00   1.015e-04   8.684e-03        0
     168       171   -3.830355e+04   0.000e+00   1.382e-04   1.230e-03        0
     169       172   -3.830355e+04   0.000e+00   1.058e-04   4.397e-04        0
     170       173   -3.830355e+04   0.000e+00   3.152e-05   1.034e-03        0
     171       174   -3.830354e+04   0.000e+00   5.263e-05   1.293e-03        0
     172       175   -3.830354e+04   0.000e+00   2.178e-04   2.032e-03        0
     173       176   -3.830354e+04   0.000e+00   4.256e-04   3.019e-03        0
     174       177   -3.830352e+04   0.000e+00   6.753e-04   8.388e-03        0
     175       178   -3.830350e+04   0.000e+00   1.069e-03   2.153e-02        0
     176       179   -3.830347e+04   0.000e+00   2.872e-03   2.958e-02        0
     177       180   -3.830342e+04   0.000e+00   5.275e-03   4.845e-02        0
     178       181   -3.830339e+04   0.000e+00   4.696e-03   4.597e-02        0
     179       182   -3.830338e+04   0.000e+00   1.724e-03   1.703e-02        0
     180       183   -3.830338e+04   0.000e+00   6.432e-04   3.302e-03        0
     181       184   -3.830338e+04   0.000e+00   1.145e-04   2.337e-03        0
     182       185   -3.830338e+04   0.000e+00   6.945e-05   2.317e-04        0
     183       186   -3.830338e+04   0.000e+00   4.105e-06   2.315e-04        0
     184       187   -3.830338e+04   0.000e+00   8.475e-07   7.402e-05       16
     185       188   -3.830338e+04   0.000e+00   9.547e-06   1.257e-04        0
     186       189   -3.830338e+04   0.000e+00   4.210e-06   1.147e-04        0
     187       190   -3.830338e+04   0.000e+00   7.698e-08   1.074e-05        9
     188       191   -3.830338e+04   0.000e+00   2.359e-06   9.842e-05        0
     189       192   -3.830338e+04   0.000e+00   2.491e-06   9.620e-05        0
     190       193   -3.830338e+04   0.000e+00   4.319e-06   1.236e-05       10
     191       194   -3.830338e+04   0.000e+00   8.928e-07   9.921e-11        1
     192       195   -3.830338e+04   0.000e+00   1.057e-08   1.149e-04        0
     193       196   -3.830338e+04   0.000e+00   1.014e-08   5.817e-05        0
     194       197   -3.830338e+04   0.000e+00   7.450e-09   1.615e-04        0

EXIT: Locally optimal solution found.

Final Statistics
----------------
Final objective value               =  -3.83033816163733e+04
Final feasibility error (abs / rel) =   0.00e+00 / 0.00e+00
Final optimality error  (abs / rel) =   7.45e-09 / 7.45e-09
# of iterations                     =        194 
# of CG iterations                  =         36 
# of function evaluations           =        197
# of gradient evaluations           =        195
Total program time (secs)           =    9223.44336 (158539.141 CPU time)
Time spent in evaluations (secs)    =    9162.06641

Solution Vector
---------------
x[       0] =   3.17250296844e+00
x[       1] =   2.46308860079e+00
x[       2] =   2.48371360179e+00
x[       3] =   2.94233520938e+00
x[       4] =   3.26473206718e+00
x[       5] =   2.64726923448e+00
x[       6] =   3.85655052769e+00
x[       7] =  -1.60348840857e+00
x[       8] =  -7.41389853149e-01
x[       9] =  -3.37014278341e+00
x[      10] =   8.27381434356e-03
x[      11] =   1.46402896729e-03
x[      12] =   1.78956672173e+00
x[      13] =   1.86173514591e+00
x[      14] =   1.79528749652e+00
x[      15] =   2.30463368014e+00
x[      16] =   9.44432264713e-01
x[      17] =   9.17802268560e-01
x[      18] =   9.93775645548e-01
x[      19] =   9.52614675719e-01
x[      20] =   8.67765933557e-01
x[      21] =   8.66904116610e-01
x[      22] =   3.08753866849e-01

===============================================================================

