
Solving from new start point (number 24 of 42) <multistart>.


=======================================
*** NO CHECK MADE FOR LICENSE ***
         Artelys Knitro 12.3.0
=======================================

Knitro presolve eliminated 0 variables and 0 constraints.

algorithm:               4
bar_maxcrossit:          3
datacheck:               0
feastol:                 1e-08
hessopt:                 2
maxtime_cpu:             9.98798e+07
maxtime_real:            9.99941e+07
opttol:                  1e-08
outlev:                  5
outmode:                 2
par_concurrent_evals:    0
The problem is identified as bound constrained only.
Knitro changing act_qpalg from AUTO to 3.
Knitro changing honorbnds from AUTO to -1.
Knitro changing linesearch from AUTO to 2.
Knitro changing linsolver from AUTO to 4.

Problem Characteristics                                 (   Presolved)
-----------------------
Objective goal:  Maximize
Objective type:  general
Number of variables:                                 23 (          23)
    bounded below only:                               0 (           0)
    bounded above only:                               0 (           0)
    bounded below and above:                         23 (          23)
    fixed:                                            0 (           0)
    free:                                             0 (           0)
Number of constraints:                                0 (           0)
    linear equalities:                                0 (           0)
    quadratic equalities:                             0 (           0)
    gen. nonlinear equalities:                        0 (           0)
    linear one-sided inequalities:                    0 (           0)
    quadratic one-sided inequalities:                 0 (           0)
    gen. nonlinear one-sided inequalities:            0 (           0)
    linear two-sided inequalities:                    0 (           0)
    quadratic two-sided inequalities:                 0 (           0)
    gen. nonlinear two-sided inequalities:            0 (           0)
Number of nonzeros in Jacobian:                       0 (           0)
Number of nonzeros in Hessian:                        0 (         276)

Knitro using the Sequential Quadratic Programming (SQP) algorithm.

  Iter     fCount     Objective      FeasError   OptError    ||Step||    CGits 
--------  --------  --------------  ----------  ----------  ----------  -------
       0         1   -4.796884e+04   0.000e+00
       1         3   -4.308472e+04   0.000e+00   8.088e+01   4.153e-01        0
       2         4   -4.125792e+04   0.000e+00   3.208e+01   2.662e-01        0
       3         6   -4.040576e+04   0.000e+00   1.089e+01   2.532e-01        0
       4         9   -3.983884e+04   0.000e+00   4.379e+01   2.138e-01        0
       5        12   -3.972982e+04   0.000e+00   9.512e-02   8.902e-02        0
       6        14   -3.954231e+04   0.000e+00   4.824e+00   3.379e-01        0
       7        15   -3.925205e+04   0.000e+00   1.903e+01   1.126e-01        0
       8        16   -3.909678e+04   0.000e+00   2.206e-01   8.787e-02        0
       9        17   -3.886091e+04   0.000e+00   4.013e+00   4.280e-01        0
      10        18   -3.878228e+04   0.000e+00   3.591e+00   9.434e-02        0
      11        19   -3.874069e+04   0.000e+00   2.422e+00   5.477e-02        0
      12        20   -3.866409e+04   0.000e+00   8.815e-01   1.427e-01        0
      13        21   -3.862890e+04   0.000e+00   8.916e-01   9.900e-02        0
      14        22   -3.859879e+04   0.000e+00   1.288e+00   1.174e-01        0
      15        23   -3.858130e+04   0.000e+00   2.092e-01   6.830e-02        0
      16        24   -3.855940e+04   0.000e+00   8.626e-01   9.224e-02        0
      17        25   -3.853832e+04   0.000e+00   1.928e+00   9.142e-02        0
      18        26   -3.850775e+04   0.000e+00   3.179e+00   1.480e-01        0
      19        27   -3.847649e+04   0.000e+00   3.884e+00   1.749e-01        0
      20        28   -3.845016e+04   0.000e+00   3.062e+00   1.607e-01        0
      21        29   -3.843224e+04   0.000e+00   1.169e+00   9.797e-02        0
      22        30   -3.842073e+04   0.000e+00   6.177e-01   5.021e-02        0
      23        31   -3.841270e+04   0.000e+00   1.755e+00   3.401e-02        0
      24        32   -3.840295e+04   0.000e+00   2.850e+00   5.054e-02        0
      25        33   -3.839355e+04   0.000e+00   3.319e+00   5.973e-02        0
      26        34   -3.838898e+04   0.000e+00   9.153e-01   8.255e-02        0
      27        36   -3.838847e+04   0.000e+00   2.609e+00   1.194e-01        0
      28        37   -3.837598e+04   0.000e+00   1.644e+00   7.016e-02        0
      29        38   -3.836842e+04   0.000e+00   1.363e+00   3.805e-02        0
      30        39   -3.835704e+04   0.000e+00   7.873e-01   7.196e-02        0
      31        40   -3.834624e+04   0.000e+00   1.844e+00   1.147e-01        0
      32        41   -3.833753e+04   0.000e+00   2.095e+00   1.220e-01        0
      33        42   -3.833136e+04   0.000e+00   1.598e+00   7.206e-02        0
      34        43   -3.832586e+04   0.000e+00   4.780e-01   6.487e-02        0
      35        44   -3.832412e+04   0.000e+00   2.366e-02   2.160e-02        0
      36        45   -3.832246e+04   0.000e+00   4.786e-01   2.180e-02        0
      37        46   -3.832008e+04   0.000e+00   1.034e+00   3.251e-02        0
      38        47   -3.831721e+04   0.000e+00   1.545e+00   5.024e-02        0
      39        48   -3.831502e+04   0.000e+00   1.552e+00   5.162e-02        0
      40        49   -3.831403e+04   0.000e+00   9.671e-01   3.115e-02        0
      41        50   -3.831374e+04   0.000e+00   3.854e-01   8.978e-03        0
      42        51   -3.831360e+04   0.000e+00   2.603e-03   3.715e-03        0
      43        52   -3.831345e+04   0.000e+00   3.628e-01   6.338e-03        0
      44        53   -3.831332e+04   0.000e+00   5.374e-01   6.555e-03        0
      45        54   -3.831318e+04   0.000e+00   5.160e-01   7.911e-03        0
      46        55   -3.831302e+04   0.000e+00   2.914e-01   9.758e-03        0
      47        56   -3.831281e+04   0.000e+00   9.915e-02   1.281e-02        0
      48        57   -3.831256e+04   0.000e+00   5.454e-01   1.620e-02        0
      49        58   -3.831224e+04   0.000e+00   9.186e-01   2.054e-02        0
      50        59   -3.831178e+04   0.000e+00   1.110e+00   2.924e-02        0
      51        60   -3.831122e+04   0.000e+00   9.298e-01   3.740e-02        0
      52        61   -3.831080e+04   0.000e+00   4.299e-01   3.011e-02        0
      53        62   -3.831064e+04   0.000e+00   5.936e-02   1.086e-02        0
      54        63   -3.831061e+04   0.000e+00   3.338e-02   3.439e-03        0
      55        64   -3.831059e+04   0.000e+00   4.987e-02   2.053e-03        0
      56        65   -3.831054e+04   0.000e+00   5.427e-02   4.087e-03        0
      57        66   -3.831043e+04   0.000e+00   5.265e-02   1.000e-02        0
      58        67   -3.831016e+04   0.000e+00   3.585e-02   2.758e-02        0
      59        68   -3.830960e+04   0.000e+00   2.365e-02   6.313e-02        0
      60        69   -3.830880e+04   0.000e+00   5.749e-02   1.048e-01        0
      61        70   -3.830815e+04   0.000e+00   1.029e-01   9.122e-02        0
      62        71   -3.830786e+04   0.000e+00   1.332e-02   2.981e-02        0
      63        72   -3.830782e+04   0.000e+00   2.048e-02   7.534e-03        0
      64        73   -3.830781e+04   0.000e+00   1.784e-02   3.492e-03        0
      65        74   -3.830776e+04   0.000e+00   2.120e-03   9.304e-03        0
      66        75   -3.830766e+04   0.000e+00   2.308e-02   1.006e-02        0
      67        76   -3.830746e+04   0.000e+00   6.401e-02   2.201e-02        0
      68        77   -3.830721e+04   0.000e+00   9.200e-02   4.281e-02        0
      69        78   -3.830703e+04   0.000e+00   3.254e-02   5.333e-02        0
      70        79   -3.830696e+04   0.000e+00   2.276e-02   3.048e-02        0
      71        80   -3.830694e+04   0.000e+00   3.693e-02   1.139e-02        0
      72        81   -3.830693e+04   0.000e+00   2.370e-02   6.852e-03        0
      73        82   -3.830691e+04   0.000e+00   1.369e-02   1.020e-02        0
      74        83   -3.830688e+04   0.000e+00   7.320e-02   1.299e-02        0
      75        84   -3.830683e+04   0.000e+00   1.598e-01   2.040e-02        0
      76        85   -3.830671e+04   0.000e+00   2.665e-01   3.303e-02        0
      77        86   -3.830652e+04   0.000e+00   3.568e-01   5.133e-02        0
      78        87   -3.830629e+04   0.000e+00   3.369e-01   5.758e-02        0
      79        88   -3.830613e+04   0.000e+00   1.658e-01   3.309e-02        0
      80        89   -3.830609e+04   0.000e+00   2.418e-02   7.373e-03        0
      81        90   -3.830608e+04   0.000e+00   1.153e-02   6.417e-03        0
      82        91   -3.830606e+04   0.000e+00   4.061e-02   6.604e-03        0
      83        92   -3.830602e+04   0.000e+00   7.874e-02   8.202e-03        0
      84        93   -3.830594e+04   0.000e+00   1.349e-01   1.246e-02        0
      85        94   -3.830574e+04   0.000e+00   1.987e-01   3.232e-02        0
      86        95   -3.830540e+04   0.000e+00   2.321e-01   7.804e-02        0
      87        96   -3.830503e+04   0.000e+00   1.549e-01   1.180e-01        0
      88        97   -3.830486e+04   0.000e+00   4.113e-02   7.958e-02        0
      89        98   -3.830482e+04   0.000e+00   2.921e-03   1.918e-02        0
      90        99   -3.830481e+04   0.000e+00   3.969e-03   5.458e-03        0
      91       100   -3.830479e+04   0.000e+00   8.446e-03   6.472e-03        0
      92       101   -3.830474e+04   0.000e+00   1.253e-02   1.024e-02        0
      93       102   -3.830463e+04   0.000e+00   1.910e-02   2.397e-02        0
      94       103   -3.830437e+04   0.000e+00   2.118e-02   5.839e-02        0
      95       104   -3.830396e+04   0.000e+00   1.752e-02   1.204e-01        0
      96       105   -3.830358e+04   0.000e+00   2.634e-02   1.409e-01        0
      97       106   -3.830343e+04   0.000e+00   2.224e-02   7.038e-02        0
      98       107   -3.830341e+04   0.000e+00   1.646e-02   1.360e-02        0
      99       108   -3.830340e+04   0.000e+00   1.829e-03   4.773e-03        0
     100       109   -3.830340e+04   0.000e+00   2.531e-04   3.267e-03        0
     101       110   -3.830340e+04   0.000e+00   2.372e-03   3.229e-03        0
     102       111   -3.830340e+04   0.000e+00   5.767e-03   4.485e-03        0
     103       112   -3.830340e+04   0.000e+00   9.097e-03   4.944e-03        0
     104       113   -3.830339e+04   0.000e+00   1.033e-02   4.018e-03        0
     105       114   -3.830339e+04   0.000e+00   6.158e-03   7.371e-03        0
     106       115   -3.830339e+04   0.000e+00   2.686e-03   6.965e-03        0
     107       116   -3.830339e+04   0.000e+00   8.186e-04   2.192e-03        0
     108       117   -3.830339e+04   0.000e+00   9.018e-04   2.681e-04        0
     109       118   -3.830339e+04   0.000e+00   6.641e-04   2.639e-04        0
     110       119   -3.830339e+04   0.000e+00   7.007e-04   3.310e-04        0
     111       120   -3.830339e+04   0.000e+00   2.265e-04   5.466e-04        0
     112       121   -3.830339e+04   0.000e+00   2.175e-04   2.054e-03        0
     113       122   -3.830338e+04   0.000e+00   1.186e-03   2.430e-03        0
     114       123   -3.830338e+04   0.000e+00   1.004e-03   4.393e-03        0
     115       124   -3.830338e+04   0.000e+00   8.449e-04   3.445e-03        0
     116       125   -3.830338e+04   0.000e+00   2.410e-04   9.473e-04        0
     117       126   -3.830338e+04   0.000e+00   5.620e-04   9.607e-04        0
     118       127   -3.830338e+04   0.000e+00   8.984e-04   6.549e-04        0
     119       128   -3.830338e+04   0.000e+00   1.061e-03   8.464e-04        0
     120       129   -3.830338e+04   0.000e+00   1.770e-03   1.273e-03        0
     121       130   -3.830338e+04   0.000e+00   2.114e-03   1.472e-03        0
     122       131   -3.830338e+04   0.000e+00   2.305e-03   2.321e-03        0
     123       132   -3.830338e+04   0.000e+00   1.222e-03   4.048e-03        0
     124       133   -3.830338e+04   0.000e+00   4.019e-04   3.751e-03        0
     125       134   -3.830338e+04   0.000e+00   1.722e-04   1.892e-03        0
     126       135   -3.830338e+04   0.000e+00   3.350e-05   1.480e-04        0
     127       136   -3.830338e+04   0.000e+00   9.840e-05   1.222e-04        0
     128       137   -3.830338e+04   0.000e+00   3.810e-05   1.046e-04        0
     129       138   -3.830338e+04   0.000e+00   3.573e-05   1.015e-04        0
     130       139   -3.830338e+04   0.000e+00   4.291e-06   7.598e-10        1
     131       140   -3.830338e+04   0.000e+00   3.643e-08   9.836e-05        0
     132       141   -3.830338e+04   0.000e+00   1.344e-08   1.183e-06        0
     133       142   -3.830338e+04   0.000e+00   9.545e-09   1.183e-06        0

EXIT: Locally optimal solution found.

Final Statistics
----------------
Final objective value               =  -3.83033816163730e+04
Final feasibility error (abs / rel) =   0.00e+00 / 0.00e+00
Final optimality error  (abs / rel) =   9.54e-09 / 9.54e-09
# of iterations                     =        133 
# of CG iterations                  =          1 
# of function evaluations           =        142
# of gradient evaluations           =        134
Total program time (secs)           =    8269.29199 (166269.344 CPU time)
Time spent in evaluations (secs)    =    8205.04102

Solution Vector
---------------
x[       0] =   3.17250412130e+00
x[       1] =   2.46308970943e+00
x[       2] =   2.48371448163e+00
x[       3] =   2.94233649763e+00
x[       4] =   3.26473284950e+00
x[       5] =   2.64726979343e+00
x[       6] =   3.85655187227e+00
x[       7] =  -1.60348874814e+00
x[       8] =  -7.41389993178e-01
x[       9] =  -3.37013967209e+00
x[      10] =   8.27367466135e-03
x[      11] =   1.46403058205e-03
x[      12] =   1.78956618248e+00
x[      13] =   1.86173449425e+00
x[      14] =   1.79528694116e+00
x[      15] =   2.30463287186e+00
x[      16] =   9.44432132037e-01
x[      17] =   9.17802486306e-01
x[      18] =   9.93775574723e-01
x[      19] =   9.52614905260e-01
x[      20] =   8.67766138053e-01
x[      21] =   8.66904085278e-01
x[      22] =   3.08753863087e-01

===============================================================================

