
Solving from new start point (number 16 of 42) <multistart>.


=======================================
*** NO CHECK MADE FOR LICENSE ***
         Artelys Knitro 12.3.0
=======================================

Knitro presolve eliminated 0 variables and 0 constraints.

algorithm:               4
bar_maxcrossit:          3
datacheck:               0
feastol:                 1e-08
hessopt:                 2
maxtime_cpu:             9.99995e+07
maxtime_real:            9.99998e+07
opttol:                  1e-08
outlev:                  5
outmode:                 2
par_concurrent_evals:    0
The problem is identified as bound constrained only.
Knitro changing act_qpalg from AUTO to 3.
Knitro changing honorbnds from AUTO to -1.
Knitro changing linesearch from AUTO to 2.
Knitro changing linsolver from AUTO to 4.

Problem Characteristics                                 (   Presolved)
-----------------------
Objective goal:  Maximize
Objective type:  general
Number of variables:                                 23 (          23)
    bounded below only:                               0 (           0)
    bounded above only:                               0 (           0)
    bounded below and above:                         23 (          23)
    fixed:                                            0 (           0)
    free:                                             0 (           0)
Number of constraints:                                0 (           0)
    linear equalities:                                0 (           0)
    quadratic equalities:                             0 (           0)
    gen. nonlinear equalities:                        0 (           0)
    linear one-sided inequalities:                    0 (           0)
    quadratic one-sided inequalities:                 0 (           0)
    gen. nonlinear one-sided inequalities:            0 (           0)
    linear two-sided inequalities:                    0 (           0)
    quadratic two-sided inequalities:                 0 (           0)
    gen. nonlinear two-sided inequalities:            0 (           0)
Number of nonzeros in Jacobian:                       0 (           0)
Number of nonzeros in Hessian:                        0 (         276)

Knitro using the Sequential Quadratic Programming (SQP) algorithm.

  Iter     fCount     Objective      FeasError   OptError    ||Step||    CGits 
--------  --------  --------------  ----------  ----------  ----------  -------
       0         1   -5.264325e+04   0.000e+00
       1         2   -5.204929e+04   0.000e+00   1.108e+03   2.434e+00        0
       2         3   -4.444744e+04   0.000e+00   1.392e+00   7.859e-01        0
       3         5   -4.129239e+04   0.000e+00   2.825e+01   1.107e+00        0
       4         8   -3.980564e+04   0.000e+00   2.241e+02   6.701e-01        0
       5        10   -3.944265e+04   0.000e+00   6.143e+00   1.001e+00        0
       6        11   -3.909676e+04   0.000e+00   7.178e+01   4.844e-01        0
       7        14   -3.890205e+04   0.000e+00   1.315e+02   2.780e-01        0
       8        17   -3.877369e+04   0.000e+00   2.255e+02   2.437e-01        0
       9        19   -3.872661e+04   0.000e+00   1.329e+02   5.729e-01        0
      10        20   -3.846838e+04   0.000e+00   1.417e+02   3.570e-01        0
      11        21   -3.842970e+04   0.000e+00   4.713e+01   8.130e-02        0
      12        22   -3.839747e+04   0.000e+00   3.706e+01   9.115e-02        0
      13        23   -3.837886e+04   0.000e+00   2.970e+01   1.440e-01        0
      14        24   -3.836488e+04   0.000e+00   2.165e+01   1.087e-01        0
      15        25   -3.835041e+04   0.000e+00   2.009e+01   1.696e-01        0
      16        26   -3.834153e+04   0.000e+00   2.513e+00   1.270e-01        0
      17        27   -3.833019e+04   0.000e+00   7.790e-01   1.959e-01        0
      18        28   -3.832507e+04   0.000e+00   1.368e+01   1.416e-01        0
      19        30   -3.832179e+04   0.000e+00   5.574e+00   1.013e-01        0
      20        31   -3.831960e+04   0.000e+00   3.498e+00   3.426e-02        0
      21        32   -3.831824e+04   0.000e+00   2.921e+00   9.131e-02        0
      22        33   -3.831690e+04   0.000e+00   2.006e+00   5.148e-02        0
      23        34   -3.831637e+04   0.000e+00   2.567e-01   4.140e-02        0
      24        35   -3.831589e+04   0.000e+00   7.431e-01   3.294e-02        0
      25        36   -3.831498e+04   0.000e+00   2.096e+00   6.481e-02        0
      26        37   -3.831436e+04   0.000e+00   1.702e+00   4.995e-02        0
      27        38   -3.831403e+04   0.000e+00   6.853e-01   3.098e-02        0
      28        39   -3.831379e+04   0.000e+00   5.837e-01   2.358e-02        0
      29        40   -3.831344e+04   0.000e+00   1.482e+00   3.371e-02        0
      30        41   -3.831293e+04   0.000e+00   1.614e+00   5.924e-02        0
      31        42   -3.831227e+04   0.000e+00   2.085e+00   8.009e-02        0
      32        43   -3.831184e+04   0.000e+00   1.775e-02   6.163e-02        0
      33        44   -3.831156e+04   0.000e+00   3.510e-01   2.468e-02        0
      34        45   -3.831109e+04   0.000e+00   1.152e+00   4.481e-02        0
      35        46   -3.831028e+04   0.000e+00   1.920e+00   9.539e-02        0
      36        47   -3.830920e+04   0.000e+00   2.581e+00   1.565e-01        0
      37        48   -3.830838e+04   0.000e+00   1.830e+00   1.450e-01        0
      38        49   -3.830798e+04   0.000e+00   2.521e-01   7.888e-02        0
      39        50   -3.830774e+04   0.000e+00   7.602e-01   4.873e-02        0
      40        51   -3.830737e+04   0.000e+00   1.846e+00   7.186e-02        0
      41        52   -3.830683e+04   0.000e+00   2.437e+00   1.093e-01        0
      42        53   -3.830633e+04   0.000e+00   2.276e+00   1.058e-01        0
      43        54   -3.830607e+04   0.000e+00   1.183e+00   4.692e-02        0
      44        55   -3.830592e+04   0.000e+00   1.677e-01   2.521e-02        0
      45        56   -3.830575e+04   0.000e+00   1.220e+00   2.964e-02        0
      46        57   -3.830546e+04   0.000e+00   2.455e+00   4.158e-02        0
      47        58   -3.830494e+04   0.000e+00   3.898e+00   7.997e-02        0
      48        59   -3.830428e+04   0.000e+00   3.180e+00   1.500e-01        0
      49        60   -3.830387e+04   0.000e+00   1.752e+00   1.531e-01        0
      50        61   -3.830375e+04   0.000e+00   1.037e-01   5.930e-02        0
      51        62   -3.830369e+04   0.000e+00   4.020e-01   4.245e-02        0
      52        63   -3.830360e+04   0.000e+00   1.369e+00   3.189e-02        0
      53        64   -3.830351e+04   0.000e+00   1.152e+00   2.825e-02        0
      54        65   -3.830345e+04   0.000e+00   8.891e-01   2.311e-02        0
      55        66   -3.830342e+04   0.000e+00   1.097e-01   1.759e-02        0
      56        67   -3.830341e+04   0.000e+00   2.412e-02   8.453e-03        0
      57        68   -3.830341e+04   0.000e+00   7.356e-02   2.545e-03        0
      58        69   -3.830340e+04   0.000e+00   6.250e-02   5.172e-03        0
      59        70   -3.830340e+04   0.000e+00   5.949e-02   9.103e-03        0
      60        71   -3.830339e+04   0.000e+00   3.265e-03   9.412e-03        0
      61        72   -3.830339e+04   0.000e+00   1.247e-02   4.029e-03        0
      62        73   -3.830339e+04   0.000e+00   2.418e-02   1.249e-03        0
      63        74   -3.830339e+04   0.000e+00   1.693e-02   1.517e-03        0
      64        75   -3.830339e+04   0.000e+00   1.431e-02   3.376e-03        0
      65        76   -3.830339e+04   0.000e+00   1.155e-03   6.639e-03        0
      66        77   -3.830338e+04   0.000e+00   1.395e-03   8.733e-03        0
      67        78   -3.830338e+04   0.000e+00   1.494e-03   5.391e-03        0
      68        79   -3.830338e+04   0.000e+00   4.723e-03   1.339e-03        0
      69        80   -3.830338e+04   0.000e+00   3.966e-03   6.864e-04        0
      70        81   -3.830338e+04   0.000e+00   3.164e-03   5.888e-04        0
      71        82   -3.830338e+04   0.000e+00   2.788e-03   7.108e-04        0
      72        83   -3.830338e+04   0.000e+00   7.011e-04   9.843e-04        0
      73        84   -3.830338e+04   0.000e+00   6.951e-04   5.916e-04        0
      74        85   -3.830338e+04   0.000e+00   7.914e-04   2.234e-04        0
      75        86   -3.830338e+04   0.000e+00   1.961e-04   9.578e-05        0
      76        87   -3.830338e+04   0.000e+00   1.135e-04   2.833e-05        0
      77        88   -3.830338e+04   0.000e+00   2.094e-05   2.056e-05        0
      78        89   -3.830338e+04   0.000e+00   9.775e-06   2.055e-05        0
      79        90   -3.830338e+04   0.000e+00   2.057e-05   3.833e-07        9
      80        91   -3.830338e+04   0.000e+00   2.334e-06   4.342e-11        1
      81        92   -3.830338e+04   0.000e+00   1.296e-06   1.749e-05        0
      82        93   -3.830338e+04   0.000e+00   1.539e-06   6.927e-06        0
      83        94   -3.830338e+04   0.000e+00   9.550e-07   3.069e-06       18
      84        95   -3.830338e+04   0.000e+00   4.609e-07   5.189e-06        0
      85        96   -3.830338e+04   0.000e+00   2.326e-08   3.903e-07        0
      86        97   -3.830338e+04   0.000e+00   2.157e-08   8.853e-08        0
      87        98   -3.830338e+04   0.000e+00   2.948e-09   3.502e-08       25

EXIT: Locally optimal solution found.

Final Statistics
----------------
Final objective value               =  -3.83033816163730e+04
Final feasibility error (abs / rel) =   0.00e+00 / 0.00e+00
Final optimality error  (abs / rel) =   2.95e-09 / 2.95e-09
# of iterations                     =         87 
# of CG iterations                  =         53 
# of function evaluations           =         98
# of gradient evaluations           =         88
Total program time (secs)           =    5696.76465 (119205.148 CPU time)
Time spent in evaluations (secs)    =    5647.47412

Solution Vector
---------------
x[       0] =   3.17250400590e+00
x[       1] =   2.46308970691e+00
x[       2] =   2.48371456761e+00
x[       3] =   2.94233645410e+00
x[       4] =   3.26473286029e+00
x[       5] =   2.64726989874e+00
x[       6] =   3.85655186560e+00
x[       7] =  -1.60348877096e+00
x[       8] =  -7.41389997961e-01
x[       9] =  -3.37013974806e+00
x[      10] =   8.27368043063e-03
x[      11] =   1.46403050583e-03
x[      12] =   1.78956627326e+00
x[      13] =   1.86173465170e+00
x[      14] =   1.79528711562e+00
x[      15] =   2.30463295317e+00
x[      16] =   9.44432095551e-01
x[      17] =   9.17802404086e-01
x[      18] =   9.93775546397e-01
x[      19] =   9.52614868977e-01
x[      20] =   8.67766030553e-01
x[      21] =   8.66904025101e-01
x[      22] =   3.08753862796e-01

===============================================================================

