
Solving from new start point (number 19 of 42) <multistart>.


=======================================
*** NO CHECK MADE FOR LICENSE ***
         Artelys Knitro 12.3.0
=======================================

Knitro presolve eliminated 0 variables and 0 constraints.

algorithm:               4
bar_maxcrossit:          3
datacheck:               0
feastol:                 1e-08
hessopt:                 2
maxtime_cpu:             9.99995e+07
maxtime_real:            9.99998e+07
opttol:                  1e-08
outlev:                  5
outmode:                 2
par_concurrent_evals:    0
The problem is identified as bound constrained only.
Knitro changing act_qpalg from AUTO to 3.
Knitro changing honorbnds from AUTO to -1.
Knitro changing linesearch from AUTO to 2.
Knitro changing linsolver from AUTO to 4.

Problem Characteristics                                 (   Presolved)
-----------------------
Objective goal:  Maximize
Objective type:  general
Number of variables:                                 23 (          23)
    bounded below only:                               0 (           0)
    bounded above only:                               0 (           0)
    bounded below and above:                         23 (          23)
    fixed:                                            0 (           0)
    free:                                             0 (           0)
Number of constraints:                                0 (           0)
    linear equalities:                                0 (           0)
    quadratic equalities:                             0 (           0)
    gen. nonlinear equalities:                        0 (           0)
    linear one-sided inequalities:                    0 (           0)
    quadratic one-sided inequalities:                 0 (           0)
    gen. nonlinear one-sided inequalities:            0 (           0)
    linear two-sided inequalities:                    0 (           0)
    quadratic two-sided inequalities:                 0 (           0)
    gen. nonlinear two-sided inequalities:            0 (           0)
Number of nonzeros in Jacobian:                       0 (           0)
Number of nonzeros in Hessian:                        0 (         276)

Knitro using the Sequential Quadratic Programming (SQP) algorithm.

  Iter     fCount     Objective      FeasError   OptError    ||Step||    CGits 
--------  --------  --------------  ----------  ----------  ----------  -------
       0         1   -1.430518e+05   0.000e+00
       1         2   -4.414515e+04   0.000e+00   1.288e+01   1.149e+00        0
       2         3   -4.360214e+04   0.000e+00   2.365e+00   9.538e-02        0
       3         6   -4.327018e+04   0.000e+00   4.020e+00   1.617e-01        0
       4         7   -4.221489e+04   0.000e+00   7.473e+00   1.468e-01        0
       5         8   -4.171676e+04   0.000e+00   7.552e+00   1.404e-01        0
       6         9   -4.163836e+04   0.000e+00   1.072e+01   2.345e-01        0
       7        10   -4.133743e+04   0.000e+00   4.695e-02   1.205e-01        0
       8        11   -4.115598e+04   0.000e+00   2.637e+00   7.654e-02        0
       9        12   -4.022484e+04   0.000e+00   3.792e+00   4.632e-01        0
      10        13   -3.999500e+04   0.000e+00   1.141e+01   6.250e-01        0
      11        14   -3.962241e+04   0.000e+00   2.964e-01   1.932e-01        0
      12        15   -3.938861e+04   0.000e+00   1.808e+00   1.142e-01        0
      13        16   -3.917654e+04   0.000e+00   2.077e-01   3.492e-01        0
      14        17   -3.911875e+04   0.000e+00   8.374e-01   9.494e-02        0
      15        18   -3.909852e+04   0.000e+00   4.587e-03   4.240e-02        0
      16        19   -3.902171e+04   0.000e+00   3.891e-01   6.482e-02        0
      17        20   -3.894153e+04   0.000e+00   1.557e-01   3.248e-01        0
      18        21   -3.886051e+04   0.000e+00   2.937e-01   9.174e-02        0
      19        22   -3.881104e+04   0.000e+00   8.770e-01   7.491e-02        0
      20        23   -3.876610e+04   0.000e+00   6.516e-03   1.061e-01        0
      21        24   -3.873478e+04   0.000e+00   6.398e-02   9.937e-02        0
      22        25   -3.871492e+04   0.000e+00   5.058e-01   7.764e-02        0
      23        26   -3.870274e+04   0.000e+00   6.242e-03   4.962e-02        0
      24        27   -3.867541e+04   0.000e+00   3.801e-01   1.142e-01        0
      25        28   -3.864354e+04   0.000e+00   1.249e+00   1.687e-01        0
      26        29   -3.861993e+04   0.000e+00   8.776e-01   1.275e-01        0
      27        30   -3.860519e+04   0.000e+00   7.439e-01   7.332e-02        0
      28        31   -3.858965e+04   0.000e+00   6.547e-03   5.049e-02        0
      29        32   -3.856992e+04   0.000e+00   6.374e-01   6.446e-02        0
      30        33   -3.854283e+04   0.000e+00   1.274e+00   9.914e-02        0
      31        34   -3.852031e+04   0.000e+00   1.080e+00   1.137e-01        0
      32        35   -3.850795e+04   0.000e+00   5.013e-01   8.199e-02        0
      33        36   -3.849923e+04   0.000e+00   7.587e-02   5.816e-02        0
      34        37   -3.848320e+04   0.000e+00   5.421e-01   1.029e-01        0
      35        38   -3.846233e+04   0.000e+00   1.153e+00   1.361e-01        0
      36        39   -3.844159e+04   0.000e+00   1.472e+00   1.368e-01        0
      37        40   -3.842545e+04   0.000e+00   1.225e+00   9.219e-02        0
      38        41   -3.840984e+04   0.000e+00   6.749e-01   7.310e-02        0
      39        42   -3.839208e+04   0.000e+00   2.843e-02   7.621e-02        0
      40        43   -3.837818e+04   0.000e+00   4.267e-01   6.059e-02        0
      41        44   -3.837287e+04   0.000e+00   2.970e-01   3.519e-02        0
      42        45   -3.837153e+04   0.000e+00   8.825e-02   2.460e-02        0
      43        46   -3.837074e+04   0.000e+00   5.241e-03   1.574e-02        0
      44        47   -3.836881e+04   0.000e+00   1.356e-01   3.126e-02        0
      45        48   -3.836501e+04   0.000e+00   2.504e-01   4.806e-02        0
      46        49   -3.835881e+04   0.000e+00   3.506e-01   7.032e-02        0
      47        50   -3.835265e+04   0.000e+00   2.890e-01   6.740e-02        0
      48        51   -3.834950e+04   0.000e+00   1.843e-01   4.658e-02        0
      49        52   -3.834861e+04   0.000e+00   2.731e-02   2.835e-02        0
      50        53   -3.834784e+04   0.000e+00   2.130e-02   1.459e-02        0
      51        54   -3.834607e+04   0.000e+00   1.911e-01   3.173e-02        0
      52        55   -3.834292e+04   0.000e+00   2.702e-01   3.526e-02        0
      53        56   -3.833901e+04   0.000e+00   3.386e-01   5.223e-02        0
      54        57   -3.833657e+04   0.000e+00   2.069e-01   5.622e-02        0
      55        58   -3.833562e+04   0.000e+00   1.055e-01   2.817e-02        0
      56        59   -3.833475e+04   0.000e+00   1.801e-02   2.211e-02        0
      57        60   -3.833274e+04   0.000e+00   1.962e-01   3.456e-02        0
      58        61   -3.832865e+04   0.000e+00   4.312e-01   6.106e-02        0
      59        62   -3.832209e+04   0.000e+00   5.840e-01   1.010e-01        0
      60        63   -3.831631e+04   0.000e+00   4.934e-01   1.114e-01        0
      61        64   -3.831413e+04   0.000e+00   2.198e-01   5.994e-02        0
      62        65   -3.831372e+04   0.000e+00   5.057e-02   1.797e-02        0
      63        66   -3.831360e+04   0.000e+00   1.943e-02   6.895e-03        0
      64        67   -3.831335e+04   0.000e+00   1.244e-01   8.457e-03        0
      65        68   -3.831286e+04   0.000e+00   2.675e-01   1.013e-02        0
      66        69   -3.831208e+04   0.000e+00   3.704e-01   1.828e-02        0
      67        70   -3.831134e+04   0.000e+00   3.099e-01   2.905e-02        0
      68        71   -3.831098e+04   0.000e+00   1.207e-01   2.408e-02        0
      69        72   -3.831083e+04   0.000e+00   1.991e-02   1.098e-02        0
      70        73   -3.831067e+04   0.000e+00   1.384e-01   8.405e-03        0
      71        74   -3.831030e+04   0.000e+00   3.055e-01   1.441e-02        0
      72        75   -3.830963e+04   0.000e+00   4.690e-01   2.417e-02        0
      73        76   -3.830872e+04   0.000e+00   4.832e-01   3.406e-02        0
      74        77   -3.830811e+04   0.000e+00   2.698e-01   2.771e-02        0
      75        78   -3.830795e+04   0.000e+00   6.151e-02   1.198e-02        0
      76        79   -3.830793e+04   0.000e+00   5.157e-03   4.886e-03        0
      77        80   -3.830792e+04   0.000e+00   2.614e-02   2.024e-03        0
      78        81   -3.830788e+04   0.000e+00   6.578e-02   3.938e-03        0
      79        82   -3.830781e+04   0.000e+00   1.236e-01   5.971e-03        0
      80        83   -3.830763e+04   0.000e+00   2.106e-01   1.256e-02        0
      81        84   -3.830722e+04   0.000e+00   3.176e-01   2.799e-02        0
      82        85   -3.830648e+04   0.000e+00   3.904e-01   5.690e-02        0
      83        86   -3.830561e+04   0.000e+00   3.434e-01   7.992e-02        0
      84        87   -3.830511e+04   0.000e+00   1.724e-01   5.818e-02        0
      85        88   -3.830501e+04   0.000e+00   3.955e-02   1.505e-02        0
      86        89   -3.830500e+04   0.000e+00   2.668e-03   4.216e-03        0
      87        90   -3.830500e+04   0.000e+00   4.559e-03   2.539e-03        0
      88        91   -3.830499e+04   0.000e+00   1.430e-02   3.228e-03        0
      89        92   -3.830498e+04   0.000e+00   3.013e-02   5.033e-03        0
      90        93   -3.830496e+04   0.000e+00   5.441e-02   6.419e-03        0
      91        94   -3.830491e+04   0.000e+00   8.555e-02   8.978e-03        0
      92        95   -3.830483e+04   0.000e+00   1.073e-01   1.455e-02        0
      93        96   -3.830473e+04   0.000e+00   8.841e-02   2.590e-02        0
      94        97   -3.830467e+04   0.000e+00   4.009e-02   2.494e-02        0
      95        98   -3.830466e+04   0.000e+00   9.513e-03   1.340e-02        0
      96        99   -3.830466e+04   0.000e+00   5.543e-04   5.172e-03        0
      97       100   -3.830465e+04   0.000e+00   7.438e-03   7.143e-03        0
      98       101   -3.830465e+04   0.000e+00   9.227e-03   9.427e-03        0
      99       102   -3.830464e+04   0.000e+00   6.266e-03   6.944e-03        0
     100       103   -3.830464e+04   0.000e+00   1.410e-03   1.756e-03        0
     101       104   -3.830464e+04   0.000e+00   6.210e-04   7.458e-04        0
     102       105   -3.830464e+04   0.000e+00   4.775e-03   1.348e-03        0
     103       106   -3.830464e+04   0.000e+00   1.103e-02   2.224e-03        0
     104       107   -3.830463e+04   0.000e+00   2.145e-02   4.328e-03        0
     105       108   -3.830461e+04   0.000e+00   3.695e-02   8.730e-03        0
     106       109   -3.830457e+04   0.000e+00   5.783e-02   1.832e-02        0
     107       110   -3.830449e+04   0.000e+00   7.698e-02   3.626e-02        0
     108       111   -3.830437e+04   0.000e+00   7.690e-02   5.639e-02        0
     109       112   -3.830427e+04   0.000e+00   4.552e-02   4.748e-02        0
     110       113   -3.830424e+04   0.000e+00   1.117e-02   1.568e-02        0
     111       114   -3.830424e+04   0.000e+00   1.113e-03   6.387e-03        0
     112       115   -3.830423e+04   0.000e+00   5.208e-03   3.916e-03        0
     113       116   -3.830423e+04   0.000e+00   1.292e-02   6.058e-03        0
     114       117   -3.830421e+04   0.000e+00   2.411e-02   6.614e-03        0
     115       118   -3.830417e+04   0.000e+00   4.191e-02   7.779e-03        0
     116       119   -3.830410e+04   0.000e+00   5.916e-02   1.722e-02        0
     117       120   -3.830395e+04   0.000e+00   6.807e-02   5.801e-02        0
     118       121   -3.830382e+04   0.000e+00   5.016e-02   8.652e-02        0
     119       122   -3.830376e+04   0.000e+00   1.760e-02   6.291e-02        0
     120       123   -3.830376e+04   0.000e+00   1.011e-03   1.234e-02        0
     121       124   -3.830376e+04   0.000e+00   1.454e-03   2.266e-03        0
     122       125   -3.830375e+04   0.000e+00   2.523e-03   1.979e-03        0
     123       126   -3.830375e+04   0.000e+00   4.647e-03   2.376e-03        0
     124       127   -3.830375e+04   0.000e+00   8.572e-03   3.144e-03        0
     125       128   -3.830374e+04   0.000e+00   1.403e-02   4.502e-03        0
     126       129   -3.830371e+04   0.000e+00   2.138e-02   7.970e-03        0
     127       130   -3.830367e+04   0.000e+00   2.661e-02   1.740e-02        0
     128       131   -3.830362e+04   0.000e+00   2.195e-02   3.142e-02        0
     129       132   -3.830360e+04   0.000e+00   1.043e-02   2.958e-02        0
     130       133   -3.830359e+04   0.000e+00   1.220e-03   1.123e-02        0
     131       134   -3.830359e+04   0.000e+00   7.366e-04   9.664e-03        0
     132       135   -3.830359e+04   0.000e+00   6.466e-05   7.160e-03        0
     133       136   -3.830359e+04   0.000e+00   2.091e-05   4.550e-03        0
     134       137   -3.830359e+04   0.000e+00   4.457e-04   4.562e-03        0
     135       138   -3.830358e+04   0.000e+00   1.016e-03   1.503e-02        0
     136       139   -3.830357e+04   0.000e+00   2.231e-03   1.490e-02        0
     137       140   -3.830355e+04   0.000e+00   3.305e-03   1.710e-02        0
     138       141   -3.830350e+04   0.000e+00   3.723e-03   1.951e-02        0
     139       142   -3.830344e+04   0.000e+00   4.667e-04   5.183e-02        0
     140       143   -3.830341e+04   0.000e+00   2.140e-04   6.359e-02        0
     141       144   -3.830340e+04   0.000e+00   5.242e-04   2.973e-02        0
     142       145   -3.830340e+04   0.000e+00   7.541e-05   4.116e-03        0
     143       146   -3.830340e+04   0.000e+00   7.388e-05   7.203e-04        0
     144       147   -3.830340e+04   0.000e+00   4.023e-04   7.168e-04        0
     145       148   -3.830340e+04   0.000e+00   1.465e-03   1.829e-03        0
     146       149   -3.830340e+04   0.000e+00   2.514e-03   1.850e-03        0
     147       150   -3.830340e+04   0.000e+00   4.616e-03   3.323e-03        0
     148       151   -3.830339e+04   0.000e+00   6.416e-03   3.927e-03        0
     149       152   -3.830339e+04   0.000e+00   6.458e-03   7.092e-03        0
     150       153   -3.830338e+04   0.000e+00   3.699e-03   9.041e-03        0
     151       154   -3.830338e+04   0.000e+00   8.708e-04   5.995e-03        0
     152       155   -3.830338e+04   0.000e+00   1.456e-04   1.171e-03        0
     153       156   -3.830338e+04   0.000e+00   2.251e-05   3.377e-04        0
     154       157   -3.830338e+04   0.000e+00   5.406e-05   2.907e-04        0
     155       158   -3.830338e+04   0.000e+00   4.848e-05   1.655e-04        0
     156       159   -3.830338e+04   0.000e+00   6.415e-05   3.194e-04        0
     157       160   -3.830338e+04   0.000e+00   8.455e-05   4.152e-04        0
     158       161   -3.830338e+04   0.000e+00   1.332e-04   4.446e-04        0
     159       162   -3.830338e+04   0.000e+00   2.032e-04   7.050e-04        0
     160       163   -3.830338e+04   0.000e+00   1.654e-04   7.922e-04        0
     161       164   -3.830338e+04   0.000e+00   4.754e-05   7.394e-04        0
     162       165   -3.830338e+04   0.000e+00   2.467e-06   7.395e-04        0
     163       166   -3.830338e+04   0.000e+00   2.534e-05   8.638e-04        0
     164       167   -3.830338e+04   0.000e+00   1.962e-06   8.633e-04        0
     165       168   -3.830338e+04   0.000e+00   4.103e-07   7.001e-04       40
     166       169   -3.830338e+04   0.000e+00   1.443e-06   1.539e-05        0
     167       170   -3.830338e+04   0.000e+00   8.290e-07   1.376e-05        0
     168       171   -3.830338e+04   0.000e+00   7.511e-07   4.847e-07        6
     169       172   -3.830338e+04   0.000e+00   2.587e-06   5.292e-05        0
     170       173   -3.830338e+04   0.000e+00   1.205e-08   3.421e-11        1
     171       174   -3.830338e+04   0.000e+00   4.717e-08   1.640e-06        0
     172       175   -3.830338e+04   0.000e+00   1.319e-07   1.645e-06        0
     173       176   -3.830338e+04   0.000e+00   2.040e-07   3.774e-05        0
     174       177   -3.830338e+04   0.000e+00   1.304e-07   3.789e-05        0
     175       178   -3.830338e+04   0.000e+00   3.220e-07   3.634e-05       36
     176       179   -3.830338e+04   0.000e+00   5.321e-09   4.074e-12        1

EXIT: Locally optimal solution found.

Final Statistics
----------------
Final objective value               =  -3.83033816163730e+04
Final feasibility error (abs / rel) =   0.00e+00 / 0.00e+00
Final optimality error  (abs / rel) =   5.32e-09 / 5.32e-09
# of iterations                     =        176 
# of CG iterations                  =         84 
# of function evaluations           =        179
# of gradient evaluations           =        177
Total program time (secs)           =   10993.46094 (230046.312 CPU time)
Time spent in evaluations (secs)    =   10935.00879

Solution Vector
---------------
x[       0] =   3.17250421290e+00
x[       1] =   2.46308967852e+00
x[       2] =   2.48371460453e+00
x[       3] =   2.94233668688e+00
x[       4] =   3.26473288166e+00
x[       5] =   2.64726995240e+00
x[       6] =   3.85655174146e+00
x[       7] =  -1.60348883853e+00
x[       8] =  -7.41390011465e-01
x[       9] =  -3.37013759542e+00
x[      10] =   8.27358260754e-03
x[      11] =   1.46403165452e-03
x[      12] =   1.78956611903e+00
x[      13] =   1.86173452876e+00
x[      14] =   1.79528692048e+00
x[      15] =   2.30463252905e+00
x[      16] =   9.44432231740e-01
x[      17] =   9.17802475172e-01
x[      18] =   9.93775527055e-01
x[      19] =   9.52614959619e-01
x[      20] =   8.67766103459e-01
x[      21] =   8.66904163886e-01
x[      22] =   3.08753842285e-01

===============================================================================

