
Solving from new start point (number 21 of 42) <multistart>.


=======================================
*** NO CHECK MADE FOR LICENSE ***
         Artelys Knitro 12.3.0
=======================================

Knitro presolve eliminated 0 variables and 0 constraints.

algorithm:               4
bar_maxcrossit:          3
datacheck:               0
feastol:                 1e-08
hessopt:                 2
maxtime_cpu:             9.99995e+07
maxtime_real:            9.99998e+07
opttol:                  1e-08
outlev:                  5
outmode:                 2
par_concurrent_evals:    0
The problem is identified as bound constrained only.
Knitro changing act_qpalg from AUTO to 3.
Knitro changing honorbnds from AUTO to -1.
Knitro changing linesearch from AUTO to 2.
Knitro changing linsolver from AUTO to 4.

Problem Characteristics                                 (   Presolved)
-----------------------
Objective goal:  Maximize
Objective type:  general
Number of variables:                                 23 (          23)
    bounded below only:                               0 (           0)
    bounded above only:                               0 (           0)
    bounded below and above:                         23 (          23)
    fixed:                                            0 (           0)
    free:                                             0 (           0)
Number of constraints:                                0 (           0)
    linear equalities:                                0 (           0)
    quadratic equalities:                             0 (           0)
    gen. nonlinear equalities:                        0 (           0)
    linear one-sided inequalities:                    0 (           0)
    quadratic one-sided inequalities:                 0 (           0)
    gen. nonlinear one-sided inequalities:            0 (           0)
    linear two-sided inequalities:                    0 (           0)
    quadratic two-sided inequalities:                 0 (           0)
    gen. nonlinear two-sided inequalities:            0 (           0)
Number of nonzeros in Jacobian:                       0 (           0)
Number of nonzeros in Hessian:                        0 (         276)

Knitro using the Sequential Quadratic Programming (SQP) algorithm.

  Iter     fCount     Objective      FeasError   OptError    ||Step||    CGits 
--------  --------  --------------  ----------  ----------  ----------  -------
       0         1   -4.258594e+04   0.000e+00
       1         4   -4.154579e+04   0.000e+00   2.485e+01   5.931e-02        0
       2         5   -4.078804e+04   0.000e+00   2.444e+01   3.278e-01        0
       3         8   -4.049538e+04   0.000e+00   4.838e+01   1.196e-01        0
       4        10   -4.039622e+04   0.000e+00   4.796e+01   2.401e-01        0
       5        11   -3.979049e+04   0.000e+00   1.470e+01   3.546e-01        0
       6        12   -3.953552e+04   0.000e+00   1.010e+01   1.003e-01        0
       7        13   -3.930646e+04   0.000e+00   3.892e+01   4.675e-01        0
       8        14   -3.911624e+04   0.000e+00   1.186e+01   2.157e-01        0
       9        15   -3.904452e+04   0.000e+00   5.511e+00   6.713e-02        0
      10        16   -3.892430e+04   0.000e+00   1.422e+01   2.368e-01        0
      11        17   -3.882232e+04   0.000e+00   1.364e+01   9.280e-02        0
      12        18   -3.862080e+04   0.000e+00   1.989e+00   3.138e-01        0
      13        19   -3.857621e+04   0.000e+00   9.641e-01   1.153e-01        0
      14        20   -3.855302e+04   0.000e+00   5.822e+00   6.801e-02        0
      15        21   -3.853275e+04   0.000e+00   2.785e+00   6.323e-02        0
      16        22   -3.850447e+04   0.000e+00   1.490e+00   9.876e-02        0
      17        23   -3.848586e+04   0.000e+00   5.302e+00   8.785e-02        0
      18        24   -3.847178e+04   0.000e+00   5.843e+00   7.180e-02        0
      19        25   -3.846067e+04   0.000e+00   3.987e+00   7.040e-02        0
      20        26   -3.845044e+04   0.000e+00   6.584e-02   6.805e-02        0
      21        27   -3.844092e+04   0.000e+00   2.863e+00   1.240e-01        0
      22        28   -3.843717e+04   0.000e+00   1.664e+01   1.566e-01        0
      23        29   -3.841841e+04   0.000e+00   8.881e+00   3.221e-02        0
      24        30   -3.840215e+04   0.000e+00   5.229e+00   7.373e-02        0
      25        31   -3.837955e+04   0.000e+00   9.130e+00   2.154e-01        0
      26        32   -3.835917e+04   0.000e+00   5.069e+00   2.551e-01        0
      27        33   -3.835061e+04   0.000e+00   2.334e+00   9.272e-02        0
      28        34   -3.834434e+04   0.000e+00   1.034e+00   3.871e-02        0
      29        35   -3.834311e+04   0.000e+00   1.241e+00   1.241e-02        0
      30        36   -3.834188e+04   0.000e+00   3.801e-01   1.602e-02        0
      31        37   -3.834085e+04   0.000e+00   4.180e-02   1.866e-02        0
      32        38   -3.833915e+04   0.000e+00   8.768e-01   3.449e-02        0
      33        39   -3.833676e+04   0.000e+00   1.221e+00   5.357e-02        0
      34        40   -3.833316e+04   0.000e+00   1.383e+00   8.121e-02        0
      35        41   -3.832942e+04   0.000e+00   9.637e-01   8.386e-02        0
      36        42   -3.832696e+04   0.000e+00   5.781e-01   5.206e-02        0
      37        43   -3.832598e+04   0.000e+00   1.998e-01   2.141e-02        0
      38        44   -3.832547e+04   0.000e+00   1.053e-02   1.094e-02        0
      39        45   -3.832470e+04   0.000e+00   2.328e-01   1.482e-02        0
      40        46   -3.832353e+04   0.000e+00   3.942e-01   2.912e-02        0
      41        47   -3.832191e+04   0.000e+00   4.475e-01   5.330e-02        0
      42        48   -3.831996e+04   0.000e+00   2.803e-01   7.392e-02        0
      43        49   -3.831771e+04   0.000e+00   3.763e-03   8.739e-02        0
      44        50   -3.831529e+04   0.000e+00   3.205e-01   8.708e-02        0
      45        51   -3.831343e+04   0.000e+00   4.450e-01   6.027e-02        0
      46        52   -3.831271e+04   0.000e+00   3.090e-01   2.356e-02        0
      47        53   -3.831252e+04   0.000e+00   8.411e-02   1.199e-02        0
      48        54   -3.831242e+04   0.000e+00   5.164e-02   1.097e-02        0
      49        55   -3.831226e+04   0.000e+00   2.502e-01   1.201e-02        0
      50        56   -3.831193e+04   0.000e+00   4.700e-01   2.013e-02        0
      51        57   -3.831122e+04   0.000e+00   8.419e-01   3.599e-02        0
      52        58   -3.830994e+04   0.000e+00   1.093e+00   7.076e-02        0
      53        59   -3.830850e+04   0.000e+00   1.217e+00   9.960e-02        0
      54        60   -3.830756e+04   0.000e+00   6.308e-01   7.142e-02        0
      55        61   -3.830719e+04   0.000e+00   2.396e-01   4.510e-02        0
      56        62   -3.830711e+04   0.000e+00   1.631e-01   1.199e-02        0
      57        63   -3.830706e+04   0.000e+00   1.207e-01   1.499e-02        0
      58        64   -3.830696e+04   0.000e+00   2.167e-01   1.287e-02        0
      59        65   -3.830671e+04   0.000e+00   2.384e-01   2.793e-02        0
      60        66   -3.830626e+04   0.000e+00   2.483e-01   4.551e-02        0
      61        67   -3.830550e+04   0.000e+00   1.677e-01   7.443e-02        0
      62        68   -3.830473e+04   0.000e+00   9.128e-02   7.451e-02        0
      63        69   -3.830431e+04   0.000e+00   7.206e-02   3.806e-02        0
      64        70   -3.830423e+04   0.000e+00   2.646e-02   8.662e-03        0
      65        71   -3.830422e+04   0.000e+00   5.399e-03   4.433e-03        0
      66        72   -3.830421e+04   0.000e+00   1.473e-02   3.565e-03        0
      67        73   -3.830419e+04   0.000e+00   5.034e-02   4.839e-03        0
      68        74   -3.830414e+04   0.000e+00   9.486e-02   7.145e-03        0
      69        75   -3.830406e+04   0.000e+00   1.306e-01   1.289e-02        0
      70        76   -3.830398e+04   0.000e+00   1.097e-01   1.841e-02        0
      71        77   -3.830394e+04   0.000e+00   4.744e-02   1.405e-02        0
      72        78   -3.830394e+04   0.000e+00   8.576e-03   5.134e-03        0
      73        79   -3.830393e+04   0.000e+00   2.092e-04   1.727e-03        0
      74        80   -3.830393e+04   0.000e+00   5.416e-03   1.094e-03        0
      75        81   -3.830393e+04   0.000e+00   1.268e-02   2.111e-03        0
      76        82   -3.830393e+04   0.000e+00   2.260e-02   3.021e-03        0
      77        83   -3.830392e+04   0.000e+00   3.158e-02   6.054e-03        0
      78        84   -3.830391e+04   0.000e+00   4.321e-02   1.053e-02        0
      79        85   -3.830388e+04   0.000e+00   4.344e-02   1.709e-02        0
      80        86   -3.830386e+04   0.000e+00   3.355e-02   1.806e-02        0
      81        87   -3.830385e+04   0.000e+00   1.010e-02   1.010e-02        0
      82        88   -3.830384e+04   0.000e+00   6.684e-04   4.001e-03        0
      83        89   -3.830384e+04   0.000e+00   1.372e-03   3.130e-03        0
      84        90   -3.830383e+04   0.000e+00   5.778e-03   3.915e-03        0
      85        91   -3.830382e+04   0.000e+00   1.112e-02   6.303e-03        0
      86        92   -3.830379e+04   0.000e+00   1.957e-02   1.565e-02        0
      87        93   -3.830371e+04   0.000e+00   3.086e-02   4.167e-02        0
      88        94   -3.830359e+04   0.000e+00   3.436e-02   8.708e-02        0
      89        95   -3.830346e+04   0.000e+00   1.430e-02   1.120e-01        0
      90        96   -3.830340e+04   0.000e+00   1.315e-03   6.219e-02        0
      91        97   -3.830339e+04   0.000e+00   1.208e-03   8.371e-03        0
      92        98   -3.830339e+04   0.000e+00   1.598e-03   4.959e-03        0
      93        99   -3.830339e+04   0.000e+00   5.150e-04   1.405e-03        0
      94       100   -3.830339e+04   0.000e+00   8.093e-04   1.424e-03        0
      95       101   -3.830339e+04   0.000e+00   3.498e-03   2.379e-03        0
      96       102   -3.830339e+04   0.000e+00   5.651e-03   2.413e-03        0
      97       103   -3.830339e+04   0.000e+00   6.274e-03   1.803e-03        0
      98       104   -3.830339e+04   0.000e+00   5.484e-03   3.199e-03        0
      99       105   -3.830339e+04   0.000e+00   1.712e-03   4.445e-03        0
     100       106   -3.830338e+04   0.000e+00   4.167e-05   2.113e-03        0
     101       107   -3.830338e+04   0.000e+00   3.960e-04   3.088e-04        0
     102       108   -3.830338e+04   0.000e+00   7.813e-04   2.543e-04        0
     103       109   -3.830338e+04   0.000e+00   1.321e-03   3.052e-04        0
     104       110   -3.830338e+04   0.000e+00   1.932e-03   4.942e-04        0
     105       111   -3.830338e+04   0.000e+00   2.635e-03   1.026e-03        0
     106       112   -3.830338e+04   0.000e+00   2.967e-03   2.185e-03        0
     107       113   -3.830338e+04   0.000e+00   2.074e-03   3.629e-03        0
     108       114   -3.830338e+04   0.000e+00   2.881e-04   3.395e-03        0
     109       115   -3.830338e+04   0.000e+00   6.245e-04   1.201e-03        0
     110       116   -3.830338e+04   0.000e+00   4.737e-04   5.019e-04        0
     111       117   -3.830338e+04   0.000e+00   2.360e-05   3.584e-04        0
     112       118   -3.830338e+04   0.000e+00   1.067e-03   4.190e-04        0
     113       119   -3.830338e+04   0.000e+00   3.137e-03   5.933e-04        0
     114       120   -3.830338e+04   0.000e+00   5.209e-03   1.177e-03        0
     115       121   -3.830338e+04   0.000e+00   5.995e-03   2.460e-03        0
     116       122   -3.830338e+04   0.000e+00   3.588e-03   2.464e-03        0
     117       123   -3.830338e+04   0.000e+00   1.034e-03   1.417e-03        0
     118       124   -3.830338e+04   0.000e+00   2.375e-04   1.962e-04        0
     119       125   -3.830338e+04   0.000e+00   5.886e-05   2.142e-04        0
     120       126   -3.830338e+04   0.000e+00   6.994e-05   2.036e-04        0
     121       127   -3.830338e+04   0.000e+00   2.866e-05   1.385e-04        0
     122       128   -3.830338e+04   0.000e+00   3.078e-05   1.385e-04        0
     123       129   -3.830338e+04   0.000e+00   3.500e-05   1.976e-05        9
     124       130   -3.830338e+04   0.000e+00   3.235e-05   1.281e-04        0
     125       131   -3.830338e+04   0.000e+00   1.380e-05   1.215e-04        0
     126       132   -3.830338e+04   0.000e+00   4.040e-06   1.593e-10        1
     127       133   -3.830338e+04   0.000e+00   4.412e-08   1.204e-04        0
     128       134   -3.830338e+04   0.000e+00   7.317e-08   1.834e-05        0
     129       135   -3.830338e+04   0.000e+00   2.774e-08   7.902e-06        0
     130       136   -3.830338e+04   0.000e+00   9.989e-09   2.663e-06        0

EXIT: Locally optimal solution found.

Final Statistics
----------------
Final objective value               =  -3.83033816163730e+04
Final feasibility error (abs / rel) =   0.00e+00 / 0.00e+00
Final optimality error  (abs / rel) =   9.99e-09 / 9.99e-09
# of iterations                     =        130 
# of CG iterations                  =         10 
# of function evaluations           =        136
# of gradient evaluations           =        131
Total program time (secs)           =    8230.55469 (172229.719 CPU time)
Time spent in evaluations (secs)    =    8166.16602

Solution Vector
---------------
x[       0] =   3.17250414064e+00
x[       1] =   2.46308986885e+00
x[       2] =   2.48371471265e+00
x[       3] =   2.94233656841e+00
x[       4] =   3.26473293761e+00
x[       5] =   2.64727004848e+00
x[       6] =   3.85655199703e+00
x[       7] =  -1.60348882109e+00
x[       8] =  -7.41390018262e-01
x[       9] =  -3.37013966151e+00
x[      10] =   8.27367733487e-03
x[      11] =   1.46403052855e-03
x[      12] =   1.78956625072e+00
x[      13] =   1.86173465506e+00
x[      14] =   1.79528710390e+00
x[      15] =   2.30463289543e+00
x[      16] =   9.44432071698e-01
x[      17] =   9.17802387052e-01
x[      18] =   9.93775546652e-01
x[      19] =   9.52614897401e-01
x[      20] =   8.67766013231e-01
x[      21] =   8.66904033238e-01
x[      22] =   3.08753863280e-01

===============================================================================

