
Solving from new start point (number 17 of 42) <multistart>.


=======================================
*** NO CHECK MADE FOR LICENSE ***
         Artelys Knitro 12.3.0
=======================================

Knitro presolve eliminated 0 variables and 0 constraints.

algorithm:               4
bar_maxcrossit:          3
datacheck:               0
feastol:                 1e-08
hessopt:                 2
maxtime_cpu:             9.99995e+07
maxtime_real:            9.99997e+07
opttol:                  1e-08
outlev:                  5
outmode:                 2
par_concurrent_evals:    0
The problem is identified as bound constrained only.
Knitro changing act_qpalg from AUTO to 3.
Knitro changing honorbnds from AUTO to -1.
Knitro changing linesearch from AUTO to 2.
Knitro changing linsolver from AUTO to 4.

Problem Characteristics                                 (   Presolved)
-----------------------
Objective goal:  Maximize
Objective type:  general
Number of variables:                                 23 (          23)
    bounded below only:                               0 (           0)
    bounded above only:                               0 (           0)
    bounded below and above:                         23 (          23)
    fixed:                                            0 (           0)
    free:                                             0 (           0)
Number of constraints:                                0 (           0)
    linear equalities:                                0 (           0)
    quadratic equalities:                             0 (           0)
    gen. nonlinear equalities:                        0 (           0)
    linear one-sided inequalities:                    0 (           0)
    quadratic one-sided inequalities:                 0 (           0)
    gen. nonlinear one-sided inequalities:            0 (           0)
    linear two-sided inequalities:                    0 (           0)
    quadratic two-sided inequalities:                 0 (           0)
    gen. nonlinear two-sided inequalities:            0 (           0)
Number of nonzeros in Jacobian:                       0 (           0)
Number of nonzeros in Hessian:                        0 (         276)

Knitro using the Sequential Quadratic Programming (SQP) algorithm.

  Iter     fCount     Objective      FeasError   OptError    ||Step||    CGits 
--------  --------  --------------  ----------  ----------  ----------  -------
       0         1   -3.897787e+04   0.000e+00
       1         3   -3.725147e+04   0.000e+00   5.338e+00   1.742e+00        0
       2         6   -3.681342e+04   0.000e+00   6.159e+02   3.204e-01        0
       3         9   -3.631089e+04   0.000e+00   1.597e+02   5.292e-01        0
       4        12   -3.619191e+04   0.000e+00   5.295e+02   1.761e-01        0
       5        15   -3.609832e+04   0.000e+00   1.058e+00   3.746e-01        0
       6        18   -3.604071e+04   0.000e+00   2.046e+02   2.490e-01        0
       7        21   -3.603033e+04   0.000e+00   5.926e-01   1.151e-01        0
       8        24   -3.601566e+04   0.000e+00   2.147e+02   8.541e-02        0
       9        26   -3.600525e+04   0.000e+00   1.687e+00   3.964e-01        0
      10        28   -3.598927e+04   0.000e+00   7.596e+01   4.899e-01        0
      11        29   -3.596038e+04   0.000e+00   1.108e+02   3.133e-01        0
      12        31   -3.595622e+04   0.000e+00   6.668e+01   7.964e-02        0
      13        34   -3.595322e+04   0.000e+00   1.171e+01   7.546e-02        0
      14        36   -3.595055e+04   0.000e+00   6.658e-01   1.376e-01        0
      15        38   -3.594754e+04   0.000e+00   1.977e+01   1.363e-01        0
      16        41   -3.594625e+04   0.000e+00   2.255e+01   7.652e-02        0
      17        42   -3.594481e+04   0.000e+00   4.615e+00   1.337e-01        0
      18        43   -3.594312e+04   0.000e+00   6.086e-01   5.310e-02        0
      19        44   -3.594151e+04   0.000e+00   1.444e+01   1.092e-01        0
      20        45   -3.593770e+04   0.000e+00   2.239e+01   3.694e-01        0
      21        46   -3.593358e+04   0.000e+00   3.382e+01   5.210e-01        0
      22        47   -3.593055e+04   0.000e+00   5.360e+00   4.559e-01        0
      23        48   -3.592871e+04   0.000e+00   2.364e+00   1.516e-01        0
      24        49   -3.592796e+04   0.000e+00   2.256e+01   6.316e-02        0
      25        50   -3.592742e+04   0.000e+00   1.389e+01   6.215e-02        0
      26        51   -3.592707e+04   0.000e+00   5.397e+00   7.788e-02        0
      27        52   -3.592698e+04   0.000e+00   2.589e+00   3.908e-02        0
      28        53   -3.592696e+04   0.000e+00   2.516e+00   3.033e-02        0
      29        54   -3.592694e+04   0.000e+00   1.568e+00   1.596e-02        0
      30        55   -3.592691e+04   0.000e+00   8.343e-01   3.453e-02        0
      31        56   -3.592684e+04   0.000e+00   4.815e+00   6.570e-02        0
      32        57   -3.592670e+04   0.000e+00   1.009e+01   1.295e-01        0
      33        58   -3.592655e+04   0.000e+00   1.418e+01   1.771e-01        0
      34        59   -3.592646e+04   0.000e+00   1.082e+01   9.897e-02        0
      35        60   -3.592642e+04   0.000e+00   3.375e+00   3.098e-02        0
      36        61   -3.592640e+04   0.000e+00   9.092e-01   2.264e-02        0
      37        62   -3.592638e+04   0.000e+00   4.139e+00   2.608e-02        0
      38        63   -3.592638e+04   0.000e+00   3.892e+00   2.190e-02        0
      39        64   -3.592637e+04   0.000e+00   1.832e+00   9.229e-03        0
      40        65   -3.592637e+04   0.000e+00   3.184e-01   4.384e-03        0
      41        66   -3.592637e+04   0.000e+00   3.681e-01   2.645e-03        0
      42        67   -3.592637e+04   0.000e+00   8.493e-01   2.695e-03        0
      43        68   -3.592637e+04   0.000e+00   1.460e+00   6.520e-03        0
      44        69   -3.592637e+04   0.000e+00   2.210e+00   1.395e-02        0
      45        70   -3.592636e+04   0.000e+00   3.040e+00   3.095e-02        0
      46        71   -3.592635e+04   0.000e+00   3.534e+00   5.940e-02        0
      47        72   -3.592634e+04   0.000e+00   3.063e+00   9.383e-02        0
      48        73   -3.592633e+04   0.000e+00   1.439e+00   1.015e-01        0
      49        74   -3.592633e+04   0.000e+00   5.074e-02   5.351e-02        0
      50        75   -3.592632e+04   0.000e+00   3.118e-01   1.539e-02        0
      51        76   -3.592632e+04   0.000e+00   1.933e-01   9.719e-03        0
      52        79   -3.592632e+04   0.000e+00   1.751e-01   3.255e-04        0
      53        81   -3.592632e+04   0.000e+00   9.151e-02   9.216e-04        0
      54        82   -3.592632e+04   0.000e+00   3.141e-03   8.565e-04        0
      55        83   -3.592632e+04   0.000e+00   1.209e-04   3.124e-04        0
      56        90   -3.592632e+04   0.000e+00   9.614e-04   1.289e-07       10
      57       119   -3.592632e+04   0.000e+00   9.658e-04   4.269e-15       34
      58       121   -3.592632e+04   0.000e+00   9.744e-04   2.988e-14        0
      59       134   -3.592632e+04   0.000e+00   1.327e-06   2.334e-16        9

EXIT: Primal feasible solution; terminate because the relative change in
      solution estimate < xtol for 3 consecutive iterations.

Final Statistics
----------------
Final objective value               =  -3.59263230889886e+04
Final feasibility error (abs / rel) =   0.00e+00 / 0.00e+00
Final optimality error  (abs / rel) =   1.33e-06 / 1.33e-06
# of iterations                     =         59 
# of CG iterations                  =         53 
# of function evaluations           =        134
# of gradient evaluations           =         60
Total program time (secs)           =   43559.73047 (910748.250 CPU time)
Time spent in evaluations (secs)    =   43159.37500

Solution Vector
---------------
x[       0] =   4.91096950638e+00
x[       1] =   2.37367581963e+00
x[       2] =   3.37090780228e+00
x[       3] =   4.12034772758e+00
x[       4] =   5.69205018714e+00
x[       5] =  -8.88909935337e+00
x[       6] =   6.99655497340e+00
x[       7] =  -9.68098506208e-01
x[       8] =  -1.66147165584e+00
x[       9] =  -5.98160174624e+00
x[      10] =   6.12173571239e-02
x[      11] =   1.13791431255e-03
x[      12] =   2.09378402074e+00
x[      13] =   1.57950022765e+00
x[      14] =   1.14035196862e+00
x[      15] =   1.30347609231e+00
x[      16] =   2.55873752346e+00
x[      17] =   1.60220160017e+00
x[      18] =   1.20492119456e+00
x[      19] =   9.55874488712e-01
x[      20] =   5.98534413703e+00
x[      21] =   6.91250275769e-01
x[      22] =   1.06826234323e+00

===============================================================================

