
Solving from new start point (number 6 of 42) <multistart>.


=======================================
*** NO CHECK MADE FOR LICENSE ***
         Artelys Knitro 12.3.0
=======================================

Knitro presolve eliminated 0 variables and 0 constraints.

algorithm:               4
bar_maxcrossit:          3
datacheck:               0
feastol:                 1e-08
hessopt:                 2
maxtime_cpu:             9.99995e+07
maxtime_real:            9.99997e+07
opttol:                  1e-08
outlev:                  5
outmode:                 2
par_concurrent_evals:    0
The problem is identified as bound constrained only.
Knitro changing act_qpalg from AUTO to 3.
Knitro changing honorbnds from AUTO to -1.
Knitro changing linesearch from AUTO to 2.
Knitro changing linsolver from AUTO to 4.

Problem Characteristics                                 (   Presolved)
-----------------------
Objective goal:  Maximize
Objective type:  general
Number of variables:                                 23 (          23)
    bounded below only:                               0 (           0)
    bounded above only:                               0 (           0)
    bounded below and above:                         23 (          23)
    fixed:                                            0 (           0)
    free:                                             0 (           0)
Number of constraints:                                0 (           0)
    linear equalities:                                0 (           0)
    quadratic equalities:                             0 (           0)
    gen. nonlinear equalities:                        0 (           0)
    linear one-sided inequalities:                    0 (           0)
    quadratic one-sided inequalities:                 0 (           0)
    gen. nonlinear one-sided inequalities:            0 (           0)
    linear two-sided inequalities:                    0 (           0)
    quadratic two-sided inequalities:                 0 (           0)
    gen. nonlinear two-sided inequalities:            0 (           0)
Number of nonzeros in Jacobian:                       0 (           0)
Number of nonzeros in Hessian:                        0 (         276)

Knitro using the Sequential Quadratic Programming (SQP) algorithm.

  Iter     fCount     Objective      FeasError   OptError    ||Step||    CGits 
--------  --------  --------------  ----------  ----------  ----------  -------
       0         1   -4.733534e+04   0.000e+00
       1         2   -4.502671e+04   0.000e+00   1.565e+02   9.695e-01        0
       2         3   -4.108229e+04   0.000e+00   7.712e-01   6.522e-01        0
       3         5   -4.034827e+04   0.000e+00   3.764e-01   6.518e-01        0
       4         6   -3.917647e+04   0.000e+00   1.213e+02   4.572e-01        0
       5         9   -3.748860e+04   0.000e+00   4.358e+00   3.509e-01        0
       6        10   -3.716347e+04   0.000e+00   3.645e+01   1.817e-01        0
       7        11   -3.680411e+04   0.000e+00   1.655e-01   3.673e-01        0
       8        12   -3.668337e+04   0.000e+00   1.591e+01   2.424e-01        0
       9        13   -3.656262e+04   0.000e+00   3.016e-01   4.131e-01        0
      10        14   -3.646606e+04   0.000e+00   3.166e+00   1.326e-01        0
      11        15   -3.642969e+04   0.000e+00   1.029e+01   1.301e-01        0
      12        16   -3.638062e+04   0.000e+00   3.965e+00   2.003e-01        0
      13        17   -3.629301e+04   0.000e+00   6.053e-01   7.227e-01        0
      14        18   -3.618443e+04   0.000e+00   2.094e+01   2.129e-01        0
      15        19   -3.615567e+04   0.000e+00   4.013e+01   2.730e-01        0
      16        20   -3.605296e+04   0.000e+00   1.793e+00   2.651e-01        0
      17        21   -3.602136e+04   0.000e+00   1.932e+00   1.110e-01        0
      18        22   -3.598214e+04   0.000e+00   1.035e+00   2.514e-01        0
      19        23   -3.597624e+04   0.000e+00   1.397e+00   6.678e-02        0
      20        24   -3.596777e+04   0.000e+00   1.006e+00   7.470e-02        0
      21        25   -3.596017e+04   0.000e+00   1.040e+00   7.970e-02        0
      22        26   -3.595501e+04   0.000e+00   2.186e-01   1.057e-01        0
      23        27   -3.595303e+04   0.000e+00   2.831e-01   4.928e-02        0
      24        28   -3.595040e+04   0.000e+00   4.492e-01   5.751e-02        0
      25        29   -3.594774e+04   0.000e+00   1.093e-01   5.403e-02        0
      26        30   -3.594552e+04   0.000e+00   4.265e-01   5.697e-02        0
      27        31   -3.594453e+04   0.000e+00   5.425e-01   3.881e-02        0
      28        32   -3.594404e+04   0.000e+00   3.753e-01   2.205e-02        0
      29        33   -3.594345e+04   0.000e+00   4.897e-02   2.272e-02        0
      30        34   -3.594240e+04   0.000e+00   4.322e-01   3.978e-02        0
      31        35   -3.594073e+04   0.000e+00   8.468e-01   6.987e-02        0
      32        36   -3.593854e+04   0.000e+00   1.060e+00   1.016e-01        0
      33        37   -3.593621e+04   0.000e+00   9.635e-01   1.168e-01        0
      34        38   -3.593408e+04   0.000e+00   8.696e-01   9.496e-02        0
      35        39   -3.593221e+04   0.000e+00   5.397e-01   6.494e-02        0
      36        40   -3.593115e+04   0.000e+00   1.075e-01   2.937e-02        0
      37        41   -3.593073e+04   0.000e+00   5.013e-01   1.473e-02        0
      38        42   -3.593052e+04   0.000e+00   5.122e-01   1.183e-02        0
      39        43   -3.593029e+04   0.000e+00   2.900e-01   1.764e-02        0
      40        44   -3.593000e+04   0.000e+00   9.819e-02   2.666e-02        0
      41        45   -3.592968e+04   0.000e+00   5.334e-01   3.119e-02        0
      42        46   -3.592946e+04   0.000e+00   8.085e-01   1.969e-02        0
      43        47   -3.592931e+04   0.000e+00   6.956e-01   1.283e-02        0
      44        48   -3.592920e+04   0.000e+00   3.256e-01   9.048e-03        0
      45        49   -3.592911e+04   0.000e+00   1.104e-01   9.537e-03        0
      46        50   -3.592903e+04   0.000e+00   3.781e-01   1.004e-02        0
      47        51   -3.592899e+04   0.000e+00   3.205e-01   9.285e-03        0
      48        52   -3.592896e+04   0.000e+00   1.401e-01   7.670e-03        0
      49        53   -3.592894e+04   0.000e+00   8.398e-02   7.447e-03        0
      50        54   -3.592889e+04   0.000e+00   3.605e-01   1.230e-02        0
      51        55   -3.592881e+04   0.000e+00   6.378e-01   1.887e-02        0
      52        56   -3.592871e+04   0.000e+00   6.960e-01   2.366e-02        0
      53        57   -3.592864e+04   0.000e+00   4.628e-01   1.890e-02        0
      54        58   -3.592860e+04   0.000e+00   1.015e-01   1.044e-02        0
      55        59   -3.592857e+04   0.000e+00   1.693e-01   6.637e-03        0
      56        60   -3.592852e+04   0.000e+00   4.818e-01   8.874e-03        0
      57        61   -3.592844e+04   0.000e+00   7.856e-01   1.844e-02        0
      58        62   -3.592829e+04   0.000e+00   9.504e-01   3.651e-02        0
      59        63   -3.592813e+04   0.000e+00   7.242e-01   5.048e-02        0
      60        64   -3.592802e+04   0.000e+00   2.622e-01   3.837e-02        0
      61        65   -3.592797e+04   0.000e+00   5.536e-02   1.345e-02        0
      62        66   -3.592794e+04   0.000e+00   1.868e-01   4.986e-03        0
      63        67   -3.592789e+04   0.000e+00   2.764e-01   7.948e-03        0
      64        68   -3.592779e+04   0.000e+00   2.830e-01   2.006e-02        0
      65        69   -3.592766e+04   0.000e+00   2.120e-01   3.881e-02        0
      66        70   -3.592754e+04   0.000e+00   6.347e-02   4.614e-02        0
      67        71   -3.592748e+04   0.000e+00   2.150e-03   2.864e-02        0
      68        72   -3.592744e+04   0.000e+00   4.100e-02   1.424e-02        0
      69        73   -3.592739e+04   0.000e+00   2.733e-02   1.619e-02        0
      70        74   -3.592728e+04   0.000e+00   1.662e-02   3.527e-02        0
      71        75   -3.592707e+04   0.000e+00   5.833e-02   6.714e-02        0
      72        76   -3.592683e+04   0.000e+00   6.720e-02   9.265e-02        0
      73        77   -3.592669e+04   0.000e+00   9.466e-02   5.626e-02        0
      74        78   -3.592666e+04   0.000e+00   1.347e-02   8.091e-03        0
      75        79   -3.592666e+04   0.000e+00   1.967e-02   1.007e-02        0
      76        80   -3.592666e+04   0.000e+00   4.950e-03   2.778e-03        0
      77        81   -3.592666e+04   0.000e+00   3.604e-02   4.754e-03        0
      78        82   -3.592665e+04   0.000e+00   1.025e-01   8.718e-03        0
      79        83   -3.592664e+04   0.000e+00   1.761e-01   1.059e-02        0
      80        84   -3.592661e+04   0.000e+00   2.307e-01   1.881e-02        0
      81        85   -3.592658e+04   0.000e+00   1.878e-01   2.983e-02        0
      82        86   -3.592657e+04   0.000e+00   7.164e-02   2.435e-02        0
      83        87   -3.592657e+04   0.000e+00   8.700e-03   9.049e-03        0
      84        88   -3.592657e+04   0.000e+00   2.851e-03   1.716e-03        0
      85        89   -3.592657e+04   0.000e+00   8.062e-03   1.472e-03        0
      86        90   -3.592657e+04   0.000e+00   1.403e-02   1.547e-03        0
      87        91   -3.592657e+04   0.000e+00   2.690e-02   3.358e-03        0
      88        92   -3.592656e+04   0.000e+00   4.545e-02   5.874e-03        0
      89        93   -3.592656e+04   0.000e+00   7.561e-02   1.372e-02        0
      90        94   -3.592654e+04   0.000e+00   1.179e-01   3.302e-02        0
      91        95   -3.592650e+04   0.000e+00   1.632e-01   7.816e-02        0
      92        96   -3.592643e+04   0.000e+00   1.562e-01   1.537e-01        0
      93        97   -3.592638e+04   0.000e+00   8.191e-02   1.481e-01        0
      94        98   -3.592635e+04   0.000e+00   6.184e-02   2.210e-02        0
      95        99   -3.592635e+04   0.000e+00   1.552e-02   1.231e-02        0
      96       100   -3.592635e+04   0.000e+00   2.512e-03   7.240e-03        0
      97       101   -3.592635e+04   0.000e+00   6.796e-04   5.062e-03        0
      98       107   -3.592635e+04   0.000e+00   1.310e-05   4.542e-08        3
      99       108   -3.592635e+04   0.000e+00   4.478e-05   2.001e-04        0
     100       109   -3.592635e+04   0.000e+00   4.727e-04   2.525e-04        0
     101       119   -3.592635e+04   0.000e+00   4.999e-05   3.375e-06       17
     102       120   -3.592635e+04   0.000e+00   1.799e-02   7.683e-04        0
     103       121   -3.592635e+04   0.000e+00   4.220e-02   1.263e-03        0
     104       122   -3.592635e+04   0.000e+00   8.291e-02   3.875e-03        0
     105       123   -3.592635e+04   0.000e+00   1.428e-01   9.545e-03        0
     106       124   -3.592635e+04   0.000e+00   2.269e-01   2.493e-02        0
     107       125   -3.592634e+04   0.000e+00   3.078e-01   5.262e-02        0
     108       126   -3.592633e+04   0.000e+00   3.123e-01   8.496e-02        0
     109       127   -3.592633e+04   0.000e+00   1.838e-01   7.546e-02        0
     110       128   -3.592632e+04   0.000e+00   4.733e-02   1.841e-02        0
     111       129   -3.592632e+04   0.000e+00   3.949e-03   7.884e-03        0
     112       132   -3.592632e+04   0.000e+00   3.835e-03   1.012e-04        0
     113       138   -3.592632e+04   0.000e+00   4.406e-04   2.155e-08        2
     114       139   -3.592632e+04   0.000e+00   6.997e-04   7.777e-03        0
     115       145   -3.592632e+04   0.000e+00   7.377e-06   2.222e-09        2
     116       149   -3.592632e+04   0.000e+00   3.494e-04   5.554e-10        0
     117       150   -3.592632e+04   0.000e+00   7.004e-04   2.011e-03        0
     118       153   -3.592632e+04   0.000e+00   7.681e-04   5.026e-04        0
     119       175   -3.592632e+04   0.000e+00   1.387e-05   3.343e-16       18
     120       177   -3.592632e+04   0.000e+00   8.111e-04   3.343e-16        0
     121       181   -3.592632e+04   0.000e+00   7.683e-04   2.979e-09        0
     122       199   -3.592632e+04   0.000e+00   1.313e-05   4.696e-15       14
     123       201   -3.592632e+04   0.000e+00   7.682e-04   3.287e-14        0
     124       207   -3.592632e+04   0.000e+00   1.313e-05   3.287e-14        2

EXIT: Primal feasible solution; terminate because the relative change in
      solution estimate < xtol for 3 consecutive iterations.

Final Statistics
----------------
Final objective value               =  -3.59263229769950e+04
Final feasibility error (abs / rel) =   0.00e+00 / 0.00e+00
Final optimality error  (abs / rel) =   1.31e-05 / 1.31e-05
# of iterations                     =        124 
# of CG iterations                  =         58 
# of function evaluations           =        207
# of gradient evaluations           =        125
Total program time (secs)           =   66016.31250 (1380349.000 CPU time)
Time spent in evaluations (secs)    =   65873.31250

Solution Vector
---------------
x[       0] =   4.91115872326e+00
x[       1] =   2.37394764913e+00
x[       2] =   3.37118687287e+00
x[       3] =   4.12059525982e+00
x[       4] =   5.69228205979e+00
x[       5] =  -1.15526829618e+01
x[       6] =   6.99676574060e+00
x[       7] =  -9.68156563344e-01
x[       8] =  -1.66153591363e+00
x[       9] =  -5.98116611198e+00
x[      10] =   6.12064328702e-02
x[      11] =   1.13804007859e-03
x[      12] =   2.09373963215e+00
x[      13] =   1.57944775266e+00
x[      14] =   1.14030468991e+00
x[      15] =   1.30342210807e+00
x[      16] =   2.55852174938e+00
x[      17] =   1.60211565617e+00
x[      18] =   1.20489737345e+00
x[      19] =   9.55884075629e-01
x[      20] =   9.33059148320e+00
x[      21] =   6.91266055054e-01
x[      22] =   1.06826212587e+00

===============================================================================

