
Solving from new start point (number 1 of 42) <multistart>.


=======================================
*** NO CHECK MADE FOR LICENSE ***
         Artelys Knitro 12.3.0
=======================================

Knitro presolve eliminated 0 variables and 0 constraints.

algorithm:               4
bar_maxcrossit:          3
datacheck:               0
feastol:                 1e-08
hessopt:                 2
maxtime_cpu:             9.99995e+07
maxtime_real:            9.99997e+07
opttol:                  1e-08
outlev:                  5
outmode:                 2
par_concurrent_evals:    0
The problem is identified as bound constrained only.
Knitro changing act_qpalg from AUTO to 3.
Knitro changing honorbnds from AUTO to -1.
Knitro changing linesearch from AUTO to 2.
Knitro changing linsolver from AUTO to 4.

Problem Characteristics                                 (   Presolved)
-----------------------
Objective goal:  Maximize
Objective type:  general
Number of variables:                                 23 (          23)
    bounded below only:                               0 (           0)
    bounded above only:                               0 (           0)
    bounded below and above:                         23 (          23)
    fixed:                                            0 (           0)
    free:                                             0 (           0)
Number of constraints:                                0 (           0)
    linear equalities:                                0 (           0)
    quadratic equalities:                             0 (           0)
    gen. nonlinear equalities:                        0 (           0)
    linear one-sided inequalities:                    0 (           0)
    quadratic one-sided inequalities:                 0 (           0)
    gen. nonlinear one-sided inequalities:            0 (           0)
    linear two-sided inequalities:                    0 (           0)
    quadratic two-sided inequalities:                 0 (           0)
    gen. nonlinear two-sided inequalities:            0 (           0)
Number of nonzeros in Jacobian:                       0 (           0)
Number of nonzeros in Hessian:                        0 (         276)

Knitro using the Sequential Quadratic Programming (SQP) algorithm.

  Iter     fCount     Objective      FeasError   OptError    ||Step||    CGits 
--------  --------  --------------  ----------  ----------  ----------  -------
       0         1   -3.592632e+04   0.000e+00
       1        51   -3.592632e+04   0.000e+00   3.047e-03   2.957e-16       46
       2        53   -3.592632e+04   0.000e+00   1.022e+00   2.957e-16        0
       3        58   -3.592632e+04   0.000e+00   1.515e-02   5.915e-16        1

EXIT: Primal feasible solution; terminate because the relative change in
      solution estimate < xtol for 3 consecutive iterations.

Final Statistics
----------------
Final objective value               =  -3.59263230394098e+04
Final feasibility error (abs / rel) =   0.00e+00 / 0.00e+00
Final optimality error  (abs / rel) =   1.51e-02 / 1.51e-02
# of iterations                     =          3 
# of CG iterations                  =         47 
# of function evaluations           =         58
# of gradient evaluations           =          4
Total program time (secs)           =   13245.56543 (276946.906 CPU time)
Time spent in evaluations (secs)    =   13219.90430

Solution Vector
---------------
x[       0] =   4.91101828371e+00
x[       1] =   2.37377828399e+00
x[       2] =   3.37097387982e+00
x[       3] =   4.12039233692e+00
x[       4] =   5.69210700034e+00
x[       5] =  -9.50236386676e+00
x[       6] =   6.99662582504e+00
x[       7] =  -9.68108183346e-01
x[       8] =  -1.66148483625e+00
x[       9] =  -5.98229528043e+00
x[      10] =   6.12485627058e-02
x[      11] =   1.13757645298e-03
x[      12] =   2.09377817947e+00
x[      13] =   1.57949580628e+00
x[      14] =   1.14034631143e+00
x[      15] =   1.30347798580e+00
x[      16] =   2.55861495924e+00
x[      17] =   1.60217793508e+00
x[      18] =   1.20491823011e+00
x[      19] =   9.55873211158e-01
x[      20] =   6.48879648843e+00
x[      21] =   6.91249855281e-01
x[      22] =   1.06826597288e+00

===============================================================================

