
Solving from new start point (number 23 of 42) <multistart>.


=======================================
*** NO CHECK MADE FOR LICENSE ***
         Artelys Knitro 12.3.0
=======================================

Knitro presolve eliminated 0 variables and 0 constraints.

algorithm:               4
bar_maxcrossit:          3
datacheck:               0
feastol:                 1e-08
hessopt:                 2
maxtime_cpu:             9.90853e+07
maxtime_real:            9.9956e+07
opttol:                  1e-08
outlev:                  5
outmode:                 2
par_concurrent_evals:    0
The problem is identified as bound constrained only.
Knitro changing act_qpalg from AUTO to 3.
Knitro changing honorbnds from AUTO to -1.
Knitro changing linesearch from AUTO to 2.
Knitro changing linsolver from AUTO to 4.

Problem Characteristics                                 (   Presolved)
-----------------------
Objective goal:  Maximize
Objective type:  general
Number of variables:                                 23 (          23)
    bounded below only:                               0 (           0)
    bounded above only:                               0 (           0)
    bounded below and above:                         23 (          23)
    fixed:                                            0 (           0)
    free:                                             0 (           0)
Number of constraints:                                0 (           0)
    linear equalities:                                0 (           0)
    quadratic equalities:                             0 (           0)
    gen. nonlinear equalities:                        0 (           0)
    linear one-sided inequalities:                    0 (           0)
    quadratic one-sided inequalities:                 0 (           0)
    gen. nonlinear one-sided inequalities:            0 (           0)
    linear two-sided inequalities:                    0 (           0)
    quadratic two-sided inequalities:                 0 (           0)
    gen. nonlinear two-sided inequalities:            0 (           0)
Number of nonzeros in Jacobian:                       0 (           0)
Number of nonzeros in Hessian:                        0 (         276)

Knitro using the Sequential Quadratic Programming (SQP) algorithm.

  Iter     fCount     Objective      FeasError   OptError    ||Step||    CGits 
--------  --------  --------------  ----------  ----------  ----------  -------
       0         1   -4.149536e+04   0.000e+00
       1         3   -3.943481e+04   0.000e+00   4.125e+00   9.872e-01        0
       2         5   -3.762323e+04   0.000e+00   2.724e+00   9.833e-01        0
       3         8   -3.696847e+04   0.000e+00   1.274e+02   3.606e-01        0
       4        11   -3.688341e+04   0.000e+00   1.778e+01   1.523e-01        0
       5        14   -3.671589e+04   0.000e+00   7.104e-01   4.038e-01        0
       6        16   -3.665402e+04   0.000e+00   1.344e+02   8.672e-01        0
       7        18   -3.653819e+04   0.000e+00   6.861e+00   7.527e-01        0
       8        19   -3.619791e+04   0.000e+00   1.651e+01   5.218e-01        0
       9        20   -3.605086e+04   0.000e+00   5.486e+01   3.449e-01        0
      10        22   -3.599051e+04   0.000e+00   7.517e+01   3.455e-01        0
      11        23   -3.597692e+04   0.000e+00   9.954e+01   2.301e-01        0
      12        24   -3.596497e+04   0.000e+00   3.804e+00   6.646e-02        0
      13        25   -3.596036e+04   0.000e+00   1.190e+01   6.701e-02        0
      14        26   -3.595279e+04   0.000e+00   2.554e+01   1.958e-01        0
      15        27   -3.594995e+04   0.000e+00   1.778e+01   9.812e-02        0
      16        28   -3.594668e+04   0.000e+00   6.203e-01   1.209e-01        0
      17        29   -3.594386e+04   0.000e+00   1.170e+01   9.587e-02        0
      18        30   -3.593998e+04   0.000e+00   2.157e+01   1.636e-01        0
      19        31   -3.593747e+04   0.000e+00   1.916e+01   1.280e-01        0
      20        32   -3.593560e+04   0.000e+00   7.862e+00   1.076e-01        0
      21        33   -3.593453e+04   0.000e+00   1.932e+00   6.943e-02        0
      22        34   -3.593359e+04   0.000e+00   9.125e+00   7.585e-02        0
      23        35   -3.593252e+04   0.000e+00   1.219e+01   9.885e-02        0
      24        36   -3.593127e+04   0.000e+00   1.121e+01   1.318e-01        0
      25        37   -3.593002e+04   0.000e+00   6.758e+00   1.383e-01        0
      26        38   -3.592910e+04   0.000e+00   1.886e+00   9.952e-02        0
      27        39   -3.592872e+04   0.000e+00   3.341e-01   3.330e-02        0
      28        40   -3.592861e+04   0.000e+00   1.921e-01   1.183e-02        0
      29        41   -3.592854e+04   0.000e+00   9.974e-01   1.565e-02        0
      30        42   -3.592844e+04   0.000e+00   1.285e+00   2.029e-02        0
      31        43   -3.592828e+04   0.000e+00   1.764e+00   4.039e-02        0
      32        44   -3.592809e+04   0.000e+00   5.212e-01   6.431e-02        0
      33        45   -3.592796e+04   0.000e+00   5.144e-01   5.354e-02        0
      34        48   -3.592796e+04   0.000e+00   4.376e-01   8.136e-03        0
      35        51   -3.592789e+04   0.000e+00   1.673e+00   4.170e-02        0
      36        52   -3.592786e+04   0.000e+00   7.427e-01   4.401e-03        0
      37        53   -3.592780e+04   0.000e+00   1.220e+00   2.199e-02        0
      38        54   -3.592777e+04   0.000e+00   2.036e+00   2.718e-02        0
      39        55   -3.592766e+04   0.000e+00   3.151e+00   1.017e-01        0
      40        56   -3.592752e+04   0.000e+00   3.116e+00   1.428e-01        0
      41        57   -3.592729e+04   0.000e+00   1.377e+00   2.432e-01        0
      42        58   -3.592708e+04   0.000e+00   1.216e+00   2.268e-01        0
      43        59   -3.592698e+04   0.000e+00   2.301e+00   9.835e-02        0
      44        60   -3.592696e+04   0.000e+00   1.689e+00   1.324e-02        0
      45        61   -3.592695e+04   0.000e+00   7.309e-01   2.173e-02        0
      46        62   -3.592694e+04   0.000e+00   2.196e-01   1.279e-02        0
      47        63   -3.592693e+04   0.000e+00   1.059e+00   5.334e-03        0
      48        64   -3.592692e+04   0.000e+00   1.800e+00   1.707e-02        0
      49        65   -3.592690e+04   0.000e+00   2.474e+00   3.874e-02        0
      50        66   -3.592686e+04   0.000e+00   2.975e+00   7.936e-02        0
      51        67   -3.592678e+04   0.000e+00   2.842e+00   1.439e-01        0
      52        68   -3.592666e+04   0.000e+00   1.489e+00   1.795e-01        0
      53        69   -3.592653e+04   0.000e+00   3.948e-01   1.091e-01        0
      54        70   -3.592645e+04   0.000e+00   1.390e+00   4.586e-02        0
      55        71   -3.592644e+04   0.000e+00   1.432e+00   4.600e-02        0
      56        72   -3.592644e+04   0.000e+00   5.295e-01   7.767e-03        0
      57        73   -3.592644e+04   0.000e+00   1.124e-02   6.647e-03        0
      58        74   -3.592644e+04   0.000e+00   5.927e-02   2.382e-03        0
      59        75   -3.592644e+04   0.000e+00   5.359e-02   3.360e-03        0
      60        76   -3.592643e+04   0.000e+00   1.930e-02   5.677e-03        0
      61        77   -3.592643e+04   0.000e+00   4.108e-02   1.092e-02        0
      62        78   -3.592643e+04   0.000e+00   1.285e-01   2.377e-02        0
      63        79   -3.592641e+04   0.000e+00   2.281e-01   5.527e-02        0
      64        80   -3.592638e+04   0.000e+00   2.863e-01   1.197e-01        0
      65        81   -3.592635e+04   0.000e+00   1.555e-01   1.872e-01        0
      66        82   -3.592633e+04   0.000e+00   1.034e-01   1.357e-01        0
      67        83   -3.592632e+04   0.000e+00   1.578e-01   2.718e-02        0
      68        84   -3.592632e+04   0.000e+00   1.311e-01   1.992e-02        0
      69        85   -3.592632e+04   0.000e+00   6.093e-02   5.498e-03        0
      70        87   -3.592632e+04   0.000e+00   3.897e-02   2.885e-03        0
      71        92   -3.592632e+04   0.000e+00   1.736e-04   2.094e-07        1
      72        96   -3.592632e+04   0.000e+00   8.771e-04   4.613e-05        0
      73        97   -3.592632e+04   0.000e+00   4.415e-03   4.985e-03        0
      74       103   -3.592632e+04   0.000e+00   6.826e-05   1.182e-08        2
      75       104   -3.592632e+04   0.000e+00   2.121e-02   4.542e-04        0
      76       107   -3.592632e+04   0.000e+00   1.688e-02   3.263e-05        0
      77       116   -3.592632e+04   0.000e+00   1.616e-02   9.488e-10        5
      78       141   -3.592632e+04   0.000e+00   1.616e-02   6.334e-15       21
      79       153   -3.592632e+04   0.000e+00   1.587e-02   3.464e-16        8
      80       155   -3.592632e+04   0.000e+00   1.587e-02   3.464e-16        0

EXIT: Primal feasible solution; terminate because the relative change in
      solution estimate < xtol for 3 consecutive iterations.

Final Statistics
----------------
Final objective value               =  -3.59263230161024e+04
Final feasibility error (abs / rel) =   0.00e+00 / 0.00e+00
Final optimality error  (abs / rel) =   1.59e-02 / 1.59e-02
# of iterations                     =         80 
# of CG iterations                  =         37 
# of function evaluations           =        155
# of gradient evaluations           =         81
Total program time (secs)           =   39509.79688 (826188.500 CPU time)
Time spent in evaluations (secs)    =   39132.93359

Solution Vector
---------------
x[       0] =   4.91098913463e+00
x[       1] =   2.37370372556e+00
x[       2] =   3.37092555242e+00
x[       3] =   4.12036766741e+00
x[       4] =   5.69206992893e+00
x[       5] =  -5.08745640444e+00
x[       6] =   6.99657881557e+00
x[       7] =  -9.68102428943e-01
x[       8] =  -1.66147683423e+00
x[       9] =  -5.98171035634e+00
x[      10] =   6.12225951119e-02
x[      11] =   1.13787042607e-03
x[      12] =   2.09377860964e+00
x[      13] =   1.57949701065e+00
x[      14] =   1.14034951133e+00
x[      15] =   1.30347311324e+00
x[      16] =   2.55871695440e+00
x[      17] =   1.60220181993e+00
x[      18] =   1.20492172304e+00
x[      19] =   9.55875772301e-01
x[      20] =   9.04135509660e+00
x[      21] =   6.91251261666e-01
x[      22] =   1.06826236313e+00

===============================================================================

