
Solving from new start point (number 27 of 42) <multistart>.


=======================================
*** NO CHECK MADE FOR LICENSE ***
         Artelys Knitro 12.3.0
=======================================

Knitro presolve eliminated 0 variables and 0 constraints.

algorithm:               4
bar_maxcrossit:          3
datacheck:               0
feastol:                 1e-08
hessopt:                 2
maxtime_cpu:             9.89322e+07
maxtime_real:            9.99487e+07
opttol:                  1e-08
outlev:                  5
outmode:                 2
par_concurrent_evals:    0
The problem is identified as bound constrained only.
Knitro changing act_qpalg from AUTO to 3.
Knitro changing honorbnds from AUTO to -1.
Knitro changing linesearch from AUTO to 2.
Knitro changing linsolver from AUTO to 4.

Problem Characteristics                                 (   Presolved)
-----------------------
Objective goal:  Maximize
Objective type:  general
Number of variables:                                 23 (          23)
    bounded below only:                               0 (           0)
    bounded above only:                               0 (           0)
    bounded below and above:                         23 (          23)
    fixed:                                            0 (           0)
    free:                                             0 (           0)
Number of constraints:                                0 (           0)
    linear equalities:                                0 (           0)
    quadratic equalities:                             0 (           0)
    gen. nonlinear equalities:                        0 (           0)
    linear one-sided inequalities:                    0 (           0)
    quadratic one-sided inequalities:                 0 (           0)
    gen. nonlinear one-sided inequalities:            0 (           0)
    linear two-sided inequalities:                    0 (           0)
    quadratic two-sided inequalities:                 0 (           0)
    gen. nonlinear two-sided inequalities:            0 (           0)
Number of nonzeros in Jacobian:                       0 (           0)
Number of nonzeros in Hessian:                        0 (         276)

Knitro using the Sequential Quadratic Programming (SQP) algorithm.

  Iter     fCount     Objective      FeasError   OptError    ||Step||    CGits 
--------  --------  --------------  ----------  ----------  ----------  -------
       0         1   -4.618557e+04   0.000e+00
       1         2   -4.127894e+04   0.000e+00   5.676e+01   1.519e+00        0
       2         5   -4.084760e+04   0.000e+00   1.330e+01   1.182e-01        0
       3         6   -3.846145e+04   0.000e+00   1.615e+01   8.171e-01        0
       4         8   -3.770723e+04   0.000e+00   2.047e+01   2.813e-01        0
       5        10   -3.687434e+04   0.000e+00   5.032e+01   5.251e-01        0
       6        12   -3.672726e+04   0.000e+00   1.025e-01   7.431e-02        0
       7        13   -3.645137e+04   0.000e+00   9.009e+00   3.205e-01        0
       8        14   -3.631837e+04   0.000e+00   2.091e+01   5.585e-01        0
       9        15   -3.626053e+04   0.000e+00   2.250e+01   1.039e-01        0
      10        17   -3.623395e+04   0.000e+00   4.012e-01   1.405e-01        0
      11        18   -3.615728e+04   0.000e+00   1.697e+00   1.649e-01        0
      12        19   -3.615173e+04   0.000e+00   5.345e+01   4.405e-01        0
      13        20   -3.605868e+04   0.000e+00   4.575e+00   1.228e-01        0
      14        21   -3.602021e+04   0.000e+00   1.741e+00   1.517e-01        0
      15        22   -3.599090e+04   0.000e+00   1.425e+00   2.440e-01        0
      16        23   -3.597318e+04   0.000e+00   2.557e+00   2.418e-01        0
      17        24   -3.596453e+04   0.000e+00   1.319e+00   1.195e-01        0
      18        25   -3.595784e+04   0.000e+00   6.543e-01   8.995e-02        0
      19        26   -3.595347e+04   0.000e+00   9.436e-01   5.643e-02        0
      20        27   -3.594647e+04   0.000e+00   5.576e-01   1.029e-01        0
      21        28   -3.594004e+04   0.000e+00   1.959e-01   1.215e-01        0
      22        29   -3.593638e+04   0.000e+00   1.217e-01   1.037e-01        0
      23        30   -3.593518e+04   0.000e+00   3.336e-02   5.034e-02        0
      24        31   -3.593452e+04   0.000e+00   5.945e-02   2.975e-02        0
      25        32   -3.593370e+04   0.000e+00   1.964e-01   3.510e-02        0
      26        33   -3.593266e+04   0.000e+00   3.531e-01   4.875e-02        0
      27        34   -3.593178e+04   0.000e+00   3.925e-01   5.055e-02        0
      28        35   -3.593123e+04   0.000e+00   2.818e-01   3.550e-02        0
      29        36   -3.593089e+04   0.000e+00   1.028e-01   2.135e-02        0
      30        37   -3.593059e+04   0.000e+00   1.160e-01   1.795e-02        0
      31        38   -3.593025e+04   0.000e+00   3.520e-01   2.304e-02        0
      32        39   -3.592987e+04   0.000e+00   5.042e-01   3.031e-02        0
      33        40   -3.592946e+04   0.000e+00   4.883e-01   3.714e-02        0
      34        41   -3.592910e+04   0.000e+00   2.964e-01   3.728e-02        0
      35        42   -3.592888e+04   0.000e+00   3.939e-02   2.665e-02        0
      36        43   -3.592876e+04   0.000e+00   1.532e-01   1.569e-02        0
      37        44   -3.592865e+04   0.000e+00   2.699e-01   1.365e-02        0
      38        45   -3.592848e+04   0.000e+00   3.499e-01   2.199e-02        0
      39        46   -3.592822e+04   0.000e+00   3.337e-01   3.679e-02        0
      40        47   -3.592795e+04   0.000e+00   1.705e-01   4.374e-02        0
      41        48   -3.592781e+04   0.000e+00   4.789e-02   2.522e-02        0
      42        49   -3.592777e+04   0.000e+00   3.500e-02   7.603e-03        0
      43        50   -3.592775e+04   0.000e+00   2.515e-02   4.236e-03        0
      44        51   -3.592772e+04   0.000e+00   1.247e-02   6.337e-03        0
      45        52   -3.592769e+04   0.000e+00   7.020e-03   9.584e-03        0
      46        53   -3.592766e+04   0.000e+00   1.318e-02   1.070e-02        0
      47        54   -3.592765e+04   0.000e+00   2.110e-02   7.573e-03        0
      48        55   -3.592763e+04   0.000e+00   2.721e-02   6.974e-03        0
      49        56   -3.592760e+04   0.000e+00   3.107e-02   1.182e-02        0
      50        57   -3.592755e+04   0.000e+00   2.498e-02   2.126e-02        0
      51        58   -3.592747e+04   0.000e+00   1.379e-03   3.155e-02        0
      52        59   -3.592739e+04   0.000e+00   3.351e-02   3.177e-02        0
      53        60   -3.592733e+04   0.000e+00   5.489e-02   2.300e-02        0
      54        61   -3.592728e+04   0.000e+00   5.328e-02   1.796e-02        0
      55        62   -3.592723e+04   0.000e+00   2.947e-02   2.084e-02        0
      56        63   -3.592718e+04   0.000e+00   1.087e-02   2.480e-02        0
      57        64   -3.592714e+04   0.000e+00   5.015e-02   2.064e-02        0
      58        65   -3.592712e+04   0.000e+00   7.774e-02   1.438e-02        0
      59        66   -3.592709e+04   0.000e+00   9.599e-02   1.449e-02        0
      60        67   -3.592706e+04   0.000e+00   4.197e-01   5.070e-02        0
      61        69   -3.592704e+04   0.000e+00   1.824e-02   1.849e-02        0
      62        70   -3.592701e+04   0.000e+00   1.298e-01   2.668e-02        0
      63        71   -3.592699e+04   0.000e+00   5.572e-02   1.048e-02        0
      64        72   -3.592699e+04   0.000e+00   3.646e-03   4.653e-03        0
      65        73   -3.592697e+04   0.000e+00   1.594e-01   1.677e-02        0
      66        74   -3.592695e+04   0.000e+00   2.384e-01   1.853e-02        0
      67        75   -3.592691e+04   0.000e+00   2.706e-01   3.606e-02        0
      68        76   -3.592686e+04   0.000e+00   2.062e-01   5.953e-02        0
      69        77   -3.592677e+04   0.000e+00   1.065e-02   1.123e-01        0
      70        78   -3.592663e+04   0.000e+00   2.699e-01   1.777e-01        0
      71        79   -3.592649e+04   0.000e+00   4.695e-01   2.246e-01        0
      72        80   -3.592640e+04   0.000e+00   4.227e-01   1.742e-01        0
      73        81   -3.592636e+04   0.000e+00   2.244e-01   6.005e-02        0
      74        82   -3.592635e+04   0.000e+00   6.202e-02   4.905e-03        0
      75        83   -3.592635e+04   0.000e+00   2.192e-03   8.479e-03        0
      76        84   -3.592635e+04   0.000e+00   4.347e-03   3.163e-03        0
      77        85   -3.592635e+04   0.000e+00   2.439e-03   8.579e-04        0
      78        91   -3.592635e+04   0.000e+00   1.237e-04   2.790e-05        4
      79        92   -3.592635e+04   0.000e+00   1.089e-02   1.168e-03        0
      80        93   -3.592635e+04   0.000e+00   5.207e-02   4.364e-03        0
      81        94   -3.592635e+04   0.000e+00   1.077e-01   1.124e-02        0
      82        95   -3.592634e+04   0.000e+00   1.595e-01   1.894e-02        0
      83        96   -3.592634e+04   0.000e+00   1.987e-01   3.774e-02        0
      84        97   -3.592633e+04   0.000e+00   1.658e-01   4.459e-02        0
      85        98   -3.592633e+04   0.000e+00   7.180e-02   3.034e-02        0
      86        99   -3.592633e+04   0.000e+00   3.200e-03   1.464e-02        0
      87       100   -3.592633e+04   0.000e+00   6.559e-03   1.016e-02        0
      88       106   -3.592633e+04   0.000e+00   1.291e-03   2.134e-08        2
      89       107   -3.592633e+04   0.000e+00   1.192e-04   1.626e-03        0
      90       111   -3.592633e+04   0.000e+00   1.381e-04   2.007e-05        0
      91       117   -3.592633e+04   0.000e+00   1.900e-04   2.007e-05        4
      92       118   -3.592633e+04   0.000e+00   8.568e-03   4.147e-03        0
      93       119   -3.592633e+04   0.000e+00   1.273e-02   6.275e-03        0
      94       120   -3.592633e+04   0.000e+00   1.914e-02   1.718e-02        0
      95       121   -3.592633e+04   0.000e+00   2.214e-02   1.960e-02        0
      96       122   -3.592632e+04   0.000e+00   1.024e-02   3.815e-02        0
      97       123   -3.592632e+04   0.000e+00   6.278e-03   9.273e-03        0
      98       124   -3.592632e+04   0.000e+00   4.871e-04   2.087e-03        0
      99       125   -3.592632e+04   0.000e+00   5.853e-05   6.212e-04        0
     100       126   -3.592632e+04   0.000e+00   7.566e-05   6.181e-04        0
     101       128   -3.592632e+04   0.000e+00   9.384e-05   2.912e-04        0
     102       129   -3.592632e+04   0.000e+00   8.107e-06   4.912e-04        0
     103       130   -3.592632e+04   0.000e+00   6.912e-05   4.914e-04        0
     104       132   -3.592632e+04   0.000e+00   1.262e-04   2.079e-04        0
     105       134   -3.592632e+04   0.000e+00   9.089e-05   1.906e-04        0
     106       165   -3.592632e+04   0.000e+00   1.600e-06   2.139e-14       40
     107       166   -3.592632e+04   0.000e+00   1.705e-04   2.095e-04        0
     108       202   -3.592632e+04   0.000e+00   1.062e-04   2.955e-16       42
     109       204   -3.592632e+04   0.000e+00   1.063e-04   2.955e-16        0
     110       206   -3.592632e+04   0.000e+00   1.522e-04   2.290e-08        0
     111       208   -3.592632e+04   0.000e+00   1.637e-04   7.281e-07        0
     112       210   -3.592632e+04   0.000e+00   1.677e-04   1.571e-06        0
     113       230   -3.592632e+04   0.000e+00   1.661e-04   2.724e-16       16
     114       231   -3.592632e+04   0.000e+00   1.232e-04   5.391e-05        0
     115       237   -3.592632e+04   0.000e+00   1.235e-04   3.280e-12        2
     116       240   -3.592632e+04   0.000e+00   1.251e-04   1.148e-11        0
     117       260   -3.592632e+04   0.000e+00   1.251e-04   7.008e-16       16
     118       264   -3.592632e+04   0.000e+00   1.250e-04   1.226e-15        0
     119       272   -3.592632e+04   0.000e+00   5.543e-05   3.066e-16        4

EXIT: Primal feasible solution; terminate because the relative change in
      solution estimate < xtol for 3 consecutive iterations.

Final Statistics
----------------
Final objective value               =  -3.59263232345537e+04
Final feasibility error (abs / rel) =   0.00e+00 / 0.00e+00
Final optimality error  (abs / rel) =   5.54e-05 / 5.54e-05
# of iterations                     =        119 
# of CG iterations                  =        130 
# of function evaluations           =        272
# of gradient evaluations           =        120
Total program time (secs)           =   62027.07031 (1225258.625 CPU time)
Time spent in evaluations (secs)    =   61603.28125

Solution Vector
---------------
x[       0] =   4.91090505681e+00
x[       1] =   2.37359038530e+00
x[       2] =   3.37083549106e+00
x[       3] =   4.12027840914e+00
x[       4] =   5.69198312491e+00
x[       5] =  -1.33545239770e+01
x[       6] =   6.99648851153e+00
x[       7] =  -9.68085188494e-01
x[       8] =  -1.66145187108e+00
x[       9] =  -5.98224703924e+00
x[      10] =   6.12439240488e-02
x[      11] =   1.13763024392e-03
x[      12] =   2.09379573548e+00
x[      13] =   1.57950977916e+00
x[      14] =   1.14036083543e+00
x[      15] =   1.30349203089e+00
x[      16] =   2.55881303219e+00
x[      17] =   1.60221994586e+00
x[      18] =   1.20492685600e+00
x[      19] =   9.55872304377e-01
x[      20] =   5.78007306548e+00
x[      21] =   6.91246600021e-01
x[      22] =   1.06826219795e+00

===============================================================================

