
Solving from new start point (number 23 of 42) <multistart>.


=======================================
*** NO CHECK MADE FOR LICENSE ***
         Artelys Knitro 12.3.0
=======================================

Knitro presolve eliminated 0 variables and 0 constraints.

algorithm:               4
bar_maxcrossit:          3
datacheck:               0
feastol:                 1e-08
hessopt:                 2
maxtime_cpu:             9.99007e+07
maxtime_real:            9.99951e+07
opttol:                  1e-08
outlev:                  5
outmode:                 2
par_concurrent_evals:    0
The problem is identified as bound constrained only.
Knitro changing act_qpalg from AUTO to 3.
Knitro changing honorbnds from AUTO to -1.
Knitro changing linesearch from AUTO to 2.
Knitro changing linsolver from AUTO to 4.

Problem Characteristics                                 (   Presolved)
-----------------------
Objective goal:  Maximize
Objective type:  general
Number of variables:                                 23 (          23)
    bounded below only:                               0 (           0)
    bounded above only:                               0 (           0)
    bounded below and above:                         23 (          23)
    fixed:                                            0 (           0)
    free:                                             0 (           0)
Number of constraints:                                0 (           0)
    linear equalities:                                0 (           0)
    quadratic equalities:                             0 (           0)
    gen. nonlinear equalities:                        0 (           0)
    linear one-sided inequalities:                    0 (           0)
    quadratic one-sided inequalities:                 0 (           0)
    gen. nonlinear one-sided inequalities:            0 (           0)
    linear two-sided inequalities:                    0 (           0)
    quadratic two-sided inequalities:                 0 (           0)
    gen. nonlinear two-sided inequalities:            0 (           0)
Number of nonzeros in Jacobian:                       0 (           0)
Number of nonzeros in Hessian:                        0 (         276)

Knitro using the Sequential Quadratic Programming (SQP) algorithm.

  Iter     fCount     Objective      FeasError   OptError    ||Step||    CGits 
--------  --------  --------------  ----------  ----------  ----------  -------
       0         1   -8.509734e+04   0.000e+00
       1         2   -7.715784e+04   0.000e+00   6.390e+01   3.768e-01        0
       2         3   -7.557548e+04   0.000e+00   1.140e+01   2.067e-01        0
       3         5   -7.550737e+04   0.000e+00   8.937e+01   4.881e-01        0
       4         6   -7.202710e+04   0.000e+00   1.609e+01   4.350e-01        0
       5         8   -7.170856e+04   0.000e+00   1.096e+01   2.169e-01        0
       6         9   -7.132425e+04   0.000e+00   3.995e+00   8.481e-02        0
       7        10   -7.048593e+04   0.000e+00   6.806e+00   3.158e-01        0
       8        11   -7.012684e+04   0.000e+00   5.928e+00   2.299e-01        0
       9        12   -6.988696e+04   0.000e+00   4.066e+00   9.333e-02        0
      10        13   -6.892710e+04   0.000e+00   1.685e-01   5.224e-01        0
      11        14   -6.868813e+04   0.000e+00   9.177e-01   3.383e-01        0
      12        15   -6.858484e+04   0.000e+00   1.517e+00   7.826e-02        0
      13        16   -6.848575e+04   0.000e+00   7.829e-01   8.755e-02        0
      14        17   -6.836393e+04   0.000e+00   2.460e+00   1.184e-01        0
      15        18   -6.815959e+04   0.000e+00   6.769e+00   2.483e-01        0
      16        19   -6.796212e+04   0.000e+00   6.854e+00   3.123e-01        0
      17        20   -6.786433e+04   0.000e+00   3.969e+00   1.784e-01        0
      18        21   -6.781987e+04   0.000e+00   1.530e+00   7.841e-02        0
      19        22   -6.778699e+04   0.000e+00   4.456e-01   4.737e-02        0
      20        23   -6.774016e+04   0.000e+00   4.131e+00   7.912e-02        0
      21        24   -6.770467e+04   0.000e+00   6.348e+00   8.337e-02        0
      22        25   -6.766376e+04   0.000e+00   6.176e+00   1.026e-01        0
      23        26   -6.761953e+04   0.000e+00   1.553e+00   1.238e-01        0
      24        27   -6.759336e+04   0.000e+00   1.895e+00   6.795e-02        0
      25        28   -6.752756e+04   0.000e+00   7.662e+00   1.615e-01        0
      26        29   -6.743030e+04   0.000e+00   1.193e+01   2.542e-01        0
      27        30   -6.734362e+04   0.000e+00   1.078e+01   2.237e-01        0
      28        31   -6.728724e+04   0.000e+00   4.742e+00   9.636e-02        0
      29        32   -6.726639e+04   0.000e+00   4.262e-01   3.570e-02        0
      30        33   -6.725867e+04   0.000e+00   1.681e+00   2.354e-02        0
      31        34   -6.723955e+04   0.000e+00   3.298e+00   7.350e-02        0
      32        35   -6.722316e+04   0.000e+00   1.547e-01   2.561e-01        0
      33        36   -6.720219e+04   0.000e+00   5.108e-01   5.048e-01        0
      34        37   -6.712853e+04   0.000e+00   4.680e+00   1.866e-01        0
      35        38   -6.707756e+04   0.000e+00   3.276e+00   7.519e-02        0
      36        39   -6.703367e+04   0.000e+00   1.944e+00   1.488e-01        0
      37        40   -6.701663e+04   0.000e+00   1.039e+00   1.599e-01        0
      38        41   -6.701180e+04   0.000e+00   2.692e-01   3.375e-02        0
      39        42   -6.700528e+04   0.000e+00   9.210e-01   3.440e-02        0
      40        43   -6.699505e+04   0.000e+00   1.984e+00   5.349e-02        0
      41        44   -6.697924e+04   0.000e+00   2.736e+00   7.628e-02        0
      42        45   -6.696928e+04   0.000e+00   1.751e+00   5.778e-02        0
      43        46   -6.696330e+04   0.000e+00   4.029e-01   3.524e-02        0
      44        47   -6.695899e+04   0.000e+00   8.304e-01   2.482e-02        0
      45        48   -6.695169e+04   0.000e+00   2.111e+00   3.703e-02        0
      46        49   -6.693898e+04   0.000e+00   3.288e+00   8.381e-02        0
      47        50   -6.692357e+04   0.000e+00   3.403e+00   1.219e-01        0
      48        51   -6.691346e+04   0.000e+00   2.406e+00   8.377e-02        0
      49        52   -6.690815e+04   0.000e+00   6.203e-01   2.555e-02        0
      50        53   -6.690671e+04   0.000e+00   3.494e-01   1.213e-02        0
      51        54   -6.690545e+04   0.000e+00   8.910e-01   1.150e-02        0
      52        55   -6.690235e+04   0.000e+00   1.610e+00   2.421e-02        0
      53        56   -6.689830e+04   0.000e+00   1.817e+00   3.884e-02        0
      54        57   -6.689469e+04   0.000e+00   1.216e+00   5.061e-02        0
      55        58   -6.689309e+04   0.000e+00   3.585e-01   3.089e-02        0
      56        59   -6.689244e+04   0.000e+00   1.866e-01   1.546e-02        0
      57        60   -6.689186e+04   0.000e+00   5.229e-01   1.115e-02        0
      58        61   -6.689049e+04   0.000e+00   9.718e-01   2.402e-02        0
      59        62   -6.688783e+04   0.000e+00   1.386e+00   4.638e-02        0
      60        63   -6.688352e+04   0.000e+00   1.464e+00   8.086e-02        0
      61        64   -6.687921e+04   0.000e+00   9.393e-01   9.101e-02        0
      62        65   -6.687659e+04   0.000e+00   1.786e-01   5.713e-02        0
      63        66   -6.687474e+04   0.000e+00   4.105e-01   3.026e-02        0
      64        67   -6.687223e+04   0.000e+00   9.374e-01   3.227e-02        0
      65        68   -6.686854e+04   0.000e+00   1.219e+00   4.734e-02        0
      66        69   -6.686441e+04   0.000e+00   1.036e+00   6.675e-02        0
      67        70   -6.686183e+04   0.000e+00   4.282e-01   5.412e-02        0
      68        71   -6.686092e+04   0.000e+00   2.987e-03   2.611e-02        0
      69        72   -6.686054e+04   0.000e+00   2.094e-01   9.633e-03        0
      70        73   -6.685995e+04   0.000e+00   3.386e-01   1.558e-02        0
      71        74   -6.685859e+04   0.000e+00   5.531e-01   3.242e-02        0
      72        75   -6.685599e+04   0.000e+00   5.867e-01   7.290e-02        0
      73        76   -6.685274e+04   0.000e+00   5.508e-01   9.947e-02        0
      74        77   -6.685081e+04   0.000e+00   1.670e-01   6.721e-02        0
      75        78   -6.685023e+04   0.000e+00   9.466e-02   1.828e-02        0
      76        79   -6.685014e+04   0.000e+00   4.991e-02   8.851e-03        0
      77        80   -6.685011e+04   0.000e+00   2.433e-02   6.175e-03        0
      78        81   -6.684995e+04   0.000e+00   4.102e-02   1.475e-02        0
      79        82   -6.684962e+04   0.000e+00   1.334e-01   1.996e-02        0
      80        83   -6.684890e+04   0.000e+00   2.413e-01   3.101e-02        0
      81        84   -6.684780e+04   0.000e+00   2.899e-01   5.188e-02        0
      82        85   -6.684681e+04   0.000e+00   2.058e-01   7.157e-02        0
      83        86   -6.684639e+04   0.000e+00   5.696e-02   4.984e-02        0
      84        87   -6.684623e+04   0.000e+00   4.227e-02   2.418e-02        0
      85        88   -6.684608e+04   0.000e+00   1.046e-01   1.654e-02        0
      86        89   -6.684574e+04   0.000e+00   1.707e-01   2.526e-02        0
      87        90   -6.684498e+04   0.000e+00   2.262e-01   4.543e-02        0
      88        91   -6.684354e+04   0.000e+00   2.208e-01   8.090e-02        0
      89        92   -6.684148e+04   0.000e+00   1.060e-01   1.191e-01        0
      90        93   -6.683959e+04   0.000e+00   7.833e-02   1.160e-01        0
      91        94   -6.683876e+04   0.000e+00   1.794e-01   6.767e-02        0
      92        95   -6.683862e+04   0.000e+00   1.346e-01   1.730e-02        0
      93        96   -6.683855e+04   0.000e+00   3.887e-02   1.038e-02        0
      94        97   -6.683851e+04   0.000e+00   4.307e-02   3.814e-03        0
      95        98   -6.683845e+04   0.000e+00   1.454e-01   6.289e-03        0
      96        99   -6.683833e+04   0.000e+00   2.566e-01   1.223e-02        0
      97       100   -6.683806e+04   0.000e+00   4.037e-01   2.508e-02        0
      98       101   -6.683753e+04   0.000e+00   5.297e-01   4.546e-02        0
      99       102   -6.683679e+04   0.000e+00   5.184e-01   5.982e-02        0
     100       103   -6.683624e+04   0.000e+00   2.880e-01   4.248e-02        0
     101       104   -6.683607e+04   0.000e+00   7.546e-02   1.429e-02        0
     102       105   -6.683604e+04   0.000e+00   9.016e-04   5.472e-03        0
     103       106   -6.683602e+04   0.000e+00   2.325e-02   2.655e-03        0
     104       107   -6.683600e+04   0.000e+00   2.653e-02   5.787e-03        0
     105       108   -6.683600e+04   0.000e+00   1.349e-02   5.758e-03        0
     106       109   -6.683599e+04   0.000e+00   6.826e-04   5.745e-03        0
     107       110   -6.683597e+04   0.000e+00   2.150e-02   7.750e-03        0
     108       111   -6.683594e+04   0.000e+00   5.260e-02   1.444e-02        0
     109       112   -6.683584e+04   0.000e+00   1.006e-01   2.664e-02        0
     110       113   -6.683562e+04   0.000e+00   1.697e-01   5.230e-02        0
     111       114   -6.683517e+04   0.000e+00   2.418e-01   8.892e-02        0
     112       115   -6.683452e+04   0.000e+00   2.607e-01   1.128e-01        0
     113       116   -6.683396e+04   0.000e+00   1.476e-01   7.652e-02        0
     114       117   -6.683378e+04   0.000e+00   3.643e-02   2.330e-02        0
     115       118   -6.683377e+04   0.000e+00   1.098e-02   2.561e-02        0
     116       119   -6.683376e+04   0.000e+00   3.784e-03   2.882e-03        0
     117       120   -6.683376e+04   0.000e+00   4.784e-04   1.048e-03        0
     118       121   -6.683376e+04   0.000e+00   1.373e-02   4.545e-03        0
     119       122   -6.683375e+04   0.000e+00   2.360e-02   4.357e-03        0
     120       123   -6.683373e+04   0.000e+00   4.010e-02   6.376e-03        0
     121       124   -6.683368e+04   0.000e+00   5.901e-02   1.144e-02        0
     122       125   -6.683360e+04   0.000e+00   7.140e-02   2.644e-02        0
     123       126   -6.683349e+04   0.000e+00   6.039e-02   4.691e-02        0
     124       127   -6.683343e+04   0.000e+00   2.745e-02   4.471e-02        0
     125       128   -6.683342e+04   0.000e+00   3.477e-03   1.164e-02        0
     126       129   -6.683341e+04   0.000e+00   2.109e-03   3.087e-03        0
     127       130   -6.683341e+04   0.000e+00   2.654e-03   1.289e-03        0
     128       131   -6.683341e+04   0.000e+00   3.419e-03   3.358e-03        0
     129       132   -6.683340e+04   0.000e+00   3.766e-03   3.895e-03        0
     130       133   -6.683338e+04   0.000e+00   3.791e-03   6.439e-03        0
     131       134   -6.683334e+04   0.000e+00   3.030e-03   1.456e-02        0
     132       135   -6.683324e+04   0.000e+00   8.954e-04   3.909e-02        0
     133       136   -6.683307e+04   0.000e+00   2.425e-03   8.275e-02        0
     134       137   -6.683289e+04   0.000e+00   3.456e-03   1.143e-01        0
     135       138   -6.683280e+04   0.000e+00   8.421e-04   7.148e-02        0
     136       139   -6.683279e+04   0.000e+00   5.391e-04   1.066e-02        0
     137       140   -6.683279e+04   0.000e+00   4.264e-05   5.957e-03        0
     138       141   -6.683279e+04   0.000e+00   1.298e-04   1.533e-03        0
     139       142   -6.683279e+04   0.000e+00   6.557e-05   1.368e-04        0
     140       143   -6.683279e+04   0.000e+00   6.302e-06   1.101e-04        0
     141       144   -6.683279e+04   0.000e+00   1.794e-04   1.106e-04        0
     142       145   -6.683279e+04   0.000e+00   1.366e-04   1.331e-04        0
     143       146   -6.683279e+04   0.000e+00   5.701e-04   7.654e-04        0
     144       147   -6.683279e+04   0.000e+00   3.508e-04   7.662e-04        0
     145       148   -6.683279e+04   0.000e+00   1.122e-03   7.749e-04        0
     146       149   -6.683279e+04   0.000e+00   2.921e-03   1.358e-03        0
     147       150   -6.683279e+04   0.000e+00   6.177e-03   2.406e-03        0
     148       151   -6.683279e+04   0.000e+00   9.725e-03   5.937e-03        0
     149       152   -6.683279e+04   0.000e+00   9.283e-03   7.395e-03        0
     150       153   -6.683279e+04   0.000e+00   4.177e-03   7.960e-03        0
     151       154   -6.683279e+04   0.000e+00   7.982e-04   2.945e-03        0
     152       155   -6.683279e+04   0.000e+00   1.374e-04   4.930e-04        0
     153       158   -6.683279e+04   0.000e+00   9.442e-05   9.190e-05        0
     154       159   -6.683279e+04   0.000e+00   1.319e-07   8.478e-10        1
     155       160   -6.683279e+04   0.000e+00   1.311e-08   1.053e-04        0
     156       161   -6.683279e+04   0.000e+00   3.566e-07   1.371e-05        0
     157       162   -6.683279e+04   0.000e+00   1.743e-09   4.965e-08        3

EXIT: Locally optimal solution found.

Final Statistics
----------------
Final objective value               =  -6.68327884903280e+04
Final feasibility error (abs / rel) =   0.00e+00 / 0.00e+00
Final optimality error  (abs / rel) =   1.74e-09 / 1.74e-09
# of iterations                     =        157 
# of CG iterations                  =          4 
# of function evaluations           =        162
# of gradient evaluations           =        158
Total program time (secs)           =    8858.09082 (180337.312 CPU time)
Time spent in evaluations (secs)    =    8799.56250

Solution Vector
---------------
x[       0] =   4.47878582616e+00
x[       1] =   2.91690069943e+00
x[       2] =   2.41624632843e+00
x[       3] =   4.31294325270e+00
x[       4] =   4.50387423851e+00
x[       5] =   3.35864195460e+00
x[       6] =   4.55458877079e+00
x[       7] =  -8.60191006288e-01
x[       8] =  -2.33279784241e+00
x[       9] =  -6.30669871097e+00
x[      10] =   5.81933044637e-02
x[      11] =   1.37556404795e-03
x[      12] =   1.60329304723e+00
x[      13] =   1.66202804498e+00
x[      14] =   1.01543774799e+00
x[      15] =   1.24836621133e+00
x[      16] =   8.81075871437e-01
x[      17] =   1.07461210160e+00
x[      18] =   8.52211299369e-01
x[      19] =   9.16850080423e-01
x[      20] =   7.29870684979e-01
x[      21] =   1.13696588847e+00
x[      22] =   3.94875012676e-01

===============================================================================

