
Solving from new start point (number 18 of 42) <multistart>.


=======================================
*** NO CHECK MADE FOR LICENSE ***
         Artelys Knitro 12.3.0
=======================================

Knitro presolve eliminated 0 variables and 0 constraints.

algorithm:               4
bar_maxcrossit:          3
datacheck:               0
feastol:                 1e-08
hessopt:                 2
maxtime_cpu:             9.99996e+07
maxtime_real:            9.99998e+07
opttol:                  1e-08
outlev:                  5
outmode:                 2
par_concurrent_evals:    0
The problem is identified as bound constrained only.
Knitro changing act_qpalg from AUTO to 3.
Knitro changing honorbnds from AUTO to -1.
Knitro changing linesearch from AUTO to 2.
Knitro changing linsolver from AUTO to 4.

Problem Characteristics                                 (   Presolved)
-----------------------
Objective goal:  Maximize
Objective type:  general
Number of variables:                                 23 (          23)
    bounded below only:                               0 (           0)
    bounded above only:                               0 (           0)
    bounded below and above:                         23 (          23)
    fixed:                                            0 (           0)
    free:                                             0 (           0)
Number of constraints:                                0 (           0)
    linear equalities:                                0 (           0)
    quadratic equalities:                             0 (           0)
    gen. nonlinear equalities:                        0 (           0)
    linear one-sided inequalities:                    0 (           0)
    quadratic one-sided inequalities:                 0 (           0)
    gen. nonlinear one-sided inequalities:            0 (           0)
    linear two-sided inequalities:                    0 (           0)
    quadratic two-sided inequalities:                 0 (           0)
    gen. nonlinear two-sided inequalities:            0 (           0)
Number of nonzeros in Jacobian:                       0 (           0)
Number of nonzeros in Hessian:                        0 (         276)

Knitro using the Sequential Quadratic Programming (SQP) algorithm.

  Iter     fCount     Objective      FeasError   OptError    ||Step||    CGits 
--------  --------  --------------  ----------  ----------  ----------  -------
       0         1   -7.257008e+04   0.000e+00
       1         3   -7.110418e+04   0.000e+00   1.799e+02   2.661e-01        0
       2         6   -6.969076e+04   0.000e+00   6.110e+01   3.616e-01        0
       3         7   -6.908924e+04   0.000e+00   8.167e+01   2.507e-01        0
       4         9   -6.878277e+04   0.000e+00   1.386e+00   3.371e-01        0
       5        11   -6.833126e+04   0.000e+00   9.169e+01   4.376e-01        0
       6        12   -6.802875e+04   0.000e+00   2.471e+01   1.367e-01        0
       7        13   -6.795654e+04   0.000e+00   2.347e+01   2.975e-01        0
       8        14   -6.779796e+04   0.000e+00   5.313e-01   2.034e-01        0
       9        15   -6.768972e+04   0.000e+00   1.326e+00   1.212e-01        0
      10        16   -6.755965e+04   0.000e+00   2.149e+01   3.161e-01        0
      11        17   -6.742751e+04   0.000e+00   8.235e+00   2.924e-01        0
      12        18   -6.727844e+04   0.000e+00   1.005e+01   4.141e-01        0
      13        19   -6.718769e+04   0.000e+00   7.896e+00   1.758e-01        0
      14        20   -6.707242e+04   0.000e+00   1.530e+00   2.614e-01        0
      15        21   -6.700903e+04   0.000e+00   1.747e-01   1.870e-01        0
      16        22   -6.697143e+04   0.000e+00   1.036e+00   1.534e-01        0
      17        23   -6.695106e+04   0.000e+00   1.054e+00   9.710e-02        0
      18        24   -6.692921e+04   0.000e+00   2.125e-01   1.350e-01        0
      19        25   -6.690531e+04   0.000e+00   2.838e-01   1.527e-01        0
      20        26   -6.688704e+04   0.000e+00   1.548e+00   1.405e-01        0
      21        27   -6.687690e+04   0.000e+00   2.234e+00   7.769e-02        0
      22        28   -6.687121e+04   0.000e+00   7.566e-01   4.859e-02        0
      23        29   -6.686803e+04   0.000e+00   3.572e-01   4.197e-02        0
      24        30   -6.686509e+04   0.000e+00   7.825e-01   3.034e-02        0
      25        31   -6.686117e+04   0.000e+00   8.516e-01   5.212e-02        0
      26        32   -6.685702e+04   0.000e+00   8.763e-01   7.298e-02        0
      27        33   -6.685333e+04   0.000e+00   1.128e-01   7.308e-02        0
      28        34   -6.685082e+04   0.000e+00   4.127e-01   4.938e-02        0
      29        35   -6.684911e+04   0.000e+00   7.165e-01   2.991e-02        0
      30        36   -6.684732e+04   0.000e+00   5.186e-01   3.340e-02        0
      31        37   -6.684513e+04   0.000e+00   3.903e-02   4.972e-02        0
      32        38   -6.684332e+04   0.000e+00   5.024e-01   5.358e-02        0
      33        39   -6.684239e+04   0.000e+00   5.010e-01   3.625e-02        0
      34        40   -6.684195e+04   0.000e+00   2.934e-01   1.976e-02        0
      35        41   -6.684161e+04   0.000e+00   1.883e-02   1.477e-02        0
      36        42   -6.684116e+04   0.000e+00   2.590e-01   1.952e-02        0
      37        43   -6.684058e+04   0.000e+00   4.978e-01   2.688e-02        0
      38        44   -6.683990e+04   0.000e+00   5.344e-01   3.459e-02        0
      39        45   -6.683915e+04   0.000e+00   5.661e-01   4.435e-02        0
      40        46   -6.683835e+04   0.000e+00   5.324e-02   4.810e-02        0
      41        47   -6.683774e+04   0.000e+00   1.447e-01   4.335e-02        0
      42        48   -6.683744e+04   0.000e+00   3.890e-01   1.642e-02        0
      43        49   -6.683732e+04   0.000e+00   1.862e-02   1.060e-02        0
      44        50   -6.683723e+04   0.000e+00   4.547e-02   5.488e-03        0
      45        51   -6.683703e+04   0.000e+00   1.582e-01   1.264e-02        0
      46        52   -6.683675e+04   0.000e+00   2.469e-01   2.251e-02        0
      47        53   -6.683639e+04   0.000e+00   1.770e-01   3.677e-02        0
      48        54   -6.683611e+04   0.000e+00   4.937e-02   3.377e-02        0
      49        55   -6.683592e+04   0.000e+00   1.299e-01   2.241e-02        0
      50        56   -6.683571e+04   0.000e+00   2.476e-01   2.060e-02        0
      51        57   -6.683540e+04   0.000e+00   3.676e-01   2.889e-02        0
      52        58   -6.683511e+04   0.000e+00   2.824e-01   2.991e-02        0
      53        59   -6.683497e+04   0.000e+00   1.321e-01   1.694e-02        0
      54        60   -6.683493e+04   0.000e+00   1.799e-02   4.007e-03        0
      55        61   -6.683491e+04   0.000e+00   4.892e-02   2.389e-03        0
      56        62   -6.683486e+04   0.000e+00   1.538e-01   5.608e-03        0
      57        63   -6.683477e+04   0.000e+00   1.708e-01   1.404e-02        0
      58        64   -6.683462e+04   0.000e+00   2.490e-01   2.584e-02        0
      59        65   -6.683448e+04   0.000e+00   9.012e-02   3.050e-02        0
      60        66   -6.683441e+04   0.000e+00   9.558e-02   1.482e-02        0
      61        67   -6.683438e+04   0.000e+00   4.186e-02   6.093e-03        0
      62        68   -6.683435e+04   0.000e+00   6.187e-02   3.991e-03        0
      63        69   -6.683428e+04   0.000e+00   1.624e-01   1.060e-02        0
      64        70   -6.683419e+04   0.000e+00   1.587e-01   1.882e-02        0
      65        71   -6.683412e+04   0.000e+00   1.168e-01   1.959e-02        0
      66        72   -6.683410e+04   0.000e+00   2.516e-02   7.918e-03        0
      67        73   -6.683410e+04   0.000e+00   1.816e-03   1.723e-03        0
      68        74   -6.683409e+04   0.000e+00   2.221e-02   1.654e-03        0
      69        75   -6.683407e+04   0.000e+00   5.690e-02   4.726e-03        0
      70        76   -6.683403e+04   0.000e+00   1.093e-01   1.253e-02        0
      71        77   -6.683393e+04   0.000e+00   1.751e-01   3.299e-02        0
      72        78   -6.683373e+04   0.000e+00   2.278e-01   7.167e-02        0
      73        79   -6.683345e+04   0.000e+00   2.004e-01   1.125e-01        0
      74        80   -6.683325e+04   0.000e+00   1.029e-01   9.164e-02        0
      75        81   -6.683319e+04   0.000e+00   2.817e-02   1.987e-02        0
      76        82   -6.683318e+04   0.000e+00   8.097e-03   8.309e-03        0
      77        83   -6.683318e+04   0.000e+00   2.187e-02   6.020e-03        0
      78        84   -6.683317e+04   0.000e+00   4.503e-02   9.988e-03        0
      79        85   -6.683315e+04   0.000e+00   7.329e-02   1.097e-02        0
      80        86   -6.683310e+04   0.000e+00   1.019e-01   1.411e-02        0
      81        87   -6.683303e+04   0.000e+00   1.079e-01   3.084e-02        0
      82        88   -6.683295e+04   0.000e+00   6.893e-02   5.570e-02        0
      83        89   -6.683292e+04   0.000e+00   1.588e-02   4.327e-02        0
      84        90   -6.683292e+04   0.000e+00   5.777e-03   1.106e-02        0
      85        91   -6.683292e+04   0.000e+00   4.810e-03   1.607e-03        0
      86        92   -6.683292e+04   0.000e+00   1.954e-03   9.454e-04        0
      87        93   -6.683292e+04   0.000e+00   3.033e-03   1.267e-03        0
      88        94   -6.683292e+04   0.000e+00   8.334e-03   1.315e-03        0
      89        95   -6.683292e+04   0.000e+00   1.719e-02   1.864e-03        0
      90        96   -6.683291e+04   0.000e+00   3.109e-02   3.697e-03        0
      91        97   -6.683291e+04   0.000e+00   5.250e-02   8.724e-03        0
      92        98   -6.683290e+04   0.000e+00   8.206e-02   2.083e-02        0
      93        99   -6.683287e+04   0.000e+00   1.148e-01   4.517e-02        0
      94       100   -6.683284e+04   0.000e+00   1.230e-01   7.712e-02        0
      95       101   -6.683280e+04   0.000e+00   8.070e-02   7.180e-02        0
      96       102   -6.683279e+04   0.000e+00   2.451e-02   2.016e-02        0
      97       103   -6.683279e+04   0.000e+00   2.849e-03   1.000e-02        0
      98       104   -6.683279e+04   0.000e+00   5.829e-04   5.436e-03        0
      99       105   -6.683279e+04   0.000e+00   1.567e-04   1.429e-03        0
     100       106   -6.683279e+04   0.000e+00   2.593e-05   1.176e-04        0
     101       107   -6.683279e+04   0.000e+00   2.322e-07   1.184e-06        5
     102       108   -6.683279e+04   0.000e+00   4.544e-06   6.101e-05        0
     103       109   -6.683279e+04   0.000e+00   1.711e-05   6.108e-05        0
     104       110   -6.683279e+04   0.000e+00   8.671e-06   1.853e-07        2
     105       111   -6.683279e+04   0.000e+00   8.447e-06   5.466e-05        0
     106       112   -6.683279e+04   0.000e+00   1.357e-06   5.464e-05        0
     107       113   -6.683279e+04   0.000e+00   1.320e-06   5.451e-05        0
     108       114   -6.683279e+04   0.000e+00   5.150e-07   5.456e-05        0
     109       115   -6.683279e+04   0.000e+00   2.208e-06   5.157e-05        0
     110       116   -6.683279e+04   0.000e+00   9.159e-07   9.649e-06        0
     111       117   -6.683279e+04   0.000e+00   2.180e-06   9.988e-06        0
     112       118   -6.683279e+04   0.000e+00   9.774e-08   1.053e-05        0
     113       119   -6.683279e+04   0.000e+00   3.345e-07   9.077e-06        0
     114       120   -6.683279e+04   0.000e+00   9.725e-07   1.102e-05       32
     115       121   -6.683279e+04   0.000e+00   1.545e-07   3.518e-06        0
     116       122   -6.683279e+04   0.000e+00   2.773e-08   3.604e-08        0
     117       123   -6.683279e+04   0.000e+00   1.027e-07   6.843e-08        0
     118       124   -6.683279e+04   0.000e+00   5.403e-08   5.840e-09        5
     119       125   -6.683279e+04   0.000e+00   1.941e-08   4.651e-08        0

EXIT: Primal feasible solution; terminate because the relative change in
      the objective function < 1.000000e-15 for 5 consecutive feasible iterations.
      Decrease ftol or increase ftol_iters to try for more accuracy.

Final Statistics
----------------
Final objective value               =  -6.68327884903279e+04
Final feasibility error (abs / rel) =   0.00e+00 / 0.00e+00
Final optimality error  (abs / rel) =   1.94e-08 / 1.94e-08
# of iterations                     =        119 
# of CG iterations                  =         44 
# of function evaluations           =        125
# of gradient evaluations           =        120
Total program time (secs)           =    6875.79004 (143491.109 CPU time)
Time spent in evaluations (secs)    =    6825.44824

Solution Vector
---------------
x[       0] =   4.47878559199e+00
x[       1] =   2.91690031046e+00
x[       2] =   2.41624611086e+00
x[       3] =   4.31294312707e+00
x[       4] =   4.50387403957e+00
x[       5] =   3.35864169174e+00
x[       6] =   4.55458857688e+00
x[       7] =  -8.60190972798e-01
x[       8] =  -2.33279777214e+00
x[       9] =  -6.30669942179e+00
x[      10] =   5.81933427385e-02
x[      11] =   1.37556355525e-03
x[      12] =   1.60329312522e+00
x[      13] =   1.66202812411e+00
x[      14] =   1.01543780354e+00
x[      15] =   1.24836627765e+00
x[      16] =   8.81075919555e-01
x[      17] =   1.07461211860e+00
x[      18] =   8.52211262027e-01
x[      19] =   9.16850056154e-01
x[      20] =   7.29870702011e-01
x[      21] =   1.13696585670e+00
x[      22] =   3.94875010720e-01

===============================================================================

