
Solving from new start point (number 32 of 42) <multistart>.


=======================================
*** NO CHECK MADE FOR LICENSE ***
         Artelys Knitro 12.3.0
=======================================

Knitro presolve eliminated 0 variables and 0 constraints.

algorithm:               4
bar_maxcrossit:          3
datacheck:               0
feastol:                 1e-08
hessopt:                 2
maxtime_cpu:             9.98435e+07
maxtime_real:            9.99923e+07
opttol:                  1e-08
outlev:                  5
outmode:                 2
par_concurrent_evals:    0
The problem is identified as bound constrained only.
Knitro changing act_qpalg from AUTO to 3.
Knitro changing honorbnds from AUTO to -1.
Knitro changing linesearch from AUTO to 2.
Knitro changing linsolver from AUTO to 4.

Problem Characteristics                                 (   Presolved)
-----------------------
Objective goal:  Maximize
Objective type:  general
Number of variables:                                 23 (          23)
    bounded below only:                               0 (           0)
    bounded above only:                               0 (           0)
    bounded below and above:                         23 (          23)
    fixed:                                            0 (           0)
    free:                                             0 (           0)
Number of constraints:                                0 (           0)
    linear equalities:                                0 (           0)
    quadratic equalities:                             0 (           0)
    gen. nonlinear equalities:                        0 (           0)
    linear one-sided inequalities:                    0 (           0)
    quadratic one-sided inequalities:                 0 (           0)
    gen. nonlinear one-sided inequalities:            0 (           0)
    linear two-sided inequalities:                    0 (           0)
    quadratic two-sided inequalities:                 0 (           0)
    gen. nonlinear two-sided inequalities:            0 (           0)
Number of nonzeros in Jacobian:                       0 (           0)
Number of nonzeros in Hessian:                        0 (         276)

Knitro using the Sequential Quadratic Programming (SQP) algorithm.

  Iter     fCount     Objective      FeasError   OptError    ||Step||    CGits 
--------  --------  --------------  ----------  ----------  ----------  -------
       0         1   -8.883022e+04   0.000e+00
       1         2   -7.627654e+04   0.000e+00   4.513e+01   1.901e-01        0
       2         3   -7.168888e+04   0.000e+00   2.404e+01   3.428e-01        0
       3         4   -7.004160e+04   0.000e+00   1.138e+01   1.823e-01        0
       4         6   -6.920247e+04   0.000e+00   1.797e-01   3.810e-01        0
       5         7   -6.867018e+04   0.000e+00   7.915e+00   1.542e-01        0
       6         8   -6.851069e+04   0.000e+00   2.283e+00   7.089e-02        0
       7         9   -6.828809e+04   0.000e+00   2.478e+00   9.112e-02        0
       8        10   -6.800902e+04   0.000e+00   4.135e-02   3.228e-01        0
       9        11   -6.793141e+04   0.000e+00   4.502e+00   7.126e-02        0
      10        12   -6.786950e+04   0.000e+00   2.649e+00   3.590e-02        0
      11        13   -6.770662e+04   0.000e+00   2.425e+00   1.805e-01        0
      12        14   -6.765166e+04   0.000e+00   2.096e+00   7.214e-02        0
      13        15   -6.759996e+04   0.000e+00   1.426e+00   1.108e-01        0
      14        16   -6.758545e+04   0.000e+00   8.628e-01   3.153e-02        0
      15        17   -6.756345e+04   0.000e+00   2.901e-01   4.437e-02        0
      16        18   -6.754332e+04   0.000e+00   1.510e+00   4.533e-02        0
      17        19   -6.751465e+04   0.000e+00   2.764e+00   7.338e-02        0
      18        20   -6.748215e+04   0.000e+00   3.307e+00   9.906e-02        0
      19        21   -6.745527e+04   0.000e+00   2.209e+00   8.682e-02        0
      20        22   -6.743919e+04   0.000e+00   6.322e-01   4.893e-02        0
      21        23   -6.742660e+04   0.000e+00   1.202e+00   3.055e-02        0
      22        24   -6.741504e+04   0.000e+00   2.094e+00   4.688e-02        0
      23        25   -6.739427e+04   0.000e+00   3.300e+00   6.574e-02        0
      24        26   -6.735268e+04   0.000e+00   3.475e+00   1.315e-01        0
      25        27   -6.730229e+04   0.000e+00   2.306e+00   2.190e-01        0
      26        28   -6.728266e+04   0.000e+00   3.738e-01   8.051e-02        0
      27        29   -6.727349e+04   0.000e+00   8.354e-01   2.569e-02        0
      28        30   -6.726312e+04   0.000e+00   1.657e+00   2.554e-02        0
      29        31   -6.723773e+04   0.000e+00   2.699e+00   7.659e-02        0
      30        32   -6.719873e+04   0.000e+00   3.151e+00   1.501e-01        0
      31        33   -6.715818e+04   0.000e+00   4.506e-03   1.907e-01        0
      32        34   -6.713091e+04   0.000e+00   3.269e-03   1.190e-01        0
      33        35   -6.711493e+04   0.000e+00   6.515e-01   4.984e-02        0
      34        36   -6.709666e+04   0.000e+00   1.180e+00   7.450e-02        0
      35        37   -6.705566e+04   0.000e+00   1.900e+00   1.861e-01        0
      36        38   -6.700806e+04   0.000e+00   1.952e+00   2.726e-01        0
      37        39   -6.698277e+04   0.000e+00   1.120e+00   1.294e-01        0
      38        40   -6.697321e+04   0.000e+00   2.033e-01   3.196e-02        0
      39        41   -6.696810e+04   0.000e+00   3.773e-01   8.235e-02        0
      40        42   -6.696481e+04   0.000e+00   2.113e-03   1.566e-02        0
      41        43   -6.695682e+04   0.000e+00   1.947e-03   3.248e-02        0
      42        44   -6.694472e+04   0.000e+00   1.597e-01   7.041e-02        0
      43        45   -6.693263e+04   0.000e+00   4.010e-01   1.004e-01        0
      44        46   -6.692543e+04   0.000e+00   2.936e-01   7.803e-02        0
      45        47   -6.692254e+04   0.000e+00   6.257e-02   4.218e-02        0
      46        48   -6.692122e+04   0.000e+00   1.017e-01   2.213e-02        0
      47        49   -6.691932e+04   0.000e+00   2.438e-01   2.475e-02        0
      48        50   -6.691595e+04   0.000e+00   3.779e-01   3.670e-02        0
      49        51   -6.691189e+04   0.000e+00   3.425e-01   4.181e-02        0
      50        52   -6.690905e+04   0.000e+00   1.421e-01   3.574e-02        0
      51        53   -6.690796e+04   0.000e+00   4.361e-02   2.595e-02        0
      52        54   -6.690752e+04   0.000e+00   9.822e-02   1.087e-02        0
      53        55   -6.690668e+04   0.000e+00   1.666e-01   1.289e-02        0
      54        56   -6.690506e+04   0.000e+00   2.088e-01   2.070e-02        0
      55        57   -6.690270e+04   0.000e+00   1.995e-01   3.714e-02        0
      56        58   -6.690083e+04   0.000e+00   7.292e-02   4.300e-02        0
      57        59   -6.689999e+04   0.000e+00   3.112e-02   2.512e-02        0
      58        60   -6.689945e+04   0.000e+00   1.082e-01   1.496e-02        0
      59        61   -6.689857e+04   0.000e+00   1.682e-01   1.929e-02        0
      60        62   -6.689670e+04   0.000e+00   2.418e-01   3.664e-02        0
      61        63   -6.689335e+04   0.000e+00   2.632e-01   6.638e-02        0
      62        64   -6.688942e+04   0.000e+00   1.957e-01   8.635e-02        0
      63        65   -6.688700e+04   0.000e+00   3.875e-02   6.178e-02        0
      64        66   -6.688636e+04   0.000e+00   3.014e-02   2.134e-02        0
      65        67   -6.688616e+04   0.000e+00   5.159e-02   7.556e-03        0
      66        68   -6.688578e+04   0.000e+00   6.569e-02   9.326e-03        0
      67        69   -6.688499e+04   0.000e+00   8.127e-02   1.310e-02        0
      68        70   -6.688356e+04   0.000e+00   7.543e-02   3.004e-02        0
      69        71   -6.688197e+04   0.000e+00   4.598e-02   5.277e-02        0
      70        72   -6.688105e+04   0.000e+00   4.052e-03   4.751e-02        0
      71        73   -6.688073e+04   0.000e+00   1.474e-02   2.141e-02        0
      72        74   -6.688054e+04   0.000e+00   2.355e-02   9.412e-03        0
      73        75   -6.688019e+04   0.000e+00   2.797e-02   1.325e-02        0
      74        76   -6.687960e+04   0.000e+00   2.878e-02   2.002e-02        0
      75        77   -6.687891e+04   0.000e+00   1.824e-02   2.466e-02        0
      76        78   -6.687850e+04   0.000e+00   4.132e-03   1.850e-02        0
      77        79   -6.687834e+04   0.000e+00   5.058e-03   9.377e-03        0
      78        80   -6.687821e+04   0.000e+00   9.594e-03   6.223e-03        0
      79        81   -6.687791e+04   0.000e+00   1.530e-02   1.066e-02        0
      80        82   -6.687720e+04   0.000e+00   2.252e-02   2.408e-02        0
      81        83   -6.687553e+04   0.000e+00   2.469e-02   6.030e-02        0
      82        84   -6.687222e+04   0.000e+00   7.780e-03   1.314e-01        0
      83        85   -6.686751e+04   0.000e+00   3.697e-02   2.080e-01        0
      84        86   -6.686362e+04   0.000e+00   8.400e-03   1.819e-01        0
      85        87   -6.686237e+04   0.000e+00   4.193e-02   5.675e-02        0
      86        88   -6.686217e+04   0.000e+00   8.646e-03   9.479e-03        0
      87        89   -6.686194e+04   0.000e+00   6.595e-03   1.166e-02        0
      88        90   -6.686139e+04   0.000e+00   7.681e-02   1.614e-02        0
      89        91   -6.686027e+04   0.000e+00   1.135e-01   2.274e-02        0
      90        92   -6.685828e+04   0.000e+00   2.110e-01   6.516e-02        0
      91        93   -6.685608e+04   0.000e+00   1.447e-01   1.169e-01        0
      92        94   -6.685505e+04   0.000e+00   1.361e-01   1.004e-01        0
      93        95   -6.685484e+04   0.000e+00   3.953e-02   2.326e-02        0
      94        96   -6.685477e+04   0.000e+00   1.957e-02   9.272e-03        0
      95        97   -6.685468e+04   0.000e+00   1.294e-02   4.624e-03        0
      96        98   -6.685431e+04   0.000e+00   5.463e-02   1.420e-02        0
      97        99   -6.685349e+04   0.000e+00   1.369e-01   3.372e-02        0
      98       100   -6.685150e+04   0.000e+00   2.249e-01   9.281e-02        0
      99       101   -6.684769e+04   0.000e+00   2.931e-01   2.061e-01        0
     100       102   -6.684293e+04   0.000e+00   2.489e-01   2.877e-01        0
     101       103   -6.683953e+04   0.000e+00   3.125e-01   1.692e-01        0
     102       104   -6.683816e+04   0.000e+00   1.913e-02   5.949e-02        0
     103       105   -6.683801e+04   0.000e+00   4.653e-02   2.476e-02        0
     104       106   -6.683796e+04   0.000e+00   2.616e-02   1.603e-02        0
     105       107   -6.683788e+04   0.000e+00   4.047e-02   1.584e-02        0
     106       108   -6.683771e+04   0.000e+00   9.147e-02   1.546e-02        0
     107       109   -6.683731e+04   0.000e+00   1.433e-01   1.773e-02        0
     108       110   -6.683654e+04   0.000e+00   1.970e-01   3.099e-02        0
     109       111   -6.683545e+04   0.000e+00   1.358e-01   9.464e-02        0
     110       112   -6.683463e+04   0.000e+00   2.124e-01   9.949e-02        0
     111       113   -6.683437e+04   0.000e+00   2.944e-01   3.026e-01        0
     112       114   -6.683381e+04   0.000e+00   8.728e-02   7.070e-02        0
     113       115   -6.683366e+04   0.000e+00   2.469e-02   5.027e-02        0
     114       116   -6.683354e+04   0.000e+00   8.377e-04   9.877e-02        0
     115       117   -6.683350e+04   0.000e+00   8.022e-03   7.401e-02        0
     116       118   -6.683349e+04   0.000e+00   6.707e-04   1.576e-02        0
     117       119   -6.683348e+04   0.000e+00   5.290e-04   1.842e-03        0
     118       120   -6.683348e+04   0.000e+00   8.243e-05   2.952e-03        0
     119       121   -6.683346e+04   0.000e+00   1.227e-03   4.102e-03        0
     120       122   -6.683343e+04   0.000e+00   3.255e-03   6.641e-03        0
     121       123   -6.683335e+04   0.000e+00   7.260e-03   1.301e-02        0
     122       124   -6.683320e+04   0.000e+00   1.159e-02   2.500e-02        0
     123       125   -6.683300e+04   0.000e+00   1.301e-02   3.951e-02        0
     124       126   -6.683286e+04   0.000e+00   6.832e-03   3.503e-02        0
     125       127   -6.683283e+04   0.000e+00   5.967e-04   8.649e-03        0
     126       128   -6.683283e+04   0.000e+00   2.351e-04   5.614e-03        0
     127       129   -6.683283e+04   0.000e+00   2.001e-05   1.094e-03        0
     128       130   -6.683283e+04   0.000e+00   5.781e-05   1.116e-04        0
     129       131   -6.683283e+04   0.000e+00   1.724e-04   1.191e-04        0
     130       132   -6.683283e+04   0.000e+00   3.357e-04   1.543e-04        0
     131       133   -6.683283e+04   0.000e+00   6.300e-04   3.069e-04        0
     132       134   -6.683283e+04   0.000e+00   8.932e-04   9.167e-04        0
     133       135   -6.683283e+04   0.000e+00   1.646e-03   2.250e-03        0
     134       136   -6.683283e+04   0.000e+00   2.204e-03   6.474e-03        0
     135       137   -6.683282e+04   0.000e+00   3.416e-03   1.394e-02        0
     136       138   -6.683281e+04   0.000e+00   4.267e-03   2.873e-02        0
     137       139   -6.683280e+04   0.000e+00   3.932e-03   3.851e-02        0
     138       140   -6.683279e+04   0.000e+00   1.967e-03   2.460e-02        0
     139       141   -6.683279e+04   0.000e+00   4.072e-04   1.294e-03        0
     140       142   -6.683279e+04   0.000e+00   4.527e-06   3.639e-03        0
     141       143   -6.683279e+04   0.000e+00   9.486e-06   1.924e-03        0
     142       144   -6.683279e+04   0.000e+00   2.233e-05   7.258e-04       27
     143       145   -6.683279e+04   0.000e+00   6.332e-05   6.729e-04        0
     144       146   -6.683279e+04   0.000e+00   5.093e-05   6.751e-04        0
     145       147   -6.683279e+04   0.000e+00   4.959e-05   1.759e-03        0
     146       148   -6.683279e+04   0.000e+00   1.896e-05   2.120e-03        0
     147       149   -6.683279e+04   0.000e+00   4.897e-05   3.847e-03        0
     148       150   -6.683279e+04   0.000e+00   1.656e-04   3.919e-03        0
     149       151   -6.683279e+04   0.000e+00   1.870e-04   4.309e-03        0
     150       152   -6.683279e+04   0.000e+00   1.089e-04   3.755e-03        0
     151       153   -6.683279e+04   0.000e+00   7.240e-05   7.820e-03        0
     152       154   -6.683279e+04   0.000e+00   2.957e-06   1.935e-03        0
     153       155   -6.683279e+04   0.000e+00   5.494e-06   2.936e-04        0
     154       156   -6.683279e+04   0.000e+00   8.826e-07   2.771e-04        0
     155       157   -6.683279e+04   0.000e+00   8.302e-08   2.803e-04        0
     156       158   -6.683279e+04   0.000e+00   3.408e-07   1.453e-06        0
     157       159   -6.683279e+04   0.000e+00   2.959e-09   1.451e-06        0

EXIT: Locally optimal solution found.

Final Statistics
----------------
Final objective value               =  -6.68327884903280e+04
Final feasibility error (abs / rel) =   0.00e+00 / 0.00e+00
Final optimality error  (abs / rel) =   2.96e-09 / 2.96e-09
# of iterations                     =        157 
# of CG iterations                  =         27 
# of function evaluations           =        159
# of gradient evaluations           =        158
Total program time (secs)           =    7756.04932 (145186.812 CPU time)
Time spent in evaluations (secs)    =    7700.27490

Solution Vector
---------------
x[       0] =   4.47878555744e+00
x[       1] =   2.91690040639e+00
x[       2] =   2.41624622317e+00
x[       3] =   4.31294312994e+00
x[       4] =   4.50387405614e+00
x[       5] =   3.35864168713e+00
x[       6] =   4.55458854263e+00
x[       7] =  -8.60190976821e-01
x[       8] =  -2.33279777777e+00
x[       9] =  -6.30669818539e+00
x[      10] =   5.81932874026e-02
x[      11] =   1.37556417742e-03
x[      12] =   1.60329315738e+00
x[      13] =   1.66202814552e+00
x[      14] =   1.01543780672e+00
x[      15] =   1.24836627683e+00
x[      16] =   8.81075866568e-01
x[      17] =   1.07461203581e+00
x[      18] =   8.52211277217e-01
x[      19] =   9.16850029410e-01
x[      20] =   7.29870683396e-01
x[      21] =   1.13696583796e+00
x[      22] =   3.94875000523e-01

===============================================================================

