
Solving from new start point (number 20 of 42) <multistart>.


=======================================
*** NO CHECK MADE FOR LICENSE ***
         Artelys Knitro 12.3.0
=======================================

Knitro presolve eliminated 0 variables and 0 constraints.

algorithm:               4
bar_maxcrossit:          3
datacheck:               0
feastol:                 1e-08
hessopt:                 2
maxtime_cpu:             9.99996e+07
maxtime_real:            9.99998e+07
opttol:                  1e-08
outlev:                  5
outmode:                 2
par_concurrent_evals:    0
The problem is identified as bound constrained only.
Knitro changing act_qpalg from AUTO to 3.
Knitro changing honorbnds from AUTO to -1.
Knitro changing linesearch from AUTO to 2.
Knitro changing linsolver from AUTO to 4.

Problem Characteristics                                 (   Presolved)
-----------------------
Objective goal:  Maximize
Objective type:  general
Number of variables:                                 23 (          23)
    bounded below only:                               0 (           0)
    bounded above only:                               0 (           0)
    bounded below and above:                         23 (          23)
    fixed:                                            0 (           0)
    free:                                             0 (           0)
Number of constraints:                                0 (           0)
    linear equalities:                                0 (           0)
    quadratic equalities:                             0 (           0)
    gen. nonlinear equalities:                        0 (           0)
    linear one-sided inequalities:                    0 (           0)
    quadratic one-sided inequalities:                 0 (           0)
    gen. nonlinear one-sided inequalities:            0 (           0)
    linear two-sided inequalities:                    0 (           0)
    quadratic two-sided inequalities:                 0 (           0)
    gen. nonlinear two-sided inequalities:            0 (           0)
Number of nonzeros in Jacobian:                       0 (           0)
Number of nonzeros in Hessian:                        0 (         276)

Knitro using the Sequential Quadratic Programming (SQP) algorithm.

  Iter     fCount     Objective      FeasError   OptError    ||Step||    CGits 
--------  --------  --------------  ----------  ----------  ----------  -------
       0         1   -8.141458e+04   0.000e+00
       1         2   -8.096953e+04   3.469e-18   9.788e+01   4.295e-01        0
       2         3   -7.157332e+04   0.000e+00   1.973e-01   1.054e-01        0
       3         6   -7.151957e+04   0.000e+00   8.213e-01   9.711e-02        0
       4         7   -7.112676e+04   0.000e+00   1.447e+01   1.985e-01        0
       5         8   -7.078784e+04   0.000e+00   8.518e+00   2.863e-02        0
       6         9   -7.002544e+04   0.000e+00   4.199e-02   2.306e-01        0
       7        10   -6.953897e+04   0.000e+00   9.505e-02   3.493e-01        0
       8        11   -6.944224e+04   0.000e+00   5.593e-02   8.470e-02        0
       9        12   -6.929199e+04   0.000e+00   6.265e+00   2.189e-01        0
      10        14   -6.924743e+04   0.000e+00   1.193e+01   1.302e-01        0
      11        15   -6.908802e+04   0.000e+00   3.868e+00   1.113e-01        0
      12        16   -6.901124e+04   0.000e+00   9.646e-01   7.155e-02        0
      13        17   -6.889018e+04   0.000e+00   3.042e+00   1.464e-01        0
      14        18   -6.877569e+04   0.000e+00   2.621e+00   1.648e-01        0
      15        19   -6.869562e+04   0.000e+00   2.606e+00   1.012e-01        0
      16        20   -6.843141e+04   0.000e+00   7.682e-01   4.025e-01        0
      17        21   -6.825224e+04   0.000e+00   2.934e-01   2.818e-01        0
      18        22   -6.808521e+04   0.000e+00   6.567e-01   2.498e-01        0
      19        23   -6.795914e+04   0.000e+00   7.407e-01   1.074e-01        0
      20        24   -6.776311e+04   0.000e+00   8.897e-01   1.898e-01        0
      21        25   -6.761080e+04   0.000e+00   1.040e-02   1.545e-01        0
      22        26   -6.752063e+04   0.000e+00   2.329e+00   2.308e-01        0
      23        27   -6.747798e+04   0.000e+00   7.969e-01   5.948e-02        0
      24        28   -6.744745e+04   0.000e+00   4.766e-01   6.222e-02        0
      25        29   -6.733762e+04   0.000e+00   8.661e-01   2.349e-01        0
      26        30   -6.727057e+04   0.000e+00   1.325e+00   1.392e-01        0
      27        31   -6.722974e+04   0.000e+00   2.299e+00   1.325e-01        0
      28        32   -6.721095e+04   0.000e+00   7.173e-01   7.288e-02        0
      29        33   -6.720047e+04   0.000e+00   6.098e-01   2.333e-02        0
      30        34   -6.717019e+04   0.000e+00   1.297e-01   7.131e-02        0
      31        35   -6.714626e+04   0.000e+00   2.385e-01   6.028e-02        0
      32        36   -6.711099e+04   0.000e+00   6.804e-01   1.319e-01        0
      33        37   -6.709446e+04   0.000e+00   5.869e-01   8.049e-02        0
      34        38   -6.707638e+04   0.000e+00   2.291e-01   8.459e-02        0
      35        39   -6.704346e+04   0.000e+00   6.362e-01   1.328e-01        0
      36        40   -6.699328e+04   0.000e+00   1.454e+00   2.000e-01        0
      37        41   -6.695030e+04   0.000e+00   1.385e+00   1.758e-01        0
      38        42   -6.693332e+04   0.000e+00   3.017e-01   6.671e-02        0
      39        43   -6.692793e+04   0.000e+00   1.361e-01   4.415e-02        0
      40        44   -6.692404e+04   0.000e+00   3.242e-01   3.246e-02        0
      41        45   -6.691729e+04   0.000e+00   3.636e-01   3.554e-02        0
      42        46   -6.690557e+04   0.000e+00   3.551e-01   5.066e-02        0
      43        47   -6.689237e+04   0.000e+00   2.403e-01   8.302e-02        0
      44        48   -6.688522e+04   0.000e+00   1.024e-01   7.412e-02        0
      45        49   -6.688228e+04   0.000e+00   4.163e-02   3.781e-02        0
      46        50   -6.688013e+04   0.000e+00   1.038e-01   2.251e-02        0
      47        51   -6.687671e+04   0.000e+00   1.250e-01   2.575e-02        0
      48        52   -6.687121e+04   0.000e+00   7.282e-02   3.873e-02        0
      49        53   -6.686535e+04   0.000e+00   1.243e-03   5.118e-02        0
      50        54   -6.686187e+04   0.000e+00   2.448e-02   4.430e-02        0
      51        55   -6.686068e+04   0.000e+00   1.666e-02   1.912e-02        0
      52        56   -6.685987e+04   0.000e+00   4.908e-03   8.843e-03        0
      53        57   -6.685816e+04   0.000e+00   3.013e-02   1.635e-02        0
      54        58   -6.685530e+04   0.000e+00   8.601e-02   3.199e-02        0
      55        59   -6.685185e+04   0.000e+00   1.305e-01   4.944e-02        0
      56        60   -6.684981e+04   0.000e+00   9.022e-02   3.733e-02        0
      57        61   -6.684919e+04   0.000e+00   1.988e-02   1.234e-02        0
      58        62   -6.684903e+04   0.000e+00   1.387e-02   4.590e-03        0
      59        63   -6.684883e+04   0.000e+00   4.446e-02   4.891e-03        0
      60        64   -6.684832e+04   0.000e+00   9.932e-02   1.016e-02        0
      61        65   -6.684724e+04   0.000e+00   1.716e-01   2.122e-02        0
      62        66   -6.684521e+04   0.000e+00   2.250e-01   4.419e-02        0
      63        67   -6.684277e+04   0.000e+00   1.736e-01   6.334e-02        0
      64        68   -6.684127e+04   0.000e+00   6.170e-02   4.680e-02        0
      65        69   -6.684082e+04   0.000e+00   3.001e-03   1.459e-02        0
      66        70   -6.684067e+04   0.000e+00   3.597e-02   5.311e-03        0
      67        71   -6.684044e+04   0.000e+00   7.740e-02   6.278e-03        0
      68        72   -6.684004e+04   0.000e+00   1.196e-01   9.497e-03        0
      69        73   -6.683959e+04   0.000e+00   1.174e-01   1.509e-02        0
      70        74   -6.683930e+04   0.000e+00   5.755e-02   1.612e-02        0
      71        75   -6.683918e+04   0.000e+00   2.327e-03   9.257e-03        0
      72        76   -6.683909e+04   0.000e+00   4.752e-02   5.808e-03        0
      73        77   -6.683888e+04   0.000e+00   1.188e-01   1.012e-02        0
      74        78   -6.683844e+04   0.000e+00   2.152e-01   1.965e-02        0
      75        79   -6.683757e+04   0.000e+00   3.133e-01   3.798e-02        0
      76        80   -6.683646e+04   0.000e+00   3.223e-01   5.225e-02        0
      77        81   -6.683573e+04   0.000e+00   1.984e-01   3.630e-02        0
      78        82   -6.683551e+04   0.000e+00   5.837e-02   9.655e-03        0
      79        83   -6.683547e+04   0.000e+00   4.828e-03   5.672e-03        0
      80        84   -6.683544e+04   0.000e+00   4.396e-02   3.704e-03        0
      81        85   -6.683535e+04   0.000e+00   1.092e-01   4.818e-03        0
      82        86   -6.683519e+04   0.000e+00   1.797e-01   6.666e-03        0
      83        87   -6.683495e+04   0.000e+00   2.125e-01   1.519e-02        0
      84        88   -6.683471e+04   0.000e+00   1.480e-01   2.334e-02        0
      85        89   -6.683462e+04   0.000e+00   4.683e-02   1.603e-02        0
      86        90   -6.683460e+04   0.000e+00   2.809e-03   3.980e-03        0
      87        91   -6.683460e+04   0.000e+00   6.221e-03   7.613e-04        0
      88        92   -6.683460e+04   0.000e+00   1.272e-02   8.812e-04        0
      89        93   -6.683459e+04   0.000e+00   2.121e-02   1.590e-03        0
      90        94   -6.683457e+04   0.000e+00   3.211e-02   3.153e-03        0
      91        95   -6.683452e+04   0.000e+00   4.378e-02   7.131e-03        0
      92        96   -6.683443e+04   0.000e+00   4.863e-02   1.393e-02        0
      93        97   -6.683433e+04   0.000e+00   3.710e-02   1.881e-02        0
      94        98   -6.683427e+04   0.000e+00   1.488e-02   1.238e-02        0
      95        99   -6.683426e+04   0.000e+00   1.005e-03   3.136e-03        0
      96       100   -6.683426e+04   0.000e+00   2.195e-03   1.445e-03        0
      97       101   -6.683426e+04   0.000e+00   3.964e-03   1.220e-03        0
      98       102   -6.683425e+04   0.000e+00   6.991e-03   2.163e-03        0
      99       103   -6.683423e+04   0.000e+00   1.097e-02   3.258e-03        0
     100       104   -6.683419e+04   0.000e+00   1.694e-02   7.180e-03        0
     101       105   -6.683410e+04   0.000e+00   2.455e-02   1.834e-02        0
     102       106   -6.683391e+04   0.000e+00   3.276e-02   4.172e-02        0
     103       107   -6.683368e+04   0.000e+00   3.359e-02   6.322e-02        0
     104       108   -6.683353e+04   0.000e+00   1.426e-02   4.420e-02        0
     105       109   -6.683349e+04   0.000e+00   2.658e-03   1.075e-02        0
     106       110   -6.683349e+04   0.000e+00   6.554e-05   2.354e-03        0
     107       111   -6.683349e+04   0.000e+00   7.986e-04   3.003e-03        0
     108       112   -6.683349e+04   0.000e+00   3.101e-04   2.954e-03        0
     109       113   -6.683349e+04   0.000e+00   7.669e-04   8.538e-04        0
     110       114   -6.683348e+04   0.000e+00   2.193e-03   1.291e-03        0
     111       115   -6.683346e+04   0.000e+00   4.283e-03   4.422e-03        0
     112       116   -6.683338e+04   0.000e+00   9.026e-03   2.292e-02        0
     113       117   -6.683334e+04   0.000e+00   6.693e-03   3.393e-02        0
     114       118   -6.683334e+04   0.000e+00   2.703e-03   4.356e-03        0
     115       119   -6.683334e+04   0.000e+00   6.161e-04   2.703e-03        0
     116       120   -6.683334e+04   0.000e+00   1.033e-03   5.864e-04        0
     117       121   -6.683333e+04   0.000e+00   2.487e-03   2.268e-03        0
     118       122   -6.683333e+04   0.000e+00   3.928e-03   3.629e-03        0
     119       123   -6.683332e+04   0.000e+00   6.023e-03   7.884e-03        0
     120       124   -6.683329e+04   0.000e+00   8.433e-03   1.782e-02        0
     121       125   -6.683322e+04   0.000e+00   1.117e-02   3.933e-02        0
     122       126   -6.683310e+04   0.000e+00   1.220e-02   7.451e-02        0
     123       127   -6.683296e+04   0.000e+00   1.062e-02   9.404e-02        0
     124       128   -6.683288e+04   0.000e+00   5.648e-03   5.697e-02        0
     125       129   -6.683286e+04   0.000e+00   1.703e-03   7.356e-03        0
     126       130   -6.683286e+04   0.000e+00   1.006e-04   6.026e-03        0
     127       131   -6.683286e+04   0.000e+00   3.311e-05   5.833e-03        0
     128       132   -6.683286e+04   0.000e+00   6.578e-05   1.581e-05        6
     129       133   -6.683286e+04   0.000e+00   1.876e-04   2.107e-04        0
     130       134   -6.683286e+04   0.000e+00   3.936e-04   2.217e-04        0
     131       135   -6.683286e+04   0.000e+00   8.026e-04   3.949e-04        0
     132       136   -6.683286e+04   0.000e+00   1.477e-03   9.776e-04        0
     133       137   -6.683286e+04   0.000e+00   2.548e-03   2.682e-03        0
     134       138   -6.683285e+04   0.000e+00   4.283e-03   6.911e-03        0
     135       139   -6.683285e+04   0.000e+00   6.529e-03   1.563e-02        0
     136       140   -6.683283e+04   0.000e+00   8.801e-03   3.498e-02        0
     137       141   -6.683281e+04   0.000e+00   8.255e-03   4.980e-02        0
     138       142   -6.683279e+04   0.000e+00   4.508e-03   4.786e-02        0
     139       143   -6.683279e+04   0.000e+00   6.834e-04   8.024e-03        0
     140       144   -6.683279e+04   0.000e+00   7.867e-05   4.563e-03        0
     141       145   -6.683279e+04   0.000e+00   1.282e-05   3.748e-03        0
     142       146   -6.683279e+04   0.000e+00   9.139e-06   3.913e-04        0
     143       147   -6.683279e+04   0.000e+00   1.580e-06   4.985e-07        2
     144       148   -6.683279e+04   0.000e+00   1.338e-06   1.148e-04        0
     145       149   -6.683279e+04   0.000e+00   9.403e-07   1.148e-04        0
     146       150   -6.683279e+04   0.000e+00   1.736e-06   1.087e-04        0
     147       151   -6.683279e+04   0.000e+00   9.066e-07   1.070e-04        0
     148       152   -6.683279e+04   0.000e+00   3.964e-07   1.068e-04        0
     149       153   -6.683279e+04   0.000e+00   1.004e-07   7.822e-06        0
     150       154   -6.683279e+04   0.000e+00   1.025e-06   1.240e-05        0
     151       155   -6.683279e+04   0.000e+00   5.312e-07   8.868e-06        0
     152       156   -6.683279e+04   0.000e+00   1.441e-08   2.066e-08        2
     153       157   -6.683279e+04   0.000e+00   5.490e-04   3.865e-05        0
     154       158   -6.683279e+04   0.000e+00   1.715e-05   3.691e-05        0
     155       159   -6.683279e+04   0.000e+00   1.971e-05   8.498e-06        0
     156       160   -6.683279e+04   0.000e+00   6.556e-06   5.480e-06        0
     157       161   -6.683279e+04   0.000e+00   1.293e-07   1.419e-07        2
     158       162   -6.683279e+04   0.000e+00   1.530e-05   1.889e-05        0
     159       163   -6.683279e+04   0.000e+00   5.807e-06   1.978e-05        0
     160       164   -6.683279e+04   0.000e+00   6.686e-07   2.348e-10        1
     161       165   -6.683279e+04   0.000e+00   2.451e-08   9.559e-06        0
     162       166   -6.683279e+04   0.000e+00   5.416e-07   1.284e-05        0
     163       167   -6.683279e+04   0.000e+00   2.260e-08   8.238e-06        0
     164       168   -6.683279e+04   0.000e+00   1.763e-07   8.861e-06        0
     165       169   -6.683279e+04   0.000e+00   6.321e-08   8.009e-06        0
     166       170   -6.683279e+04   0.000e+00   4.075e-08   6.412e-06       28
     167       171   -6.683279e+04   0.000e+00   4.596e-09   1.670e-06        0

EXIT: Locally optimal solution found.

Final Statistics
----------------
Final objective value               =  -6.68327884903279e+04
Final feasibility error (abs / rel) =   0.00e+00 / 0.00e+00
Final optimality error  (abs / rel) =   4.60e-09 / 4.60e-09
# of iterations                     =        167 
# of CG iterations                  =         41 
# of function evaluations           =        171
# of gradient evaluations           =        168
Total program time (secs)           =    9510.38574 (198590.516 CPU time)
Time spent in evaluations (secs)    =    9454.48633

Solution Vector
---------------
x[       0] =   4.47878560742e+00
x[       1] =   2.91690032270e+00
x[       2] =   2.41624609419e+00
x[       3] =   4.31294313803e+00
x[       4] =   4.50387403932e+00
x[       5] =   3.35864169220e+00
x[       6] =   4.55458858823e+00
x[       7] =  -8.60190977026e-01
x[       8] =  -2.33279777434e+00
x[       9] =  -6.30669928532e+00
x[      10] =   5.81933353011e-02
x[      11] =   1.37556366097e-03
x[      12] =   1.60329312453e+00
x[      13] =   1.66202812118e+00
x[      14] =   1.01543778710e+00
x[      15] =   1.24836626154e+00
x[      16] =   8.81075912608e-01
x[      17] =   1.07461212180e+00
x[      18] =   8.52211256907e-01
x[      19] =   9.16850059075e-01
x[      20] =   7.29870712211e-01
x[      21] =   1.13696585821e+00
x[      22] =   3.94875009297e-01

===============================================================================

