
Solving from new start point (number 10 of 42) <multistart>.


=======================================
*** NO CHECK MADE FOR LICENSE ***
         Artelys Knitro 12.3.0
=======================================

Knitro presolve eliminated 0 variables and 0 constraints.

algorithm:               4
bar_maxcrossit:          3
datacheck:               0
feastol:                 1e-08
hessopt:                 2
maxtime_cpu:             9.99996e+07
maxtime_real:            9.99998e+07
opttol:                  1e-08
outlev:                  5
outmode:                 2
par_concurrent_evals:    0
The problem is identified as bound constrained only.
Knitro changing act_qpalg from AUTO to 3.
Knitro changing honorbnds from AUTO to -1.
Knitro changing linesearch from AUTO to 2.
Knitro changing linsolver from AUTO to 4.

Problem Characteristics                                 (   Presolved)
-----------------------
Objective goal:  Maximize
Objective type:  general
Number of variables:                                 23 (          23)
    bounded below only:                               0 (           0)
    bounded above only:                               0 (           0)
    bounded below and above:                         23 (          23)
    fixed:                                            0 (           0)
    free:                                             0 (           0)
Number of constraints:                                0 (           0)
    linear equalities:                                0 (           0)
    quadratic equalities:                             0 (           0)
    gen. nonlinear equalities:                        0 (           0)
    linear one-sided inequalities:                    0 (           0)
    quadratic one-sided inequalities:                 0 (           0)
    gen. nonlinear one-sided inequalities:            0 (           0)
    linear two-sided inequalities:                    0 (           0)
    quadratic two-sided inequalities:                 0 (           0)
    gen. nonlinear two-sided inequalities:            0 (           0)
Number of nonzeros in Jacobian:                       0 (           0)
Number of nonzeros in Hessian:                        0 (         276)

Knitro using the Sequential Quadratic Programming (SQP) algorithm.

  Iter     fCount     Objective      FeasError   OptError    ||Step||    CGits 
--------  --------  --------------  ----------  ----------  ----------  -------
       0         1   -7.471081e+04   0.000e+00
       1         4   -7.262478e+04   0.000e+00   7.922e+02   4.474e-01        0
       2         6   -7.013210e+04   0.000e+00   1.093e+03   1.119e+00        0
       3         9   -6.940377e+04   0.000e+00   3.117e+02   3.380e-01        0
       4        11   -6.853789e+04   0.000e+00   3.641e+01   8.054e-01        0
       5        14   -6.822024e+04   0.000e+00   3.651e+02   2.653e-01        0
       6        16   -6.791874e+04   0.000e+00   2.698e+00   9.254e-01        0
       7        19   -6.747248e+04   0.000e+00   1.804e+02   5.030e-01        0
       8        21   -6.733224e+04   0.000e+00   4.595e+01   4.968e-01        0
       9        22   -6.722319e+04   0.000e+00   3.094e+02   4.899e-01        0
      10        23   -6.698203e+04   0.000e+00   4.834e+01   2.922e-01        0
      11        25   -6.693275e+04   0.000e+00   1.347e+01   1.822e-01        0
      12        26   -6.690230e+04   0.000e+00   2.329e+00   1.105e-01        0
      13        29   -6.689770e+04   0.000e+00   5.624e-01   5.333e-02        0
      14        31   -6.688014e+04   0.000e+00   5.349e+01   2.009e-01        0
      15        32   -6.686227e+04   0.000e+00   2.739e+01   7.863e-02        0
      16        33   -6.685435e+04   0.000e+00   1.070e+01   1.043e-01        0
      17        34   -6.684882e+04   0.000e+00   1.496e+01   1.125e-01        0
      18        35   -6.684283e+04   0.000e+00   2.136e+01   1.675e-01        0
      19        36   -6.684044e+04   0.000e+00   6.221e+00   7.779e-02        0
      20        37   -6.683846e+04   0.000e+00   1.171e+00   6.728e-02        0
      21        38   -6.683718e+04   0.000e+00   1.010e+01   5.167e-02        0
      22        39   -6.683638e+04   0.000e+00   6.272e+00   4.228e-02        0
      23        40   -6.683592e+04   0.000e+00   3.764e+00   2.829e-02        0
      24        41   -6.683565e+04   0.000e+00   1.837e+00   2.182e-02        0
      25        42   -6.683550e+04   0.000e+00   2.391e+00   1.647e-02        0
      26        43   -6.683536e+04   0.000e+00   2.898e+00   2.014e-02        0
      27        44   -6.683522e+04   0.000e+00   1.288e+00   2.469e-02        0
      28        45   -6.683511e+04   0.000e+00   4.956e-02   2.198e-02        0
      29        46   -6.683503e+04   0.000e+00   1.049e+00   1.626e-02        0
      30        49   -6.683502e+04   0.000e+00   1.106e+00   6.927e-03        0
      31        52   -6.683490e+04   0.000e+00   2.287e+00   3.830e-02        0
      32        53   -6.683479e+04   0.000e+00   1.957e+00   1.434e-02        0
      33        54   -6.683435e+04   0.000e+00   9.040e-01   8.113e-02        0
      34        55   -6.683408e+04   0.000e+00   4.587e-01   1.126e-01        0
      35        56   -6.683397e+04   0.000e+00   3.444e-01   4.401e-02        0
      36        57   -6.683373e+04   0.000e+00   5.368e-01   1.011e-01        0
      37        58   -6.683362e+04   0.000e+00   1.643e-02   3.429e-02        0
      38        59   -6.683355e+04   0.000e+00   4.518e-02   1.718e-02        0
      39        60   -6.683347e+04   0.000e+00   2.813e-01   1.617e-02        0
      40        61   -6.683335e+04   0.000e+00   3.751e-01   3.148e-02        0
      41        62   -6.683320e+04   0.000e+00   3.198e-01   5.297e-02        0
      42        63   -6.683309e+04   0.000e+00   1.252e-01   6.055e-02        0
      43        64   -6.683305e+04   0.000e+00   1.354e-01   3.019e-02        0
      44        65   -6.683304e+04   0.000e+00   4.981e-02   7.990e-03        0
      45        66   -6.683304e+04   0.000e+00   3.189e-02   2.750e-03        0
      46        67   -6.683303e+04   0.000e+00   1.425e-01   4.584e-03        0
      47        68   -6.683302e+04   0.000e+00   2.729e-01   8.603e-03        0
      48        69   -6.683300e+04   0.000e+00   4.672e-01   1.559e-02        0
      49        70   -6.683298e+04   0.000e+00   4.476e-01   2.048e-02        0
      50        71   -6.683296e+04   0.000e+00   2.917e-01   1.667e-02        0
      51        72   -6.683296e+04   0.000e+00   5.419e-02   6.674e-03        0
      52        73   -6.683295e+04   0.000e+00   3.276e-02   2.336e-03        0
      53        74   -6.683295e+04   0.000e+00   9.953e-02   2.472e-03        0
      54        75   -6.683295e+04   0.000e+00   1.587e-01   5.653e-03        0
      55        76   -6.683294e+04   0.000e+00   2.343e-01   1.433e-02        0
      56        77   -6.683291e+04   0.000e+00   2.975e-01   3.542e-02        0
      57        78   -6.683287e+04   0.000e+00   3.277e-01   7.031e-02        0
      58        79   -6.683282e+04   0.000e+00   2.397e-01   8.897e-02        0
      59        80   -6.683279e+04   0.000e+00   7.537e-02   4.604e-02        0
      60        81   -6.683279e+04   0.000e+00   4.047e-03   5.075e-03        0
      61        82   -6.683279e+04   0.000e+00   2.171e-03   5.915e-03        0
      62        83   -6.683279e+04   0.000e+00   1.438e-03   8.548e-04        0
      63        86   -6.683279e+04   0.000e+00   1.148e-03   4.790e-05        0
      64        87   -6.683279e+04   0.000e+00   6.108e-05   4.908e-05        0
      65        88   -6.683279e+04   0.000e+00   9.412e-05   2.037e-05        0
      66        89   -6.683279e+04   0.000e+00   3.204e-05   1.919e-05        0
      67        90   -6.683279e+04   0.000e+00   2.511e-05   1.531e-06        9
      68        91   -6.683279e+04   0.000e+00   7.522e-06   2.119e-05        0
      69        92   -6.683279e+04   0.000e+00   2.419e-07   8.862e-08        5
      70        93   -6.683279e+04   0.000e+00   3.451e-06   1.926e-07        0
      71        94   -6.683279e+04   0.000e+00   2.901e-07   1.457e-07        0
      72        95   -6.683279e+04   0.000e+00   1.674e-07   1.149e-07        0
      73        96   -6.683279e+04   0.000e+00   4.997e-08   3.393e-08        0

EXIT: Primal feasible solution; terminate because the relative change in
      the objective function < 1.000000e-15 for 5 consecutive feasible iterations.
      Decrease ftol or increase ftol_iters to try for more accuracy.

Final Statistics
----------------
Final objective value               =  -6.68327884903279e+04
Final feasibility error (abs / rel) =   0.00e+00 / 0.00e+00
Final optimality error  (abs / rel) =   5.00e-08 / 5.00e-08
# of iterations                     =         73 
# of CG iterations                  =         14 
# of function evaluations           =         96
# of gradient evaluations           =         74
Total program time (secs)           =    4712.63916 ( 98251.820 CPU time)
Time spent in evaluations (secs)    =    4684.24512

Solution Vector
---------------
x[       0] =   4.47878562440e+00
x[       1] =   2.91690035083e+00
x[       2] =   2.41624613858e+00
x[       3] =   4.31294315620e+00
x[       4] =   4.50387406944e+00
x[       5] =   3.35864172539e+00
x[       6] =   4.55458860421e+00
x[       7] =  -8.60190977459e-01
x[       8] =  -2.33279778339e+00
x[       9] =  -6.30669932195e+00
x[      10] =   5.81933384530e-02
x[      11] =   1.37556360011e-03
x[      12] =   1.60329311882e+00
x[      13] =   1.66202811947e+00
x[      14] =   1.01543780230e+00
x[      15] =   1.24836627657e+00
x[      16] =   8.81075912143e-01
x[      17] =   1.07461211388e+00
x[      18] =   8.52211261586e-01
x[      19] =   9.16850055053e-01
x[      20] =   7.29870699243e-01
x[      21] =   1.13696585763e+00
x[      22] =   3.94875011094e-01

===============================================================================

