
Solving from new start point (number 34 of 42) <multistart>.


=======================================
*** NO CHECK MADE FOR LICENSE ***
         Artelys Knitro 12.3.0
=======================================

Knitro presolve eliminated 0 variables and 0 constraints.

algorithm:               4
bar_maxcrossit:          3
datacheck:               0
feastol:                 1e-08
hessopt:                 2
maxtime_cpu:             9.98228e+07
maxtime_real:            9.99913e+07
opttol:                  1e-08
outlev:                  5
outmode:                 2
par_concurrent_evals:    0
The problem is identified as bound constrained only.
Knitro changing act_qpalg from AUTO to 3.
Knitro changing honorbnds from AUTO to -1.
Knitro changing linesearch from AUTO to 2.
Knitro changing linsolver from AUTO to 4.

Problem Characteristics                                 (   Presolved)
-----------------------
Objective goal:  Maximize
Objective type:  general
Number of variables:                                 23 (          23)
    bounded below only:                               0 (           0)
    bounded above only:                               0 (           0)
    bounded below and above:                         23 (          23)
    fixed:                                            0 (           0)
    free:                                             0 (           0)
Number of constraints:                                0 (           0)
    linear equalities:                                0 (           0)
    quadratic equalities:                             0 (           0)
    gen. nonlinear equalities:                        0 (           0)
    linear one-sided inequalities:                    0 (           0)
    quadratic one-sided inequalities:                 0 (           0)
    gen. nonlinear one-sided inequalities:            0 (           0)
    linear two-sided inequalities:                    0 (           0)
    quadratic two-sided inequalities:                 0 (           0)
    gen. nonlinear two-sided inequalities:            0 (           0)
Number of nonzeros in Jacobian:                       0 (           0)
Number of nonzeros in Hessian:                        0 (         276)

Knitro using the Sequential Quadratic Programming (SQP) algorithm.

  Iter     fCount     Objective      FeasError   OptError    ||Step||    CGits 
--------  --------  --------------  ----------  ----------  ----------  -------
       0         1   -1.664164e+05   0.000e+00
       1         2   -8.393672e+04   3.469e-18   6.295e-02   5.071e-01        0
       2         3   -8.026586e+04   0.000e+00   8.145e+00   1.453e-01        0
       3         4   -7.227666e+04   0.000e+00   1.192e+01   1.099e+00        0
       4         7   -7.115782e+04   0.000e+00   7.541e-01   7.208e-02        0
       5         8   -7.043582e+04   0.000e+00   3.466e-02   3.381e-01        0
       6         9   -7.020101e+04   0.000e+00   6.540e-01   3.203e-02        0
       7        11   -6.995988e+04   0.000e+00   1.426e-01   1.917e-01        0
       8        12   -6.954944e+04   0.000e+00   2.470e-01   8.891e-02        0
       9        13   -6.891025e+04   0.000e+00   1.311e+00   3.253e-01        0
      10        14   -6.886391e+04   0.000e+00   3.708e-01   4.274e-02        0
      11        15   -6.880487e+04   0.000e+00   5.386e-03   6.175e-02        0
      12        16   -6.864600e+04   0.000e+00   6.525e-03   1.336e-01        0
      13        17   -6.846705e+04   0.000e+00   5.934e-03   6.613e-02        0
      14        18   -6.802979e+04   0.000e+00   3.482e-02   2.380e-01        0
      15        19   -6.796986e+04   0.000e+00   3.718e-01   8.097e-02        0
      16        20   -6.790685e+04   0.000e+00   5.037e-01   9.272e-02        0
      17        21   -6.785164e+04   0.000e+00   3.521e-01   1.237e-01        0
      18        22   -6.783896e+04   0.000e+00   4.274e-02   3.087e-02        0
      19        23   -6.782245e+04   0.000e+00   2.602e-01   3.107e-02        0
      20        24   -6.778357e+04   0.000e+00   7.823e-01   6.352e-02        0
      21        25   -6.770693e+04   0.000e+00   1.343e+00   1.216e-01        0
      22        26   -6.759984e+04   0.000e+00   3.589e-03   1.782e-01        0
      23        27   -6.751822e+04   0.000e+00   4.174e-03   1.390e-01        0
      24        28   -6.748181e+04   0.000e+00   5.149e-01   5.428e-02        0
      25        29   -6.746775e+04   0.000e+00   1.216e-01   2.744e-02        0
      26        30   -6.745061e+04   0.000e+00   6.480e-02   2.403e-02        0
      27        31   -6.742184e+04   0.000e+00   5.062e-01   5.046e-02        0
      28        32   -6.739782e+04   0.000e+00   3.629e-01   6.902e-02        0
      29        33   -6.738889e+04   0.000e+00   3.091e-01   4.088e-02        0
      30        34   -6.738042e+04   0.000e+00   1.028e-02   4.666e-02        0
      31        35   -6.737431e+04   0.000e+00   4.640e-02   2.064e-02        0
      32        36   -6.735323e+04   0.000e+00   2.954e-01   5.791e-02        0
      33        37   -6.732913e+04   0.000e+00   3.828e-01   5.499e-02        0
      34        38   -6.729728e+04   0.000e+00   4.016e-01   6.973e-02        0
      35        39   -6.726456e+04   0.000e+00   2.260e-01   7.326e-02        0
      36        40   -6.722973e+04   0.000e+00   2.502e-02   8.401e-02        0
      37        41   -6.719292e+04   0.000e+00   1.470e-01   1.118e-01        0
      38        42   -6.716712e+04   0.000e+00   1.715e-01   1.114e-01        0
      39        43   -6.715912e+04   0.000e+00   8.316e-02   5.190e-02        0
      40        44   -6.715721e+04   0.000e+00   2.514e-02   1.730e-02        0
      41        45   -6.715498e+04   0.000e+00   2.708e-02   2.473e-02        0
      42        46   -6.715248e+04   0.000e+00   5.819e-02   3.615e-02        0
      43        47   -6.715085e+04   0.000e+00   4.650e-02   2.596e-02        0
      44        48   -6.714956e+04   0.000e+00   1.627e-02   1.441e-02        0
      45        49   -6.714777e+04   0.000e+00   2.290e-02   1.312e-02        0
      46        50   -6.714354e+04   0.000e+00   8.539e-02   2.543e-02        0
      47        51   -6.713340e+04   0.000e+00   1.821e-01   5.834e-02        0
      48        52   -6.711220e+04   0.000e+00   3.087e-01   1.248e-01        0
      49        53   -6.708022e+04   0.000e+00   3.889e-01   1.998e-01        0
      50        54   -6.705217e+04   0.000e+00   2.780e-01   1.817e-01        0
      51        55   -6.704023e+04   0.000e+00   6.746e-02   7.819e-02        0
      52        56   -6.703757e+04   0.000e+00   2.885e-02   1.915e-02        0
      53        57   -6.703538e+04   0.000e+00   8.176e-02   1.123e-02        0
      54        58   -6.702910e+04   0.000e+00   1.606e-01   2.832e-02        0
      55        59   -6.701617e+04   0.000e+00   2.374e-01   6.320e-02        0
      56        60   -6.699212e+04   0.000e+00   2.819e-01   1.384e-01        0
      57        61   -6.696570e+04   0.000e+00   2.460e-01   1.714e-01        0
      58        62   -6.694827e+04   0.000e+00   1.205e-01   9.054e-02        0
      59        63   -6.694346e+04   0.000e+00   3.539e-02   3.292e-02        0
      60        64   -6.694305e+04   0.000e+00   2.210e-02   1.189e-02        0
      61        65   -6.694263e+04   0.000e+00   4.427e-03   7.866e-03        0
      62        66   -6.694153e+04   0.000e+00   7.322e-02   1.163e-02        0
      63        67   -6.693919e+04   0.000e+00   1.732e-01   1.779e-02        0
      64        68   -6.693439e+04   0.000e+00   3.164e-01   4.004e-02        0
      65        69   -6.692739e+04   0.000e+00   3.950e-01   7.822e-02        0
      66        70   -6.692135e+04   0.000e+00   3.389e-01   8.720e-02        0
      67        71   -6.691895e+04   0.000e+00   1.360e-01   4.499e-02        0
      68        72   -6.691843e+04   0.000e+00   2.797e-02   9.140e-03        0
      69        73   -6.691816e+04   0.000e+00   4.603e-02   4.121e-03        0
      70        74   -6.691755e+04   0.000e+00   1.321e-01   8.982e-03        0
      71        75   -6.691613e+04   0.000e+00   2.679e-01   9.632e-03        0
      72        76   -6.691317e+04   0.000e+00   4.037e-01   2.425e-02        0
      73        77   -6.690891e+04   0.000e+00   4.316e-01   5.637e-02        0
      74        78   -6.690570e+04   0.000e+00   2.562e-01   6.581e-02        0
      75        79   -6.690464e+04   0.000e+00   6.904e-02   3.498e-02        0
      76        80   -6.690440e+04   0.000e+00   1.325e-02   7.426e-03        0
      77        81   -6.690419e+04   0.000e+00   6.006e-02   4.434e-03        0
      78        82   -6.690365e+04   0.000e+00   1.384e-01   7.596e-03        0
      79        83   -6.690246e+04   0.000e+00   2.378e-01   1.756e-02        0
      80        84   -6.689999e+04   0.000e+00   3.434e-01   3.737e-02        0
      81        85   -6.689641e+04   0.000e+00   3.637e-01   6.550e-02        0
      82        86   -6.689342e+04   0.000e+00   2.346e-01   6.233e-02        0
      83        87   -6.689220e+04   0.000e+00   5.751e-02   2.893e-02        0
      84        88   -6.689190e+04   0.000e+00   2.237e-02   8.969e-03        0
      85        89   -6.689165e+04   0.000e+00   6.695e-02   4.422e-03        0
      86        90   -6.689093e+04   0.000e+00   1.407e-01   9.266e-03        0
      87        91   -6.688920e+04   0.000e+00   2.415e-01   2.022e-02        0
      88        92   -6.688530e+04   0.000e+00   3.582e-01   5.523e-02        0
      89        93   -6.687885e+04   0.000e+00   4.126e-01   1.217e-01        0
      90        94   -6.687261e+04   0.000e+00   3.155e-01   1.484e-01        0
      91        95   -6.686966e+04   0.000e+00   1.337e-01   8.396e-02        0
      92        96   -6.686908e+04   0.000e+00   1.407e-02   1.284e-02        0
      93        97   -6.686900e+04   0.000e+00   1.283e-02   5.683e-03        0
      94        98   -6.686887e+04   0.000e+00   4.236e-02   8.451e-03        0
      95        99   -6.686846e+04   0.000e+00   8.960e-02   1.147e-02        0
      96       100   -6.686734e+04   0.000e+00   1.669e-01   1.704e-02        0
      97       101   -6.686494e+04   0.000e+00   2.517e-01   3.257e-02        0
      98       102   -6.686105e+04   0.000e+00   2.885e-01   8.001e-02        0
      99       103   -6.685747e+04   0.000e+00   2.066e-01   1.162e-01        0
     100       104   -6.685598e+04   0.000e+00   7.347e-02   7.322e-02        0
     101       105   -6.685577e+04   0.000e+00   7.575e-03   1.470e-02        0
     102       106   -6.685575e+04   0.000e+00   2.615e-03   3.181e-03        0
     103       107   -6.685573e+04   0.000e+00   9.484e-03   2.526e-03        0
     104       108   -6.685567e+04   0.000e+00   2.197e-02   4.542e-03        0
     105       109   -6.685552e+04   0.000e+00   3.959e-02   6.216e-03        0
     106       110   -6.685520e+04   0.000e+00   5.979e-02   1.055e-02        0
     107       111   -6.685468e+04   0.000e+00   7.085e-02   1.834e-02        0
     108       112   -6.685413e+04   0.000e+00   5.382e-02   2.845e-02        0
     109       113   -6.685389e+04   0.000e+00   1.935e-02   2.112e-02        0
     110       114   -6.685385e+04   0.000e+00   2.242e-04   6.681e-03        0
     111       115   -6.685384e+04   0.000e+00   3.894e-03   1.625e-03        0
     112       116   -6.685383e+04   0.000e+00   8.322e-03   1.782e-03        0
     113       117   -6.685379e+04   0.000e+00   1.553e-02   3.022e-03        0
     114       118   -6.685369e+04   0.000e+00   2.704e-02   5.541e-03        0
     115       119   -6.685344e+04   0.000e+00   4.389e-02   1.268e-02        0
     116       120   -6.685287e+04   0.000e+00   6.598e-02   3.064e-02        0
     117       121   -6.685175e+04   0.000e+00   8.353e-02   6.661e-02        0
     118       122   -6.685019e+04   0.000e+00   7.679e-02   1.059e-01        0
     119       123   -6.684908e+04   0.000e+00   3.978e-02   9.093e-02        0
     120       124   -6.684879e+04   0.000e+00   1.148e-02   2.281e-02        0
     121       125   -6.684876e+04   0.000e+00   9.143e-04   9.222e-03        0
     122       126   -6.684875e+04   0.000e+00   7.226e-04   6.007e-03        0
     123       127   -6.684874e+04   0.000e+00   3.395e-03   5.491e-03        0
     124       128   -6.684871e+04   0.000e+00   8.375e-03   9.794e-03        0
     125       129   -6.684864e+04   0.000e+00   1.726e-02   1.228e-02        0
     126       130   -6.684845e+04   0.000e+00   3.057e-02   1.416e-02        0
     127       131   -6.684801e+04   0.000e+00   4.939e-02   2.099e-02        0
     128       132   -6.684722e+04   0.000e+00   6.324e-02   5.266e-02        0
     129       133   -6.684624e+04   0.000e+00   5.980e-02   1.120e-01        0
     130       134   -6.684558e+04   0.000e+00   2.942e-02   1.203e-01        0
     131       135   -6.684539e+04   0.000e+00   9.848e-03   7.094e-02        0
     132       136   -6.684535e+04   0.000e+00   9.762e-03   1.784e-02        0
     133       137   -6.684532e+04   0.000e+00   7.312e-03   9.947e-03        0
     134       138   -6.684530e+04   0.000e+00   2.432e-03   5.501e-03        0
     135       139   -6.684529e+04   0.000e+00   1.736e-04   7.099e-03        0
     136       140   -6.684528e+04   0.000e+00   1.459e-03   5.399e-03        0
     137       141   -6.684527e+04   0.000e+00   2.710e-03   6.142e-03        0
     138       142   -6.684524e+04   0.000e+00   5.529e-03   1.362e-02        0
     139       143   -6.684516e+04   0.000e+00   8.724e-03   2.363e-02        0
     140       144   -6.684497e+04   0.000e+00   1.558e-02   4.830e-02        0
     141       145   -6.684450e+04   0.000e+00   2.369e-02   9.746e-02        0
     142       146   -6.684342e+04   0.000e+00   3.557e-02   1.948e-01        0
     143       147   -6.684147e+04   0.000e+00   4.103e-02   3.263e-01        0
     144       148   -6.683909e+04   0.000e+00   3.918e-02   3.703e-01        0
     145       149   -6.683774e+04   0.000e+00   1.995e-02   1.908e-01        0
     146       150   -6.683750e+04   0.000e+00   3.762e-03   4.045e-02        0
     147       151   -6.683748e+04   0.000e+00   9.783e-04   3.781e-02        0
     148       152   -6.683748e+04   0.000e+00   3.540e-05   1.139e-02        0
     149       153   -6.683747e+04   0.000e+00   8.096e-04   1.139e-02        0
     150       154   -6.683747e+04   0.000e+00   1.495e-03   7.299e-03        0
     151       155   -6.683745e+04   0.000e+00   4.678e-03   2.394e-02        0
     152       156   -6.683741e+04   0.000e+00   8.070e-03   2.409e-02        0
     153       157   -6.683727e+04   0.000e+00   1.558e-02   2.831e-02        0
     154       158   -6.683696e+04   0.000e+00   2.457e-02   3.759e-02        0
     155       159   -6.683639e+04   0.000e+00   3.435e-02   6.346e-02        0
     156       160   -6.683550e+04   0.000e+00   3.170e-02   1.775e-01        0
     157       161   -6.683484e+04   0.000e+00   2.169e-02   2.190e-01        0
     158       162   -6.683462e+04   0.000e+00   6.021e-03   1.262e-01        0
     159       163   -6.683460e+04   0.000e+00   2.818e-03   2.900e-02        0
     160       165   -6.683460e+04   0.000e+00   7.643e-04   8.001e-03        0
     161       166   -6.683460e+04   0.000e+00   1.121e-05   4.954e-03        0
     162       167   -6.683460e+04   0.000e+00   2.134e-04   4.139e-03        0
     163       168   -6.683460e+04   0.000e+00   7.475e-04   4.125e-03        0
     164       169   -6.683460e+04   0.000e+00   9.919e-04   4.122e-03        0
     165       170   -6.683460e+04   0.000e+00   1.255e-03   3.619e-03        0
     166       171   -6.683459e+04   0.000e+00   1.806e-03   4.401e-03        0
     167       172   -6.683455e+04   0.000e+00   4.637e-03   7.091e-03        0
     168       173   -6.683436e+04   0.000e+00   1.388e-02   4.611e-02        0
     169       174   -6.683396e+04   0.000e+00   2.687e-02   1.094e-01        0
     170       175   -6.683372e+04   0.000e+00   2.822e-02   9.545e-02        0
     171       176   -6.683357e+04   0.000e+00   1.176e-02   7.597e-02        0
     172       177   -6.683355e+04   0.000e+00   2.883e-03   2.073e-02        0
     173       179   -6.683355e+04   0.000e+00   1.249e-03   8.172e-03        0
     174       180   -6.683355e+04   0.000e+00   6.898e-05   1.732e-02        0
     175       181   -6.683355e+04   0.000e+00   2.032e-04   3.470e-03        0
     176       182   -6.683355e+04   0.000e+00   2.044e-05   3.470e-03        0
     177       183   -6.683355e+04   0.000e+00   3.753e-04   3.473e-03        0
     178       184   -6.683354e+04   0.000e+00   1.151e-03   3.486e-03        0
     179       185   -6.683353e+04   0.000e+00   3.386e-03   1.027e-02        0
     180       186   -6.683349e+04   0.000e+00   1.124e-02   2.490e-02        0
     181       187   -6.683342e+04   0.000e+00   1.821e-02   2.537e-02        0
     182       188   -6.683326e+04   0.000e+00   2.706e-02   7.342e-02        0
     183       189   -6.683303e+04   0.000e+00   3.027e-02   1.578e-01        0
     184       190   -6.683286e+04   0.000e+00   2.017e-02   1.581e-01        0
     185       191   -6.683279e+04   0.000e+00   4.441e-03   8.336e-02        0
     186       192   -6.683279e+04   0.000e+00   4.016e-05   1.510e-02        0
     187       193   -6.683279e+04   0.000e+00   5.573e-05   3.117e-03        0
     188       194   -6.683279e+04   0.000e+00   1.394e-05   2.867e-04        0
     189       195   -6.683279e+04   0.000e+00   9.091e-06   2.867e-04        0
     190       196   -6.683279e+04   0.000e+00   8.207e-06   2.207e-04        0
     191       197   -6.683279e+04   0.000e+00   7.774e-06   5.496e-04        0
     192       198   -6.683279e+04   0.000e+00   3.616e-08   3.074e-10        1
     193       199   -6.683279e+04   0.000e+00   7.712e-09   7.660e-05        0

EXIT: Locally optimal solution found.

Final Statistics
----------------
Final objective value               =  -6.68327884903305e+04
Final feasibility error (abs / rel) =   0.00e+00 / 0.00e+00
Final optimality error  (abs / rel) =   7.71e-09 / 7.71e-09
# of iterations                     =        193 
# of CG iterations                  =          1 
# of function evaluations           =        199
# of gradient evaluations           =        194
Total program time (secs)           =    7600.12402 (129404.164 CPU time)
Time spent in evaluations (secs)    =    7544.29150

Solution Vector
---------------
x[       0] =   4.47878552146e+00
x[       1] =   2.91690178891e+00
x[       2] =   2.41624612434e+00
x[       3] =   4.31294451335e+00
x[       4] =   4.50387514191e+00
x[       5] =   3.35864331000e+00
x[       6] =   4.55458881241e+00
x[       7] =  -8.60191119279e-01
x[       8] =  -2.33279809430e+00
x[       9] =  -6.30669641782e+00
x[      10] =   5.81932995135e-02
x[      11] =   1.37556298109e-03
x[      12] =   1.60329391245e+00
x[      13] =   1.66202894051e+00
x[      14] =   1.01543834069e+00
x[      15] =   1.24836714050e+00
x[      16] =   8.81074686042e-01
x[      17] =   1.07461234497e+00
x[      18] =   8.52210638737e-01
x[      19] =   9.16849408533e-01
x[      20] =   7.29869816073e-01
x[      21] =   1.13696587591e+00
x[      22] =   3.94875027039e-01

===============================================================================

