
Solving from new start point (number 29 of 42) <multistart>.


=======================================
*** NO CHECK MADE FOR LICENSE ***
         Artelys Knitro 12.3.0
=======================================

Knitro presolve eliminated 0 variables and 0 constraints.

algorithm:               4
bar_maxcrossit:          3
datacheck:               0
feastol:                 1e-08
hessopt:                 2
maxtime_cpu:             9.98555e+07
maxtime_real:            9.99929e+07
opttol:                  1e-08
outlev:                  5
outmode:                 2
par_concurrent_evals:    0
The problem is identified as bound constrained only.
Knitro changing act_qpalg from AUTO to 3.
Knitro changing honorbnds from AUTO to -1.
Knitro changing linesearch from AUTO to 2.
Knitro changing linsolver from AUTO to 4.

Problem Characteristics                                 (   Presolved)
-----------------------
Objective goal:  Maximize
Objective type:  general
Number of variables:                                 23 (          23)
    bounded below only:                               0 (           0)
    bounded above only:                               0 (           0)
    bounded below and above:                         23 (          23)
    fixed:                                            0 (           0)
    free:                                             0 (           0)
Number of constraints:                                0 (           0)
    linear equalities:                                0 (           0)
    quadratic equalities:                             0 (           0)
    gen. nonlinear equalities:                        0 (           0)
    linear one-sided inequalities:                    0 (           0)
    quadratic one-sided inequalities:                 0 (           0)
    gen. nonlinear one-sided inequalities:            0 (           0)
    linear two-sided inequalities:                    0 (           0)
    quadratic two-sided inequalities:                 0 (           0)
    gen. nonlinear two-sided inequalities:            0 (           0)
Number of nonzeros in Jacobian:                       0 (           0)
Number of nonzeros in Hessian:                        0 (         276)

Knitro using the Sequential Quadratic Programming (SQP) algorithm.

  Iter     fCount     Objective      FeasError   OptError    ||Step||    CGits 
--------  --------  --------------  ----------  ----------  ----------  -------
       0         1   -1.321713e+05   0.000e+00
       1         2   -7.434747e+04   3.469e-18   2.034e+01   7.420e-01        0
       2         5   -7.389113e+04   0.000e+00   3.134e+00   3.533e-02        0
       3         6   -7.250700e+04   0.000e+00   4.985e-01   5.894e-01        0
       4         7   -7.174620e+04   0.000e+00   1.168e+01   1.489e-01        0
       5         8   -7.125117e+04   0.000e+00   3.008e+00   8.101e-02        0
       6         9   -7.040433e+04   0.000e+00   1.221e-02   3.359e-01        0
       7        10   -7.013761e+04   0.000e+00   1.273e-02   1.402e-01        0
       8        11   -7.001521e+04   0.000e+00   1.284e-02   4.700e-02        0
       9        12   -6.951474e+04   0.000e+00   1.210e-02   2.203e-01        0
      10        13   -6.877291e+04   0.000e+00   5.115e+00   6.414e-01        0
      11        14   -6.866794e+04   0.000e+00   6.262e-02   6.293e-02        0
      12        15   -6.855319e+04   0.000e+00   7.706e-03   6.649e-02        0
      13        16   -6.839216e+04   0.000e+00   3.676e+00   1.668e-01        0
      14        17   -6.836040e+04   0.000e+00   1.769e+00   3.255e-02        0
      15        18   -6.831654e+04   0.000e+00   2.120e+00   6.036e-02        0
      16        19   -6.826922e+04   0.000e+00   4.292e+00   8.183e-02        0
      17        20   -6.817385e+04   0.000e+00   6.504e+00   1.883e-01        0
      18        21   -6.806216e+04   0.000e+00   6.574e+00   2.471e-01        0
      19        22   -6.795972e+04   0.000e+00   4.110e+00   2.331e-01        0
      20        23   -6.790161e+04   0.000e+00   2.497e-01   9.920e-02        0
      21        24   -6.785682e+04   0.000e+00   3.318e+00   7.259e-02        0
      22        25   -6.779955e+04   0.000e+00   5.341e+00   8.754e-02        0
      23        26   -6.770364e+04   0.000e+00   6.188e+00   1.765e-01        0
      24        27   -6.760176e+04   0.000e+00   4.485e+00   2.574e-01        0
      25        28   -6.753347e+04   0.000e+00   1.212e+00   2.518e-01        0
      26        29   -6.750929e+04   0.000e+00   9.923e-01   1.350e-01        0
      27        30   -6.749203e+04   0.000e+00   2.102e+00   8.437e-02        0
      28        31   -6.745455e+04   0.000e+00   3.292e+00   1.428e-01        0
      29        32   -6.739669e+04   0.000e+00   3.763e+00   1.813e-01        0
      30        33   -6.733295e+04   0.000e+00   2.826e+00   1.777e-01        0
      31        34   -6.729649e+04   0.000e+00   9.679e-01   1.158e-01        0
      32        35   -6.727802e+04   0.000e+00   4.917e-01   6.853e-02        0
      33        36   -6.725814e+04   0.000e+00   1.633e+00   5.638e-02        0
      34        37   -6.721975e+04   0.000e+00   2.765e+00   8.947e-02        0
      35        38   -6.714437e+04   0.000e+00   3.601e+00   2.036e-01        0
      36        39   -6.705383e+04   0.000e+00   2.496e+00   3.751e-01        0
      37        40   -6.701357e+04   0.000e+00   1.215e+00   1.780e-01        0
      38        41   -6.700133e+04   0.000e+00   2.400e-02   1.229e-01        0
      39        42   -6.699188e+04   0.000e+00   2.973e-01   5.427e-02        0
      40        43   -6.697787e+04   0.000e+00   6.943e-01   4.759e-02        0
      41        44   -6.694142e+04   0.000e+00   1.356e+00   1.065e-01        0
      42        45   -6.690744e+04   0.000e+00   1.408e+00   1.417e-01        0
      43        46   -6.688933e+04   0.000e+00   8.382e-01   1.487e-01        0
      44        47   -6.688450e+04   0.000e+00   2.047e-01   7.065e-02        0
      45        48   -6.688326e+04   0.000e+00   1.495e-01   1.972e-02        0
      46        49   -6.688180e+04   0.000e+00   4.364e-01   1.770e-02        0
      47        50   -6.687852e+04   0.000e+00   8.911e-01   2.960e-02        0
      48        51   -6.687475e+04   0.000e+00   9.625e-01   3.934e-02        0
      49        52   -6.687192e+04   0.000e+00   6.801e-01   3.707e-02        0
      50        53   -6.687080e+04   0.000e+00   5.123e-02   1.721e-02        0
      51        54   -6.687025e+04   0.000e+00   1.939e-01   1.680e-02        0
      52        55   -6.686942e+04   0.000e+00   4.518e-01   1.001e-02        0
      53        56   -6.686737e+04   0.000e+00   8.038e-01   2.204e-02        0
      54        57   -6.686507e+04   0.000e+00   8.507e-01   3.438e-02        0
      55        58   -6.686339e+04   0.000e+00   4.821e-01   4.024e-02        0
      56        59   -6.686291e+04   0.000e+00   1.072e-01   1.953e-02        0
      57        60   -6.686278e+04   0.000e+00   5.015e-02   5.572e-03        0
      58        61   -6.686261e+04   0.000e+00   1.836e-01   4.744e-03        0
      59        62   -6.686223e+04   0.000e+00   3.690e-01   9.074e-03        0
      60        63   -6.686154e+04   0.000e+00   5.334e-01   1.687e-02        0
      61        64   -6.686062e+04   0.000e+00   5.304e-01   2.592e-02        0
      62        65   -6.685991e+04   0.000e+00   2.870e-01   2.381e-02        0
      63        66   -6.685953e+04   0.000e+00   2.860e-03   1.252e-02        0
      64        67   -6.685922e+04   0.000e+00   2.067e-01   7.336e-03        0
      65        68   -6.685859e+04   0.000e+00   4.817e-01   1.431e-02        0
      66        69   -6.685717e+04   0.000e+00   8.381e-01   3.646e-02        0
      67        70   -6.685432e+04   0.000e+00   1.175e+00   8.439e-02        0
      68        71   -6.685037e+04   0.000e+00   1.198e+00   1.394e-01        0
      69        72   -6.684731e+04   0.000e+00   7.740e-01   1.287e-01        0
      70        75   -6.684709e+04   0.000e+00   9.185e-01   7.319e-02        0
      71        78   -6.684600e+04   0.000e+00   1.797e-01   5.135e-02        0
      72        79   -6.684582e+04   0.000e+00   6.397e-02   1.422e-02        0
      73        80   -6.684570e+04   0.000e+00   5.629e-02   6.421e-03        0
      74        81   -6.684563e+04   0.000e+00   9.036e-02   3.117e-03        0
      75        82   -6.684542e+04   0.000e+00   1.462e-01   1.308e-02        0
      76        83   -6.684508e+04   0.000e+00   1.758e-01   1.771e-02        0
      77        84   -6.684438e+04   0.000e+00   1.739e-01   2.944e-02        0
      78        85   -6.684351e+04   0.000e+00   1.077e-01   3.154e-02        0
      79        86   -6.684291e+04   0.000e+00   1.337e-02   2.279e-02        0
      80        87   -6.684277e+04   0.000e+00   1.755e-02   9.672e-03        0
      81        88   -6.684275e+04   0.000e+00   1.298e-02   5.241e-03        0
      82        89   -6.684273e+04   0.000e+00   3.316e-03   3.848e-03        0
      83        90   -6.684268e+04   0.000e+00   1.935e-02   7.022e-03        0
      84        91   -6.684256e+04   0.000e+00   5.053e-02   8.638e-03        0
      85        92   -6.684233e+04   0.000e+00   8.264e-02   1.353e-02        0
      86        93   -6.684205e+04   0.000e+00   8.430e-02   2.523e-02        0
      87        94   -6.684187e+04   0.000e+00   4.439e-02   2.915e-02        0
      88        95   -6.684181e+04   0.000e+00   8.520e-03   1.536e-02        0
      89        96   -6.684180e+04   0.000e+00   6.988e-03   4.750e-03        0
      90        97   -6.684176e+04   0.000e+00   2.419e-02   4.901e-03        0
      91        98   -6.684168e+04   0.000e+00   5.365e-02   9.695e-03        0
      92        99   -6.684149e+04   0.000e+00   9.339e-02   1.901e-02        0
      93       100   -6.684108e+04   0.000e+00   1.377e-01   3.973e-02        0
      94       101   -6.684046e+04   0.000e+00   1.516e-01   6.437e-02        0
      95       102   -6.683994e+04   0.000e+00   1.028e-01   6.227e-02        0
      96       103   -6.683975e+04   0.000e+00   3.351e-02   2.397e-02        0
      97       104   -6.683972e+04   0.000e+00   1.608e-03   4.027e-03        0
      98       105   -6.683971e+04   0.000e+00   6.167e-03   3.182e-03        0
      99       106   -6.683970e+04   0.000e+00   9.430e-03   3.767e-03        0
     100       107   -6.683967e+04   0.000e+00   1.235e-02   6.649e-03        0
     101       108   -6.683961e+04   0.000e+00   1.589e-02   1.221e-02        0
     102       109   -6.683946e+04   0.000e+00   2.013e-02   2.464e-02        0
     103       110   -6.683915e+04   0.000e+00   2.538e-02   4.998e-02        0
     104       111   -6.683868e+04   0.000e+00   2.692e-02   7.694e-02        0
     105       112   -6.683830e+04   0.000e+00   1.950e-02   6.722e-02        0
     106       113   -6.683816e+04   0.000e+00   7.359e-03   2.315e-02        0
     107       114   -6.683814e+04   0.000e+00   1.518e-03   1.035e-02        0
     108       115   -6.683813e+04   0.000e+00   6.376e-04   7.615e-03        0
     109       116   -6.683810e+04   0.000e+00   2.834e-03   7.408e-03        0
     110       117   -6.683804e+04   0.000e+00   6.899e-03   8.475e-03        0
     111       118   -6.683787e+04   0.000e+00   1.266e-02   1.107e-02        0
     112       119   -6.683751e+04   0.000e+00   1.870e-02   4.286e-02        0
     113       120   -6.683685e+04   0.000e+00   2.214e-02   1.177e-01        0
     114       121   -6.683609e+04   0.000e+00   2.363e-02   1.928e-01        0
     115       122   -6.683567e+04   0.000e+00   2.043e-02   1.474e-01        0
     116       123   -6.683559e+04   0.000e+00   3.397e-03   2.710e-02        0
     117       124   -6.683559e+04   0.000e+00   5.664e-03   8.408e-03        0
     118       125   -6.683558e+04   0.000e+00   9.068e-03   7.548e-03        0
     119       126   -6.683557e+04   0.000e+00   1.448e-02   8.326e-03        0
     120       127   -6.683553e+04   0.000e+00   2.404e-02   1.620e-02        0
     121       128   -6.683544e+04   0.000e+00   3.584e-02   1.781e-02        0
     122       129   -6.683523e+04   0.000e+00   5.175e-02   2.398e-02        0
     123       130   -6.683479e+04   0.000e+00   6.350e-02   6.957e-02        0
     124       131   -6.683413e+04   0.000e+00   5.708e-02   1.619e-01        0
     125       132   -6.683358e+04   0.000e+00   3.579e-02   2.052e-01        0
     126       133   -6.683339e+04   0.000e+00   1.690e-02   1.088e-01        0
     127       134   -6.683337e+04   0.000e+00   4.792e-03   1.822e-02        0
     128       135   -6.683336e+04   0.000e+00   2.326e-03   4.573e-03        0
     129       136   -6.683336e+04   0.000e+00   9.924e-04   2.771e-03        0
     130       137   -6.683336e+04   0.000e+00   6.048e-03   3.972e-03        0
     131       138   -6.683335e+04   0.000e+00   1.513e-02   5.495e-03        0
     132       139   -6.683333e+04   0.000e+00   2.868e-02   7.916e-03        0
     133       140   -6.683328e+04   0.000e+00   4.713e-02   1.440e-02        0
     134       141   -6.683318e+04   0.000e+00   6.395e-02   2.193e-02        0
     135       142   -6.683305e+04   0.000e+00   6.180e-02   4.605e-02        0
     136       143   -6.683295e+04   0.000e+00   3.466e-02   4.762e-02        0
     137       144   -6.683292e+04   0.000e+00   7.085e-03   2.196e-02        0
     138       145   -6.683292e+04   0.000e+00   5.431e-04   5.323e-03        0
     139       146   -6.683292e+04   0.000e+00   6.669e-05   5.451e-03        0
     140       147   -6.683292e+04   0.000e+00   5.569e-05   1.374e-03        0
     141       148   -6.683292e+04   0.000e+00   1.603e-04   1.415e-03        0
     142       149   -6.683292e+04   0.000e+00   7.682e-04   3.429e-03        0
     143       150   -6.683292e+04   0.000e+00   1.741e-03   4.704e-03        0
     144       151   -6.683291e+04   0.000e+00   3.450e-03   8.366e-03        0
     145       152   -6.683291e+04   0.000e+00   6.167e-03   1.390e-02        0
     146       153   -6.683290e+04   0.000e+00   1.014e-02   2.458e-02        0
     147       154   -6.683288e+04   0.000e+00   1.491e-02   4.164e-02        0
     148       155   -6.683285e+04   0.000e+00   1.692e-02   5.163e-02        0
     149       156   -6.683280e+04   0.000e+00   1.384e-02   6.497e-02        0
     150       157   -6.683279e+04   0.000e+00   6.569e-03   2.584e-02        0
     151       158   -6.683279e+04   0.000e+00   7.708e-04   1.918e-02        0
     152       159   -6.683279e+04   0.000e+00   8.166e-05   6.188e-03        0
     153       160   -6.683279e+04   0.000e+00   4.108e-05   4.314e-04        0
     154       161   -6.683279e+04   0.000e+00   8.809e-07   4.314e-04        0
     155       162   -6.683279e+04   0.000e+00   1.363e-05   5.438e-04        0
     156       163   -6.683279e+04   0.000e+00   2.949e-05   3.443e-04        0
     157       164   -6.683279e+04   0.000e+00   1.947e-05   3.029e-04        0
     158       165   -6.683279e+04   0.000e+00   3.836e-06   2.015e-10        1
     159       166   -6.683279e+04   0.000e+00   1.537e-08   2.904e-04        0
     160       167   -6.683279e+04   0.000e+00   7.441e-09   6.405e-05        0

EXIT: Locally optimal solution found.

Final Statistics
----------------
Final objective value               =  -6.68327884903506e+04
Final feasibility error (abs / rel) =   0.00e+00 / 0.00e+00
Final optimality error  (abs / rel) =   7.44e-09 / 7.44e-09
# of iterations                     =        160 
# of CG iterations                  =          1 
# of function evaluations           =        167
# of gradient evaluations           =        161
Total program time (secs)           =    8216.50098 (156250.516 CPU time)
Time spent in evaluations (secs)    =    8158.03125

Solution Vector
---------------
x[       0] =   4.47877178415e+00
x[       1] =   2.91687555404e+00
x[       2] =   2.41622333592e+00
x[       3] =   4.31292713814e+00
x[       4] =   4.50385855551e+00
x[       5] =   3.35862303959e+00
x[       6] =   4.55457409432e+00
x[       7] =  -8.60188003694e-01
x[       8] =  -2.33279120156e+00
x[       9] =  -6.30674577323e+00
x[      10] =   5.81952603620e-02
x[      11] =   1.37554349649e-03
x[      12] =   1.60329413134e+00
x[      13] =   1.66202837413e+00
x[      14] =   1.01543748039e+00
x[      15] =   1.24836597599e+00
x[      16] =   8.81082164957e-01
x[      17] =   1.07462074973e+00
x[      18] =   8.52212302658e-01
x[      19] =   9.16850823272e-01
x[      20] =   7.29873271594e-01
x[      21] =   1.13696630938e+00
x[      22] =   3.94874906295e-01

===============================================================================

