
Solving from new start point (number 38 of 42) <multistart>.


=======================================
*** NO CHECK MADE FOR LICENSE ***
         Artelys Knitro 12.3.0
=======================================

Knitro presolve eliminated 0 variables and 0 constraints.

algorithm:               4
bar_maxcrossit:          3
datacheck:               0
feastol:                 1e-08
hessopt:                 2
maxtime_cpu:             9.9896e+07
maxtime_real:            9.99948e+07
opttol:                  1e-08
outlev:                  5
outmode:                 2
par_concurrent_evals:    0
The problem is identified as bound constrained only.
Knitro changing act_qpalg from AUTO to 3.
Knitro changing honorbnds from AUTO to -1.
Knitro changing linesearch from AUTO to 2.
Knitro changing linsolver from AUTO to 4.

Problem Characteristics                                 (   Presolved)
-----------------------
Objective goal:  Maximize
Objective type:  general
Number of variables:                                 23 (          23)
    bounded below only:                               0 (           0)
    bounded above only:                               0 (           0)
    bounded below and above:                         23 (          23)
    fixed:                                            0 (           0)
    free:                                             0 (           0)
Number of constraints:                                0 (           0)
    linear equalities:                                0 (           0)
    quadratic equalities:                             0 (           0)
    gen. nonlinear equalities:                        0 (           0)
    linear one-sided inequalities:                    0 (           0)
    quadratic one-sided inequalities:                 0 (           0)
    gen. nonlinear one-sided inequalities:            0 (           0)
    linear two-sided inequalities:                    0 (           0)
    quadratic two-sided inequalities:                 0 (           0)
    gen. nonlinear two-sided inequalities:            0 (           0)
Number of nonzeros in Jacobian:                       0 (           0)
Number of nonzeros in Hessian:                        0 (         276)

Knitro using the Sequential Quadratic Programming (SQP) algorithm.

  Iter     fCount     Objective      FeasError   OptError    ||Step||    CGits 
--------  --------  --------------  ----------  ----------  ----------  -------
       0         1   -3.365836e+04   0.000e+00
       1         2   -3.098532e+04   0.000e+00   2.608e+02   6.539e-01        0
       2         3   -3.066621e+04   1.735e-18   4.725e+02   1.894e-01        0
       3         5   -2.936028e+04   0.000e+00   1.769e+01   4.861e-01        0
       4         7   -2.880800e+04   0.000e+00   1.165e+02   4.902e-01        0
       5         8   -2.854296e+04   0.000e+00   4.210e+01   1.224e-01        0
       6         9   -2.835554e+04   0.000e+00   6.828e+01   2.826e-01        0
       7        10   -2.820209e+04   1.735e-18   6.132e+01   2.889e-01        0
       8        11   -2.815939e+04   0.000e+00   1.191e+00   5.850e-01        0
       9        12   -2.801103e+04   1.735e-18   2.824e+01   2.316e-01        0
      10        13   -2.793758e+04   0.000e+00   2.051e+00   1.167e-01        0
      11        14   -2.781853e+04   0.000e+00   1.863e+01   3.188e-01        0
      12        15   -2.778205e+04   0.000e+00   1.212e+01   1.162e-01        0
      13        16   -2.770375e+04   0.000e+00   1.631e+01   3.255e-01        0
      14        17   -2.759777e+04   0.000e+00   7.326e-01   5.803e-01        0
      15        20   -2.759280e+04   0.000e+00   3.879e+01   2.160e-01        0
      16        21   -2.754268e+04   0.000e+00   5.776e-01   9.598e-01        0
      17        22   -2.749481e+04   1.735e-18   5.448e+00   4.762e-01        0
      18        23   -2.747822e+04   0.000e+00   1.675e+01   2.489e-01        0
      19        24   -2.744866e+04   0.000e+00   7.275e+00   4.204e-01        0
      20        25   -2.743119e+04   0.000e+00   1.482e-01   5.339e-01        0
      21        26   -2.737578e+04   0.000e+00   1.457e+00   1.614e-01        0
      22        27   -2.730617e+04   0.000e+00   5.944e+00   3.544e-01        0
      23        28   -2.718762e+04   0.000e+00   9.784e+00   8.708e-01        0
      24        30   -2.712230e+04   0.000e+00   4.297e+00   7.155e-01        0
      25        31   -2.701150e+04   0.000e+00   1.236e+01   4.985e-01        0
      26        32   -2.691664e+04   0.000e+00   3.940e-01   4.048e-01        0
      27        33   -2.687419e+04   0.000e+00   4.345e-01   1.487e-01        0
      28        34   -2.682789e+04   0.000e+00   2.034e-01   3.593e-01        0
      29        35   -2.682058e+04   0.000e+00   1.710e+01   3.550e-01        0
      30        36   -2.680444e+04   0.000e+00   7.279e+00   1.486e-01        0
      31        37   -2.678259e+04   0.000e+00   1.268e+00   2.039e-01        0
      32        38   -2.674471e+04   0.000e+00   1.175e+01   3.224e-01        0
      33        39   -2.670066e+04   0.000e+00   1.546e+01   4.091e-01        0
      34        40   -2.666769e+04   0.000e+00   1.167e+01   3.770e-01        0
      35        41   -2.664743e+04   0.000e+00   3.388e+00   2.684e-01        0
      36        42   -2.663308e+04   0.000e+00   4.879e+00   1.532e-01        0
      37        43   -2.662048e+04   0.000e+00   6.157e+00   1.244e-01        0
      38        44   -2.661411e+04   0.000e+00   4.741e+00   7.444e-02        0
      39        45   -2.661010e+04   0.000e+00   8.627e-01   6.935e-02        0
      40        46   -2.660757e+04   0.000e+00   3.564e-01   5.638e-02        0
      41        47   -2.660514e+04   0.000e+00   2.411e+00   5.255e-02        0
      42        48   -2.660278e+04   0.000e+00   7.384e-01   5.861e-02        0
      43        49   -2.660065e+04   0.000e+00   1.206e+00   6.693e-02        0
      44        50   -2.659861e+04   0.000e+00   3.196e+00   6.138e-02        0
      45        51   -2.659653e+04   0.000e+00   1.611e+00   6.939e-02        0
      46        52   -2.659501e+04   0.000e+00   7.558e-01   5.050e-02        0
      47        53   -2.659427e+04   0.000e+00   4.618e-01   2.945e-02        0
      48        54   -2.659382e+04   0.000e+00   1.379e+00   1.894e-02        0
      49        55   -2.659344e+04   0.000e+00   9.827e-01   1.875e-02        0
      50        56   -2.659305e+04   0.000e+00   6.845e-01   2.483e-02        0
      51        57   -2.659273e+04   0.000e+00   1.927e-01   2.322e-02        0
      52        58   -2.659242e+04   0.000e+00   4.829e-01   2.366e-02        0
      53        59   -2.659206e+04   0.000e+00   6.975e-01   2.743e-02        0
      54        60   -2.659171e+04   0.000e+00   4.009e-01   2.972e-02        0
      55        61   -2.659149e+04   0.000e+00   1.383e-01   2.221e-02        0
      56        62   -2.659140e+04   0.000e+00   7.197e-02   1.066e-02        0
      57        63   -2.659137e+04   0.000e+00   8.759e-02   5.934e-03        0
      58        64   -2.659132e+04   0.000e+00   6.473e-02   6.876e-03        0
      59        65   -2.659124e+04   0.000e+00   2.346e-02   1.290e-02        0
      60        66   -2.659112e+04   0.000e+00   1.014e-01   2.101e-02        0
      61        67   -2.659097e+04   0.000e+00   1.178e-01   2.862e-02        0
      62        68   -2.659081e+04   0.000e+00   1.234e-02   3.080e-02        0
      63        69   -2.659066e+04   0.000e+00   1.430e-01   2.880e-02        0
      64        70   -2.659053e+04   0.000e+00   2.518e-01   2.345e-02        0
      65        71   -2.659045e+04   0.000e+00   2.069e-01   1.504e-02        0
      66        72   -2.659042e+04   0.000e+00   7.823e-02   7.755e-03        0
      67        73   -2.659042e+04   0.000e+00   1.970e-02   3.867e-03        0
      68        74   -2.659041e+04   0.000e+00   9.158e-02   3.434e-03        0
      69        75   -2.659040e+04   0.000e+00   1.592e-01   5.278e-03        0
      70        76   -2.659038e+04   0.000e+00   1.689e-01   6.735e-03        0
      71        77   -2.659037e+04   0.000e+00   9.983e-02   6.530e-03        0
      72        78   -2.659036e+04   0.000e+00   4.405e-03   5.064e-03        0
      73        79   -2.659035e+04   0.000e+00   1.176e-01   5.424e-03        0
      74        80   -2.659033e+04   0.000e+00   2.403e-01   8.680e-03        0
      75        81   -2.659030e+04   0.000e+00   3.026e-01   1.317e-02        0
      76        82   -2.659028e+04   0.000e+00   2.174e-01   1.342e-02        0
      77        83   -2.659027e+04   0.000e+00   6.774e-02   6.597e-03        0
      78        84   -2.659027e+04   0.000e+00   2.287e-03   2.075e-03        0
      79        85   -2.659027e+04   0.000e+00   2.967e-02   9.650e-04        0
      80        86   -2.659027e+04   0.000e+00   7.252e-02   1.927e-03        0
      81        87   -2.659026e+04   0.000e+00   1.335e-01   3.818e-03        0
      82        88   -2.659025e+04   0.000e+00   2.212e-01   9.862e-03        0
      83        89   -2.659023e+04   0.000e+00   3.190e-01   2.311e-02        0
      84        90   -2.659019e+04   0.000e+00   3.566e-01   4.477e-02        0
      85        91   -2.659014e+04   0.000e+00   2.390e-01   5.511e-02        0
      86        92   -2.659012e+04   0.000e+00   5.702e-02   3.099e-02        0
      87        93   -2.659011e+04   0.000e+00   4.852e-02   5.517e-03        0
      88        94   -2.659010e+04   0.000e+00   1.144e-01   3.346e-03        0
      89        95   -2.659009e+04   0.000e+00   2.160e-01   5.420e-03        0
      90        96   -2.659005e+04   0.000e+00   3.689e-01   1.877e-02        0
      91        97   -2.658996e+04   0.000e+00   5.997e-01   6.643e-02        0
      92        98   -2.658975e+04   0.000e+00   9.029e-01   1.867e-01        0
      93        99   -2.658936e+04   0.000e+00   1.177e+00   4.140e-01        0
      94       100   -2.658887e+04   0.000e+00   1.143e+00   6.026e-01        0
      95       101   -2.658854e+04   0.000e+00   5.788e-01   4.318e-01        0
      96       102   -2.658843e+04   0.000e+00   1.160e-02   8.961e-02        0
      97       103   -2.658839e+04   0.000e+00   1.435e-01   1.314e-02        0
      98       104   -2.658829e+04   0.000e+00   3.179e-01   1.385e-02        0
      99       105   -2.658811e+04   0.000e+00   4.892e-01   8.302e-02        0
     100       106   -2.658781e+04   0.000e+00   5.562e-01   2.583e-01        0
     101       107   -2.658751e+04   0.000e+00   3.660e-01   3.966e-01        0
     102       108   -2.658735e+04   0.000e+00   1.082e-01   2.610e-01        0
     103       109   -2.658729e+04   0.000e+00   6.666e-02   7.310e-02        0
     104       110   -2.658724e+04   0.000e+00   1.829e-01   3.528e-02        0
     105       111   -2.658713e+04   0.000e+00   3.184e-01   7.823e-02        0
     106       112   -2.658695e+04   0.000e+00   4.083e-01   1.497e-01        0
     107       113   -2.658677e+04   0.000e+00   3.448e-01   1.866e-01        0
     108       114   -2.658669e+04   0.000e+00   1.155e-01   8.805e-02        0
     109       115   -2.658668e+04   0.000e+00   9.987e-03   8.171e-03        0
     110       116   -2.658668e+04   0.000e+00   1.398e-03   3.228e-03        0
     111       117   -2.658668e+04   0.000e+00   2.059e-03   2.936e-03        0
     112       118   -2.658668e+04   0.000e+00   1.442e-04   2.927e-03        0
     113       119   -2.658668e+04   0.000e+00   8.305e-05   6.470e-04        0
     114       120   -2.658668e+04   0.000e+00   1.980e-05   6.402e-04        0
     115       121   -2.658668e+04   0.000e+00   4.449e-06   6.053e-04        0
     116       122   -2.658668e+04   0.000e+00   1.928e-05   6.051e-04        0
     117       123   -2.658668e+04   0.000e+00   1.479e-05   6.005e-04        0
     118       124   -2.658668e+04   0.000e+00   5.243e-05   5.992e-04        0
     119       125   -2.658668e+04   0.000e+00   1.265e-05   2.710e-10        1
     120       126   -2.658668e+04   0.000e+00   1.326e-07   5.960e-04        0
     121       127   -2.658668e+04   0.000e+00   3.153e-08   3.090e-06        0
     122       128   -2.658668e+04   0.000e+00   7.154e-09   4.004e-07        0

EXIT: Locally optimal solution found.

Final Statistics
----------------
Final objective value               =  -2.65866834077079e+04
Final feasibility error (abs / rel) =   0.00e+00 / 0.00e+00
Final optimality error  (abs / rel) =   7.15e-09 / 7.15e-09
# of iterations                     =        122 
# of CG iterations                  =          1 
# of function evaluations           =        128
# of gradient evaluations           =        123
Total program time (secs)           =    2792.37598 ( 49579.113 CPU time)
Time spent in evaluations (secs)    =    2764.48828

Solution Vector
---------------
x[       0] =   9.84527257762e+00
x[       1] =   9.27933511730e+00
x[       2] =   9.49775050164e+00
x[       3] =   8.82227815124e+00
x[       4] =   9.96684823897e+00
x[       5] =   8.76729388341e+00
x[       6] =   1.00330312686e+01
x[       7] =  -7.11835508261e+00
x[       8] =  -2.55119791601e+00
x[       9] =  -1.33374038637e+00
x[      10] =  -2.49146038066e-02
x[      11] =   5.96452281761e-04
x[      12] =   9.91086333939e-01
x[      13] =   8.31745007804e-01
x[      14] =   8.20532768690e-01
x[      15] =   8.95427719387e-01
x[      16] =   1.10011266238e+00
x[      17] =   1.00900038520e+00
x[      18] =   1.14919230117e+00
x[      19] =   1.01134762000e+00
x[      20] =   8.46814482561e-01
x[      21] =   7.22426514318e-01
x[      22] =   1.93769420954e-01

===============================================================================

