
Solving from new start point (number 27 of 42) <multistart>.


=======================================
*** NO CHECK MADE FOR LICENSE ***
         Artelys Knitro 12.3.0
=======================================

Knitro presolve eliminated 0 variables and 0 constraints.

algorithm:               4
bar_maxcrossit:          3
datacheck:               0
feastol:                 1e-08
hessopt:                 2
maxtime_cpu:             9.99343e+07
maxtime_real:            9.99967e+07
opttol:                  1e-08
outlev:                  5
outmode:                 2
par_concurrent_evals:    0
The problem is identified as bound constrained only.
Knitro changing act_qpalg from AUTO to 3.
Knitro changing honorbnds from AUTO to -1.
Knitro changing linesearch from AUTO to 2.
Knitro changing linsolver from AUTO to 4.

Problem Characteristics                                 (   Presolved)
-----------------------
Objective goal:  Maximize
Objective type:  general
Number of variables:                                 23 (          23)
    bounded below only:                               0 (           0)
    bounded above only:                               0 (           0)
    bounded below and above:                         23 (          23)
    fixed:                                            0 (           0)
    free:                                             0 (           0)
Number of constraints:                                0 (           0)
    linear equalities:                                0 (           0)
    quadratic equalities:                             0 (           0)
    gen. nonlinear equalities:                        0 (           0)
    linear one-sided inequalities:                    0 (           0)
    quadratic one-sided inequalities:                 0 (           0)
    gen. nonlinear one-sided inequalities:            0 (           0)
    linear two-sided inequalities:                    0 (           0)
    quadratic two-sided inequalities:                 0 (           0)
    gen. nonlinear two-sided inequalities:            0 (           0)
Number of nonzeros in Jacobian:                       0 (           0)
Number of nonzeros in Hessian:                        0 (         276)

Knitro using the Sequential Quadratic Programming (SQP) algorithm.

  Iter     fCount     Objective      FeasError   OptError    ||Step||    CGits 
--------  --------  --------------  ----------  ----------  ----------  -------
       0         1   -3.291844e+04   0.000e+00
       1         3   -3.233482e+04   0.000e+00   4.146e+02   2.200e-01        0
       2         4   -3.187981e+04   0.000e+00   3.417e+00   1.496e+00        0
       3         5   -3.171966e+04   0.000e+00   2.640e+02   9.978e-01        0
       4         6   -2.953724e+04   1.735e-18   5.782e+01   5.722e-01        0
       5         7   -2.934114e+04   0.000e+00   3.748e+01   1.601e-01        0
       6         8   -2.926032e+04   0.000e+00   1.082e+01   3.253e-01        0
       7         9   -2.911173e+04   0.000e+00   1.656e+00   2.866e-01        0
       8        10   -2.898383e+04   0.000e+00   1.907e+00   2.973e-01        0
       9        11   -2.884703e+04   0.000e+00   1.000e+01   8.299e-02        0
      10        12   -2.872152e+04   0.000e+00   8.659e+00   1.860e-01        0
      11        13   -2.851847e+04   0.000e+00   2.131e+01   4.810e-01        0
      12        14   -2.846611e+04   0.000e+00   1.244e+00   1.435e-01        0
      13        15   -2.840431e+04   0.000e+00   2.000e+01   2.178e-01        0
      14        16   -2.832651e+04   0.000e+00   1.530e+01   3.618e-01        0
      15        17   -2.820377e+04   0.000e+00   4.368e-02   6.114e-01        0
      16        18   -2.810562e+04   0.000e+00   6.142e+00   3.107e-01        0
      17        19   -2.795550e+04   0.000e+00   2.491e+01   4.008e-01        0
      18        20   -2.788623e+04   0.000e+00   2.482e+01   4.720e-01        0
      19        21   -2.785967e+04   0.000e+00   1.186e+01   3.770e-01        0
      20        22   -2.783837e+04   0.000e+00   4.669e+00   1.581e-01        0
      21        23   -2.783268e+04   0.000e+00   1.391e+00   5.219e-02        0
      22        24   -2.781274e+04   0.000e+00   9.010e+00   1.836e-01        0
      23        25   -2.779411e+04   0.000e+00   3.494e-01   1.884e-01        0
      24        26   -2.777435e+04   0.000e+00   3.675e-01   1.947e-01        0
      25        27   -2.775354e+04   0.000e+00   2.080e-01   1.966e-01        0
      26        28   -2.773156e+04   0.000e+00   3.019e+00   2.360e-01        0
      27        29   -2.771094e+04   0.000e+00   9.062e+00   2.205e-01        0
      28        30   -2.767911e+04   0.000e+00   1.201e+01   3.843e-01        0
      29        31   -2.763818e+04   0.000e+00   1.138e+01   4.386e-01        0
      30        33   -2.762171e+04   0.000e+00   2.837e+00   4.679e-01        0
      31        35   -2.758451e+04   0.000e+00   4.558e-01   5.921e-01        0
      32        36   -2.752635e+04   0.000e+00   3.324e-01   2.912e-01        0
      33        37   -2.749384e+04   0.000e+00   2.425e-01   1.551e-01        0
      34        38   -2.744899e+04   0.000e+00   2.637e-01   5.861e-01        0
      35        39   -2.740203e+04   0.000e+00   2.566e-02   1.286e-01        0
      36        40   -2.733778e+04   0.000e+00   1.789e-02   3.810e-01        0
      37        41   -2.727958e+04   0.000e+00   7.648e-02   5.642e-01        0
      38        42   -2.719811e+04   0.000e+00   1.599e-01   1.001e+00        0
      39        43   -2.714598e+04   0.000e+00   1.084e-01   1.969e-01        0
      40        44   -2.702184e+04   0.000e+00   5.521e+00   7.484e-01        0
      41        45   -2.701789e+04   1.735e-18   1.263e+01   5.848e-01        0
      42        46   -2.696370e+04   0.000e+00   8.528e+00   2.511e-01        0
      43        49   -2.694367e+04   0.000e+00   2.731e+00   2.061e-01        0
      44        50   -2.692069e+04   0.000e+00   1.470e-01   1.756e-01        0
      45        51   -2.688583e+04   0.000e+00   3.536e+00   3.843e-01        0
      46        52   -2.683548e+04   0.000e+00   3.993e+00   3.414e-01        0
      47        53   -2.680197e+04   0.000e+00   6.691e+00   3.284e-01        0
      48        54   -2.677554e+04   0.000e+00   1.192e+01   2.909e-01        0
      49        55   -2.673700e+04   0.000e+00   2.324e-02   4.027e-01        0
      50        56   -2.671086e+04   0.000e+00   3.484e+00   3.160e-01        0
      51        57   -2.669155e+04   0.000e+00   6.179e+00   1.205e-01        0
      52        58   -2.666558e+04   0.000e+00   3.474e+00   2.125e-01        0
      53        59   -2.664883e+04   0.000e+00   4.068e+00   1.781e-01        0
      54        60   -2.663060e+04   0.000e+00   2.486e+00   2.933e-01        0
      55        61   -2.662171e+04   0.000e+00   2.029e-02   1.889e-01        0
      56        62   -2.661641e+04   0.000e+00   2.632e-02   1.185e-01        0
      57        63   -2.661314e+04   0.000e+00   5.492e-02   4.860e-02        0
      58        64   -2.660818e+04   0.000e+00   1.756e-02   1.034e-01        0
      59        65   -2.660282e+04   0.000e+00   9.920e-01   1.686e-01        0
      60        66   -2.659870e+04   0.000e+00   2.306e+00   1.823e-01        0
      61        67   -2.659634e+04   0.000e+00   2.853e-01   6.365e-02        0
      62        68   -2.659469e+04   0.000e+00   1.749e+00   4.991e-02        0
      63        69   -2.659395e+04   0.000e+00   1.113e+00   3.266e-02        0
      64        70   -2.659320e+04   0.000e+00   1.631e-01   4.271e-02        0
      65        71   -2.659287e+04   0.000e+00   5.975e-01   1.870e-02        0
      66        72   -2.659266e+04   0.000e+00   7.446e-01   1.305e-02        0
      67        73   -2.659245e+04   0.000e+00   7.054e-01   1.464e-02        0
      68        74   -2.659203e+04   0.000e+00   3.923e-01   2.903e-02        0
      69        75   -2.659125e+04   0.000e+00   2.672e-01   5.440e-02        0
      70        76   -2.659001e+04   0.000e+00   9.957e-01   9.281e-02        0
      71        77   -2.658881e+04   0.000e+00   1.499e+00   1.009e-01        0
      72        78   -2.658820e+04   0.000e+00   1.122e+00   5.378e-02        0
      73        79   -2.658802e+04   0.000e+00   6.093e-01   1.793e-02        0
      74        80   -2.658795e+04   0.000e+00   1.992e-01   1.095e-02        0
      75        81   -2.658786e+04   0.000e+00   2.709e-01   1.060e-02        0
      76        82   -2.658777e+04   0.000e+00   5.704e-01   1.275e-02        0
      77        83   -2.658769e+04   0.000e+00   6.381e-01   1.735e-02        0
      78        84   -2.658758e+04   0.000e+00   4.995e-01   2.356e-02        0
      79        85   -2.658741e+04   0.000e+00   2.147e-01   3.616e-02        0
      80        86   -2.658716e+04   0.000e+00   1.870e-01   4.721e-02        0
      81        87   -2.658693e+04   0.000e+00   4.139e-01   3.798e-02        0
      82        88   -2.658683e+04   0.000e+00   3.384e-01   1.811e-02        0
      83        89   -2.658681e+04   0.000e+00   1.135e-01   1.001e-02        0
      84        90   -2.658680e+04   0.000e+00   6.446e-03   5.260e-03        0
      85        91   -2.658678e+04   0.000e+00   2.050e-01   7.449e-03        0
      86        92   -2.658675e+04   0.000e+00   3.327e-01   8.262e-03        0
      87        93   -2.658672e+04   0.000e+00   3.002e-01   1.178e-02        0
      88        94   -2.658670e+04   0.000e+00   1.056e-01   1.005e-02        0
      89        95   -2.658670e+04   0.000e+00   1.955e-02   3.667e-03        0
      90        96   -2.658670e+04   0.000e+00   8.563e-03   5.675e-04        0
      91        97   -2.658670e+04   0.000e+00   1.847e-02   4.755e-04        0
      92        98   -2.658670e+04   0.000e+00   4.625e-02   9.058e-04        0
      93        99   -2.658670e+04   0.000e+00   6.118e-02   1.652e-03        0
      94       100   -2.658670e+04   0.000e+00   6.907e-02   2.700e-03        0
      95       101   -2.658670e+04   0.000e+00   3.578e-02   2.578e-03        0
      96       102   -2.658670e+04   0.000e+00   1.071e-02   1.089e-03        0
      97       103   -2.658670e+04   0.000e+00   9.739e-04   3.481e-04        0
      98       104   -2.658670e+04   0.000e+00   1.322e-03   1.737e-04        0
      99       105   -2.658670e+04   0.000e+00   2.926e-03   2.542e-04        0
     100       106   -2.658670e+04   0.000e+00   3.313e-03   3.371e-04        0
     101       107   -2.658670e+04   0.000e+00   2.984e-03   6.813e-04        0
     102       108   -2.658670e+04   0.000e+00   2.826e-03   8.920e-04        0
     103       109   -2.658670e+04   0.000e+00   1.032e-04   8.622e-04        0
     104       110   -2.658670e+04   0.000e+00   7.789e-06   4.701e-04        0
     105       111   -2.658670e+04   0.000e+00   4.138e-04   1.445e-04        0
     106       112   -2.658670e+04   0.000e+00   1.343e-04   1.446e-04        0
     107       113   -2.658670e+04   0.000e+00   1.011e-04   1.613e-04        0
     108       114   -2.658670e+04   0.000e+00   1.443e-04   4.746e-04        0
     109       115   -2.658670e+04   0.000e+00   4.739e-04   9.970e-04        0
     110       116   -2.658670e+04   0.000e+00   1.417e-03   2.785e-03        0
     111       117   -2.658670e+04   0.000e+00   2.731e-03   7.213e-03        0
     112       118   -2.658670e+04   0.000e+00   5.212e-03   1.793e-02        0
     113       119   -2.658669e+04   0.000e+00   7.875e-03   3.957e-02        0
     114       120   -2.658669e+04   0.000e+00   9.183e-03   6.756e-02        0
     115       121   -2.658669e+04   0.000e+00   6.449e-03   6.576e-02        0
     116       122   -2.658668e+04   0.000e+00   9.578e-04   2.028e-02        0
     117       123   -2.658668e+04   0.000e+00   7.445e-05   6.989e-03        0
     118       124   -2.658668e+04   0.000e+00   4.680e-04   6.742e-03        0
     119       125   -2.658668e+04   0.000e+00   1.314e-04   2.440e-03        0
     120       126   -2.658668e+04   0.000e+00   6.266e-05   9.648e-06        0
     121       127   -2.658668e+04   0.000e+00   6.720e-08   6.796e-11        1
     122       128   -2.658668e+04   0.000e+00   1.547e-08   2.967e-06        0
     123       129   -2.658668e+04   0.000e+00   2.016e-08   1.632e-06        0
     124       130   -2.658668e+04   0.000e+00   8.085e-09   1.557e-06        0

EXIT: Locally optimal solution found.

Final Statistics
----------------
Final objective value               =  -2.65866834077079e+04
Final feasibility error (abs / rel) =   0.00e+00 / 0.00e+00
Final optimality error  (abs / rel) =   8.09e-09 / 8.09e-09
# of iterations                     =        124 
# of CG iterations                  =          1 
# of function evaluations           =        130
# of gradient evaluations           =        125
Total program time (secs)           =    3562.00537 ( 74199.016 CPU time)
Time spent in evaluations (secs)    =    3532.74561

Solution Vector
---------------
x[       0] =   9.84527121765e+00
x[       1] =   9.27933376496e+00
x[       2] =   9.49774908995e+00
x[       3] =   8.82227686400e+00
x[       4] =   9.96684690126e+00
x[       5] =   8.76729257528e+00
x[       6] =   1.00330300411e+01
x[       7] =  -7.11835414463e+00
x[       8] =  -2.55119759692e+00
x[       9] =  -1.33374033080e+00
x[      10] =  -2.49146041482e-02
x[      11] =   5.96452291013e-04
x[      12] =   9.91086360477e-01
x[      13] =   8.31745024168e-01
x[      14] =   8.20532755839e-01
x[      15] =   8.95427652520e-01
x[      16] =   1.10011268000e+00
x[      17] =   1.00900039399e+00
x[      18] =   1.14919230399e+00
x[      19] =   1.01134759564e+00
x[      20] =   8.46814490703e-01
x[      21] =   7.22426450546e-01
x[      22] =   1.93769409049e-01

===============================================================================

