
Solving from new start point (number 9 of 42) <multistart>.


=======================================
*** NO CHECK MADE FOR LICENSE ***
         Artelys Knitro 12.3.0
=======================================

Knitro presolve eliminated 0 variables and 0 constraints.

algorithm:               4
bar_maxcrossit:          3
datacheck:               0
feastol:                 1e-08
hessopt:                 2
maxtime_cpu:             9.99996e+07
maxtime_real:            9.99998e+07
opttol:                  1e-08
outlev:                  5
outmode:                 2
par_concurrent_evals:    0
The problem is identified as bound constrained only.
Knitro changing act_qpalg from AUTO to 3.
Knitro changing honorbnds from AUTO to -1.
Knitro changing linesearch from AUTO to 2.
Knitro changing linsolver from AUTO to 4.

Problem Characteristics                                 (   Presolved)
-----------------------
Objective goal:  Maximize
Objective type:  general
Number of variables:                                 23 (          23)
    bounded below only:                               0 (           0)
    bounded above only:                               0 (           0)
    bounded below and above:                         23 (          23)
    fixed:                                            0 (           0)
    free:                                             0 (           0)
Number of constraints:                                0 (           0)
    linear equalities:                                0 (           0)
    quadratic equalities:                             0 (           0)
    gen. nonlinear equalities:                        0 (           0)
    linear one-sided inequalities:                    0 (           0)
    quadratic one-sided inequalities:                 0 (           0)
    gen. nonlinear one-sided inequalities:            0 (           0)
    linear two-sided inequalities:                    0 (           0)
    quadratic two-sided inequalities:                 0 (           0)
    gen. nonlinear two-sided inequalities:            0 (           0)
Number of nonzeros in Jacobian:                       0 (           0)
Number of nonzeros in Hessian:                        0 (         276)

Knitro using the Sequential Quadratic Programming (SQP) algorithm.

  Iter     fCount     Objective      FeasError   OptError    ||Step||    CGits 
--------  --------  --------------  ----------  ----------  ----------  -------
       0         1   -3.530078e+04   0.000e+00
       1         2   -3.158292e+04   0.000e+00   4.237e+02   9.811e-01        0
       2         3   -2.907269e+04   0.000e+00   3.932e+02   7.438e-01        0
       3         5   -2.856994e+04   0.000e+00   9.442e+01   4.109e-01        0
       4         7   -2.850468e+04   0.000e+00   1.375e-01   4.083e-01        0
       5         9   -2.838189e+04   0.000e+00   7.935e+01   4.458e-01        0
       6        12   -2.831314e+04   0.000e+00   3.170e+01   1.549e-01        0
       7        13   -2.817339e+04   0.000e+00   6.661e+01   3.581e-01        0
       8        14   -2.807249e+04   0.000e+00   1.118e+01   1.821e-01        0
       9        15   -2.796656e+04   0.000e+00   1.080e+01   3.175e-01        0
      10        16   -2.793871e+04   0.000e+00   6.391e-01   2.133e-01        0
      11        17   -2.785767e+04   1.735e-18   1.545e+02   1.504e+00        0
      12        18   -2.764507e+04   0.000e+00   7.143e+01   9.146e-01        0
      13        19   -2.758662e+04   1.735e-18   4.169e+01   4.445e-01        0
      14        20   -2.739785e+04   0.000e+00   3.781e+01   7.680e-01        0
      15        21   -2.726636e+04   0.000e+00   5.536e+01   5.560e-01        0
      16        22   -2.711531e+04   0.000e+00   5.211e+01   9.328e-01        0
      17        23   -2.706082e+04   0.000e+00   1.150e-01   2.658e-01        0
      18        24   -2.702687e+04   0.000e+00   1.066e+01   1.847e-01        0
      19        25   -2.698728e+04   0.000e+00   4.059e+01   3.243e-01        0
      20        26   -2.693918e+04   0.000e+00   3.399e+01   3.252e-01        0
      21        27   -2.689159e+04   0.000e+00   1.374e+01   4.491e-01        0
      22        28   -2.686059e+04   0.000e+00   1.391e+01   2.309e-01        0
      23        29   -2.683033e+04   0.000e+00   2.288e+01   2.189e-01        0
      24        30   -2.680421e+04   0.000e+00   7.916e+00   2.826e-01        0
      25        31   -2.679218e+04   0.000e+00   3.230e+00   1.774e-01        0
      26        32   -2.677876e+04   0.000e+00   1.580e+01   2.399e-01        0
      27        33   -2.676955e+04   0.000e+00   9.766e+00   1.786e-01        0
      28        34   -2.676120e+04   0.000e+00   1.344e+00   1.439e-01        0
      29        35   -2.675287e+04   0.000e+00   8.667e+00   1.369e-01        0
      30        36   -2.674447e+04   0.000e+00   1.338e+01   1.400e-01        0
      31        37   -2.673551e+04   0.000e+00   1.203e+01   1.509e-01        0
      32        38   -2.672680e+04   0.000e+00   4.072e+00   1.378e-01        0
      33        39   -2.671919e+04   0.000e+00   8.487e+00   1.263e-01        0
      34        40   -2.671151e+04   0.000e+00   1.582e+01   1.364e-01        0
      35        41   -2.669964e+04   0.000e+00   2.331e+01   2.314e-01        0
      36        42   -2.668567e+04   0.000e+00   1.701e+01   2.732e-01        0
      37        43   -2.666908e+04   0.000e+00   2.025e+00   2.663e-01        0
      38        44   -2.665663e+04   0.000e+00   1.360e+01   1.752e-01        0
      39        45   -2.664921e+04   0.000e+00   1.418e+01   1.365e-01        0
      40        46   -2.664341e+04   0.000e+00   1.024e+01   1.645e-01        0
      41        47   -2.664090e+04   0.000e+00   1.003e+00   9.209e-02        0
      42        48   -2.663942e+04   0.000e+00   7.270e-01   1.058e-01        0
      43        49   -2.663838e+04   0.000e+00   5.360e+00   4.260e-02        0
      44        50   -2.663777e+04   0.000e+00   2.409e+00   3.916e-02        0
      45        51   -2.663731e+04   0.000e+00   3.177e+00   6.747e-02        0
      46        52   -2.663688e+04   0.000e+00   2.620e+00   4.042e-02        0
      47        53   -2.663638e+04   0.000e+00   1.329e+00   3.155e-02        0
      48        54   -2.663593e+04   0.000e+00   1.160e-01   3.707e-02        0
      49        55   -2.663571e+04   0.000e+00   3.909e-02   2.562e-02        0
      50        56   -2.663549e+04   0.000e+00   1.601e-01   3.049e-02        0
      51        57   -2.663526e+04   0.000e+00   2.967e-02   3.373e-02        0
      52        58   -2.663489e+04   0.000e+00   7.527e-01   5.071e-02        0
      53        59   -2.663416e+04   0.000e+00   1.390e+00   9.919e-02        0
      54        60   -2.663187e+04   0.000e+00   2.114e+00   2.883e-01        0
      55        61   -2.663011e+04   0.000e+00   1.885e+01   1.247e+00        0
      56        62   -2.662507e+04   0.000e+00   1.502e+01   7.957e-01        0
      57        63   -2.661851e+04   0.000e+00   1.752e-01   3.202e-01        0
      58        65   -2.661070e+04   0.000e+00   2.330e-01   4.953e-01        0
      59        66   -2.660323e+04   0.000e+00   5.231e-02   2.022e-01        0
      60        67   -2.659396e+04   0.000e+00   2.374e+00   3.035e-01        0
      61        68   -2.659161e+04   0.000e+00   5.766e+00   2.425e-01        0
      62        69   -2.659016e+04   0.000e+00   9.768e-02   5.754e-02        0
      63        70   -2.658890e+04   0.000e+00   5.132e+00   7.516e-02        0
      64        71   -2.658863e+04   0.000e+00   2.771e+00   1.501e-02        0
      65        72   -2.658827e+04   0.000e+00   9.739e-01   2.591e-02        0
      66        73   -2.658800e+04   0.000e+00   3.442e+00   1.951e-02        0
      67        74   -2.658758e+04   0.000e+00   3.956e+00   3.589e-02        0
      68        75   -2.658728e+04   0.000e+00   2.581e+00   3.098e-02        0
      69        76   -2.658708e+04   0.000e+00   4.904e-01   2.328e-02        0
      70        77   -2.658695e+04   0.000e+00   2.062e+00   1.513e-02        0
      71        78   -2.658684e+04   0.000e+00   2.522e+00   1.472e-02        0
      72        79   -2.658678e+04   0.000e+00   1.422e+00   1.431e-02        0
      73        80   -2.658675e+04   0.000e+00   3.044e-01   1.112e-02        0
      74        81   -2.658674e+04   0.000e+00   3.274e-01   7.473e-03        0
      75        82   -2.658673e+04   0.000e+00   5.302e-01   6.819e-03        0
      76        83   -2.658673e+04   0.000e+00   3.747e-01   5.090e-03        0
      77        84   -2.658672e+04   0.000e+00   1.003e-01   2.907e-03        0
      78        85   -2.658672e+04   0.000e+00   1.043e-01   2.077e-03        0
      79        86   -2.658672e+04   0.000e+00   2.527e-01   2.862e-03        0
      80        87   -2.658671e+04   0.000e+00   2.827e-01   4.160e-03        0
      81        88   -2.658671e+04   0.000e+00   1.595e-01   4.403e-03        0
      82        89   -2.658671e+04   0.000e+00   1.075e-02   2.631e-03        0
      83        90   -2.658671e+04   0.000e+00   3.903e-02   1.045e-03        0
      84        91   -2.658671e+04   0.000e+00   2.493e-02   5.431e-04        0
      85        92   -2.658671e+04   0.000e+00   5.370e-03   2.864e-04        0
      86        93   -2.658671e+04   0.000e+00   4.531e-03   1.390e-04        0
      87        94   -2.658671e+04   0.000e+00   1.073e-02   1.499e-04        0
      88        95   -2.658671e+04   0.000e+00   1.789e-02   3.202e-04        0
      89        96   -2.658670e+04   0.000e+00   2.644e-02   7.644e-04        0
      90        97   -2.658670e+04   0.000e+00   3.860e-02   1.964e-03        0
      91        98   -2.658670e+04   0.000e+00   5.360e-02   5.107e-03        0
      92        99   -2.658670e+04   0.000e+00   7.560e-02   1.291e-02        0
      93       100   -2.658670e+04   0.000e+00   1.008e-01   3.069e-02        0
      94       101   -2.658670e+04   0.000e+00   1.207e-01   6.237e-02        0
      95       102   -2.658669e+04   0.000e+00   1.051e-01   8.857e-02        0
      96       103   -2.658668e+04   0.000e+00   5.041e-02   6.014e-02        0
      97       104   -2.658668e+04   0.000e+00   6.304e-03   3.935e-03        0
      98       105   -2.658668e+04   0.000e+00   1.566e-03   9.249e-03        0
      99       106   -2.658668e+04   0.000e+00   6.832e-04   2.126e-03        0
     100       107   -2.658668e+04   0.000e+00   1.509e-04   1.304e-04        0
     101       110   -2.658668e+04   0.000e+00   1.438e-04   4.954e-06        0
     102       111   -2.658668e+04   0.000e+00   2.766e-05   5.933e-11        1
     103       112   -2.658668e+04   0.000e+00   7.927e-08   5.853e-06        0
     104       113   -2.658668e+04   0.000e+00   1.380e-06   5.644e-06        0
     105       114   -2.658668e+04   0.000e+00   1.440e-08   8.355e-10        2
     106       115   -2.658668e+04   0.000e+00   5.277e-08   5.088e-06        0
     107       116   -2.658668e+04   0.000e+00   7.207e-07   5.062e-06        0
     108       117   -2.658668e+04   0.000e+00   3.735e-08   3.875e-08        6

EXIT: Primal feasible solution; terminate because the relative change in
      the objective function < 1.000000e-15 for 5 consecutive feasible iterations.
      Decrease ftol or increase ftol_iters to try for more accuracy.

Final Statistics
----------------
Final objective value               =  -2.65866834077079e+04
Final feasibility error (abs / rel) =   0.00e+00 / 0.00e+00
Final optimality error  (abs / rel) =   3.74e-08 / 3.74e-08
# of iterations                     =        108 
# of CG iterations                  =          9 
# of function evaluations           =        117
# of gradient evaluations           =        109
Total program time (secs)           =    3122.48877 ( 65114.113 CPU time)
Time spent in evaluations (secs)    =    3109.28003

Solution Vector
---------------
x[       0] =   9.84527418650e+00
x[       1] =   9.27933666969e+00
x[       2] =   9.49775210139e+00
x[       3] =   8.82227960199e+00
x[       4] =   9.96684981619e+00
x[       5] =   8.76729540498e+00
x[       6] =   1.00330328230e+01
x[       7] =  -7.11835621217e+00
x[       8] =  -2.55119831687e+00
x[       9] =  -1.33374043583e+00
x[      10] =  -2.49146035724e-02
x[      11] =   5.96452284864e-04
x[      12] =   9.91086323744e-01
x[      13] =   8.31745001750e-01
x[      14] =   8.20532784990e-01
x[      15] =   8.95427759524e-01
x[      16] =   1.10011263540e+00
x[      17] =   1.00900035543e+00
x[      18] =   1.14919228706e+00
x[      19] =   1.01134761857e+00
x[      20] =   8.46814464297e-01
x[      21] =   7.22426527103e-01
x[      22] =   1.93769431516e-01

===============================================================================

