
Solving from new start point (number 33 of 42) <multistart>.


=======================================
*** NO CHECK MADE FOR LICENSE ***
         Artelys Knitro 12.3.0
=======================================

Knitro presolve eliminated 0 variables and 0 constraints.

algorithm:               4
bar_maxcrossit:          3
datacheck:               0
feastol:                 1e-08
hessopt:                 2
maxtime_cpu:             9.99142e+07
maxtime_real:            9.99957e+07
opttol:                  1e-08
outlev:                  5
outmode:                 2
par_concurrent_evals:    0
The problem is identified as bound constrained only.
Knitro changing act_qpalg from AUTO to 3.
Knitro changing honorbnds from AUTO to -1.
Knitro changing linesearch from AUTO to 2.
Knitro changing linsolver from AUTO to 4.

Problem Characteristics                                 (   Presolved)
-----------------------
Objective goal:  Maximize
Objective type:  general
Number of variables:                                 23 (          23)
    bounded below only:                               0 (           0)
    bounded above only:                               0 (           0)
    bounded below and above:                         23 (          23)
    fixed:                                            0 (           0)
    free:                                             0 (           0)
Number of constraints:                                0 (           0)
    linear equalities:                                0 (           0)
    quadratic equalities:                             0 (           0)
    gen. nonlinear equalities:                        0 (           0)
    linear one-sided inequalities:                    0 (           0)
    quadratic one-sided inequalities:                 0 (           0)
    gen. nonlinear one-sided inequalities:            0 (           0)
    linear two-sided inequalities:                    0 (           0)
    quadratic two-sided inequalities:                 0 (           0)
    gen. nonlinear two-sided inequalities:            0 (           0)
Number of nonzeros in Jacobian:                       0 (           0)
Number of nonzeros in Hessian:                        0 (         276)

Knitro using the Sequential Quadratic Programming (SQP) algorithm.

  Iter     fCount     Objective      FeasError   OptError    ||Step||    CGits 
--------  --------  --------------  ----------  ----------  ----------  -------
       0         1   -3.892156e+04   0.000e+00
       1         2   -3.059941e+04   0.000e+00   2.496e+00   1.239e+00        0
       2         3   -2.985929e+04   0.000e+00   5.835e+01   3.102e-01        0
       3         5   -2.946669e+04   0.000e+00   2.039e+02   5.089e-01        0
       4         7   -2.862624e+04   0.000e+00   2.221e+01   6.955e-01        0
       5        10   -2.860146e+04   0.000e+00   6.303e+01   1.072e-01        0
       6        11   -2.841143e+04   0.000e+00   3.907e-01   1.779e-01        0
       7        12   -2.829726e+04   1.735e-18   4.512e+01   3.444e-01        0
       8        13   -2.821120e+04   0.000e+00   2.672e+00   3.649e-01        0
       9        14   -2.811815e+04   1.735e-18   2.932e+01   2.806e-01        0
      10        17   -2.807085e+04   0.000e+00   3.679e+01   2.073e-01        0
      11        18   -2.790019e+04   0.000e+00   1.728e+00   6.401e-01        0
      12        19   -2.779478e+04   0.000e+00   2.509e+00   6.099e-01        0
      13        20   -2.761016e+04   0.000e+00   2.332e-01   5.576e-01        0
      14        21   -2.737499e+04   1.735e-18   4.426e+01   1.079e+00        0
      15        22   -2.732789e+04   0.000e+00   3.028e+01   8.490e-01        0
      16        23   -2.725406e+04   1.735e-18   6.217e+00   4.096e-01        0
      17        24   -2.723124e+04   0.000e+00   6.197e-01   2.186e-01        0
      18        25   -2.720309e+04   0.000e+00   9.814e+00   1.787e-01        0
      19        26   -2.715056e+04   0.000e+00   2.138e+00   9.833e-01        0
      20        27   -2.713250e+04   0.000e+00   1.793e+00   1.879e-01        0
      21        28   -2.707835e+04   0.000e+00   3.040e+00   4.271e-01        0
      22        29   -2.702048e+04   0.000e+00   4.868e+00   6.704e-01        0
      23        30   -2.698458e+04   0.000e+00   1.556e-01   4.254e-01        0
      24        31   -2.693725e+04   0.000e+00   1.181e+01   2.648e-01        0
      25        32   -2.690672e+04   0.000e+00   1.505e+01   1.574e-01        0
      26        33   -2.688185e+04   0.000e+00   5.712e+00   1.268e-01        0
      27        34   -2.682616e+04   0.000e+00   1.106e+01   3.919e-01        0
      28        35   -2.679678e+04   0.000e+00   2.000e-01   3.403e-01        0
      29        36   -2.676118e+04   0.000e+00   4.110e-01   3.911e-01        0
      30        37   -2.673178e+04   0.000e+00   2.139e-01   4.424e-01        0
      31        38   -2.670495e+04   0.000e+00   1.162e+00   1.231e-01        0
      32        39   -2.668604e+04   0.000e+00   2.233e+00   1.427e-01        0
      33        40   -2.666905e+04   0.000e+00   3.736e+00   1.395e-01        0
      34        41   -2.664181e+04   0.000e+00   3.302e-01   2.894e-01        0
      35        42   -2.662350e+04   0.000e+00   3.534e-01   2.619e-01        0
      36        43   -2.661534e+04   0.000e+00   7.389e-01   1.439e-01        0
      37        44   -2.661245e+04   0.000e+00   5.884e-01   6.152e-02        0
      38        45   -2.660996e+04   0.000e+00   9.452e-01   5.037e-02        0
      39        46   -2.660726e+04   0.000e+00   2.731e-01   6.103e-02        0
      40        47   -2.660445e+04   0.000e+00   1.872e-01   7.169e-02        0
      41        48   -2.660176e+04   0.000e+00   9.987e-01   7.581e-02        0
      42        49   -2.659845e+04   0.000e+00   7.645e-02   9.627e-02        0
      43        50   -2.659429e+04   0.000e+00   5.319e-01   1.200e-01        0
      44        51   -2.659103e+04   0.000e+00   1.076e+00   1.009e-01        0
      45        52   -2.658963e+04   0.000e+00   6.010e-02   5.197e-02        0
      46        53   -2.658909e+04   0.000e+00   6.953e-01   1.953e-02        0
      47        54   -2.658860e+04   0.000e+00   2.442e-01   2.578e-02        0
      48        55   -2.658795e+04   0.000e+00   1.054e-01   3.735e-02        0
      49        56   -2.658754e+04   0.000e+00   2.162e-01   3.507e-02        0
      50        57   -2.658740e+04   0.000e+00   1.392e-01   2.185e-02        0
      51        58   -2.658736e+04   0.000e+00   3.170e-02   7.821e-03        0
      52        59   -2.658733e+04   0.000e+00   1.170e-01   6.445e-03        0
      53        60   -2.658728e+04   0.000e+00   1.886e-01   7.077e-03        0
      54        61   -2.658723e+04   0.000e+00   1.232e-01   9.555e-03        0
      55        62   -2.658715e+04   0.000e+00   1.544e-02   1.585e-02        0
      56        63   -2.658702e+04   0.000e+00   1.897e-01   2.609e-02        0
      57        64   -2.658688e+04   0.000e+00   3.132e-01   3.338e-02        0
      58        65   -2.658679e+04   0.000e+00   2.296e-01   2.324e-02        0
      59        66   -2.658676e+04   0.000e+00   2.536e-02   7.005e-03        0
      60        67   -2.658676e+04   0.000e+00   3.491e-02   3.211e-03        0
      61        68   -2.658675e+04   0.000e+00   8.554e-02   3.029e-03        0
      62        69   -2.658674e+04   0.000e+00   1.216e-01   4.676e-03        0
      63        70   -2.658673e+04   0.000e+00   1.204e-01   6.249e-03        0
      64        71   -2.658672e+04   0.000e+00   6.261e-02   6.418e-03        0
      65        72   -2.658672e+04   0.000e+00   1.134e-02   4.001e-03        0
      66        73   -2.658672e+04   0.000e+00   2.604e-02   2.343e-03        0
      67        74   -2.658671e+04   0.000e+00   4.883e-02   2.112e-03        0
      68        75   -2.658671e+04   0.000e+00   5.147e-02   2.616e-03        0
      69        76   -2.658671e+04   0.000e+00   3.301e-02   3.678e-03        0
      70        77   -2.658670e+04   0.000e+00   8.953e-04   4.859e-03        0
      71        78   -2.658670e+04   0.000e+00   2.813e-02   5.421e-03        0
      72        79   -2.658670e+04   0.000e+00   3.045e-02   4.017e-03        0
      73        80   -2.658670e+04   0.000e+00   1.395e-02   1.735e-03        0
      74        81   -2.658669e+04   0.000e+00   1.027e-04   7.829e-04        0
      75        82   -2.658669e+04   0.000e+00   1.089e-02   6.477e-04        0
      76        83   -2.658669e+04   0.000e+00   2.769e-02   1.111e-03        0
      77        84   -2.658669e+04   0.000e+00   3.889e-02   1.839e-03        0
      78        85   -2.658669e+04   0.000e+00   3.613e-02   2.585e-03        0
      79        86   -2.658669e+04   0.000e+00   1.581e-02   1.841e-03        0
      80        87   -2.658669e+04   0.000e+00   2.671e-03   6.006e-04        0
      81        88   -2.658669e+04   0.000e+00   4.836e-04   1.836e-04        0
      82        89   -2.658669e+04   0.000e+00   1.056e-03   9.485e-05        0
      83        90   -2.658669e+04   0.000e+00   1.932e-03   1.910e-04        0
      84        91   -2.658669e+04   0.000e+00   2.356e-03   2.624e-04        0
      85        92   -2.658669e+04   0.000e+00   1.988e-03   5.366e-04        0
      86        93   -2.658669e+04   0.000e+00   9.874e-04   5.816e-04        0
      87        94   -2.658669e+04   0.000e+00   1.969e-04   4.324e-04        0
      88        95   -2.658669e+04   0.000e+00   2.535e-04   2.255e-04        0
      89        96   -2.658669e+04   0.000e+00   8.976e-04   6.898e-05        0
      90        97   -2.658669e+04   0.000e+00   1.204e-03   1.545e-04        0
      91        98   -2.658669e+04   0.000e+00   7.224e-04   4.027e-04        0
      92        99   -2.658669e+04   0.000e+00   4.363e-04   1.150e-03        0
      93       100   -2.658669e+04   0.000e+00   2.472e-04   3.400e-03        0
      94       101   -2.658669e+04   0.000e+00   1.096e-03   9.101e-03        0
      95       102   -2.658669e+04   0.000e+00   1.633e-03   2.179e-02        0
      96       103   -2.658669e+04   0.000e+00   3.088e-03   4.307e-02        0
      97       104   -2.658669e+04   0.000e+00   2.238e-03   5.484e-02        0
      98       105   -2.658668e+04   0.000e+00   1.826e-03   3.013e-02        0
      99       106   -2.658668e+04   0.000e+00   6.406e-04   1.634e-03        0
     100       107   -2.658668e+04   0.000e+00   1.875e-04   1.331e-03        0
     101       108   -2.658668e+04   0.000e+00   3.558e-04   3.379e-03        0
     102       111   -2.658668e+04   0.000e+00   2.976e-04   5.521e-04        0
     103       114   -2.658668e+04   0.000e+00   2.933e-04   2.449e-05        0
     104       119   -2.658668e+04   0.000e+00   6.255e-06   2.171e-10        1
     105       120   -2.658668e+04   0.000e+00   1.883e-07   2.116e-04        0
     106       121   -2.658668e+04   0.000e+00   7.102e-08   2.257e-04        0
     107       122   -2.658668e+04   0.000e+00   8.851e-09   1.859e-06        0

EXIT: Locally optimal solution found.

Final Statistics
----------------
Final objective value               =  -2.65866834077079e+04
Final feasibility error (abs / rel) =   0.00e+00 / 0.00e+00
Final optimality error  (abs / rel) =   8.85e-09 / 8.85e-09
# of iterations                     =        107 
# of CG iterations                  =          1 
# of function evaluations           =        122
# of gradient evaluations           =        108
Total program time (secs)           =    3065.53491 ( 61601.836 CPU time)
Time spent in evaluations (secs)    =    3036.34937

Solution Vector
---------------
x[       0] =   9.84527232684e+00
x[       1] =   9.27933467836e+00
x[       2] =   9.49775004269e+00
x[       3] =   8.82227777243e+00
x[       4] =   9.96684788442e+00
x[       5] =   8.76729340421e+00
x[       6] =   1.00330310836e+01
x[       7] =  -7.11835482077e+00
x[       8] =  -2.55119784599e+00
x[       9] =  -1.33374034267e+00
x[      10] =  -2.49146039278e-02
x[      11] =   5.96452278214e-04
x[      12] =   9.91086328773e-01
x[      13] =   8.31744991181e-01
x[      14] =   8.20532773116e-01
x[      15] =   8.95427651765e-01
x[      16] =   1.10011267718e+00
x[      17] =   1.00900040176e+00
x[      18] =   1.14919232533e+00
x[      19] =   1.01134763223e+00
x[      20] =   8.46814559379e-01
x[      21] =   7.22426444146e-01
x[      22] =   1.93769416780e-01

===============================================================================

