
Solving from new start point (number 39 of 42) <multistart>.


=======================================
*** NO CHECK MADE FOR LICENSE ***
         Artelys Knitro 12.3.0
=======================================

Knitro presolve eliminated 0 variables and 0 constraints.

algorithm:               4
bar_maxcrossit:          3
datacheck:               0
feastol:                 1e-08
hessopt:                 2
maxtime_cpu:             9.9788e+07
maxtime_real:            9.99897e+07
opttol:                  1e-08
outlev:                  5
outmode:                 2
par_concurrent_evals:    0
The problem is identified as bound constrained only.
Knitro changing act_qpalg from AUTO to 3.
Knitro changing honorbnds from AUTO to -1.
Knitro changing linesearch from AUTO to 2.
Knitro changing linsolver from AUTO to 4.

Problem Characteristics                                 (   Presolved)
-----------------------
Objective goal:  Maximize
Objective type:  general
Number of variables:                                 23 (          23)
    bounded below only:                               0 (           0)
    bounded above only:                               0 (           0)
    bounded below and above:                         23 (          23)
    fixed:                                            0 (           0)
    free:                                             0 (           0)
Number of constraints:                                0 (           0)
    linear equalities:                                0 (           0)
    quadratic equalities:                             0 (           0)
    gen. nonlinear equalities:                        0 (           0)
    linear one-sided inequalities:                    0 (           0)
    quadratic one-sided inequalities:                 0 (           0)
    gen. nonlinear one-sided inequalities:            0 (           0)
    linear two-sided inequalities:                    0 (           0)
    quadratic two-sided inequalities:                 0 (           0)
    gen. nonlinear two-sided inequalities:            0 (           0)
Number of nonzeros in Jacobian:                       0 (           0)
Number of nonzeros in Hessian:                        0 (         276)

Knitro using the Sequential Quadratic Programming (SQP) algorithm.

  Iter     fCount     Objective      FeasError   OptError    ||Step||    CGits 
--------  --------  --------------  ----------  ----------  ----------  -------
       0         1   -7.057220e+04   0.000e+00
       1         2   -6.504103e+04   0.000e+00   8.378e+01   6.230e-01        0
       2         3   -6.176441e+04   0.000e+00   9.231e-02   3.706e-01        0
       3         5   -6.150374e+04   0.000e+00   1.317e+01   4.142e-01        0
       4         6   -6.056411e+04   0.000e+00   8.981e+00   3.709e-01        0
       5         8   -6.037856e+04   0.000e+00   3.424e+00   1.566e-01        0
       6         9   -5.963856e+04   0.000e+00   4.623e+00   2.761e-01        0
       7        11   -5.907564e+04   0.000e+00   2.876e+00   2.874e-01        0
       8        12   -5.888142e+04   0.000e+00   6.358e+00   1.612e-01        0
       9        13   -5.870318e+04   0.000e+00   8.967e+00   1.857e-01        0
      10        14   -5.862821e+04   0.000e+00   4.142e+00   1.771e-01        0
      11        15   -5.856445e+04   0.000e+00   2.947e-01   1.070e-01        0
      12        16   -5.851629e+04   0.000e+00   1.429e+00   4.644e-02        0
      13        17   -5.837451e+04   0.000e+00   9.092e+00   2.672e-01        0
      14        18   -5.835695e+04   0.000e+00   7.938e+00   7.391e-02        0
      15        19   -5.833744e+04   0.000e+00   1.172e+00   1.903e-02        0
      16        20   -5.832651e+04   0.000e+00   1.654e+00   2.587e-02        0
      17        21   -5.830758e+04   0.000e+00   3.989e+00   6.775e-02        0
      18        22   -5.829818e+04   0.000e+00   2.954e+00   5.160e-02        0
      19        23   -5.829190e+04   0.000e+00   6.462e-01   3.667e-02        0
      20        24   -5.828773e+04   0.000e+00   1.245e+00   2.388e-02        0
      21        25   -5.828376e+04   0.000e+00   2.215e+00   2.460e-02        0
      22        26   -5.827831e+04   0.000e+00   2.244e+00   3.887e-02        0
      23        27   -5.827267e+04   0.000e+00   1.099e+00   4.736e-02        0
      24        28   -5.826814e+04   0.000e+00   3.618e-01   4.413e-02        0
      25        29   -5.826485e+04   0.000e+00   1.200e+00   3.337e-02        0
      26        30   -5.826169e+04   0.000e+00   1.374e+00   2.907e-02        0
      27        31   -5.825707e+04   0.000e+00   1.030e+00   4.228e-02        0
      28        32   -5.825093e+04   0.000e+00   2.018e-01   6.466e-02        0
      29        33   -5.824563e+04   0.000e+00   6.377e-01   6.917e-02        0
      30        34   -5.824273e+04   0.000e+00   8.602e-01   4.389e-02        0
      31        35   -5.824121e+04   0.000e+00   5.188e-01   2.183e-02        0
      32        36   -5.823973e+04   0.000e+00   9.932e-02   1.924e-02        0
      33        37   -5.823718e+04   0.000e+00   1.026e+00   3.480e-02        0
      34        38   -5.823333e+04   0.000e+00   1.848e+00   6.006e-02        0
      35        39   -5.822936e+04   0.000e+00   1.842e+00   7.179e-02        0
      36        40   -5.822686e+04   0.000e+00   1.032e+00   4.403e-02        0
      37        41   -5.822501e+04   0.000e+00   2.614e-03   2.568e-02        0
      38        42   -5.822282e+04   0.000e+00   1.114e+00   2.984e-02        0
      39        43   -5.821908e+04   0.000e+00   2.365e+00   6.046e-02        0
      40        44   -5.821238e+04   0.000e+00   3.541e+00   1.292e-01        0
      41        45   -5.820366e+04   0.000e+00   3.970e+00   1.955e-01        0
      42        46   -5.819521e+04   0.000e+00   3.326e+00   1.620e-01        0
      43        47   -5.818733e+04   0.000e+00   9.944e-01   9.758e-02        0
      44        48   -5.818465e+04   0.000e+00   7.912e-01   1.933e-02        0
      45        49   -5.818265e+04   0.000e+00   1.491e+00   1.347e-02        0
      46        50   -5.817750e+04   0.000e+00   2.220e+00   4.182e-02        0
      47        51   -5.817303e+04   0.000e+00   1.943e+00   8.752e-02        0
      48        52   -5.817009e+04   0.000e+00   9.231e-01   9.975e-02        0
      49        53   -5.816882e+04   0.000e+00   1.331e-01   7.265e-02        0
      50        54   -5.816830e+04   0.000e+00   3.246e-01   2.881e-02        0
      51        55   -5.816778e+04   0.000e+00   4.546e-01   3.301e-02        0
      52        56   -5.816668e+04   0.000e+00   7.002e-01   3.682e-02        0
      53        57   -5.816504e+04   0.000e+00   5.709e-01   5.379e-02        0
      54        58   -5.816364e+04   0.000e+00   3.339e-01   3.648e-02        0
      55        59   -5.816309e+04   0.000e+00   6.574e-03   2.066e-02        0
      56        60   -5.816282e+04   0.000e+00   1.080e-01   1.571e-02        0
      57        61   -5.816231e+04   0.000e+00   2.268e-01   1.779e-02        0
      58        62   -5.816123e+04   0.000e+00   3.282e-01   2.793e-02        0
      59        63   -5.815913e+04   0.000e+00   3.888e-01   6.113e-02        0
      60        64   -5.815640e+04   0.000e+00   3.223e-01   1.108e-01        0
      61        65   -5.815444e+04   0.000e+00   1.510e-01   1.115e-01        0
      62        66   -5.815352e+04   0.000e+00   1.813e-03   5.998e-02        0
      63        67   -5.815293e+04   0.000e+00   8.098e-02   3.290e-02        0
      64        68   -5.815196e+04   0.000e+00   1.544e-01   3.986e-02        0
      65        69   -5.815005e+04   0.000e+00   2.203e-01   6.781e-02        0
      66        70   -5.814734e+04   0.000e+00   2.384e-01   9.583e-02        0
      67        71   -5.814509e+04   0.000e+00   1.786e-01   8.768e-02        0
      68        72   -5.814414e+04   0.000e+00   5.542e-02   5.794e-02        0
      69        73   -5.814393e+04   0.000e+00   1.511e-02   1.826e-02        0
      70        74   -5.814377e+04   0.000e+00   4.867e-02   7.832e-03        0
      71        75   -5.814336e+04   0.000e+00   9.910e-02   1.196e-02        0
      72        76   -5.814278e+04   0.000e+00   1.162e-01   2.474e-02        0
      73        77   -5.814224e+04   0.000e+00   9.016e-02   4.223e-02        0
      74        78   -5.814202e+04   0.000e+00   3.689e-02   2.964e-02        0
      75        79   -5.814195e+04   0.000e+00   1.142e-03   1.149e-02        0
      76        80   -5.814189e+04   0.000e+00   3.172e-02   6.040e-03        0
      77        81   -5.814174e+04   0.000e+00   8.303e-02   1.287e-02        0
      78        82   -5.814140e+04   0.000e+00   1.545e-01   2.444e-02        0
      79        83   -5.814071e+04   0.000e+00   2.254e-01   5.029e-02        0
      80        84   -5.813971e+04   0.000e+00   2.463e-01   7.558e-02        0
      81        85   -5.813886e+04   0.000e+00   1.595e-01   7.053e-02        0
      82        86   -5.813843e+04   0.000e+00   4.760e-02   3.137e-02        0
      83        87   -5.813816e+04   0.000e+00   4.541e-02   1.224e-02        0
      84        88   -5.813772e+04   0.000e+00   1.459e-01   1.710e-02        0
      85        89   -5.813673e+04   0.000e+00   2.854e-01   4.890e-02        0
      86        90   -5.813488e+04   0.000e+00   3.890e-01   1.206e-01        0
      87        91   -5.813253e+04   0.000e+00   3.524e-01   2.004e-01        0
      88        92   -5.813097e+04   0.000e+00   1.942e-01   1.717e-01        0
      89        93   -5.813055e+04   0.000e+00   8.016e-02   6.238e-02        0
      90        94   -5.813050e+04   0.000e+00   2.898e-02   7.877e-03        0
      91        95   -5.813049e+04   0.000e+00   1.879e-03   3.177e-03        0
      92        96   -5.813045e+04   0.000e+00   6.613e-02   5.907e-03        0
      93        97   -5.813036e+04   0.000e+00   1.676e-01   9.897e-03        0
      94        98   -5.813014e+04   0.000e+00   3.464e-01   2.531e-02        0
      95        99   -5.812966e+04   0.000e+00   5.776e-01   6.269e-02        0
      96       100   -5.812870e+04   0.000e+00   7.968e-01   1.390e-01        0
      97       101   -5.812746e+04   0.000e+00   7.983e-01   2.149e-01        0
      98       102   -5.812662e+04   0.000e+00   5.910e-01   1.678e-01        0
      99       103   -5.812630e+04   0.000e+00   2.539e-01   4.499e-02        0
     100       104   -5.812623e+04   0.000e+00   6.261e-02   2.674e-02        0
     101       105   -5.812622e+04   0.000e+00   2.306e-02   2.110e-02        0
     102       106   -5.812622e+04   0.000e+00   1.777e-02   1.049e-02        0
     103       107   -5.812621e+04   0.000e+00   1.329e-02   6.956e-03        0
     104       108   -5.812620e+04   0.000e+00   2.151e-03   8.336e-03        0
     105       109   -5.812616e+04   0.000e+00   9.289e-03   1.195e-02        0
     106       110   -5.812608e+04   0.000e+00   2.115e-02   1.660e-02        0
     107       111   -5.812593e+04   0.000e+00   3.045e-02   3.645e-02        0
     108       112   -5.812573e+04   0.000e+00   2.682e-02   6.644e-02        0
     109       113   -5.812561e+04   0.000e+00   1.684e-02   6.594e-02        0
     110       114   -5.812557e+04   0.000e+00   1.685e-03   3.640e-02        0
     111       115   -5.812557e+04   0.000e+00   8.544e-03   1.567e-02        0
     112       116   -5.812556e+04   0.000e+00   1.365e-02   9.891e-03        0
     113       117   -5.812555e+04   0.000e+00   2.136e-02   2.936e-02        0
     114       118   -5.812554e+04   0.000e+00   2.597e-02   5.540e-02        0
     115       119   -5.812551e+04   0.000e+00   2.070e-02   8.179e-02        0
     116       120   -5.812550e+04   0.000e+00   6.953e-03   5.182e-02        0
     117       121   -5.812550e+04   0.000e+00   2.010e-03   9.281e-03        0
     118       122   -5.812550e+04   0.000e+00   5.160e-03   4.685e-03        0
     119       123   -5.812550e+04   0.000e+00   8.630e-03   7.252e-03        0
     120       124   -5.812549e+04   0.000e+00   1.336e-02   8.391e-03        0
     121       125   -5.812548e+04   0.000e+00   1.959e-02   8.815e-03        0
     122       126   -5.812545e+04   0.000e+00   2.467e-02   2.791e-02        0
     123       127   -5.812541e+04   0.000e+00   2.298e-02   6.846e-02        0
     124       128   -5.812538e+04   0.000e+00   1.230e-02   8.166e-02        0
     125       129   -5.812537e+04   0.000e+00   2.536e-03   4.107e-02        0
     126       130   -5.812537e+04   0.000e+00   3.839e-04   5.051e-03        0
     127       131   -5.812537e+04   0.000e+00   8.492e-04   3.136e-03        0
     128       132   -5.812537e+04   0.000e+00   1.841e-03   3.586e-03        0
     129       133   -5.812536e+04   0.000e+00   3.343e-03   3.331e-03        0
     130       134   -5.812536e+04   0.000e+00   5.326e-03   4.756e-03        0
     131       135   -5.812534e+04   0.000e+00   7.580e-03   7.158e-03        0
     132       136   -5.812533e+04   0.000e+00   7.860e-03   1.102e-02        0
     133       137   -5.812531e+04   0.000e+00   4.398e-03   1.199e-02        0
     134       138   -5.812531e+04   0.000e+00   7.046e-04   6.660e-03        0
     135       139   -5.812531e+04   0.000e+00   3.255e-04   1.917e-03        0
     136       140   -5.812531e+04   0.000e+00   2.496e-04   5.244e-04        0
     137       141   -5.812531e+04   0.000e+00   5.000e-05   7.328e-04        0
     138       142   -5.812531e+04   0.000e+00   2.364e-04   1.019e-03        0
     139       143   -5.812531e+04   0.000e+00   8.885e-04   2.285e-03        0
     140       144   -5.812531e+04   0.000e+00   1.963e-03   4.058e-03        0
     141       145   -5.812530e+04   0.000e+00   3.361e-03   9.926e-03        0
     142       146   -5.812528e+04   0.000e+00   5.425e-03   2.311e-02        0
     143       147   -5.812525e+04   0.000e+00   7.485e-03   4.899e-02        0
     144       148   -5.812520e+04   0.000e+00   7.846e-03   7.336e-02        0
     145       149   -5.812517e+04   0.000e+00   2.862e-03   6.523e-02        0
     146       150   -5.812515e+04   0.000e+00   1.462e-03   7.814e-02        0
     147       151   -5.812515e+04   0.000e+00   1.287e-03   7.869e-02        0
     148       152   -5.812514e+04   0.000e+00   9.337e-05   3.682e-02        0
     149       153   -5.812514e+04   0.000e+00   1.182e-04   4.528e-03        0
     150       156   -5.812514e+04   0.000e+00   1.050e-04   7.891e-04        0
     151       157   -5.812514e+04   0.000e+00   1.525e-05   8.498e-04        0
     152       158   -5.812514e+04   0.000e+00   3.160e-06   7.344e-04        0
     153       159   -5.812514e+04   0.000e+00   1.377e-06   1.052e-07        2
     154       160   -5.812514e+04   0.000e+00   1.569e-06   6.864e-04        0
     155       161   -5.812514e+04   0.000e+00   4.088e-06   6.417e-04        0
     156       162   -5.812514e+04   0.000e+00   2.593e-07   4.729e-06        9
     157       163   -5.812514e+04   0.000e+00   1.404e-07   6.374e-04        0
     158       164   -5.812514e+04   0.000e+00   8.538e-09   2.458e-06        0

EXIT: Locally optimal solution found.

Final Statistics
----------------
Final objective value               =  -5.81251439030769e+04
Final feasibility error (abs / rel) =   0.00e+00 / 0.00e+00
Final optimality error  (abs / rel) =   8.54e-09 / 8.54e-09
# of iterations                     =        158 
# of CG iterations                  =         11 
# of function evaluations           =        164
# of gradient evaluations           =        159
Total program time (secs)           =    6371.06445 (101297.094 CPU time)
Time spent in evaluations (secs)    =    6306.70410

Solution Vector
---------------
x[       0] =   4.59068797225e+00
x[       1] =   3.09905263249e+00
x[       2] =   3.20554783354e+00
x[       3] =   4.42129977187e+00
x[       4] =   4.66537287159e+00
x[       5] =   2.77218484474e+00
x[       6] =   5.60817500084e+00
x[       7] =  -9.78736593452e-01
x[       8] =  -1.87255604861e+00
x[       9] =  -7.09064549338e+00
x[      10] =   1.95537611901e-02
x[      11] =   2.49567945102e-03
x[      12] =   1.23377033912e+00
x[      13] =   1.35278609449e+00
x[      14] =   9.95444098466e-01
x[      15] =   1.03644401948e+00
x[      16] =   1.35274953521e+00
x[      17] =   1.34814817328e+00
x[      18] =   1.05064036611e+00
x[      19] =   1.10121062667e+00
x[      20] =   1.43737643017e+00
x[      21] =   9.99213173444e-01
x[      22] =   6.22988424314e-01

===============================================================================

