
Solving from new start point (number 26 of 42) <multistart>.


=======================================
*** NO CHECK MADE FOR LICENSE ***
         Artelys Knitro 12.3.0
=======================================

Knitro presolve eliminated 0 variables and 0 constraints.

algorithm:               4
bar_maxcrossit:          3
datacheck:               0
feastol:                 1e-08
hessopt:                 2
maxtime_cpu:             9.98677e+07
maxtime_real:            9.99935e+07
opttol:                  1e-08
outlev:                  5
outmode:                 2
par_concurrent_evals:    0
The problem is identified as bound constrained only.
Knitro changing act_qpalg from AUTO to 3.
Knitro changing honorbnds from AUTO to -1.
Knitro changing linesearch from AUTO to 2.
Knitro changing linsolver from AUTO to 4.

Problem Characteristics                                 (   Presolved)
-----------------------
Objective goal:  Maximize
Objective type:  general
Number of variables:                                 23 (          23)
    bounded below only:                               0 (           0)
    bounded above only:                               0 (           0)
    bounded below and above:                         23 (          23)
    fixed:                                            0 (           0)
    free:                                             0 (           0)
Number of constraints:                                0 (           0)
    linear equalities:                                0 (           0)
    quadratic equalities:                             0 (           0)
    gen. nonlinear equalities:                        0 (           0)
    linear one-sided inequalities:                    0 (           0)
    quadratic one-sided inequalities:                 0 (           0)
    gen. nonlinear one-sided inequalities:            0 (           0)
    linear two-sided inequalities:                    0 (           0)
    quadratic two-sided inequalities:                 0 (           0)
    gen. nonlinear two-sided inequalities:            0 (           0)
Number of nonzeros in Jacobian:                       0 (           0)
Number of nonzeros in Hessian:                        0 (         276)

Knitro using the Sequential Quadratic Programming (SQP) algorithm.

  Iter     fCount     Objective      FeasError   OptError    ||Step||    CGits 
--------  --------  --------------  ----------  ----------  ----------  -------
       0         1   -6.955868e+04   0.000e+00
       1         3   -6.395651e+04   0.000e+00   1.827e+00   1.236e+00        0
       2         4   -6.174439e+04   0.000e+00   7.517e+02   1.024e+00        0
       3         7   -6.085947e+04   0.000e+00   1.286e+02   1.876e-01        0
       4        10   -6.004245e+04   0.000e+00   4.317e-01   3.580e-01        0
       5        11   -5.954408e+04   0.000e+00   4.811e-01   4.778e-01        0
       6        13   -5.952903e+04   0.000e+00   2.728e+02   5.876e-01        0
       7        16   -5.946075e+04   0.000e+00   3.120e-01   1.312e-01        0
       8        18   -5.882699e+04   0.000e+00   3.835e-01   8.507e-01        0
       9        19   -5.879524e+04   0.000e+00   1.212e+02   4.381e-01        0
      10        20   -5.860800e+04   0.000e+00   3.789e+01   2.342e-01        0
      11        21   -5.853852e+04   0.000e+00   4.810e+01   3.107e-01        0
      12        22   -5.845213e+04   0.000e+00   2.097e+01   1.481e-01        0
      13        23   -5.832076e+04   0.000e+00   1.651e+01   6.288e-01        0
      14        24   -5.826201e+04   0.000e+00   2.368e+01   5.911e-01        0
      15        25   -5.822200e+04   0.000e+00   1.889e+01   2.390e-01        0
      16        26   -5.818763e+04   0.000e+00   1.658e+01   2.709e-01        0
      17        27   -5.817857e+04   0.000e+00   8.651e+00   9.726e-02        0
      18        28   -5.817156e+04   0.000e+00   2.721e-01   9.225e-02        0
      19        29   -5.816556e+04   0.000e+00   1.332e+01   1.033e-01        0
      20        30   -5.815806e+04   0.000e+00   1.774e+01   1.605e-01        0
      21        31   -5.815073e+04   0.000e+00   1.788e+01   1.847e-01        0
      22        32   -5.814807e+04   0.000e+00   1.121e+00   1.207e-01        0
      23        33   -5.814663e+04   0.000e+00   2.152e+00   7.586e-02        0
      24        34   -5.814576e+04   0.000e+00   2.699e+00   2.645e-02        0
      25        35   -5.814461e+04   0.000e+00   2.858e+00   5.046e-02        0
      26        36   -5.814353e+04   0.000e+00   1.980e+00   5.908e-02        0
      27        37   -5.814148e+04   0.000e+00   3.089e-01   1.357e-01        0
      28        38   -5.813983e+04   0.000e+00   1.994e+00   1.201e-01        0
      29        39   -5.813866e+04   0.000e+00   2.281e+00   7.616e-02        0
      30        40   -5.813822e+04   0.000e+00   1.140e+00   2.848e-02        0
      31        41   -5.813793e+04   0.000e+00   1.697e-01   2.320e-02        0
      32        42   -5.813748e+04   0.000e+00   7.454e-01   4.155e-02        0
      33        43   -5.813704e+04   0.000e+00   1.076e+00   4.879e-02        0
      34        44   -5.813671e+04   0.000e+00   5.931e-01   4.366e-02        0
      35        45   -5.813656e+04   0.000e+00   3.562e-02   2.227e-02        0
      36        46   -5.813650e+04   0.000e+00   3.436e-01   9.556e-03        0
      37        47   -5.813646e+04   0.000e+00   3.410e-01   8.707e-03        0
      38        48   -5.813636e+04   0.000e+00   1.398e-01   1.879e-02        0
      39        49   -5.813616e+04   0.000e+00   4.395e-01   4.616e-02        0
      40        50   -5.813565e+04   0.000e+00   1.595e+00   1.208e-01        0
      41        51   -5.813446e+04   0.000e+00   4.181e+00   3.059e-01        0
      42        52   -5.813222e+04   0.000e+00   1.000e+01   6.534e-01        0
      43        53   -5.812983e+04   0.000e+00   1.148e+01   6.163e-01        0
      44        54   -5.812693e+04   0.000e+00   1.045e+00   3.332e-01        0
      45        55   -5.812597e+04   0.000e+00   9.417e+00   5.565e-02        0
      46        56   -5.812588e+04   0.000e+00   4.983e+00   1.424e-01        0
      47        57   -5.812571e+04   0.000e+00   5.709e-01   8.918e-02        0
      48        58   -5.812566e+04   0.000e+00   7.345e-01   2.423e-02        0
      49        59   -5.812556e+04   0.000e+00   1.281e+00   3.413e-02        0
      50        60   -5.812547e+04   0.000e+00   6.931e-01   2.289e-02        0
      51        61   -5.812536e+04   0.000e+00   3.911e-01   2.989e-02        0
      52        62   -5.812527e+04   0.000e+00   9.056e-01   2.660e-02        0
      53        63   -5.812524e+04   0.000e+00   5.556e-01   1.482e-02        0
      54        66   -5.812524e+04   0.000e+00   6.187e-01   7.446e-03        0
      55        67   -5.812523e+04   0.000e+00   2.231e-02   6.335e-03        0
      56        68   -5.812523e+04   0.000e+00   5.529e-02   9.913e-03        0
      57        69   -5.812523e+04   0.000e+00   7.055e-02   1.829e-02        0
      58        70   -5.812522e+04   0.000e+00   4.888e-02   4.571e-02        0
      59        71   -5.812522e+04   0.000e+00   4.434e-03   4.986e-02        0
      60        72   -5.812522e+04   0.000e+00   5.682e-02   3.097e-02        0
      61        73   -5.812522e+04   0.000e+00   7.721e-02   7.820e-03        0
      62        74   -5.812522e+04   0.000e+00   8.485e-02   2.609e-03        0
      63        75   -5.812522e+04   0.000e+00   8.586e-02   4.922e-03        0
      64        76   -5.812521e+04   0.000e+00   8.137e-02   1.118e-02        0
      65        77   -5.812520e+04   0.000e+00   5.689e-02   2.486e-02        0
      66        78   -5.812518e+04   0.000e+00   1.209e-02   4.266e-02        0
      67        79   -5.812516e+04   0.000e+00   3.640e-02   4.484e-02        0
      68        80   -5.812515e+04   0.000e+00   6.306e-02   1.886e-02        0
      69        81   -5.812515e+04   0.000e+00   5.874e-02   2.836e-03        0
      70        82   -5.812515e+04   0.000e+00   4.595e-02   3.420e-03        0
      71        83   -5.812515e+04   0.000e+00   1.578e-02   6.799e-03        0
      72        84   -5.812515e+04   0.000e+00   1.851e-02   1.179e-02        0
      73        85   -5.812514e+04   0.000e+00   3.387e-02   1.538e-02        0
      74        86   -5.812514e+04   0.000e+00   1.981e-02   8.972e-03        0
      75        87   -5.812514e+04   0.000e+00   5.174e-03   1.851e-03        0
      76        88   -5.812514e+04   0.000e+00   5.378e-04   1.689e-04        0
      77        89   -5.812514e+04   0.000e+00   4.099e-04   4.505e-04        0
      78        90   -5.812514e+04   0.000e+00   1.091e-04   5.758e-05        0
      79        91   -5.812514e+04   0.000e+00   3.192e-05   2.504e-05        0
      80        92   -5.812514e+04   0.000e+00   2.629e-06   1.353e-10        1
      81        93   -5.812514e+04   0.000e+00   2.314e-07   4.842e-05        0
      82        94   -5.812514e+04   0.000e+00   9.461e-08   4.838e-05        0
      83        95   -5.812514e+04   0.000e+00   2.903e-08   4.101e-05        0
      84        96   -5.812514e+04   0.000e+00   7.400e-09   4.318e-08        0

EXIT: Locally optimal solution found.

Final Statistics
----------------
Final objective value               =  -5.81251439030776e+04
Final feasibility error (abs / rel) =   0.00e+00 / 0.00e+00
Final optimality error  (abs / rel) =   7.40e-09 / 7.40e-09
# of iterations                     =         84 
# of CG iterations                  =          1 
# of function evaluations           =         96
# of gradient evaluations           =         85
Total program time (secs)           =    5561.06641 (116403.594 CPU time)
Time spent in evaluations (secs)    =    5496.83838

Solution Vector
---------------
x[       0] =   4.59068783860e+00
x[       1] =   3.09905239029e+00
x[       2] =   3.20554764866e+00
x[       3] =   4.42129956721e+00
x[       4] =   4.66537258531e+00
x[       5] =   2.77218467668e+00
x[       6] =   5.60817477664e+00
x[       7] =  -9.78736539120e-01
x[       8] =  -1.87255596203e+00
x[       9] =  -7.09064595347e+00
x[      10] =   1.95537698657e-02
x[      11] =   2.49567944050e-03
x[      12] =   1.23377030808e+00
x[      13] =   1.35278601125e+00
x[      14] =   9.95444077174e-01
x[      15] =   1.03644394908e+00
x[      16] =   1.35274967539e+00
x[      17] =   1.34814822799e+00
x[      18] =   1.05064037937e+00
x[      19] =   1.10121067794e+00
x[      20] =   1.43737659563e+00
x[      21] =   9.99213205109e-01
x[      22] =   6.22988429424e-01

===============================================================================

