
Solving from new start point (number 10 of 42) <multistart>.


=======================================
*** NO CHECK MADE FOR LICENSE ***
         Artelys Knitro 12.3.0
=======================================

Knitro presolve eliminated 0 variables and 0 constraints.

algorithm:               4
bar_maxcrossit:          3
datacheck:               0
feastol:                 1e-08
hessopt:                 2
maxtime_cpu:             9.99995e+07
maxtime_real:            9.99998e+07
opttol:                  1e-08
outlev:                  5
outmode:                 2
par_concurrent_evals:    0
The problem is identified as bound constrained only.
Knitro changing act_qpalg from AUTO to 3.
Knitro changing honorbnds from AUTO to -1.
Knitro changing linesearch from AUTO to 2.
Knitro changing linsolver from AUTO to 4.

Problem Characteristics                                 (   Presolved)
-----------------------
Objective goal:  Maximize
Objective type:  general
Number of variables:                                 23 (          23)
    bounded below only:                               0 (           0)
    bounded above only:                               0 (           0)
    bounded below and above:                         23 (          23)
    fixed:                                            0 (           0)
    free:                                             0 (           0)
Number of constraints:                                0 (           0)
    linear equalities:                                0 (           0)
    quadratic equalities:                             0 (           0)
    gen. nonlinear equalities:                        0 (           0)
    linear one-sided inequalities:                    0 (           0)
    quadratic one-sided inequalities:                 0 (           0)
    gen. nonlinear one-sided inequalities:            0 (           0)
    linear two-sided inequalities:                    0 (           0)
    quadratic two-sided inequalities:                 0 (           0)
    gen. nonlinear two-sided inequalities:            0 (           0)
Number of nonzeros in Jacobian:                       0 (           0)
Number of nonzeros in Hessian:                        0 (         276)

Knitro using the Sequential Quadratic Programming (SQP) algorithm.

  Iter     fCount     Objective      FeasError   OptError    ||Step||    CGits 
--------  --------  --------------  ----------  ----------  ----------  -------
       0         1   -6.482511e+04   0.000e+00
       1         4   -6.243344e+04   0.000e+00   1.087e+03   8.263e-01        0
       2         7   -5.929333e+04   0.000e+00   9.701e+01   1.136e+00        0
       3        10   -5.909119e+04   0.000e+00   1.825e+02   2.265e-01        0
       4        13   -5.866139e+04   0.000e+00   3.249e+02   8.617e-01        0
       5        16   -5.847974e+04   0.000e+00   1.102e+02   5.542e-01        0
       6        19   -5.834270e+04   0.000e+00   2.445e+02   3.998e-01        0
       7        22   -5.830404e+04   0.000e+00   5.513e+01   1.118e-01        0
       8        25   -5.826430e+04   0.000e+00   7.589e+01   1.951e-01        0
       9        28   -5.823354e+04   0.000e+00   3.392e+01   1.801e-01        0
      10        29   -5.821501e+04   0.000e+00   6.059e+01   3.506e-01        0
      11        30   -5.817932e+04   0.000e+00   2.232e+01   1.803e-01        0
      12        31   -5.816598e+04   0.000e+00   3.087e+01   2.623e-01        0
      13        32   -5.816084e+04   0.000e+00   8.225e+01   4.231e-01        0
      14        33   -5.813786e+04   0.000e+00   2.769e+00   1.779e-01        0
      15        34   -5.813480e+04   0.000e+00   3.543e+00   8.490e-02        0
      16        35   -5.813313e+04   0.000e+00   1.086e+01   7.644e-02        0
      17        36   -5.813189e+04   0.000e+00   9.341e-01   7.854e-02        0
      18        37   -5.813015e+04   0.000e+00   1.220e+01   1.577e-01        0
      19        38   -5.812875e+04   0.000e+00   1.608e+01   1.159e-01        0
      20        39   -5.812794e+04   0.000e+00   3.493e+00   6.341e-02        0
      21        40   -5.812774e+04   0.000e+00   4.441e+00   4.548e-02        0
      22        41   -5.812765e+04   0.000e+00   1.104e+00   1.251e-02        0
      23        42   -5.812754e+04   0.000e+00   4.485e+00   2.654e-02        0
      24        43   -5.812745e+04   0.000e+00   3.969e+00   2.746e-02        0
      25        44   -5.812732e+04   0.000e+00   2.345e+00   4.138e-02        0
      26        45   -5.812697e+04   0.000e+00   1.909e+00   1.173e-01        0
      27        46   -5.812645e+04   0.000e+00   5.070e+00   1.979e-01        0
      28        47   -5.812593e+04   0.000e+00   4.644e+00   2.209e-01        0
      29        48   -5.812562e+04   0.000e+00   2.662e+00   1.249e-01        0
      30        49   -5.812543e+04   0.000e+00   2.648e-01   5.162e-02        0
      31        50   -5.812531e+04   0.000e+00   1.603e+00   2.652e-02        0
      32        53   -5.812530e+04   0.000e+00   1.549e+00   4.478e-02        0
      33        56   -5.812522e+04   0.000e+00   9.940e-02   3.134e-02        0
      34        57   -5.812519e+04   0.000e+00   1.158e-01   2.712e-02        0
      35        58   -5.812517e+04   0.000e+00   3.511e-01   3.713e-02        0
      36        59   -5.812516e+04   0.000e+00   9.548e-03   1.103e-02        0
      37        60   -5.812515e+04   0.000e+00   2.681e-01   9.838e-03        0
      38        61   -5.812515e+04   0.000e+00   2.605e-01   5.434e-03        0
      39        62   -5.812515e+04   0.000e+00   8.225e-02   3.959e-03        0
      40        63   -5.812515e+04   0.000e+00   3.451e-02   1.455e-03        0
      41        64   -5.812515e+04   0.000e+00   1.829e-01   1.094e-03        0
      42        65   -5.812515e+04   0.000e+00   2.108e-01   2.003e-03        0
      43        66   -5.812515e+04   0.000e+00   1.313e-01   2.805e-03        0
      44        67   -5.812515e+04   0.000e+00   6.393e-03   2.723e-03        0
      45        68   -5.812515e+04   0.000e+00   1.658e-01   2.547e-03        0
      46        69   -5.812515e+04   0.000e+00   4.238e-01   4.872e-03        0
      47        70   -5.812515e+04   0.000e+00   7.689e-01   1.008e-02        0
      48        71   -5.812515e+04   0.000e+00   1.203e+00   2.260e-02        0
      49        72   -5.812515e+04   0.000e+00   1.489e+00   4.155e-02        0
      50        73   -5.812515e+04   0.000e+00   1.215e+00   4.936e-02        0
      51        74   -5.812514e+04   0.000e+00   4.940e-01   2.305e-02        0
      52        75   -5.812514e+04   0.000e+00   6.492e-02   3.455e-03        0
      53        76   -5.812514e+04   0.000e+00   9.024e-04   3.417e-03        0
      54        77   -5.812514e+04   0.000e+00   9.996e-04   6.182e-04        0
      55        78   -5.812514e+04   0.000e+00   8.122e-06   1.829e-05        0
      56        79   -5.812514e+04   0.000e+00   3.147e-05   7.131e-06        0
      57        80   -5.812514e+04   0.000e+00   2.259e-06   1.088e-11        1
      58        81   -5.812514e+04   0.000e+00   3.434e-08   1.349e-05        0
      59        82   -5.812514e+04   0.000e+00   3.794e-08   2.047e-06        0
      60        83   -5.812514e+04   0.000e+00   9.631e-10   2.323e-08        0

EXIT: Locally optimal solution found.

Final Statistics
----------------
Final objective value               =  -5.81251439030779e+04
Final feasibility error (abs / rel) =   0.00e+00 / 0.00e+00
Final optimality error  (abs / rel) =   9.63e-10 / 9.63e-10
# of iterations                     =         60 
# of CG iterations                  =          1 
# of function evaluations           =         83
# of gradient evaluations           =         61
Total program time (secs)           =    4273.14014 ( 89418.406 CPU time)
Time spent in evaluations (secs)    =    4241.85205

Solution Vector
---------------
x[       0] =   4.59068783344e+00
x[       1] =   3.09905237864e+00
x[       2] =   3.20554763957e+00
x[       3] =   4.42129955638e+00
x[       4] =   4.66537257544e+00
x[       5] =   2.77218467012e+00
x[       6] =   5.60817476719e+00
x[       7] =  -9.78736537575e-01
x[       8] =  -1.87255595871e+00
x[       9] =  -7.09064594966e+00
x[      10] =   1.95537688857e-02
x[      11] =   2.49567946051e-03
x[      12] =   1.23377030692e+00
x[      13] =   1.35278600880e+00
x[      14] =   9.95444075279e-01
x[      15] =   1.03644394420e+00
x[      16] =   1.35274968117e+00
x[      17] =   1.34814823203e+00
x[      18] =   1.05064038150e+00
x[      19] =   1.10121067963e+00
x[      20] =   1.43737659577e+00
x[      21] =   9.99213207242e-01
x[      22] =   6.22988428375e-01

===============================================================================

