
Solving from new start point (number 42 of 42) <multistart>.


=======================================
*** NO CHECK MADE FOR LICENSE ***
         Artelys Knitro 12.3.0
=======================================

Knitro presolve eliminated 0 variables and 0 constraints.

algorithm:               4
bar_maxcrossit:          3
datacheck:               0
feastol:                 1e-08
hessopt:                 2
maxtime_cpu:             9.97507e+07
maxtime_real:            9.99879e+07
opttol:                  1e-08
outlev:                  5
outmode:                 2
par_concurrent_evals:    0
The problem is identified as bound constrained only.
Knitro changing act_qpalg from AUTO to 3.
Knitro changing honorbnds from AUTO to -1.
Knitro changing linesearch from AUTO to 2.
Knitro changing linsolver from AUTO to 4.

Problem Characteristics                                 (   Presolved)
-----------------------
Objective goal:  Maximize
Objective type:  general
Number of variables:                                 23 (          23)
    bounded below only:                               0 (           0)
    bounded above only:                               0 (           0)
    bounded below and above:                         23 (          23)
    fixed:                                            0 (           0)
    free:                                             0 (           0)
Number of constraints:                                0 (           0)
    linear equalities:                                0 (           0)
    quadratic equalities:                             0 (           0)
    gen. nonlinear equalities:                        0 (           0)
    linear one-sided inequalities:                    0 (           0)
    quadratic one-sided inequalities:                 0 (           0)
    gen. nonlinear one-sided inequalities:            0 (           0)
    linear two-sided inequalities:                    0 (           0)
    quadratic two-sided inequalities:                 0 (           0)
    gen. nonlinear two-sided inequalities:            0 (           0)
Number of nonzeros in Jacobian:                       0 (           0)
Number of nonzeros in Hessian:                        0 (         276)

Knitro using the Sequential Quadratic Programming (SQP) algorithm.

  Iter     fCount     Objective      FeasError   OptError    ||Step||    CGits 
--------  --------  --------------  ----------  ----------  ----------  -------
       0         1   -9.380644e+04   0.000e+00
       1         2   -6.518103e+04   0.000e+00   6.471e+01   1.140e+00        0
       2         3   -6.276621e+04   0.000e+00   9.741e-02   2.514e-01        0
       3         6   -6.206011e+04   0.000e+00   6.005e+00   2.955e-01        0
       4         7   -6.178360e+04   0.000e+00   3.483e+00   8.709e-02        0
       5         8   -6.134852e+04   0.000e+00   2.955e+00   1.502e-01        0
       6         9   -6.111741e+04   0.000e+00   2.416e+01   4.300e-01        0
       7        10   -6.068757e+04   0.000e+00   4.227e+00   1.946e-01        0
       8        11   -6.040677e+04   0.000e+00   4.231e+00   1.265e-01        0
       9        12   -5.998213e+04   0.000e+00   2.129e+01   5.117e-01        0
      10        13   -5.969620e+04   0.000e+00   5.089e+00   7.476e-02        0
      11        14   -5.957436e+04   0.000e+00   4.024e+00   1.505e-01        0
      12        15   -5.944090e+04   0.000e+00   4.033e+00   1.964e-01        0
      13        16   -5.937232e+04   0.000e+00   2.825e+00   4.777e-02        0
      14        17   -5.912868e+04   0.000e+00   1.987e+00   2.520e-01        0
      15        18   -5.902217e+04   0.000e+00   5.014e-01   1.507e-01        0
      16        19   -5.881733e+04   0.000e+00   5.161e+00   2.945e-01        0
      17        20   -5.867806e+04   0.000e+00   4.962e+00   2.016e-01        0
      18        21   -5.850764e+04   0.000e+00   7.510e-01   2.929e-01        0
      19        22   -5.843079e+04   0.000e+00   1.409e+00   1.840e-01        0
      20        23   -5.838530e+04   0.000e+00   2.599e-01   1.140e-01        0
      21        24   -5.835364e+04   0.000e+00   2.352e+00   9.725e-02        0
      22        25   -5.832540e+04   0.000e+00   5.516e-01   1.028e-01        0
      23        26   -5.830509e+04   0.000e+00   2.096e+00   1.981e-01        0
      24        27   -5.829443e+04   0.000e+00   9.056e-01   5.118e-02        0
      25        28   -5.828965e+04   0.000e+00   2.874e-01   3.118e-02        0
      26        29   -5.828193e+04   0.000e+00   8.495e-01   7.711e-02        0
      27        30   -5.826265e+04   0.000e+00   1.532e+00   2.456e-01        0
      28        31   -5.824630e+04   0.000e+00   1.294e+00   2.818e-01        0
      29        32   -5.823374e+04   0.000e+00   6.638e-01   1.454e-01        0
      30        33   -5.822790e+04   0.000e+00   6.081e-02   6.789e-02        0
      31        34   -5.822465e+04   0.000e+00   1.167e-01   4.427e-02        0
      32        35   -5.821547e+04   0.000e+00   2.459e-01   8.711e-02        0
      33        36   -5.820889e+04   0.000e+00   3.938e-01   7.336e-02        0
      34        37   -5.820514e+04   0.000e+00   1.012e-01   5.824e-02        0
      35        38   -5.820369e+04   0.000e+00   1.260e-01   1.903e-02        0
      36        39   -5.820259e+04   0.000e+00   6.722e-02   2.364e-02        0
      37        40   -5.819996e+04   0.000e+00   2.984e-01   2.833e-02        0
      38        41   -5.819699e+04   0.000e+00   3.714e-01   4.306e-02        0
      39        42   -5.819511e+04   0.000e+00   1.715e-01   6.189e-02        0
      40        43   -5.819445e+04   0.000e+00   2.725e-02   4.250e-02        0
      41        44   -5.819404e+04   0.000e+00   1.178e-01   2.627e-02        0
      42        45   -5.819323e+04   0.000e+00   1.957e-01   3.911e-02        0
      43        46   -5.819149e+04   0.000e+00   2.431e-01   6.473e-02        0
      44        47   -5.818825e+04   0.000e+00   1.968e-01   1.003e-01        0
      45        48   -5.818397e+04   0.000e+00   2.306e-02   1.174e-01        0
      46        49   -5.818065e+04   0.000e+00   2.774e-01   9.259e-02        0
      47        50   -5.817908e+04   0.000e+00   2.980e-01   6.765e-02        0
      48        51   -5.817828e+04   0.000e+00   1.783e-01   5.499e-02        0
      49        52   -5.817743e+04   0.000e+00   1.346e-02   4.953e-02        0
      50        53   -5.817600e+04   0.000e+00   2.989e-01   5.438e-02        0
      51        54   -5.817387e+04   0.000e+00   5.673e-01   5.886e-02        0
      52        55   -5.817154e+04   0.000e+00   6.021e-01   8.481e-02        0
      53        56   -5.816993e+04   0.000e+00   3.554e-01   8.124e-02        0
      54        57   -5.816878e+04   0.000e+00   6.181e-03   5.481e-02        0
      55        58   -5.816757e+04   0.000e+00   3.618e-01   3.998e-02        0
      56        59   -5.816573e+04   0.000e+00   7.315e-01   4.687e-02        0
      57        60   -5.816257e+04   0.000e+00   1.015e+00   8.878e-02        0
      58        61   -5.815844e+04   0.000e+00   9.598e-01   1.479e-01        0
      59        62   -5.815535e+04   0.000e+00   5.478e-01   1.505e-01        0
      60        63   -5.815413e+04   0.000e+00   1.497e-01   6.291e-02        0
      61        64   -5.815351e+04   0.000e+00   1.520e-01   2.127e-02        0
      62        65   -5.815278e+04   0.000e+00   4.288e-01   2.463e-02        0
      63        66   -5.815152e+04   0.000e+00   6.791e-01   3.870e-02        0
      64        67   -5.814962e+04   0.000e+00   7.738e-01   6.668e-02        0
      65        68   -5.814803e+04   0.000e+00   5.886e-01   7.648e-02        0
      66        69   -5.814741e+04   0.000e+00   2.483e-01   4.410e-02        0
      67        70   -5.814723e+04   0.000e+00   7.248e-03   1.852e-02        0
      68        71   -5.814711e+04   0.000e+00   1.217e-01   1.069e-02        0
      69        72   -5.814685e+04   0.000e+00   3.048e-01   1.840e-02        0
      70        73   -5.814629e+04   0.000e+00   5.230e-01   3.458e-02        0
      71        74   -5.814523e+04   0.000e+00   7.040e-01   6.324e-02        0
      72        75   -5.814395e+04   0.000e+00   6.759e-01   8.085e-02        0
      73        76   -5.814305e+04   0.000e+00   4.133e-01   5.689e-02        0
      74        77   -5.814261e+04   0.000e+00   7.329e-02   2.729e-02        0
      75        78   -5.814232e+04   0.000e+00   1.829e-01   1.727e-02        0
      76        79   -5.814183e+04   0.000e+00   4.792e-01   1.811e-02        0
      77        80   -5.814069e+04   0.000e+00   8.565e-01   3.321e-02        0
      78        81   -5.813861e+04   0.000e+00   1.125e+00   8.882e-02        0
      79        82   -5.813621e+04   0.000e+00   9.436e-01   1.592e-01        0
      80        83   -5.813481e+04   0.000e+00   4.497e-01   1.406e-01        0
      81        84   -5.813437e+04   0.000e+00   8.203e-02   7.176e-02        0
      82        85   -5.813423e+04   0.000e+00   9.028e-02   2.768e-02        0
      83        86   -5.813405e+04   0.000e+00   2.414e-01   2.956e-02        0
      84        87   -5.813370e+04   0.000e+00   4.164e-01   4.794e-02        0
      85        88   -5.813321e+04   0.000e+00   4.763e-01   6.206e-02        0
      86        89   -5.813279e+04   0.000e+00   3.552e-01   4.286e-02        0
      87        90   -5.813260e+04   0.000e+00   8.149e-02   1.631e-02        0
      88        91   -5.813255e+04   0.000e+00   2.307e-02   2.095e-02        0
      89        92   -5.813252e+04   0.000e+00   1.002e-01   1.170e-02        0
      90        93   -5.813243e+04   0.000e+00   1.796e-01   2.428e-02        0
      91        94   -5.813221e+04   0.000e+00   3.138e-01   3.253e-02        0
      92        95   -5.813167e+04   0.000e+00   4.657e-01   4.747e-02        0
      93        96   -5.813058e+04   0.000e+00   6.072e-01   7.897e-02        0
      94        97   -5.812897e+04   0.000e+00   5.720e-01   1.539e-01        0
      95        98   -5.812749e+04   0.000e+00   3.038e-01   2.138e-01        0
      96        99   -5.812703e+04   0.000e+00   5.627e-02   1.279e-01        0
      97       100   -5.812695e+04   0.000e+00   5.713e-03   4.284e-02        0
      98       101   -5.812686e+04   0.000e+00   4.722e-02   4.312e-02        0
      99       102   -5.812671e+04   0.000e+00   6.815e-02   5.853e-02        0
     100       103   -5.812647e+04   0.000e+00   5.931e-02   7.404e-02        0
     101       104   -5.812621e+04   0.000e+00   1.983e-02   5.204e-02        0
     102       105   -5.812607e+04   0.000e+00   7.160e-03   2.753e-02        0
     103       106   -5.812603e+04   0.000e+00   1.459e-02   4.353e-02        0
     104       107   -5.812603e+04   0.000e+00   8.197e-03   2.124e-02        0
     105       108   -5.812602e+04   0.000e+00   1.567e-04   1.190e-02        0
     106       109   -5.812600e+04   0.000e+00   2.438e-02   1.946e-02        0
     107       110   -5.812596e+04   0.000e+00   6.363e-02   2.066e-02        0
     108       111   -5.812587e+04   0.000e+00   1.248e-01   1.892e-02        0
     109       112   -5.812573e+04   0.000e+00   1.413e-01   3.878e-02        0
     110       113   -5.812563e+04   0.000e+00   1.998e-01   8.059e-02        0
     111       114   -5.812554e+04   0.000e+00   2.294e-02   1.720e-01        0
     112       115   -5.812547e+04   0.000e+00   4.165e-03   3.102e-02        0
     113       116   -5.812546e+04   0.000e+00   3.116e-02   3.415e-02        0
     114       117   -5.812545e+04   0.000e+00   4.069e-02   3.456e-02        0
     115       118   -5.812543e+04   0.000e+00   5.538e-02   9.539e-02        0
     116       119   -5.812542e+04   0.000e+00   4.406e-02   9.517e-02        0
     117       120   -5.812541e+04   0.000e+00   1.930e-02   4.937e-02        0
     118       121   -5.812541e+04   0.000e+00   8.590e-04   1.590e-03        0
     119       122   -5.812541e+04   0.000e+00   5.344e-03   6.949e-04        0
     120       123   -5.812541e+04   0.000e+00   1.410e-02   7.839e-03        0
     121       124   -5.812541e+04   0.000e+00   2.483e-02   8.148e-03        0
     122       125   -5.812540e+04   0.000e+00   4.340e-02   8.994e-03        0
     123       126   -5.812539e+04   0.000e+00   6.361e-02   1.883e-02        0
     124       127   -5.812537e+04   0.000e+00   7.115e-02   2.069e-02        0
     125       128   -5.812535e+04   0.000e+00   4.828e-02   2.049e-02        0
     126       129   -5.812534e+04   0.000e+00   1.783e-02   3.367e-02        0
     127       130   -5.812534e+04   0.000e+00   9.530e-04   2.474e-02        0
     128       131   -5.812534e+04   0.000e+00   4.330e-04   3.271e-03        0
     129       132   -5.812534e+04   0.000e+00   1.412e-03   3.263e-03        0
     130       133   -5.812534e+04   0.000e+00   2.020e-03   3.204e-03        0
     131       134   -5.812534e+04   0.000e+00   4.059e-03   8.448e-03        0
     132       135   -5.812534e+04   0.000e+00   6.648e-03   8.978e-03        0
     133       136   -5.812533e+04   0.000e+00   1.153e-02   1.149e-02        0
     134       137   -5.812532e+04   0.000e+00   1.862e-02   1.676e-02        0
     135       138   -5.812530e+04   0.000e+00   2.769e-02   3.404e-02        0
     136       139   -5.812525e+04   0.000e+00   3.394e-02   6.824e-02        0
     137       140   -5.812519e+04   0.000e+00   2.914e-02   9.817e-02        0
     138       141   -5.812515e+04   0.000e+00   1.049e-02   1.232e-01        0
     139       142   -5.812514e+04   0.000e+00   1.076e-03   6.075e-02        0
     140       143   -5.812514e+04   0.000e+00   4.697e-05   7.737e-03        0
     141       144   -5.812514e+04   0.000e+00   6.892e-05   2.121e-03        0
     142       145   -5.812514e+04   0.000e+00   6.137e-05   9.950e-04        0
     143       146   -5.812514e+04   0.000e+00   5.562e-05   9.953e-04        0
     144       147   -5.812514e+04   0.000e+00   8.386e-05   9.956e-04        0
     145       148   -5.812514e+04   0.000e+00   1.241e-04   9.961e-04        0
     146       149   -5.812514e+04   0.000e+00   1.631e-04   9.979e-04        0
     147       150   -5.812514e+04   0.000e+00   2.218e-04   1.029e-03        0
     148       151   -5.812514e+04   0.000e+00   1.627e-04   6.337e-03        0
     149       152   -5.812514e+04   0.000e+00   7.580e-05   6.088e-03        0
     150       153   -5.812514e+04   0.000e+00   1.706e-04   2.339e-03        0
     151       155   -5.812514e+04   0.000e+00   2.879e-05   1.168e-03        0
     152       156   -5.812514e+04   0.000e+00   4.584e-06   8.313e-07        2
     153       157   -5.812514e+04   0.000e+00   1.148e-05   2.271e-05       13
     154       158   -5.812514e+04   0.000e+00   6.055e-06   6.853e-04        0
     155       159   -5.812514e+04   0.000e+00   7.938e-08   1.672e-06        3
     156       160   -5.812514e+04   0.000e+00   1.001e-06   4.605e-04        0
     157       161   -5.812514e+04   0.000e+00   3.673e-07   2.139e-06        0
     158       162   -5.812514e+04   0.000e+00   3.292e-08   2.137e-06        0
     159       163   -5.812514e+04   0.000e+00   6.789e-08   4.034e-07       19
     160       164   -5.812514e+04   0.000e+00   3.688e-08   2.084e-06        0
     161       165   -5.812514e+04   0.000e+00   5.689e-11   6.134e-13        1

EXIT: Locally optimal solution found.

Final Statistics
----------------
Final objective value               =  -5.81251439030771e+04
Final feasibility error (abs / rel) =   0.00e+00 / 0.00e+00
Final optimality error  (abs / rel) =   5.69e-11 / 5.69e-11
# of iterations                     =        161 
# of CG iterations                  =         38 
# of function evaluations           =        165
# of gradient evaluations           =        162
Total program time (secs)           =    4707.70703 ( 64157.852 CPU time)
Time spent in evaluations (secs)    =    4643.37207

Solution Vector
---------------
x[       0] =   4.59068784488e+00
x[       1] =   3.09905237681e+00
x[       2] =   3.20554764231e+00
x[       3] =   4.42129956081e+00
x[       4] =   4.66537257969e+00
x[       5] =   2.77218467596e+00
x[       6] =   5.60817477437e+00
x[       7] =  -9.78736538162e-01
x[       8] =  -1.87255596039e+00
x[       9] =  -7.09064592912e+00
x[      10] =   1.95537690487e-02
x[      11] =   2.49567944705e-03
x[      12] =   1.23377030346e+00
x[      13] =   1.35278600593e+00
x[      14] =   9.95444073759e-01
x[      15] =   1.03644394160e+00
x[      16] =   1.35274968888e+00
x[      17] =   1.34814823695e+00
x[      18] =   1.05064038365e+00
x[      19] =   1.10121068279e+00
x[      20] =   1.43737659823e+00
x[      21] =   9.99213208891e-01
x[      22] =   6.22988428611e-01

===============================================================================

