
Solving from new start point (number 32 of 42) <multistart>.


=======================================
*** NO CHECK MADE FOR LICENSE ***
         Artelys Knitro 12.3.0
=======================================

Knitro presolve eliminated 0 variables and 0 constraints.

algorithm:               4
bar_maxcrossit:          3
datacheck:               0
feastol:                 1e-08
hessopt:                 2
maxtime_cpu:             9.98307e+07
maxtime_real:            9.99917e+07
opttol:                  1e-08
outlev:                  5
outmode:                 2
par_concurrent_evals:    0
The problem is identified as bound constrained only.
Knitro changing act_qpalg from AUTO to 3.
Knitro changing honorbnds from AUTO to -1.
Knitro changing linesearch from AUTO to 2.
Knitro changing linsolver from AUTO to 4.

Problem Characteristics                                 (   Presolved)
-----------------------
Objective goal:  Maximize
Objective type:  general
Number of variables:                                 23 (          23)
    bounded below only:                               0 (           0)
    bounded above only:                               0 (           0)
    bounded below and above:                         23 (          23)
    fixed:                                            0 (           0)
    free:                                             0 (           0)
Number of constraints:                                0 (           0)
    linear equalities:                                0 (           0)
    quadratic equalities:                             0 (           0)
    gen. nonlinear equalities:                        0 (           0)
    linear one-sided inequalities:                    0 (           0)
    quadratic one-sided inequalities:                 0 (           0)
    gen. nonlinear one-sided inequalities:            0 (           0)
    linear two-sided inequalities:                    0 (           0)
    quadratic two-sided inequalities:                 0 (           0)
    gen. nonlinear two-sided inequalities:            0 (           0)
Number of nonzeros in Jacobian:                       0 (           0)
Number of nonzeros in Hessian:                        0 (         276)

Knitro using the Sequential Quadratic Programming (SQP) algorithm.

  Iter     fCount     Objective      FeasError   OptError    ||Step||    CGits 
--------  --------  --------------  ----------  ----------  ----------  -------
       0         1   -7.406468e+04   0.000e+00
       1         2   -6.673307e+04   0.000e+00   1.231e+02   3.444e-01        0
       2         4   -6.330307e+04   0.000e+00   3.082e-01   8.376e-01        0
       3         7   -6.143089e+04   0.000e+00   5.129e+01   2.846e-01        0
       4         9   -5.976082e+04   0.000e+00   2.445e+01   2.088e-01        0
       5        10   -5.945608e+04   0.000e+00   3.368e+00   7.511e-02        0
       6        11   -5.929781e+04   0.000e+00   8.760e+00   8.646e-02        0
       7        12   -5.898985e+04   0.000e+00   1.288e+01   2.645e-01        0
       8        13   -5.889982e+04   0.000e+00   8.954e+00   5.451e-02        0
       9        14   -5.874147e+04   0.000e+00   2.446e+00   1.972e-01        0
      10        15   -5.869809e+04   0.000e+00   3.425e-01   6.593e-02        0
      11        16   -5.866073e+04   0.000e+00   7.538e-01   9.058e-02        0
      12        17   -5.864952e+04   0.000e+00   1.177e+00   2.893e-02        0
      13        18   -5.863028e+04   0.000e+00   7.242e-01   6.089e-02        0
      14        19   -5.860859e+04   0.000e+00   7.254e-01   7.592e-02        0
      15        20   -5.858699e+04   0.000e+00   1.793e-02   9.314e-02        0
      16        21   -5.857203e+04   0.000e+00   6.793e-03   6.105e-02        0
      17        22   -5.855968e+04   0.000e+00   1.524e-01   5.363e-02        0
      18        23   -5.854153e+04   0.000e+00   6.513e-02   8.118e-02        0
      19        24   -5.851658e+04   0.000e+00   8.540e-03   1.317e-01        0
      20        25   -5.849594e+04   0.000e+00   7.363e-03   1.154e-01        0
      21        26   -5.848019e+04   0.000e+00   7.352e-03   8.012e-02        0
      22        27   -5.846589e+04   0.000e+00   5.268e-03   7.092e-02        0
      23        28   -5.845157e+04   0.000e+00   6.916e-03   7.889e-02        0
      24        29   -5.843726e+04   0.000e+00   5.406e-03   7.998e-02        0
      25        30   -5.842068e+04   0.000e+00   8.726e-03   9.311e-02        0
      26        31   -5.840378e+04   0.000e+00   1.552e-01   9.483e-02        0
      27        32   -5.838478e+04   0.000e+00   5.375e-01   1.094e-01        0
      28        33   -5.835744e+04   0.000e+00   5.488e-01   1.738e-01        0
      29        34   -5.833090e+04   0.000e+00   1.212e-02   1.793e-01        0
      30        35   -5.830857e+04   0.000e+00   5.834e-03   1.430e-01        0
      31        36   -5.828913e+04   0.000e+00   6.258e-03   1.308e-01        0
      32        37   -5.827084e+04   0.000e+00   6.892e-03   1.584e-01        0
      33        38   -5.825156e+04   0.000e+00   7.247e-03   2.102e-01        0
      34        39   -5.823053e+04   0.000e+00   7.296e-03   2.644e-01        0
      35        40   -5.820944e+04   0.000e+00   7.673e-03   2.739e-01        0
      36        41   -5.819139e+04   0.000e+00   6.663e-03   1.690e-01        0
      37        42   -5.817821e+04   0.000e+00   3.151e-01   8.422e-02        0
      38        43   -5.817317e+04   0.000e+00   1.442e+00   1.715e-01        0
      39        44   -5.817051e+04   0.000e+00   2.860e-01   3.103e-02        0
      40        45   -5.816908e+04   0.000e+00   1.004e-01   1.329e-02        0
      41        46   -5.816786e+04   0.000e+00   1.709e-01   2.170e-02        0
      42        47   -5.816674e+04   0.000e+00   1.010e-03   1.998e-02        0
      43        48   -5.816501e+04   0.000e+00   5.898e-01   2.820e-02        0
      44        49   -5.816284e+04   0.000e+00   6.109e-01   3.828e-02        0
      45        50   -5.816090e+04   0.000e+00   1.582e-03   4.512e-02        0
      46        51   -5.816000e+04   0.000e+00   1.269e-03   2.849e-02        0
      47        52   -5.815959e+04   0.000e+00   1.324e-03   1.191e-02        0
      48        53   -5.815912e+04   0.000e+00   3.528e-02   1.015e-02        0
      49        54   -5.815835e+04   0.000e+00   1.303e-01   1.592e-02        0
      50        55   -5.815750e+04   0.000e+00   1.702e-01   2.316e-02        0
      51        56   -5.815697e+04   0.000e+00   1.287e-01   2.153e-02        0
      52        57   -5.815672e+04   0.000e+00   7.027e-02   1.181e-02        0
      53        58   -5.815649e+04   0.000e+00   2.369e-02   8.939e-03        0
      54        59   -5.815599e+04   0.000e+00   3.133e-02   1.703e-02        0
      55        60   -5.815500e+04   0.000e+00   1.844e-03   3.465e-02        0
      56        61   -5.815350e+04   0.000e+00   2.285e-03   5.841e-02        0
      57        62   -5.815215e+04   0.000e+00   1.773e-03   5.816e-02        0
      58        63   -5.815144e+04   0.000e+00   8.347e-02   2.785e-02        0
      59        64   -5.815104e+04   0.000e+00   1.229e-01   1.098e-02        0
      60        65   -5.815049e+04   0.000e+00   1.301e-01   1.461e-02        0
      61        66   -5.814952e+04   0.000e+00   7.484e-02   3.263e-02        0
      62        67   -5.814837e+04   0.000e+00   7.152e-02   5.263e-02        0
      63        68   -5.814759e+04   0.000e+00   1.284e-03   4.860e-02        0
      64        69   -5.814723e+04   0.000e+00   2.710e-01   2.403e-02        0
      65        70   -5.814699e+04   0.000e+00   2.506e-01   1.249e-02        0
      66        71   -5.814668e+04   0.000e+00   1.717e-01   1.383e-02        0
      67        72   -5.814639e+04   0.000e+00   4.935e-02   1.421e-02        0
      68        73   -5.814624e+04   0.000e+00   3.725e-02   9.836e-03        0
      69        74   -5.814618e+04   0.000e+00   6.097e-02   4.649e-03        0
      70        75   -5.814612e+04   0.000e+00   6.728e-02   4.403e-03        0
      71        76   -5.814599e+04   0.000e+00   6.738e-02   9.059e-03        0
      72        77   -5.814574e+04   0.000e+00   5.723e-02   1.745e-02        0
      73        78   -5.814541e+04   0.000e+00   3.322e-02   2.602e-02        0
      74        79   -5.814516e+04   0.000e+00   7.619e-03   2.175e-02        0
      75        80   -5.814505e+04   0.000e+00   3.611e-03   9.453e-03        0
      76        81   -5.814497e+04   0.000e+00   6.741e-03   5.050e-03        0
      77        82   -5.814481e+04   0.000e+00   8.687e-03   8.961e-03        0
      78        83   -5.814449e+04   0.000e+00   1.195e-02   2.077e-02        0
      79        84   -5.814393e+04   0.000e+00   1.922e-02   4.307e-02        0
      80        85   -5.814337e+04   0.000e+00   2.635e-02   5.522e-02        0
      81        86   -5.814313e+04   0.000e+00   1.870e-02   2.961e-02        0
      82        87   -5.814309e+04   0.000e+00   1.323e-02   4.725e-03        0
      83        88   -5.814309e+04   0.000e+00   1.371e-02   2.732e-03        0
      84        89   -5.814308e+04   0.000e+00   1.329e-02   2.695e-03        0
      85        90   -5.814306e+04   0.000e+00   9.006e-03   4.046e-03        0
      86        91   -5.814302e+04   0.000e+00   3.451e-03   5.957e-03        0
      87        92   -5.814297e+04   0.000e+00   2.491e-02   1.065e-02        0
      88        93   -5.814293e+04   0.000e+00   4.329e-02   1.219e-02        0
      89        94   -5.814291e+04   0.000e+00   5.192e-02   9.075e-03        0
      90        95   -5.814288e+04   0.000e+00   5.625e-02   8.445e-03        0
      91        96   -5.814282e+04   0.000e+00   6.044e-02   1.478e-02        0
      92        97   -5.814267e+04   0.000e+00   6.476e-02   3.248e-02        0
      93        98   -5.814230e+04   0.000e+00   6.605e-02   7.524e-02        0
      94        99   -5.814147e+04   0.000e+00   5.038e-02   1.679e-01        0
      95       100   -5.814002e+04   0.000e+00   8.162e-03   3.095e-01        0
      96       101   -5.813848e+04   0.000e+00   3.353e-02   3.511e-01        0
      97       102   -5.813768e+04   0.000e+00   7.791e-02   1.572e-01        0
      98       103   -5.813748e+04   0.000e+00   5.614e-02   2.324e-02        0
      99       104   -5.813742e+04   0.000e+00   2.143e-02   3.289e-02        0
     100       105   -5.813738e+04   0.000e+00   1.381e-02   3.153e-02        0
     101       106   -5.813732e+04   0.000e+00   4.815e-02   2.590e-02        0
     102       107   -5.813714e+04   0.000e+00   1.019e-01   2.992e-02        0
     103       108   -5.813673e+04   0.000e+00   1.722e-01   2.992e-02        0
     104       109   -5.813573e+04   0.000e+00   2.647e-01   1.226e-01        0
     105       110   -5.813393e+04   0.000e+00   3.451e-01   3.282e-01        0
     106       111   -5.813204e+04   0.000e+00   3.040e-01   4.170e-01        0
     107       112   -5.813083e+04   0.000e+00   8.432e-02   2.532e-01        0
     108       113   -5.813050e+04   0.000e+00   6.232e-02   1.366e-01        0
     109       114   -5.813045e+04   0.000e+00   2.415e-02   3.710e-02        0
     110       115   -5.813043e+04   0.000e+00   1.140e-03   2.723e-02        0
     111       116   -5.813038e+04   0.000e+00   3.873e-02   2.306e-02        0
     112       117   -5.813027e+04   0.000e+00   3.978e-02   4.262e-02        0
     113       118   -5.813000e+04   0.000e+00   7.443e-02   7.163e-02        0
     114       119   -5.812950e+04   0.000e+00   7.355e-02   1.251e-01        0
     115       120   -5.812883e+04   0.000e+00   9.129e-02   1.304e-01        0
     116       121   -5.812831e+04   0.000e+00   3.129e-02   8.991e-02        0
     117       122   -5.812805e+04   0.000e+00   2.549e-02   6.207e-02        0
     118       123   -5.812796e+04   0.000e+00   2.885e-02   3.220e-02        0
     119       124   -5.812794e+04   0.000e+00   3.086e-03   4.044e-02        0
     120       125   -5.812793e+04   0.000e+00   2.434e-03   9.417e-03        0
     121       126   -5.812793e+04   0.000e+00   8.284e-04   2.345e-03        0
     122       127   -5.812793e+04   0.000e+00   1.725e-03   1.853e-03        0
     123       128   -5.812792e+04   0.000e+00   3.321e-03   4.280e-03        0
     124       129   -5.812790e+04   0.000e+00   4.747e-03   7.056e-03        0
     125       130   -5.812786e+04   0.000e+00   5.754e-03   1.679e-02        0
     126       131   -5.812776e+04   0.000e+00   6.387e-03   3.339e-02        0
     127       132   -5.812759e+04   0.000e+00   8.294e-03   5.130e-02        0
     128       133   -5.812742e+04   0.000e+00   6.430e-03   5.521e-02        0
     129       134   -5.812734e+04   0.000e+00   1.578e-03   2.677e-02        0
     130       135   -5.812733e+04   0.000e+00   3.444e-03   1.781e-02        0
     131       136   -5.812732e+04   0.000e+00   6.992e-04   6.475e-03        0
     132       137   -5.812732e+04   0.000e+00   2.409e-03   6.382e-03        0
     133       138   -5.812731e+04   0.000e+00   8.014e-03   1.096e-02        0
     134       139   -5.812729e+04   0.000e+00   1.595e-02   1.314e-02        0
     135       140   -5.812723e+04   0.000e+00   3.072e-02   2.744e-02        0
     136       141   -5.812711e+04   0.000e+00   5.125e-02   3.834e-02        0
     137       142   -5.812679e+04   0.000e+00   8.131e-02   9.428e-02        0
     138       143   -5.812621e+04   0.000e+00   1.153e-01   1.987e-01        0
     139       144   -5.812549e+04   0.000e+00   1.183e-01   2.977e-01        0
     140       145   -5.812519e+04   0.000e+00   1.040e-02   1.572e-01        0
     141       146   -5.812517e+04   0.000e+00   1.906e-02   1.526e-02        0
     142       149   -5.812516e+04   0.000e+00   2.803e-02   1.254e-02        0
     143       150   -5.812516e+04   0.000e+00   2.183e-02   1.035e-02        0
     144       151   -5.812516e+04   0.000e+00   1.699e-02   1.373e-02        0
     145       152   -5.812515e+04   0.000e+00   6.851e-03   4.708e-02        0
     146       153   -5.812515e+04   0.000e+00   3.492e-04   7.020e-02        0
     147       154   -5.812515e+04   0.000e+00   4.187e-03   6.989e-02        0
     148       155   -5.812514e+04   0.000e+00   1.696e-03   1.188e-02        0
     149       156   -5.812514e+04   0.000e+00   2.315e-04   6.345e-03        0
     150       157   -5.812514e+04   0.000e+00   9.541e-05   8.780e-04        0
     151       158   -5.812514e+04   0.000e+00   3.985e-05   5.760e-04        0
     152       159   -5.812514e+04   0.000e+00   9.452e-07   1.664e-09        1
     153       160   -5.812514e+04   0.000e+00   5.864e-08   4.906e-04        0
     154       161   -5.812514e+04   0.000e+00   1.105e-08   1.985e-05        0
     155       162   -5.812514e+04   0.000e+00   3.860e-09   1.738e-05        0

EXIT: Locally optimal solution found.

Final Statistics
----------------
Final objective value               =  -5.81251439030777e+04
Final feasibility error (abs / rel) =   0.00e+00 / 0.00e+00
Final optimality error  (abs / rel) =   3.86e-09 / 3.86e-09
# of iterations                     =        155 
# of CG iterations                  =          1 
# of function evaluations           =        162
# of gradient evaluations           =        156
Total program time (secs)           =    7860.64355 (140966.109 CPU time)
Time spent in evaluations (secs)    =    7805.28418

Solution Vector
---------------
x[       0] =   4.59069192647e+00
x[       1] =   3.09905653068e+00
x[       2] =   3.20555138783e+00
x[       3] =   4.42130259435e+00
x[       4] =   4.66537604876e+00
x[       5] =   2.77218826144e+00
x[       6] =   5.60817879636e+00
x[       7] =  -9.78737194114e-01
x[       8] =  -1.87255709331e+00
x[       9] =  -7.09063127921e+00
x[      10] =   1.95531809601e-02
x[      11] =   2.49568542182e-03
x[      12] =   1.23376968557e+00
x[      13] =   1.35278549531e+00
x[      14] =   9.95443644908e-01
x[      15] =   1.03644352824e+00
x[      16] =   1.35274895630e+00
x[      17] =   1.34814791074e+00
x[      18] =   1.05064070382e+00
x[      19] =   1.10121088573e+00
x[      20] =   1.43737606310e+00
x[      21] =   9.99213439349e-01
x[      22] =   6.22988562959e-01

===============================================================================

