
Solving from new start point (number 6 of 42) <multistart>.


=======================================
*** NO CHECK MADE FOR LICENSE ***
         Artelys Knitro 12.3.0
=======================================

Knitro presolve eliminated 0 variables and 0 constraints.

algorithm:               4
bar_maxcrossit:          3
datacheck:               0
feastol:                 1e-08
hessopt:                 2
maxtime_cpu:             9.99995e+07
maxtime_real:            9.99998e+07
opttol:                  1e-08
outlev:                  5
outmode:                 2
par_concurrent_evals:    0
The problem is identified as bound constrained only.
Knitro changing act_qpalg from AUTO to 3.
Knitro changing honorbnds from AUTO to -1.
Knitro changing linesearch from AUTO to 2.
Knitro changing linsolver from AUTO to 4.

Problem Characteristics                                 (   Presolved)
-----------------------
Objective goal:  Maximize
Objective type:  general
Number of variables:                                 23 (          23)
    bounded below only:                               0 (           0)
    bounded above only:                               0 (           0)
    bounded below and above:                         23 (          23)
    fixed:                                            0 (           0)
    free:                                             0 (           0)
Number of constraints:                                0 (           0)
    linear equalities:                                0 (           0)
    quadratic equalities:                             0 (           0)
    gen. nonlinear equalities:                        0 (           0)
    linear one-sided inequalities:                    0 (           0)
    quadratic one-sided inequalities:                 0 (           0)
    gen. nonlinear one-sided inequalities:            0 (           0)
    linear two-sided inequalities:                    0 (           0)
    quadratic two-sided inequalities:                 0 (           0)
    gen. nonlinear two-sided inequalities:            0 (           0)
Number of nonzeros in Jacobian:                       0 (           0)
Number of nonzeros in Hessian:                        0 (         276)

Knitro using the Sequential Quadratic Programming (SQP) algorithm.

  Iter     fCount     Objective      FeasError   OptError    ||Step||    CGits 
--------  --------  --------------  ----------  ----------  ----------  -------
       0         1   -6.972694e+04   0.000e+00
       1         3   -6.728043e+04   0.000e+00   2.679e+03   1.693e+00        0
       2         5   -6.207501e+04   0.000e+00   2.801e+02   1.470e+00        0
       3         8   -5.933403e+04   0.000e+00   2.614e+00   7.519e-01        0
       4        11   -5.904914e+04   0.000e+00   1.388e+00   2.597e-01        0
       5        13   -5.891527e+04   0.000e+00   6.046e+02   6.136e-01        0
       6        16   -5.868697e+04   0.000e+00   1.520e+02   2.821e-01        0
       7        19   -5.835494e+04   0.000e+00   1.719e+02   3.934e-01        0
       8        22   -5.830873e+04   0.000e+00   1.051e+02   1.467e-01        0
       9        25   -5.826016e+04   0.000e+00   2.521e+01   1.457e-01        0
      10        28   -5.823344e+04   0.000e+00   2.651e+01   1.306e-01        0
      11        31   -5.820593e+04   0.000e+00   7.419e+01   1.247e-01        0
      12        32   -5.816388e+04   0.000e+00   4.672e+01   2.457e-01        0
      13        33   -5.814371e+04   0.000e+00   2.211e+01   2.693e-01        0
      14        35   -5.813494e+04   0.000e+00   3.254e+01   1.778e-01        0
      15        36   -5.813151e+04   0.000e+00   1.808e+01   8.097e-02        0
      16        37   -5.813115e+04   0.000e+00   1.355e+00   4.769e-02        0
      17        40   -5.813037e+04   0.000e+00   2.453e+01   3.259e-02        0
      18        41   -5.812932e+04   0.000e+00   4.985e+00   2.654e-02        0
      19        42   -5.812873e+04   0.000e+00   2.284e+00   4.005e-02        0
      20        43   -5.812806e+04   0.000e+00   1.978e+00   7.034e-02        0
      21        44   -5.812760e+04   0.000e+00   3.426e+00   5.538e-02        0
      22        45   -5.812720e+04   0.000e+00   3.367e+00   6.248e-02        0
      23        46   -5.812704e+04   0.000e+00   6.174e-01   2.483e-02        0
      24        47   -5.812686e+04   0.000e+00   2.541e+00   3.229e-02        0
      25        48   -5.812664e+04   0.000e+00   3.915e+00   4.530e-02        0
      26        49   -5.812646e+04   0.000e+00   2.840e+00   4.633e-02        0
      27        50   -5.812637e+04   0.000e+00   1.568e-02   2.063e-02        0
      28        51   -5.812633e+04   0.000e+00   9.507e-01   1.025e-02        0
      29        52   -5.812627e+04   0.000e+00   2.103e+00   1.980e-02        0
      30        53   -5.812617e+04   0.000e+00   2.666e+00   3.869e-02        0
      31        54   -5.812607e+04   0.000e+00   2.203e+00   5.043e-02        0
      32        55   -5.812599e+04   0.000e+00   6.697e-01   4.284e-02        0
      33        56   -5.812591e+04   0.000e+00   9.694e-01   3.819e-02        0
      34        57   -5.812580e+04   0.000e+00   2.757e+00   5.869e-02        0
      35        58   -5.812560e+04   0.000e+00   4.145e+00   1.064e-01        0
      36        59   -5.812538e+04   0.000e+00   4.020e+00   1.372e-01        0
      37        60   -5.812525e+04   0.000e+00   2.013e+00   8.584e-02        0
      38        61   -5.812521e+04   0.000e+00   5.856e-01   1.790e-02        0
      39        62   -5.812520e+04   0.000e+00   2.616e-01   8.211e-03        0
      40        63   -5.812519e+04   0.000e+00   5.782e-01   8.132e-03        0
      41        64   -5.812517e+04   0.000e+00   6.762e-01   1.253e-02        0
      42        65   -5.812516e+04   0.000e+00   2.495e-01   1.712e-02        0
      43        66   -5.812516e+04   0.000e+00   4.942e-02   6.923e-03        0
      44        67   -5.812516e+04   0.000e+00   4.507e-03   1.679e-03        0
      45        68   -5.812516e+04   0.000e+00   6.029e-03   5.301e-04        0
      46        69   -5.812516e+04   0.000e+00   3.743e-02   1.808e-03        0
      47        70   -5.812516e+04   0.000e+00   6.862e-02   3.116e-03        0
      48        71   -5.812516e+04   0.000e+00   1.143e-01   7.033e-03        0
      49        72   -5.812516e+04   0.000e+00   1.347e-01   1.339e-02        0
      50        73   -5.812516e+04   0.000e+00   1.162e-01   1.973e-02        0
      51        74   -5.812515e+04   0.000e+00   3.038e-02   2.004e-02        0
      52        75   -5.812515e+04   0.000e+00   5.425e-02   1.624e-02        0
      53        76   -5.812515e+04   0.000e+00   1.487e-01   1.776e-02        0
      54        77   -5.812515e+04   0.000e+00   2.119e-01   2.801e-02        0
      55        78   -5.812515e+04   0.000e+00   2.124e-01   3.871e-02        0
      56        79   -5.812514e+04   0.000e+00   9.901e-02   3.033e-02        0
      57        80   -5.812514e+04   0.000e+00   2.303e-02   8.068e-03        0
      58        81   -5.812514e+04   0.000e+00   2.577e-03   1.896e-03        0
      59        82   -5.812514e+04   0.000e+00   1.365e-03   1.381e-03        0
      60        83   -5.812514e+04   0.000e+00   2.183e-04   6.199e-04        0
      61        84   -5.812514e+04   0.000e+00   1.999e-05   7.077e-05        0
      62        85   -5.812514e+04   0.000e+00   5.563e-06   6.432e-05        0
      63        86   -5.812514e+04   0.000e+00   2.161e-05   6.079e-05        0
      64        87   -5.812514e+04   0.000e+00   7.910e-08   4.163e-11        1
      65        88   -5.812514e+04   0.000e+00   4.149e-07   1.550e-07        0
      66        89   -5.812514e+04   0.000e+00   1.784e-07   1.296e-07        0
      67        90   -5.812514e+04   0.000e+00   3.042e-07   1.467e-07        0
      68        91   -5.812514e+04   0.000e+00   1.163e-07   6.363e-08       16
      69        92   -5.812514e+04   0.000e+00   9.797e-08   1.635e-07        0
      70        93   -5.812514e+04   0.000e+00   3.143e-08   1.638e-07        0
      71        94   -5.812514e+04   0.000e+00   2.406e-09   0.000e+00       30

EXIT: Locally optimal solution found.

Final Statistics
----------------
Final objective value               =  -5.81251439030776e+04
Final feasibility error (abs / rel) =   0.00e+00 / 0.00e+00
Final optimality error  (abs / rel) =   2.41e-09 / 2.41e-09
# of iterations                     =         71 
# of CG iterations                  =         47 
# of function evaluations           =         94
# of gradient evaluations           =         71
Total program time (secs)           =    4917.13281 (102897.023 CPU time)
Time spent in evaluations (secs)    =    4897.83984

Solution Vector
---------------
x[       0] =   4.59068788432e+00
x[       1] =   3.09905243758e+00
x[       2] =   3.20554769592e+00
x[       3] =   4.42129960675e+00
x[       4] =   4.66537262329e+00
x[       5] =   2.77218473601e+00
x[       6] =   5.60817482197e+00
x[       7] =  -9.78736547104e-01
x[       8] =  -1.87255597390e+00
x[       9] =  -7.09064596665e+00
x[      10] =   1.95537688899e-02
x[      11] =   2.49567947142e-03
x[      12] =   1.23377029962e+00
x[      13] =   1.35278600328e+00
x[      14] =   9.95444068977e-01
x[      15] =   1.03644393835e+00
x[      16] =   1.35274966796e+00
x[      17] =   1.34814822171e+00
x[      18] =   1.05064038134e+00
x[      19] =   1.10121068083e+00
x[      20] =   1.43737657385e+00
x[      21] =   9.99213209336e-01
x[      22] =   6.22988430187e-01

===============================================================================

