
Solving from new start point (number 7 of 42) <multistart>.


=======================================
*** NO CHECK MADE FOR LICENSE ***
         Artelys Knitro 12.3.0
=======================================

Knitro presolve eliminated 0 variables and 0 constraints.

algorithm:               4
bar_maxcrossit:          3
datacheck:               0
feastol:                 1e-08
hessopt:                 2
maxtime_cpu:             9.99995e+07
maxtime_real:            9.99998e+07
opttol:                  1e-08
outlev:                  5
outmode:                 2
par_concurrent_evals:    0
The problem is identified as bound constrained only.
Knitro changing act_qpalg from AUTO to 3.
Knitro changing honorbnds from AUTO to -1.
Knitro changing linesearch from AUTO to 2.
Knitro changing linsolver from AUTO to 4.

Problem Characteristics                                 (   Presolved)
-----------------------
Objective goal:  Maximize
Objective type:  general
Number of variables:                                 23 (          23)
    bounded below only:                               0 (           0)
    bounded above only:                               0 (           0)
    bounded below and above:                         23 (          23)
    fixed:                                            0 (           0)
    free:                                             0 (           0)
Number of constraints:                                0 (           0)
    linear equalities:                                0 (           0)
    quadratic equalities:                             0 (           0)
    gen. nonlinear equalities:                        0 (           0)
    linear one-sided inequalities:                    0 (           0)
    quadratic one-sided inequalities:                 0 (           0)
    gen. nonlinear one-sided inequalities:            0 (           0)
    linear two-sided inequalities:                    0 (           0)
    quadratic two-sided inequalities:                 0 (           0)
    gen. nonlinear two-sided inequalities:            0 (           0)
Number of nonzeros in Jacobian:                       0 (           0)
Number of nonzeros in Hessian:                        0 (         276)

Knitro using the Sequential Quadratic Programming (SQP) algorithm.

  Iter     fCount     Objective      FeasError   OptError    ||Step||    CGits 
--------  --------  --------------  ----------  ----------  ----------  -------
       0         1   -9.079558e+04   0.000e+00
       1         2   -6.568728e+04   0.000e+00   6.040e+01   1.048e+00        0
       2         3   -6.285968e+04   0.000e+00   6.332e-02   1.910e-01        0
       3         6   -6.227062e+04   0.000e+00   4.487e+00   2.895e-01        0
       4         7   -6.178016e+04   0.000e+00   2.939e+00   1.438e-01        0
       5         8   -6.138387e+04   0.000e+00   4.058e+00   1.317e-01        0
       6         9   -6.086752e+04   0.000e+00   7.564e-01   2.833e-01        0
       7        10   -6.059865e+04   0.000e+00   2.350e+00   1.184e-01        0
       8        11   -5.968455e+04   0.000e+00   4.674e+00   7.070e-01        0
       9        12   -5.962929e+04   0.000e+00   6.955e+00   5.892e-02        0
      10        13   -5.957012e+04   0.000e+00   1.523e+00   2.677e-02        0
      11        14   -5.942902e+04   0.000e+00   6.011e+00   1.419e-01        0
      12        15   -5.925185e+04   0.000e+00   1.308e+01   2.755e-01        0
      13        16   -5.906869e+04   0.000e+00   8.385e+00   2.405e-01        0
      14        17   -5.885218e+04   0.000e+00   5.757e+00   3.061e-01        0
      15        18   -5.875064e+04   0.000e+00   3.370e+00   1.811e-01        0
      16        19   -5.867834e+04   0.000e+00   1.259e+00   2.801e-01        0
      17        20   -5.864270e+04   0.000e+00   3.392e-01   4.476e-02        0
      18        21   -5.859480e+04   0.000e+00   5.311e+00   1.593e-01        0
      19        22   -5.853975e+04   0.000e+00   3.459e+00   1.052e-01        0
      20        23   -5.848338e+04   0.000e+00   5.516e-02   2.682e-01        0
      21        24   -5.847453e+04   0.000e+00   2.878e-01   1.956e-02        0
      22        25   -5.845298e+04   0.000e+00   1.303e+00   6.153e-02        0
      23        26   -5.842199e+04   0.000e+00   1.968e+00   1.277e-01        0
      24        27   -5.837660e+04   0.000e+00   2.050e+00   2.451e-01        0
      25        28   -5.833766e+04   0.000e+00   1.221e+00   2.596e-01        0
      26        29   -5.831224e+04   0.000e+00   1.155e-01   1.855e-01        0
      27        30   -5.829792e+04   0.000e+00   6.488e-01   8.183e-02        0
      28        31   -5.828058e+04   0.000e+00   1.224e+00   7.016e-02        0
      29        32   -5.825567e+04   0.000e+00   1.237e+00   1.059e-01        0
      30        33   -5.823863e+04   0.000e+00   5.725e-01   9.073e-02        0
      31        34   -5.823113e+04   0.000e+00   2.429e-02   4.302e-02        0
      32        35   -5.822591e+04   0.000e+00   5.010e-01   2.709e-02        0
      33        36   -5.821851e+04   0.000e+00   9.647e-01   4.725e-02        0
      34        37   -5.820979e+04   0.000e+00   1.090e+00   7.641e-02        0
      35        38   -5.820323e+04   0.000e+00   6.439e-01   7.712e-02        0
      36        39   -5.819935e+04   0.000e+00   3.911e-02   5.118e-02        0
      37        40   -5.819554e+04   0.000e+00   5.274e-01   4.169e-02        0
      38        41   -5.818871e+04   0.000e+00   1.193e+00   6.547e-02        0
      39        42   -5.817719e+04   0.000e+00   1.749e+00   1.139e-01        0
      40        43   -5.816553e+04   0.000e+00   1.563e+00   1.317e-01        0
      41        44   -5.816016e+04   0.000e+00   7.039e-01   6.018e-02        0
      42        45   -5.815877e+04   0.000e+00   6.197e-02   2.289e-02        0
      43        46   -5.815829e+04   0.000e+00   1.625e-01   1.554e-02        0
      44        47   -5.815749e+04   0.000e+00   3.745e-01   1.874e-02        0
      45        48   -5.815627e+04   0.000e+00   4.946e-01   2.002e-02        0
      46        49   -5.815506e+04   0.000e+00   3.949e-01   2.767e-02        0
      47        50   -5.815439e+04   0.000e+00   1.558e-01   3.016e-02        0
      48        51   -5.815402e+04   0.000e+00   3.460e-02   2.185e-02        0
      49        52   -5.815354e+04   0.000e+00   2.160e-01   2.234e-02        0
      50        53   -5.815259e+04   0.000e+00   4.168e-01   3.342e-02        0
      51        54   -5.815108e+04   0.000e+00   5.380e-01   4.557e-02        0
      52        55   -5.814953e+04   0.000e+00   4.287e-01   4.766e-02        0
      53        56   -5.814858e+04   0.000e+00   1.702e-01   3.718e-02        0
      54        57   -5.814801e+04   0.000e+00   5.672e-02   2.708e-02        0
      55        58   -5.814734e+04   0.000e+00   2.481e-01   2.590e-02        0
      56        59   -5.814597e+04   0.000e+00   4.753e-01   4.000e-02        0
      57        60   -5.814363e+04   0.000e+00   6.353e-01   6.874e-02        0
      58        61   -5.814120e+04   0.000e+00   5.376e-01   9.120e-02        0
      59        62   -5.814011e+04   0.000e+00   2.197e-01   5.878e-02        0
      60        63   -5.813989e+04   0.000e+00   3.082e-02   2.294e-02        0
      61        64   -5.813985e+04   0.000e+00   2.144e-02   6.530e-03        0
      62        65   -5.813979e+04   0.000e+00   5.703e-02   6.227e-03        0
      63        66   -5.813965e+04   0.000e+00   1.130e-01   9.296e-03        0
      64        67   -5.813942e+04   0.000e+00   1.403e-01   1.314e-02        0
      65        68   -5.813918e+04   0.000e+00   1.183e-01   1.783e-02        0
      66        69   -5.813905e+04   0.000e+00   3.596e-02   1.550e-02        0
      67        70   -5.813901e+04   0.000e+00   9.353e-03   8.513e-03        0
      68        71   -5.813896e+04   0.000e+00   5.025e-02   5.329e-03        0
      69        72   -5.813887e+04   0.000e+00   9.924e-02   9.153e-03        0
      70        73   -5.813863e+04   0.000e+00   1.767e-01   1.750e-02        0
      71        74   -5.813814e+04   0.000e+00   2.544e-01   3.772e-02        0
      72        75   -5.813735e+04   0.000e+00   3.031e-01   6.819e-02        0
      73        76   -5.813657e+04   0.000e+00   2.343e-01   7.786e-02        0
      74        77   -5.813620e+04   0.000e+00   9.533e-02   4.473e-02        0
      75        78   -5.813611e+04   0.000e+00   2.645e-03   1.033e-02        0
      76        79   -5.813606e+04   0.000e+00   3.513e-02   5.308e-03        0
      77        80   -5.813594e+04   0.000e+00   8.893e-02   6.719e-03        0
      78        81   -5.813578e+04   0.000e+00   1.071e-01   1.193e-02        0
      79        82   -5.813563e+04   0.000e+00   8.601e-02   1.968e-02        0
      80        83   -5.813557e+04   0.000e+00   2.640e-02   1.538e-02        0
      81        84   -5.813555e+04   0.000e+00   3.652e-03   6.209e-03        0
      82        85   -5.813553e+04   0.000e+00   2.182e-02   4.462e-03        0
      83        86   -5.813547e+04   0.000e+00   5.251e-02   8.907e-03        0
      84        87   -5.813533e+04   0.000e+00   1.059e-01   1.867e-02        0
      85        88   -5.813503e+04   0.000e+00   1.658e-01   3.971e-02        0
      86        89   -5.813450e+04   0.000e+00   2.210e-01   7.016e-02        0
      87        90   -5.813392e+04   0.000e+00   1.980e-01   8.147e-02        0
      88        91   -5.813358e+04   0.000e+00   8.629e-02   4.388e-02        0
      89        92   -5.813344e+04   0.000e+00   1.726e-02   1.059e-02        0
      90        93   -5.813333e+04   0.000e+00   8.111e-02   7.193e-03        0
      91        94   -5.813306e+04   0.000e+00   1.751e-01   1.473e-02        0
      92        95   -5.813246e+04   0.000e+00   2.818e-01   4.778e-02        0
      93        96   -5.813133e+04   0.000e+00   3.656e-01   1.282e-01        0
      94        97   -5.812994e+04   0.000e+00   3.220e-01   2.168e-01        0
      95        98   -5.812907e+04   0.000e+00   1.424e-01   1.913e-01        0
      96        99   -5.812887e+04   0.000e+00   1.013e-02   5.789e-02        0
      97       100   -5.812885e+04   0.000e+00   1.171e-02   7.113e-03        0
      98       101   -5.812884e+04   0.000e+00   1.316e-02   5.380e-03        0
      99       102   -5.812881e+04   0.000e+00   6.259e-03   1.113e-02        0
     100       103   -5.812873e+04   0.000e+00   1.110e-02   1.250e-02        0
     101       104   -5.812855e+04   0.000e+00   4.713e-02   1.726e-02        0
     102       105   -5.812816e+04   0.000e+00   9.801e-02   4.893e-02        0
     103       106   -5.812749e+04   0.000e+00   1.383e-01   1.228e-01        0
     104       107   -5.812676e+04   0.000e+00   1.322e-01   1.882e-01        0
     105       108   -5.812636e+04   0.000e+00   1.021e-01   1.923e-01        0
     106       109   -5.812621e+04   0.000e+00   7.850e-02   1.316e-01        0
     107       110   -5.812611e+04   0.000e+00   6.000e-02   1.145e-01        0
     108       111   -5.812596e+04   0.000e+00   3.615e-02   1.708e-01        0
     109       112   -5.812590e+04   0.000e+00   2.305e-02   6.055e-03        0
     110       113   -5.812588e+04   0.000e+00   8.886e-03   4.169e-02        0
     111       114   -5.812588e+04   0.000e+00   5.490e-03   2.211e-03        0
     112       115   -5.812587e+04   0.000e+00   1.335e-02   6.305e-03        0
     113       116   -5.812587e+04   0.000e+00   3.099e-02   5.970e-03        0
     114       117   -5.812586e+04   0.000e+00   6.839e-02   7.952e-03        0
     115       118   -5.812582e+04   0.000e+00   1.230e-01   1.483e-02        0
     116       119   -5.812576e+04   0.000e+00   1.847e-01   2.110e-02        0
     117       120   -5.812567e+04   0.000e+00   2.118e-01   3.305e-02        0
     118       121   -5.812558e+04   0.000e+00   1.519e-01   2.876e-02        0
     119       122   -5.812555e+04   0.000e+00   5.225e-02   1.300e-02        0
     120       123   -5.812554e+04   0.000e+00   8.212e-03   4.819e-03        0
     121       124   -5.812554e+04   0.000e+00   8.251e-04   2.984e-03        0
     122       125   -5.812554e+04   0.000e+00   3.065e-03   1.963e-03        0
     123       126   -5.812554e+04   0.000e+00   5.870e-03   3.126e-03        0
     124       127   -5.812554e+04   0.000e+00   9.746e-03   3.325e-03        0
     125       128   -5.812554e+04   0.000e+00   1.793e-02   8.124e-03        0
     126       129   -5.812553e+04   0.000e+00   2.781e-02   8.882e-03        0
     127       130   -5.812552e+04   0.000e+00   4.291e-02   1.895e-02        0
     128       131   -5.812549e+04   0.000e+00   5.281e-02   2.370e-02        0
     129       132   -5.812546e+04   0.000e+00   4.485e-02   3.021e-02        0
     130       133   -5.812545e+04   0.000e+00   2.123e-02   2.560e-02        0
     131       134   -5.812544e+04   0.000e+00   2.514e-03   1.663e-02        0
     132       135   -5.812544e+04   0.000e+00   1.507e-03   6.062e-03        0
     133       136   -5.812544e+04   0.000e+00   2.652e-03   1.644e-03        0
     134       137   -5.812544e+04   0.000e+00   5.340e-03   4.689e-03        0
     135       138   -5.812544e+04   0.000e+00   8.632e-03   4.194e-03        0
     136       139   -5.812543e+04   0.000e+00   1.515e-02   6.802e-03        0
     137       140   -5.812541e+04   0.000e+00   2.422e-02   1.079e-02        0
     138       141   -5.812536e+04   0.000e+00   3.568e-02   3.193e-02        0
     139       142   -5.812528e+04   0.000e+00   4.278e-02   7.182e-02        0
     140       143   -5.812521e+04   0.000e+00   3.304e-02   9.956e-02        0
     141       144   -5.812517e+04   0.000e+00   1.169e-02   6.005e-02        0
     142       145   -5.812516e+04   0.000e+00   6.704e-03   6.471e-02        0
     143       146   -5.812515e+04   0.000e+00   1.271e-03   9.251e-02        0
     144       147   -5.812514e+04   0.000e+00   2.050e-04   5.641e-02        0
     145       148   -5.812514e+04   0.000e+00   4.137e-04   1.449e-02        0
     146       150   -5.812514e+04   0.000e+00   9.143e-06   6.594e-03        0
     147       151   -5.812514e+04   0.000e+00   1.133e-04   6.751e-03        0
     148       154   -5.812514e+04   0.000e+00   1.034e-04   1.113e-03        0
     149       155   -5.812514e+04   0.000e+00   1.681e-05   2.833e-04        0
     150       156   -5.812514e+04   0.000e+00   1.273e-05   1.617e-04        0
     151       157   -5.812514e+04   0.000e+00   1.319e-05   9.610e-06        6
     152       159   -5.812514e+04   0.000e+00   1.269e-05   3.234e-04        0
     153       160   -5.812514e+04   0.000e+00   1.282e-05   3.567e-04        0
     154       161   -5.812514e+04   0.000e+00   3.588e-06   3.479e-04        0
     155       162   -5.812514e+04   0.000e+00   2.693e-07   1.959e-10        1
     156       163   -5.812514e+04   0.000e+00   7.688e-09   3.492e-04        0

EXIT: Locally optimal solution found.

Final Statistics
----------------
Final objective value               =  -5.81251439030778e+04
Final feasibility error (abs / rel) =   0.00e+00 / 0.00e+00
Final optimality error  (abs / rel) =   7.69e-09 / 7.69e-09
# of iterations                     =        156 
# of CG iterations                  =          7 
# of function evaluations           =        163
# of gradient evaluations           =        157
Total program time (secs)           =    9639.51953 (201736.625 CPU time)
Time spent in evaluations (secs)    =    9617.07129

Solution Vector
---------------
x[       0] =   4.59068768701e+00
x[       1] =   3.09905230818e+00
x[       2] =   3.20554762996e+00
x[       3] =   4.42129944231e+00
x[       4] =   4.66537249379e+00
x[       5] =   2.77218450925e+00
x[       6] =   5.60817472256e+00
x[       7] =  -9.78736567720e-01
x[       8] =  -1.87255593699e+00
x[       9] =  -7.09064606538e+00
x[      10] =   1.95537852787e-02
x[      11] =   2.49567927884e-03
x[      12] =   1.23377037401e+00
x[      13] =   1.35278606171e+00
x[      14] =   9.95444121925e-01
x[      15] =   1.03644399681e+00
x[      16] =   1.35274958804e+00
x[      17] =   1.34814813004e+00
x[      18] =   1.05064030466e+00
x[      19] =   1.10121065922e+00
x[      20] =   1.43737659050e+00
x[      21] =   9.99213116548e-01
x[      22] =   6.22988428334e-01

===============================================================================

