
Solving from new start point (number 2 of 42) <multistart>.


=======================================
*** NO CHECK MADE FOR LICENSE ***
         Artelys Knitro 12.3.0
=======================================

Knitro presolve eliminated 0 variables and 0 constraints.

algorithm:               4
bar_maxcrossit:          3
datacheck:               0
feastol:                 1e-08
hessopt:                 2
maxtime_cpu:             9.99995e+07
maxtime_real:            9.99998e+07
opttol:                  1e-08
outlev:                  5
outmode:                 2
par_concurrent_evals:    0
The problem is identified as bound constrained only.
Knitro changing act_qpalg from AUTO to 3.
Knitro changing honorbnds from AUTO to -1.
Knitro changing linesearch from AUTO to 2.
Knitro changing linsolver from AUTO to 4.

Problem Characteristics                                 (   Presolved)
-----------------------
Objective goal:  Maximize
Objective type:  general
Number of variables:                                 23 (          23)
    bounded below only:                               0 (           0)
    bounded above only:                               0 (           0)
    bounded below and above:                         23 (          23)
    fixed:                                            0 (           0)
    free:                                             0 (           0)
Number of constraints:                                0 (           0)
    linear equalities:                                0 (           0)
    quadratic equalities:                             0 (           0)
    gen. nonlinear equalities:                        0 (           0)
    linear one-sided inequalities:                    0 (           0)
    quadratic one-sided inequalities:                 0 (           0)
    gen. nonlinear one-sided inequalities:            0 (           0)
    linear two-sided inequalities:                    0 (           0)
    quadratic two-sided inequalities:                 0 (           0)
    gen. nonlinear two-sided inequalities:            0 (           0)
Number of nonzeros in Jacobian:                       0 (           0)
Number of nonzeros in Hessian:                        0 (         276)

Knitro using the Sequential Quadratic Programming (SQP) algorithm.

  Iter     fCount     Objective      FeasError   OptError    ||Step||    CGits 
--------  --------  --------------  ----------  ----------  ----------  -------
       0         1   -4.857395e+04   0.000e+00
       1         2   -4.602671e+04   0.000e+00   1.020e+02   1.835e-01        0
       2         3   -4.449219e+04   0.000e+00   3.908e+01   8.206e-02        0
       3         4   -4.356268e+04   0.000e+00   2.256e+01   8.680e-02        0
       4         6   -4.228674e+04   0.000e+00   6.643e+01   5.188e-01        0
       5         7   -4.166559e+04   0.000e+00   5.333e+00   2.774e-01        0
       6         8   -4.110414e+04   0.000e+00   6.439e+00   1.126e-01        0
       7         9   -4.093778e+04   0.000e+00   5.370e-02   1.835e-01        0
       8        10   -4.074297e+04   0.000e+00   4.179e-01   7.957e-02        0
       9        12   -4.065655e+04   0.000e+00   2.906e+00   1.083e-01        0
      10        13   -4.043581e+04   0.000e+00   5.722e-01   9.256e-02        0
      11        14   -4.027679e+04   0.000e+00   1.202e+01   2.287e-01        0
      12        15   -4.016465e+04   0.000e+00   1.432e+00   4.200e-02        0
      13        16   -4.011160e+04   0.000e+00   3.367e+00   4.981e-02        0
      14        17   -4.006162e+04   0.000e+00   1.263e+01   1.780e-01        0
      15        18   -3.999144e+04   0.000e+00   4.787e-02   4.632e-02        0
      16        19   -3.992909e+04   0.000e+00   6.662e-02   6.785e-02        0
      17        20   -3.987532e+04   0.000e+00   3.485e+00   1.132e-01        0
      18        21   -3.983373e+04   0.000e+00   6.702e-02   7.809e-02        0
      19        22   -3.979714e+04   0.000e+00   2.269e-01   1.838e-01        0
      20        23   -3.973437e+04   0.000e+00   6.089e+00   3.698e-02        0
      21        24   -3.965143e+04   0.000e+00   4.890e+00   8.905e-02        0
      22        25   -3.956303e+04   0.000e+00   1.423e-01   2.457e-01        0
      23        26   -3.951378e+04   0.000e+00   2.813e+00   1.468e-01        0
      24        27   -3.947121e+04   0.000e+00   1.018e+01   2.413e-01        0
      25        28   -3.942859e+04   0.000e+00   1.154e-01   2.942e-02        0
      26        29   -3.942623e+04   0.000e+00   3.187e-01   2.296e-01        0
      27        30   -3.937108e+04   0.000e+00   1.069e-01   1.717e-01        0
      28        31   -3.936656e+04   0.000e+00   1.384e-01   8.650e-03        0
      29        32   -3.934510e+04   0.000e+00   4.096e-02   6.436e-02        0
      30        33   -3.933230e+04   0.000e+00   1.796e+00   5.370e-02        0
      31        35   -3.932152e+04   0.000e+00   5.441e-01   7.310e-02        0
      32        36   -3.931584e+04   0.000e+00   7.817e-01   3.163e-02        0
      33        37   -3.931378e+04   0.000e+00   1.613e-01   2.051e-02        0
      34        38   -3.931237e+04   0.000e+00   1.138e-01   9.649e-03        0
      35        39   -3.930889e+04   0.000e+00   9.868e-03   2.312e-02        0
      36        40   -3.930291e+04   0.000e+00   1.747e-02   4.127e-02        0
      37        41   -3.929451e+04   0.000e+00   1.726e-02   6.717e-02        0
      38        42   -3.928924e+04   0.000e+00   6.293e-03   5.268e-02        0
      39        43   -3.928555e+04   0.000e+00   2.238e-01   3.338e-02        0
      40        44   -3.927910e+04   0.000e+00   1.810e-02   5.361e-02        0
      41        45   -3.926582e+04   0.000e+00   4.059e-02   9.647e-02        0
      42        46   -3.922302e+04   0.000e+00   8.393e-02   3.631e-01        0
      43        47   -3.917892e+04   0.000e+00   9.110e-02   4.388e-01        0
      44        48   -3.914679e+04   0.000e+00   1.604e+00   3.517e-01        0
      45        49   -3.913718e+04   0.000e+00   3.452e-01   6.484e-02        0
      46        50   -3.913599e+04   0.000e+00   7.207e-04   2.620e-02        0
      47        51   -3.913578e+04   0.000e+00   7.572e-02   5.678e-03        0
      48        52   -3.913541e+04   0.000e+00   8.110e-02   5.916e-03        0
      49        53   -3.913492e+04   0.000e+00   5.654e-02   1.584e-02        0
      50        54   -3.913435e+04   0.000e+00   3.503e-02   2.110e-02        0
      51        55   -3.913399e+04   0.000e+00   4.207e-04   1.251e-02        0
      52        56   -3.913376e+04   0.000e+00   5.402e-04   7.301e-03        0
      53        57   -3.913350e+04   0.000e+00   6.084e-04   1.105e-02        0
      54        58   -3.913292e+04   0.000e+00   7.494e-04   2.185e-02        0
      55        59   -3.913160e+04   0.000e+00   2.885e-02   4.066e-02        0
      56        60   -3.912867e+04   0.000e+00   7.173e-02   7.786e-02        0
      57        61   -3.912331e+04   0.000e+00   1.514e-01   1.382e-01        0
      58        62   -3.911647e+04   0.000e+00   1.560e-01   1.925e-01        0
      59        63   -3.911302e+04   0.000e+00   1.145e-01   1.244e-01        0
      60        64   -3.911269e+04   0.000e+00   8.697e-03   1.643e-02        0
      61        65   -3.911267e+04   0.000e+00   2.254e-02   8.365e-03        0
      62        66   -3.911266e+04   0.000e+00   8.328e-03   3.446e-03        0
      63        67   -3.911262e+04   0.000e+00   3.281e-02   6.689e-03        0
      64        68   -3.911255e+04   0.000e+00   7.078e-02   9.142e-03        0
      65        69   -3.911237e+04   0.000e+00   9.961e-02   1.552e-02        0
      66        70   -3.911196e+04   0.000e+00   1.400e-01   2.936e-02        0
      67        71   -3.911126e+04   0.000e+00   7.306e-02   5.551e-02        0
      68        72   -3.911049e+04   0.000e+00   6.186e-02   7.604e-02        0
      69        73   -3.911011e+04   0.000e+00   1.472e-01   5.216e-02        0
      70        74   -3.911005e+04   0.000e+00   3.229e-02   1.520e-02        0
      71        75   -3.911004e+04   0.000e+00   5.858e-03   4.870e-03        0
      72        76   -3.911004e+04   0.000e+00   4.400e-03   1.815e-03        0
      73        77   -3.911003e+04   0.000e+00   1.862e-02   4.552e-03        0
      74        78   -3.911002e+04   0.000e+00   1.399e-02   5.432e-03        0
      75        79   -3.910998e+04   0.000e+00   3.158e-02   7.993e-03        0
      76        80   -3.910991e+04   0.000e+00   1.585e-02   1.165e-02        0
      77        81   -3.910984e+04   0.000e+00   3.189e-02   1.688e-02        0
      78        82   -3.910980e+04   0.000e+00   6.081e-04   1.882e-02        0
      79        83   -3.910979e+04   0.000e+00   1.137e-02   8.441e-03        0
      80        84   -3.910979e+04   0.000e+00   5.566e-03   1.720e-03        0
      81        85   -3.910979e+04   0.000e+00   2.588e-03   1.069e-03        0
      82        86   -3.910978e+04   0.000e+00   8.585e-03   1.887e-03        0
      83        87   -3.910978e+04   0.000e+00   2.398e-03   2.711e-03        0
      84        88   -3.910976e+04   0.000e+00   1.444e-02   5.426e-03        0
      85        89   -3.910972e+04   0.000e+00   3.122e-03   1.088e-02        0
      86        90   -3.910966e+04   0.000e+00   4.534e-03   1.939e-02        0
      87        91   -3.910961e+04   0.000e+00   2.397e-04   2.175e-02        0
      88        92   -3.910959e+04   0.000e+00   6.666e-03   9.833e-03        0
      89        93   -3.910959e+04   0.000e+00   8.142e-04   2.657e-03        0
      90        94   -3.910959e+04   0.000e+00   3.864e-04   1.053e-03        0
      91        95   -3.910959e+04   0.000e+00   2.455e-03   1.425e-03        0
      92        96   -3.910959e+04   0.000e+00   4.776e-03   2.125e-03        0
      93        97   -3.910958e+04   0.000e+00   9.736e-03   2.855e-03        0
      94        98   -3.910956e+04   0.000e+00   1.602e-02   5.138e-03        0
      95        99   -3.910954e+04   0.000e+00   2.362e-02   1.108e-02        0
      96       100   -3.910949e+04   0.000e+00   2.680e-02   2.129e-02        0
      97       101   -3.910946e+04   0.000e+00   2.037e-02   2.304e-02        0
      98       102   -3.910945e+04   0.000e+00   3.207e-03   1.032e-02        0
      99       103   -3.910945e+04   0.000e+00   5.596e-04   1.980e-03        0
     100       104   -3.910945e+04   0.000e+00   9.886e-04   6.705e-04        0
     101       105   -3.910945e+04   0.000e+00   2.166e-04   7.765e-04        0
     102       106   -3.910945e+04   0.000e+00   1.579e-03   8.045e-04        0
     103       107   -3.910945e+04   0.000e+00   3.895e-03   3.431e-03        0
     104       108   -3.910944e+04   0.000e+00   7.690e-03   4.241e-03        0
     105       109   -3.910943e+04   0.000e+00   4.540e-03   8.471e-03        0
     106       110   -3.910941e+04   0.000e+00   4.589e-04   1.880e-02        0
     107       111   -3.910938e+04   0.000e+00   2.156e-04   2.533e-02        0
     108       112   -3.910937e+04   0.000e+00   1.213e-04   1.998e-02        0
     109       113   -3.910937e+04   0.000e+00   1.910e-05   4.793e-03        0
     110       114   -3.910937e+04   0.000e+00   3.913e-04   1.552e-03        0
     111       115   -3.910937e+04   0.000e+00   7.055e-04   9.876e-04        0
     112       116   -3.910937e+04   0.000e+00   3.110e-03   1.652e-03        0
     113       117   -3.910937e+04   0.000e+00   6.453e-03   2.454e-03        0
     114       118   -3.910936e+04   0.000e+00   1.244e-02   3.319e-03        0
     115       119   -3.910935e+04   0.000e+00   2.062e-02   5.777e-03        0
     116       120   -3.910933e+04   0.000e+00   3.384e-02   1.522e-02        0
     117       121   -3.910929e+04   0.000e+00   5.072e-02   3.922e-02        0
     118       122   -3.910923e+04   0.000e+00   7.456e-02   6.891e-02        0
     119       123   -3.910918e+04   0.000e+00   5.763e-02   6.874e-02        0
     120       124   -3.910917e+04   0.000e+00   5.888e-03   2.247e-02        0
     121       125   -3.910917e+04   0.000e+00   1.550e-03   3.720e-03        0
     122       126   -3.910917e+04   0.000e+00   1.087e-03   2.529e-03        0
     123       127   -3.910917e+04   0.000e+00   8.438e-04   2.444e-03        0
     124       128   -3.910917e+04   0.000e+00   3.808e-03   2.436e-03        0
     125       129   -3.910917e+04   0.000e+00   1.230e-02   4.896e-03        0
     126       130   -3.910917e+04   0.000e+00   2.435e-02   5.182e-03        0
     127       131   -3.910916e+04   0.000e+00   4.479e-02   6.575e-03        0
     128       132   -3.910915e+04   0.000e+00   5.740e-02   9.161e-03        0
     129       133   -3.910914e+04   0.000e+00   6.840e-02   1.881e-02        0
     130       134   -3.910913e+04   0.000e+00   3.964e-02   3.373e-02        0
     131       135   -3.910912e+04   0.000e+00   1.636e-02   2.166e-02        0
     132       136   -3.910912e+04   0.000e+00   8.251e-04   5.680e-03        0
     133       137   -3.910912e+04   0.000e+00   1.064e-05   7.288e-04        0
     134       138   -3.910912e+04   0.000e+00   3.641e-05   8.482e-04        0
     135       139   -3.910912e+04   0.000e+00   5.331e-05   9.338e-04        0
     136       140   -3.910912e+04   0.000e+00   1.405e-04   2.944e-03        0
     137       141   -3.910912e+04   0.000e+00   1.922e-04   3.027e-03        0
     138       142   -3.910911e+04   0.000e+00   5.422e-03   6.391e-03        0
     139       143   -3.910909e+04   0.000e+00   2.107e-03   2.089e-02        0
     140       144   -3.910907e+04   0.000e+00   4.967e-03   4.484e-02        0
     141       145   -3.910904e+04   0.000e+00   4.659e-03   5.699e-02        0
     142       146   -3.910903e+04   0.000e+00   5.283e-03   2.860e-02        0
     143       147   -3.910903e+04   0.000e+00   4.216e-05   3.744e-03        0
     144       148   -3.910903e+04   0.000e+00   3.127e-04   1.716e-03        0
     145       149   -3.910903e+04   0.000e+00   9.652e-04   1.734e-03        0
     146       150   -3.910903e+04   0.000e+00   1.978e-03   2.439e-03        0
     147       151   -3.910903e+04   0.000e+00   3.016e-03   3.061e-03        0
     148       152   -3.910902e+04   0.000e+00   3.389e-03   4.440e-03        0
     149       153   -3.910901e+04   0.000e+00   5.314e-03   7.814e-03        0
     150       154   -3.910898e+04   0.000e+00   1.441e-02   2.934e-02        0
     151       155   -3.910894e+04   0.000e+00   1.661e-02   7.169e-02        0
     152       156   -3.910889e+04   0.000e+00   1.370e-02   8.933e-02        0
     153       157   -3.910886e+04   0.000e+00   3.742e-02   8.630e-02        0
     154       158   -3.910886e+04   0.000e+00   1.426e-02   2.943e-02        0
     155       159   -3.910886e+04   0.000e+00   1.878e-02   2.785e-02        0
     156       160   -3.910886e+04   0.000e+00   2.722e-03   1.291e-02        0
     157       161   -3.910886e+04   0.000e+00   5.553e-04   1.441e-03        0
     158       164   -3.910886e+04   0.000e+00   2.758e-04   1.959e-04        0
     159       167   -3.910886e+04   0.000e+00   7.735e-06   4.781e-05        0
     160       168   -3.910886e+04   0.000e+00   7.148e-05   9.704e-04        0
     161       169   -3.910886e+04   0.000e+00   4.419e-04   1.234e-03        0
     162       173   -3.910886e+04   0.000e+00   7.435e-06   4.176e-06        0
     163       174   -3.910886e+04   0.000e+00   1.065e-05   8.163e-04        0
     164       175   -3.910886e+04   0.000e+00   8.844e-05   8.157e-04        0
     165       176   -3.910886e+04   0.000e+00   5.501e-06   6.365e-11        1
     166       177   -3.910886e+04   0.000e+00   1.234e-07   2.260e-04        0
     167       178   -3.910886e+04   0.000e+00   1.232e-07   2.274e-04        0
     168       179   -3.910886e+04   0.000e+00   1.840e-07   1.045e-04        0
     169       180   -3.910886e+04   0.000e+00   2.264e-08   2.913e-06        0
     170       181   -3.910886e+04   0.000e+00   6.221e-09   2.740e-06        0

EXIT: Locally optimal solution found.

Final Statistics
----------------
Final objective value               =  -3.91088560170613e+04
Final feasibility error (abs / rel) =   0.00e+00 / 0.00e+00
Final optimality error  (abs / rel) =   6.22e-09 / 6.22e-09
# of iterations                     =        170 
# of CG iterations                  =          1 
# of function evaluations           =        181
# of gradient evaluations           =        171
Total program time (secs)           =    8120.49121 (169932.000 CPU time)
Time spent in evaluations (secs)    =    8114.76465

Solution Vector
---------------
x[       0] =   1.38600794600e+00
x[       1] =   1.76826277540e+00
x[       2] =   2.05702672378e+00
x[       3] =   2.46268244943e+00
x[       4] =   1.84469417114e+00
x[       5] =   2.40696961514e+00
x[       6] =   8.36765597373e-01
x[       7] =  -1.14620379642e+00
x[       8] =  -2.40306835516e-01
x[       9] =  -2.55342636290e+00
x[      10] =   2.42751823298e-02
x[      11] =   7.17460792781e-05
x[      12] =   3.12764092695e+00
x[      13] =   3.44767185507e+00
x[      14] =   3.82096652611e+00
x[      15] =   6.48926048998e+00
x[      16] =   6.77907285362e-01
x[      17] =   6.43272392881e-01
x[      18] =   5.28303623824e-01
x[      19] =   7.64700026865e-01
x[      20] =   5.19374324388e-01
x[      21] =   1.62412008855e+00
x[      22] =   2.63868168024e-01

===============================================================================

