
Solving from new start point (number 29 of 42) <multistart>.


=======================================
*** NO CHECK MADE FOR LICENSE ***
         Artelys Knitro 12.3.0
=======================================

Knitro presolve eliminated 0 variables and 0 constraints.

algorithm:               4
bar_maxcrossit:          3
datacheck:               0
feastol:                 1e-08
hessopt:                 2
maxtime_cpu:             9.98385e+07
maxtime_real:            9.99921e+07
opttol:                  1e-08
outlev:                  5
outmode:                 2
par_concurrent_evals:    0
The problem is identified as bound constrained only.
Knitro changing act_qpalg from AUTO to 3.
Knitro changing honorbnds from AUTO to -1.
Knitro changing linesearch from AUTO to 2.
Knitro changing linsolver from AUTO to 4.

Problem Characteristics                                 (   Presolved)
-----------------------
Objective goal:  Maximize
Objective type:  general
Number of variables:                                 23 (          23)
    bounded below only:                               0 (           0)
    bounded above only:                               0 (           0)
    bounded below and above:                         23 (          23)
    fixed:                                            0 (           0)
    free:                                             0 (           0)
Number of constraints:                                0 (           0)
    linear equalities:                                0 (           0)
    quadratic equalities:                             0 (           0)
    gen. nonlinear equalities:                        0 (           0)
    linear one-sided inequalities:                    0 (           0)
    quadratic one-sided inequalities:                 0 (           0)
    gen. nonlinear one-sided inequalities:            0 (           0)
    linear two-sided inequalities:                    0 (           0)
    quadratic two-sided inequalities:                 0 (           0)
    gen. nonlinear two-sided inequalities:            0 (           0)
Number of nonzeros in Jacobian:                       0 (           0)
Number of nonzeros in Hessian:                        0 (         276)

Knitro using the Sequential Quadratic Programming (SQP) algorithm.

  Iter     fCount     Objective      FeasError   OptError    ||Step||    CGits 
--------  --------  --------------  ----------  ----------  ----------  -------
       0         1   -2.399269e+05   0.000e+00
       1         2   -4.424699e+04   0.000e+00   5.412e-03   2.777e-01        0
       2         3   -4.408974e+04   0.000e+00   5.088e-03   9.580e-03        0
       3         4   -4.344109e+04   0.000e+00   3.689e-03   4.562e-02        0
       4         5   -4.217879e+04   0.000e+00   1.582e-03   1.648e-01        0
       5         6   -4.199487e+04   0.000e+00   9.912e-04   7.095e-02        0
       6         7   -4.194428e+04   0.000e+00   1.123e-03   4.604e-02        0
       7         8   -4.192554e+04   0.000e+00   7.629e-02   2.279e-02        0
       8         9   -4.189298e+04   0.000e+00   2.361e-01   3.164e-02        0
       9        10   -4.182604e+04   0.000e+00   3.372e-01   5.072e-02        0
      10        11   -4.169468e+04   0.000e+00   2.219e-01   8.299e-02        0
      11        12   -4.156766e+04   0.000e+00   2.185e-03   2.923e-02        0
      12        13   -4.109350e+04   0.000e+00   3.293e-03   1.376e-01        0
      13        14   -4.104305e+04   0.000e+00   2.910e-03   1.973e-01        0
      14        15   -4.083352e+04   0.000e+00   2.541e-03   8.584e-02        0
      15        17   -4.082826e+04   0.000e+00   1.737e+00   4.612e-02        0
      16        19   -4.064991e+04   0.000e+00   4.632e-02   2.073e-01        0
      17        21   -4.060969e+04   0.000e+00   9.573e-01   5.342e-02        0
      18        22   -4.058657e+04   0.000e+00   4.047e-01   2.236e-02        0
      19        23   -4.056759e+04   0.000e+00   1.433e-03   2.012e-02        0
      20        24   -4.053297e+04   0.000e+00   1.355e-01   2.267e-02        0
      21        25   -4.040324e+04   0.000e+00   3.811e-01   8.164e-02        0
      22        26   -4.023343e+04   0.000e+00   8.640e-02   8.709e-02        0
      23        27   -3.992421e+04   0.000e+00   5.347e-02   1.922e-01        0
      24        28   -3.981103e+04   0.000e+00   1.603e-03   5.746e-02        0
      25        29   -3.980324e+04   0.000e+00   3.176e-03   1.770e-02        0
      26        30   -3.980048e+04   0.000e+00   8.622e-04   3.053e-03        0
      27        31   -3.979069e+04   0.000e+00   6.198e-03   1.034e-02        0
      28        32   -3.976171e+04   0.000e+00   1.543e-02   3.223e-02        0
      29        33   -3.971379e+04   0.000e+00   2.216e-02   6.029e-02        0
      30        34   -3.965930e+04   0.000e+00   1.974e-02   8.527e-02        0
      31        35   -3.963656e+04   0.000e+00   8.319e-03   4.447e-02        0
      32        36   -3.963102e+04   0.000e+00   5.263e-04   7.166e-03        0
      33        37   -3.962903e+04   0.000e+00   2.415e-03   9.892e-03        0
      34        38   -3.962733e+04   0.000e+00   3.917e-03   5.502e-03        0
      35        39   -3.962065e+04   0.000e+00   7.900e-02   1.354e-02        0
      36        40   -3.960651e+04   0.000e+00   2.536e-01   2.517e-02        0
      37        41   -3.957385e+04   0.000e+00   1.767e-01   7.128e-02        0
      38        42   -3.951661e+04   0.000e+00   2.050e-01   1.480e-01        0
      39        43   -3.945601e+04   0.000e+00   3.173e-01   2.060e-01        0
      40        44   -3.943217e+04   0.000e+00   1.101e-01   1.388e-01        0
      41        45   -3.942947e+04   0.000e+00   4.351e-04   3.557e-02        0
      42        46   -3.942877e+04   0.000e+00   1.721e-03   4.128e-03        0
      43        47   -3.942796e+04   0.000e+00   3.032e-03   7.491e-03        0
      44        48   -3.942617e+04   0.000e+00   4.665e-03   1.345e-02        0
      45        49   -3.942227e+04   0.000e+00   6.480e-03   1.767e-02        0
      46        50   -3.941498e+04   0.000e+00   7.473e-03   1.955e-02        0
      47        51   -3.940601e+04   0.000e+00   5.505e-03   3.308e-02        0
      48        52   -3.940092e+04   0.000e+00   1.460e-03   4.424e-02        0
      49        53   -3.939991e+04   0.000e+00   2.179e-02   2.081e-02        0
      50        54   -3.939950e+04   0.000e+00   3.455e-02   7.642e-03        0
      51        55   -3.939841e+04   0.000e+00   5.871e-02   1.354e-02        0
      52        56   -3.939594e+04   0.000e+00   7.852e-02   1.995e-02        0
      53        57   -3.939031e+04   0.000e+00   1.005e-01   3.242e-02        0
      54        58   -3.938033e+04   0.000e+00   7.545e-02   4.679e-02        0
      55        59   -3.936830e+04   0.000e+00   3.001e-02   5.733e-02        0
      56        60   -3.936069e+04   0.000e+00   1.603e-01   4.540e-02        0
      57        61   -3.935868e+04   0.000e+00   2.188e-02   4.339e-02        0
      58        64   -3.935851e+04   0.000e+00   1.814e-02   1.075e-02        0
      59        65   -3.935769e+04   0.000e+00   6.141e-02   1.251e-02        0
      60        66   -3.935654e+04   0.000e+00   1.272e-03   3.632e-03        0
      61        67   -3.934932e+04   0.000e+00   1.568e-03   2.036e-02        0
      62        68   -3.932595e+04   0.000e+00   7.019e-02   9.773e-02        0
      63        69   -3.930923e+04   0.000e+00   5.457e-02   1.060e-01        0
      64        70   -3.929631e+04   0.000e+00   1.879e-02   1.197e-01        0
      65        71   -3.929366e+04   0.000e+00   3.727e-03   2.906e-02        0
      66        72   -3.929259e+04   0.000e+00   4.370e-04   6.776e-03        0
      67        73   -3.929067e+04   0.000e+00   4.201e-04   9.726e-03        0
      68        74   -3.928575e+04   0.000e+00   4.610e-04   1.737e-02        0
      69        75   -3.927437e+04   0.000e+00   4.809e-04   4.292e-02        0
      70        76   -3.925150e+04   0.000e+00   5.256e-04   1.070e-01        0
      71        77   -3.921955e+04   0.000e+00   5.923e-04   1.904e-01        0
      72        78   -3.919197e+04   0.000e+00   4.866e-04   2.021e-01        0
      73        79   -3.917955e+04   0.000e+00   2.633e-04   1.134e-01        0
      74        80   -3.917811e+04   0.000e+00   5.045e-04   1.569e-02        0
      75        81   -3.917777e+04   0.000e+00   5.965e-04   4.297e-03        0
      76        82   -3.917631e+04   0.000e+00   8.296e-04   1.552e-02        0
      77        83   -3.917372e+04   0.000e+00   9.691e-04   1.393e-02        0
      78        84   -3.916812e+04   0.000e+00   1.093e-03   2.056e-02        0
      79        85   -3.916119e+04   0.000e+00   8.979e-04   5.641e-02        0
      80        86   -3.915678e+04   0.000e+00   3.382e-04   7.957e-02        0
      81        87   -3.915577e+04   0.000e+00   1.490e-04   3.941e-02        0
      82        88   -3.915568e+04   0.000e+00   1.499e-04   6.437e-03        0
      83        89   -3.915567e+04   0.000e+00   1.250e-04   2.742e-03        0
      84        90   -3.915565e+04   0.000e+00   7.928e-05   2.999e-03        0
      85        91   -3.915557e+04   0.000e+00   1.564e-04   5.106e-03        0
      86        92   -3.915540e+04   0.000e+00   5.048e-04   5.606e-03        0
      87        93   -3.915495e+04   0.000e+00   1.094e-03   1.022e-02        0
      88        94   -3.915395e+04   0.000e+00   1.876e-03   1.797e-02        0
      89        95   -3.915148e+04   0.000e+00   2.995e-03   4.193e-02        0
      90        96   -3.914620e+04   0.000e+00   4.271e-03   9.290e-02        0
      91        97   -3.913741e+04   0.000e+00   5.048e-03   1.698e-01        0
      92        98   -3.912909e+04   0.000e+00   3.906e-03   1.766e-01        0
      93        99   -3.912490e+04   0.000e+00   1.312e-03   8.741e-02        0
      94       100   -3.912332e+04   0.000e+00   1.920e-02   4.229e-02        0
      95       101   -3.912321e+04   0.000e+00   2.515e-04   1.015e-02        0
      96       102   -3.912320e+04   0.000e+00   4.288e-05   2.790e-03        0
      97       103   -3.912320e+04   0.000e+00   8.747e-04   2.820e-03        0
      98       104   -3.912319e+04   0.000e+00   2.226e-04   2.674e-03        0
      99       105   -3.912319e+04   0.000e+00   2.649e-04   3.869e-03        0
     100       106   -3.912317e+04   0.000e+00   2.683e-03   3.860e-03        0
     101       107   -3.912310e+04   0.000e+00   9.397e-03   1.022e-02        0
     102       108   -3.912297e+04   0.000e+00   1.725e-02   1.285e-02        0
     103       109   -3.912260e+04   0.000e+00   3.027e-02   2.282e-02        0
     104       110   -3.912183e+04   0.000e+00   4.756e-02   3.986e-02        0
     105       111   -3.912036e+04   0.000e+00   6.124e-02   6.818e-02        0
     106       112   -3.911863e+04   0.000e+00   5.770e-02   8.440e-02        0
     107       113   -3.911752e+04   0.000e+00   2.143e-02   7.650e-02        0
     108       114   -3.911734e+04   0.000e+00   2.792e-03   2.494e-02        0
     109       115   -3.911733e+04   0.000e+00   6.102e-05   5.805e-03        0
     110       116   -3.911733e+04   0.000e+00   1.881e-04   4.721e-03        0
     111       117   -3.911733e+04   0.000e+00   4.179e-04   1.260e-03        0
     112       118   -3.911733e+04   0.000e+00   3.795e-04   1.259e-03        0
     113       119   -3.911732e+04   0.000e+00   4.467e-04   5.348e-04        0
     114       120   -3.911732e+04   0.000e+00   5.101e-04   5.830e-04        0
     115       121   -3.911730e+04   0.000e+00   3.102e-05   1.612e-03        0
     116       122   -3.911720e+04   0.000e+00   1.941e-04   7.081e-03        0
     117       123   -3.911671e+04   0.000e+00   1.834e-03   3.311e-02        0
     118       124   -3.911519e+04   0.000e+00   1.508e-02   1.506e-01        0
     119       125   -3.911474e+04   0.000e+00   1.911e-02   1.206e-01        0
     120       126   -3.911466e+04   0.000e+00   2.995e-03   1.242e-02        0
     121       127   -3.911465e+04   0.000e+00   1.561e-03   1.788e-02        0
     122       128   -3.911465e+04   0.000e+00   2.758e-04   3.182e-03        0
     123       130   -3.911465e+04   0.000e+00   1.403e-04   1.525e-03        0
     124       131   -3.911465e+04   0.000e+00   9.182e-05   6.109e-06        2
     125       132   -3.911464e+04   0.000e+00   4.128e-05   2.169e-04        3
     126       133   -3.911463e+04   0.000e+00   1.119e-04   2.160e-03        0
     127       134   -3.911457e+04   0.000e+00   3.165e-04   8.185e-03        0
     128       135   -3.911430e+04   0.000e+00   6.848e-04   4.435e-02        0
     129       136   -3.911407e+04   0.000e+00   5.693e-04   6.948e-02        0
     130       137   -3.911405e+04   0.000e+00   2.385e-04   5.846e-03        0
     131       138   -3.911405e+04   0.000e+00   1.303e-05   2.726e-03        0
     132       139   -3.911405e+04   0.000e+00   6.541e-05   5.816e-04        0
     133       140   -3.911405e+04   0.000e+00   4.427e-04   5.746e-04        0
     134       141   -3.911405e+04   0.000e+00   6.876e-04   5.752e-04        0
     135       142   -3.911405e+04   0.000e+00   9.958e-04   4.301e-04        0
     136       143   -3.911405e+04   0.000e+00   1.802e-03   1.020e-03        0
     137       144   -3.911404e+04   0.000e+00   4.920e-03   3.669e-03        0
     138       145   -3.911403e+04   0.000e+00   7.665e-03   3.935e-03        0
     139       146   -3.911401e+04   0.000e+00   1.165e-02   6.376e-03        0
     140       147   -3.911394e+04   0.000e+00   1.716e-02   1.596e-02        0
     141       148   -3.911381e+04   0.000e+00   2.247e-02   4.074e-02        0
     142       149   -3.911374e+04   0.000e+00   1.588e-02   3.367e-02        0
     143       150   -3.911371e+04   0.000e+00   4.343e-03   2.117e-02        0
     144       152   -3.911371e+04   0.000e+00   1.954e-03   1.053e-02        0
     145       153   -3.911371e+04   0.000e+00   6.320e-05   2.591e-07        1
     146       154   -3.911370e+04   0.000e+00   2.046e-05   8.534e-03        0
     147       157   -3.911370e+04   0.000e+00   2.121e-06   1.384e-03        0
     148       160   -3.911370e+04   0.000e+00   2.216e-06   6.188e-04        0
     149       162   -3.911370e+04   0.000e+00   1.318e-05   1.248e-03        0
     150       163   -3.911370e+04   0.000e+00   1.297e-05   5.256e-06        3
     151       164   -3.911370e+04   0.000e+00   2.072e-06   6.858e-04        0
     152       165   -3.911370e+04   0.000e+00   2.144e-06   2.437e-03        0
     153       166   -3.911370e+04   0.000e+00   2.240e-06   2.565e-03        0
     154       167   -3.911369e+04   0.000e+00   2.425e-06   6.538e-03        0
     155       168   -3.911368e+04   0.000e+00   2.448e-05   1.029e-02        0
     156       169   -3.911365e+04   0.000e+00   9.141e-06   1.118e-02        0
     157       170   -3.911357e+04   0.000e+00   5.403e-05   2.276e-02        0
     158       171   -3.911347e+04   0.000e+00   1.895e-03   5.300e-02        0
     159       172   -3.911342e+04   0.000e+00   6.477e-04   2.809e-02        0
     160       173   -3.911341e+04   0.000e+00   4.200e-04   1.056e-02        0
     161       174   -3.911341e+04   0.000e+00   4.599e-06   3.987e-03        0
     162       175   -3.911341e+04   0.000e+00   1.894e-06   1.308e-03        0
     163       176   -3.911341e+04   0.000e+00   5.064e-05   1.308e-03        0
     164       177   -3.911341e+04   0.000e+00   8.173e-05   1.314e-03        0
     165       178   -3.911341e+04   0.000e+00   9.503e-05   1.201e-03        0
     166       179   -3.911341e+04   0.000e+00   1.087e-04   1.137e-03        0
     167       180   -3.911341e+04   0.000e+00   1.252e-04   1.137e-03        0
     168       181   -3.911341e+04   0.000e+00   1.910e-04   4.383e-03        0
     169       182   -3.911341e+04   0.000e+00   2.605e-04   4.386e-03        0
     170       183   -3.911340e+04   0.000e+00   3.846e-04   1.269e-02        0
     171       184   -3.911339e+04   0.000e+00   5.879e-04   1.282e-02        0
     172       185   -3.911334e+04   0.000e+00   1.316e-03   5.187e-02        0
     173       186   -3.911327e+04   0.000e+00   1.971e-03   5.234e-02        0
     174       187   -3.911319e+04   0.000e+00   3.258e-04   5.433e-02        0
     175       188   -3.911313e+04   0.000e+00   1.601e-03   3.255e-02        0
     176       189   -3.911311e+04   0.000e+00   2.608e-04   2.593e-02        0
     177       190   -3.911311e+04   0.000e+00   1.103e-04   1.351e-02        0
     178       193   -3.911311e+04   0.000e+00   2.364e-05   2.248e-03        0
     179       196   -3.911311e+04   0.000e+00   1.433e-06   1.481e-04        0
     180       197   -3.911311e+04   0.000e+00   1.435e-06   8.019e-04        0
     181       198   -3.911311e+04   0.000e+00   3.613e-05   3.303e-04        0
     182       199   -3.911311e+04   0.000e+00   9.371e-05   3.314e-04        0
     183       200   -3.911311e+04   0.000e+00   1.255e-04   3.336e-04        0
     184       201   -3.911310e+04   0.000e+00   6.098e-04   2.761e-03        0
     185       202   -3.911310e+04   0.000e+00   8.969e-04   2.244e-03        0
     186       203   -3.911309e+04   0.000e+00   1.527e-03   4.634e-03        0
     187       204   -3.911307e+04   0.000e+00   2.329e-03   6.663e-03        0
     188       205   -3.911301e+04   0.000e+00   3.675e-03   2.839e-02        0
     189       206   -3.911289e+04   0.000e+00   6.097e-03   6.862e-02        0
     190       207   -3.911267e+04   0.000e+00   1.040e-02   1.464e-01        0
     191       208   -3.911249e+04   0.000e+00   9.721e-03   1.470e-01        0
     192       209   -3.911238e+04   0.000e+00   4.431e-04   8.733e-02        0
     193       210   -3.911236e+04   0.000e+00   8.683e-04   1.901e-02        0
     194       211   -3.911235e+04   0.000e+00   2.088e-04   1.746e-02        0
     195       212   -3.911235e+04   0.000e+00   5.785e-04   1.579e-02        0
     196       213   -3.911235e+04   0.000e+00   1.566e-04   9.196e-03        0
     197       216   -3.911235e+04   0.000e+00   1.416e-04   1.928e-03        0
     198       219   -3.911235e+04   0.000e+00   1.388e-04   8.939e-04        0
     199       222   -3.911235e+04   0.000e+00   1.356e-04   9.849e-04        0
     200       225   -3.911235e+04   0.000e+00   1.317e-04   1.066e-03        0
     201       228   -3.911235e+04   0.000e+00   1.303e-04   1.240e-03        0
     202       229   -3.911235e+04   0.000e+00   1.224e-04   1.274e-03        0
     203       230   -3.911235e+04   0.000e+00   3.539e-05   1.339e-03        0
     204       231   -3.911235e+04   0.000e+00   4.660e-05   1.343e-03        0
     205       232   -3.911235e+04   0.000e+00   7.031e-04   3.684e-03        0
     206       233   -3.911234e+04   0.000e+00   5.232e-04   6.711e-03        0
     207       234   -3.911232e+04   0.000e+00   4.132e-04   7.588e-03        0
     208       235   -3.911224e+04   0.000e+00   3.024e-03   3.420e-02        0
     209       236   -3.911210e+04   0.000e+00   3.800e-04   8.806e-02        0
     210       237   -3.911177e+04   0.000e+00   2.147e-03   2.027e-01        0
     211       238   -3.911134e+04   0.000e+00   2.018e-03   2.277e-01        0
     212       239   -3.911080e+04   0.000e+00   5.260e-04   2.402e-01        0
     213       240   -3.911035e+04   0.000e+00   7.899e-03   2.390e-01        0
     214       241   -3.911000e+04   0.000e+00   1.612e-02   3.111e-01        0
     215       242   -3.910979e+04   0.000e+00   1.082e-02   3.087e-01        0
     216       244   -3.910975e+04   0.000e+00   1.665e-02   1.486e-01        0
     217       245   -3.910967e+04   0.000e+00   1.858e-02   1.288e-01        0
     218       246   -3.910967e+04   0.000e+00   3.213e-03   9.449e-02        0
     219       247   -3.910965e+04   0.000e+00   4.204e-03   8.570e-02        0
     220       248   -3.910964e+04   0.000e+00   1.427e-03   3.430e-02        0
     221       249   -3.910964e+04   0.000e+00   3.983e-04   5.874e-03        0
     222       250   -3.910964e+04   0.000e+00   4.384e-04   5.869e-03        0
     223       251   -3.910964e+04   0.000e+00   1.901e-04   4.818e-03        0
     224       252   -3.910964e+04   0.000e+00   2.133e-04   4.817e-03        0
     225       253   -3.910964e+04   0.000e+00   3.093e-04   4.408e-03        0
     226       254   -3.910964e+04   0.000e+00   3.273e-04   4.409e-03        0
     227       255   -3.910964e+04   0.000e+00   4.164e-04   4.329e-03        0
     228       256   -3.910964e+04   0.000e+00   4.047e-04   4.330e-03        0
     229       257   -3.910964e+04   0.000e+00   3.886e-04   4.347e-03        0
     230       258   -3.910963e+04   0.000e+00   7.557e-04   7.979e-03        0
     231       259   -3.910962e+04   0.000e+00   8.666e-04   8.170e-03        0
     232       260   -3.910959e+04   0.000e+00   1.238e-03   1.660e-02        0
     233       261   -3.910952e+04   0.000e+00   1.830e-03   2.795e-02        0
     234       262   -3.910940e+04   0.000e+00   1.661e-03   3.512e-02        0
     235       263   -3.910918e+04   0.000e+00   2.558e-03   1.578e-01        0
     236       264   -3.910900e+04   0.000e+00   4.332e-04   1.483e-01        0
     237       265   -3.910890e+04   0.000e+00   5.912e-03   1.427e-01        0
     238       266   -3.910887e+04   0.000e+00   4.178e-03   1.361e-01        0
     239       267   -3.910886e+04   0.000e+00   1.897e-04   1.304e-02        0
     240       268   -3.910886e+04   0.000e+00   8.353e-04   1.031e-02        0
     241       269   -3.910886e+04   0.000e+00   3.821e-04   9.529e-07        1
     242       272   -3.910886e+04   0.000e+00   7.728e-05   4.394e-03        0
     243       273   -3.910886e+04   0.000e+00   6.394e-05   5.517e-03        0
     244       276   -3.910886e+04   0.000e+00   6.327e-05   8.451e-05        0
     245       280   -3.910886e+04   0.000e+00   6.308e-05   1.683e-05        0
     246       281   -3.910886e+04   0.000e+00   3.578e-07   1.412e-05        3
     247       282   -3.910886e+04   0.000e+00   7.752e-06   8.712e-04        0
     248       283   -3.910886e+04   0.000e+00   1.515e-07   2.725e-04       12
     249       284   -3.910886e+04   0.000e+00   3.330e-06   8.083e-04        0
     250       285   -3.910886e+04   0.000e+00   4.969e-08   8.053e-04        0
     251       286   -3.910886e+04   0.000e+00   3.703e-06   8.871e-04        0
     252       287   -3.910886e+04   0.000e+00   2.235e-07   8.878e-04        0
     253       288   -3.910886e+04   0.000e+00   9.836e-07   3.544e-04        0
     254       289   -3.910886e+04   0.000e+00   4.087e-07   8.007e-11        1
     255       290   -3.910886e+04   0.000e+00   1.603e-06   1.152e-03        0
     256       291   -3.910886e+04   0.000e+00   6.961e-09   1.690e-11        1

EXIT: Locally optimal solution found.

Final Statistics
----------------
Final objective value               =  -3.91088560176508e+04
Final feasibility error (abs / rel) =   0.00e+00 / 0.00e+00
Final optimality error  (abs / rel) =   6.96e-09 / 6.96e-09
# of iterations                     =        256 
# of CG iterations                  =         27 
# of function evaluations           =        291
# of gradient evaluations           =        257
Total program time (secs)           =    9937.88086 (176765.031 CPU time)
Time spent in evaluations (secs)    =    9895.88477

Solution Vector
---------------
x[       0] =   1.38616271820e+00
x[       1] =   1.76836567269e+00
x[       2] =   2.05710394389e+00
x[       3] =   2.46277586863e+00
x[       4] =   1.84481942636e+00
x[       5] =   2.40706662495e+00
x[       6] =   8.36923294515e-01
x[       7] =  -1.14622481699e+00
x[       8] =  -2.40317003015e-01
x[       9] =  -2.55342955254e+00
x[      10] =   2.42761242611e-02
x[      11] =   7.17383457709e-05
x[      12] =   3.12741937526e+00
x[      13] =   3.44743856832e+00
x[      14] =   3.82068932709e+00
x[      15] =   6.48881436799e+00
x[      16] =   6.77933154910e-01
x[      17] =   6.43306844029e-01
x[      18] =   5.28329552574e-01
x[      19] =   7.64721689567e-01
x[      20] =   5.19398350065e-01
x[      21] =   1.62410621847e+00
x[      22] =   2.63872719210e-01

===============================================================================

