
Solving from new start point (number 42 of 42) <multistart>.


=======================================
*** NO CHECK MADE FOR LICENSE ***
         Artelys Knitro 12.3.0
=======================================

Knitro presolve eliminated 0 variables and 0 constraints.

algorithm:               4
bar_maxcrossit:          3
datacheck:               0
feastol:                 1e-08
hessopt:                 2
maxtime_cpu:             9.9721e+07
maxtime_real:            9.99865e+07
opttol:                  1e-08
outlev:                  5
outmode:                 2
par_concurrent_evals:    0
The problem is identified as bound constrained only.
Knitro changing act_qpalg from AUTO to 3.
Knitro changing honorbnds from AUTO to -1.
Knitro changing linesearch from AUTO to 2.
Knitro changing linsolver from AUTO to 4.

Problem Characteristics                                 (   Presolved)
-----------------------
Objective goal:  Maximize
Objective type:  general
Number of variables:                                 23 (          23)
    bounded below only:                               0 (           0)
    bounded above only:                               0 (           0)
    bounded below and above:                         23 (          23)
    fixed:                                            0 (           0)
    free:                                             0 (           0)
Number of constraints:                                0 (           0)
    linear equalities:                                0 (           0)
    quadratic equalities:                             0 (           0)
    gen. nonlinear equalities:                        0 (           0)
    linear one-sided inequalities:                    0 (           0)
    quadratic one-sided inequalities:                 0 (           0)
    gen. nonlinear one-sided inequalities:            0 (           0)
    linear two-sided inequalities:                    0 (           0)
    quadratic two-sided inequalities:                 0 (           0)
    gen. nonlinear two-sided inequalities:            0 (           0)
Number of nonzeros in Jacobian:                       0 (           0)
Number of nonzeros in Hessian:                        0 (         276)

Knitro using the Sequential Quadratic Programming (SQP) algorithm.

  Iter     fCount     Objective      FeasError   OptError    ||Step||    CGits 
--------  --------  --------------  ----------  ----------  ----------  -------
       0         1   -1.910867e+05   0.000e+00
       1         2   -4.818072e+04   0.000e+00   6.349e-03   2.184e-01        0
       2         3   -4.775154e+04   0.000e+00   5.989e-03   1.104e-02        0
       3         4   -4.598739e+04   0.000e+00   4.433e-03   5.251e-02        0
       4         5   -4.256971e+04   0.000e+00   1.597e-03   1.875e-01        0
       5         6   -4.197392e+04   0.000e+00   9.579e-04   9.112e-02        0
       6         7   -4.180017e+04   0.000e+00   7.540e-04   6.823e-02        0
       7         8   -4.177196e+04   0.000e+00   8.554e-02   3.107e-02        0
       8         9   -4.176045e+04   0.000e+00   1.150e-01   1.639e-02        0
       9        10   -4.173911e+04   0.000e+00   1.124e-01   2.386e-02        0
      10        11   -4.170064e+04   0.000e+00   1.193e-01   2.450e-02        0
      11        12   -4.153872e+04   0.000e+00   1.234e-03   7.913e-02        0
      12        13   -4.127433e+04   0.000e+00   1.324e-02   1.767e-01        0
      13        14   -4.075423e+04   0.000e+00   1.554e-02   2.716e-01        0
      14        16   -4.051798e+04   0.000e+00   1.383e+00   1.786e-01        0
      15        17   -4.030435e+04   0.000e+00   1.708e-02   7.751e-02        0
      16        18   -4.024094e+04   0.000e+00   1.622e-02   2.222e-01        0
      17        19   -4.014535e+04   0.000e+00   1.584e-02   9.312e-02        0
      18        20   -4.009216e+04   0.000e+00   1.612e-02   4.563e-02        0
      19        21   -4.000953e+04   0.000e+00   2.190e-03   5.809e-02        0
      20        22   -3.999229e+04   0.000e+00   2.229e-03   3.068e-02        0
      21        23   -3.998509e+04   0.000e+00   9.809e-04   2.000e-02        0
      22        24   -3.997478e+04   0.000e+00   5.046e-04   1.387e-02        0
      23        25   -3.993763e+04   0.000e+00   5.660e-04   3.157e-02        0
      24        26   -3.987127e+04   0.000e+00   2.344e-01   3.797e-02        0
      25        27   -3.977964e+04   0.000e+00   2.399e-01   5.525e-02        0
      26        28   -3.972873e+04   0.000e+00   1.900e-01   4.562e-02        0
      27        29   -3.971310e+04   0.000e+00   1.309e-01   3.765e-02        0
      28        30   -3.970847e+04   0.000e+00   3.150e-02   9.512e-03        0
      29        31   -3.969114e+04   0.000e+00   1.370e-02   3.408e-02        0
      30        32   -3.965536e+04   0.000e+00   9.020e-04   4.595e-02        0
      31        33   -3.958388e+04   0.000e+00   3.010e-03   9.121e-02        0
      32        34   -3.950175e+04   0.000e+00   3.830e-03   9.538e-02        0
      33        35   -3.945212e+04   0.000e+00   2.955e-03   5.965e-02        0
      34        36   -3.944124e+04   0.000e+00   1.244e-03   2.983e-02        0
      35        37   -3.943968e+04   0.000e+00   2.300e-04   8.232e-03        0
      36        38   -3.943831e+04   0.000e+00   3.603e-04   8.330e-03        0
      37        39   -3.943594e+04   0.000e+00   8.542e-04   6.628e-03        0
      38        40   -3.942879e+04   0.000e+00   3.607e-02   1.187e-02        0
      39        41   -3.941243e+04   0.000e+00   7.399e-02   1.963e-02        0
      40        42   -3.937668e+04   0.000e+00   9.187e-02   4.737e-02        0
      41        43   -3.932602e+04   0.000e+00   1.759e-02   9.065e-02        0
      42        44   -3.929189e+04   0.000e+00   8.931e-02   9.339e-02        0
      43        45   -3.928319e+04   0.000e+00   2.569e-02   4.165e-02        0
      44        46   -3.928175e+04   0.000e+00   2.767e-04   8.518e-03        0
      45        47   -3.928073e+04   0.000e+00   2.733e-04   4.437e-03        0
      46        48   -3.927812e+04   0.000e+00   4.339e-04   7.137e-03        0
      47        49   -3.927263e+04   0.000e+00   7.529e-04   1.334e-02        0
      48        50   -3.926141e+04   0.000e+00   1.020e-03   2.832e-02        0
      49        51   -3.924540e+04   0.000e+00   9.707e-04   4.855e-02        0
      50        52   -3.923076e+04   0.000e+00   4.799e-04   5.282e-02        0
      51        53   -3.922282e+04   0.000e+00   2.711e-02   3.665e-02        0
      52        54   -3.922130e+04   0.000e+00   3.383e-02   8.243e-03        0
      53        57   -3.922123e+04   0.000e+00   1.044e-02   2.358e-03        0
      54        58   -3.922121e+04   0.000e+00   5.481e-04   1.945e-02        0
      55        59   -3.922095e+04   0.000e+00   4.748e-03   8.897e-03        0
      56        60   -3.922083e+04   0.000e+00   2.274e-04   2.656e-03        0
      57        61   -3.922003e+04   0.000e+00   1.564e-02   1.021e-02        0
      58        62   -3.921776e+04   0.000e+00   2.837e-02   2.501e-02        0
      59        63   -3.921445e+04   0.000e+00   1.828e-02   2.827e-02        0
      60        64   -3.920932e+04   0.000e+00   1.111e-03   3.562e-02        0
      61        65   -3.920596e+04   0.000e+00   2.905e-02   1.853e-02        0
      62        66   -3.920495e+04   0.000e+00   4.168e-03   1.558e-02        0
      63        67   -3.920477e+04   0.000e+00   5.112e-03   9.171e-03        0
      64        68   -3.920467e+04   0.000e+00   7.283e-03   4.473e-03        0
      65        69   -3.920436e+04   0.000e+00   8.929e-03   7.839e-03        0
      66        70   -3.920366e+04   0.000e+00   8.739e-03   8.292e-03        0
      67        71   -3.920188e+04   0.000e+00   4.335e-03   1.052e-02        0
      68        72   -3.919886e+04   0.000e+00   4.297e-03   1.617e-02        0
      69        73   -3.919532e+04   0.000e+00   3.892e-04   3.592e-02        0
      70        74   -3.919330e+04   0.000e+00   2.573e-04   4.002e-02        0
      71        75   -3.919287e+04   0.000e+00   8.333e-05   1.759e-02        0
      72        76   -3.919282e+04   0.000e+00   3.104e-05   2.919e-03        0
      73        77   -3.919278e+04   0.000e+00   1.313e-03   1.236e-03        0
      74        78   -3.919265e+04   0.000e+00   5.963e-03   2.210e-03        0
      75        79   -3.919238e+04   0.000e+00   1.316e-02   3.005e-03        0
      76        80   -3.919170e+04   0.000e+00   2.491e-02   6.314e-03        0
      77        81   -3.919045e+04   0.000e+00   3.596e-02   1.141e-02        0
      78        82   -3.918875e+04   0.000e+00   3.782e-02   1.909e-02        0
      79        83   -3.918763e+04   0.000e+00   2.306e-02   1.832e-02        0
      80        84   -3.918728e+04   0.000e+00   4.361e-03   7.121e-03        0
      81        85   -3.918720e+04   0.000e+00   2.253e-03   2.710e-03        0
      82        86   -3.918713e+04   0.000e+00   1.646e-04   1.944e-03        0
      83        87   -3.918690e+04   0.000e+00   3.728e-04   3.049e-03        0
      84        88   -3.918636e+04   0.000e+00   7.319e-04   5.436e-03        0
      85        89   -3.918482e+04   0.000e+00   1.300e-03   1.060e-02        0
      86        90   -3.918109e+04   0.000e+00   2.099e-03   2.816e-02        0
      87        91   -3.917259e+04   0.000e+00   3.050e-03   7.789e-02        0
      88        92   -3.915763e+04   0.000e+00   3.516e-03   1.674e-01        0
      89        93   -3.914280e+04   0.000e+00   2.523e-03   2.125e-01        0
      90        94   -3.913583e+04   0.000e+00   9.522e-04   1.092e-01        0
      91        95   -3.913395e+04   0.000e+00   1.073e-04   2.196e-02        0
      92        96   -3.913384e+04   0.000e+00   1.048e-05   1.233e-02        0
      93        97   -3.913383e+04   0.000e+00   1.041e-05   2.321e-03        0
      94        98   -3.913383e+04   0.000e+00   1.035e-05   1.784e-03        0
      95        99   -3.913383e+04   0.000e+00   2.238e-05   1.724e-03        0
      96       100   -3.913381e+04   0.000e+00   4.753e-05   1.727e-03        0
      97       101   -3.913376e+04   0.000e+00   1.155e-04   2.536e-03        0
      98       102   -3.913366e+04   0.000e+00   4.044e-03   3.278e-03        0
      99       103   -3.913333e+04   0.000e+00   1.541e-02   8.880e-03        0
     100       104   -3.913264e+04   0.000e+00   3.070e-02   1.844e-02        0
     101       105   -3.913093e+04   0.000e+00   5.484e-02   4.845e-02        0
     102       106   -3.912771e+04   0.000e+00   8.007e-02   9.905e-02        0
     103       107   -3.912308e+04   0.000e+00   7.777e-02   1.614e-01        0
     104       108   -3.911883e+04   0.000e+00   4.102e-02   1.675e-01        0
     105       109   -3.911723e+04   0.000e+00   7.904e-05   4.658e-02        0
     106       110   -3.911704e+04   0.000e+00   6.588e-06   2.858e-02        0
     107       111   -3.911703e+04   0.000e+00   1.966e-05   5.855e-03        0
     108       112   -3.911703e+04   0.000e+00   8.221e-06   6.694e-04        0
     109       113   -3.911703e+04   0.000e+00   1.158e-05   7.246e-04        0
     110       114   -3.911703e+04   0.000e+00   3.106e-05   7.338e-04        0
     111       115   -3.911702e+04   0.000e+00   6.186e-05   7.877e-04        0
     112       116   -3.911701e+04   0.000e+00   1.172e-04   1.074e-03        0
     113       117   -3.911697e+04   0.000e+00   2.000e-04   1.946e-03        0
     114       118   -3.911689e+04   0.000e+00   3.246e-04   4.918e-03        0
     115       119   -3.911669e+04   0.000e+00   4.847e-04   1.258e-02        0
     116       120   -3.911627e+04   0.000e+00   6.979e-04   2.298e-02        0
     117       121   -3.911531e+04   0.000e+00   3.890e-02   5.899e-02        0
     118       122   -3.911411e+04   0.000e+00   4.104e-02   8.710e-02        0
     119       123   -3.911315e+04   0.000e+00   2.444e-02   8.665e-02        0
     120       124   -3.911284e+04   0.000e+00   6.602e-03   1.659e-02        0
     121       125   -3.911279e+04   0.000e+00   3.127e-04   1.314e-02        0
     122       126   -3.911278e+04   0.000e+00   4.901e-04   8.889e-03        0
     123       127   -3.911278e+04   0.000e+00   2.265e-06   4.087e-03        0
     124       128   -3.911278e+04   0.000e+00   1.582e-06   9.494e-04        0
     125       129   -3.911278e+04   0.000e+00   4.671e-05   1.342e-08        1
     126       132   -3.911278e+04   0.000e+00   4.445e-05   8.178e-04        0
     127       133   -3.911278e+04   0.000e+00   2.572e-05   5.131e-04        0
     128       134   -3.911278e+04   0.000e+00   1.384e-05   4.018e-04        0
     129       135   -3.911278e+04   0.000e+00   4.357e-06   4.014e-04        0
     130       136   -3.911278e+04   0.000e+00   4.553e-05   9.317e-04        0
     131       137   -3.911278e+04   0.000e+00   2.564e-06   1.549e-03        0
     132       138   -3.911278e+04   0.000e+00   4.915e-06   2.462e-03        0
     133       139   -3.911277e+04   0.000e+00   8.742e-06   4.171e-03        0
     134       140   -3.911274e+04   0.000e+00   1.450e-05   7.497e-03        0
     135       141   -3.911266e+04   0.000e+00   2.237e-05   1.534e-02        0
     136       142   -3.911252e+04   0.000e+00   2.742e-05   1.824e-02        0
     137       143   -3.911191e+04   0.000e+00   3.611e-04   1.142e-01        0
     138       144   -3.911169e+04   0.000e+00   3.373e-04   5.654e-02        0
     139       145   -3.911160e+04   0.000e+00   2.506e-05   2.512e-02        0
     140       146   -3.911159e+04   0.000e+00   9.672e-06   6.958e-03        0
     141       147   -3.911159e+04   0.000e+00   2.070e-06   3.158e-03        0
     142       148   -3.911159e+04   0.000e+00   1.638e-05   5.422e-04        0
     143       149   -3.911159e+04   0.000e+00   2.641e-05   5.419e-04        0
     144       150   -3.911159e+04   0.000e+00   3.355e-05   5.441e-04        0
     145       151   -3.911159e+04   0.000e+00   1.080e-04   2.707e-03        0
     146       152   -3.911159e+04   0.000e+00   1.682e-04   2.715e-03        0
     147       153   -3.911158e+04   0.000e+00   2.860e-04   4.217e-03        0
     148       154   -3.911157e+04   0.000e+00   4.501e-04   4.930e-03        0
     149       155   -3.911153e+04   0.000e+00   7.265e-04   8.226e-03        0
     150       156   -3.911144e+04   0.000e+00   1.097e-03   1.688e-02        0
     151       157   -3.911132e+04   0.000e+00   1.328e-03   3.208e-02        0
     152       158   -3.911119e+04   0.000e+00   1.453e-03   4.726e-02        0
     153       159   -3.911114e+04   0.000e+00   7.698e-04   4.002e-02        0
     154       162   -3.911113e+04   0.000e+00   7.190e-04   5.007e-03        0
     155       163   -3.911113e+04   0.000e+00   3.431e-04   7.570e-06        1
     156       164   -3.911113e+04   0.000e+00   2.559e-06   5.917e-03        0
     157       165   -3.911113e+04   0.000e+00   1.237e-06   2.360e-03        0
     158       166   -3.911113e+04   0.000e+00   1.234e-06   5.663e-04        0
     159       167   -3.911113e+04   0.000e+00   7.294e-06   5.665e-04        0
     160       168   -3.911113e+04   0.000e+00   9.828e-06   5.667e-04        0
     161       169   -3.911113e+04   0.000e+00   1.329e-05   5.673e-04        0
     162       170   -3.911113e+04   0.000e+00   1.225e-06   5.683e-04        0
     163       171   -3.911113e+04   0.000e+00   1.401e-06   2.631e-03        0
     164       172   -3.911113e+04   0.000e+00   3.429e-06   2.636e-03        0
     165       173   -3.911112e+04   0.000e+00   1.669e-06   3.313e-03        0
     166       174   -3.911112e+04   0.000e+00   2.545e-06   7.080e-03        0
     167       175   -3.911110e+04   0.000e+00   1.156e-05   8.555e-03        0
     168       176   -3.911105e+04   0.000e+00   2.226e-05   1.535e-02        0
     169       177   -3.911095e+04   0.000e+00   6.644e-05   3.343e-02        0
     170       178   -3.911078e+04   0.000e+00   5.360e-04   6.334e-02        0
     171       179   -3.911058e+04   0.000e+00   1.933e-03   1.025e-01        0
     172       180   -3.911048e+04   0.000e+00   1.110e-03   6.242e-02        0
     173       181   -3.911047e+04   0.000e+00   2.745e-05   1.885e-02        0
     174       182   -3.911047e+04   0.000e+00   3.002e-05   2.956e-03        0
     175       185   -3.911047e+04   0.000e+00   9.166e-06   4.945e-04        0
     176       188   -3.911047e+04   0.000e+00   2.018e-06   7.243e-05        0
     177       189   -3.911047e+04   0.000e+00   2.023e-06   1.001e-03        0
     178       190   -3.911047e+04   0.000e+00   2.952e-05   9.981e-04        0
     179       191   -3.911047e+04   0.000e+00   1.234e-04   9.981e-04        0
     180       192   -3.911047e+04   0.000e+00   3.680e-04   1.036e-03        0
     181       193   -3.911046e+04   0.000e+00   1.139e-03   1.846e-03        0
     182       194   -3.911045e+04   0.000e+00   3.115e-03   4.438e-03        0
     183       195   -3.911044e+04   0.000e+00   4.935e-03   4.929e-03        0
     184       196   -3.911040e+04   0.000e+00   7.176e-03   8.038e-03        0
     185       197   -3.911035e+04   0.000e+00   7.565e-03   1.283e-02        0
     186       198   -3.911032e+04   0.000e+00   3.613e-03   1.275e-02        0
     187       199   -3.911027e+04   0.000e+00   5.419e-03   4.588e-02        0
     188       200   -3.911024e+04   0.000e+00   1.605e-03   4.589e-02        0
     189       201   -3.911023e+04   0.000e+00   1.058e-03   3.016e-02        0
     190       202   -3.911023e+04   0.000e+00   6.860e-04   4.318e-06        1
     191       203   -3.911023e+04   0.000e+00   5.830e-05   1.301e-08        1
     192       204   -3.911023e+04   0.000e+00   6.420e-06   8.620e-03        0
     193       207   -3.911023e+04   0.000e+00   7.215e-06   1.510e-03        0
     194       210   -3.911023e+04   0.000e+00   7.171e-06   5.750e-05        0
     195       214   -3.911023e+04   0.000e+00   6.367e-06   8.972e-04        0
     196       215   -3.911023e+04   0.000e+00   1.661e-06   1.794e-03       23
     197       218   -3.911023e+04   0.000e+00   3.877e-07   1.247e-04        0
     198       219   -3.911023e+04   0.000e+00   1.777e-06   9.788e-04        0
     199       220   -3.911023e+04   0.000e+00   3.960e-07   9.788e-04        0
     200       221   -3.911023e+04   0.000e+00   1.145e-06   1.049e-03        0
     201       222   -3.911023e+04   0.000e+00   3.990e-07   1.264e-04        0
     202       223   -3.911023e+04   0.000e+00   2.153e-06   1.653e-04        0
     203       224   -3.911023e+04   0.000e+00   2.883e-06   1.678e-04        0
     204       225   -3.911023e+04   0.000e+00   5.345e-06   1.751e-04        0
     205       226   -3.911023e+04   0.000e+00   9.776e-06   3.618e-04        0
     206       227   -3.911023e+04   0.000e+00   1.344e-05   4.721e-04        0
     207       228   -3.911022e+04   0.000e+00   2.463e-05   1.097e-03        0
     208       229   -3.911022e+04   0.000e+00   3.362e-05   2.377e-03        0
     209       230   -3.911021e+04   0.000e+00   4.355e-05   5.907e-03        0
     210       231   -3.911019e+04   0.000e+00   2.230e-05   1.225e-02        0
     211       232   -3.911017e+04   0.000e+00   6.549e-05   1.979e-02        0
     212       233   -3.911015e+04   0.000e+00   1.929e-05   1.824e-02        0
     213       234   -3.911015e+04   0.000e+00   9.065e-05   1.824e-02        0
     214       235   -3.911014e+04   0.000e+00   1.458e-04   1.858e-02        0
     215       236   -3.911013e+04   0.000e+00   1.009e-04   1.355e-02        0
     216       237   -3.911013e+04   0.000e+00   7.090e-05   3.134e-07        1
     217       242   -3.911013e+04   0.000e+00   6.859e-07   1.366e-06        2
     218       243   -3.911013e+04   0.000e+00   9.696e-07   1.266e-03        0
     219       244   -3.911013e+04   0.000e+00   8.770e-07   7.046e-04        0
     220       245   -3.911013e+04   0.000e+00   7.454e-07   6.985e-04        0
     221       246   -3.911013e+04   0.000e+00   6.279e-07   1.194e-03        0
     222       247   -3.911013e+04   0.000e+00   3.166e-05   1.865e-03        0
     223       248   -3.911013e+04   0.000e+00   9.256e-05   2.038e-03        0
     224       249   -3.911013e+04   0.000e+00   1.983e-04   2.600e-03        0
     225       250   -3.911012e+04   0.000e+00   2.278e-04   2.628e-03        0
     226       251   -3.911007e+04   0.000e+00   6.625e-04   4.156e-02        0
     227       252   -3.911003e+04   0.000e+00   6.370e-04   3.440e-02        0
     228       253   -3.911000e+04   0.000e+00   6.121e-04   5.469e-02        0
     229       254   -3.911000e+04   0.000e+00   3.932e-04   3.311e-02        0
     230       255   -3.911000e+04   0.000e+00   1.542e-04   6.347e-03        0
     231       256   -3.911000e+04   0.000e+00   1.463e-04   4.740e-07        1
     232       257   -3.911000e+04   0.000e+00   6.803e-06   2.889e-09        1
     233       259   -3.911000e+04   0.000e+00   3.731e-06   2.178e-03        0
     234       260   -3.911000e+04   0.000e+00   4.501e-07   1.034e-03       25
     235       261   -3.911000e+04   0.000e+00   4.555e-07   4.729e-04        0
     236       262   -3.911000e+04   0.000e+00   4.595e-07   4.687e-04        0
     237       263   -3.911000e+04   0.000e+00   4.410e-07   1.675e-03        0
     238       264   -3.911000e+04   0.000e+00   4.376e-07   1.091e-03        0
     239       265   -3.911000e+04   0.000e+00   4.368e-07   1.091e-03        0
     240       266   -3.911000e+04   0.000e+00   4.422e-07   1.045e-03        0
     241       267   -3.911000e+04   0.000e+00   9.154e-07   1.044e-03        0
     242       268   -3.911000e+04   0.000e+00   4.011e-06   1.101e-03        0
     243       269   -3.910999e+04   0.000e+00   1.487e-05   1.411e-03        0
     244       270   -3.910999e+04   0.000e+00   1.049e-06   1.565e-03        0
     245       271   -3.910999e+04   0.000e+00   2.115e-05   1.806e-03        0
     246       272   -3.910998e+04   0.000e+00   5.372e-05   4.906e-03        0
     247       273   -3.910997e+04   0.000e+00   1.194e-05   1.121e-02        0
     248       274   -3.910993e+04   0.000e+00   2.212e-05   3.442e-02        0
     249       275   -3.910986e+04   0.000e+00   2.515e-04   5.326e-02        0
     250       276   -3.910978e+04   0.000e+00   5.442e-04   5.344e-02        0
     251       277   -3.910959e+04   0.000e+00   2.246e-03   2.412e-01        0
     252       278   -3.910947e+04   0.000e+00   4.682e-03   2.407e-01        0
     253       279   -3.910942e+04   0.000e+00   1.682e-03   8.492e-02        0
     254       280   -3.910940e+04   0.000e+00   2.318e-03   6.167e-02        0
     255       281   -3.910940e+04   0.000e+00   1.363e-04   8.636e-06        1
     256       282   -3.910940e+04   0.000e+00   5.199e-04   4.381e-02        0
     257       283   -3.910940e+04   0.000e+00   3.436e-04   1.644e-05        1
     258       286   -3.910940e+04   0.000e+00   3.166e-06   1.105e-02        0
     259       289   -3.910940e+04   0.000e+00   2.010e-06   7.403e-03        0
     260       290   -3.910940e+04   0.000e+00   2.851e-04   1.183e-02        0
     261       291   -3.910940e+04   0.000e+00   3.882e-05   5.236e-09        1
     262       294   -3.910940e+04   0.000e+00   3.755e-05   2.313e-04        0
     263       298   -3.910940e+04   0.000e+00   3.744e-05   2.062e-05        0
     264       301   -3.910940e+04   0.000e+00   3.707e-05   6.537e-05        0
     265       305   -3.910940e+04   0.000e+00   3.696e-05   2.054e-05        0
     266       308   -3.910940e+04   0.000e+00   3.663e-05   3.158e-05        0
     267       311   -3.910940e+04   0.000e+00   3.378e-05   2.624e-04        0
     268       314   -3.910940e+04   0.000e+00   3.212e-05   1.592e-04        0
     269       317   -3.910940e+04   0.000e+00   3.052e-05   1.547e-04        0
     270       320   -3.910940e+04   0.000e+00   2.876e-05   1.644e-04        0
     271       323   -3.910940e+04   0.000e+00   2.699e-05   1.660e-04        0
     272       326   -3.910940e+04   0.000e+00   2.620e-05   6.798e-05        0
     273       329   -3.910940e+04   0.000e+00   1.805e-05   6.110e-04        0
     274       332   -3.910940e+04   0.000e+00   1.202e-05   4.871e-04        0
     275       335   -3.910940e+04   0.000e+00   5.723e-06   4.987e-04        0
     276       338   -3.910940e+04   0.000e+00   2.538e-06   6.607e-04        0
     277       340   -3.910940e+04   0.000e+00   2.115e-05   1.472e-03        0
     278       343   -3.910940e+04   0.000e+00   3.943e-06   4.550e-04        0
     279       344   -3.910940e+04   0.000e+00   3.503e-05   2.949e-03        0
     280       347   -3.910940e+04   0.000e+00   1.137e-06   5.874e-04        0
     281       348   -3.910940e+04   0.000e+00   1.627e-06   3.710e-03        0
     282       349   -3.910940e+04   0.000e+00   2.995e-06   3.722e-03        0
     283       350   -3.910939e+04   0.000e+00   5.132e-06   1.595e-02        0
     284       351   -3.910935e+04   0.000e+00   1.242e-05   4.686e-02        0
     285       352   -3.910932e+04   0.000e+00   8.413e-06   4.669e-02        0
     286       353   -3.910924e+04   0.000e+00   1.296e-05   4.832e-02        0
     287       354   -3.910908e+04   0.000e+00   1.008e-05   5.887e-02        0
     288       355   -3.910893e+04   0.000e+00   2.561e-03   1.975e-01        0
     289       356   -3.910889e+04   0.000e+00   5.334e-03   1.913e-01        0
     290       359   -3.910889e+04   0.000e+00   5.260e-03   5.746e-03        0
     291       360   -3.910888e+04   0.000e+00   2.554e-03   1.001e-01        0
     292       361   -3.910887e+04   0.000e+00   6.192e-04   7.404e-02        0
     293       362   -3.910887e+04   0.000e+00   5.913e-04   4.910e-06        1
     294       364   -3.910886e+04   0.000e+00   1.421e-03   1.468e-01        0
     295       365   -3.910886e+04   0.000e+00   1.633e-04   3.926e-02        0
     296       366   -3.910886e+04   0.000e+00   8.461e-05   2.149e-07        1
     297       369   -3.910886e+04   0.000e+00   8.406e-05   8.834e-05        0
     298       372   -3.910886e+04   0.000e+00   7.787e-05   8.829e-04        0
     299       373   -3.910886e+04   0.000e+00   1.197e-05   9.009e-03        0
     300       374   -3.910886e+04   0.000e+00   6.620e-07   1.566e-05        5
     301       375   -3.910886e+04   0.000e+00   1.164e-05   1.031e-02        0
     302       378   -3.910886e+04   0.000e+00   1.169e-05   1.281e-03        0
     303       379   -3.910886e+04   0.000e+00   5.973e-07   1.152e-06        2
     304       380   -3.910886e+04   0.000e+00   1.968e-06   2.410e-04        0
     305       381   -3.910886e+04   0.000e+00   3.121e-07   1.792e-04        0
     306       382   -3.910886e+04   0.000e+00   1.900e-09   1.787e-04        0

EXIT: Locally optimal solution found.

Final Statistics
----------------
Final objective value               =  -3.91088560170776e+04
Final feasibility error (abs / rel) =   0.00e+00 / 0.00e+00
Final optimality error  (abs / rel) =   1.90e-09 / 1.90e-09
# of iterations                     =        306 
# of CG iterations                  =         69 
# of function evaluations           =        382
# of gradient evaluations           =        307
Total program time (secs)           =    5074.65820 ( 62076.312 CPU time)
Time spent in evaluations (secs)    =    5025.88525

Solution Vector
---------------
x[       0] =   1.38598372057e+00
x[       1] =   1.76824498573e+00
x[       2] =   2.05701024648e+00
x[       3] =   2.46266515892e+00
x[       4] =   1.84467968430e+00
x[       5] =   2.40695370057e+00
x[       6] =   8.36734599073e-01
x[       7] =  -1.14619998749e+00
x[       8] =  -2.40304919027e-01
x[       9] =  -2.55343164495e+00
x[      10] =   2.42752615019e-02
x[      11] =   7.17448645100e-05
x[      12] =   3.12767451596e+00
x[      13] =   3.44770802227e+00
x[      14] =   3.82100661402e+00
x[      15] =   6.48932500002e+00
x[      16] =   6.77904802924e-01
x[      17] =   6.43268569015e-01
x[      18] =   5.28300352653e-01
x[      19] =   7.64694729576e-01
x[      20] =   5.19370652612e-01
x[      21] =   1.62412852622e+00
x[      22] =   2.63867648362e-01

===============================================================================

