
Solving from new start point (number 31 of 42) <multistart>.


=======================================
*** NO CHECK MADE FOR LICENSE ***
         Artelys Knitro 12.3.0
=======================================

Knitro presolve eliminated 0 variables and 0 constraints.

algorithm:               4
bar_maxcrossit:          3
datacheck:               0
feastol:                 1e-08
hessopt:                 2
maxtime_cpu:             9.9834e+07
maxtime_real:            9.99919e+07
opttol:                  1e-08
outlev:                  5
outmode:                 2
par_concurrent_evals:    0
The problem is identified as bound constrained only.
Knitro changing act_qpalg from AUTO to 3.
Knitro changing honorbnds from AUTO to -1.
Knitro changing linesearch from AUTO to 2.
Knitro changing linsolver from AUTO to 4.

Problem Characteristics                                 (   Presolved)
-----------------------
Objective goal:  Maximize
Objective type:  general
Number of variables:                                 23 (          23)
    bounded below only:                               0 (           0)
    bounded above only:                               0 (           0)
    bounded below and above:                         23 (          23)
    fixed:                                            0 (           0)
    free:                                             0 (           0)
Number of constraints:                                0 (           0)
    linear equalities:                                0 (           0)
    quadratic equalities:                             0 (           0)
    gen. nonlinear equalities:                        0 (           0)
    linear one-sided inequalities:                    0 (           0)
    quadratic one-sided inequalities:                 0 (           0)
    gen. nonlinear one-sided inequalities:            0 (           0)
    linear two-sided inequalities:                    0 (           0)
    quadratic two-sided inequalities:                 0 (           0)
    gen. nonlinear two-sided inequalities:            0 (           0)
Number of nonzeros in Jacobian:                       0 (           0)
Number of nonzeros in Hessian:                        0 (         276)

Knitro using the Sequential Quadratic Programming (SQP) algorithm.

  Iter     fCount     Objective      FeasError   OptError    ||Step||    CGits 
--------  --------  --------------  ----------  ----------  ----------  -------
       0         1   -4.685378e+04   0.000e+00
       1         2   -4.468043e+04   0.000e+00   4.239e+01   1.491e-01        0
       2         3   -4.350040e+04   0.000e+00   4.775e+00   1.043e-01        0
       3         5   -4.348078e+04   0.000e+00   1.092e+02   5.078e-01        0
       4         6   -4.152747e+04   0.000e+00   3.601e+01   3.189e-01        0
       5         7   -4.063190e+04   0.000e+00   3.758e+01   1.079e-01        0
       6         9   -4.021308e+04   0.000e+00   2.482e+01   1.118e-01        0
       7        10   -4.012113e+04   0.000e+00   1.333e+00   2.348e-02        0
       8        11   -4.002895e+04   0.000e+00   1.776e+01   5.584e-02        0
       9        12   -3.986531e+04   0.000e+00   1.596e+01   1.396e-01        0
      10        13   -3.982158e+04   0.000e+00   2.983e-02   1.099e-01        0
      11        16   -3.977379e+04   0.000e+00   5.985e+00   7.644e-02        0
      12        17   -3.972573e+04   0.000e+00   2.338e+00   5.636e-02        0
      13        18   -3.967197e+04   0.000e+00   2.139e+01   5.885e-02        0
      14        19   -3.960963e+04   0.000e+00   1.083e+01   6.785e-02        0
      15        20   -3.954408e+04   0.000e+00   3.216e+00   1.388e-01        0
      16        21   -3.951343e+04   0.000e+00   1.597e+00   5.138e-02        0
      17        22   -3.944508e+04   0.000e+00   6.479e+00   1.298e-01        0
      18        23   -3.941538e+04   0.000e+00   1.680e-01   5.082e-02        0
      19        24   -3.940131e+04   0.000e+00   2.189e+00   2.939e-02        0
      20        25   -3.939398e+04   0.000e+00   3.020e+00   2.306e-02        0
      21        26   -3.938657e+04   0.000e+00   2.545e+00   1.252e-02        0
      22        27   -3.935534e+04   0.000e+00   9.089e-03   7.324e-02        0
      23        28   -3.933061e+04   0.000e+00   2.415e-02   1.490e-01        0
      24        29   -3.932538e+04   0.000e+00   8.411e-03   3.534e-02        0
      25        30   -3.930534e+04   0.000e+00   2.256e-02   1.367e-01        0
      26        31   -3.928497e+04   0.000e+00   1.286e+00   1.276e-01        0
      27        32   -3.926460e+04   0.000e+00   5.565e-01   1.236e-01        0
      28        33   -3.925401e+04   0.000e+00   5.997e-03   4.734e-02        0
      29        34   -3.924501e+04   0.000e+00   1.535e-02   3.593e-02        0
      30        35   -3.923299e+04   0.000e+00   3.325e-02   4.471e-02        0
      31        36   -3.921685e+04   0.000e+00   4.752e-02   7.922e-02        0
      32        37   -3.920363e+04   0.000e+00   3.620e-02   1.079e-01        0
      33        38   -3.919810e+04   0.000e+00   6.452e-03   7.805e-02        0
      34        39   -3.919623e+04   0.000e+00   6.672e-03   2.880e-02        0
      35        40   -3.919295e+04   0.000e+00   6.871e-01   4.018e-02        0
      36        41   -3.918663e+04   0.000e+00   1.447e+00   6.455e-02        0
      37        42   -3.917746e+04   0.000e+00   1.698e+00   8.531e-02        0
      38        43   -3.916849e+04   0.000e+00   1.134e+00   8.050e-02        0
      39        44   -3.916211e+04   0.000e+00   4.936e-03   5.370e-02        0
      40        45   -3.915626e+04   0.000e+00   1.727e-02   4.161e-02        0
      41        46   -3.914962e+04   0.000e+00   3.378e-02   4.167e-02        0
      42        47   -3.914477e+04   0.000e+00   2.655e-02   4.945e-02        0
      43        48   -3.914287e+04   0.000e+00   9.494e-03   4.768e-02        0
      44        49   -3.914243e+04   0.000e+00   4.118e-02   2.121e-02        0
      45        50   -3.914216e+04   0.000e+00   2.429e-01   1.158e-02        0
      46        51   -3.914140e+04   0.000e+00   7.078e-01   2.164e-02        0
      47        52   -3.913978e+04   0.000e+00   1.114e+00   3.736e-02        0
      48        53   -3.913642e+04   0.000e+00   1.777e+00   6.567e-02        0
      49        54   -3.913432e+04   0.000e+00   7.294e-02   1.496e-01        0
      50        57   -3.913010e+04   0.000e+00   1.863e+00   1.379e-01        0
      51        58   -3.912696e+04   0.000e+00   1.857e+00   9.919e-02        0
      52        61   -3.912284e+04   0.000e+00   1.588e+00   5.826e-02        0
      53        62   -3.912079e+04   0.000e+00   2.785e-01   5.955e-02        0
      54        63   -3.911789e+04   0.000e+00   4.697e-02   6.575e-02        0
      55        64   -3.911479e+04   0.000e+00   2.807e-02   1.155e-01        0
      56        65   -3.911389e+04   0.000e+00   2.252e-01   2.042e-02        0
      57        66   -3.911382e+04   0.000e+00   3.554e-02   5.092e-03        0
      58        67   -3.911381e+04   0.000e+00   6.250e-02   2.389e-03        0
      59        68   -3.911374e+04   0.000e+00   3.125e-01   9.893e-03        0
      60        69   -3.911361e+04   0.000e+00   4.055e-01   1.220e-02        0
      61        70   -3.911325e+04   0.000e+00   5.858e-01   2.440e-02        0
      62        71   -3.911253e+04   0.000e+00   3.737e-02   4.495e-02        0
      63        72   -3.911143e+04   0.000e+00   3.884e-02   7.748e-02        0
      64        73   -3.911055e+04   0.000e+00   2.465e-02   8.146e-02        0
      65        74   -3.911025e+04   0.000e+00   7.185e-03   4.004e-02        0
      66        75   -3.911021e+04   0.000e+00   6.294e-04   1.275e-02        0
      67        76   -3.911021e+04   0.000e+00   4.096e-02   3.678e-03        0
      68        77   -3.911020e+04   0.000e+00   7.671e-02   4.103e-03        0
      69        78   -3.911019e+04   0.000e+00   1.276e-01   5.237e-03        0
      70        79   -3.911016e+04   0.000e+00   2.031e-01   8.830e-03        0
      71        80   -3.911009e+04   0.000e+00   3.146e-01   1.312e-02        0
      72        81   -3.910993e+04   0.000e+00   4.439e-01   2.184e-02        0
      73        82   -3.910967e+04   0.000e+00   5.199e-01   3.858e-02        0
      74        83   -3.910939e+04   0.000e+00   4.044e-01   5.376e-02        0
      75        84   -3.910927e+04   0.000e+00   1.423e-01   3.779e-02        0
      76        85   -3.910925e+04   0.000e+00   8.929e-03   1.167e-02        0
      77        86   -3.910925e+04   0.000e+00   2.219e-03   3.090e-03        0
      78        87   -3.910925e+04   0.000e+00   4.964e-05   1.534e-03        0
      79        88   -3.910925e+04   0.000e+00   2.334e-04   2.954e-03        0
      80        89   -3.910924e+04   0.000e+00   3.882e-03   4.471e-03        0
      81        90   -3.910922e+04   0.000e+00   9.482e-03   6.357e-03        0
      82        91   -3.910917e+04   0.000e+00   1.553e-02   1.053e-02        0
      83        92   -3.910911e+04   0.000e+00   1.906e-02   1.898e-02        0
      84        93   -3.910905e+04   0.000e+00   1.705e-02   2.505e-02        0
      85        94   -3.910903e+04   0.000e+00   6.408e-03   1.518e-02        0
      86        95   -3.910903e+04   0.000e+00   3.810e-04   3.870e-03        0
      87        96   -3.910903e+04   0.000e+00   8.548e-04   8.954e-04        0
      88        97   -3.910903e+04   0.000e+00   2.080e-04   8.348e-04        0
      89        98   -3.910903e+04   0.000e+00   2.068e-04   1.486e-03        0
      90        99   -3.910903e+04   0.000e+00   3.147e-04   2.131e-03        0
      91       100   -3.910902e+04   0.000e+00   6.223e-04   3.843e-03        0
      92       101   -3.910901e+04   0.000e+00   7.629e-04   6.217e-03        0
      93       102   -3.910899e+04   0.000e+00   4.134e-03   1.269e-02        0
      94       103   -3.910896e+04   0.000e+00   5.617e-03   1.747e-02        0
      95       104   -3.910895e+04   0.000e+00   2.984e-03   1.153e-02        0
      96       105   -3.910895e+04   0.000e+00   5.207e-04   3.154e-03        0
      97       106   -3.910895e+04   0.000e+00   2.601e-04   8.998e-04        0
      98       107   -3.910895e+04   0.000e+00   5.757e-05   5.123e-04        0
      99       108   -3.910895e+04   0.000e+00   8.766e-04   5.203e-04        0
     100       109   -3.910895e+04   0.000e+00   2.995e-03   1.711e-03        0
     101       110   -3.910894e+04   0.000e+00   7.845e-03   3.886e-03        0
     102       111   -3.910894e+04   0.000e+00   9.413e-03   4.331e-03        0
     103       112   -3.910893e+04   0.000e+00   8.884e-03   8.931e-03        0
     104       113   -3.910893e+04   0.000e+00   3.842e-03   7.140e-03        0
     105       114   -3.910893e+04   0.000e+00   1.348e-03   3.557e-03        0
     106       115   -3.910893e+04   0.000e+00   1.026e-03   1.231e-03        0
     107       116   -3.910893e+04   0.000e+00   7.319e-06   9.525e-04        0
     108       117   -3.910893e+04   0.000e+00   2.102e-04   1.741e-04        0
     109       118   -3.910893e+04   0.000e+00   6.791e-04   3.626e-04        0
     110       119   -3.910893e+04   0.000e+00   2.820e-03   1.571e-03        0
     111       120   -3.910892e+04   0.000e+00   8.506e-03   6.821e-03        0
     112       121   -3.910891e+04   0.000e+00   1.576e-02   1.263e-02        0
     113       122   -3.910890e+04   0.000e+00   1.921e-02   2.478e-02        0
     114       123   -3.910889e+04   0.000e+00   1.481e-02   2.564e-02        0
     115       124   -3.910888e+04   0.000e+00   3.195e-03   1.286e-02        0
     116       125   -3.910888e+04   0.000e+00   6.480e-04   2.032e-03        0
     117       126   -3.910888e+04   0.000e+00   2.164e-04   1.078e-03        0
     118       128   -3.910888e+04   0.000e+00   3.910e-05   5.396e-04        0
     119       129   -3.910888e+04   0.000e+00   2.065e-05   1.395e-04        0
     120       130   -3.910888e+04   0.000e+00   7.491e-05   4.375e-04        0
     121       131   -3.910888e+04   0.000e+00   3.290e-04   5.045e-04        0
     122       132   -3.910888e+04   0.000e+00   9.539e-04   9.518e-04        0
     123       133   -3.910888e+04   0.000e+00   1.785e-03   1.475e-03        0
     124       134   -3.910888e+04   0.000e+00   2.521e-03   2.459e-03        0
     125       135   -3.910888e+04   0.000e+00   1.706e-03   2.714e-03        0
     126       136   -3.910888e+04   0.000e+00   1.389e-03   4.087e-03        0
     127       137   -3.910888e+04   0.000e+00   4.942e-04   1.618e-03        0
     128       138   -3.910888e+04   0.000e+00   8.641e-05   4.345e-04        0
     129       139   -3.910888e+04   0.000e+00   7.563e-05   9.427e-05        0
     130       140   -3.910888e+04   0.000e+00   2.005e-04   1.363e-04        0
     131       141   -3.910888e+04   0.000e+00   5.322e-04   2.168e-04        0
     132       142   -3.910888e+04   0.000e+00   9.665e-04   3.170e-04        0
     133       143   -3.910888e+04   0.000e+00   1.787e-03   5.678e-04        0
     134       144   -3.910888e+04   0.000e+00   2.974e-03   1.130e-03        0
     135       145   -3.910888e+04   0.000e+00   4.431e-03   2.259e-03        0
     136       146   -3.910888e+04   0.000e+00   4.468e-03   2.556e-03        0
     137       147   -3.910888e+04   0.000e+00   2.164e-03   1.257e-02        0
     138       148   -3.910888e+04   0.000e+00   1.719e-03   4.404e-03        0
     139       149   -3.910888e+04   0.000e+00   3.522e-04   1.667e-03        0
     140       150   -3.910888e+04   0.000e+00   6.174e-05   3.033e-04        0
     141       151   -3.910888e+04   0.000e+00   2.558e-05   3.417e-04        0
     142       152   -3.910888e+04   0.000e+00   4.268e-04   4.838e-04        0
     143       153   -3.910887e+04   0.000e+00   8.312e-04   6.730e-04        0
     144       154   -3.910887e+04   0.000e+00   1.664e-03   1.113e-03        0
     145       155   -3.910887e+04   0.000e+00   2.683e-03   3.074e-03        0
     146       156   -3.910887e+04   0.000e+00   4.488e-03   9.507e-03        0
     147       157   -3.910887e+04   0.000e+00   6.976e-03   2.383e-02        0
     148       158   -3.910886e+04   0.000e+00   1.086e-02   4.199e-02        0
     149       159   -3.910886e+04   0.000e+00   9.376e-03   4.208e-02        0
     150       160   -3.910886e+04   0.000e+00   6.661e-05   1.855e-02        0
     151       161   -3.910886e+04   0.000e+00   1.052e-05   1.808e-03        0
     152       162   -3.910886e+04   0.000e+00   1.439e-05   1.292e-03        0
     153       163   -3.910886e+04   0.000e+00   1.152e-04   1.182e-03        0
     154       166   -3.910886e+04   0.000e+00   2.693e-06   1.820e-04        0
     155       167   -3.910886e+04   0.000e+00   1.498e-06   5.233e-04        0
     156       168   -3.910886e+04   0.000e+00   5.793e-06   5.230e-04        0
     157       169   -3.910886e+04   0.000e+00   4.170e-06   1.645e-06        6
     158       171   -3.910886e+04   0.000e+00   6.945e-06   6.713e-04        0
     159       172   -3.910886e+04   0.000e+00   3.467e-08   7.297e-08        3
     160       173   -3.910886e+04   0.000e+00   9.013e-06   4.835e-05        0
     161       174   -3.910886e+04   0.000e+00   7.053e-06   4.812e-05        0
     162       175   -3.910886e+04   0.000e+00   1.130e-08   1.708e-08        2
     163       176   -3.910886e+04   0.000e+00   3.484e-07   7.851e-05        0
     164       177   -3.910886e+04   0.000e+00   1.288e-07   7.851e-05        0
     165       178   -3.910886e+04   0.000e+00   6.942e-07   7.685e-05        0
     166       179   -3.910886e+04   0.000e+00   3.955e-08   2.009e-12        1
     167       180   -3.910886e+04   0.000e+00   3.398e-06   6.832e-05        0
     168       181   -3.910886e+04   0.000e+00   2.647e-07   1.125e-11        1
     169       182   -3.910886e+04   0.000e+00   7.661e-06   2.609e-04        0
     170       183   -3.910886e+04   0.000e+00   2.704e-08   5.136e-12        1
     171       184   -3.910886e+04   0.000e+00   6.623e-09   2.624e-04        0

EXIT: Locally optimal solution found.

Final Statistics
----------------
Final objective value               =  -3.91088560170613e+04
Final feasibility error (abs / rel) =   0.00e+00 / 0.00e+00
Final optimality error  (abs / rel) =   6.62e-09 / 6.62e-09
# of iterations                     =        171 
# of CG iterations                  =         14 
# of function evaluations           =        184
# of gradient evaluations           =        172
Total program time (secs)           =    7570.18066 (148922.000 CPU time)
Time spent in evaluations (secs)    =    7526.11133

Solution Vector
---------------
x[       0] =   1.38600779801e+00
x[       1] =   1.76826295748e+00
x[       2] =   2.05702687282e+00
x[       3] =   2.46268239660e+00
x[       4] =   1.84469423804e+00
x[       5] =   2.40696963201e+00
x[       6] =   8.36765340699e-01
x[       7] =  -1.14620377984e+00
x[       8] =  -2.40306821988e-01
x[       9] =  -2.55342677379e+00
x[      10] =   2.42751972644e-02
x[      11] =   7.17459320612e-05
x[      12] =   3.12764117889e+00
x[      13] =   3.44767240303e+00
x[      14] =   3.82096641306e+00
x[      15] =   6.48926127910e+00
x[      16] =   6.77907159874e-01
x[      17] =   6.43272299765e-01
x[      18] =   5.28303594963e-01
x[      19] =   7.64699943369e-01
x[      20] =   5.19374277799e-01
x[      21] =   1.62412021189e+00
x[      22] =   2.63868188477e-01

===============================================================================

