
Solving from new start point (number 38 of 42) <multistart>.


=======================================
*** NO CHECK MADE FOR LICENSE ***
         Artelys Knitro 12.3.0
=======================================

Knitro presolve eliminated 0 variables and 0 constraints.

algorithm:               4
bar_maxcrossit:          3
datacheck:               0
feastol:                 1e-08
hessopt:                 2
maxtime_cpu:             9.97795e+07
maxtime_real:            9.99893e+07
opttol:                  1e-08
outlev:                  5
outmode:                 2
par_concurrent_evals:    0
The problem is identified as bound constrained only.
Knitro changing act_qpalg from AUTO to 3.
Knitro changing honorbnds from AUTO to -1.
Knitro changing linesearch from AUTO to 2.
Knitro changing linsolver from AUTO to 4.

Problem Characteristics                                 (   Presolved)
-----------------------
Objective goal:  Maximize
Objective type:  general
Number of variables:                                 23 (          23)
    bounded below only:                               0 (           0)
    bounded above only:                               0 (           0)
    bounded below and above:                         23 (          23)
    fixed:                                            0 (           0)
    free:                                             0 (           0)
Number of constraints:                                0 (           0)
    linear equalities:                                0 (           0)
    quadratic equalities:                             0 (           0)
    gen. nonlinear equalities:                        0 (           0)
    linear one-sided inequalities:                    0 (           0)
    quadratic one-sided inequalities:                 0 (           0)
    gen. nonlinear one-sided inequalities:            0 (           0)
    linear two-sided inequalities:                    0 (           0)
    quadratic two-sided inequalities:                 0 (           0)
    gen. nonlinear two-sided inequalities:            0 (           0)
Number of nonzeros in Jacobian:                       0 (           0)
Number of nonzeros in Hessian:                        0 (         276)

Knitro using the Sequential Quadratic Programming (SQP) algorithm.

  Iter     fCount     Objective      FeasError   OptError    ||Step||    CGits 
--------  --------  --------------  ----------  ----------  ----------  -------
       0         1   -4.907446e+04   0.000e+00
       1         3   -4.243346e+04   0.000e+00   7.593e+01   1.409e-01        0
       2         5   -4.164249e+04   0.000e+00   4.248e+01   1.057e-01        0
       3         6   -4.094197e+04   0.000e+00   8.117e-01   1.171e-01        0
       4         7   -4.071608e+04   0.000e+00   4.345e+01   6.122e-02        0
       5         8   -4.023661e+04   0.000e+00   9.957e-02   4.934e-02        0
       6         9   -4.017135e+04   0.000e+00   5.686e-02   3.095e-02        0
       7        10   -4.010081e+04   0.000e+00   4.792e+00   3.871e-02        0
       8        11   -4.004387e+04   0.000e+00   1.148e-01   4.745e-02        0
       9        12   -3.994006e+04   0.000e+00   1.969e+00   1.243e-01        0
      10        13   -3.985725e+04   0.000e+00   8.557e-02   8.710e-02        0
      11        14   -3.973336e+04   0.000e+00   3.347e-02   1.781e-01        0
      12        15   -3.965116e+04   0.000e+00   8.998e-02   7.468e-02        0
      13        16   -3.961286e+04   0.000e+00   7.138e-02   3.026e-02        0
      14        17   -3.958043e+04   0.000e+00   3.521e-02   3.012e-02        0
      15        18   -3.956543e+04   0.000e+00   9.479e-01   3.727e-02        0
      16        19   -3.955801e+04   0.000e+00   4.791e-01   1.828e-02        0
      17        20   -3.954870e+04   0.000e+00   1.012e-02   2.143e-02        0
      18        21   -3.953286e+04   0.000e+00   2.626e-02   3.840e-02        0
      19        22   -3.952029e+04   0.000e+00   3.003e-02   3.819e-02        0
      20        23   -3.951369e+04   0.000e+00   1.182e-02   2.363e-02        0
      21        24   -3.950948e+04   0.000e+00   1.984e-03   1.317e-02        0
      22        25   -3.950292e+04   0.000e+00   8.119e-01   1.939e-02        0
      23        26   -3.949265e+04   0.000e+00   8.372e-01   3.293e-02        0
      24        27   -3.947961e+04   0.000e+00   2.515e-01   4.995e-02        0
      25        28   -3.946934e+04   0.000e+00   8.968e-01   4.692e-02        0
      26        29   -3.946344e+04   0.000e+00   2.032e-03   2.826e-02        0
      27        30   -3.945831e+04   0.000e+00   2.156e-02   2.286e-02        0
      28        31   -3.944846e+04   0.000e+00   4.236e-02   4.376e-02        0
      29        32   -3.943347e+04   0.000e+00   5.364e-02   7.264e-02        0
      30        33   -3.941825e+04   0.000e+00   3.974e-02   8.356e-02        0
      31        34   -3.940860e+04   0.000e+00   1.018e-02   5.187e-02        0
      32        35   -3.940050e+04   0.000e+00   8.538e-01   3.095e-02        0
      33        36   -3.938813e+04   0.000e+00   1.639e+00   4.170e-02        0
      34        37   -3.936691e+04   0.000e+00   1.510e+00   8.473e-02        0
      35        38   -3.933722e+04   0.000e+00   2.986e-01   1.552e-01        0
      36        39   -3.931753e+04   0.000e+00   6.232e-02   1.667e-01        0
      37        40   -3.931221e+04   0.000e+00   1.954e-02   1.064e-01        0
      38        41   -3.930627e+04   0.000e+00   1.199e+00   4.797e-02        0
      39        43   -3.930539e+04   0.000e+00   1.946e-01   6.846e-02        0
      40        44   -3.930176e+04   0.000e+00   9.569e-03   3.083e-02        0
      41        46   -3.929880e+04   0.000e+00   7.395e-01   8.672e-02        0
      42        47   -3.928926e+04   0.000e+00   6.431e-01   2.912e-02        0
      43        48   -3.926947e+04   0.000e+00   1.275e-02   7.307e-02        0
      44        49   -3.926549e+04   0.000e+00   2.224e-03   7.224e-02        0
      45        50   -3.926442e+04   0.000e+00   1.179e-02   1.156e-02        0
      46        51   -3.926180e+04   0.000e+00   2.717e-01   2.447e-02        0
      47        52   -3.925732e+04   0.000e+00   4.738e-01   3.773e-02        0
      48        53   -3.925064e+04   0.000e+00   5.422e-01   5.546e-02        0
      49        54   -3.924497e+04   0.000e+00   3.285e-01   4.339e-02        0
      50        55   -3.924186e+04   0.000e+00   4.866e-03   1.774e-02        0
      51        56   -3.924033e+04   0.000e+00   4.626e-03   1.265e-02        0
      52        57   -3.923721e+04   0.000e+00   1.145e-02   1.452e-02        0
      53        58   -3.923081e+04   0.000e+00   1.975e-02   3.364e-02        0
      54        59   -3.921855e+04   0.000e+00   2.590e-02   9.598e-02        0
      55        60   -3.920436e+04   0.000e+00   2.014e-02   1.630e-01        0
      56        61   -3.919695e+04   0.000e+00   6.994e-03   1.338e-01        0
      57        62   -3.919558e+04   0.000e+00   5.611e-04   3.917e-02        0
      58        63   -3.919536e+04   0.000e+00   3.279e-02   5.196e-03        0
      59        64   -3.919506e+04   0.000e+00   6.351e-02   4.842e-03        0
      60        65   -3.919432e+04   0.000e+00   1.015e-01   9.014e-03        0
      61        66   -3.919248e+04   0.000e+00   1.532e-01   1.962e-02        0
      62        67   -3.918794e+04   0.000e+00   2.207e-01   5.143e-02        0
      63        68   -3.917808e+04   0.000e+00   3.120e-01   1.251e-01        0
      64        69   -3.916219e+04   0.000e+00   4.812e-01   2.344e-01        0
      65        70   -3.914736e+04   0.000e+00   6.227e-01   2.423e-01        0
      66        71   -3.913864e+04   0.000e+00   2.082e-01   1.168e-01        0
      67        72   -3.913674e+04   0.000e+00   7.097e-02   2.949e-02        0
      68        73   -3.913666e+04   0.000e+00   2.101e-04   6.742e-03        0
      69        74   -3.913659e+04   0.000e+00   4.734e-03   4.888e-03        0
      70        75   -3.913648e+04   0.000e+00   6.080e-02   9.705e-03        0
      71        76   -3.913619e+04   0.000e+00   9.248e-02   1.713e-02        0
      72        77   -3.913547e+04   0.000e+00   1.704e-01   3.532e-02        0
      73        78   -3.913371e+04   0.000e+00   2.668e-01   6.868e-02        0
      74        79   -3.912996e+04   0.000e+00   3.458e-01   1.302e-01        0
      75        80   -3.912359e+04   0.000e+00   4.792e-01   1.984e-01        0
      76        81   -3.911629e+04   0.000e+00   2.458e-01   2.062e-01        0
      77        82   -3.911255e+04   0.000e+00   2.314e-01   1.133e-01        0
      78        83   -3.911210e+04   0.000e+00   1.136e-01   4.186e-02        0
      79        84   -3.911206e+04   0.000e+00   9.216e-02   1.836e-02        0
      80        85   -3.911206e+04   0.000e+00   1.352e-02   2.098e-03        0
      81        86   -3.911205e+04   0.000e+00   1.045e-02   9.076e-04        0
      82        87   -3.911203e+04   0.000e+00   5.538e-02   3.463e-03        0
      83        88   -3.911198e+04   0.000e+00   3.138e-02   4.523e-03        0
      84        89   -3.911184e+04   0.000e+00   6.962e-02   1.122e-02        0
      85        90   -3.911155e+04   0.000e+00   5.416e-02   2.333e-02        0
      86        91   -3.911098e+04   0.000e+00   4.800e-02   4.766e-02        0
      87        92   -3.911026e+04   0.000e+00   6.986e-02   6.471e-02        0
      88        93   -3.910979e+04   0.000e+00   9.441e-02   4.459e-02        0
      89        94   -3.910969e+04   0.000e+00   1.925e-02   9.704e-03        0
      90        95   -3.910968e+04   0.000e+00   4.583e-03   4.972e-03        0
      91        96   -3.910968e+04   0.000e+00   1.677e-03   1.343e-03        0
      92        97   -3.910968e+04   0.000e+00   8.363e-03   1.758e-03        0
      93        98   -3.910968e+04   0.000e+00   2.172e-02   2.646e-03        0
      94        99   -3.910967e+04   0.000e+00   4.077e-02   4.105e-03        0
      95       100   -3.910965e+04   0.000e+00   7.089e-02   5.136e-03        0
      96       101   -3.910960e+04   0.000e+00   1.165e-01   1.162e-02        0
      97       102   -3.910952e+04   0.000e+00   1.381e-01   1.602e-02        0
      98       103   -3.910944e+04   0.000e+00   1.031e-01   2.459e-02        0
      99       104   -3.910941e+04   0.000e+00   3.930e-02   1.857e-02        0
     100       105   -3.910940e+04   0.000e+00   3.041e-03   5.655e-03        0
     101       106   -3.910940e+04   0.000e+00   1.598e-03   1.600e-03        0
     102       107   -3.910940e+04   0.000e+00   1.393e-04   3.780e-04        0
     103       108   -3.910940e+04   0.000e+00   7.579e-04   1.254e-03        0
     104       109   -3.910940e+04   0.000e+00   3.773e-03   1.549e-03        0
     105       110   -3.910940e+04   0.000e+00   9.866e-03   2.711e-03        0
     106       111   -3.910939e+04   0.000e+00   1.899e-02   4.669e-03        0
     107       112   -3.910937e+04   0.000e+00   3.317e-02   9.143e-03        0
     108       113   -3.910933e+04   0.000e+00   5.097e-02   1.960e-02        0
     109       114   -3.910926e+04   0.000e+00   6.598e-02   3.642e-02        0
     110       115   -3.910919e+04   0.000e+00   5.657e-02   4.065e-02        0
     111       116   -3.910914e+04   0.000e+00   2.291e-02   3.251e-02        0
     112       117   -3.910914e+04   0.000e+00   7.495e-04   6.108e-03        0
     113       118   -3.910914e+04   0.000e+00   3.118e-05   1.225e-03        0
     114       119   -3.910914e+04   0.000e+00   1.600e-05   1.585e-03        0
     115       120   -3.910914e+04   0.000e+00   1.889e-04   1.595e-03        0
     116       121   -3.910914e+04   0.000e+00   2.366e-03   2.971e-03        0
     117       122   -3.910914e+04   0.000e+00   4.529e-03   2.987e-03        0
     118       123   -3.910913e+04   0.000e+00   9.116e-03   5.914e-03        0
     119       124   -3.910912e+04   0.000e+00   1.376e-02   6.441e-03        0
     120       125   -3.910910e+04   0.000e+00   1.915e-02   8.838e-03        0
     121       126   -3.910907e+04   0.000e+00   2.107e-02   2.188e-02        0
     122       127   -3.910904e+04   0.000e+00   1.746e-02   3.377e-02        0
     123       128   -3.910903e+04   0.000e+00   1.147e-02   2.673e-02        0
     124       129   -3.910902e+04   0.000e+00   1.578e-03   9.501e-03        0
     125       130   -3.910902e+04   0.000e+00   1.880e-04   1.407e-03        0
     126       131   -3.910902e+04   0.000e+00   4.009e-05   7.181e-04        0
     127       132   -3.910902e+04   0.000e+00   6.636e-04   7.267e-04        0
     128       133   -3.910902e+04   0.000e+00   6.785e-04   2.090e-03        0
     129       134   -3.910902e+04   0.000e+00   1.088e-03   2.937e-03        0
     130       135   -3.910902e+04   0.000e+00   1.518e-03   4.562e-03        0
     131       136   -3.910902e+04   0.000e+00   2.049e-03   9.506e-03        0
     132       137   -3.910900e+04   0.000e+00   2.201e-04   1.172e-02        0
     133       138   -3.910898e+04   0.000e+00   1.551e-04   2.681e-02        0
     134       139   -3.910897e+04   0.000e+00   9.141e-05   2.505e-02        0
     135       140   -3.910896e+04   0.000e+00   1.217e-04   1.090e-02        0
     136       141   -3.910896e+04   0.000e+00   3.376e-06   8.785e-03        0
     137       142   -3.910896e+04   0.000e+00   6.017e-06   1.838e-03        0
     138       143   -3.910896e+04   0.000e+00   1.887e-04   5.100e-04        0
     139       144   -3.910896e+04   0.000e+00   6.082e-06   2.732e-04        0
     140       145   -3.910896e+04   0.000e+00   8.032e-05   1.841e-04        0
     141       146   -3.910896e+04   0.000e+00   1.797e-06   1.908e-04        0
     142       147   -3.910896e+04   0.000e+00   1.074e-05   5.444e-04        0
     143       148   -3.910896e+04   0.000e+00   7.088e-04   6.634e-04        0
     144       149   -3.910896e+04   0.000e+00   1.206e-03   7.193e-04        0
     145       150   -3.910895e+04   0.000e+00   3.602e-03   2.836e-03        0
     146       151   -3.910895e+04   0.000e+00   3.330e-03   4.452e-03        0
     147       152   -3.910895e+04   0.000e+00   5.257e-03   1.058e-02        0
     148       153   -3.910894e+04   0.000e+00   3.953e-03   2.157e-02        0
     149       154   -3.910894e+04   0.000e+00   2.155e-03   2.848e-02        0
     150       155   -3.910893e+04   0.000e+00   1.225e-04   2.843e-02        0
     151       156   -3.910893e+04   0.000e+00   6.008e-05   3.446e-03        0
     152       157   -3.910893e+04   0.000e+00   2.749e-05   4.326e-03        0
     153       158   -3.910893e+04   0.000e+00   1.662e-04   2.921e-03        0
     154       159   -3.910893e+04   0.000e+00   3.205e-04   4.613e-04        0
     155       160   -3.910893e+04   0.000e+00   1.488e-03   4.651e-04        0
     156       161   -3.910893e+04   0.000e+00   2.797e-03   5.753e-04        0
     157       162   -3.910893e+04   0.000e+00   5.355e-03   1.853e-03        0
     158       163   -3.910891e+04   0.000e+00   8.124e-03   8.658e-03        0
     159       164   -3.910889e+04   0.000e+00   2.368e-02   6.027e-02        0
     160       165   -3.910887e+04   0.000e+00   3.760e-02   1.181e-01        0
     161       166   -3.910886e+04   0.000e+00   2.056e-02   6.173e-02        0
     162       167   -3.910886e+04   0.000e+00   5.273e-04   1.283e-02        0
     163       169   -3.910886e+04   0.000e+00   5.563e-05   1.755e-03        0
     164       170   -3.910886e+04   0.000e+00   4.696e-05   1.731e-09        1
     165       171   -3.910886e+04   0.000e+00   1.856e-06   3.339e-03        0
     166       172   -3.910886e+04   0.000e+00   1.836e-06   1.623e-03        0
     167       173   -3.910886e+04   0.000e+00   1.828e-06   5.311e-04        0
     168       174   -3.910886e+04   0.000e+00   5.792e-06   5.328e-04        0
     169       175   -3.910886e+04   0.000e+00   2.241e-05   6.148e-04        0
     170       176   -3.910886e+04   0.000e+00   1.073e-05   7.135e-04        0
     171       177   -3.910886e+04   0.000e+00   2.252e-05   2.327e-03        0
     172       178   -3.910886e+04   0.000e+00   2.146e-05   1.662e-03        0
     173       179   -3.910886e+04   0.000e+00   5.497e-05   1.649e-03        0
     174       180   -3.910886e+04   0.000e+00   3.220e-05   7.319e-03        0
     175       181   -3.910886e+04   0.000e+00   4.076e-05   7.250e-03        0
     176       182   -3.910886e+04   0.000e+00   1.491e-05   3.290e-03        0
     177       183   -3.910886e+04   0.000e+00   4.710e-05   1.174e-07        1
     178       185   -3.910886e+04   0.000e+00   2.196e-05   7.011e-04        0
     179       186   -3.910886e+04   0.000e+00   3.937e-06   4.915e-06        6
     180       187   -3.910886e+04   0.000e+00   9.366e-06   3.089e-04        0
     181       188   -3.910886e+04   0.000e+00   3.278e-08   7.585e-05       12
     182       189   -3.910886e+04   0.000e+00   2.705e-06   1.322e-03        0
     183       191   -3.910886e+04   0.000e+00   3.166e-06   6.606e-04        0
     184       192   -3.910886e+04   0.000e+00   4.236e-07   7.980e-06       12
     185       193   -3.910886e+04   0.000e+00   2.597e-06   1.862e-04        0
     186       194   -3.910886e+04   0.000e+00   3.245e-06   1.861e-04        0
     187       195   -3.910886e+04   0.000e+00   1.855e-06   1.861e-04        0
     188       196   -3.910886e+04   0.000e+00   1.812e-07   1.861e-04        0
     189       197   -3.910886e+04   0.000e+00   8.723e-07   1.518e-04        0
     190       198   -3.910886e+04   0.000e+00   1.807e-07   7.887e-12        1
     191       199   -3.910886e+04   0.000e+00   7.114e-07   1.165e-04       31
     192       200   -3.910886e+04   0.000e+00   3.260e-07   2.114e-05        0
     193       201   -3.910886e+04   0.000e+00   2.725e-09   4.693e-13        1

EXIT: Locally optimal solution found.

Final Statistics
----------------
Final objective value               =  -3.91088560170628e+04
Final feasibility error (abs / rel) =   0.00e+00 / 0.00e+00
Final optimality error  (abs / rel) =   2.73e-09 / 2.73e-09
# of iterations                     =        193 
# of CG iterations                  =         65 
# of function evaluations           =        201
# of gradient evaluations           =        194
Total program time (secs)           =    6859.32812 (115404.273 CPU time)
Time spent in evaluations (secs)    =    6810.66602

Solution Vector
---------------
x[       0] =   1.38601671128e+00
x[       1] =   1.76826888425e+00
x[       2] =   2.05703234552e+00
x[       3] =   2.46268829165e+00
x[       4] =   1.84469940376e+00
x[       5] =   2.40697519353e+00
x[       6] =   8.36774211957e-01
x[       7] =  -1.14620504212e+00
x[       8] =  -2.40307434537e-01
x[       9] =  -2.55342639488e+00
x[      10] =   2.42752318652e-02
x[      11] =   7.17456547625e-05
x[      12] =   3.12762871149e+00
x[      13] =   3.44765807977e+00
x[      14] =   3.82094996851e+00
x[      15] =   6.48923788517e+00
x[      16] =   6.77908596895e-01
x[      17] =   6.43273929348e-01
x[      18] =   5.28304936518e-01
x[      19] =   7.64701968855e-01
x[      20] =   5.19375665290e-01
x[      21] =   1.62411955288e+00
x[      22] =   2.63868427798e-01

===============================================================================

