
Solving from new start point (number 4 of 42) <multistart>.


=======================================
*** NO CHECK MADE FOR LICENSE ***
         Artelys Knitro 12.3.0
=======================================

Knitro presolve eliminated 0 variables and 0 constraints.

algorithm:               4
bar_maxcrossit:          3
datacheck:               0
feastol:                 1e-08
hessopt:                 2
maxtime_cpu:             9.99995e+07
maxtime_real:            9.99998e+07
opttol:                  1e-08
outlev:                  5
outmode:                 2
par_concurrent_evals:    0
The problem is identified as bound constrained only.
Knitro changing act_qpalg from AUTO to 3.
Knitro changing honorbnds from AUTO to -1.
Knitro changing linesearch from AUTO to 2.
Knitro changing linsolver from AUTO to 4.

Problem Characteristics                                 (   Presolved)
-----------------------
Objective goal:  Maximize
Objective type:  general
Number of variables:                                 23 (          23)
    bounded below only:                               0 (           0)
    bounded above only:                               0 (           0)
    bounded below and above:                         23 (          23)
    fixed:                                            0 (           0)
    free:                                             0 (           0)
Number of constraints:                                0 (           0)
    linear equalities:                                0 (           0)
    quadratic equalities:                             0 (           0)
    gen. nonlinear equalities:                        0 (           0)
    linear one-sided inequalities:                    0 (           0)
    quadratic one-sided inequalities:                 0 (           0)
    gen. nonlinear one-sided inequalities:            0 (           0)
    linear two-sided inequalities:                    0 (           0)
    quadratic two-sided inequalities:                 0 (           0)
    gen. nonlinear two-sided inequalities:            0 (           0)
Number of nonzeros in Jacobian:                       0 (           0)
Number of nonzeros in Hessian:                        0 (         276)

Knitro using the Sequential Quadratic Programming (SQP) algorithm.

  Iter     fCount     Objective      FeasError   OptError    ||Step||    CGits 
--------  --------  --------------  ----------  ----------  ----------  -------
       0         1   -7.115542e+04   0.000e+00
       1         2   -4.846753e+04   0.000e+00   1.177e+01   3.118e-01        0
       2         3   -4.666530e+04   0.000e+00   2.341e-01   1.264e-02        0
       3         4   -4.318638e+04   0.000e+00   2.658e-01   3.507e-02        0
       4         5   -4.312901e+04   0.000e+00   5.662e-03   7.519e-03        0
       5         6   -4.285389e+04   0.000e+00   5.458e-03   3.931e-02        0
       6         7   -4.168907e+04   0.000e+00   2.851e+00   4.198e-01        0
       7         8   -4.166384e+04   0.000e+00   9.812e-01   2.093e-01        0
       8         9   -4.128355e+04   0.000e+00   9.645e-01   9.878e-02        0
       9        11   -4.110752e+04   0.000e+00   6.615e-01   1.011e-01        0
      10        12   -4.097419e+04   0.000e+00   9.322e-01   1.826e-02        0
      11        13   -4.061497e+04   0.000e+00   3.934e-03   7.249e-02        0
      12        14   -4.051147e+04   0.000e+00   2.428e-02   8.834e-02        0
      13        15   -4.046804e+04   0.000e+00   2.267e-01   2.635e-02        0
      14        16   -4.044301e+04   0.000e+00   1.213e-01   2.227e-02        0
      15        17   -4.039682e+04   0.000e+00   8.085e-03   3.103e-02        0
      16        18   -4.029196e+04   0.000e+00   1.147e-02   4.891e-02        0
      17        19   -3.995514e+04   0.000e+00   6.994e-02   3.203e-01        0
      18        20   -3.989517e+04   0.000e+00   8.938e-03   4.517e-02        0
      19        22   -3.986829e+04   0.000e+00   1.705e-01   4.814e-02        0
      20        23   -3.985656e+04   0.000e+00   1.330e-03   9.629e-03        0
      21        24   -3.983741e+04   0.000e+00   2.089e-01   1.627e-02        0
      22        25   -3.978989e+04   0.000e+00   6.175e-01   3.339e-02        0
      23        26   -3.970502e+04   0.000e+00   1.161e+00   7.007e-02        0
      24        27   -3.965995e+04   0.000e+00   8.047e-01   4.211e-02        0
      25        28   -3.961718e+04   0.000e+00   2.240e-03   4.625e-02        0
      26        29   -3.960767e+04   0.000e+00   4.161e-03   1.505e-02        0
      27        30   -3.958995e+04   0.000e+00   5.108e-03   2.693e-02        0
      28        31   -3.955122e+04   0.000e+00   6.188e-03   6.461e-02        0
      29        32   -3.951390e+04   0.000e+00   5.769e-03   7.658e-02        0
      30        33   -3.949580e+04   0.000e+00   2.680e-03   3.758e-02        0
      31        34   -3.949127e+04   0.000e+00   4.805e-04   1.707e-02        0
      32        35   -3.949053e+04   0.000e+00   4.642e-04   2.466e-03        0
      33        36   -3.948592e+04   0.000e+00   3.617e-04   1.083e-02        0
      34        37   -3.947461e+04   0.000e+00   5.034e-04   2.791e-02        0
      35        38   -3.945731e+04   0.000e+00   7.779e-04   4.740e-02        0
      36        39   -3.943361e+04   0.000e+00   2.220e-03   7.736e-02        0
      37        40   -3.941691e+04   0.000e+00   2.702e-03   6.644e-02        0
      38        41   -3.941104e+04   0.000e+00   7.611e-04   2.581e-02        0
      39        42   -3.940977e+04   0.000e+00   5.314e-04   7.494e-03        0
      40        43   -3.940825e+04   0.000e+00   1.095e-03   8.685e-03        0
      41        44   -3.940462e+04   0.000e+00   1.695e-03   1.307e-02        0
      42        45   -3.939605e+04   0.000e+00   1.867e-03   2.039e-02        0
      43        46   -3.937718e+04   0.000e+00   1.744e-03   4.932e-02        0
      44        47   -3.934718e+04   0.000e+00   6.866e-04   1.086e-01        0
      45        48   -3.932107e+04   0.000e+00   1.823e-03   1.318e-01        0
      46        49   -3.930768e+04   0.000e+00   8.591e-02   8.357e-02        0
      47        50   -3.929966e+04   0.000e+00   1.676e-01   5.962e-02        0
      48        51   -3.929238e+04   0.000e+00   1.458e-01   7.639e-02        0
      49        52   -3.928474e+04   0.000e+00   1.261e-02   9.164e-02        0
      50        53   -3.928100e+04   0.000e+00   2.623e-04   3.420e-02        0
      51        54   -3.927989e+04   0.000e+00   2.873e-04   1.299e-02        0
      52        55   -3.927965e+04   0.000e+00   1.988e-04   2.662e-03        0
      53        56   -3.927811e+04   0.000e+00   2.919e-04   1.016e-02        0
      54        57   -3.927446e+04   0.000e+00   1.112e-03   1.941e-02        0
      55        58   -3.926767e+04   0.000e+00   3.884e-02   3.792e-02        0
      56        59   -3.925559e+04   0.000e+00   8.331e-02   8.336e-02        0
      57        60   -3.924471e+04   0.000e+00   4.667e-02   1.020e-01        0
      58        61   -3.924022e+04   0.000e+00   6.111e-04   5.466e-02        0
      59        62   -3.923848e+04   0.000e+00   6.144e-04   1.528e-02        0
      60        63   -3.923636e+04   0.000e+00   7.842e-04   1.213e-02        0
      61        64   -3.923176e+04   0.000e+00   1.480e-03   2.209e-02        0
      62        65   -3.922182e+04   0.000e+00   2.332e-03   5.382e-02        0
      63        66   -3.920409e+04   0.000e+00   2.996e-03   1.153e-01        0
      64        67   -3.918398e+04   0.000e+00   9.457e-02   2.108e-01        0
      65        68   -3.918070e+04   0.000e+00   4.341e-01   2.684e-01        0
      66        69   -3.916631e+04   0.000e+00   6.423e-02   8.810e-02        0
      67        72   -3.916581e+04   0.000e+00   3.499e-03   3.973e-02        0
      68        74   -3.916532e+04   0.000e+00   2.786e-02   1.066e-02        0
      69        75   -3.916488e+04   0.000e+00   3.383e-03   6.046e-03        0
      70        76   -3.916416e+04   0.000e+00   1.675e-02   1.182e-02        0
      71        77   -3.916230e+04   0.000e+00   7.506e-03   1.933e-02        0
      72        78   -3.915774e+04   0.000e+00   1.126e-02   4.596e-02        0
      73        79   -3.914862e+04   0.000e+00   2.114e-02   8.562e-02        0
      74        80   -3.913609e+04   0.000e+00   4.888e-03   1.287e-01        0
      75        81   -3.912785e+04   0.000e+00   3.070e-02   8.430e-02        0
      76        82   -3.912574e+04   0.000e+00   8.007e-05   2.539e-02        0
      77        83   -3.912559e+04   0.000e+00   2.157e-04   2.254e-02        0
      78        84   -3.912557e+04   0.000e+00   8.454e-05   2.725e-03        0
      79        85   -3.912556e+04   0.000e+00   1.457e-04   2.815e-03        0
      80        86   -3.912547e+04   0.000e+00   4.465e-04   9.603e-03        0
      81        87   -3.912530e+04   0.000e+00   7.943e-04   1.065e-02        0
      82        88   -3.912479e+04   0.000e+00   1.437e-03   2.006e-02        0
      83        89   -3.912370e+04   0.000e+00   2.226e-03   3.131e-02        0
      84        90   -3.912155e+04   0.000e+00   2.945e-03   4.952e-02        0
      85        91   -3.911792e+04   0.000e+00   3.246e-03   1.005e-01        0
      86        92   -3.911510e+04   0.000e+00   8.136e-02   1.111e-01        0
      87        93   -3.911409e+04   0.000e+00   1.810e-02   6.324e-02        0
      88        94   -3.911397e+04   0.000e+00   2.296e-03   1.695e-02        0
      89        95   -3.911396e+04   0.000e+00   8.588e-04   5.335e-03        0
      90        96   -3.911396e+04   0.000e+00   2.108e-04   1.965e-03        0
      91        97   -3.911396e+04   0.000e+00   6.116e-04   2.009e-03        0
      92        98   -3.911393e+04   0.000e+00   6.136e-03   8.342e-03        0
      93        99   -3.911388e+04   0.000e+00   1.111e-02   8.423e-03        0
      94       100   -3.911375e+04   0.000e+00   2.050e-02   1.440e-02        0
      95       101   -3.911344e+04   0.000e+00   3.299e-02   2.205e-02        0
      96       102   -3.911279e+04   0.000e+00   4.677e-02   3.755e-02        0
      97       103   -3.911179e+04   0.000e+00   5.181e-02   6.697e-02        0
      98       104   -3.911097e+04   0.000e+00   3.300e-02   7.498e-02        0
      99       105   -3.911065e+04   0.000e+00   7.517e-03   5.009e-02        0
     100       106   -3.911062e+04   0.000e+00   2.916e-04   1.268e-02        0
     101       107   -3.911062e+04   0.000e+00   8.099e-06   3.284e-03        0
     102       108   -3.911062e+04   0.000e+00   4.140e-05   1.592e-03        0
     103       109   -3.911062e+04   0.000e+00   2.344e-04   9.740e-04        0
     104       110   -3.911062e+04   0.000e+00   4.425e-04   1.483e-03        0
     105       111   -3.911062e+04   0.000e+00   9.120e-04   2.708e-03        0
     106       112   -3.911061e+04   0.000e+00   1.658e-03   2.747e-03        0
     107       113   -3.911058e+04   0.000e+00   3.545e-03   1.071e-02        0
     108       114   -3.911053e+04   0.000e+00   6.226e-03   1.058e-02        0
     109       115   -3.911040e+04   0.000e+00   9.394e-03   2.250e-02        0
     110       116   -3.911017e+04   0.000e+00   1.350e-02   3.749e-02        0
     111       117   -3.910994e+04   0.000e+00   1.239e-02   4.904e-02        0
     112       118   -3.910983e+04   0.000e+00   5.094e-03   3.531e-02        0
     113       119   -3.910981e+04   0.000e+00   8.676e-04   1.077e-02        0
     114       120   -3.910981e+04   0.000e+00   7.131e-06   2.917e-03        0
     115       121   -3.910981e+04   0.000e+00   7.130e-06   8.131e-04        0
     116       122   -3.910981e+04   0.000e+00   3.570e-05   5.092e-04        0
     117       123   -3.910981e+04   0.000e+00   4.970e-04   1.560e-03        0
     118       124   -3.910981e+04   0.000e+00   1.598e-03   3.834e-03        0
     119       125   -3.910980e+04   0.000e+00   2.869e-03   3.919e-03        0
     120       126   -3.910978e+04   0.000e+00   4.979e-03   6.467e-03        0
     121       127   -3.910974e+04   0.000e+00   7.030e-03   9.701e-03        0
     122       128   -3.910967e+04   0.000e+00   8.323e-03   1.913e-02        0
     123       129   -3.910960e+04   0.000e+00   6.404e-03   2.739e-02        0
     124       130   -3.910957e+04   0.000e+00   2.749e-03   2.255e-02        0
     125       131   -3.910957e+04   0.000e+00   3.721e-04   5.909e-03        0
     126       132   -3.910957e+04   0.000e+00   9.558e-06   1.191e-03        0
     127       133   -3.910957e+04   0.000e+00   4.728e-05   4.665e-04        0
     128       134   -3.910957e+04   0.000e+00   3.413e-06   4.700e-04        0
     129       135   -3.910957e+04   0.000e+00   3.182e-05   1.665e-03        0
     130       136   -3.910956e+04   0.000e+00   3.353e-05   1.694e-03        0
     131       137   -3.910956e+04   0.000e+00   7.414e-06   3.017e-03        0
     132       138   -3.910955e+04   0.000e+00   1.261e-05   4.168e-03        0
     133       139   -3.910953e+04   0.000e+00   1.877e-05   7.108e-03        0
     134       140   -3.910949e+04   0.000e+00   2.480e-05   1.483e-02        0
     135       141   -3.910942e+04   0.000e+00   2.148e-05   3.226e-02        0
     136       142   -3.910933e+04   0.000e+00   2.358e-04   4.746e-02        0
     137       143   -3.910928e+04   0.000e+00   2.418e-04   3.586e-02        0
     138       144   -3.910928e+04   0.000e+00   2.502e-04   8.994e-03        0
     139       145   -3.910928e+04   0.000e+00   2.312e-05   2.625e-03        0
     140       146   -3.910928e+04   0.000e+00   1.578e-05   7.444e-04        0
     141       147   -3.910928e+04   0.000e+00   5.662e-06   7.452e-04        0
     142       148   -3.910928e+04   0.000e+00   5.882e-05   1.568e-03        0
     143       149   -3.910927e+04   0.000e+00   8.215e-05   1.722e-03        0
     144       150   -3.910927e+04   0.000e+00   1.607e-04   3.690e-03        0
     145       151   -3.910927e+04   0.000e+00   3.484e-04   3.965e-03        0
     146       152   -3.910926e+04   0.000e+00   3.043e-04   5.777e-03        0
     147       153   -3.910923e+04   0.000e+00   7.423e-04   1.008e-02        0
     148       154   -3.910920e+04   0.000e+00   3.272e-05   1.797e-02        0
     149       155   -3.910914e+04   0.000e+00   5.423e-05   3.610e-02        0
     150       156   -3.910911e+04   0.000e+00   1.368e-04   3.740e-02        0
     151       157   -3.910909e+04   0.000e+00   3.371e-05   2.345e-02        0
     152       158   -3.910909e+04   0.000e+00   2.035e-04   2.884e-03        0
     153       161   -3.910909e+04   0.000e+00   1.773e-04   8.940e-05        0
     154       162   -3.910909e+04   0.000e+00   7.773e-05   1.709e-03        0
     155       163   -3.910909e+04   0.000e+00   1.915e-06   3.786e-06        2
     156       164   -3.910909e+04   0.000e+00   1.170e-04   1.882e-03        0
     157       165   -3.910909e+04   0.000e+00   1.840e-06   1.754e-03        0
     158       166   -3.910909e+04   0.000e+00   1.097e-04   1.827e-03        0
     159       167   -3.910909e+04   0.000e+00   6.264e-04   2.592e-03        0
     160       168   -3.910909e+04   0.000e+00   7.672e-04   6.943e-03        0
     161       169   -3.910908e+04   0.000e+00   1.532e-03   7.524e-03        0
     162       170   -3.910906e+04   0.000e+00   2.813e-03   1.326e-02        0
     163       171   -3.910903e+04   0.000e+00   4.193e-03   2.319e-02        0
     164       172   -3.910899e+04   0.000e+00   3.919e-03   3.663e-02        0
     165       173   -3.910897e+04   0.000e+00   1.103e-03   3.354e-02        0
     166       174   -3.910897e+04   0.000e+00   6.515e-04   9.199e-03        0
     167       175   -3.910897e+04   0.000e+00   2.339e-04   1.984e-03        0
     168       178   -3.910897e+04   0.000e+00   2.282e-04   4.153e-05        0
     169       181   -3.910897e+04   0.000e+00   2.176e-04   6.769e-05        0
     170       184   -3.910897e+04   0.000e+00   2.119e-04   4.623e-05        0
     171       187   -3.910897e+04   0.000e+00   1.836e-04   2.807e-04        0
     172       190   -3.910897e+04   0.000e+00   1.656e-04   1.057e-04        0
     173       193   -3.910897e+04   0.000e+00   1.461e-04   1.080e-04        0
     174       196   -3.910897e+04   0.000e+00   1.243e-04   1.298e-04        0
     175       199   -3.910897e+04   0.000e+00   1.085e-04   1.653e-04        0
     176       202   -3.910897e+04   0.000e+00   6.151e-05   2.012e-04        0
     177       203   -3.910897e+04   0.000e+00   8.985e-05   1.105e-03        0
     178       204   -3.910897e+04   0.000e+00   1.498e-04   5.099e-06        2
     179       209   -3.910897e+04   0.000e+00   1.824e-04   2.794e-05        3
     180       212   -3.910897e+04   0.000e+00   2.007e-05   6.969e-04        0
     181       213   -3.910897e+04   0.000e+00   3.412e-06   3.872e-04        0
     182       214   -3.910897e+04   0.000e+00   2.243e-04   1.062e-03        0
     183       215   -3.910896e+04   0.000e+00   1.204e-04   7.095e-03        0
     184       216   -3.910894e+04   0.000e+00   7.803e-06   1.587e-02        0
     185       217   -3.910894e+04   0.000e+00   8.880e-04   9.463e-03        0
     186       218   -3.910894e+04   0.000e+00   4.793e-05   2.787e-03        0
     187       221   -3.910894e+04   0.000e+00   4.716e-07   3.209e-04        0
     188       222   -3.910894e+04   0.000e+00   4.795e-07   5.343e-04        0
     189       223   -3.910894e+04   0.000e+00   8.990e-07   4.284e-04        0
     190       224   -3.910894e+04   0.000e+00   4.773e-07   4.281e-04        0
     191       225   -3.910894e+04   0.000e+00   4.785e-07   3.760e-04        0
     192       226   -3.910894e+04   0.000e+00   5.886e-07   3.763e-04        0
     193       227   -3.910894e+04   0.000e+00   1.284e-06   2.291e-04       28
     194       228   -3.910894e+04   0.000e+00   1.535e-06   1.754e-04        0
     195       229   -3.910894e+04   0.000e+00   2.044e-06   1.750e-04        0
     196       230   -3.910894e+04   0.000e+00   2.485e-06   1.747e-04        0
     197       231   -3.910894e+04   0.000e+00   1.500e-06   1.758e-04        0
     198       232   -3.910894e+04   0.000e+00   4.079e-05   6.372e-04        0
     199       233   -3.910894e+04   0.000e+00   3.962e-05   9.220e-04        0
     200       234   -3.910894e+04   0.000e+00   3.508e-04   5.352e-03        0
     201       235   -3.910893e+04   0.000e+00   9.518e-04   2.657e-02        0
     202       236   -3.910893e+04   0.000e+00   7.070e-04   1.879e-02        0
     203       237   -3.910893e+04   0.000e+00   3.049e-04   7.637e-03        0
     204       238   -3.910893e+04   0.000e+00   1.773e-06   2.432e-03        0
     205       239   -3.910893e+04   0.000e+00   5.868e-06   1.584e-03        0
     206       240   -3.910893e+04   0.000e+00   2.010e-05   3.101e-09        1
     207       243   -3.910893e+04   0.000e+00   2.040e-05   4.881e-04        0
     208       248   -3.910893e+04   0.000e+00   9.462e-07   1.335e-06        2
     209       249   -3.910893e+04   0.000e+00   1.425e-05   4.734e-04        0
     210       250   -3.910893e+04   0.000e+00   8.783e-06   4.703e-04        0
     211       251   -3.910893e+04   0.000e+00   9.853e-06   2.517e-04        0
     212       252   -3.910893e+04   0.000e+00   1.478e-05   5.050e-04        0
     213       253   -3.910892e+04   0.000e+00   2.146e-05   5.644e-04        0
     214       254   -3.910892e+04   0.000e+00   6.884e-06   5.793e-04        0
     215       255   -3.910892e+04   0.000e+00   1.041e-05   7.976e-03        0
     216       256   -3.910892e+04   0.000e+00   1.401e-05   8.286e-03        0
     217       257   -3.910891e+04   0.000e+00   3.271e-04   3.917e-02        0
     218       258   -3.910889e+04   0.000e+00   5.929e-04   3.994e-02        0
     219       259   -3.910886e+04   0.000e+00   3.557e-03   1.296e-01        0
     220       260   -3.910886e+04   0.000e+00   4.089e-04   3.262e-02        0
     221       261   -3.910886e+04   0.000e+00   9.262e-04   2.447e-02        0
     222       262   -3.910886e+04   0.000e+00   7.115e-04   8.323e-03        0
     223       263   -3.910886e+04   0.000e+00   4.152e-04   5.260e-07        1
     224       264   -3.910886e+04   0.000e+00   9.529e-07   2.455e-09        1
     225       265   -3.910886e+04   0.000e+00   1.013e-05   7.731e-03        0
     226       268   -3.910886e+04   0.000e+00   1.017e-05   4.636e-04        0
     227       271   -3.910886e+04   0.000e+00   1.001e-05   2.124e-04        0
     228       274   -3.910886e+04   0.000e+00   9.813e-06   1.405e-04        0
     229       275   -3.910886e+04   0.000e+00   6.176e-07   2.755e-05        6
     230       276   -3.910886e+04   0.000e+00   3.629e-06   5.352e-04        0
     231       277   -3.910886e+04   0.000e+00   5.699e-07   3.626e-04       21
     232       278   -3.910886e+04   0.000e+00   1.450e-06   8.430e-04        0
     233       279   -3.910886e+04   0.000e+00   2.209e-08   2.218e-07        3
     234       280   -3.910886e+04   0.000e+00   4.092e-07   5.977e-04        0
     235       281   -3.910886e+04   0.000e+00   2.692e-09   2.420e-12        1

EXIT: Locally optimal solution found.

Final Statistics
----------------
Final objective value               =  -3.91088560171251e+04
Final feasibility error (abs / rel) =   0.00e+00 / 0.00e+00
Final optimality error  (abs / rel) =   2.69e-09 / 2.69e-09
# of iterations                     =        235 
# of CG iterations                  =         71 
# of function evaluations           =        281
# of gradient evaluations           =        236
Total program time (secs)           =   11877.43359 (248578.969 CPU time)
Time spent in evaluations (secs)    =   11867.06836

Solution Vector
---------------
x[       0] =   1.38594961626e+00
x[       1] =   1.76822618068e+00
x[       2] =   2.05698863033e+00
x[       3] =   2.46264209132e+00
x[       4] =   1.84465695466e+00
x[       5] =   2.40693172313e+00
x[       6] =   8.36703684851e-01
x[       7] =  -1.14619518397e+00
x[       8] =  -2.40302623961e-01
x[       9] =  -2.55343486487e+00
x[      10] =   2.42751992104e-02
x[      11] =   7.17450930062e-05
x[      12] =   3.12772383733e+00
x[      13] =   3.44775956244e+00
x[      14] =   3.82106533482e+00
x[      15] =   6.48942906808e+00
x[      16] =   6.77897272656e-01
x[      17] =   6.43262519297e-01
x[      18] =   5.28295185329e-01
x[      19] =   7.64688171084e-01
x[      20] =   5.19365514562e-01
x[      21] =   1.62412827311e+00
x[      22] =   2.63866884348e-01

===============================================================================

