
Solving from new start point (number 1 of 42) <multistart>.


=======================================
*** NO CHECK MADE FOR LICENSE ***
         Artelys Knitro 12.3.0
=======================================

Knitro presolve eliminated 0 variables and 0 constraints.

algorithm:               4
bar_maxcrossit:          3
datacheck:               0
feastol:                 1e-08
hessopt:                 2
maxtime_cpu:             9.99995e+07
maxtime_real:            9.99998e+07
opttol:                  1e-08
outlev:                  5
outmode:                 2
par_concurrent_evals:    0
The problem is identified as bound constrained only.
Knitro changing act_qpalg from AUTO to 3.
Knitro changing honorbnds from AUTO to -1.
Knitro changing linesearch from AUTO to 2.
Knitro changing linsolver from AUTO to 4.

Problem Characteristics                                 (   Presolved)
-----------------------
Objective goal:  Maximize
Objective type:  general
Number of variables:                                 23 (          23)
    bounded below only:                               0 (           0)
    bounded above only:                               0 (           0)
    bounded below and above:                         23 (          23)
    fixed:                                            0 (           0)
    free:                                             0 (           0)
Number of constraints:                                0 (           0)
    linear equalities:                                0 (           0)
    quadratic equalities:                             0 (           0)
    gen. nonlinear equalities:                        0 (           0)
    linear one-sided inequalities:                    0 (           0)
    quadratic one-sided inequalities:                 0 (           0)
    gen. nonlinear one-sided inequalities:            0 (           0)
    linear two-sided inequalities:                    0 (           0)
    quadratic two-sided inequalities:                 0 (           0)
    gen. nonlinear two-sided inequalities:            0 (           0)
Number of nonzeros in Jacobian:                       0 (           0)
Number of nonzeros in Hessian:                        0 (         276)

Knitro using the Sequential Quadratic Programming (SQP) algorithm.

  Iter     fCount     Objective      FeasError   OptError    ||Step||    CGits 
--------  --------  --------------  ----------  ----------  ----------  -------
       0         1   -6.138717e+04   0.000e+00
       1         6   -6.138717e+04   0.000e+00   1.350e+02   3.884e-05        1
       2        11   -6.138717e+04   0.000e+00   1.175e+02   1.356e-05        1
       3        17   -6.138717e+04   0.000e+00   4.450e+00   6.234e-08        2
       4        21   -6.138717e+04   0.000e+00   4.455e+00   3.251e-05        0
       5        29   -6.138717e+04   0.000e+00   4.970e-02   8.127e-06        8
       6        32   -6.138717e+04   0.000e+00   1.258e+00   4.688e-06        0
       7        39   -6.138717e+04   0.000e+00   6.085e+00   2.344e-06        7
       8        42   -6.138717e+04   0.000e+00   7.932e+00   9.346e-07        0
       9        47   -6.138717e+04   0.000e+00   1.706e+00   1.004e-06        2
      10        53   -6.138717e+04   0.000e+00   1.090e+00   6.916e-09        5
      11        56   -6.138717e+04   0.000e+00   1.067e+00   3.193e-06        0
      12        64   -6.138717e+04   0.000e+00   1.361e-02   7.983e-07       10
      13        68   -6.138717e+04   0.000e+00   7.072e-02   4.208e-07        0
      14        74   -6.138717e+04   0.000e+00   5.113e-02   4.208e-07        6
      15        78   -6.138717e+04   0.000e+00   5.110e-02   8.077e-09        0
      16       109   -6.138717e+04   0.000e+00   5.111e-02   2.407e-16       37
      17       111   -6.138717e+04   0.000e+00   5.111e-02   2.407e-16        0
      18       117   -6.138717e+04   0.000e+00   5.112e-02   2.407e-16        2

EXIT: Primal feasible solution; terminate because the relative change in
      solution estimate < xtol for 3 consecutive iterations.

Final Statistics
----------------
Final objective value               =  -6.13871669049321e+04
Final feasibility error (abs / rel) =   0.00e+00 / 0.00e+00
Final optimality error  (abs / rel) =   5.11e-02 / 5.11e-02
# of iterations                     =         18 
# of CG iterations                  =         81 
# of function evaluations           =        117
# of gradient evaluations           =         19
Total program time (secs)           =   10404.77441 (217572.188 CPU time)
Time spent in evaluations (secs)    =   10395.59277

Solution Vector
---------------
x[       0] =   9.36463574001e+00
x[       1] =   8.59682471445e+00
x[       2] =   8.60926976810e+00
x[       3] =   9.67929956186e+00
x[       4] =   9.27035077673e+00
x[       5] =   9.63438286141e+00
x[       6] =   1.01413270603e+01
x[       7] =  -1.70663704574e+00
x[       8] =  -2.40943828309e+00
x[       9] =  -7.04747806185e-01
x[      10] =  -1.81671260576e-02
x[      11] =   1.50837228718e-03
x[      12] =   1.17807596265e+00
x[      13] =   9.39081196968e-01
x[      14] =   7.69702829864e-01
x[      15] =   4.05764431044e-01
x[      16] =   9.95375609298e-01
x[      17] =   1.17320537218e+00
x[      18] =   1.12431616438e+00
x[      19] =   1.23217252760e+00
x[      20] =   8.24360262683e-01
x[      21] =   1.15979093688e+00
x[      22] =   8.61821438038e-01

===============================================================================

