
Solving from new start point (number 23 of 42) <multistart>.


=======================================
*** NO CHECK MADE FOR LICENSE ***
         Artelys Knitro 12.3.0
=======================================

Knitro presolve eliminated 0 variables and 0 constraints.

algorithm:               4
bar_maxcrossit:          3
datacheck:               0
feastol:                 1e-08
hessopt:                 2
maxtime_cpu:             9.97188e+07
maxtime_real:            9.99863e+07
opttol:                  1e-08
outlev:                  5
outmode:                 2
par_concurrent_evals:    0
The problem is identified as bound constrained only.
Knitro changing act_qpalg from AUTO to 3.
Knitro changing honorbnds from AUTO to -1.
Knitro changing linesearch from AUTO to 2.
Knitro changing linsolver from AUTO to 4.

Problem Characteristics                                 (   Presolved)
-----------------------
Objective goal:  Maximize
Objective type:  general
Number of variables:                                 23 (          23)
    bounded below only:                               0 (           0)
    bounded above only:                               0 (           0)
    bounded below and above:                         23 (          23)
    fixed:                                            0 (           0)
    free:                                             0 (           0)
Number of constraints:                                0 (           0)
    linear equalities:                                0 (           0)
    quadratic equalities:                             0 (           0)
    gen. nonlinear equalities:                        0 (           0)
    linear one-sided inequalities:                    0 (           0)
    quadratic one-sided inequalities:                 0 (           0)
    gen. nonlinear one-sided inequalities:            0 (           0)
    linear two-sided inequalities:                    0 (           0)
    quadratic two-sided inequalities:                 0 (           0)
    gen. nonlinear two-sided inequalities:            0 (           0)
Number of nonzeros in Jacobian:                       0 (           0)
Number of nonzeros in Hessian:                        0 (         276)

Knitro using the Sequential Quadratic Programming (SQP) algorithm.

  Iter     fCount     Objective      FeasError   OptError    ||Step||    CGits 
--------  --------  --------------  ----------  ----------  ----------  -------
       0         1   -8.376837e+04   0.000e+00
       1         2   -7.962354e+04   5.551e-17   1.383e+01   6.456e+00        0
       2         4   -7.374798e+04   5.551e-17   2.739e+01   2.752e+00        0
       3         5   -7.014077e+04   5.551e-17   1.288e+01   7.724e+00        0
       4         8   -6.686533e+04   0.000e+00   4.163e+03   1.388e+00        0
       5        10   -6.363755e+04   0.000e+00   2.438e+03   3.540e+00        0
       6        13   -6.258284e+04   0.000e+00   2.406e+02   1.985e+00        0
       7        16   -6.210142e+04   0.000e+00   2.266e+03   5.439e-01        0
       8        19   -6.197603e+04   0.000e+00   2.049e+03   3.696e-01        0
       9        22   -6.184385e+04   0.000e+00   1.756e+03   5.005e-01        0
      10        25   -6.169849e+04   0.000e+00   9.096e+02   6.524e-01        0
      11        28   -6.162617e+04   0.000e+00   9.248e+02   2.233e-01        0
      12        30   -6.159229e+04   0.000e+00   6.594e+02   3.613e-01        0
      13        32   -6.157100e+04   0.000e+00   4.878e+02   2.717e-01        0
      14        34   -6.153595e+04   0.000e+00   4.006e+02   2.605e-01        0
      15        36   -6.152932e+04   0.000e+00   8.273e+02   2.776e-01        0
      16        38   -6.147947e+04   0.000e+00   4.403e+02   2.097e-01        0
      17        41   -6.145786e+04   0.000e+00   4.286e+02   1.121e-01        0
      18        44   -6.145477e+04   0.000e+00   3.868e+02   9.634e-02        0
      19        46   -6.144594e+04   0.000e+00   1.004e+02   1.991e-01        0
      20        48   -6.143104e+04   0.000e+00   3.386e+01   9.924e-02        0
      21        50   -6.142207e+04   0.000e+00   1.589e+02   1.429e-01        0
      22        53   -6.141721e+04   0.000e+00   1.354e+02   1.064e-01        0
      23        55   -6.141711e+04   0.000e+00   1.016e+02   1.438e-01        0
      24        56   -6.141702e+04   0.000e+00   2.306e+02   1.455e-01        0
      25        58   -6.141483e+04   0.000e+00   1.440e+02   4.065e-01        0
      26        60   -6.140693e+04   0.000e+00   4.821e+01   2.013e-01        0
      27        62   -6.139963e+04   0.000e+00   9.215e+00   1.462e-01        0
      28        63   -6.139704e+04   0.000e+00   6.763e+01   1.315e-01        0
      29        64   -6.139490e+04   0.000e+00   2.428e+01   1.900e-01        0
      30        65   -6.139336e+04   0.000e+00   1.961e+01   7.797e-02        0
      31        66   -6.139193e+04   0.000e+00   1.144e+00   1.547e-01        0
      32        67   -6.139136e+04   0.000e+00   6.004e+00   1.086e-01        0
      33        68   -6.139075e+04   0.000e+00   1.407e+01   1.396e-01        0
      34        69   -6.139039e+04   0.000e+00   5.008e+01   1.865e-01        0
      35        70   -6.138974e+04   0.000e+00   4.032e+01   1.642e-01        0
      36        71   -6.138855e+04   0.000e+00   3.323e+01   3.756e-01        0
      37        72   -6.138766e+04   0.000e+00   1.240e+01   3.873e-01        0
      38        73   -6.138729e+04   0.000e+00   5.744e+00   2.189e-01        0
      39        74   -6.138718e+04   0.000e+00   2.581e+00   6.781e-02        0
      40        75   -6.138717e+04   0.000e+00   6.108e-01   1.044e-02        0
      41        76   -6.138717e+04   0.000e+00   1.245e-02   6.445e-03        0
      42        77   -6.138717e+04   0.000e+00   3.414e-02   1.313e-03        0
      43        78   -6.138717e+04   0.000e+00   8.075e-03   8.158e-04        0
      44        79   -6.138717e+04   0.000e+00   1.366e-02   3.629e-04        0
      45        80   -6.138717e+04   0.000e+00   7.166e-03   5.689e-05        0
      46        81   -6.138717e+04   0.000e+00   2.972e-03   3.816e-05        0
      47        82   -6.138717e+04   0.000e+00   4.016e-04   5.291e-05        0
      48        85   -6.138717e+04   0.000e+00   3.982e-04   8.087e-07        0
      49        87   -6.138717e+04   0.000e+00   3.169e-04   4.549e-06        0
      50        88   -6.138717e+04   0.000e+00   3.066e-06   9.091e-06        0
      51        89   -6.138717e+04   0.000e+00   8.352e-05   4.960e-06        0
      52        90   -6.138717e+04   0.000e+00   2.928e-05   4.868e-06        0
      53        91   -6.138717e+04   0.000e+00   4.423e-05   4.724e-06        0
      54        92   -6.138717e+04   0.000e+00   2.974e-05   8.944e-06        0
      55        93   -6.138717e+04   0.000e+00   1.146e-05   5.995e-08        0
      56        94   -6.138717e+04   0.000e+00   1.245e-07   5.970e-08        0
      57        95   -6.138717e+04   0.000e+00   4.538e-06   6.144e-08        0
      58        96   -6.138717e+04   0.000e+00   9.391e-08   6.099e-08        0
      59        97   -6.138717e+04   0.000e+00   6.944e-07   1.424e-07        0
      60        98   -6.138717e+04   0.000e+00   2.537e-07   1.242e-07        0
      61        99   -6.138717e+04   0.000e+00   4.340e-08   7.186e-14        1
      62       100   -6.138717e+04   0.000e+00   3.076e-07   7.969e-08        0
      63       101   -6.138717e+04   0.000e+00   8.430e-08   3.185e-08        0
      64       104   -6.138717e+04   0.000e+00   9.944e-08   7.953e-09        0
      65       109   -6.138717e+04   0.000e+00   1.573e-09   0.000e+00        2

EXIT: Locally optimal solution found.

Final Statistics
----------------
Final objective value               =  -6.13871669049042e+04
Final feasibility error (abs / rel) =   0.00e+00 / 0.00e+00
Final optimality error  (abs / rel) =   1.57e-09 / 1.57e-09
# of iterations                     =         65 
# of CG iterations                  =          3 
# of function evaluations           =        109
# of gradient evaluations           =         65
Total program time (secs)           =   13344.76660 (278946.969 CPU time)
Time spent in evaluations (secs)    =   13186.07812

Solution Vector
---------------
x[       0] =   9.36463043376e+00
x[       1] =   8.59681963260e+00
x[       2] =   8.60926604206e+00
x[       3] =   9.67929435676e+00
x[       4] =   9.27034742643e+00
x[       5] =   9.63437907463e+00
x[       6] =   1.01413231531e+01
x[       7] =  -2.40943623702e+00
x[       8] =  -1.70663615678e+00
x[       9] =  -7.04749397496e-01
x[      10] =  -1.81673177617e-02
x[      11] =   1.50837777724e-03
x[      12] =   1.17807639780e+00
x[      13] =   9.39081391330e-01
x[      14] =   7.69702703087e-01
x[      15] =   4.05764436758e-01
x[      16] =   9.95375585834e-01
x[      17] =   1.17320496438e+00
x[      18] =   1.12431581698e+00
x[      19] =   1.23217164256e+00
x[      20] =   8.24359966617e-01
x[      21] =   1.15979034667e+00
x[      22] =   8.61822089652e-01

===============================================================================

