
Solving from new start point (number 22 of 42) <multistart>.


=======================================
*** NO CHECK MADE FOR LICENSE ***
         Artelys Knitro 12.3.0
=======================================

Knitro presolve eliminated 0 variables and 0 constraints.

algorithm:               4
bar_maxcrossit:          3
datacheck:               0
feastol:                 1e-08
hessopt:                 2
maxtime_cpu:             9.97802e+07
maxtime_real:            9.99893e+07
opttol:                  1e-08
outlev:                  5
outmode:                 2
par_concurrent_evals:    0
The problem is identified as bound constrained only.
Knitro changing act_qpalg from AUTO to 3.
Knitro changing honorbnds from AUTO to -1.
Knitro changing linesearch from AUTO to 2.
Knitro changing linsolver from AUTO to 4.

Problem Characteristics                                 (   Presolved)
-----------------------
Objective goal:  Maximize
Objective type:  general
Number of variables:                                 23 (          23)
    bounded below only:                               0 (           0)
    bounded above only:                               0 (           0)
    bounded below and above:                         23 (          23)
    fixed:                                            0 (           0)
    free:                                             0 (           0)
Number of constraints:                                0 (           0)
    linear equalities:                                0 (           0)
    quadratic equalities:                             0 (           0)
    gen. nonlinear equalities:                        0 (           0)
    linear one-sided inequalities:                    0 (           0)
    quadratic one-sided inequalities:                 0 (           0)
    gen. nonlinear one-sided inequalities:            0 (           0)
    linear two-sided inequalities:                    0 (           0)
    quadratic two-sided inequalities:                 0 (           0)
    gen. nonlinear two-sided inequalities:            0 (           0)
Number of nonzeros in Jacobian:                       0 (           0)
Number of nonzeros in Hessian:                        0 (         276)

Knitro using the Sequential Quadratic Programming (SQP) algorithm.

  Iter     fCount     Objective      FeasError   OptError    ||Step||    CGits 
--------  --------  --------------  ----------  ----------  ----------  -------
       0         1   -8.082584e+04   0.000e+00
       1         2   -6.887580e+04   0.000e+00   3.989e-02   4.798e-01        0
       2         3   -6.845439e+04   0.000e+00   2.878e-02   8.020e-02        0
       3         4   -6.710954e+04   0.000e+00   7.889e+00   3.988e-01        0
       4         5   -6.669559e+04   0.000e+00   8.893e-01   1.944e-01        0
       5         6   -6.626973e+04   0.000e+00   1.268e+01   4.552e-01        0
       6         9   -6.608900e+04   0.000e+00   8.931e+00   1.274e-01        0
       7        12   -6.605599e+04   0.000e+00   2.411e-01   1.003e-01        0
       8        13   -6.589479e+04   0.000e+00   4.882e+00   1.224e-01        0
       9        14   -6.584520e+04   1.735e-18   7.270e-02   2.263e-01        0
      10        15   -6.577139e+04   0.000e+00   2.655e+00   3.901e-02        0
      11        17   -6.574412e+04   0.000e+00   5.609e+00   2.039e-01        0
      12        18   -6.564475e+04   0.000e+00   3.224e+00   1.268e-01        0
      13        19   -6.550960e+04   0.000e+00   1.494e+00   2.562e-01        0
      14        20   -6.539315e+04   0.000e+00   4.678e-01   2.320e-01        0
      15        21   -6.526897e+04   0.000e+00   1.673e+00   2.822e-01        0
      16        22   -6.519763e+04   0.000e+00   2.926e-01   1.542e-01        0
      17        23   -6.509724e+04   0.000e+00   2.604e+00   2.113e-01        0
      18        24   -6.497102e+04   0.000e+00   3.036e+00   1.763e-01        0
      19        25   -6.481324e+04   0.000e+00   8.547e-01   2.101e-01        0
      20        26   -6.469417e+04   0.000e+00   9.401e-01   1.793e-01        0
      21        27   -6.449888e+04   0.000e+00   3.044e+00   3.502e-01        0
      22        28   -6.429298e+04   0.000e+00   3.935e+00   3.713e-01        0
      23        29   -6.409037e+04   0.000e+00   4.834e+00   2.434e-01        0
      24        30   -6.368877e+04   0.000e+00   3.116e+00   6.246e-01        0
      25        31   -6.348370e+04   0.000e+00   1.690e-01   6.130e-01        0
      26        32   -6.341077e+04   0.000e+00   1.793e+00   1.598e-01        0
      27        33   -6.324130e+04   0.000e+00   3.075e+00   5.683e-01        0
      28        34   -6.318538e+04   0.000e+00   4.180e+00   1.339e-01        0
      29        35   -6.311063e+04   0.000e+00   1.259e+00   1.688e-01        0
      30        36   -6.301867e+04   0.000e+00   4.838e-01   2.122e-01        0
      31        37   -6.286610e+04   0.000e+00   2.620e+00   4.093e-01        0
      32        38   -6.271785e+04   0.000e+00   2.558e+00   5.034e-01        0
      33        39   -6.262710e+04   0.000e+00   3.619e+00   1.870e-01        0
      34        40   -6.253949e+04   0.000e+00   2.652e+00   2.262e-01        0
      35        41   -6.247101e+04   0.000e+00   3.364e+00   1.136e-01        0
      36        42   -6.232787e+04   0.000e+00   2.892e+00   3.801e-01        0
      37        43   -6.206009e+04   0.000e+00   5.791e-01   6.710e-01        0
      38        44   -6.197189e+04   0.000e+00   7.488e+00   4.268e-01        0
      39        45   -6.189770e+04   0.000e+00   1.663e+00   1.304e-01        0
      40        46   -6.185406e+04   0.000e+00   6.140e-01   1.699e-01        0
      41        47   -6.181581e+04   0.000e+00   1.237e+00   1.821e-01        0
      42        48   -6.177575e+04   0.000e+00   1.719e+00   1.322e-01        0
      43        49   -6.171203e+04   0.000e+00   1.171e+00   1.486e-01        0
      44        50   -6.165112e+04   0.000e+00   1.401e-01   2.239e-01        0
      45        51   -6.162307e+04   0.000e+00   7.962e-01   1.164e-01        0
      46        52   -6.160845e+04   0.000e+00   1.177e+00   7.480e-02        0
      47        53   -6.159741e+04   0.000e+00   1.088e+00   6.913e-02        0
      48        54   -6.158317e+04   0.000e+00   2.612e-01   1.128e-01        0
      49        55   -6.157278e+04   0.000e+00   6.170e-01   1.049e-01        0
      50        56   -6.156478e+04   0.000e+00   1.026e+00   8.751e-02        0
      51        57   -6.155683e+04   0.000e+00   8.806e-01   9.283e-02        0
      52        58   -6.155083e+04   0.000e+00   4.949e-01   7.018e-02        0
      53        59   -6.154367e+04   0.000e+00   2.437e-01   7.157e-02        0
      54        60   -6.153357e+04   0.000e+00   7.747e-01   9.988e-02        0
      55        61   -6.151796e+04   0.000e+00   1.723e+00   1.570e-01        0
      56        62   -6.150061e+04   0.000e+00   1.695e+00   1.796e-01        0
      57        63   -6.149051e+04   0.000e+00   1.778e+00   1.457e-01        0
      58        64   -6.148285e+04   0.000e+00   1.453e+00   6.076e-02        0
      59        65   -6.146893e+04   0.000e+00   4.291e-01   9.505e-02        0
      60        66   -6.145965e+04   0.000e+00   6.384e-01   6.621e-02        0
      61        67   -6.144585e+04   0.000e+00   1.530e+00   1.464e-01        0
      62        68   -6.142713e+04   0.000e+00   1.411e+00   2.027e-01        0
      63        69   -6.141412e+04   0.000e+00   6.238e-01   1.839e-01        0
      64        70   -6.141016e+04   0.000e+00   2.897e-01   9.844e-02        0
      65        71   -6.140826e+04   0.000e+00   7.584e-02   5.464e-02        0
      66        72   -6.140628e+04   0.000e+00   4.301e-02   3.298e-02        0
      67        73   -6.140299e+04   0.000e+00   2.738e-01   3.561e-02        0
      68        74   -6.140038e+04   0.000e+00   2.573e-01   3.502e-02        0
      69        75   -6.139883e+04   0.000e+00   1.471e-01   4.509e-02        0
      70        76   -6.139838e+04   0.000e+00   7.628e-02   1.855e-02        0
      71        77   -6.139819e+04   0.000e+00   1.151e-01   9.894e-03        0
      72        78   -6.139785e+04   0.000e+00   1.842e-01   7.102e-03        0
      73        79   -6.139719e+04   0.000e+00   2.370e-01   1.437e-02        0
      74        80   -6.139640e+04   0.000e+00   2.314e-01   2.421e-02        0
      75        81   -6.139575e+04   0.000e+00   1.434e-01   2.751e-02        0
      76        82   -6.139528e+04   0.000e+00   4.051e-02   2.035e-02        0
      77        83   -6.139472e+04   0.000e+00   7.293e-02   2.182e-02        0
      78        84   -6.139382e+04   0.000e+00   1.772e-01   3.263e-02        0
      79        85   -6.139263e+04   0.000e+00   2.292e-01   4.991e-02        0
      80        86   -6.139165e+04   0.000e+00   1.332e-01   4.519e-02        0
      81        87   -6.139111e+04   0.000e+00   5.124e-02   4.225e-02        0
      82        88   -6.139080e+04   0.000e+00   3.700e-02   1.907e-02        0
      83        89   -6.139057e+04   0.000e+00   5.542e-02   2.541e-02        0
      84        90   -6.139034e+04   0.000e+00   7.663e-02   1.759e-02        0
      85        91   -6.139018e+04   0.000e+00   6.206e-02   1.553e-02        0
      86        92   -6.139005e+04   0.000e+00   4.295e-02   1.228e-02        0
      87        93   -6.138995e+04   0.000e+00   1.975e-02   7.341e-03        0
      88        94   -6.138991e+04   0.000e+00   7.959e-03   3.506e-03        0
      89        95   -6.138989e+04   0.000e+00   3.803e-03   3.252e-03        0
      90        96   -6.138989e+04   0.000e+00   2.703e-03   2.360e-03        0
      91        97   -6.138988e+04   0.000e+00   1.124e-03   2.638e-03        0
      92        98   -6.138987e+04   0.000e+00   1.759e-03   4.269e-03        0
      93        99   -6.138983e+04   0.000e+00   6.397e-03   7.416e-03        0
      94       100   -6.138976e+04   0.000e+00   1.292e-02   1.392e-02        0
      95       101   -6.138963e+04   0.000e+00   1.869e-02   2.292e-02        0
      96       102   -6.138950e+04   0.000e+00   1.571e-02   2.517e-02        0
      97       103   -6.138944e+04   0.000e+00   5.685e-03   1.350e-02        0
      98       104   -6.138943e+04   0.000e+00   1.182e-03   5.353e-03        0
      99       105   -6.138942e+04   0.000e+00   7.602e-04   2.081e-03        0
     100       106   -6.138942e+04   0.000e+00   5.263e-04   9.585e-04        0
     101       107   -6.138942e+04   0.000e+00   3.497e-05   1.719e-03        0
     102       108   -6.138942e+04   0.000e+00   1.074e-03   1.535e-03        0
     103       109   -6.138941e+04   0.000e+00   1.692e-03   2.294e-03        0
     104       110   -6.138941e+04   0.000e+00   2.751e-03   3.479e-03        0
     105       111   -6.138941e+04   0.000e+00   2.566e-03   3.057e-03        0
     106       112   -6.138941e+04   0.000e+00   2.713e-03   2.715e-03        0
     107       113   -6.138940e+04   0.000e+00   2.273e-03   4.576e-03        0
     108       114   -6.138939e+04   0.000e+00   1.896e-03   8.287e-03        0
     109       115   -6.138936e+04   0.000e+00   1.299e-03   1.594e-02        0
     110       116   -6.138930e+04   0.000e+00   9.501e-04   2.928e-02        0
     111       117   -6.138924e+04   0.000e+00   1.379e-03   3.472e-02        0
     112       118   -6.138920e+04   0.000e+00   2.773e-03   2.140e-02        0
     113       119   -6.138919e+04   0.000e+00   2.247e-03   7.099e-03        0
     114       120   -6.138918e+04   0.000e+00   2.148e-03   3.461e-03        0
     115       121   -6.138918e+04   0.000e+00   1.510e-03   3.395e-03        0
     116       122   -6.138918e+04   0.000e+00   9.277e-04   4.634e-03        0
     117       123   -6.138917e+04   0.000e+00   2.168e-04   6.140e-03        0
     118       124   -6.138913e+04   0.000e+00   3.047e-03   1.035e-02        0
     119       125   -6.138906e+04   0.000e+00   5.573e-03   2.439e-02        0
     120       126   -6.138888e+04   0.000e+00   9.300e-03   7.194e-02        0
     121       127   -6.138857e+04   0.000e+00   1.223e-02   1.590e-01        0
     122       128   -6.138822e+04   0.000e+00   1.692e-02   2.294e-01        0
     123       129   -6.138804e+04   0.000e+00   1.490e-02   1.465e-01        0
     124       130   -6.138800e+04   0.000e+00   3.325e-03   2.306e-02        0
     125       131   -6.138800e+04   0.000e+00   1.273e-03   1.487e-02        0
     126       132   -6.138799e+04   0.000e+00   3.924e-03   1.374e-02        0
     127       133   -6.138797e+04   0.000e+00   8.178e-03   1.911e-02        0
     128       134   -6.138793e+04   0.000e+00   1.455e-02   2.125e-02        0
     129       135   -6.138782e+04   0.000e+00   2.230e-02   1.586e-02        0
     130       136   -6.138762e+04   0.000e+00   2.728e-02   7.024e-02        0
     131       137   -6.138736e+04   0.000e+00   2.340e-02   1.716e-01        0
     132       138   -6.138721e+04   0.000e+00   1.348e-02   1.728e-01        0
     133       139   -6.138717e+04   0.000e+00   3.682e-03   8.278e-02        0
     134       140   -6.138717e+04   0.000e+00   4.828e-04   5.118e-03        0
     135       141   -6.138717e+04   0.000e+00   1.871e-04   2.500e-03        0
     136       143   -6.138717e+04   0.000e+00   1.652e-04   1.214e-03        0
     137       144   -6.138717e+04   0.000e+00   6.061e-05   3.720e-04        0
     138       145   -6.138717e+04   0.000e+00   3.149e-04   3.740e-04        0
     139       146   -6.138717e+04   0.000e+00   1.125e-03   4.934e-04        0
     140       147   -6.138717e+04   0.000e+00   2.395e-03   2.339e-03        0
     141       148   -6.138717e+04   0.000e+00   1.237e-03   7.673e-04        0
     142       149   -6.138717e+04   0.000e+00   9.967e-05   7.309e-04        0
     143       150   -6.138717e+04   0.000e+00   1.176e-05   3.213e-04        0
     144       151   -6.138717e+04   0.000e+00   2.129e-06   3.121e-04        0
     145       152   -6.138717e+04   0.000e+00   5.666e-08   2.926e-04       28
     146       153   -6.138717e+04   0.000e+00   2.954e-07   3.707e-06        0
     147       154   -6.138717e+04   0.000e+00   5.711e-07   3.249e-06        0
     148       155   -6.138717e+04   0.000e+00   9.153e-08   2.078e-11        1
     149       156   -6.138717e+04   0.000e+00   3.639e-08   3.290e-07       10
     150       157   -6.138717e+04   0.000e+00   5.815e-08   7.588e-07        0
     151       158   -6.138717e+04   0.000e+00   8.884e-08   7.178e-07        0
     152       159   -6.138717e+04   0.000e+00   4.407e-10   9.142e-08        9

EXIT: Locally optimal solution found.

Final Statistics
----------------
Final objective value               =  -6.13871669049318e+04
Final feasibility error (abs / rel) =   0.00e+00 / 0.00e+00
Final optimality error  (abs / rel) =   4.41e-10 / 4.41e-10
# of iterations                     =        152 
# of CG iterations                  =         48 
# of function evaluations           =        159
# of gradient evaluations           =        153
Total program time (secs)           =   22872.29688 (457031.344 CPU time)
Time spent in evaluations (secs)    =   22705.60156

Solution Vector
---------------
x[       0] =   9.36462981236e+00
x[       1] =   8.59681909892e+00
x[       2] =   8.60926549867e+00
x[       3] =   9.67929371886e+00
x[       4] =   9.27034683750e+00
x[       5] =   9.63437852069e+00
x[       6] =   1.01413225280e+01
x[       7] =  -1.70663605629e+00
x[       8] =  -2.40943605473e+00
x[       9] =  -7.04749620978e-01
x[      10] =  -1.81673102998e-02
x[      11] =   1.50837773552e-03
x[      12] =   1.17807641117e+00
x[      13] =   9.39081404559e-01
x[      14] =   7.69702724611e-01
x[      15] =   4.05764434616e-01
x[      16] =   9.95375579095e-01
x[      17] =   1.17320495557e+00
x[      18] =   1.12431581357e+00
x[      19] =   1.23217163410e+00
x[      20] =   8.24359951493e-01
x[      21] =   1.15979033369e+00
x[      22] =   8.61822094728e-01

===============================================================================

