
Solving from new start point (number 13 of 42) <multistart>.


=======================================
*** NO CHECK MADE FOR LICENSE ***
         Artelys Knitro 12.3.0
=======================================

Knitro presolve eliminated 0 variables and 0 constraints.

algorithm:               4
bar_maxcrossit:          3
datacheck:               0
feastol:                 1e-08
hessopt:                 2
maxtime_cpu:             9.99995e+07
maxtime_real:            9.99998e+07
opttol:                  1e-08
outlev:                  5
outmode:                 2
par_concurrent_evals:    0
The problem is identified as bound constrained only.
Knitro changing act_qpalg from AUTO to 3.
Knitro changing honorbnds from AUTO to -1.
Knitro changing linesearch from AUTO to 2.
Knitro changing linsolver from AUTO to 4.

Problem Characteristics                                 (   Presolved)
-----------------------
Objective goal:  Maximize
Objective type:  general
Number of variables:                                 23 (          23)
    bounded below only:                               0 (           0)
    bounded above only:                               0 (           0)
    bounded below and above:                         23 (          23)
    fixed:                                            0 (           0)
    free:                                             0 (           0)
Number of constraints:                                0 (           0)
    linear equalities:                                0 (           0)
    quadratic equalities:                             0 (           0)
    gen. nonlinear equalities:                        0 (           0)
    linear one-sided inequalities:                    0 (           0)
    quadratic one-sided inequalities:                 0 (           0)
    gen. nonlinear one-sided inequalities:            0 (           0)
    linear two-sided inequalities:                    0 (           0)
    quadratic two-sided inequalities:                 0 (           0)
    gen. nonlinear two-sided inequalities:            0 (           0)
Number of nonzeros in Jacobian:                       0 (           0)
Number of nonzeros in Hessian:                        0 (         276)

Knitro using the Sequential Quadratic Programming (SQP) algorithm.

  Iter     fCount     Objective      FeasError   OptError    ||Step||    CGits 
--------  --------  --------------  ----------  ----------  ----------  -------
       0         1   -5.203047e+04   0.000e+00
       1         4   -5.147126e+04   0.000e+00   2.234e+02   1.137e-01        0
       2         6   -5.054213e+04   0.000e+00   4.892e-01   5.285e-01        0
       3         7   -4.980594e+04   0.000e+00   1.878e+01   2.676e-01        0
       4         9   -4.951620e+04   0.000e+00   1.377e+02   4.680e-01        0
       5        10   -4.916671e+04   0.000e+00   6.444e+01   1.880e-01        0
       6        11   -4.895702e+04   0.000e+00   2.819e+01   3.611e-01        0
       7        12   -4.884440e+04   1.735e-18   4.878e+01   2.352e-01        0
       8        13   -4.881581e+04   0.000e+00   6.093e+01   5.336e-01        0
       9        14   -4.862646e+04   1.735e-18   5.050e+01   2.302e-01        0
      10        15   -4.851318e+04   0.000e+00   1.012e+00   3.130e-01        0
      11        16   -4.845677e+04   1.735e-18   2.996e+01   3.363e-01        0
      12        17   -4.841738e+04   0.000e+00   2.537e+01   5.425e-01        0
      13        18   -4.829468e+04   0.000e+00   1.231e+00   8.829e-02        0
      14        19   -4.819862e+04   0.000e+00   1.533e+01   2.025e-01        0
      15        20   -4.811166e+04   0.000e+00   7.825e+00   5.111e-01        0
      16        21   -4.806281e+04   0.000e+00   4.326e+00   1.192e-01        0
      17        22   -4.797343e+04   0.000e+00   2.219e+01   4.073e-01        0
      18        23   -4.789096e+04   0.000e+00   1.806e+01   3.502e-01        0
      19        24   -4.778611e+04   0.000e+00   1.141e+01   5.457e-01        0
      20        25   -4.772487e+04   0.000e+00   1.581e+01   2.036e-01        0
      21        26   -4.768484e+04   0.000e+00   1.315e+01   1.977e-01        0
      22        27   -4.766704e+04   0.000e+00   8.412e+00   9.317e-02        0
      23        28   -4.763941e+04   0.000e+00   1.475e+01   2.008e-01        0
      24        29   -4.762474e+04   0.000e+00   1.386e+01   8.249e-02        0
      25        30   -4.759732e+04   0.000e+00   9.255e+00   2.089e-01        0
      26        31   -4.758317e+04   0.000e+00   7.485e+00   1.526e-01        0
      27        32   -4.757948e+04   0.000e+00   4.744e+00   5.281e-02        0
      28        33   -4.757716e+04   0.000e+00   2.286e+00   4.192e-02        0
      29        34   -4.757453e+04   0.000e+00   2.119e+00   3.962e-02        0
      30        35   -4.757097e+04   0.000e+00   7.686e-01   6.589e-02        0
      31        36   -4.756884e+04   0.000e+00   3.899e-02   4.965e-02        0
      32        37   -4.756740e+04   0.000e+00   2.107e-02   4.657e-02        0
      33        38   -4.756683e+04   0.000e+00   1.905e-01   2.422e-02        0
      34        39   -4.756655e+04   0.000e+00   2.704e-01   1.381e-02        0
      35        40   -4.756638e+04   0.000e+00   1.561e-01   8.422e-03        0
      36        41   -4.756621e+04   0.000e+00   1.628e-01   1.027e-02        0
      37        42   -4.756602e+04   0.000e+00   6.319e-01   1.363e-02        0
      38        43   -4.756581e+04   0.000e+00   1.088e+00   1.765e-02        0
      39        44   -4.756560e+04   0.000e+00   1.269e+00   1.981e-02        0
      40        45   -4.756540e+04   0.000e+00   1.046e+00   1.936e-02        0
      41        46   -4.756523e+04   0.000e+00   5.332e-01   1.732e-02        0
      42        47   -4.756505e+04   0.000e+00   9.348e-02   1.794e-02        0
      43        48   -4.756482e+04   0.000e+00   6.833e-01   2.288e-02        0
      44        49   -4.756457e+04   0.000e+00   9.391e-01   2.789e-02        0
      45        50   -4.756437e+04   0.000e+00   6.515e-01   2.569e-02        0
      46        51   -4.756421e+04   0.000e+00   9.124e-02   1.838e-02        0
      47        52   -4.756404e+04   0.000e+00   5.153e-01   1.876e-02        0
      48        53   -4.756372e+04   0.000e+00   1.245e+00   3.546e-02        0
      49        54   -4.756311e+04   0.000e+00   1.889e+00   7.337e-02        0
      50        55   -4.756218e+04   0.000e+00   1.775e+00   1.242e-01        0
      51        56   -4.756129e+04   0.000e+00   8.741e-01   1.324e-01        0
      52        57   -4.756082e+04   0.000e+00   3.388e-01   7.030e-02        0
      53        58   -4.756062e+04   0.000e+00   2.364e-01   2.220e-02        0
      54        59   -4.756040e+04   0.000e+00   5.164e-01   1.998e-02        0
      55        60   -4.755998e+04   0.000e+00   1.171e+00   4.626e-02        0
      56        61   -4.755933e+04   0.000e+00   1.134e+00   8.819e-02        0
      57        62   -4.755854e+04   0.000e+00   1.942e+00   1.417e-01        0
      58        63   -4.755793e+04   0.000e+00   5.884e-01   1.219e-01        0
      59        64   -4.755766e+04   0.000e+00   1.859e+00   9.674e-02        0
      60        65   -4.755755e+04   0.000e+00   1.863e+00   1.025e-02        0
      61        66   -4.755751e+04   0.000e+00   4.057e-01   6.597e-03        0
      62        67   -4.755749e+04   0.000e+00   2.187e-01   2.034e-03        0
      63        68   -4.755748e+04   0.000e+00   5.240e-01   4.249e-03        0
      64        69   -4.755744e+04   0.000e+00   9.067e-01   9.076e-03        0
      65        70   -4.755737e+04   0.000e+00   1.242e+00   1.730e-02        0
      66        71   -4.755725e+04   0.000e+00   1.363e+00   2.767e-02        0
      67        72   -4.755716e+04   0.000e+00   9.771e-01   2.720e-02        0
      68        73   -4.755712e+04   0.000e+00   3.515e-01   1.400e-02        0
      69        74   -4.755711e+04   0.000e+00   7.899e-02   8.222e-03        0
      70        75   -4.755711e+04   0.000e+00   1.611e-02   5.674e-03        0
      71        76   -4.755711e+04   0.000e+00   1.860e-02   5.538e-03        0
      72        77   -4.755711e+04   0.000e+00   4.064e-02   5.582e-03        0
      73        78   -4.755711e+04   0.000e+00   6.033e-02   4.753e-03        0
      74        79   -4.755710e+04   0.000e+00   7.440e-02   3.690e-03        0
      75        80   -4.755710e+04   0.000e+00   6.509e-02   4.376e-03        0
      76        81   -4.755710e+04   0.000e+00   2.750e-02   7.888e-03        0
      77        82   -4.755710e+04   0.000e+00   2.204e-03   4.811e-03        0
      78        83   -4.755710e+04   0.000e+00   3.086e-03   1.053e-03        0
      79        84   -4.755710e+04   0.000e+00   4.827e-03   3.987e-04        0
      80        85   -4.755710e+04   0.000e+00   9.223e-03   6.637e-04        0
      81        86   -4.755710e+04   0.000e+00   1.414e-02   1.268e-03        0
      82        87   -4.755710e+04   0.000e+00   2.178e-02   2.377e-03        0
      83        88   -4.755710e+04   0.000e+00   2.690e-02   4.955e-03        0
      84        89   -4.755709e+04   0.000e+00   2.389e-02   7.368e-03        0
      85        90   -4.755709e+04   0.000e+00   8.796e-03   6.652e-03        0
      86        91   -4.755709e+04   0.000e+00   6.958e-03   2.937e-03        0
      87        92   -4.755709e+04   0.000e+00   1.474e-02   1.379e-03        0
      88        93   -4.755709e+04   0.000e+00   2.308e-02   1.961e-03        0
      89        94   -4.755709e+04   0.000e+00   3.391e-02   4.946e-03        0
      90        95   -4.755709e+04   0.000e+00   4.148e-02   1.329e-02        0
      91        96   -4.755708e+04   0.000e+00   1.391e-02   3.099e-02        0
      92        97   -4.755707e+04   0.000e+00   7.802e-02   4.658e-02        0
      93        98   -4.755706e+04   0.000e+00   6.796e-02   3.211e-02        0
      94        99   -4.755706e+04   0.000e+00   2.350e-02   5.014e-03        0
      95       100   -4.755706e+04   0.000e+00   9.246e-03   2.331e-03        0
      96       101   -4.755706e+04   0.000e+00   5.009e-03   1.701e-03        0
      97       102   -4.755706e+04   0.000e+00   3.861e-03   4.253e-04        0
      98       103   -4.755706e+04   0.000e+00   2.669e-02   7.818e-04        0
      99       106   -4.755706e+04   0.000e+00   2.751e-02   2.375e-05        0
     100       107   -4.755706e+04   0.000e+00   2.638e-02   5.815e-04        0
     101       108   -4.755706e+04   0.000e+00   1.839e-02   1.288e-03        0
     102       114   -4.755706e+04   0.000e+00   1.058e-02   5.659e-09        2
     103       116   -4.755706e+04   0.000e+00   1.058e-02   3.962e-08        0
     104       121   -4.755706e+04   0.000e+00   4.813e-06   7.675e-09        1
     105       122   -4.755706e+04   0.000e+00   1.128e-05   5.388e-05        0
     106       123   -4.755706e+04   0.000e+00   4.940e-06   8.679e-04        0
     107       124   -4.755706e+04   0.000e+00   1.460e-05   6.891e-05        0
     108       125   -4.755706e+04   0.000e+00   1.592e-05   6.890e-05        0
     109       126   -4.755706e+04   0.000e+00   1.582e-05   8.002e-07        5
     110       127   -4.755706e+04   0.000e+00   6.038e-05   1.227e-04        0
     111       128   -4.755706e+04   0.000e+00   9.168e-07   1.648e-06        3
     112       129   -4.755706e+04   0.000e+00   4.120e-06   1.014e-04        0
     113       130   -4.755706e+04   0.000e+00   5.461e-06   1.878e-07        5
     114       131   -4.755706e+04   0.000e+00   6.759e-05   2.896e-04        0
     115       132   -4.755706e+04   0.000e+00   1.169e-06   2.845e-04        0
     116       135   -4.755706e+04   0.000e+00   6.518e-06   5.253e-07        0
     117       143   -4.755706e+04   0.000e+00   5.703e-06   5.808e-13        4
     118       145   -4.755706e+04   0.000e+00   5.721e-06   4.066e-12        0
     119       154   -4.755706e+04   0.000e+00   5.348e-06   2.549e-13        5

EXIT: Primal feasible solution; terminate because the relative change in
      solution estimate < xtol for 3 consecutive iterations.

Final Statistics
----------------
Final objective value               =  -4.75570608729359e+04
Final feasibility error (abs / rel) =   0.00e+00 / 0.00e+00
Final optimality error  (abs / rel) =   5.35e-06 / 5.35e-06
# of iterations                     =        119 
# of CG iterations                  =         25 
# of function evaluations           =        154
# of gradient evaluations           =        120
Total program time (secs)           =   21799.78516 (414000.812 CPU time)
Time spent in evaluations (secs)    =   21687.12891

Solution Vector
---------------
x[       0] =   6.76946011901e+00
x[       1] =   6.27514080274e+00
x[       2] =   6.12612459080e+00
x[       3] =   6.41433077970e+00
x[       4] =   6.03147747384e+00
x[       5] =   6.16867932441e+00
x[       6] =   6.36661666937e+00
x[       7] =  -4.08687490863e+00
x[       8] =  -1.72076162826e+00
x[       9] =  -1.56122076790e+00
x[      10] =  -1.97134649023e-02
x[      11] =   1.33583791129e-03
x[      12] =   3.53098869798e+00
x[      13] =   2.94804779114e+00
x[      14] =   2.27852468393e+00
x[      15] =   8.08775652493e-01
x[      16] =   1.08895470188e+00
x[      17] =   1.03906626720e+00
x[      18] =   1.18062449589e+00
x[      19] =   1.42456755688e+00
x[      20] =   1.02442913232e+00
x[      21] =   1.36560647794e+00
x[      22] =   6.69960819587e-01

===============================================================================

