
Solving from new start point (number 15 of 42) <multistart>.


=======================================
*** NO CHECK MADE FOR LICENSE ***
         Artelys Knitro 12.3.0
=======================================

Knitro presolve eliminated 0 variables and 0 constraints.

algorithm:               4
bar_maxcrossit:          3
datacheck:               0
feastol:                 1e-08
hessopt:                 2
maxtime_cpu:             9.99995e+07
maxtime_real:            9.99998e+07
opttol:                  1e-08
outlev:                  5
outmode:                 2
par_concurrent_evals:    0
The problem is identified as bound constrained only.
Knitro changing act_qpalg from AUTO to 3.
Knitro changing honorbnds from AUTO to -1.
Knitro changing linesearch from AUTO to 2.
Knitro changing linsolver from AUTO to 4.

Problem Characteristics                                 (   Presolved)
-----------------------
Objective goal:  Maximize
Objective type:  general
Number of variables:                                 23 (          23)
    bounded below only:                               0 (           0)
    bounded above only:                               0 (           0)
    bounded below and above:                         23 (          23)
    fixed:                                            0 (           0)
    free:                                             0 (           0)
Number of constraints:                                0 (           0)
    linear equalities:                                0 (           0)
    quadratic equalities:                             0 (           0)
    gen. nonlinear equalities:                        0 (           0)
    linear one-sided inequalities:                    0 (           0)
    quadratic one-sided inequalities:                 0 (           0)
    gen. nonlinear one-sided inequalities:            0 (           0)
    linear two-sided inequalities:                    0 (           0)
    quadratic two-sided inequalities:                 0 (           0)
    gen. nonlinear two-sided inequalities:            0 (           0)
Number of nonzeros in Jacobian:                       0 (           0)
Number of nonzeros in Hessian:                        0 (         276)

Knitro using the Sequential Quadratic Programming (SQP) algorithm.

  Iter     fCount     Objective      FeasError   OptError    ||Step||    CGits 
--------  --------  --------------  ----------  ----------  ----------  -------
       0         1   -7.239717e+04   0.000e+00
       1         2   -5.947910e+04   0.000e+00   4.452e+01   6.237e-01        0
       2         3   -5.710095e+04   1.735e-18   8.415e-02   2.375e-01        0
       3         6   -5.604544e+04   1.735e-18   7.540e+00   2.737e-01        0
       4         7   -5.505581e+04   0.000e+00   7.795e+00   1.027e-01        0
       5         8   -5.124733e+04   0.000e+00   1.255e+01   5.475e-01        0
       6         9   -5.117312e+04   1.735e-18   2.077e+01   1.643e-01        0
       7        10   -5.084319e+04   0.000e+00   3.647e+00   6.030e-02        0
       8        11   -5.077442e+04   0.000e+00   7.770e-01   5.115e-02        0
       9        12   -5.062109e+04   1.735e-18   3.049e+00   1.225e-01        0
      10        13   -5.017586e+04   0.000e+00   2.250e+00   4.826e-01        0
      11        14   -5.005284e+04   1.735e-18   6.998e+00   1.154e-01        0
      12        15   -4.990399e+04   0.000e+00   3.843e+00   8.806e-02        0
      13        16   -4.988107e+04   0.000e+00   1.621e+01   1.844e-01        0
      14        17   -4.967362e+04   0.000e+00   5.303e+00   7.426e-02        0
      15        18   -4.956172e+04   0.000e+00   3.561e+00   1.114e-01        0
      16        19   -4.943535e+04   0.000e+00   9.092e+00   5.514e-01        0
      17        20   -4.925958e+04   0.000e+00   1.560e+00   2.840e-01        0
      18        21   -4.915216e+04   0.000e+00   1.402e+00   8.939e-02        0
      19        22   -4.875970e+04   0.000e+00   1.806e+00   4.024e-01        0
      20        23   -4.852871e+04   0.000e+00   2.249e+00   5.286e-01        0
      21        24   -4.847525e+04   0.000e+00   4.448e-01   5.138e-02        0
      22        25   -4.842111e+04   0.000e+00   4.729e-01   9.207e-02        0
      23        26   -4.838900e+04   0.000e+00   7.272e-01   7.027e-02        0
      24        27   -4.834730e+04   0.000e+00   4.526e-01   9.711e-02        0
      25        28   -4.829058e+04   0.000e+00   2.676e-01   1.289e-01        0
      26        29   -4.821310e+04   0.000e+00   3.989e-01   1.794e-01        0
      27        30   -4.816228e+04   0.000e+00   1.244e+00   1.727e-01        0
      28        31   -4.814852e+04   0.000e+00   1.080e+00   2.519e-02        0
      29        32   -4.813323e+04   0.000e+00   2.068e+00   5.910e-02        0
      30        33   -4.812540e+04   0.000e+00   3.937e-01   3.100e-02        0
      31        34   -4.810341e+04   0.000e+00   2.157e-02   4.008e-02        0
      32        35   -4.799718e+04   0.000e+00   8.174e-02   2.293e-01        0
      33        36   -4.785422e+04   0.000e+00   2.311e+00   6.659e-01        0
      34        37   -4.784591e+04   0.000e+00   1.089e-01   1.150e-01        0
      35        38   -4.784275e+04   0.000e+00   3.937e-01   4.757e-02        0
      36        39   -4.783609e+04   0.000e+00   8.556e-01   6.104e-02        0
      37        40   -4.781390e+04   0.000e+00   1.967e+00   1.390e-01        0
      38        41   -4.778342e+04   0.000e+00   2.092e+00   1.666e-01        0
      39        42   -4.775250e+04   0.000e+00   1.705e+00   1.646e-01        0
      40        43   -4.773829e+04   0.000e+00   5.734e-01   9.028e-02        0
      41        44   -4.773295e+04   0.000e+00   4.432e-02   5.385e-02        0
      42        45   -4.772914e+04   0.000e+00   4.208e-01   2.385e-02        0
      43        46   -4.772083e+04   0.000e+00   9.476e-01   3.416e-02        0
      44        47   -4.770438e+04   0.000e+00   1.610e+00   7.422e-02        0
      45        48   -4.768017e+04   0.000e+00   1.646e+00   1.623e-01        0
      46        49   -4.766383e+04   0.000e+00   8.367e-01   1.811e-01        0
      47        50   -4.765988e+04   0.000e+00   1.501e-01   6.433e-02        0
      48        51   -4.765937e+04   0.000e+00   1.477e-02   1.138e-02        0
      49        52   -4.765915e+04   0.000e+00   4.616e-02   5.906e-03        0
      50        53   -4.765851e+04   0.000e+00   1.324e-01   1.389e-02        0
      51        54   -4.765740e+04   0.000e+00   2.206e-01   1.996e-02        0
      52        55   -4.765542e+04   0.000e+00   2.648e-01   3.295e-02        0
      53        56   -4.765318e+04   0.000e+00   2.157e-01   4.310e-02        0
      54        57   -4.765180e+04   0.000e+00   7.580e-02   3.910e-02        0
      55        58   -4.765135e+04   0.000e+00   8.392e-03   2.077e-02        0
      56        59   -4.765109e+04   0.000e+00   4.286e-02   1.230e-02        0
      57        60   -4.765058e+04   0.000e+00   6.965e-02   1.690e-02        0
      58        61   -4.764944e+04   0.000e+00   9.225e-02   2.806e-02        0
      59        62   -4.764701e+04   0.000e+00   9.828e-02   5.367e-02        0
      60        63   -4.764306e+04   0.000e+00   6.301e-02   9.265e-02        0
      61        64   -4.763901e+04   0.000e+00   6.718e-03   1.121e-01        0
      62        65   -4.763693e+04   0.000e+00   1.758e-02   7.502e-02        0
      63        66   -4.763643e+04   0.000e+00   3.970e-03   2.663e-02        0
      64        67   -4.763615e+04   0.000e+00   1.718e-02   1.285e-02        0
      65        68   -4.763544e+04   0.000e+00   4.095e-02   2.214e-02        0
      66        69   -4.763406e+04   0.000e+00   7.122e-02   3.214e-02        0
      67        70   -4.763167e+04   0.000e+00   8.841e-02   5.851e-02        0
      68        71   -4.762931e+04   0.000e+00   4.689e-02   8.054e-02        0
      69        72   -4.762824e+04   0.000e+00   1.277e-02   6.093e-02        0
      70        73   -4.762801e+04   0.000e+00   2.148e-02   1.983e-02        0
      71        74   -4.762791e+04   0.000e+00   2.270e-02   6.615e-03        0
      72        75   -4.762763e+04   0.000e+00   1.995e-02   1.162e-02        0
      73        76   -4.762700e+04   0.000e+00   2.046e-02   2.024e-02        0
      74        77   -4.762554e+04   0.000e+00   1.844e-02   4.396e-02        0
      75        78   -4.762283e+04   0.000e+00   5.645e-02   8.893e-02        0
      76        79   -4.761943e+04   0.000e+00   1.376e-01   1.304e-01        0
      77        80   -4.761734e+04   0.000e+00   1.195e-01   9.462e-02        0
      78        81   -4.761669e+04   0.000e+00   1.349e-02   2.586e-02        0
      79        82   -4.761633e+04   0.000e+00   2.145e-02   9.480e-03        0
      80        83   -4.761560e+04   0.000e+00   6.707e-02   1.260e-02        0
      81        84   -4.761419e+04   0.000e+00   8.760e-02   3.365e-02        0
      82        85   -4.761217e+04   0.000e+00   9.292e-02   7.333e-02        0
      83        86   -4.761055e+04   0.000e+00   3.755e-02   9.624e-02        0
      84        87   -4.761000e+04   0.000e+00   6.547e-04   4.739e-02        0
      85        88   -4.760993e+04   0.000e+00   7.510e-02   1.760e-02        0
      86        89   -4.760990e+04   0.000e+00   6.582e-03   7.027e-03        0
      87        90   -4.760983e+04   0.000e+00   6.953e-02   4.977e-03        0
      88        91   -4.760951e+04   0.000e+00   3.081e-01   1.471e-02        0
      89        92   -4.760889e+04   0.000e+00   5.906e-01   2.363e-02        0
      90        93   -4.760729e+04   0.000e+00   1.046e+00   6.508e-02        0
      91        94   -4.760423e+04   0.000e+00   1.430e+00   1.467e-01        0
      92        95   -4.759992e+04   0.000e+00   1.360e+00   2.499e-01        0
      93        96   -4.759708e+04   0.000e+00   6.531e-01   2.091e-01        0
      94        97   -4.759634e+04   0.000e+00   1.911e-01   4.775e-02        0
      95        98   -4.759622e+04   0.000e+00   1.399e-02   2.015e-02        0
      96        99   -4.759615e+04   0.000e+00   7.459e-02   1.654e-02        0
      97       100   -4.759594e+04   0.000e+00   2.244e-01   2.768e-02        0
      98       101   -4.759542e+04   0.000e+00   4.412e-01   3.562e-02        0
      99       102   -4.759411e+04   0.000e+00   8.122e-01   4.188e-02        0
     100       103   -4.759109e+04   0.000e+00   1.349e+00   9.804e-02        0
     101       104   -4.758515e+04   0.000e+00   2.024e+00   2.839e-01        0
     102       105   -4.757631e+04   0.000e+00   2.326e+00   5.413e-01        0
     103       106   -4.756674e+04   0.000e+00   1.378e+00   6.840e-01        0
     104       107   -4.756226e+04   0.000e+00   4.419e-01   5.057e-01        0
     105       108   -4.756171e+04   0.000e+00   1.393e-01   1.819e-01        0
     106       109   -4.756169e+04   0.000e+00   2.456e-01   8.197e-02        0
     107       110   -4.756164e+04   0.000e+00   3.523e-04   2.478e-02        0
     108       111   -4.756159e+04   0.000e+00   1.044e-01   1.293e-02        0
     109       112   -4.756139e+04   0.000e+00   3.965e-01   3.816e-02        0
     110       113   -4.756101e+04   0.000e+00   6.863e-01   4.178e-02        0
     111       114   -4.756026e+04   0.000e+00   9.587e-01   4.462e-02        0
     112       115   -4.755933e+04   0.000e+00   9.202e-01   5.432e-02        0
     113       116   -4.755867e+04   0.000e+00   4.820e-01   1.204e-01        0
     114       117   -4.755851e+04   0.000e+00   7.173e-02   8.767e-02        0
     115       118   -4.755849e+04   0.000e+00   1.766e-03   9.758e-03        0
     116       119   -4.755849e+04   0.000e+00   1.054e-02   2.127e-03        0
     117       120   -4.755849e+04   0.000e+00   1.967e-02   2.481e-03        0
     118       121   -4.755847e+04   0.000e+00   3.507e-02   4.067e-03        0
     119       122   -4.755844e+04   0.000e+00   5.311e-02   6.137e-03        0
     120       123   -4.755838e+04   0.000e+00   6.939e-02   9.622e-03        0
     121       124   -4.755830e+04   0.000e+00   6.591e-02   1.465e-02        0
     122       125   -4.755824e+04   0.000e+00   3.713e-02   1.719e-02        0
     123       126   -4.755822e+04   0.000e+00   8.808e-03   1.103e-02        0
     124       127   -4.755822e+04   0.000e+00   2.635e-04   7.363e-03        0
     125       128   -4.755822e+04   0.000e+00   9.953e-04   6.008e-03        0
     126       130   -4.755822e+04   0.000e+00   1.564e-03   2.921e-03        0
     127       135   -4.755822e+04   0.000e+00   1.178e-05   2.505e-05        2
     128       136   -4.755822e+04   0.000e+00   1.747e-03   2.951e-04        0
     129       137   -4.755822e+04   0.000e+00   4.587e-03   1.073e-03        0
     130       138   -4.755821e+04   0.000e+00   1.079e-02   5.285e-03        0
     131       139   -4.755817e+04   0.000e+00   1.959e-02   2.347e-02        0
     132       140   -4.755817e+04   0.000e+00   1.048e-02   1.123e-02        0
     133       141   -4.755817e+04   0.000e+00   3.353e-03   9.899e-04        0
     134       142   -4.755817e+04   0.000e+00   7.832e-03   1.167e-03        0
     135       143   -4.755817e+04   0.000e+00   1.541e-02   9.400e-04        0
     136       144   -4.755816e+04   0.000e+00   3.323e-02   2.721e-03        0
     137       145   -4.755816e+04   0.000e+00   5.813e-02   5.627e-03        0
     138       146   -4.755814e+04   0.000e+00   9.843e-02   1.468e-02        0
     139       147   -4.755810e+04   0.000e+00   1.556e-01   3.737e-02        0
     140       148   -4.755798e+04   0.000e+00   2.057e-01   1.021e-01        0
     141       149   -4.755772e+04   0.000e+00   4.883e-02   2.890e-01        0
     142       150   -4.755748e+04   0.000e+00   2.234e-01   1.936e-01        0
     143       151   -4.755726e+04   0.000e+00   2.069e-01   1.449e-01        0
     144       152   -4.755720e+04   0.000e+00   3.576e-01   1.370e-01        0
     145       153   -4.755714e+04   0.000e+00   2.525e-02   1.279e-01        0
     146       154   -4.755713e+04   0.000e+00   4.267e-02   3.870e-02        0
     147       155   -4.755713e+04   0.000e+00   7.235e-02   2.814e-02        0
     148       156   -4.755712e+04   0.000e+00   6.323e-02   1.865e-02        0
     149       157   -4.755712e+04   0.000e+00   1.839e-02   2.303e-02        0
     150       158   -4.755712e+04   0.000e+00   8.686e-03   9.267e-03        0
     151       159   -4.755711e+04   0.000e+00   1.409e-02   5.510e-03        0
     152       160   -4.755711e+04   0.000e+00   2.178e-02   7.537e-03        0
     153       161   -4.755711e+04   0.000e+00   3.419e-02   7.561e-03        0
     154       162   -4.755710e+04   0.000e+00   5.446e-02   8.137e-03        0
     155       163   -4.755709e+04   0.000e+00   6.091e-02   9.112e-03        0
     156       164   -4.755707e+04   0.000e+00   3.976e-02   1.677e-02        0
     157       165   -4.755706e+04   0.000e+00   7.658e-03   1.564e-02        0
     158       166   -4.755706e+04   0.000e+00   1.483e-02   1.973e-02        0
     159       167   -4.755706e+04   0.000e+00   1.837e-03   1.317e-02        0
     160       168   -4.755706e+04   0.000e+00   7.804e-04   5.907e-03        0
     161       169   -4.755706e+04   0.000e+00   1.513e-04   1.913e-04        0
     162       170   -4.755706e+04   0.000e+00   2.015e-05   3.871e-09        1
     163       171   -4.755706e+04   0.000e+00   4.591e-06   3.105e-04        0
     164       172   -4.755706e+04   0.000e+00   2.195e-07   4.452e-07        3
     165       173   -4.755706e+04   0.000e+00   5.787e-06   3.544e-04        0
     166       174   -4.755706e+04   0.000e+00   2.326e-07   3.542e-04        0
     167       175   -4.755706e+04   0.000e+00   2.396e-06   2.153e-04        0
     168       176   -4.755706e+04   0.000e+00   2.140e-07   2.153e-04        0
     169       177   -4.755706e+04   0.000e+00   4.308e-06   1.459e-05        0
     170       178   -4.755706e+04   0.000e+00   6.950e-07   1.468e-05        0
     171       179   -4.755706e+04   0.000e+00   8.151e-06   2.389e-04        0
     172       180   -4.755706e+04   0.000e+00   1.277e-06   2.386e-04        0
     173       181   -4.755706e+04   0.000e+00   6.627e-06   2.879e-04        0
     174       182   -4.755706e+04   0.000e+00   1.668e-06   2.879e-04        0
     175       191   -4.755706e+04   0.000e+00   7.663e-06   1.297e-05       46
     176       194   -4.755706e+04   0.000e+00   7.655e-07   4.539e-05        0
     177       199   -4.755706e+04   0.000e+00   5.925e-06   9.078e-05        7
     178       226   -4.755706e+04   0.000e+00   2.170e-07   8.295e-12       64
     179       247   -4.755706e+04   0.000e+00   2.170e-07   8.860e-16       18
     180       249   -4.755706e+04   0.000e+00   4.572e-06   6.202e-15        0
     181       259   -4.755706e+04   0.000e+00   2.170e-07   3.876e-16        6

EXIT: Primal feasible solution estimate cannot be improved. It appears to be
      optimal, but desired accuracy in dual feasibility could not be achieved.

Final Statistics
----------------
Final objective value               =  -4.75570609279523e+04
Final feasibility error (abs / rel) =   0.00e+00 / 0.00e+00
Final optimality error  (abs / rel) =   2.17e-07 / 2.17e-07
# of iterations                     =        181 
# of CG iterations                  =        147 
# of function evaluations           =        259
# of gradient evaluations           =        182
Total program time (secs)           =   33666.45312 (651942.188 CPU time)
Time spent in evaluations (secs)    =   33536.53125

Solution Vector
---------------
x[       0] =   6.76955279490e+00
x[       1] =   6.27521408929e+00
x[       2] =   6.12620033878e+00
x[       3] =   6.41443680547e+00
x[       4] =   6.03155504362e+00
x[       5] =   6.16875944620e+00
x[       6] =   6.36673424321e+00
x[       7] =  -4.08689840573e+00
x[       8] =  -1.72078182480e+00
x[       9] =  -1.56119294406e+00
x[      10] =  -1.97136161725e-02
x[      11] =   1.33584460124e-03
x[      12] =   3.53090055304e+00
x[      13] =   2.94798572064e+00
x[      14] =   2.27849303379e+00
x[      15] =   8.08758926111e-01
x[      16] =   1.08895899703e+00
x[      17] =   1.03906741635e+00
x[      18] =   1.18061705189e+00
x[      19] =   1.42456824355e+00
x[      20] =   1.02443195162e+00
x[      21] =   1.36559252841e+00
x[      22] =   6.69963331765e-01

===============================================================================

