
Solving from new start point (number 9 of 42) <multistart>.


=======================================
*** NO CHECK MADE FOR LICENSE ***
         Artelys Knitro 12.3.0
=======================================

Knitro presolve eliminated 0 variables and 0 constraints.

algorithm:               4
bar_maxcrossit:          3
datacheck:               0
feastol:                 1e-08
hessopt:                 2
maxtime_cpu:             9.99995e+07
maxtime_real:            9.99998e+07
opttol:                  1e-08
outlev:                  5
outmode:                 2
par_concurrent_evals:    0
The problem is identified as bound constrained only.
Knitro changing act_qpalg from AUTO to 3.
Knitro changing honorbnds from AUTO to -1.
Knitro changing linesearch from AUTO to 2.
Knitro changing linsolver from AUTO to 4.

Problem Characteristics                                 (   Presolved)
-----------------------
Objective goal:  Maximize
Objective type:  general
Number of variables:                                 23 (          23)
    bounded below only:                               0 (           0)
    bounded above only:                               0 (           0)
    bounded below and above:                         23 (          23)
    fixed:                                            0 (           0)
    free:                                             0 (           0)
Number of constraints:                                0 (           0)
    linear equalities:                                0 (           0)
    quadratic equalities:                             0 (           0)
    gen. nonlinear equalities:                        0 (           0)
    linear one-sided inequalities:                    0 (           0)
    quadratic one-sided inequalities:                 0 (           0)
    gen. nonlinear one-sided inequalities:            0 (           0)
    linear two-sided inequalities:                    0 (           0)
    quadratic two-sided inequalities:                 0 (           0)
    gen. nonlinear two-sided inequalities:            0 (           0)
Number of nonzeros in Jacobian:                       0 (           0)
Number of nonzeros in Hessian:                        0 (         276)

Knitro using the Sequential Quadratic Programming (SQP) algorithm.

  Iter     fCount     Objective      FeasError   OptError    ||Step||    CGits 
--------  --------  --------------  ----------  ----------  ----------  -------
       0         1   -6.822384e+04   0.000e+00
       1         2   -6.214531e+04   0.000e+00   6.346e+02   1.149e+00        0
       2         4   -5.282594e+04   0.000e+00   3.689e+01   5.809e-01        0
       3         5   -5.147291e+04   0.000e+00   4.072e+01   3.505e-01        0
       4         7   -5.131654e+04   0.000e+00   1.749e+01   5.507e-01        0
       5         9   -5.088319e+04   0.000e+00   1.890e+02   4.840e-01        0
       6        10   -5.023374e+04   0.000e+00   2.572e+01   2.371e-01        0
       7        11   -4.993411e+04   1.735e-18   3.636e+01   2.002e-01        0
       8        12   -4.958490e+04   0.000e+00   1.243e+01   4.488e-01        0
       9        13   -4.940912e+04   1.735e-18   8.810e+01   1.238e+00        0
      10        14   -4.866380e+04   0.000e+00   2.777e+01   1.998e-01        0
      11        15   -4.824083e+04   0.000e+00   8.145e+00   5.443e-01        0
      12        16   -4.806739e+04   0.000e+00   3.556e+00   6.141e-01        0
      13        17   -4.803922e+04   0.000e+00   3.357e+00   4.584e-02        0
      14        18   -4.800505e+04   1.735e-18   1.129e+01   4.089e-01        0
      15        19   -4.799253e+04   0.000e+00   2.848e+01   5.679e-01        0
      16        20   -4.796392e+04   1.735e-18   1.106e+01   2.787e-01        0
      17        22   -4.791738e+04   0.000e+00   1.133e+01   2.396e-01        0
      18        23   -4.787833e+04   0.000e+00   2.486e+00   2.444e-01        0
      19        24   -4.784705e+04   0.000e+00   1.646e+00   1.863e-01        0
      20        25   -4.778238e+04   0.000e+00   2.880e+00   5.037e-01        0
      21        26   -4.776044e+04   0.000e+00   2.036e+00   1.085e-01        0
      22        27   -4.771689e+04   0.000e+00   1.467e+00   2.348e-01        0
      23        28   -4.768969e+04   0.000e+00   3.277e+00   1.554e-01        0
      24        29   -4.765982e+04   0.000e+00   3.609e+00   1.892e-01        0
      25        30   -4.763899e+04   0.000e+00   2.274e+00   1.458e-01        0
      26        31   -4.762670e+04   0.000e+00   6.069e-01   1.121e-01        0
      27        32   -4.761858e+04   0.000e+00   3.926e+00   5.875e-02        0
      28        33   -4.760843e+04   0.000e+00   6.398e+00   9.031e-02        0
      29        34   -4.759881e+04   0.000e+00   8.608e+00   1.166e-01        0
      30        35   -4.759059e+04   0.000e+00   3.145e+00   1.241e-01        0
      31        36   -4.758564e+04   0.000e+00   1.904e+00   5.819e-02        0
      32        37   -4.758318e+04   0.000e+00   2.199e+00   4.821e-02        0
      33        38   -4.758181e+04   0.000e+00   1.751e+00   2.127e-02        0
      34        39   -4.757832e+04   0.000e+00   5.725e-02   6.534e-02        0
      35        40   -4.757599e+04   0.000e+00   1.481e+00   5.680e-02        0
      36        41   -4.757423e+04   0.000e+00   1.490e+00   5.594e-02        0
      37        42   -4.757318e+04   0.000e+00   5.435e-01   3.737e-02        0
      38        43   -4.757237e+04   0.000e+00   7.559e-01   2.891e-02        0
      39        44   -4.757180e+04   0.000e+00   1.363e+00   2.070e-02        0
      40        45   -4.757133e+04   0.000e+00   1.244e+00   1.926e-02        0
      41        46   -4.757089e+04   0.000e+00   5.239e-01   2.131e-02        0
      42        47   -4.757036e+04   0.000e+00   4.939e-01   2.860e-02        0
      43        48   -4.756975e+04   0.000e+00   1.386e+00   3.646e-02        0
      44        49   -4.756921e+04   0.000e+00   1.551e+00   3.657e-02        0
      45        50   -4.756874e+04   0.000e+00   1.016e+00   3.104e-02        0
      46        51   -4.756820e+04   0.000e+00   4.978e-02   3.240e-02        0
      47        52   -4.756741e+04   0.000e+00   1.175e+00   4.555e-02        0
      48        53   -4.756633e+04   0.000e+00   2.158e+00   6.557e-02        0
      49        54   -4.756527e+04   0.000e+00   1.956e+00   7.201e-02        0
      50        55   -4.756460e+04   0.000e+00   5.934e-01   5.412e-02        0
      51        56   -4.756425e+04   0.000e+00   5.510e-01   3.556e-02        0
      52        57   -4.756386e+04   0.000e+00   1.419e+00   4.132e-02        0
      53        58   -4.756321e+04   0.000e+00   1.959e+00   7.189e-02        0
      54        59   -4.756231e+04   0.000e+00   1.497e+00   1.086e-01        0
      55        60   -4.756146e+04   0.000e+00   4.765e-01   1.121e-01        0
      56        61   -4.756089e+04   0.000e+00   2.686e-02   6.097e-02        0
      57        62   -4.756049e+04   0.000e+00   6.517e-01   2.699e-02        0
      58        63   -4.756026e+04   0.000e+00   2.764e-01   1.903e-02        0
      59        64   -4.756015e+04   0.000e+00   9.443e-01   8.594e-03        0
      60        65   -4.756004e+04   0.000e+00   1.192e-01   1.157e-02        0
      61        66   -4.755983e+04   0.000e+00   9.505e-02   2.981e-02        0
      62        67   -4.755945e+04   0.000e+00   6.389e-01   7.230e-02        0
      63        68   -4.755907e+04   0.000e+00   2.208e-01   1.002e-01        0
      64        69   -4.755890e+04   0.000e+00   6.691e-01   5.626e-02        0
      65        70   -4.755885e+04   0.000e+00   1.387e-01   1.702e-02        0
      66        71   -4.755881e+04   0.000e+00   2.833e-01   1.328e-02        0
      67        72   -4.755874e+04   0.000e+00   3.528e-01   1.776e-02        0
      68        73   -4.755863e+04   0.000e+00   8.459e-01   3.884e-02        0
      69        74   -4.755849e+04   0.000e+00   1.356e+00   3.450e-02        0
      70        75   -4.755834e+04   0.000e+00   1.382e+00   2.705e-02        0
      71        76   -4.755820e+04   0.000e+00   9.776e-01   3.800e-02        0
      72        77   -4.755809e+04   0.000e+00   5.411e-01   5.393e-02        0
      73        78   -4.755800e+04   0.000e+00   1.732e-01   6.211e-02        0
      74        79   -4.755796e+04   0.000e+00   4.589e-02   3.664e-02        0
      75        80   -4.755796e+04   0.000e+00   5.487e-02   1.013e-02        0
      76        81   -4.755796e+04   0.000e+00   3.074e-02   1.582e-03        0
      77        82   -4.755795e+04   0.000e+00   2.879e-02   2.770e-03        0
      78        83   -4.755795e+04   0.000e+00   9.913e-02   4.895e-03        0
      79        84   -4.755794e+04   0.000e+00   2.067e-01   6.617e-03        0
      80        85   -4.755792e+04   0.000e+00   2.588e-01   9.297e-03        0
      81        86   -4.755790e+04   0.000e+00   2.163e-01   1.476e-02        0
      82        87   -4.755789e+04   0.000e+00   7.027e-02   1.254e-02        0
      83        88   -4.755789e+04   0.000e+00   7.463e-03   8.706e-03        0
      84        89   -4.755789e+04   0.000e+00   7.471e-02   5.143e-03        0
      85        90   -4.755788e+04   0.000e+00   1.511e-01   1.078e-02        0
      86        91   -4.755787e+04   0.000e+00   3.382e-01   1.784e-02        0
      87        92   -4.755784e+04   0.000e+00   4.844e-01   3.929e-02        0
      88        93   -4.755776e+04   0.000e+00   7.998e-01   7.660e-02        0
      89        94   -4.755762e+04   0.000e+00   5.592e-01   1.451e-01        0
      90        95   -4.755745e+04   0.000e+00   1.960e+00   1.719e-01        0
      91        96   -4.755737e+04   0.000e+00   5.887e-01   1.466e-01        0
      92        97   -4.755724e+04   0.000e+00   7.190e-01   8.606e-02        0
      93        98   -4.755720e+04   0.000e+00   3.795e-01   5.493e-02        0
      94        99   -4.755718e+04   0.000e+00   2.628e-01   4.470e-02        0
      95       100   -4.755718e+04   0.000e+00   1.392e-01   1.231e-02        0
      96       101   -4.755717e+04   0.000e+00   1.034e-01   1.772e-02        0
      97       102   -4.755716e+04   0.000e+00   5.710e-02   1.437e-02        0
      98       103   -4.755713e+04   0.000e+00   3.179e-02   3.988e-02        0
      99       104   -4.755710e+04   0.000e+00   7.207e-02   4.834e-02        0
     100       105   -4.755707e+04   0.000e+00   1.058e-01   4.440e-02        0
     101       106   -4.755706e+04   0.000e+00   2.456e-04   1.905e-02        0
     102       107   -4.755706e+04   0.000e+00   1.856e-02   4.487e-03        0
     103       108   -4.755706e+04   0.000e+00   4.853e-03   5.675e-04        0
     104       109   -4.755706e+04   0.000e+00   5.262e-04   1.104e-03        0
     105       110   -4.755706e+04   0.000e+00   1.107e-02   2.014e-03        0
     106       111   -4.755706e+04   0.000e+00   2.055e-02   1.440e-03        0
     107       112   -4.755706e+04   0.000e+00   2.908e-02   1.121e-03        0
     108       113   -4.755706e+04   0.000e+00   2.464e-02   9.898e-04        0
     109       114   -4.755706e+04   0.000e+00   9.844e-03   2.051e-03        0
     110       115   -4.755706e+04   0.000e+00   2.074e-03   1.758e-03        0
     111       119   -4.755706e+04   0.000e+00   2.066e-03   7.613e-07        0
     112       122   -4.755706e+04   0.000e+00   2.019e-03   4.145e-06        0
     113       124   -4.755706e+04   0.000e+00   1.018e-03   8.946e-05        0
     114       130   -4.755706e+04   0.000e+00   1.511e-05   4.617e-10        2
     115       131   -4.755706e+04   0.000e+00   4.686e-04   1.184e-04        0
     116       136   -4.755706e+04   0.000e+00   1.806e-05   1.833e-09        1
     117       137   -4.755706e+04   0.000e+00   3.768e-05   1.343e-04        0
     118       138   -4.755706e+04   0.000e+00   6.972e-06   6.219e-05        0
     119       139   -4.755706e+04   0.000e+00   2.249e-08   6.073e-12        1
     120       140   -4.755706e+04   0.000e+00   1.543e-06   7.211e-06        0
     121       141   -4.755706e+04   0.000e+00   7.622e-08   1.174e-09        2
     122       142   -4.755706e+04   0.000e+00   6.763e-06   1.030e-07       13
     123       143   -4.755706e+04   0.000e+00   2.544e-05   1.833e-05        0
     124       148   -4.755706e+04   0.000e+00   1.837e-05   1.669e-07       19
     125       172   -4.755706e+04   0.000e+00   1.584e-05   2.228e-12       41
     126       175   -4.755706e+04   0.000e+00   1.585e-05   7.797e-12        0
     127       196   -4.755706e+04   0.000e+00   8.939e-06   2.379e-16       18
     128       198   -4.755706e+04   0.000e+00   8.939e-06   2.379e-16        0

EXIT: Primal feasible solution; terminate because the relative change in
      solution estimate < xtol for 3 consecutive iterations.

Final Statistics
----------------
Final objective value               =  -4.75570609355482e+04
Final feasibility error (abs / rel) =   0.00e+00 / 0.00e+00
Final optimality error  (abs / rel) =   8.94e-06 / 8.94e-06
# of iterations                     =        128 
# of CG iterations                  =         97 
# of function evaluations           =        198
# of gradient evaluations           =        129
Total program time (secs)           =   25741.93750 (493485.375 CPU time)
Time spent in evaluations (secs)    =   25663.24219

Solution Vector
---------------
x[       0] =   6.76946699043e+00
x[       1] =   6.27514652652e+00
x[       2] =   6.12613127572e+00
x[       3] =   6.41433556765e+00
x[       4] =   6.03147673986e+00
x[       5] =   6.16868497733e+00
x[       6] =   6.36662601392e+00
x[       7] =  -4.08687820166e+00
x[       8] =  -1.72076306116e+00
x[       9] =  -1.56122235478e+00
x[      10] =  -1.97133372134e-02
x[      11] =   1.33583595532e-03
x[      12] =   3.53099082172e+00
x[      13] =   2.94804704688e+00
x[      14] =   2.27852593444e+00
x[      15] =   8.08777522722e-01
x[      16] =   1.08895432104e+00
x[      17] =   1.03906511517e+00
x[      18] =   1.18062420830e+00
x[      19] =   1.42456754413e+00
x[      20] =   1.02442808559e+00
x[      21] =   1.36560453894e+00
x[      22] =   6.69961807052e-01

===============================================================================

