
Solving from new start point (number 17 of 42) <multistart>.


=======================================
*** NO CHECK MADE FOR LICENSE ***
         Artelys Knitro 12.3.0
=======================================

Knitro presolve eliminated 0 variables and 0 constraints.

algorithm:               4
bar_maxcrossit:          3
datacheck:               0
feastol:                 1e-08
hessopt:                 2
maxtime_cpu:             9.99994e+07
maxtime_real:            9.99998e+07
opttol:                  1e-08
outlev:                  5
outmode:                 2
par_concurrent_evals:    0
The problem is identified as bound constrained only.
Knitro changing act_qpalg from AUTO to 3.
Knitro changing honorbnds from AUTO to -1.
Knitro changing linesearch from AUTO to 2.
Knitro changing linsolver from AUTO to 4.

Problem Characteristics                                 (   Presolved)
-----------------------
Objective goal:  Maximize
Objective type:  general
Number of variables:                                 23 (          23)
    bounded below only:                               0 (           0)
    bounded above only:                               0 (           0)
    bounded below and above:                         23 (          23)
    fixed:                                            0 (           0)
    free:                                             0 (           0)
Number of constraints:                                0 (           0)
    linear equalities:                                0 (           0)
    quadratic equalities:                             0 (           0)
    gen. nonlinear equalities:                        0 (           0)
    linear one-sided inequalities:                    0 (           0)
    quadratic one-sided inequalities:                 0 (           0)
    gen. nonlinear one-sided inequalities:            0 (           0)
    linear two-sided inequalities:                    0 (           0)
    quadratic two-sided inequalities:                 0 (           0)
    gen. nonlinear two-sided inequalities:            0 (           0)
Number of nonzeros in Jacobian:                       0 (           0)
Number of nonzeros in Hessian:                        0 (         276)

Knitro using the Sequential Quadratic Programming (SQP) algorithm.

  Iter     fCount     Objective      FeasError   OptError    ||Step||    CGits 
--------  --------  --------------  ----------  ----------  ----------  -------
       0         1   -5.691658e+04   0.000e+00
       1         3   -5.233295e+04   0.000e+00   2.619e+01   1.906e-01        0
       2         5   -5.225833e+04   0.000e+00   1.125e+01   1.563e-01        0
       3         7   -5.168634e+04   0.000e+00   3.582e+01   2.604e-01        0
       4         8   -5.120615e+04   0.000e+00   4.085e+00   9.126e-02        0
       5         9   -5.086062e+04   0.000e+00   5.543e+00   1.499e-01        0
       6        10   -5.041161e+04   0.000e+00   2.312e+00   3.966e-01        0
       7        11   -5.002533e+04   0.000e+00   9.312e+00   2.387e-01        0
       8        13   -4.991140e+04   0.000e+00   8.547e+00   1.402e-01        0
       9        18   -4.989792e+04   0.000e+00   8.633e+00   1.323e-02        1
      10        21   -4.983301e+04   0.000e+00   7.080e+00   9.094e-02        0
      11        22   -4.980635e+04   0.000e+00   2.280e+00   4.425e-01        0
      12        23   -4.950850e+04   0.000e+00   3.102e+00   1.422e-01        0
      13        24   -4.916782e+04   0.000e+00   1.369e+01   5.235e-01        0
      14        25   -4.886202e+04   0.000e+00   1.369e+01   2.261e-01        0
      15        26   -4.856668e+04   0.000e+00   1.804e+00   3.473e-01        0
      16        27   -4.848483e+04   0.000e+00   2.199e+00   1.198e-01        0
      17        28   -4.834373e+04   0.000e+00   2.333e+00   2.666e-01        0
      18        29   -4.826287e+04   0.000e+00   2.375e-01   1.800e-01        0
      19        30   -4.817535e+04   0.000e+00   3.132e+00   1.636e-01        0
      20        31   -4.805987e+04   0.000e+00   4.990e+00   2.130e-01        0
      21        32   -4.798195e+04   0.000e+00   3.871e+00   1.892e-01        0
      22        33   -4.796018e+04   0.000e+00   1.317e+00   5.919e-02        0
      23        34   -4.792814e+04   0.000e+00   2.001e+00   8.020e-02        0
      24        35   -4.789467e+04   0.000e+00   4.169e+00   1.306e-01        0
      25        36   -4.787306e+04   0.000e+00   2.233e+00   1.330e-01        0
      26        37   -4.785545e+04   0.000e+00   1.436e+00   1.150e-01        0
      27        38   -4.783327e+04   0.000e+00   1.569e+00   1.050e-01        0
      28        39   -4.778815e+04   0.000e+00   3.514e+00   2.035e-01        0
      29        40   -4.774001e+04   0.000e+00   3.650e+00   2.467e-01        0
      30        41   -4.772258e+04   0.000e+00   1.536e+00   7.802e-02        0
      31        42   -4.771301e+04   0.000e+00   1.029e-02   5.092e-02        0
      32        43   -4.770082e+04   0.000e+00   2.112e+00   5.814e-02        0
      33        44   -4.768010e+04   0.000e+00   4.014e+00   9.015e-02        0
      34        45   -4.765007e+04   0.000e+00   5.001e+00   1.719e-01        0
      35        46   -4.762789e+04   0.000e+00   2.663e+00   1.915e-01        0
      36        47   -4.761923e+04   0.000e+00   5.847e-01   9.121e-02        0
      37        48   -4.761621e+04   0.000e+00   7.712e-01   4.869e-02        0
      38        49   -4.761369e+04   0.000e+00   7.729e-01   2.534e-02        0
      39        50   -4.761011e+04   0.000e+00   7.369e-01   3.407e-02        0
      40        51   -4.760651e+04   0.000e+00   1.764e-01   4.136e-02        0
      41        52   -4.760443e+04   0.000e+00   2.406e-01   2.950e-02        0
      42        53   -4.760340e+04   0.000e+00   3.415e-01   1.438e-02        0
      43        54   -4.760280e+04   0.000e+00   1.381e-01   7.570e-03        0
      44        55   -4.760205e+04   0.000e+00   1.816e-01   9.717e-03        0
      45        56   -4.760060e+04   0.000e+00   6.460e-01   2.059e-02        0
      46        57   -4.759793e+04   0.000e+00   1.100e+00   4.332e-02        0
      47        58   -4.759445e+04   0.000e+00   1.158e+00   6.725e-02        0
      48        59   -4.759207e+04   0.000e+00   6.814e-01   5.489e-02        0
      49        60   -4.759114e+04   0.000e+00   1.224e-01   2.033e-02        0
      50        61   -4.759074e+04   0.000e+00   2.397e-01   6.999e-03        0
      51        62   -4.759021e+04   0.000e+00   5.840e-01   9.798e-03        0
      52        63   -4.758906e+04   0.000e+00   1.016e+00   2.534e-02        0
      53        64   -4.758727e+04   0.000e+00   1.242e+00   5.002e-02        0
      54        65   -4.758553e+04   0.000e+00   8.705e-01   6.318e-02        0
      55        66   -4.758481e+04   0.000e+00   2.312e-01   3.383e-02        0
      56        67   -4.758464e+04   0.000e+00   3.149e-02   6.675e-03        0
      57        68   -4.758454e+04   0.000e+00   1.411e-01   4.056e-03        0
      58        69   -4.758435e+04   0.000e+00   2.360e-01   5.616e-03        0
      59        70   -4.758412e+04   0.000e+00   2.439e-01   9.225e-03        0
      60        71   -4.758396e+04   0.000e+00   1.316e-01   1.210e-02        0
      61        72   -4.758389e+04   0.000e+00   1.009e-02   8.256e-03        0
      62        73   -4.758384e+04   0.000e+00   7.180e-02   4.936e-03        0
      63        74   -4.758374e+04   0.000e+00   1.789e-01   7.535e-03        0
      64        75   -4.758351e+04   0.000e+00   3.316e-01   1.575e-02        0
      65        76   -4.758299e+04   0.000e+00   5.163e-01   3.468e-02        0
      66        77   -4.758205e+04   0.000e+00   6.261e-01   6.590e-02        0
      67        78   -4.758097e+04   0.000e+00   4.917e-01   8.277e-02        0
      68        79   -4.758037e+04   0.000e+00   2.232e-01   4.603e-02        0
      69        80   -4.758019e+04   0.000e+00   3.670e-02   1.063e-02        0
      70        81   -4.758015e+04   0.000e+00   4.532e-02   7.947e-03        0
      71        82   -4.758008e+04   0.000e+00   1.333e-01   8.100e-03        0
      72        83   -4.757989e+04   0.000e+00   2.821e-01   1.151e-02        0
      73        84   -4.757944e+04   0.000e+00   4.925e-01   1.998e-02        0
      74        85   -4.757847e+04   0.000e+00   7.520e-01   5.610e-02        0
      75        86   -4.757698e+04   0.000e+00   9.469e-01   1.208e-01        0
      76        87   -4.757562e+04   0.000e+00   8.342e-01   1.459e-01        0
      77        88   -4.757488e+04   0.000e+00   3.183e-01   9.237e-02        0
      78        89   -4.757475e+04   0.000e+00   3.207e-03   2.301e-02        0
      79        90   -4.757471e+04   0.000e+00   6.344e-02   5.868e-03        0
      80        91   -4.757455e+04   0.000e+00   2.271e-01   1.958e-02        0
      81        92   -4.757425e+04   0.000e+00   4.011e-01   3.333e-02        0
      82        93   -4.757355e+04   0.000e+00   5.921e-01   7.393e-02        0
      83        94   -4.757250e+04   0.000e+00   6.162e-01   1.170e-01        0
      84        95   -4.757158e+04   0.000e+00   4.198e-01   1.109e-01        0
      85        96   -4.757120e+04   0.000e+00   2.000e-01   3.833e-02        0
      86        97   -4.757111e+04   0.000e+00   2.666e-02   2.210e-02        0
      87        98   -4.757105e+04   0.000e+00   7.109e-02   1.758e-02        0
      88        99   -4.757094e+04   0.000e+00   2.454e-01   2.555e-02        0
      89       100   -4.757067e+04   0.000e+00   4.863e-01   2.944e-02        0
      90       101   -4.757007e+04   0.000e+00   8.070e-01   3.398e-02        0
      91       102   -4.756903e+04   0.000e+00   9.903e-01   8.461e-02        0
      92       103   -4.756804e+04   0.000e+00   7.681e-01   1.510e-01        0
      93       104   -4.756766e+04   0.000e+00   3.110e-01   9.925e-02        0
      94       105   -4.756758e+04   0.000e+00   6.870e-02   3.813e-02        0
      95       106   -4.756756e+04   0.000e+00   3.952e-02   9.172e-03        0
      96       107   -4.756753e+04   0.000e+00   1.231e-01   1.130e-02        0
      97       108   -4.756746e+04   0.000e+00   2.963e-01   1.593e-02        0
      98       109   -4.756728e+04   0.000e+00   4.782e-01   3.377e-02        0
      99       110   -4.756691e+04   0.000e+00   7.609e-01   4.980e-02        0
     100       111   -4.756633e+04   0.000e+00   7.887e-01   7.888e-02        0
     101       112   -4.756580e+04   0.000e+00   6.861e-01   6.805e-02        0
     102       113   -4.756557e+04   0.000e+00   1.825e-01   3.977e-02        0
     103       114   -4.756553e+04   0.000e+00   5.354e-02   3.052e-02        0
     104       115   -4.756553e+04   0.000e+00   2.404e-02   5.346e-03        0
     105       116   -4.756552e+04   0.000e+00   3.810e-02   2.275e-03        0
     106       117   -4.756550e+04   0.000e+00   9.944e-02   8.437e-03        0
     107       118   -4.756544e+04   0.000e+00   1.696e-01   1.155e-02        0
     108       119   -4.756533e+04   0.000e+00   2.486e-01   2.310e-02        0
     109       120   -4.756516e+04   0.000e+00   2.626e-01   3.811e-02        0
     110       121   -4.756502e+04   0.000e+00   1.618e-01   4.406e-02        0
     111       122   -4.756496e+04   0.000e+00   4.517e-02   2.308e-02        0
     112       123   -4.756495e+04   0.000e+00   7.331e-03   6.888e-03        0
     113       124   -4.756495e+04   0.000e+00   2.920e-02   3.096e-03        0
     114       125   -4.756493e+04   0.000e+00   6.591e-02   5.083e-03        0
     115       126   -4.756490e+04   0.000e+00   1.196e-01   7.322e-03        0
     116       127   -4.756480e+04   0.000e+00   2.056e-01   1.616e-02        0
     117       128   -4.756457e+04   0.000e+00   3.358e-01   4.437e-02        0
     118       129   -4.756400e+04   0.000e+00   5.076e-01   1.238e-01        0
     119       130   -4.756282e+04   0.000e+00   6.059e-01   2.904e-01        0
     120       131   -4.756111e+04   0.000e+00   2.867e-01   4.846e-01        0
     121       132   -4.755947e+04   0.000e+00   1.218e-01   3.911e-01        0
     122       133   -4.755838e+04   0.000e+00   2.892e-01   1.380e-01        0
     123       134   -4.755820e+04   0.000e+00   7.590e-01   9.628e-02        0
     124       135   -4.755807e+04   0.000e+00   4.381e-03   4.927e-02        0
     125       136   -4.755798e+04   0.000e+00   5.494e-02   5.294e-02        0
     126       137   -4.755790e+04   0.000e+00   9.193e-02   1.100e-01        0
     127       138   -4.755789e+04   0.000e+00   5.306e-03   1.387e-02        0
     128       139   -4.755787e+04   0.000e+00   5.187e-02   2.569e-02        0
     129       140   -4.755786e+04   0.000e+00   6.854e-02   2.331e-02        0
     130       141   -4.755782e+04   0.000e+00   9.463e-02   3.956e-02        0
     131       142   -4.755774e+04   0.000e+00   9.408e-02   6.946e-02        0
     132       143   -4.755758e+04   0.000e+00   4.710e-02   1.195e-01        0
     133       144   -4.755734e+04   0.000e+00   3.707e-02   1.408e-01        0
     134       145   -4.755717e+04   0.000e+00   9.522e-03   9.058e-02        0
     135       146   -4.755712e+04   0.000e+00   3.503e-01   2.951e-02        0
     136       148   -4.755709e+04   0.000e+00   4.028e-02   2.845e-02        0
     137       149   -4.755708e+04   0.000e+00   7.536e-02   4.069e-02        0
     138       150   -4.755707e+04   0.000e+00   5.436e-02   4.450e-02        0
     139       151   -4.755707e+04   0.000e+00   2.443e-02   3.709e-02        0
     140       152   -4.755706e+04   0.000e+00   2.095e-02   1.406e-02        0
     141       153   -4.755706e+04   0.000e+00   7.915e-03   4.816e-03        0
     142       154   -4.755706e+04   0.000e+00   4.048e-03   3.864e-03        0
     143       155   -4.755706e+04   0.000e+00   1.679e-03   3.117e-04        0
     144       161   -4.755706e+04   0.000e+00   2.959e-05   1.941e-09        2
     145       162   -4.755706e+04   0.000e+00   9.568e-06   2.173e-04        0
     146       163   -4.755706e+04   0.000e+00   2.729e-03   3.934e-04        0
     147       164   -4.755706e+04   0.000e+00   8.219e-03   1.613e-03        0
     148       165   -4.755706e+04   0.000e+00   5.443e-03   8.075e-04        0
     149       166   -4.755706e+04   0.000e+00   1.231e-03   6.166e-04        0
     150       167   -4.755706e+04   0.000e+00   1.916e-04   1.339e-03        0
     151       169   -4.755706e+04   0.000e+00   1.141e-04   4.477e-04        0
     152       174   -4.755706e+04   0.000e+00   8.813e-06   2.048e-09        1
     153       175   -4.755706e+04   0.000e+00   7.713e-06   5.270e-04        0
     154       176   -4.755706e+04   0.000e+00   1.832e-06   1.784e-05        8
     155       177   -4.755706e+04   0.000e+00   3.113e-06   1.330e-06        6
     156       178   -4.755706e+04   0.000e+00   3.526e-06   6.282e-05        0
     157       179   -4.755706e+04   0.000e+00   1.256e-06   8.501e-08        3
     158       180   -4.755706e+04   0.000e+00   1.331e-06   2.439e-07        5
     159       181   -4.755706e+04   0.000e+00   6.478e-06   1.356e-05        0
     160       182   -4.755706e+04   0.000e+00   2.261e-06   1.339e-07        3
     161       183   -4.755706e+04   0.000e+00   3.767e-06   7.306e-06       12
     162       185   -4.755706e+04   0.000e+00   5.088e-08   1.333e-11        2
     163       208   -4.755706e+04   0.000e+00   1.663e-06   3.559e-16       29
     164       209   -4.755706e+04   0.000e+00   5.434e-07   1.366e-08        0
     165       210   -4.755706e+04   0.000e+00   1.484e-06   3.383e-07        0
     166       216   -4.755706e+04   0.000e+00   1.025e-05   1.915e-07       10
     167       233   -4.755706e+04   0.000e+00   2.542e-07   6.282e-15       13
     168       234   -4.755706e+04   0.000e+00   3.787e-06   5.275e-05        0
     169       238   -4.755706e+04   0.000e+00   3.701e-08   3.618e-09        8
     170       242   -4.755706e+04   0.000e+00   1.163e-06   6.331e-09        0
     171       258   -4.755706e+04   0.000e+00   3.801e-08   6.182e-12       24
     172       280   -4.755706e+04   0.000e+00   1.680e-06   3.302e-16       25
     173       281   -4.755706e+04   0.000e+00   2.171e-06   3.388e-07        0
     174       302   -4.755706e+04   0.000e+00   2.066e-06   4.341e-13       31
     175       304   -4.755706e+04   0.000e+00   2.093e-06   3.039e-12        0
     176       314   -4.755706e+04   0.000e+00   2.028e-06   1.899e-13        7

EXIT: Primal feasible solution; terminate because the relative change in
      solution estimate < xtol for 3 consecutive iterations.

Final Statistics
----------------
Final objective value               =  -4.75570608869001e+04
Final feasibility error (abs / rel) =   0.00e+00 / 0.00e+00
Final optimality error  (abs / rel) =   2.03e-06 / 2.03e-06
# of iterations                     =        176 
# of CG iterations                  =        190 
# of function evaluations           =        314
# of gradient evaluations           =        177
Total program time (secs)           =   37427.25781 (727347.938 CPU time)
Time spent in evaluations (secs)    =   37280.37500

Solution Vector
---------------
x[       0] =   6.76945671202e+00
x[       1] =   6.27513752034e+00
x[       2] =   6.12612098244e+00
x[       3] =   6.41432703754e+00
x[       4] =   6.03147379967e+00
x[       5] =   6.16867564595e+00
x[       6] =   6.36661219069e+00
x[       7] =  -4.08687404701e+00
x[       8] =  -1.72076070849e+00
x[       9] =  -1.56122191132e+00
x[      10] =  -1.97134590052e-02
x[      11] =   1.33583769913e-03
x[      12] =   3.53099213796e+00
x[      13] =   2.94804988284e+00
x[      14] =   2.27852571864e+00
x[      15] =   8.08775735368e-01
x[      16] =   1.08895473410e+00
x[      17] =   1.03906626128e+00
x[      18] =   1.18062457857e+00
x[      19] =   1.42456771406e+00
x[      20] =   1.02442918771e+00
x[      21] =   1.36560682302e+00
x[      22] =   6.69960749179e-01

===============================================================================

