
Solving from new start point (number 6 of 42) <multistart>.


=======================================
*** NO CHECK MADE FOR LICENSE ***
         Artelys Knitro 12.3.0
=======================================

Knitro presolve eliminated 0 variables and 0 constraints.

algorithm:               4
bar_maxcrossit:          3
datacheck:               0
feastol:                 1e-08
hessopt:                 2
maxtime_cpu:             9.99995e+07
maxtime_real:            9.99998e+07
opttol:                  1e-08
outlev:                  5
outmode:                 2
par_concurrent_evals:    0
The problem is identified as bound constrained only.
Knitro changing act_qpalg from AUTO to 3.
Knitro changing honorbnds from AUTO to -1.
Knitro changing linesearch from AUTO to 2.
Knitro changing linsolver from AUTO to 4.

Problem Characteristics                                 (   Presolved)
-----------------------
Objective goal:  Maximize
Objective type:  general
Number of variables:                                 23 (          23)
    bounded below only:                               0 (           0)
    bounded above only:                               0 (           0)
    bounded below and above:                         23 (          23)
    fixed:                                            0 (           0)
    free:                                             0 (           0)
Number of constraints:                                0 (           0)
    linear equalities:                                0 (           0)
    quadratic equalities:                             0 (           0)
    gen. nonlinear equalities:                        0 (           0)
    linear one-sided inequalities:                    0 (           0)
    quadratic one-sided inequalities:                 0 (           0)
    gen. nonlinear one-sided inequalities:            0 (           0)
    linear two-sided inequalities:                    0 (           0)
    quadratic two-sided inequalities:                 0 (           0)
    gen. nonlinear two-sided inequalities:            0 (           0)
Number of nonzeros in Jacobian:                       0 (           0)
Number of nonzeros in Hessian:                        0 (         276)

Knitro using the Sequential Quadratic Programming (SQP) algorithm.

  Iter     fCount     Objective      FeasError   OptError    ||Step||    CGits 
--------  --------  --------------  ----------  ----------  ----------  -------
       0         1   -6.285184e+04   0.000e+00
       1         3   -5.535440e+04   0.000e+00   9.783e+01   1.308e+00        0
       2         4   -5.509056e+04   0.000e+00   4.248e+03   2.345e+00        0
       3         6   -5.199255e+04   0.000e+00   6.348e+02   9.886e-01        0
       4         7   -5.037591e+04   0.000e+00   1.027e+01   1.970e+00        0
       5        10   -4.991185e+04   0.000e+00   1.087e+03   3.461e-01        0
       6        12   -4.915772e+04   0.000e+00   9.686e+01   1.588e+00        0
       7        15   -4.902838e+04   0.000e+00   4.726e+02   4.838e-01        0
       8        16   -4.876972e+04   0.000e+00   5.243e+01   5.709e-01        0
       9        17   -4.829494e+04   0.000e+00   1.736e+02   9.332e-01        0
      10        20   -4.826768e+04   0.000e+00   2.101e+02   1.079e+00        0
      11        21   -4.789084e+04   0.000e+00   7.047e+01   5.458e-01        0
      12        22   -4.779011e+04   0.000e+00   8.703e+01   2.621e-01        0
      13        23   -4.773913e+04   0.000e+00   1.074e+02   6.801e-01        0
      14        24   -4.765531e+04   0.000e+00   6.495e+01   2.853e-01        0
      15        25   -4.764552e+04   0.000e+00   1.310e+02   2.737e-01        0
      16        28   -4.760258e+04   0.000e+00   1.249e+01   3.752e-01        0
      17        29   -4.759736e+04   0.000e+00   7.606e+01   2.685e-01        0
      18        32   -4.758546e+04   0.000e+00   1.092e+01   1.465e-01        0
      19        33   -4.757550e+04   0.000e+00   4.196e+01   1.494e-01        0
      20        34   -4.757231e+04   0.000e+00   2.007e+01   7.222e-02        0
      21        35   -4.756980e+04   0.000e+00   3.174e+01   5.308e-02        0
      22        36   -4.756713e+04   0.000e+00   3.135e+01   1.143e-01        0
      23        37   -4.756575e+04   0.000e+00   2.416e+01   6.090e-02        0
      24        38   -4.756430e+04   0.000e+00   4.982e+00   1.002e-01        0
      25        39   -4.756377e+04   0.000e+00   9.612e+00   3.602e-02        0
      26        40   -4.756319e+04   0.000e+00   1.666e+01   4.164e-02        0
      27        41   -4.756269e+04   0.000e+00   5.012e+00   4.933e-02        0
      28        42   -4.756250e+04   0.000e+00   2.646e+00   2.779e-02        0
      29        43   -4.756232e+04   0.000e+00   8.060e+00   2.658e-02        0
      30        44   -4.756209e+04   0.000e+00   1.283e+01   3.777e-02        0
      31        45   -4.756177e+04   0.000e+00   1.314e+01   5.530e-02        0
      32        46   -4.756134e+04   0.000e+00   7.519e+00   7.711e-02        0
      33        47   -4.756056e+04   0.000e+00   4.279e+00   1.460e-01        0
      34        48   -4.755943e+04   0.000e+00   2.016e+01   2.328e-01        0
      35        49   -4.755834e+04   0.000e+00   2.002e+01   2.423e-01        0
      36        50   -4.755780e+04   0.000e+00   7.983e+00   1.204e-01        0
      37        51   -4.755765e+04   0.000e+00   3.323e+00   2.065e-02        0
      38        52   -4.755754e+04   0.000e+00   5.723e+00   1.357e-02        0
      39        53   -4.755742e+04   0.000e+00   4.890e+00   2.367e-02        0
      40        54   -4.755739e+04   0.000e+00   1.091e+00   2.098e-02        0
      41        55   -4.755739e+04   0.000e+00   2.205e-01   9.719e-03        0
      42        56   -4.755739e+04   0.000e+00   6.301e-01   3.797e-03        0
      43        57   -4.755738e+04   0.000e+00   9.072e-01   6.471e-03        0
      44        58   -4.755738e+04   0.000e+00   1.107e+00   8.270e-03        0
      45        59   -4.755737e+04   0.000e+00   7.573e-01   1.255e-02        0
      46        60   -4.755736e+04   0.000e+00   2.391e-01   1.758e-02        0
      47        61   -4.755734e+04   0.000e+00   7.420e-01   2.695e-02        0
      48        62   -4.755731e+04   0.000e+00   1.513e+00   4.521e-02        0
      49        63   -4.755726e+04   0.000e+00   1.491e+00   7.807e-02        0
      50        64   -4.755719e+04   0.000e+00   2.645e-02   1.031e-01        0
      51        65   -4.755713e+04   0.000e+00   1.199e+00   8.824e-02        0
      52        66   -4.755709e+04   0.000e+00   1.207e+00   5.296e-02        0
      53        67   -4.755708e+04   0.000e+00   5.204e-01   3.164e-02        0
      54        68   -4.755707e+04   0.000e+00   2.493e-01   8.672e-03        0
      55        69   -4.755706e+04   0.000e+00   2.232e+00   1.958e-02        0
      56        70   -4.755706e+04   0.000e+00   2.528e-01   1.300e-02        0
      57        71   -4.755706e+04   0.000e+00   1.478e-01   2.034e-03        0
      58        72   -4.755706e+04   0.000e+00   9.348e-02   1.689e-03        0
      59        73   -4.755706e+04   0.000e+00   2.259e-02   1.572e-03        0
      60        74   -4.755706e+04   0.000e+00   2.085e-02   8.853e-04        0
      61        78   -4.755706e+04   0.000e+00   2.110e-02   6.022e-06        0
      62        81   -4.755706e+04   0.000e+00   2.143e-02   6.626e-06        0
      63        82   -4.755706e+04   0.000e+00   2.747e-02   3.309e-04        0
      64        83   -4.755706e+04   0.000e+00   2.128e-02   1.212e-04        0
      65        88   -4.755706e+04   0.000e+00   3.456e-03   2.078e-09        1
      66        97   -4.755706e+04   0.000e+00   3.524e-06   1.550e-08       10
      67        98   -4.755706e+04   0.000e+00   1.023e-04   2.228e-04        0
      68       104   -4.755706e+04   0.000e+00   1.772e-06   3.315e-06       16
      69       105   -4.755706e+04   0.000e+00   9.189e-05   4.239e-05        0
      70       106   -4.755706e+04   0.000e+00   4.151e-06   2.153e-05        0
      71       107   -4.755706e+04   0.000e+00   2.055e-06   5.066e-06        0
      72       108   -4.755706e+04   0.000e+00   3.211e-06   4.996e-06        0
      73       109   -4.755706e+04   0.000e+00   4.855e-05   1.048e-07        7
      74       110   -4.755706e+04   0.000e+00   2.972e-06   2.914e-11        1
      75       111   -4.755706e+04   0.000e+00   9.093e-05   2.762e-06        0
      76       114   -4.755706e+04   0.000e+00   6.174e-05   6.362e-07        0
      77       115   -4.755706e+04   0.000e+00   4.810e-06   2.542e-06        0
      78       121   -4.755706e+04   0.000e+00   9.754e-06   8.105e-08       14
      79       122   -4.755706e+04   0.000e+00   3.881e-04   1.892e-05        0
      80       124   -4.755706e+04   0.000e+00   2.200e-04   9.038e-06        0
      81       156   -4.755706e+04   0.000e+00   1.694e-04   2.507e-16       39
      82       158   -4.755706e+04   0.000e+00   1.694e-04   2.507e-16        0
      83       163   -4.755706e+04   0.000e+00   1.696e-04   5.015e-16        1

EXIT: Primal feasible solution; terminate because the relative change in
      solution estimate < xtol for 3 consecutive iterations.

Final Statistics
----------------
Final objective value               =  -4.75570609115601e+04
Final feasibility error (abs / rel) =   0.00e+00 / 0.00e+00
Final optimality error  (abs / rel) =   1.70e-04 / 1.70e-04
# of iterations                     =         83 
# of CG iterations                  =         89 
# of function evaluations           =        163
# of gradient evaluations           =         84
Total program time (secs)           =   19705.33008 (371822.531 CPU time)
Time spent in evaluations (secs)    =   19652.27344

Solution Vector
---------------
x[       0] =   6.76946257916e+00
x[       1] =   6.27514251051e+00
x[       2] =   6.12612554073e+00
x[       3] =   6.41433164049e+00
x[       4] =   6.03147883178e+00
x[       5] =   6.16868020654e+00
x[       6] =   6.36661753929e+00
x[       7] =  -4.08687778081e+00
x[       8] =  -1.72076188734e+00
x[       9] =  -1.56122482621e+00
x[      10] =  -1.97134275004e-02
x[      11] =   1.33583824503e-03
x[      12] =   3.53099630968e+00
x[      13] =   2.94804716010e+00
x[      14] =   2.27852491878e+00
x[      15] =   8.08775511742e-01
x[      16] =   1.08895510994e+00
x[      17] =   1.03906666997e+00
x[      18] =   1.18062496299e+00
x[      19] =   1.42456784024e+00
x[      20] =   1.02442964916e+00
x[      21] =   1.36560698663e+00
x[      22] =   6.69960979402e-01

===============================================================================

