
Solving from new start point (number 38 of 42) <multistart>.


=======================================
*** NO CHECK MADE FOR LICENSE ***
         Artelys Knitro 12.3.0
=======================================

Knitro presolve eliminated 0 variables and 0 constraints.

algorithm:               4
bar_maxcrossit:          3
datacheck:               0
feastol:                 1e-08
hessopt:                 2
maxtime_cpu:             9.93458e+07
maxtime_real:            9.9966e+07
opttol:                  1e-08
outlev:                  5
outmode:                 2
par_concurrent_evals:    0
The problem is identified as bound constrained only.
Knitro changing act_qpalg from AUTO to 3.
Knitro changing honorbnds from AUTO to -1.
Knitro changing linesearch from AUTO to 2.
Knitro changing linsolver from AUTO to 4.

Problem Characteristics                                 (   Presolved)
-----------------------
Objective goal:  Maximize
Objective type:  general
Number of variables:                                 23 (          23)
    bounded below only:                               0 (           0)
    bounded above only:                               0 (           0)
    bounded below and above:                         23 (          23)
    fixed:                                            0 (           0)
    free:                                             0 (           0)
Number of constraints:                                0 (           0)
    linear equalities:                                0 (           0)
    quadratic equalities:                             0 (           0)
    gen. nonlinear equalities:                        0 (           0)
    linear one-sided inequalities:                    0 (           0)
    quadratic one-sided inequalities:                 0 (           0)
    gen. nonlinear one-sided inequalities:            0 (           0)
    linear two-sided inequalities:                    0 (           0)
    quadratic two-sided inequalities:                 0 (           0)
    gen. nonlinear two-sided inequalities:            0 (           0)
Number of nonzeros in Jacobian:                       0 (           0)
Number of nonzeros in Hessian:                        0 (         276)

Knitro using the Sequential Quadratic Programming (SQP) algorithm.

  Iter     fCount     Objective      FeasError   OptError    ||Step||    CGits 
--------  --------  --------------  ----------  ----------  ----------  -------
       0         1   -8.740454e+04   0.000e+00
       1         2   -5.887276e+04   0.000e+00   4.250e+00   1.514e-01        0
       2         3   -5.451542e+04   0.000e+00   1.150e+01   7.119e-01        0
       3         4   -5.342515e+04   0.000e+00   6.329e+00   4.714e-02        0
       4         5   -5.281721e+04   1.735e-18   1.236e+00   3.309e-02        0
       5         6   -5.263796e+04   0.000e+00   7.338e-01   4.604e-02        0
       6         7   -5.247701e+04   0.000e+00   1.814e+00   5.955e-02        0
       7         8   -5.218010e+04   0.000e+00   1.911e+00   1.548e-01        0
       8         9   -5.208166e+04   0.000e+00   9.348e-01   8.601e-02        0
       9        10   -5.203543e+04   0.000e+00   2.234e-01   2.155e-02        0
      10        11   -5.194974e+04   0.000e+00   1.154e+00   4.450e-02        0
      11        12   -5.187268e+04   0.000e+00   2.009e+00   6.543e-02        0
      12        13   -5.174042e+04   0.000e+00   2.758e+00   1.494e-01        0
      13        14   -5.163927e+04   0.000e+00   2.250e+00   1.040e-01        0
      14        15   -5.152107e+04   0.000e+00   6.109e-01   4.625e-02        0
      15        16   -5.138815e+04   0.000e+00   8.925e-01   4.404e-02        0
      16        17   -5.111795e+04   0.000e+00   2.363e+00   1.332e-01        0
      17        18   -5.067959e+04   0.000e+00   2.955e+00   2.915e-01        0
      18        19   -5.036600e+04   0.000e+00   2.489e+00   3.146e-01        0
      19        20   -5.022316e+04   0.000e+00   1.637e+00   1.541e-01        0
      20        21   -5.014222e+04   0.000e+00   8.519e-02   6.831e-02        0
      21        22   -5.013159e+04   0.000e+00   2.013e-01   1.742e-02        0
      22        23   -5.009641e+04   0.000e+00   7.895e-01   7.783e-02        0
      23        24   -5.006678e+04   0.000e+00   8.423e-01   4.790e-02        0
      24        25   -4.999132e+04   0.000e+00   4.815e-01   9.091e-02        0
      25        26   -4.987622e+04   0.000e+00   1.766e-01   9.238e-02        0
      26        27   -4.967130e+04   0.000e+00   1.148e+00   2.141e-01        0
      27        28   -4.960870e+04   0.000e+00   8.927e-01   1.271e-01        0
      28        29   -4.957408e+04   0.000e+00   8.907e-02   4.167e-02        0
      29        30   -4.954666e+04   0.000e+00   3.752e-01   5.302e-02        0
      30        31   -4.950946e+04   0.000e+00   6.562e-01   5.361e-02        0
      31        32   -4.938056e+04   0.000e+00   1.174e+00   1.571e-01        0
      32        33   -4.925947e+04   0.000e+00   9.761e-01   1.478e-01        0
      33        34   -4.922953e+04   0.000e+00   2.036e-01   6.261e-02        0
      34        35   -4.921932e+04   0.000e+00   2.450e-01   2.836e-02        0
      35        36   -4.920368e+04   0.000e+00   6.500e-01   4.456e-02        0
      36        37   -4.916432e+04   0.000e+00   1.240e+00   1.351e-01        0
      37        38   -4.911858e+04   0.000e+00   1.370e+00   1.761e-01        0
      38        39   -4.907301e+04   0.000e+00   8.800e-01   1.664e-01        0
      39        40   -4.904043e+04   0.000e+00   7.653e-02   9.050e-02        0
      40        41   -4.901609e+04   0.000e+00   5.495e-01   4.410e-02        0
      41        42   -4.896883e+04   0.000e+00   1.300e+00   8.209e-02        0
      42        43   -4.885763e+04   0.000e+00   2.252e+00   2.018e-01        0
      43        44   -4.867005e+04   0.000e+00   2.781e+00   3.690e-01        0
      44        45   -4.850629e+04   0.000e+00   2.015e+00   3.560e-01        0
      45        46   -4.844615e+04   0.000e+00   9.323e-01   5.760e-02        0
      46        47   -4.841720e+04   0.000e+00   4.584e-02   8.994e-02        0
      47        48   -4.841565e+04   0.000e+00   4.209e-02   2.148e-02        0
      48        49   -4.841435e+04   0.000e+00   8.686e-02   1.772e-02        0
      49        50   -4.841144e+04   0.000e+00   1.210e-01   2.527e-02        0
      50        51   -4.840463e+04   0.000e+00   1.572e-01   3.729e-02        0
      51        52   -4.838724e+04   0.000e+00   1.908e-01   6.477e-02        0
      52        53   -4.834604e+04   0.000e+00   2.238e-01   1.307e-01        0
      53        54   -4.825951e+04   0.000e+00   2.296e-01   2.831e-01        0
      54        55   -4.811138e+04   0.000e+00   1.208e-01   5.359e-01        0
      55        56   -4.795376e+04   0.000e+00   1.224e-01   6.166e-01        0
      56        57   -4.787186e+04   0.000e+00   1.149e-01   2.431e-01        0
      57        58   -4.786131e+04   0.000e+00   1.255e-01   6.442e-02        0
      58        59   -4.785980e+04   0.000e+00   2.993e-02   3.673e-02        0
      59        60   -4.785814e+04   0.000e+00   7.342e-02   8.554e-03        0
      60        61   -4.785228e+04   0.000e+00   3.132e-01   2.541e-02        0
      61        62   -4.784196e+04   0.000e+00   5.509e-01   4.727e-02        0
      62        63   -4.781443e+04   0.000e+00   8.548e-01   1.037e-01        0
      63        64   -4.776402e+04   0.000e+00   9.732e-01   1.927e-01        0
      64        65   -4.771614e+04   0.000e+00   6.459e-01   1.730e-01        0
      65        66   -4.769127e+04   0.000e+00   2.594e-01   1.029e-01        0
      66        67   -4.768458e+04   0.000e+00   6.367e-02   6.700e-02        0
      67        68   -4.768402e+04   0.000e+00   5.004e-03   2.047e-02        0
      68        69   -4.768366e+04   0.000e+00   2.315e-02   5.548e-03        0
      69        70   -4.768269e+04   0.000e+00   7.127e-02   1.079e-02        0
      70        71   -4.768051e+04   0.000e+00   1.578e-01   1.703e-02        0
      71        72   -4.767489e+04   0.000e+00   2.807e-01   3.496e-02        0
      72        73   -4.766173e+04   0.000e+00   4.650e-01   7.462e-02        0
      73        74   -4.763672e+04   0.000e+00   5.810e-01   1.482e-01        0
      74        75   -4.761145e+04   0.000e+00   4.585e-01   1.787e-01        0
      75        76   -4.760179e+04   0.000e+00   1.643e-01   5.741e-02        0
      76        77   -4.759862e+04   0.000e+00   8.786e-04   4.435e-02        0
      77        78   -4.759827e+04   0.000e+00   2.655e-02   1.178e-02        0
      78        79   -4.759816e+04   0.000e+00   1.066e-02   3.991e-03        0
      79        80   -4.759788e+04   0.000e+00   1.587e-02   6.479e-03        0
      80        81   -4.759720e+04   0.000e+00   6.786e-02   1.067e-02        0
      81        82   -4.759566e+04   0.000e+00   1.282e-01   2.065e-02        0
      82        83   -4.759275e+04   0.000e+00   1.954e-01   3.281e-02        0
      83        84   -4.758905e+04   0.000e+00   1.893e-01   4.232e-02        0
      84        85   -4.758669e+04   0.000e+00   1.072e-01   3.210e-02        0
      85        86   -4.758610e+04   0.000e+00   1.178e-02   1.537e-02        0
      86        87   -4.758603e+04   0.000e+00   4.455e-03   6.416e-03        0
      87        88   -4.758601e+04   0.000e+00   7.380e-03   2.178e-03        0
      88        89   -4.758591e+04   0.000e+00   1.102e-02   4.487e-03        0
      89        90   -4.758567e+04   0.000e+00   1.528e-02   6.389e-03        0
      90        91   -4.758508e+04   0.000e+00   2.169e-02   1.006e-02        0
      91        92   -4.758382e+04   0.000e+00   2.841e-02   1.997e-02        0
      92        93   -4.758174e+04   0.000e+00   3.029e-02   4.045e-02        0
      93        94   -4.757970e+04   0.000e+00   2.603e-02   5.660e-02        0
      94        95   -4.757886e+04   0.000e+00   8.578e-03   3.458e-02        0
      95        96   -4.757874e+04   0.000e+00   9.871e-04   7.899e-03        0
      96        97   -4.757873e+04   0.000e+00   3.608e-04   2.526e-03        0
      97        98   -4.757872e+04   0.000e+00   1.154e-03   1.587e-03        0
      98        99   -4.757868e+04   0.000e+00   2.112e-03   3.748e-03        0
      99       100   -4.757860e+04   0.000e+00   3.974e-03   5.112e-03        0
     100       101   -4.757838e+04   0.000e+00   5.873e-03   8.594e-03        0
     101       102   -4.757793e+04   0.000e+00   8.570e-03   1.553e-02        0
     102       103   -4.757722e+04   0.000e+00   8.683e-03   2.825e-02        0
     103       104   -4.757662e+04   0.000e+00   4.561e-03   3.317e-02        0
     104       105   -4.757639e+04   0.000e+00   1.463e-03   1.961e-02        0
     105       106   -4.757636e+04   0.000e+00   6.042e-04   5.094e-03        0
     106       107   -4.757636e+04   0.000e+00   9.287e-05   1.665e-03        0
     107       108   -4.757635e+04   0.000e+00   1.251e-04   1.676e-03        0
     108       109   -4.757632e+04   0.000e+00   3.792e-04   3.017e-03        0
     109       110   -4.757627e+04   0.000e+00   1.162e-03   4.552e-03        0
     110       111   -4.757612e+04   0.000e+00   2.218e-03   7.280e-03        0
     111       112   -4.757582e+04   0.000e+00   3.511e-03   1.402e-02        0
     112       113   -4.757530e+04   0.000e+00   4.545e-03   2.734e-02        0
     113       114   -4.757479e+04   0.000e+00   4.686e-03   3.648e-02        0
     114       115   -4.757457e+04   0.000e+00   2.163e-03   2.322e-02        0
     115       116   -4.757453e+04   0.000e+00   2.861e-04   6.001e-03        0
     116       117   -4.757453e+04   0.000e+00   7.149e-05   1.799e-03        0
     117       118   -4.757453e+04   0.000e+00   1.267e-04   1.078e-03        0
     118       119   -4.757453e+04   0.000e+00   1.289e-04   1.613e-03        0
     119       120   -4.757451e+04   0.000e+00   1.649e-04   2.805e-03        0
     120       121   -4.757449e+04   0.000e+00   1.347e-04   4.239e-03        0
     121       122   -4.757441e+04   0.000e+00   1.312e-04   6.688e-03        0
     122       123   -4.757422e+04   0.000e+00   1.762e-05   1.416e-02        0
     123       124   -4.757381e+04   0.000e+00   4.705e-04   3.195e-02        0
     124       125   -4.757305e+04   0.000e+00   2.325e-03   6.817e-02        0
     125       126   -4.757214e+04   0.000e+00   3.207e-03   9.766e-02        0
     126       127   -4.757160e+04   0.000e+00   1.389e-03   7.285e-02        0
     127       128   -4.757150e+04   0.000e+00   1.092e-03   1.578e-02        0
     128       129   -4.757150e+04   0.000e+00   9.652e-04   6.305e-03        0
     129       130   -4.757150e+04   0.000e+00   4.205e-04   2.485e-03        0
     130       131   -4.757149e+04   0.000e+00   2.448e-03   2.978e-03        0
     131       132   -4.757147e+04   0.000e+00   8.192e-03   8.110e-03        0
     132       133   -4.757142e+04   0.000e+00   1.502e-02   8.378e-03        0
     133       134   -4.757129e+04   0.000e+00   2.779e-02   1.284e-02        0
     134       135   -4.757098e+04   0.000e+00   4.509e-02   1.783e-02        0
     135       136   -4.757024e+04   0.000e+00   6.780e-02   5.048e-02        0
     136       137   -4.756887e+04   0.000e+00   8.817e-02   1.283e-01        0
     137       138   -4.756704e+04   0.000e+00   9.462e-02   2.279e-01        0
     138       139   -4.756577e+04   0.000e+00   7.094e-02   2.215e-01        0
     139       140   -4.756537e+04   0.000e+00   1.746e-02   4.971e-02        0
     140       141   -4.756533e+04   0.000e+00   1.568e-03   1.154e-02        0
     141       142   -4.756533e+04   0.000e+00   1.040e-03   5.112e-03        0
     142       143   -4.756533e+04   0.000e+00   1.442e-03   2.981e-03        0
     143       144   -4.756531e+04   0.000e+00   2.091e-03   4.895e-03        0
     144       145   -4.756525e+04   0.000e+00   6.962e-03   2.297e-02        0
     145       146   -4.756514e+04   0.000e+00   1.017e-02   1.719e-02        0
     146       147   -4.756481e+04   0.000e+00   1.660e-02   2.607e-02        0
     147       148   -4.756411e+04   0.000e+00   2.372e-02   4.814e-02        0
     148       149   -4.756282e+04   0.000e+00   2.441e-02   1.323e-01        0
     149       150   -4.756128e+04   0.000e+00   6.697e-03   2.386e-01        0
     150       151   -4.756039e+04   0.000e+00   3.968e-03   2.107e-01        0
     151       152   -4.756023e+04   0.000e+00   3.250e-03   4.565e-02        0
     152       153   -4.756022e+04   0.000e+00   1.285e-03   8.582e-03        0
     153       154   -4.756022e+04   0.000e+00   8.670e-04   4.716e-03        0
     154       155   -4.756022e+04   0.000e+00   6.775e-04   3.568e-03        0
     155       156   -4.756022e+04   0.000e+00   3.341e-03   3.716e-03        0
     156       157   -4.756021e+04   0.000e+00   9.150e-03   3.776e-03        0
     157       158   -4.756018e+04   0.000e+00   2.181e-02   1.227e-02        0
     158       159   -4.756012e+04   0.000e+00   3.548e-02   1.213e-02        0
     159       160   -4.755998e+04   0.000e+00   5.633e-02   1.666e-02        0
     160       161   -4.755974e+04   0.000e+00   7.095e-02   2.692e-02        0
     161       162   -4.755944e+04   0.000e+00   6.138e-02   3.719e-02        0
     162       163   -4.755918e+04   0.000e+00   3.962e-02   9.159e-02        0
     163       164   -4.755909e+04   0.000e+00   1.008e-02   8.810e-02        0
     164       165   -4.755908e+04   0.000e+00   2.782e-04   1.649e-02        0
     165       166   -4.755908e+04   0.000e+00   2.176e-04   2.411e-03        0
     166       169   -4.755908e+04   0.000e+00   2.065e-04   8.387e-06        0
     167       170   -4.755908e+04   0.000e+00   6.212e-04   3.067e-04        0
     168       171   -4.755908e+04   0.000e+00   1.136e-03   3.039e-04        0
     169       172   -4.755908e+04   0.000e+00   2.151e-03   4.869e-04        0
     170       173   -4.755907e+04   0.000e+00   3.951e-03   9.799e-04        0
     171       174   -4.755907e+04   0.000e+00   6.581e-03   1.939e-03        0
     172       175   -4.755906e+04   0.000e+00   1.021e-02   3.904e-03        0
     173       176   -4.755903e+04   0.000e+00   1.443e-02   1.017e-02        0
     174       177   -4.755900e+04   0.000e+00   1.474e-02   1.593e-02        0
     175       178   -4.755896e+04   0.000e+00   8.705e-03   1.614e-02        0
     176       179   -4.755895e+04   0.000e+00   2.546e-03   9.882e-03        0
     177       180   -4.755895e+04   0.000e+00   2.473e-04   2.782e-03        0
     178       181   -4.755895e+04   0.000e+00   1.438e-04   9.689e-04        0
     179       182   -4.755895e+04   0.000e+00   2.864e-04   5.929e-04        0
     180       183   -4.755895e+04   0.000e+00   6.030e-04   1.136e-03        0
     181       184   -4.755895e+04   0.000e+00   1.087e-03   1.511e-03        0
     182       185   -4.755895e+04   0.000e+00   1.970e-03   1.573e-03        0
     183       186   -4.755894e+04   0.000e+00   4.559e-03   4.718e-03        0
     184       187   -4.755892e+04   0.000e+00   7.179e-03   5.351e-03        0
     185       188   -4.755885e+04   0.000e+00   1.208e-02   1.931e-02        0
     186       189   -4.755873e+04   0.000e+00   1.842e-02   4.765e-02        0
     187       190   -4.755844e+04   0.000e+00   3.013e-02   1.326e-01        0
     188       191   -4.755808e+04   0.000e+00   4.540e-02   2.077e-01        0
     189       192   -4.755774e+04   0.000e+00   3.149e-02   2.028e-01        0
     190       193   -4.755756e+04   0.000e+00   8.207e-03   9.561e-02        0
     191       194   -4.755754e+04   0.000e+00   9.285e-03   4.858e-02        0
     192       195   -4.755754e+04   0.000e+00   5.812e-03   1.731e-02        0
     193       196   -4.755754e+04   0.000e+00   9.395e-04   8.555e-03        0
     194       197   -4.755754e+04   0.000e+00   1.288e-03   1.262e-02        0
     195       199   -4.755753e+04   0.000e+00   1.033e-03   6.307e-03        0
     196       200   -4.755753e+04   0.000e+00   5.000e-04   4.234e-03        0
     197       201   -4.755753e+04   0.000e+00   1.547e-03   4.221e-03        0
     198       202   -4.755753e+04   0.000e+00   5.485e-03   4.219e-03        0
     199       203   -4.755752e+04   0.000e+00   1.358e-02   1.774e-02        0
     200       204   -4.755750e+04   0.000e+00   2.152e-02   1.786e-02        0
     201       205   -4.755744e+04   0.000e+00   3.473e-02   5.382e-02        0
     202       206   -4.755735e+04   0.000e+00   4.389e-02   5.494e-02        0
     203       207   -4.755718e+04   0.000e+00   2.888e-02   1.602e-01        0
     204       208   -4.755714e+04   0.000e+00   1.732e-02   1.485e-01        0
     205       209   -4.755710e+04   0.000e+00   2.882e-02   1.657e-01        0
     206       210   -4.755708e+04   0.000e+00   1.853e-02   2.474e-02        0
     207       211   -4.755707e+04   0.000e+00   7.004e-03   7.313e-03        0
     208       212   -4.755706e+04   0.000e+00   9.451e-04   1.900e-02        0
     209       213   -4.755706e+04   0.000e+00   1.339e-03   2.098e-02        0
     210       214   -4.755706e+04   0.000e+00   5.675e-04   7.206e-03        0
     211       220   -4.755706e+04   0.000e+00   9.797e-06   2.510e-08        2
     212       221   -4.755706e+04   0.000e+00   5.213e-07   2.585e-04        0
     213       222   -4.755706e+04   0.000e+00   5.282e-07   7.503e-04        0
     214       223   -4.755706e+04   0.000e+00   5.274e-07   4.400e-04        0
     215       224   -4.755706e+04   0.000e+00   1.002e-06   4.421e-04        0
     216       225   -4.755706e+04   0.000e+00   3.583e-06   1.260e-03        0
     217       226   -4.755706e+04   0.000e+00   7.395e-06   1.262e-03        0
     218       227   -4.755706e+04   0.000e+00   4.983e-07   1.263e-03        0
     219       228   -4.755706e+04   0.000e+00   1.424e-05   2.487e-03        0
     220       229   -4.755706e+04   0.000e+00   2.890e-06   2.486e-03        0
     221       230   -4.755706e+04   0.000e+00   3.622e-05   1.638e-03        0
     222       231   -4.755706e+04   0.000e+00   1.155e-06   1.637e-03        0
     223       232   -4.755706e+04   0.000e+00   1.447e-04   2.341e-03        0
     224       233   -4.755706e+04   0.000e+00   8.946e-05   6.635e-03        0
     225       235   -4.755706e+04   0.000e+00   3.054e-05   3.317e-03        0
     226       236   -4.755706e+04   0.000e+00   2.059e-06   5.939e-09        1
     227       237   -4.755706e+04   0.000e+00   5.093e-05   7.078e-04        0
     228       238   -4.755706e+04   0.000e+00   2.859e-05   5.860e-04        0
     229       239   -4.755706e+04   0.000e+00   8.005e-08   1.292e-09        1
     230       240   -4.755706e+04   0.000e+00   1.250e-06   7.120e-04        0
     231       241   -4.755706e+04   0.000e+00   1.299e-07   5.630e-11        1
     232       243   -4.755706e+04   0.000e+00   6.419e-06   4.232e-05        0
     233       267   -4.755706e+04   0.000e+00   6.288e-06   2.948e-16       20
     234       269   -4.755706e+04   0.000e+00   6.288e-06   2.948e-16        0
     235       271   -4.755706e+04   0.000e+00   4.612e-06   1.147e-07        0
     236       272   -4.755706e+04   0.000e+00   1.123e-08   2.164e-07        0
     237       277   -4.755706e+04   0.000e+00   7.745e-08   4.327e-07        4
     238       279   -4.755706e+04   0.000e+00   5.394e-08   3.029e-06        0
     239       292   -4.755706e+04   0.000e+00   9.514e-10   2.366e-08       42

EXIT: Locally optimal solution found.

Final Statistics
----------------
Final objective value               =  -4.75570609154164e+04
Final feasibility error (abs / rel) =   0.00e+00 / 0.00e+00
Final optimality error  (abs / rel) =   9.51e-10 / 9.51e-10
# of iterations                     =        239 
# of CG iterations                  =         71 
# of function evaluations           =        292
# of gradient evaluations           =        240
Total program time (secs)           =   22411.93359 (361683.250 CPU time)
Time spent in evaluations (secs)    =   22256.87500

Solution Vector
---------------
x[       0] =   6.76943373964e+00
x[       1] =   6.27511937102e+00
x[       2] =   6.12610108491e+00
x[       3] =   6.41430300638e+00
x[       4] =   6.03144709642e+00
x[       5] =   6.16865349364e+00
x[       6] =   6.36658522438e+00
x[       7] =  -4.08687844873e+00
x[       8] =  -1.72075557847e+00
x[       9] =  -1.56123967362e+00
x[      10] =  -1.97133449424e-02
x[      11] =   1.33583397990e-03
x[      12] =   3.53104434561e+00
x[      13] =   2.94808044472e+00
x[      14] =   2.27854233416e+00
x[      15] =   8.08778846249e-01
x[      16] =   1.08895382277e+00
x[      17] =   1.03906591118e+00
x[      18] =   1.18062507769e+00
x[      19] =   1.42456984154e+00
x[      20] =   1.02442939133e+00
x[      21] =   1.36560893609e+00
x[      22] =   6.69960220228e-01

===============================================================================

