
Solving from new start point (number 7 of 42) <multistart>.


=======================================
*** NO CHECK MADE FOR LICENSE ***
         Artelys Knitro 12.3.0
=======================================

Knitro presolve eliminated 0 variables and 0 constraints.

algorithm:               4
bar_maxcrossit:          3
datacheck:               0
feastol:                 1e-08
hessopt:                 2
maxtime_cpu:             9.99995e+07
maxtime_real:            9.99998e+07
opttol:                  1e-08
outlev:                  5
outmode:                 2
par_concurrent_evals:    0
The problem is identified as bound constrained only.
Knitro changing act_qpalg from AUTO to 3.
Knitro changing honorbnds from AUTO to -1.
Knitro changing linesearch from AUTO to 2.
Knitro changing linsolver from AUTO to 4.

Problem Characteristics                                 (   Presolved)
-----------------------
Objective goal:  Maximize
Objective type:  general
Number of variables:                                 23 (          23)
    bounded below only:                               0 (           0)
    bounded above only:                               0 (           0)
    bounded below and above:                         23 (          23)
    fixed:                                            0 (           0)
    free:                                             0 (           0)
Number of constraints:                                0 (           0)
    linear equalities:                                0 (           0)
    quadratic equalities:                             0 (           0)
    gen. nonlinear equalities:                        0 (           0)
    linear one-sided inequalities:                    0 (           0)
    quadratic one-sided inequalities:                 0 (           0)
    gen. nonlinear one-sided inequalities:            0 (           0)
    linear two-sided inequalities:                    0 (           0)
    quadratic two-sided inequalities:                 0 (           0)
    gen. nonlinear two-sided inequalities:            0 (           0)
Number of nonzeros in Jacobian:                       0 (           0)
Number of nonzeros in Hessian:                        0 (         276)

Knitro using the Sequential Quadratic Programming (SQP) algorithm.

  Iter     fCount     Objective      FeasError   OptError    ||Step||    CGits 
--------  --------  --------------  ----------  ----------  ----------  -------
       0         1   -7.272789e+05   0.000e+00
       1         2   -3.140751e+05   6.939e-18   3.365e+01   8.083e-01        0
       2         4   -3.076468e+05   0.000e+00   1.095e+01   2.222e-01        0
       3         5   -2.992524e+05   0.000e+00   3.971e+00   1.291e-01        0
       4         7   -2.976657e+05   0.000e+00   1.910e+01   1.493e-01        0
       5         8   -2.946536e+05   0.000e+00   1.031e-01   2.636e-02        0
       6         9   -2.922335e+05   0.000e+00   3.999e+00   1.217e-01        0
       7        10   -2.907054e+05   0.000e+00   6.387e+00   1.375e-01        0
       8        11   -2.893341e+05   0.000e+00   4.836e-02   1.391e-01        0
       9        12   -2.883057e+05   0.000e+00   2.944e+00   1.176e-01        0
      10        13   -2.869547e+05   0.000e+00   1.047e+00   1.329e-01        0
      11        14   -2.857034e+05   0.000e+00   1.844e-01   1.493e-01        0
      12        15   -2.852793e+05   0.000e+00   7.676e-03   7.729e-02        0
      13        16   -2.848251e+05   0.000e+00   1.916e-02   8.839e-02        0
      14        17   -2.838143e+05   0.000e+00   2.807e-02   1.905e-01        0
      15        18   -2.823902e+05   0.000e+00   5.184e-02   2.679e-01        0
      16        19   -2.807668e+05   0.000e+00   5.643e-02   2.438e-01        0
      17        20   -2.800682e+05   0.000e+00   1.509e-02   9.248e-02        0
      18        21   -2.798166e+05   0.000e+00   1.785e+00   5.580e-02        0
      19        22   -2.794600e+05   0.000e+00   1.684e+00   1.165e-01        0
      20        23   -2.787027e+05   0.000e+00   6.533e-02   1.752e-01        0
      21        25   -2.776441e+05   0.000e+00   1.040e+01   8.499e-01        0
      22        26   -2.734324e+05   0.000e+00   8.160e-02   5.784e-01        0
      23        27   -2.717047e+05   0.000e+00   1.884e+00   2.235e-01        0
      24        28   -2.710747e+05   0.000e+00   1.815e+00   3.770e-01        0
      25        29   -2.708354e+05   0.000e+00   1.013e-01   7.557e-02        0
      26        31   -2.706204e+05   0.000e+00   1.054e+00   1.430e-01        0
      27        32   -2.701877e+05   0.000e+00   2.654e+00   4.997e-02        0
      28        33   -2.685340e+05   0.000e+00   9.533e-03   4.055e-01        0
      29        34   -2.676962e+05   0.000e+00   2.349e-02   3.365e-01        0
      30        35   -2.675011e+05   0.000e+00   1.886e-02   1.011e-01        0
      31        36   -2.674460e+05   0.000e+00   3.539e-03   2.975e-02        0
      32        37   -2.673890e+05   0.000e+00   1.310e-01   2.369e-02        0
      33        38   -2.672673e+05   0.000e+00   1.069e+00   4.905e-02        0
      34        39   -2.670661e+05   0.000e+00   1.845e+00   8.983e-02        0
      35        40   -2.668386e+05   0.000e+00   1.641e+00   1.129e-01        0
      36        41   -2.667086e+05   0.000e+00   3.757e-01   6.656e-02        0
      37        42   -2.666832e+05   0.000e+00   1.390e-03   1.765e-02        0
      38        43   -2.666739e+05   0.000e+00   4.415e-03   6.969e-03        0
      39        44   -2.666409e+05   0.000e+00   1.732e-02   2.257e-02        0
      40        45   -2.665840e+05   0.000e+00   2.958e-02   4.383e-02        0
      41        46   -2.664922e+05   0.000e+00   3.550e-02   8.777e-02        0
      42        47   -2.664145e+05   0.000e+00   2.532e-02   9.837e-02        0
      43        48   -2.663833e+05   0.000e+00   8.787e-03   5.494e-02        0
      44        49   -2.663777e+05   0.000e+00   6.773e-04   1.016e-02        0
      45        50   -2.663754e+05   0.000e+00   2.621e-03   5.884e-03        0
      46        51   -2.663704e+05   0.000e+00   4.532e-02   9.858e-03        0
      47        52   -2.663607e+05   0.000e+00   2.661e-01   1.556e-02        0
      48        53   -2.663445e+05   0.000e+00   3.953e-01   2.930e-02        0
      49        54   -2.663291e+05   0.000e+00   2.227e-01   3.988e-02        0
      50        55   -2.663220e+05   0.000e+00   3.192e-03   2.859e-02        0
      51        56   -2.663200e+05   0.000e+00   8.970e-04   1.076e-02        0
      52        57   -2.663185e+05   0.000e+00   3.181e-03   6.251e-03        0
      53        58   -2.663146e+05   0.000e+00   6.499e-03   1.177e-02        0
      54        59   -2.663066e+05   0.000e+00   1.022e-02   2.257e-02        0
      55        60   -2.662924e+05   0.000e+00   1.255e-02   4.269e-02        0
      56        61   -2.662772e+05   0.000e+00   9.929e-03   5.403e-02        0
      57        62   -2.662695e+05   0.000e+00   3.687e-03   3.389e-02        0
      58        63   -2.662679e+05   0.000e+00   2.253e-04   9.166e-03        0
      59        64   -2.662674e+05   0.000e+00   1.013e-03   4.272e-03        0
      60        65   -2.662667e+05   0.000e+00   2.001e-03   5.131e-03        0
      61        66   -2.662649e+05   0.000e+00   3.255e-03   7.673e-03        0
      62        67   -2.662615e+05   0.000e+00   4.282e-03   1.362e-02        0
      63        68   -2.662570e+05   0.000e+00   3.926e-03   2.466e-02        0
      64        69   -2.662538e+05   0.000e+00   1.864e-03   2.738e-02        0
      65        70   -2.662527e+05   0.000e+00   2.541e-04   1.507e-02        0
      66        71   -2.662522e+05   0.000e+00   8.098e-04   5.917e-03        0
      67        72   -2.662513e+05   0.000e+00   1.670e-03   6.995e-03        0
      68        73   -2.662493e+05   0.000e+00   2.807e-03   1.324e-02        0
      69        74   -2.662452e+05   0.000e+00   3.946e-03   2.577e-02        0
      70        75   -2.662391e+05   0.000e+00   4.149e-03   4.138e-02        0
      71        76   -2.662340e+05   0.000e+00   2.582e-03   3.975e-02        0
      72        77   -2.662322e+05   0.000e+00   6.591e-04   1.623e-02        0
      73        78   -2.662319e+05   0.000e+00   1.616e-04   5.594e-03        0
      74        79   -2.662317e+05   0.000e+00   3.473e-04   3.204e-03        0
      75        80   -2.662313e+05   0.000e+00   8.024e-04   5.610e-03        0
      76        81   -2.662302e+05   0.000e+00   1.427e-03   7.838e-03        0
      77        82   -2.662277e+05   0.000e+00   2.307e-03   1.644e-02        0
      78        83   -2.662224e+05   0.000e+00   3.184e-03   3.939e-02        0
      79        84   -2.662144e+05   0.000e+00   3.317e-03   7.685e-02        0
      80        85   -2.662073e+05   0.000e+00   2.029e-03   8.958e-02        0
      81        86   -2.662043e+05   0.000e+00   5.019e-04   4.730e-02        0
      82        87   -2.662033e+05   0.000e+00   4.769e-04   1.197e-02        0
      83        88   -2.662022e+05   0.000e+00   1.037e-03   8.564e-03        0
      84        89   -2.661995e+05   0.000e+00   1.859e-03   1.656e-02        0
      85        90   -2.661945e+05   0.000e+00   2.567e-03   3.775e-02        0
      86        91   -2.661877e+05   0.000e+00   2.464e-03   6.860e-02        0
      87        92   -2.661828e+05   0.000e+00   1.304e-03   6.884e-02        0
      88        93   -2.661811e+05   0.000e+00   2.557e-04   2.959e-02        0
      89        94   -2.661805e+05   0.000e+00   2.400e-04   6.882e-03        0
      90        95   -2.661795e+05   0.000e+00   6.690e-04   7.046e-03        0
      91        96   -2.661772e+05   0.000e+00   1.387e-03   1.664e-02        0
      92        97   -2.661720e+05   0.000e+00   3.634e-02   4.324e-02        0
      93        98   -2.661622e+05   0.000e+00   1.042e-01   9.624e-02        0
      94        99   -2.661499e+05   0.000e+00   1.359e-01   1.488e-01        0
      95       100   -2.661415e+05   0.000e+00   1.221e-01   1.432e-01        0
      96       101   -2.661372e+05   0.000e+00   1.126e-01   1.193e-01        0
      97       102   -2.661333e+05   0.000e+00   7.278e-02   1.351e-01        0
      98       103   -2.661302e+05   0.000e+00   7.690e-03   1.203e-01        0
      99       104   -2.661280e+05   0.000e+00   4.835e-02   6.885e-02        0
     100       105   -2.661258e+05   0.000e+00   8.243e-02   4.161e-02        0
     101       106   -2.661216e+05   0.000e+00   1.065e-01   3.589e-02        0
     102       107   -2.661136e+05   0.000e+00   1.030e-01   5.326e-02        0
     103       108   -2.661054e+05   0.000e+00   5.443e-02   1.036e-01        0
     104       109   -2.661006e+05   0.000e+00   3.567e-03   8.874e-02        0
     105       110   -2.660990e+05   0.000e+00   1.874e-02   3.473e-02        0
     106       111   -2.660983e+05   0.000e+00   3.107e-04   9.761e-03        0
     107       112   -2.660970e+05   0.000e+00   2.855e-04   1.739e-02        0
     108       113   -2.660940e+05   0.000e+00   8.190e-04   4.753e-02        0
     109       114   -2.660877e+05   0.000e+00   1.841e-02   1.180e-01        0
     110       115   -2.660782e+05   0.000e+00   4.526e-02   2.064e-01        0
     111       116   -2.660723e+05   0.000e+00   4.625e-02   4.545e-02        0
     112       117   -2.660704e+05   0.000e+00   7.726e-04   3.238e-02        0
     113       118   -2.660703e+05   0.000e+00   2.925e-04   2.545e-02        0
     114       119   -2.660702e+05   0.000e+00   5.434e-05   6.789e-03        0
     115       120   -2.660702e+05   0.000e+00   1.862e-04   4.843e-03        0
     116       121   -2.660701e+05   0.000e+00   7.330e-04   9.070e-03        0
     117       122   -2.660700e+05   0.000e+00   1.563e-03   1.164e-02        0
     118       123   -2.660696e+05   0.000e+00   2.886e-03   1.525e-02        0
     119       124   -2.660687e+05   0.000e+00   4.384e-03   1.735e-02        0
     120       125   -2.660674e+05   0.000e+00   4.986e-03   2.978e-02        0
     121       126   -2.660663e+05   0.000e+00   3.434e-03   4.723e-02        0
     122       127   -2.660659e+05   0.000e+00   1.152e-03   3.447e-02        0
     123       128   -2.660659e+05   0.000e+00   1.469e-04   9.786e-03        0
     124       129   -2.660659e+05   0.000e+00   5.494e-05   2.337e-03        0
     125       130   -2.660659e+05   0.000e+00   2.299e-04   2.273e-03        0
     126       131   -2.660659e+05   0.000e+00   5.146e-04   2.706e-03        0
     127       132   -2.660658e+05   0.000e+00   1.020e-02   3.644e-03        0
     128       133   -2.660657e+05   0.000e+00   4.225e-02   5.539e-03        0
     129       134   -2.660654e+05   0.000e+00   8.308e-02   9.398e-03        0
     130       135   -2.660650e+05   0.000e+00   1.148e-01   1.971e-02        0
     131       136   -2.660645e+05   0.000e+00   9.261e-02   2.596e-02        0
     132       137   -2.660642e+05   0.000e+00   2.345e-02   1.912e-02        0
     133       138   -2.660641e+05   0.000e+00   1.158e-04   5.432e-03        0
     134       139   -2.660641e+05   0.000e+00   1.505e-04   1.810e-03        0
     135       140   -2.660641e+05   0.000e+00   4.088e-04   1.807e-03        0
     136       141   -2.660640e+05   0.000e+00   8.437e-04   2.781e-03        0
     137       142   -2.660639e+05   0.000e+00   1.481e-03   4.249e-03        0
     138       143   -2.660635e+05   0.000e+00   2.382e-03   1.017e-02        0
     139       144   -2.660626e+05   0.000e+00   3.769e-03   3.340e-02        0
     140       145   -2.660607e+05   0.000e+00   5.130e-03   8.035e-02        0
     141       146   -2.660579e+05   0.000e+00   5.345e-03   1.464e-01        0
     142       147   -2.660556e+05   0.000e+00   3.271e-03   1.465e-01        0
     143       148   -2.660545e+05   0.000e+00   1.157e-03   9.114e-02        0
     144       149   -2.660539e+05   0.000e+00   2.020e-02   1.156e-01        0
     145       150   -2.660537e+05   0.000e+00   2.002e-02   6.796e-02        0
     146       151   -2.660537e+05   0.000e+00   5.242e-03   1.738e-02        0
     147       152   -2.660537e+05   0.000e+00   2.807e-03   9.757e-03        0
     148       153   -2.660536e+05   0.000e+00   1.552e-02   9.770e-03        0
     149       154   -2.660535e+05   0.000e+00   3.717e-02   1.005e-02        0
     150       155   -2.660533e+05   0.000e+00   6.696e-02   2.107e-02        0
     151       156   -2.660530e+05   0.000e+00   8.647e-02   2.473e-02        0
     152       157   -2.660527e+05   0.000e+00   7.190e-02   3.013e-02        0
     153       158   -2.660525e+05   0.000e+00   3.057e-02   1.485e-02        0
     154       159   -2.660525e+05   0.000e+00   4.059e-03   1.031e-02        0
     155       160   -2.660525e+05   0.000e+00   7.418e-05   5.247e-03        0
     156       161   -2.660525e+05   0.000e+00   9.890e-05   4.225e-04        0
     157       162   -2.660525e+05   0.000e+00   1.015e-05   4.043e-04        0
     158       163   -2.660525e+05   0.000e+00   4.297e-08   9.007e-11        1
     159       164   -2.660525e+05   0.000e+00   4.656e-08   4.067e-04        0
     160       165   -2.660525e+05   0.000e+00   6.030e-08   1.207e-04        0
     161       166   -2.660525e+05   0.000e+00   2.409e-08   8.794e-05        0
     162       167   -2.660525e+05   0.000e+00   6.758e-09   5.200e-05        0

EXIT: Locally optimal solution found.

Final Statistics
----------------
Final objective value               =  -2.66052485546311e+05
Final feasibility error (abs / rel) =   0.00e+00 / 0.00e+00
Final optimality error  (abs / rel) =   6.76e-09 / 6.76e-09
# of iterations                     =        162 
# of CG iterations                  =          1 
# of function evaluations           =        167
# of gradient evaluations           =        163
Total program time (secs)           =   12147.59863 (254129.625 CPU time)
Time spent in evaluations (secs)    =   12120.52051

Solution Vector
---------------
x[       0] =   4.52870872386e+00
x[       1] =   3.99270966126e+00
x[       2] =   4.08831156946e+00
x[       3] =   4.77996575489e+00
x[       4] =   4.92161565816e+00
x[       5] =   3.73666096187e+00
x[       6] =   4.92781722486e+00
x[       7] =  -3.26757534512e+00
x[       8] =  -1.49816738702e+00
x[       9] =  -6.66105389421e+00
x[      10] =   1.19153265921e-01
x[      11] =   3.46843859642e-04
x[      12] =   8.04046772157e-01
x[      13] =   1.34883461562e+00
x[      14] =   1.23660655024e+00
x[      15] =   1.21844373445e+00
x[      16] =   9.00866168218e-01
x[      17] =   1.02381809958e+00
x[      18] =   9.96776296553e-01
x[      19] =   9.04608540311e-01
x[      20] =   8.01128618235e-01
x[      21] =   8.26257053504e-01
x[      22] =   1.18407202545e-01

===============================================================================

