
Solving from new start point (number 27 of 42) <multistart>.


=======================================
*** NO CHECK MADE FOR LICENSE ***
         Artelys Knitro 12.3.0
=======================================

Knitro presolve eliminated 0 variables and 0 constraints.

algorithm:               4
bar_maxcrossit:          3
datacheck:               0
feastol:                 1e-08
hessopt:                 2
maxtime_cpu:             9.98421e+07
maxtime_real:            9.99923e+07
opttol:                  1e-08
outlev:                  5
outmode:                 2
par_concurrent_evals:    0
The problem is identified as bound constrained only.
Knitro changing act_qpalg from AUTO to 3.
Knitro changing honorbnds from AUTO to -1.
Knitro changing linesearch from AUTO to 2.
Knitro changing linsolver from AUTO to 4.

Problem Characteristics                                 (   Presolved)
-----------------------
Objective goal:  Maximize
Objective type:  general
Number of variables:                                 23 (          23)
    bounded below only:                               0 (           0)
    bounded above only:                               0 (           0)
    bounded below and above:                         23 (          23)
    fixed:                                            0 (           0)
    free:                                             0 (           0)
Number of constraints:                                0 (           0)
    linear equalities:                                0 (           0)
    quadratic equalities:                             0 (           0)
    gen. nonlinear equalities:                        0 (           0)
    linear one-sided inequalities:                    0 (           0)
    quadratic one-sided inequalities:                 0 (           0)
    gen. nonlinear one-sided inequalities:            0 (           0)
    linear two-sided inequalities:                    0 (           0)
    quadratic two-sided inequalities:                 0 (           0)
    gen. nonlinear two-sided inequalities:            0 (           0)
Number of nonzeros in Jacobian:                       0 (           0)
Number of nonzeros in Hessian:                        0 (         276)

Knitro using the Sequential Quadratic Programming (SQP) algorithm.

  Iter     fCount     Objective      FeasError   OptError    ||Step||    CGits 
--------  --------  --------------  ----------  ----------  ----------  -------
       0         1   -3.227926e+05   0.000e+00
       1         4   -3.130926e+05   0.000e+00   2.050e+01   2.046e-02        0
       2         5   -3.017613e+05   0.000e+00   5.775e-02   2.500e-01        0
       3         6   -3.014505e+05   0.000e+00   9.925e+01   7.632e-01        0
       4         8   -2.958580e+05   0.000e+00   1.659e+01   1.709e-01        0
       5         9   -2.912658e+05   0.000e+00   1.795e+01   5.764e-01        0
       6        10   -2.871367e+05   0.000e+00   8.101e-02   2.424e-01        0
       7        11   -2.843665e+05   0.000e+00   2.538e-01   3.778e-01        0
       8        12   -2.828315e+05   0.000e+00   4.418e+00   8.668e-02        0
       9        13   -2.807669e+05   0.000e+00   6.832e+00   4.544e-01        0
      10        14   -2.792243e+05   0.000e+00   8.204e-02   9.661e-02        0
      11        15   -2.778178e+05   0.000e+00   7.990e-02   1.609e-01        0
      12        16   -2.767632e+05   0.000e+00   9.704e-02   1.402e-01        0
      13        17   -2.753445e+05   0.000e+00   4.144e-02   2.713e-01        0
      14        18   -2.744802e+05   0.000e+00   5.469e+00   2.487e-01        0
      15        19   -2.737580e+05   0.000e+00   1.225e-01   1.976e-01        0
      16        20   -2.729800e+05   0.000e+00   3.197e+00   4.131e-01        0
      17        21   -2.710170e+05   0.000e+00   4.841e+00   2.215e-01        0
      18        22   -2.693356e+05   0.000e+00   4.497e+00   2.709e-01        0
      19        23   -2.688501e+05   0.000e+00   7.886e-02   3.966e-01        0
      20        24   -2.683273e+05   0.000e+00   1.418e-01   1.881e-01        0
      21        25   -2.680233e+05   0.000e+00   1.419e+01   1.823e-01        0
      22        26   -2.675658e+05   0.000e+00   6.011e-02   7.835e-02        0
      23        28   -2.673664e+05   0.000e+00   1.049e-01   8.622e-02        0
      24        29   -2.672601e+05   0.000e+00   2.176e+00   4.460e-02        0
      25        30   -2.672314e+05   0.000e+00   3.425e-01   1.930e-02        0
      26        31   -2.671774e+05   0.000e+00   5.346e-02   3.719e-02        0
      27        32   -2.670765e+05   0.000e+00   1.185e-01   7.498e-02        0
      28        33   -2.669080e+05   0.000e+00   1.600e-01   1.456e-01        0
      29        34   -2.667621e+05   0.000e+00   1.240e-01   1.464e-01        0
      30        35   -2.666842e+05   0.000e+00   4.849e-02   6.999e-02        0
      31        36   -2.666480e+05   0.000e+00   1.309e-02   2.550e-02        0
      32        37   -2.666174e+05   0.000e+00   1.586e+00   2.150e-02        0
      33        38   -2.665498e+05   0.000e+00   4.102e+00   5.920e-02        0
      34        39   -2.664581e+05   0.000e+00   5.016e+00   1.087e-01        0
      35        40   -2.663792e+05   0.000e+00   2.863e+00   1.292e-01        0
      36        41   -2.663505e+05   0.000e+00   1.372e-02   5.904e-02        0
      37        42   -2.663385e+05   0.000e+00   1.868e-02   1.715e-02        0
      38        43   -2.663220e+05   0.000e+00   4.628e-02   2.031e-02        0
      39        44   -2.662990e+05   0.000e+00   5.958e-02   3.225e-02        0
      40        45   -2.662753e+05   0.000e+00   4.483e-02   4.394e-02        0
      41        46   -2.662614e+05   0.000e+00   1.312e-02   3.552e-02        0
      42        47   -2.662536e+05   0.000e+00   1.108e-02   2.162e-02        0
      43        48   -2.662437e+05   0.000e+00   8.173e-01   2.428e-02        0
      44        49   -2.662252e+05   0.000e+00   1.882e+00   4.374e-02        0
      45        50   -2.661984e+05   0.000e+00   2.250e+00   6.762e-02        0
      46        51   -2.661758e+05   0.000e+00   1.271e+00   6.394e-02        0
      47        52   -2.661659e+05   0.000e+00   1.109e-02   2.800e-02        0
      48        53   -2.661619e+05   0.000e+00   6.248e-03   1.081e-02        0
      49        54   -2.661583e+05   0.000e+00   1.624e-02   9.121e-03        0
      50        55   -2.661531e+05   0.000e+00   2.132e-02   1.417e-02        0
      51        56   -2.661486e+05   0.000e+00   1.529e-02   1.965e-02        0
      52        57   -2.661467e+05   0.000e+00   4.507e-03   1.588e-02        0
      53        58   -2.661461e+05   0.000e+00   1.273e-03   7.041e-03        0
      54        59   -2.661456e+05   0.000e+00   4.768e-03   5.029e-03        0
      55        60   -2.661446e+05   0.000e+00   8.454e-03   8.529e-03        0
      56        61   -2.661430e+05   0.000e+00   9.641e-03   1.209e-02        0
      57        62   -2.661415e+05   0.000e+00   6.307e-03   1.366e-02        0
      58        63   -2.661403e+05   0.000e+00   6.269e-04   1.091e-02        0
      59        64   -2.661391e+05   0.000e+00   5.184e-03   9.746e-03        0
      60        65   -2.661372e+05   0.000e+00   1.153e-02   1.519e-02        0
      61        66   -2.661338e+05   0.000e+00   1.725e-02   2.883e-02        0
      62        67   -2.661293e+05   0.000e+00   1.740e-02   4.425e-02        0
      63        68   -2.661259e+05   0.000e+00   9.541e-03   3.911e-02        0
      64        69   -2.661245e+05   0.000e+00   1.128e-03   1.596e-02        0
      65        70   -2.661238e+05   0.000e+00   3.562e-03   5.896e-03        0
      66        71   -2.661227e+05   0.000e+00   8.704e-03   8.656e-03        0
      67        72   -2.661200e+05   0.000e+00   1.742e-01   2.122e-02        0
      68        73   -2.661148e+05   0.000e+00   5.177e-01   5.014e-02        0
      69        74   -2.661071e+05   0.000e+00   6.045e-01   8.913e-02        0
      70        75   -2.661001e+05   0.000e+00   2.317e-01   9.801e-02        0
      71        76   -2.660960e+05   0.000e+00   9.645e-04   5.894e-02        0
      72        77   -2.660932e+05   0.000e+00   9.888e-03   2.958e-02        0
      73        78   -2.660890e+05   0.000e+00   1.870e-02   3.759e-02        0
      74        79   -2.660822e+05   0.000e+00   2.399e-02   6.845e-02        0
      75        80   -2.660748e+05   0.000e+00   1.926e-02   9.530e-02        0
      76        81   -2.660708e+05   0.000e+00   7.500e-03   7.024e-02        0
      77        82   -2.660696e+05   0.000e+00   5.451e-04   2.289e-02        0
      78        83   -2.660689e+05   0.000e+00   1.607e-01   8.189e-03        0
      79        84   -2.660674e+05   0.000e+00   4.419e-01   1.539e-02        0
      80        85   -2.660644e+05   0.000e+00   7.385e-01   3.494e-02        0
      81        86   -2.660601e+05   0.000e+00   8.630e-01   6.554e-02        0
      82        87   -2.660566e+05   0.000e+00   6.030e-01   6.809e-02        0
      83        88   -2.660552e+05   0.000e+00   2.714e-01   5.479e-02        0
      84        89   -2.660548e+05   0.000e+00   6.680e-02   4.117e-02        0
      85        90   -2.660544e+05   0.000e+00   7.110e-02   5.402e-02        0
      86        91   -2.660540e+05   0.000e+00   1.449e-01   7.993e-02        0
      87        92   -2.660537e+05   0.000e+00   9.488e-02   5.684e-02        0
      88        93   -2.660537e+05   0.000e+00   2.432e-02   1.378e-02        0
      89        94   -2.660537e+05   0.000e+00   9.779e-03   1.113e-03        0
      90        95   -2.660536e+05   0.000e+00   5.623e-02   2.891e-03        0
      91        96   -2.660535e+05   0.000e+00   1.121e-01   3.674e-03        0
      92        97   -2.660534e+05   0.000e+00   1.529e-01   5.361e-03        0
      93        98   -2.660532e+05   0.000e+00   1.368e-01   1.729e-02        0
      94        99   -2.660531e+05   0.000e+00   6.048e-02   2.425e-02        0
      95       100   -2.660531e+05   0.000e+00   7.923e-03   1.088e-02        0
      96       101   -2.660531e+05   0.000e+00   1.214e-02   2.923e-03        0
      97       102   -2.660531e+05   0.000e+00   3.470e-02   2.962e-03        0
      98       103   -2.660530e+05   0.000e+00   6.342e-02   3.173e-03        0
      99       104   -2.660530e+05   0.000e+00   8.683e-02   3.976e-03        0
     100       105   -2.660529e+05   0.000e+00   7.685e-02   5.193e-03        0
     101       106   -2.660529e+05   0.000e+00   3.396e-02   4.597e-03        0
     102       107   -2.660529e+05   0.000e+00   5.155e-03   3.505e-03        0
     103       108   -2.660529e+05   0.000e+00   3.287e-03   3.598e-03        0
     104       109   -2.660529e+05   0.000e+00   8.427e-03   1.105e-03        0
     105       110   -2.660528e+05   0.000e+00   2.096e-02   1.955e-03        0
     106       111   -2.660528e+05   0.000e+00   3.315e-02   1.615e-03        0
     107       112   -2.660528e+05   0.000e+00   4.042e-02   2.868e-03        0
     108       113   -2.660528e+05   0.000e+00   3.137e-02   5.391e-03        0
     109       114   -2.660528e+05   0.000e+00   1.082e-02   4.825e-03        0
     110       115   -2.660528e+05   0.000e+00   1.017e-03   3.073e-03        0
     111       116   -2.660528e+05   0.000e+00   9.560e-04   6.510e-04        0
     112       117   -2.660528e+05   0.000e+00   2.444e-03   6.508e-04        0
     113       118   -2.660528e+05   0.000e+00   4.205e-03   6.553e-04        0
     114       119   -2.660528e+05   0.000e+00   1.011e-02   2.178e-03        0
     115       120   -2.660528e+05   0.000e+00   1.527e-02   2.394e-03        0
     116       121   -2.660528e+05   0.000e+00   1.981e-02   3.721e-03        0
     117       122   -2.660527e+05   0.000e+00   1.688e-02   4.852e-03        0
     118       123   -2.660527e+05   0.000e+00   7.121e-03   3.217e-03        0
     119       124   -2.660527e+05   0.000e+00   1.013e-03   7.297e-03        0
     120       125   -2.660527e+05   0.000e+00   2.063e-03   7.018e-03        0
     121       126   -2.660527e+05   0.000e+00   3.760e-03   1.125e-03        0
     122       127   -2.660527e+05   0.000e+00   8.086e-03   1.487e-03        0
     123       128   -2.660527e+05   0.000e+00   2.101e-02   9.007e-03        0
     124       129   -2.660526e+05   0.000e+00   3.945e-02   2.546e-02        0
     125       130   -2.660525e+05   0.000e+00   3.732e-02   2.348e-02        0
     126       131   -2.660525e+05   0.000e+00   1.718e-02   2.483e-02        0
     127       132   -2.660525e+05   0.000e+00   3.845e-03   5.121e-03        0
     128       133   -2.660525e+05   0.000e+00   5.021e-05   3.348e-03        0
     129       134   -2.660525e+05   0.000e+00   5.376e-05   1.062e-03        0
     130       135   -2.660525e+05   0.000e+00   2.737e-05   1.016e-03        0
     131       136   -2.660525e+05   0.000e+00   1.993e-05   8.315e-06        6
     132       137   -2.660525e+05   0.000e+00   1.953e-05   9.306e-04        0
     133       138   -2.660525e+05   0.000e+00   7.924e-06   3.543e-06        0
     134       139   -2.660525e+05   0.000e+00   1.204e-06   1.004e-08        2
     135       140   -2.660525e+05   0.000e+00   1.504e-07   2.772e-07        0
     136       141   -2.660525e+05   0.000e+00   8.883e-08   2.808e-08        5
     137       142   -2.660525e+05   0.000e+00   4.474e-08   3.774e-08        0
     138       143   -2.660525e+05   0.000e+00   2.622e-09   5.420e-08        0

EXIT: Locally optimal solution found.

Final Statistics
----------------
Final objective value               =  -2.66052485546259e+05
Final feasibility error (abs / rel) =   0.00e+00 / 0.00e+00
Final optimality error  (abs / rel) =   2.62e-09 / 2.62e-09
# of iterations                     =        138 
# of CG iterations                  =         13 
# of function evaluations           =        143
# of gradient evaluations           =        139
Total program time (secs)           =    9612.86230 (184933.578 CPU time)
Time spent in evaluations (secs)    =    9538.73340

Solution Vector
---------------
x[       0] =   4.52870870490e+00
x[       1] =   3.99270872044e+00
x[       2] =   4.08831132142e+00
x[       3] =   4.77996486554e+00
x[       4] =   4.92161508250e+00
x[       5] =   3.73665936503e+00
x[       6] =   4.92781705763e+00
x[       7] =  -3.26757466534e+00
x[       8] =  -1.49816714698e+00
x[       9] =  -6.66111292085e+00
x[      10] =   1.19155762206e-01
x[      11] =   3.46817577878e-04
x[      12] =   8.04046602985e-01
x[      13] =   1.34883447286e+00
x[      14] =   1.23660648306e+00
x[      15] =   1.21844399612e+00
x[      16] =   9.00866521755e-01
x[      17] =   1.02381825991e+00
x[      18] =   9.96776578122e-01
x[      19] =   9.04608669190e-01
x[      20] =   8.01129041157e-01
x[      21] =   8.26257116262e-01
x[      22] =   1.18407230790e-01

===============================================================================

