
Solving from new start point (number 33 of 42) <multistart>.


=======================================
*** NO CHECK MADE FOR LICENSE ***
         Artelys Knitro 12.3.0
=======================================

Knitro presolve eliminated 0 variables and 0 constraints.

algorithm:               4
bar_maxcrossit:          3
datacheck:               0
feastol:                 1e-08
hessopt:                 2
maxtime_cpu:             9.98064e+07
maxtime_real:            9.99906e+07
opttol:                  1e-08
outlev:                  5
outmode:                 2
par_concurrent_evals:    0
The problem is identified as bound constrained only.
Knitro changing act_qpalg from AUTO to 3.
Knitro changing honorbnds from AUTO to -1.
Knitro changing linesearch from AUTO to 2.
Knitro changing linsolver from AUTO to 4.

Problem Characteristics                                 (   Presolved)
-----------------------
Objective goal:  Maximize
Objective type:  general
Number of variables:                                 23 (          23)
    bounded below only:                               0 (           0)
    bounded above only:                               0 (           0)
    bounded below and above:                         23 (          23)
    fixed:                                            0 (           0)
    free:                                             0 (           0)
Number of constraints:                                0 (           0)
    linear equalities:                                0 (           0)
    quadratic equalities:                             0 (           0)
    gen. nonlinear equalities:                        0 (           0)
    linear one-sided inequalities:                    0 (           0)
    quadratic one-sided inequalities:                 0 (           0)
    gen. nonlinear one-sided inequalities:            0 (           0)
    linear two-sided inequalities:                    0 (           0)
    quadratic two-sided inequalities:                 0 (           0)
    gen. nonlinear two-sided inequalities:            0 (           0)
Number of nonzeros in Jacobian:                       0 (           0)
Number of nonzeros in Hessian:                        0 (         276)

Knitro using the Sequential Quadratic Programming (SQP) algorithm.

  Iter     fCount     Objective      FeasError   OptError    ||Step||    CGits 
--------  --------  --------------  ----------  ----------  ----------  -------
       0         1   -3.992527e+05   0.000e+00
       1         2   -3.578184e+05   0.000e+00   4.197e+00   3.672e+00        0
       2         3   -3.212781e+05   0.000e+00   1.693e+00   1.237e+00        0
       3         4   -2.997843e+05   0.000e+00   1.455e+00   2.073e+00        0
       4         6   -2.910456e+05   0.000e+00   3.695e+02   5.765e-01        0
       5         8   -2.793966e+05   0.000e+00   1.092e+03   1.022e+00        0
       6        11   -2.771319e+05   0.000e+00   2.949e+00   2.124e-01        0
       7        14   -2.751000e+05   0.000e+00   2.281e+01   9.617e-01        0
       8        15   -2.727457e+05   0.000e+00   3.549e+00   7.454e-01        0
       9        17   -2.698882e+05   0.000e+00   3.954e+02   4.715e-01        0
      10        19   -2.690237e+05   0.000e+00   3.536e+02   3.192e-01        0
      11        22   -2.668990e+05   0.000e+00   6.560e+01   4.742e-01        0
      12        23   -2.664277e+05   0.000e+00   4.263e+00   2.204e-01        0
      13        24   -2.663773e+05   0.000e+00   3.873e+00   1.296e-01        0
      14        25   -2.662583e+05   0.000e+00   3.714e+01   8.262e-02        0
      15        27   -2.662557e+05   0.000e+00   1.252e+02   1.057e-01        0
      16        28   -2.661692e+05   0.000e+00   3.361e-01   6.487e-02        0
      17        30   -2.661661e+05   0.000e+00   1.275e+01   3.887e-02        0
      18        31   -2.661404e+05   0.000e+00   1.842e+01   1.037e-01        0
      19        33   -2.661401e+05   0.000e+00   2.327e+01   1.190e-01        0
      20        34   -2.661184e+05   0.000e+00   8.454e-01   4.843e-02        0
      21        35   -2.661028e+05   0.000e+00   4.231e+00   3.911e-02        0
      22        36   -2.660976e+05   0.000e+00   7.512e+00   4.380e-02        0
      23        37   -2.660934e+05   0.000e+00   4.313e-02   2.990e-02        0
      24        38   -2.660905e+05   0.000e+00   5.125e-01   4.625e-02        0
      25        39   -2.660897e+05   0.000e+00   3.636e-02   1.459e-02        0
      26        40   -2.660883e+05   0.000e+00   5.815e-02   2.907e-02        0
      27        41   -2.660871e+05   0.000e+00   3.863e-02   2.865e-02        0
      28        42   -2.660853e+05   0.000e+00   3.726e-02   4.653e-02        0
      29        43   -2.660816e+05   0.000e+00   1.073e+00   9.806e-02        0
      30        44   -2.660747e+05   0.000e+00   2.229e+00   1.908e-01        0
      31        45   -2.660653e+05   0.000e+00   3.049e+00   2.890e-01        0
      32        46   -2.660578e+05   0.000e+00   1.731e+00   2.403e-01        0
      33        47   -2.660546e+05   0.000e+00   7.366e-01   9.309e-02        0
      34        48   -2.660537e+05   0.000e+00   1.643e-01   1.478e-02        0
      35        49   -2.660533e+05   0.000e+00   5.148e-01   9.990e-03        0
      36        50   -2.660531e+05   0.000e+00   5.986e-03   6.859e-03        0
      37        51   -2.660531e+05   0.000e+00   5.774e-03   8.780e-03        0
      38        52   -2.660531e+05   0.000e+00   8.942e-04   5.115e-03        0
      39        53   -2.660530e+05   0.000e+00   3.546e-02   4.465e-03        0
      40        54   -2.660530e+05   0.000e+00   1.128e-01   2.450e-03        0
      41        55   -2.660530e+05   0.000e+00   6.426e-02   2.980e-03        0
      42        56   -2.660530e+05   0.000e+00   1.984e-03   3.007e-03        0
      43        57   -2.660530e+05   0.000e+00   4.856e-03   3.631e-03        0
      44        58   -2.660530e+05   0.000e+00   5.283e-03   5.957e-03        0
      45        59   -2.660530e+05   0.000e+00   7.098e-03   1.198e-02        0
      46        60   -2.660529e+05   0.000e+00   2.460e-01   2.386e-02        0
      47        61   -2.660528e+05   0.000e+00   1.468e-01   4.047e-02        0
      48        62   -2.660527e+05   0.000e+00   1.446e-01   5.118e-02        0
      49        63   -2.660526e+05   0.000e+00   1.810e-01   4.173e-02        0
      50        64   -2.660525e+05   0.000e+00   1.921e-01   1.898e-02        0
      51        65   -2.660525e+05   0.000e+00   9.063e-03   5.059e-03        0
      52        66   -2.660525e+05   0.000e+00   8.106e-03   2.421e-03        0
      53        67   -2.660525e+05   0.000e+00   4.298e-02   9.602e-04        0
      54        68   -2.660525e+05   0.000e+00   3.328e-04   1.100e-03        0
      55        69   -2.660525e+05   0.000e+00   8.054e-03   3.496e-04        0
      56        70   -2.660525e+05   0.000e+00   8.077e-04   4.076e-05        0
      57        71   -2.660525e+05   0.000e+00   2.784e-04   2.262e-05        0
      58        73   -2.660525e+05   0.000e+00   1.539e-04   1.019e-05        0
      59        76   -2.660525e+05   0.000e+00   1.509e-04   4.954e-07        0
      60        77   -2.660525e+05   0.000e+00   2.578e-06   1.210e-10        1
      61        78   -2.660525e+05   0.000e+00   7.522e-07   1.246e-05        0
      62        79   -2.660525e+05   0.000e+00   6.775e-07   9.071e-06        0
      63        80   -2.660525e+05   0.000e+00   7.859e-08   8.978e-06        0
      64        81   -2.660525e+05   0.000e+00   1.171e-07   6.675e-06        0
      65        82   -2.660525e+05   0.000e+00   1.227e-08   1.316e-07        0
      66        83   -2.660525e+05   0.000e+00   5.153e-09   1.129e-07        0

EXIT: Locally optimal solution found.

Final Statistics
----------------
Final objective value               =  -2.66052485546259e+05
Final feasibility error (abs / rel) =   0.00e+00 / 0.00e+00
Final optimality error  (abs / rel) =   5.15e-09 / 5.15e-09
# of iterations                     =         66 
# of CG iterations                  =          1 
# of function evaluations           =         83
# of gradient evaluations           =         67
Total program time (secs)           =    5510.47070 (112678.000 CPU time)
Time spent in evaluations (secs)    =    5436.43701

Solution Vector
---------------
x[       0] =   4.52870869984e+00
x[       1] =   3.99270870809e+00
x[       2] =   4.08831131172e+00
x[       3] =   4.77996485901e+00
x[       4] =   4.92161508156e+00
x[       5] =   3.73665936113e+00
x[       6] =   4.92781704569e+00
x[       7] =  -3.26757465873e+00
x[       8] =  -1.49816714530e+00
x[       9] =  -6.66111307515e+00
x[      10] =   1.19155768295e-01
x[      11] =   3.46817517816e-04
x[      12] =   8.04046603469e-01
x[      13] =   1.34883447601e+00
x[      14] =   1.23660649206e+00
x[      15] =   1.21844399550e+00
x[      16] =   9.00866521040e-01
x[      17] =   1.02381826105e+00
x[      18] =   9.96776576382e-01
x[      19] =   9.04608664703e-01
x[      20] =   8.01129039893e-01
x[      21] =   8.26257117720e-01
x[      22] =   1.18407230879e-01

===============================================================================

