
Solving from new start point (number 41 of 42) <multistart>.


=======================================
*** NO CHECK MADE FOR LICENSE ***
         Artelys Knitro 12.3.0
=======================================

Knitro presolve eliminated 0 variables and 0 constraints.

algorithm:               4
bar_maxcrossit:          3
datacheck:               0
feastol:                 1e-08
hessopt:                 2
maxtime_cpu:             9.97443e+07
maxtime_real:            9.99876e+07
opttol:                  1e-08
outlev:                  5
outmode:                 2
par_concurrent_evals:    0
The problem is identified as bound constrained only.
Knitro changing act_qpalg from AUTO to 3.
Knitro changing honorbnds from AUTO to -1.
Knitro changing linesearch from AUTO to 2.
Knitro changing linsolver from AUTO to 4.

Problem Characteristics                                 (   Presolved)
-----------------------
Objective goal:  Maximize
Objective type:  general
Number of variables:                                 23 (          23)
    bounded below only:                               0 (           0)
    bounded above only:                               0 (           0)
    bounded below and above:                         23 (          23)
    fixed:                                            0 (           0)
    free:                                             0 (           0)
Number of constraints:                                0 (           0)
    linear equalities:                                0 (           0)
    quadratic equalities:                             0 (           0)
    gen. nonlinear equalities:                        0 (           0)
    linear one-sided inequalities:                    0 (           0)
    quadratic one-sided inequalities:                 0 (           0)
    gen. nonlinear one-sided inequalities:            0 (           0)
    linear two-sided inequalities:                    0 (           0)
    quadratic two-sided inequalities:                 0 (           0)
    gen. nonlinear two-sided inequalities:            0 (           0)
Number of nonzeros in Jacobian:                       0 (           0)
Number of nonzeros in Hessian:                        0 (         276)

Knitro using the Sequential Quadratic Programming (SQP) algorithm.

  Iter     fCount     Objective      FeasError   OptError    ||Step||    CGits 
--------  --------  --------------  ----------  ----------  ----------  -------
       0         1   -3.294460e+05   0.000e+00
       1         2   -3.066668e+05   0.000e+00   3.918e+01   1.928e-01        0
       2         3   -3.039583e+05   0.000e+00   5.492e+01   3.458e-01        0
       3         5   -3.011458e+05   0.000e+00   1.774e+01   1.665e-01        0
       4         6   -2.982293e+05   0.000e+00   4.330e+01   3.778e-01        0
       5         7   -2.929257e+05   0.000e+00   3.731e+01   3.850e-01        0
       6         9   -2.875460e+05   0.000e+00   3.646e+01   5.081e-01        0
       7        10   -2.827429e+05   0.000e+00   5.435e-02   3.090e-01        0
       8        11   -2.801655e+05   0.000e+00   2.335e-01   4.053e-01        0
       9        12   -2.775969e+05   0.000e+00   1.789e-01   1.642e-01        0
      10        13   -2.737839e+05   0.000e+00   2.343e+00   4.328e-01        0
      11        14   -2.728136e+05   0.000e+00   3.155e-02   1.545e-01        0
      12        15   -2.709075e+05   0.000e+00   1.787e+00   5.641e-01        0
      13        16   -2.698371e+05   0.000e+00   1.292e+01   2.772e-01        0
      14        17   -2.690906e+05   0.000e+00   9.022e-02   4.718e-01        0
      15        18   -2.682649e+05   0.000e+00   5.920e-01   1.638e-01        0
      16        19   -2.675137e+05   0.000e+00   3.538e-02   3.225e-01        0
      17        20   -2.673801e+05   0.000e+00   1.173e-02   6.270e-02        0
      18        21   -2.672459e+05   0.000e+00   1.589e-02   4.800e-02        0
      19        22   -2.670205e+05   0.000e+00   3.680e-02   9.848e-02        0
      20        23   -2.667542e+05   0.000e+00   2.377e-02   1.572e-01        0
      21        24   -2.666371e+05   0.000e+00   1.369e-02   8.838e-02        0
      22        25   -2.665979e+05   0.000e+00   8.155e-03   3.037e-02        0
      23        26   -2.665747e+05   0.000e+00   7.554e-03   1.997e-02        0
      24        27   -2.665249e+05   0.000e+00   1.420e-02   5.169e-02        0
      25        28   -2.664636e+05   0.000e+00   2.035e-02   7.982e-02        0
      26        29   -2.664200e+05   0.000e+00   1.926e-02   7.221e-02        0
      27        30   -2.664033e+05   0.000e+00   8.611e-03   2.948e-02        0
      28        31   -2.663980e+05   0.000e+00   1.803e-03   1.056e-02        0
      29        32   -2.663931e+05   0.000e+00   7.267e-03   9.836e-03        0
      30        33   -2.663819e+05   0.000e+00   1.816e-02   2.666e-02        0
      31        34   -2.663656e+05   0.000e+00   1.950e-01   4.645e-02        0
      32        35   -2.663488e+05   0.000e+00   2.242e-02   5.996e-02        0
      33        36   -2.663391e+05   0.000e+00   8.173e-03   3.977e-02        0
      34        37   -2.663346e+05   0.000e+00   3.200e-03   1.687e-02        0
      35        38   -2.663299e+05   0.000e+00   1.176e-02   1.431e-02        0
      36        39   -2.663213e+05   0.000e+00   1.969e-02   2.906e-02        0
      37        40   -2.663098e+05   0.000e+00   2.113e-02   4.520e-02        0
      38        41   -2.662996e+05   0.000e+00   1.182e-02   4.841e-02        0
      39        42   -2.662940e+05   0.000e+00   1.255e-03   2.727e-02        0
      40        43   -2.662910e+05   0.000e+00   7.063e-03   1.447e-02        0
      41        44   -2.662873e+05   0.000e+00   1.092e-02   1.482e-02        0
      42        45   -2.662821e+05   0.000e+00   1.166e-02   2.641e-02        0
      43        46   -2.662774e+05   0.000e+00   6.034e-03   2.539e-02        0
      44        47   -2.662748e+05   0.000e+00   1.370e-03   1.798e-02        0
      45        48   -2.662733e+05   0.000e+00   4.368e-03   8.454e-03        0
      46        49   -2.662714e+05   0.000e+00   6.907e-03   1.172e-02        0
      47        50   -2.662688e+05   0.000e+00   7.618e-03   1.786e-02        0
      48        51   -2.662668e+05   0.000e+00   4.523e-03   1.919e-02        0
      49        52   -2.662659e+05   0.000e+00   8.619e-04   1.019e-02        0
      50        53   -2.662654e+05   0.000e+00   1.627e-03   5.356e-03        0
      51        54   -2.662644e+05   0.000e+00   4.463e-03   8.398e-03        0
      52        55   -2.662622e+05   0.000e+00   8.383e-03   1.993e-02        0
      53        56   -2.662574e+05   0.000e+00   1.289e-02   4.595e-02        0
      54        57   -2.662492e+05   0.000e+00   1.526e-02   8.694e-02        0
      55        58   -2.662401e+05   0.000e+00   1.082e-02   1.079e-01        0
      56        59   -2.662347e+05   0.000e+00   2.597e-03   6.393e-02        0
      57        60   -2.662323e+05   0.000e+00   2.065e-03   1.397e-02        0
      58        61   -2.662303e+05   0.000e+00   4.695e-03   7.121e-03        0
      59        62   -2.662262e+05   0.000e+00   7.620e-03   2.024e-02        0
      60        63   -2.662188e+05   0.000e+00   9.994e-03   5.903e-02        0
      61        64   -2.662080e+05   0.000e+00   9.449e-03   1.196e-01        0
      62        65   -2.661972e+05   0.000e+00   4.199e-03   1.506e-01        0
      63        66   -2.661887e+05   0.000e+00   2.588e-03   1.237e-01        0
      64        67   -2.661802e+05   0.000e+00   7.873e-03   1.067e-01        0
      65        68   -2.661657e+05   0.000e+00   5.433e-02   1.589e-01        0
      66        69   -2.661431e+05   0.000e+00   1.876e-01   2.420e-01        0
      67        70   -2.661204e+05   0.000e+00   4.188e-02   2.450e-01        0
      68        71   -2.661088e+05   0.000e+00   2.672e-03   1.039e-01        0
      69        72   -2.661044e+05   0.000e+00   1.696e-03   1.678e-02        0
      70        73   -2.661007e+05   0.000e+00   3.909e-03   1.182e-02        0
      71        74   -2.660939e+05   0.000e+00   6.333e-03   2.756e-02        0
      72        75   -2.660838e+05   0.000e+00   7.724e-03   7.530e-02        0
      73        76   -2.660739e+05   0.000e+00   5.664e-03   1.155e-01        0
      74        77   -2.660691e+05   0.000e+00   1.579e-03   7.886e-02        0
      75        80   -2.660688e+05   0.000e+00   7.994e-02   7.861e-02        0
      76        82   -2.660667e+05   0.000e+00   2.552e-01   6.744e-02        0
      77        83   -2.660644e+05   0.000e+00   1.466e-01   1.108e-02        0
      78        84   -2.660602e+05   0.000e+00   7.971e-03   8.388e-02        0
      79        85   -2.660573e+05   0.000e+00   7.737e-02   1.256e-01        0
      80        86   -2.660562e+05   0.000e+00   4.870e-02   8.976e-02        0
      81        87   -2.660560e+05   0.000e+00   1.028e-02   1.823e-02        0
      82        88   -2.660559e+05   0.000e+00   1.038e-02   4.142e-03        0
      83        89   -2.660557e+05   0.000e+00   4.662e-02   5.639e-03        0
      84        90   -2.660552e+05   0.000e+00   8.370e-02   1.251e-02        0
      85        91   -2.660543e+05   0.000e+00   1.118e-01   2.070e-02        0
      86        92   -2.660535e+05   0.000e+00   8.304e-02   2.200e-02        0
      87        93   -2.660531e+05   0.000e+00   3.097e-02   8.863e-03        0
      88        94   -2.660531e+05   0.000e+00   2.162e-03   3.221e-03        0
      89        95   -2.660531e+05   0.000e+00   1.881e-03   2.520e-03        0
      90        96   -2.660531e+05   0.000e+00   5.448e-03   1.523e-03        0
      91        97   -2.660530e+05   0.000e+00   7.763e-03   3.307e-03        0
      92        98   -2.660530e+05   0.000e+00   1.021e-02   3.664e-03        0
      93        99   -2.660530e+05   0.000e+00   5.715e-03   4.359e-03        0
      94       100   -2.660529e+05   0.000e+00   2.485e-03   4.548e-03        0
      95       101   -2.660529e+05   0.000e+00   2.678e-03   3.589e-03        0
      96       102   -2.660529e+05   0.000e+00   1.079e-03   1.633e-03        0
      97       103   -2.660529e+05   0.000e+00   7.599e-04   6.071e-04        0
      98       104   -2.660529e+05   0.000e+00   1.204e-03   6.397e-04        0
      99       105   -2.660529e+05   0.000e+00   3.744e-03   1.086e-03        0
     100       106   -2.660529e+05   0.000e+00   7.160e-03   1.221e-03        0
     101       107   -2.660529e+05   0.000e+00   1.276e-02   2.047e-03        0
     102       108   -2.660529e+05   0.000e+00   2.040e-02   3.753e-03        0
     103       109   -2.660529e+05   0.000e+00   3.039e-02   8.201e-03        0
     104       110   -2.660528e+05   0.000e+00   3.697e-02   1.708e-02        0
     105       111   -2.660527e+05   0.000e+00   3.544e-02   2.808e-02        0
     106       112   -2.660527e+05   0.000e+00   1.782e-02   2.277e-02        0
     107       113   -2.660527e+05   0.000e+00   1.209e-03   1.282e-02        0
     108       114   -2.660527e+05   0.000e+00   4.733e-03   2.577e-03        0
     109       115   -2.660527e+05   0.000e+00   9.986e-03   2.626e-03        0
     110       116   -2.660526e+05   0.000e+00   1.490e-02   3.595e-03        0
     111       117   -2.660526e+05   0.000e+00   1.873e-02   6.550e-03        0
     112       118   -2.660525e+05   0.000e+00   1.715e-02   1.694e-02        0
     113       119   -2.660525e+05   0.000e+00   1.203e-02   2.323e-02        0
     114       120   -2.660525e+05   0.000e+00   1.005e-03   1.091e-02        0
     115       121   -2.660525e+05   0.000e+00   6.882e-04   9.409e-04        0
     116       124   -2.660525e+05   0.000e+00   3.795e-04   1.701e-04        0
     117       125   -2.660525e+05   0.000e+00   5.379e-05   6.620e-04        0
     118       126   -2.660525e+05   0.000e+00   2.362e-05   6.617e-04        0
     119       127   -2.660525e+05   0.000e+00   1.371e-04   5.493e-05        9
     120       129   -2.660525e+05   0.000e+00   1.525e-04   7.694e-04        0
     121       132   -2.660525e+05   0.000e+00   1.427e-04   9.640e-06        0
     122       137   -2.660525e+05   0.000e+00   9.431e-06   4.106e-10        1
     123       138   -2.660525e+05   0.000e+00   2.491e-07   3.998e-06        9
     124       139   -2.660525e+05   0.000e+00   1.156e-06   2.780e-04        0
     125       140   -2.660525e+05   0.000e+00   4.663e-07   2.775e-04        0
     126       141   -2.660525e+05   0.000e+00   1.661e-07   2.693e-04        0
     127       142   -2.660525e+05   0.000e+00   9.458e-09   5.019e-07        0

EXIT: Locally optimal solution found.

Final Statistics
----------------
Final objective value               =  -2.66052485546259e+05
Final feasibility error (abs / rel) =   0.00e+00 / 0.00e+00
Final optimality error  (abs / rel) =   9.46e-09 / 9.46e-09
# of iterations                     =        127 
# of CG iterations                  =         19 
# of function evaluations           =        142
# of gradient evaluations           =        128
Total program time (secs)           =    6726.50732 (103673.984 CPU time)
Time spent in evaluations (secs)    =    6652.39551

Solution Vector
---------------
x[       0] =   4.52870867662e+00
x[       1] =   3.99270870445e+00
x[       2] =   4.08831124682e+00
x[       3] =   4.77996487963e+00
x[       4] =   4.92161504659e+00
x[       5] =   3.73665933912e+00
x[       6] =   4.92781708723e+00
x[       7] =  -3.26757465731e+00
x[       8] =  -1.49816714845e+00
x[       9] =  -6.66111298603e+00
x[      10] =   1.19155767923e-01
x[      11] =   3.46817494351e-04
x[      12] =   8.04046612547e-01
x[      13] =   1.34883449807e+00
x[      14] =   1.23660648894e+00
x[      15] =   1.21844401607e+00
x[      16] =   9.00866513004e-01
x[      17] =   1.02381827044e+00
x[      18] =   9.96776546890e-01
x[      19] =   9.04608659066e-01
x[      20] =   8.01129051002e-01
x[      21] =   8.26257101525e-01
x[      22] =   1.18407230255e-01

===============================================================================

