
Solving from new start point (number 10 of 42) <multistart>.


=======================================
*** NO CHECK MADE FOR LICENSE ***
         Artelys Knitro 12.3.0
=======================================

Knitro presolve eliminated 0 variables and 0 constraints.

algorithm:               4
bar_maxcrossit:          3
datacheck:               0
feastol:                 1e-08
hessopt:                 2
maxtime_cpu:             9.99995e+07
maxtime_real:            9.99998e+07
opttol:                  1e-08
outlev:                  5
outmode:                 2
par_concurrent_evals:    0
The problem is identified as bound constrained only.
Knitro changing act_qpalg from AUTO to 3.
Knitro changing honorbnds from AUTO to -1.
Knitro changing linesearch from AUTO to 2.
Knitro changing linsolver from AUTO to 4.

Problem Characteristics                                 (   Presolved)
-----------------------
Objective goal:  Maximize
Objective type:  general
Number of variables:                                 23 (          23)
    bounded below only:                               0 (           0)
    bounded above only:                               0 (           0)
    bounded below and above:                         23 (          23)
    fixed:                                            0 (           0)
    free:                                             0 (           0)
Number of constraints:                                0 (           0)
    linear equalities:                                0 (           0)
    quadratic equalities:                             0 (           0)
    gen. nonlinear equalities:                        0 (           0)
    linear one-sided inequalities:                    0 (           0)
    quadratic one-sided inequalities:                 0 (           0)
    gen. nonlinear one-sided inequalities:            0 (           0)
    linear two-sided inequalities:                    0 (           0)
    quadratic two-sided inequalities:                 0 (           0)
    gen. nonlinear two-sided inequalities:            0 (           0)
Number of nonzeros in Jacobian:                       0 (           0)
Number of nonzeros in Hessian:                        0 (         276)

Knitro using the Sequential Quadratic Programming (SQP) algorithm.

  Iter     fCount     Objective      FeasError   OptError    ||Step||    CGits 
--------  --------  --------------  ----------  ----------  ----------  -------
       0         1   -3.210315e+05   0.000e+00
       1         2   -3.028860e+05   0.000e+00   7.093e+01   1.169e+00        0
       2         4   -2.916047e+05   0.000e+00   7.916e+01   5.145e-01        0
       3         7   -2.872178e+05   0.000e+00   1.123e+02   2.101e-01        0
       4         9   -2.870590e+05   0.000e+00   7.655e+02   9.560e-01        0
       5        12   -2.826670e+05   0.000e+00   3.386e+02   2.762e-01        0
       6        14   -2.785137e+05   0.000e+00   1.734e+02   4.507e-01        0
       7        15   -2.765611e+05   0.000e+00   4.716e-01   5.214e-01        0
       8        17   -2.746459e+05   0.000e+00   2.268e+00   5.163e-01        0
       9        19   -2.720515e+05   0.000e+00   1.537e+00   1.103e+00        0
      10        20   -2.691712e+05   0.000e+00   1.762e+01   4.636e-01        0
      11        21   -2.686068e+05   0.000e+00   3.434e+02   5.468e-01        0
      12        22   -2.672467e+05   0.000e+00   1.189e+02   2.132e-01        0
      13        23   -2.668675e+05   0.000e+00   8.526e-01   2.396e-01        0
      14        24   -2.665603e+05   0.000e+00   5.995e-01   1.446e-01        0
      15        25   -2.663982e+05   0.000e+00   1.883e+00   1.477e-01        0
      16        26   -2.662755e+05   0.000e+00   9.381e-01   7.901e-02        0
      17        27   -2.661824e+05   0.000e+00   3.771e-02   1.443e-01        0
      18        28   -2.661475e+05   0.000e+00   8.179e-02   8.168e-02        0
      19        29   -2.661199e+05   0.000e+00   4.085e-02   8.180e-02        0
      20        30   -2.661081e+05   0.000e+00   2.455e-02   4.118e-02        0
      21        31   -2.661012e+05   0.000e+00   1.852e-02   3.328e-02        0
      22        32   -2.660973e+05   0.000e+00   1.434e-02   2.510e-02        0
      23        33   -2.660936e+05   0.000e+00   1.252e-02   3.057e-02        0
      24        34   -2.660902e+05   0.000e+00   3.383e-02   3.331e-02        0
      25        35   -2.660877e+05   0.000e+00   4.135e-02   2.990e-02        0
      26        36   -2.660864e+05   0.000e+00   2.686e-02   1.793e-02        0
      27        37   -2.660856e+05   0.000e+00   7.511e-03   1.128e-02        0
      28        38   -2.660847e+05   0.000e+00   1.595e-02   1.518e-02        0
      29        39   -2.660835e+05   0.000e+00   3.990e-02   2.533e-02        0
      30        40   -2.660819e+05   0.000e+00   5.192e-02   3.660e-02        0
      31        41   -2.660801e+05   0.000e+00   4.276e-02   4.481e-02        0
      32        42   -2.660780e+05   0.000e+00   1.388e-02   5.278e-02        0
      33        43   -2.660751e+05   0.000e+00   2.879e-02   7.074e-02        0
      34        44   -2.660712e+05   0.000e+00   2.322e+00   9.714e-02        0
      35        45   -2.660671e+05   0.000e+00   3.415e+00   1.081e-01        0
      36        46   -2.660641e+05   0.000e+00   2.259e+00   8.158e-02        0
      37        47   -2.660622e+05   0.000e+00   2.086e-01   4.510e-02        0
      38        48   -2.660607e+05   0.000e+00   2.795e-02   3.420e-02        0
      39        51   -2.660606e+05   0.000e+00   2.310e+00   3.460e-02        0
      40        54   -2.660583e+05   0.000e+00   4.400e+00   8.919e-02        0
      41        55   -2.660569e+05   0.000e+00   7.192e-02   4.494e-02        0
      42        56   -2.660545e+05   0.000e+00   1.054e-01   1.694e-01        0
      43        57   -2.660539e+05   0.000e+00   5.763e-01   4.549e-02        0
      44        58   -2.660529e+05   0.000e+00   8.169e-01   9.876e-02        0
      45        59   -2.660527e+05   0.000e+00   3.376e-01   1.069e-02        0
      46        60   -2.660526e+05   0.000e+00   3.534e-02   7.194e-03        0
      47        61   -2.660526e+05   0.000e+00   1.163e-01   3.686e-03        0
      48        62   -2.660525e+05   0.000e+00   5.518e-02   1.770e-03        0
      49        63   -2.660525e+05   0.000e+00   5.471e-03   2.390e-03        0
      50        64   -2.660525e+05   0.000e+00   2.453e-02   2.033e-03        0
      51        65   -2.660525e+05   0.000e+00   7.500e-03   5.132e-04        0
      52        66   -2.660525e+05   0.000e+00   6.740e-05   1.472e-04        0
      53        67   -2.660525e+05   0.000e+00   1.997e-02   3.974e-04        0
      54        68   -2.660525e+05   0.000e+00   4.411e-02   1.211e-03        0
      55        69   -2.660525e+05   0.000e+00   8.805e-02   2.916e-03        0
      56        70   -2.660525e+05   0.000e+00   1.302e-01   7.523e-03        0
      57        71   -2.660525e+05   0.000e+00   1.645e-01   1.417e-02        0
      58        72   -2.660525e+05   0.000e+00   1.253e-01   1.703e-02        0
      59        73   -2.660525e+05   0.000e+00   5.020e-02   8.136e-03        0
      60        74   -2.660525e+05   0.000e+00   5.252e-03   8.512e-04        0
      61        75   -2.660525e+05   0.000e+00   4.034e-04   1.207e-03        0
      62        76   -2.660525e+05   0.000e+00   2.984e-04   1.936e-04        0
      63        79   -2.660525e+05   0.000e+00   2.695e-04   8.631e-06        0
      64        80   -2.660525e+05   0.000e+00   4.202e-05   1.013e-10        1
      65        81   -2.660525e+05   0.000e+00   4.184e-07   8.308e-05        0
      66        82   -2.660525e+05   0.000e+00   1.508e-07   8.310e-05        0
      67        83   -2.660525e+05   0.000e+00   5.653e-08   7.030e-06        0
      68        84   -2.660525e+05   0.000e+00   5.133e-08   8.961e-07        0
      69        85   -2.660525e+05   0.000e+00   5.758e-08   3.296e-07        0
      70        86   -2.660525e+05   0.000e+00   3.311e-08   6.266e-07        0
      71        87   -2.660525e+05   0.000e+00   1.113e-08   2.794e-07        0
      72        88   -2.660525e+05   0.000e+00   1.981e-09   2.595e-07        0

EXIT: Locally optimal solution found.

Final Statistics
----------------
Final objective value               =  -2.66052485546259e+05
Final feasibility error (abs / rel) =   0.00e+00 / 0.00e+00
Final optimality error  (abs / rel) =   1.98e-09 / 1.98e-09
# of iterations                     =         72 
# of CG iterations                  =          1 
# of function evaluations           =         88
# of gradient evaluations           =         73
Total program time (secs)           =    5841.00684 (122189.188 CPU time)
Time spent in evaluations (secs)    =    5803.21094

Solution Vector
---------------
x[       0] =   4.52870876319e+00
x[       1] =   3.99270876653e+00
x[       2] =   4.08831135959e+00
x[       3] =   4.77996491479e+00
x[       4] =   4.92161513896e+00
x[       5] =   3.73665941934e+00
x[       6] =   4.92781711161e+00
x[       7] =  -3.26757469353e+00
x[       8] =  -1.49816716302e+00
x[       9] =  -6.66111325485e+00
x[      10] =   1.19155776563e-01
x[      11] =   3.46817425543e-04
x[      12] =   8.04046599743e-01
x[      13] =   1.34883447383e+00
x[      14] =   1.23660648190e+00
x[      15] =   1.21844400111e+00
x[      16] =   9.00866519566e-01
x[      17] =   1.02381826402e+00
x[      18] =   9.96776577222e-01
x[      19] =   9.04608668305e-01
x[      20] =   8.01129039914e-01
x[      21] =   8.26257116309e-01
x[      22] =   1.18407231845e-01

===============================================================================

