
Solving from new start point (number 2 of 42) <multistart>.


=======================================
*** NO CHECK MADE FOR LICENSE ***
         Artelys Knitro 12.3.0
=======================================

Knitro presolve eliminated 0 variables and 0 constraints.

algorithm:               4
bar_maxcrossit:          3
datacheck:               0
feastol:                 1e-08
hessopt:                 2
maxtime_cpu:             9.99995e+07
maxtime_real:            9.99998e+07
opttol:                  1e-08
outlev:                  5
outmode:                 2
par_concurrent_evals:    0
The problem is identified as bound constrained only.
Knitro changing act_qpalg from AUTO to 3.
Knitro changing honorbnds from AUTO to -1.
Knitro changing linesearch from AUTO to 2.
Knitro changing linsolver from AUTO to 4.

Problem Characteristics                                 (   Presolved)
-----------------------
Objective goal:  Maximize
Objective type:  general
Number of variables:                                 23 (          23)
    bounded below only:                               0 (           0)
    bounded above only:                               0 (           0)
    bounded below and above:                         23 (          23)
    fixed:                                            0 (           0)
    free:                                             0 (           0)
Number of constraints:                                0 (           0)
    linear equalities:                                0 (           0)
    quadratic equalities:                             0 (           0)
    gen. nonlinear equalities:                        0 (           0)
    linear one-sided inequalities:                    0 (           0)
    quadratic one-sided inequalities:                 0 (           0)
    gen. nonlinear one-sided inequalities:            0 (           0)
    linear two-sided inequalities:                    0 (           0)
    quadratic two-sided inequalities:                 0 (           0)
    gen. nonlinear two-sided inequalities:            0 (           0)
Number of nonzeros in Jacobian:                       0 (           0)
Number of nonzeros in Hessian:                        0 (         276)

Knitro using the Sequential Quadratic Programming (SQP) algorithm.

  Iter     fCount     Objective      FeasError   OptError    ||Step||    CGits 
--------  --------  --------------  ----------  ----------  ----------  -------
       0         1   -3.691521e+05   0.000e+00
       1         2   -3.198177e+05   0.000e+00   7.153e-02   1.535e-01        0
       2         3   -3.071965e+05   0.000e+00   4.571e+00   3.741e-01        0
       3         4   -3.002957e+05   0.000e+00   2.224e-01   4.102e-01        0
       4         5   -2.976092e+05   0.000e+00   5.123e-02   1.557e-01        0
       5         6   -2.946852e+05   0.000e+00   1.074e+01   1.856e-01        0
       6         7   -2.862812e+05   0.000e+00   2.599e+01   7.419e-01        0
       7         8   -2.833135e+05   0.000e+00   1.884e-01   3.147e-01        0
       8         9   -2.824133e+05   0.000e+00   7.416e-02   1.424e-01        0
       9        10   -2.818687e+05   0.000e+00   6.400e+00   9.649e-02        0
      10        13   -2.811900e+05   0.000e+00   9.454e+00   1.401e-01        0
      11        14   -2.800509e+05   0.000e+00   1.134e+01   1.079e-01        0
      12        15   -2.789161e+05   0.000e+00   1.917e+01   3.320e-01        0
      13        16   -2.784572e+05   0.000e+00   4.811e+00   3.380e-02        0
      14        17   -2.781145e+05   0.000e+00   7.052e-02   5.831e-02        0
      15        18   -2.772009e+05   0.000e+00   1.055e-01   2.220e-01        0
      16        19   -2.747126e+05   0.000e+00   1.602e+01   4.933e-01        0
      17        20   -2.710813e+05   0.000e+00   2.649e-01   1.121e+00        0
      18        21   -2.697844e+05   0.000e+00   6.312e+00   1.260e-01        0
      19        22   -2.692596e+05   0.000e+00   9.864e-02   7.618e-02        0
      20        23   -2.688593e+05   0.000e+00   1.113e-01   4.655e-02        0
      21        24   -2.670171e+05   0.000e+00   4.217e+00   3.575e-01        0
      22        25   -2.667598e+05   0.000e+00   1.062e-01   1.956e-01        0
      23        26   -2.667149e+05   0.000e+00   1.312e+00   2.691e-02        0
      24        27   -2.666920e+05   0.000e+00   3.816e-01   1.943e-02        0
      25        28   -2.666745e+05   0.000e+00   3.008e-03   1.123e-02        0
      26        29   -2.666026e+05   0.000e+00   3.990e-02   4.949e-02        0
      27        30   -2.665267e+05   0.000e+00   5.335e-02   7.285e-02        0
      28        31   -2.664661e+05   0.000e+00   3.238e-02   8.241e-02        0
      29        32   -2.664358e+05   0.000e+00   2.922e-03   4.839e-02        0
      30        33   -2.664067e+05   0.000e+00   8.494e-01   4.026e-02        0
      31        34   -2.663526e+05   0.000e+00   2.347e+00   6.772e-02        0
      32        35   -2.662694e+05   0.000e+00   3.321e+00   1.051e-01        0
      33        36   -2.661888e+05   0.000e+00   2.639e+00   1.081e-01        0
      34        37   -2.661529e+05   0.000e+00   8.640e-01   5.019e-02        0
      35        38   -2.661462e+05   0.000e+00   1.354e-03   1.405e-02        0
      36        39   -2.661439e+05   0.000e+00   5.198e-03   6.943e-03        0
      37        40   -2.661388e+05   0.000e+00   1.390e-02   1.151e-02        0
      38        41   -2.661294e+05   0.000e+00   2.228e-02   2.047e-02        0
      39        42   -2.661147e+05   0.000e+00   2.538e-02   4.160e-02        0
      40        43   -2.661021e+05   0.000e+00   1.670e-02   5.176e-02        0
      41        44   -2.660968e+05   0.000e+00   4.426e-03   3.259e-02        0
      42        45   -2.660950e+05   0.000e+00   1.902e-03   1.131e-02        0
      43        46   -2.660932e+05   0.000e+00   4.507e-02   7.891e-03        0
      44        47   -2.660896e+05   0.000e+00   2.845e-01   1.328e-02        0
      45        48   -2.660843e+05   0.000e+00   3.896e-01   2.153e-02        0
      46        49   -2.660797e+05   0.000e+00   2.067e-01   2.470e-02        0
      47        50   -2.660779e+05   0.000e+00   2.319e-03   1.405e-02        0
      48        51   -2.660774e+05   0.000e+00   8.021e-04   4.774e-03        0
      49        52   -2.660771e+05   0.000e+00   2.344e-03   2.861e-03        0
      50        53   -2.660763e+05   0.000e+00   4.188e-03   5.281e-03        0
      51        54   -2.660752e+05   0.000e+00   4.968e-03   8.323e-03        0
      52        55   -2.660741e+05   0.000e+00   3.479e-03   1.074e-02        0
      53        56   -2.660736e+05   0.000e+00   9.600e-04   7.334e-03        0
      54        57   -2.660734e+05   0.000e+00   5.499e-04   3.125e-03        0
      55        58   -2.660732e+05   0.000e+00   1.684e-03   2.639e-03        0
      56        59   -2.660727e+05   0.000e+00   3.093e-03   5.163e-03        0
      57        60   -2.660720e+05   0.000e+00   1.668e-02   9.562e-03        0
      58        61   -2.660710e+05   0.000e+00   3.639e-03   1.340e-02        0
      59        62   -2.660705e+05   0.000e+00   1.639e-03   9.978e-03        0
      60        63   -2.660703e+05   0.000e+00   2.536e-04   3.629e-03        0
      61        64   -2.660702e+05   0.000e+00   6.946e-04   1.579e-03        0
      62        65   -2.660700e+05   0.000e+00   1.465e-03   2.275e-03        0
      63        66   -2.660697e+05   0.000e+00   1.859e-03   4.084e-03        0
      64        67   -2.660695e+05   0.000e+00   1.388e-03   5.957e-03        0
      65        68   -2.660693e+05   0.000e+00   4.527e-04   4.664e-03        0
      66        69   -2.660693e+05   0.000e+00   2.105e-04   2.459e-03        0
      67        70   -2.660692e+05   0.000e+00   8.495e-04   2.656e-03        0
      68        71   -2.660689e+05   0.000e+00   1.737e-03   5.456e-03        0
      69        72   -2.660685e+05   0.000e+00   2.742e-03   1.136e-02        0
      70        73   -2.660677e+05   0.000e+00   3.250e-03   1.975e-02        0
      71        74   -2.660669e+05   0.000e+00   2.385e-03   2.092e-02        0
      72        75   -2.660666e+05   0.000e+00   7.830e-04   9.345e-03        0
      73        76   -2.660665e+05   0.000e+00   1.051e-04   2.209e-03        0
      74        77   -2.660665e+05   0.000e+00   3.359e-04   1.601e-03        0
      75        78   -2.660664e+05   0.000e+00   7.667e-04   2.478e-03        0
      76        79   -2.660662e+05   0.000e+00   1.264e-03   3.352e-03        0
      77        80   -2.660659e+05   0.000e+00   1.672e-03   8.111e-03        0
      78        81   -2.660655e+05   0.000e+00   1.518e-03   1.577e-02        0
      79        82   -2.660651e+05   0.000e+00   7.335e-04   1.754e-02        0
      80        83   -2.660650e+05   0.000e+00   2.180e-04   1.065e-02        0
      81        84   -2.660648e+05   0.000e+00   5.873e-04   7.315e-03        0
      82        85   -2.660645e+05   0.000e+00   1.270e-03   1.141e-02        0
      83        86   -2.660639e+05   0.000e+00   1.907e-03   1.987e-02        0
      84        87   -2.660632e+05   0.000e+00   1.956e-03   2.813e-02        0
      85        88   -2.660626e+05   0.000e+00   1.097e-03   2.205e-02        0
      86        89   -2.660623e+05   0.000e+00   1.726e-04   7.161e-03        0
      87        90   -2.660623e+05   0.000e+00   2.495e-04   3.161e-03        0
      88        91   -2.660622e+05   0.000e+00   6.306e-04   3.077e-03        0
      89        92   -2.660619e+05   0.000e+00   1.209e-03   4.625e-03        0
      90        93   -2.660613e+05   0.000e+00   1.970e-03   1.271e-02        0
      91        94   -2.660601e+05   0.000e+00   2.702e-03   3.617e-02        0
      92        95   -2.660583e+05   0.000e+00   2.702e-03   6.933e-02        0
      93        96   -2.660570e+05   0.000e+00   1.537e-03   7.002e-02        0
      94        97   -2.660566e+05   0.000e+00   3.149e-04   2.530e-02        0
      95        98   -2.660565e+05   0.000e+00   1.017e-03   3.543e-03        0
      96        99   -2.660564e+05   0.000e+00   1.509e-02   2.908e-03        0
      97       100   -2.660562e+05   0.000e+00   3.780e-02   4.215e-03        0
      98       101   -2.660557e+05   0.000e+00   6.386e-02   9.547e-03        0
      99       102   -2.660550e+05   0.000e+00   1.256e-02   8.466e-02        0
     100       103   -2.660540e+05   0.000e+00   1.143e-01   7.430e-02        0
     101       104   -2.660532e+05   0.000e+00   5.647e-02   2.058e-01        0
     102       105   -2.660528e+05   0.000e+00   1.405e-02   1.688e-02        0
     103       106   -2.660528e+05   0.000e+00   3.641e-03   2.120e-03        0
     104       107   -2.660528e+05   0.000e+00   3.804e-04   4.936e-04        0
     105       108   -2.660528e+05   0.000e+00   1.077e-02   3.105e-03        0
     106       109   -2.660527e+05   0.000e+00   1.870e-02   3.214e-03        0
     107       110   -2.660527e+05   0.000e+00   2.833e-02   4.184e-03        0
     108       111   -2.660526e+05   0.000e+00   2.830e-02   8.868e-03        0
     109       112   -2.660525e+05   0.000e+00   1.506e-02   8.523e-03        0
     110       113   -2.660525e+05   0.000e+00   3.282e-03   4.642e-03        0
     111       114   -2.660525e+05   0.000e+00   1.886e-04   4.328e-03        0
     112       115   -2.660525e+05   0.000e+00   3.556e-05   2.703e-03        0
     113       117   -2.660525e+05   0.000e+00   8.141e-05   1.351e-03        0
     114       118   -2.660525e+05   0.000e+00   8.901e-05   9.902e-06        3
     115       119   -2.660525e+05   0.000e+00   5.830e-06   7.285e-04        0
     116       120   -2.660525e+05   0.000e+00   1.437e-04   1.145e-03        0
     117       121   -2.660525e+05   0.000e+00   3.487e-06   1.246e-03        0
     118       122   -2.660525e+05   0.000e+00   1.261e-04   1.703e-03        0
     119       124   -2.660525e+05   0.000e+00   5.660e-05   8.371e-04        0
     120       126   -2.660525e+05   0.000e+00   2.286e-05   8.370e-04        0
     121       127   -2.660525e+05   0.000e+00   1.271e-05   2.529e-06        3
     122       128   -2.660525e+05   0.000e+00   1.040e-04   1.750e-04        0
     123       130   -2.660525e+05   0.000e+00   1.331e-05   8.551e-05        0
     124       131   -2.660525e+05   0.000e+00   9.472e-05   1.801e-04        0
     125       132   -2.660525e+05   0.000e+00   3.756e-04   2.890e-04        0
     126       133   -2.660525e+05   0.000e+00   5.518e-04   2.226e-03        0
     127       134   -2.660525e+05   0.000e+00   1.092e-03   3.234e-03        0
     128       135   -2.660525e+05   0.000e+00   1.150e-03   5.495e-03        0
     129       136   -2.660525e+05   0.000e+00   8.053e-04   5.082e-03        0
     130       137   -2.660525e+05   0.000e+00   2.162e-04   2.285e-03        0
     131       138   -2.660525e+05   0.000e+00   2.848e-05   7.991e-04        0
     132       139   -2.660525e+05   0.000e+00   1.861e-04   8.066e-04        0
     133       140   -2.660525e+05   0.000e+00   4.458e-05   6.237e-04        0
     134       141   -2.660525e+05   0.000e+00   4.895e-06   1.904e-05        0
     135       142   -2.660525e+05   0.000e+00   1.077e-06   1.904e-05        0
     136       143   -2.660525e+05   0.000e+00   1.211e-06   1.561e-05        0
     137       144   -2.660525e+05   0.000e+00   8.543e-09   5.662e-12        1

EXIT: Locally optimal solution found.

Final Statistics
----------------
Final objective value               =  -2.66052485546260e+05
Final feasibility error (abs / rel) =   0.00e+00 / 0.00e+00
Final optimality error  (abs / rel) =   8.54e-09 / 8.54e-09
# of iterations                     =        137 
# of CG iterations                  =          7 
# of function evaluations           =        144
# of gradient evaluations           =        138
Total program time (secs)           =   10337.66895 (216260.078 CPU time)
Time spent in evaluations (secs)    =   10328.81738

Solution Vector
---------------
x[       0] =   4.52870889002e+00
x[       1] =   3.99270881627e+00
x[       2] =   4.08831154532e+00
x[       3] =   4.77996510103e+00
x[       4] =   4.92161526527e+00
x[       5] =   3.73665955277e+00
x[       6] =   4.92781723336e+00
x[       7] =  -3.26757474539e+00
x[       8] =  -1.49816720578e+00
x[       9] =  -6.66111941592e+00
x[      10] =   1.19156036210e-01
x[      11] =   3.46814715856e-04
x[      12] =   8.04046598643e-01
x[      13] =   1.34883448714e+00
x[      14] =   1.23660649698e+00
x[      15] =   1.21844403934e+00
x[      16] =   9.00866531386e-01
x[      17] =   1.02381824364e+00
x[      18] =   9.96776555943e-01
x[      19] =   9.04608653545e-01
x[      20] =   8.01129032850e-01
x[      21] =   8.26257116069e-01
x[      22] =   1.18407236493e-01

===============================================================================

