
Solving from new start point (number 25 of 42) <multistart>.


=======================================
*** NO CHECK MADE FOR LICENSE ***
         Artelys Knitro 12.3.0
=======================================

Knitro presolve eliminated 0 variables and 0 constraints.

algorithm:               4
bar_maxcrossit:          3
datacheck:               0
feastol:                 1e-08
hessopt:                 2
maxtime_cpu:             9.98709e+07
maxtime_real:            9.99936e+07
opttol:                  1e-08
outlev:                  5
outmode:                 2
par_concurrent_evals:    0
The problem is identified as bound constrained only.
Knitro changing act_qpalg from AUTO to 3.
Knitro changing honorbnds from AUTO to -1.
Knitro changing linesearch from AUTO to 2.
Knitro changing linsolver from AUTO to 4.

Problem Characteristics                                 (   Presolved)
-----------------------
Objective goal:  Maximize
Objective type:  general
Number of variables:                                 23 (          23)
    bounded below only:                               0 (           0)
    bounded above only:                               0 (           0)
    bounded below and above:                         23 (          23)
    fixed:                                            0 (           0)
    free:                                             0 (           0)
Number of constraints:                                0 (           0)
    linear equalities:                                0 (           0)
    quadratic equalities:                             0 (           0)
    gen. nonlinear equalities:                        0 (           0)
    linear one-sided inequalities:                    0 (           0)
    quadratic one-sided inequalities:                 0 (           0)
    gen. nonlinear one-sided inequalities:            0 (           0)
    linear two-sided inequalities:                    0 (           0)
    quadratic two-sided inequalities:                 0 (           0)
    gen. nonlinear two-sided inequalities:            0 (           0)
Number of nonzeros in Jacobian:                       0 (           0)
Number of nonzeros in Hessian:                        0 (         276)

Knitro using the Sequential Quadratic Programming (SQP) algorithm.

  Iter     fCount     Objective      FeasError   OptError    ||Step||    CGits 
--------  --------  --------------  ----------  ----------  ----------  -------
       0         1   -3.432438e+05   0.000e+00
       1         2   -3.279100e+05   0.000e+00   9.152e+01   3.969e-01        0
       2         3   -3.164468e+05   0.000e+00   2.070e+01   6.922e-01        0
       3         4   -3.147976e+05   0.000e+00   1.713e+00   7.384e-01        0
       4         5   -2.947105e+05   0.000e+00   2.898e+01   1.989e-01        0
       5         7   -2.932556e+05   0.000e+00   5.218e-01   1.327e-01        0
       6         8   -2.889672e+05   0.000e+00   3.174e-01   1.290e-01        0
       7         9   -2.875586e+05   0.000e+00   3.023e+01   3.273e-01        0
       8        10   -2.842956e+05   0.000e+00   2.959e+00   1.445e-01        0
       9        11   -2.828691e+05   0.000e+00   4.313e-01   2.015e-01        0
      10        12   -2.819964e+05   0.000e+00   1.785e-01   1.047e-01        0
      11        13   -2.801209e+05   0.000e+00   1.267e-01   3.019e-01        0
      12        14   -2.785241e+05   0.000e+00   4.855e-01   3.342e-01        0
      13        15   -2.771324e+05   0.000e+00   3.162e+00   4.549e-01        0
      14        16   -2.761113e+05   0.000e+00   4.159e+01   1.918e-01        0
      15        17   -2.742282e+05   0.000e+00   3.542e-01   2.985e-01        0
      16        18   -2.734052e+05   0.000e+00   1.804e+00   9.471e-02        0
      17        19   -2.730815e+05   0.000e+00   5.053e+01   3.104e-01        0
      18        20   -2.718356e+05   0.000e+00   3.567e-01   1.286e-01        0
      19        21   -2.709838e+05   0.000e+00   1.216e-01   1.653e-01        0
      20        22   -2.702415e+05   0.000e+00   2.838e+01   7.284e-01        0
      21        23   -2.691470e+05   0.000e+00   1.336e+01   2.441e-01        0
      22        24   -2.686123e+05   0.000e+00   5.417e+00   1.177e-01        0
      23        25   -2.681015e+05   0.000e+00   9.840e-02   2.557e-01        0
      24        26   -2.676993e+05   0.000e+00   2.500e-01   2.115e-01        0
      25        27   -2.671705e+05   0.000e+00   2.482e-01   2.843e-01        0
      26        28   -2.669133e+05   0.000e+00   1.288e-01   1.049e-01        0
      27        29   -2.668504e+05   0.000e+00   6.315e-03   5.250e-02        0
      28        30   -2.668221e+05   0.000e+00   1.259e+00   4.139e-02        0
      29        31   -2.667738e+05   0.000e+00   3.264e+00   5.325e-02        0
      30        32   -2.666904e+05   0.000e+00   4.440e+00   8.284e-02        0
      31        33   -2.666166e+05   0.000e+00   3.146e+00   9.283e-02        0
      32        34   -2.665728e+05   0.000e+00   5.248e-01   8.038e-02        0
      33        35   -2.665469e+05   0.000e+00   2.427e-02   4.810e-02        0
      34        36   -2.665099e+05   0.000e+00   6.488e-02   5.493e-02        0
      35        37   -2.664537e+05   0.000e+00   9.058e-02   7.706e-02        0
      36        38   -2.663954e+05   0.000e+00   7.379e-02   9.504e-02        0
      37        39   -2.663605e+05   0.000e+00   2.643e-02   7.609e-02        0
      38        40   -2.663397e+05   0.000e+00   3.156e-01   4.553e-02        0
      39        41   -2.663139e+05   0.000e+00   2.305e+00   4.480e-02        0
      40        42   -2.662719e+05   0.000e+00   4.046e+00   7.125e-02        0
      41        43   -2.662236e+05   0.000e+00   3.953e+00   1.010e-01        0
      42        44   -2.661951e+05   0.000e+00   1.569e+00   8.094e-02        0
      43        45   -2.661866e+05   0.000e+00   2.164e-03   3.179e-02        0
      44        46   -2.661832e+05   0.000e+00   1.390e-02   1.172e-02        0
      45        47   -2.661780e+05   0.000e+00   2.604e-02   1.299e-02        0
      46        48   -2.661717e+05   0.000e+00   2.729e-02   1.992e-02        0
      47        49   -2.661675e+05   0.000e+00   1.435e-02   2.397e-02        0
      48        50   -2.661662e+05   0.000e+00   1.596e-03   1.396e-02        0
      49        51   -2.661657e+05   0.000e+00   4.000e-03   5.296e-03        0
      50        52   -2.661650e+05   0.000e+00   8.576e-03   5.711e-03        0
      51        53   -2.661638e+05   0.000e+00   2.101e-02   9.814e-03        0
      52        54   -2.661622e+05   0.000e+00   1.089e-02   1.407e-02        0
      53        55   -2.661609e+05   0.000e+00   4.387e-03   1.414e-02        0
      54        56   -2.661600e+05   0.000e+00   2.728e-03   1.013e-02        0
      55        57   -2.661590e+05   0.000e+00   8.836e-03   9.521e-03        0
      56        58   -2.661575e+05   0.000e+00   1.384e-02   1.451e-02        0
      57        59   -2.661556e+05   0.000e+00   1.397e-02   2.091e-02        0
      58        60   -2.661541e+05   0.000e+00   7.564e-03   1.982e-02        0
      59        61   -2.661533e+05   0.000e+00   4.576e-04   1.116e-02        0
      60        62   -2.661526e+05   0.000e+00   5.615e-03   7.668e-03        0
      61        63   -2.661514e+05   0.000e+00   1.475e-01   1.357e-02        0
      62        64   -2.661488e+05   0.000e+00   5.573e-01   2.997e-02        0
      63        65   -2.661444e+05   0.000e+00   8.130e-01   5.671e-02        0
      64        66   -2.661398e+05   0.000e+00   5.929e-01   7.084e-02        0
      65        67   -2.661368e+05   0.000e+00   2.416e-02   4.734e-02        0
      66        68   -2.661352e+05   0.000e+00   4.217e-03   1.975e-02        0
      67        69   -2.661332e+05   0.000e+00   1.285e-02   1.802e-02        0
      68        70   -2.661296e+05   0.000e+00   2.089e-02   3.598e-02        0
      69        71   -2.661246e+05   0.000e+00   2.255e-02   6.482e-02        0
      70        72   -2.661204e+05   0.000e+00   1.390e-02   7.291e-02        0
      71        73   -2.661182e+05   0.000e+00   2.174e-03   4.409e-02        0
      72        74   -2.661165e+05   0.000e+00   2.036e-01   2.581e-02        0
      73        75   -2.661137e+05   0.000e+00   7.725e-01   3.920e-02        0
      74        76   -2.661079e+05   0.000e+00   1.476e+00   8.366e-02        0
      75        77   -2.660984e+05   0.000e+00   1.993e+00   1.508e-01        0
      76        79   -2.660967e+05   0.000e+00   8.189e-02   3.958e-01        0
      77        81   -2.660952e+05   0.000e+00   2.692e+00   4.749e-01        0
      78        82   -2.660766e+05   0.000e+00   1.556e+00   2.821e-01        0
      79        83   -2.660728e+05   0.000e+00   8.692e-01   3.015e-02        0
      80        84   -2.660709e+05   0.000e+00   1.977e-02   1.006e-01        0
      81        85   -2.660706e+05   0.000e+00   1.364e-01   3.385e-02        0
      82        86   -2.660699e+05   0.000e+00   2.773e-01   5.329e-02        0
      83        87   -2.660687e+05   0.000e+00   4.127e-01   5.799e-02        0
      84        88   -2.660661e+05   0.000e+00   5.565e-01   6.731e-02        0
      85        89   -2.660626e+05   0.000e+00   5.284e-01   7.331e-02        0
      86        90   -2.660603e+05   0.000e+00   2.897e-01   3.138e-02        0
      87        91   -2.660596e+05   0.000e+00   4.907e-02   3.193e-02        0
      88        92   -2.660594e+05   0.000e+00   4.740e-02   2.234e-02        0
      89        93   -2.660592e+05   0.000e+00   2.503e-03   1.760e-02        0
      90        94   -2.660588e+05   0.000e+00   4.600e-03   1.830e-02        0
      91        95   -2.660580e+05   0.000e+00   6.188e-03   1.158e-02        0
      92        96   -2.660570e+05   0.000e+00   5.333e-03   3.544e-02        0
      93        97   -2.660565e+05   0.000e+00   2.006e-03   3.588e-02        0
      94        98   -2.660564e+05   0.000e+00   1.606e-04   1.970e-02        0
      95        99   -2.660564e+05   0.000e+00   3.608e-04   5.308e-03        0
      96       100   -2.660564e+05   0.000e+00   1.127e-02   5.252e-03        0
      97       101   -2.660563e+05   0.000e+00   3.537e-02   6.811e-03        0
      98       102   -2.660561e+05   0.000e+00   5.650e-02   8.282e-03        0
      99       103   -2.660560e+05   0.000e+00   4.828e-02   6.928e-03        0
     100       104   -2.660559e+05   0.000e+00   1.167e-02   7.747e-03        0
     101       105   -2.660559e+05   0.000e+00   1.056e-04   5.540e-03        0
     102       106   -2.660559e+05   0.000e+00   4.414e-05   1.631e-03        0
     103       107   -2.660559e+05   0.000e+00   1.270e-04   1.571e-03        0
     104       108   -2.660559e+05   0.000e+00   2.685e-04   2.163e-03        0
     105       109   -2.660558e+05   0.000e+00   5.129e-04   3.611e-03        0
     106       110   -2.660558e+05   0.000e+00   8.582e-04   6.055e-03        0
     107       111   -2.660557e+05   0.000e+00   1.309e-03   1.234e-02        0
     108       112   -2.660555e+05   0.000e+00   1.665e-03   2.500e-02        0
     109       113   -2.660552e+05   0.000e+00   1.497e-03   3.860e-02        0
     110       114   -2.660549e+05   0.000e+00   7.284e-04   3.428e-02        0
     111       115   -2.660548e+05   0.000e+00   1.589e-02   2.944e-02        0
     112       116   -2.660547e+05   0.000e+00   1.601e-02   1.663e-02        0
     113       117   -2.660547e+05   0.000e+00   7.950e-03   1.288e-02        0
     114       118   -2.660546e+05   0.000e+00   8.670e-03   2.132e-02        0
     115       119   -2.660543e+05   0.000e+00   1.847e-04   3.986e-02        0
     116       120   -2.660539e+05   0.000e+00   6.667e-02   7.418e-02        0
     117       121   -2.660532e+05   0.000e+00   8.546e-02   9.933e-02        0
     118       122   -2.660526e+05   0.000e+00   5.870e-02   9.600e-02        0
     119       123   -2.660525e+05   0.000e+00   1.871e-02   3.395e-02        0
     120       124   -2.660525e+05   0.000e+00   6.626e-04   1.378e-02        0
     121       125   -2.660525e+05   0.000e+00   1.937e-04   2.816e-03        0
     122       126   -2.660525e+05   0.000e+00   4.806e-05   2.092e-04        0
     123       127   -2.660525e+05   0.000e+00   9.612e-05   1.927e-04        0
     124       128   -2.660525e+05   0.000e+00   8.263e-06   6.126e-10        1
     125       129   -2.660525e+05   0.000e+00   9.904e-07   6.696e-04        0
     126       130   -2.660525e+05   0.000e+00   1.298e-07   7.816e-04        0
     127       131   -2.660525e+05   0.000e+00   2.472e-08   1.759e-05        0
     128       132   -2.660525e+05   0.000e+00   9.161e-09   1.853e-05        0

EXIT: Locally optimal solution found.

Final Statistics
----------------
Final objective value               =  -2.66052485546260e+05
Final feasibility error (abs / rel) =   0.00e+00 / 0.00e+00
Final optimality error  (abs / rel) =   9.16e-09 / 9.16e-09
# of iterations                     =        128 
# of CG iterations                  =          1 
# of function evaluations           =        132
# of gradient evaluations           =        129
Total program time (secs)           =    9510.27344 (192777.641 CPU time)
Time spent in evaluations (secs)    =    9432.50781

Solution Vector
---------------
x[       0] =   4.52870849658e+00
x[       1] =   3.99270874178e+00
x[       2] =   4.08831128028e+00
x[       3] =   4.77996483538e+00
x[       4] =   4.92161508751e+00
x[       5] =   3.73665951890e+00
x[       6] =   4.92781698950e+00
x[       7] =  -3.26757467183e+00
x[       8] =  -1.49816712639e+00
x[       9] =  -6.66111046939e+00
x[      10] =   1.19155654235e-01
x[      11] =   3.46818742524e-04
x[      12] =   8.04046739996e-01
x[      13] =   1.34883464687e+00
x[      14] =   1.23660663994e+00
x[      15] =   1.21844418853e+00
x[      16] =   9.00866402965e-01
x[      17] =   1.02381800350e+00
x[      18] =   9.96776444433e-01
x[      19] =   9.04608534738e-01
x[      20] =   8.01128896374e-01
x[      21] =   8.26256988688e-01
x[      22] =   1.18407231719e-01

===============================================================================

