
Solving from new start point (number 38 of 42) <multistart>.


=======================================
*** NO CHECK MADE FOR LICENSE ***
         Artelys Knitro 12.3.0
=======================================

Knitro presolve eliminated 0 variables and 0 constraints.

algorithm:               4
bar_maxcrossit:          3
datacheck:               0
feastol:                 1e-08
hessopt:                 2
maxtime_cpu:             9.978e+07
maxtime_real:            9.99893e+07
opttol:                  1e-08
outlev:                  5
outmode:                 2
par_concurrent_evals:    0
The problem is identified as bound constrained only.
Knitro changing act_qpalg from AUTO to 3.
Knitro changing honorbnds from AUTO to -1.
Knitro changing linesearch from AUTO to 2.
Knitro changing linsolver from AUTO to 4.

Problem Characteristics                                 (   Presolved)
-----------------------
Objective goal:  Maximize
Objective type:  general
Number of variables:                                 23 (          23)
    bounded below only:                               0 (           0)
    bounded above only:                               0 (           0)
    bounded below and above:                         23 (          23)
    fixed:                                            0 (           0)
    free:                                             0 (           0)
Number of constraints:                                0 (           0)
    linear equalities:                                0 (           0)
    quadratic equalities:                             0 (           0)
    gen. nonlinear equalities:                        0 (           0)
    linear one-sided inequalities:                    0 (           0)
    quadratic one-sided inequalities:                 0 (           0)
    gen. nonlinear one-sided inequalities:            0 (           0)
    linear two-sided inequalities:                    0 (           0)
    quadratic two-sided inequalities:                 0 (           0)
    gen. nonlinear two-sided inequalities:            0 (           0)
Number of nonzeros in Jacobian:                       0 (           0)
Number of nonzeros in Hessian:                        0 (         276)

Knitro using the Sequential Quadratic Programming (SQP) algorithm.

  Iter     fCount     Objective      FeasError   OptError    ||Step||    CGits 
--------  --------  --------------  ----------  ----------  ----------  -------
       0         1   -3.842024e+05   0.000e+00
       1         3   -3.166008e+05   0.000e+00   3.059e+02   1.997e-01        0
       2         5   -3.090156e+05   0.000e+00   9.803e+01   2.361e-01        0
       3         6   -3.007566e+05   0.000e+00   1.486e+00   2.927e-01        0
       4         7   -2.912264e+05   0.000e+00   3.918e-02   1.215e-01        0
       5         8   -2.902592e+05   0.000e+00   4.712e+01   1.908e-01        0
       6         9   -2.872589e+05   0.000e+00   2.529e-01   1.925e-01        0
       7        10   -2.845225e+05   0.000e+00   3.352e-01   1.798e-01        0
       8        11   -2.780361e+05   0.000e+00   3.161e+01   7.703e-01        0
       9        12   -2.768517e+05   0.000e+00   2.177e+01   6.731e-02        0
      10        13   -2.742306e+05   0.000e+00   1.220e+01   1.987e-01        0
      11        14   -2.737520e+05   0.000e+00   1.347e+01   6.195e-02        0
      12        15   -2.729206e+05   0.000e+00   7.622e+00   1.613e-01        0
      13        16   -2.725085e+05   0.000e+00   1.645e-01   1.490e-01        0
      14        17   -2.723879e+05   0.000e+00   4.241e-01   2.676e-01        0
      15        18   -2.714904e+05   0.000e+00   3.847e+00   1.199e-01        0
      16        19   -2.712802e+05   0.000e+00   6.278e-01   3.685e-02        0
      17        20   -2.705107e+05   0.000e+00   1.190e-01   2.295e-01        0
      18        21   -2.700950e+05   0.000e+00   1.371e-01   2.091e-01        0
      19        22   -2.696895e+05   0.000e+00   9.425e-02   2.382e-01        0
      20        23   -2.693270e+05   0.000e+00   3.333e-02   2.131e-01        0
      21        24   -2.688867e+05   0.000e+00   1.526e-01   2.376e-01        0
      22        25   -2.683256e+05   0.000e+00   3.326e+00   2.748e-01        0
      23        26   -2.678894e+05   0.000e+00   3.471e+00   1.676e-01        0
      24        27   -2.676892e+05   0.000e+00   1.297e+00   1.177e-01        0
      25        28   -2.676069e+05   0.000e+00   5.005e-03   6.864e-02        0
      26        29   -2.675075e+05   0.000e+00   3.080e-02   4.775e-02        0
      27        30   -2.672696e+05   0.000e+00   6.312e-02   1.157e-01        0
      28        31   -2.669733e+05   0.000e+00   6.299e-02   1.876e-01        0
      29        32   -2.667447e+05   0.000e+00   2.368e-02   2.007e-01        0
      30        33   -2.666616e+05   0.000e+00   1.554e-01   9.957e-02        0
      31        34   -2.666224e+05   0.000e+00   4.192e-01   4.404e-02        0
      32        35   -2.665662e+05   0.000e+00   6.438e-01   4.975e-02        0
      33        36   -2.664739e+05   0.000e+00   4.981e-01   7.944e-02        0
      34        37   -2.663826e+05   0.000e+00   1.058e-01   1.003e-01        0
      35        38   -2.663369e+05   0.000e+00   6.223e-03   7.307e-02        0
      36        39   -2.663238e+05   0.000e+00   2.222e-03   2.562e-02        0
      37        40   -2.663143e+05   0.000e+00   3.675e-03   1.508e-02        0
      38        41   -2.662926e+05   0.000e+00   8.204e-03   2.963e-02        0
      39        42   -2.662604e+05   0.000e+00   1.024e-02   5.037e-02        0
      40        43   -2.662290e+05   0.000e+00   7.762e-03   6.686e-02        0
      41        44   -2.662150e+05   0.000e+00   2.976e-03   4.448e-02        0
      42        45   -2.662117e+05   0.000e+00   1.700e-03   1.416e-02        0
      43        46   -2.662097e+05   0.000e+00   1.181e-03   6.406e-03        0
      44        47   -2.662051e+05   0.000e+00   2.731e-03   1.328e-02        0
      45        48   -2.661978e+05   0.000e+00   4.317e-03   2.363e-02        0
      46        49   -2.661890e+05   0.000e+00   4.264e-03   3.569e-02        0
      47        50   -2.661835e+05   0.000e+00   2.457e-03   2.883e-02        0
      48        51   -2.661807e+05   0.000e+00   2.072e-03   1.427e-02        0
      49        52   -2.661783e+05   0.000e+00   1.527e-03   1.027e-02        0
      50        53   -2.661735e+05   0.000e+00   3.234e-03   1.940e-02        0
      51        54   -2.661661e+05   0.000e+00   4.116e-03   3.402e-02        0
      52        55   -2.661589e+05   0.000e+00   3.023e-03   4.048e-02        0
      53        56   -2.661554e+05   0.000e+00   8.606e-04   2.328e-02        0
      54        57   -2.661543e+05   0.000e+00   7.978e-04   6.957e-03        0
      55        58   -2.661534e+05   0.000e+00   1.264e-03   4.686e-03        0
      56        59   -2.661517e+05   0.000e+00   1.826e-03   9.049e-03        0
      57        60   -2.661499e+05   0.000e+00   1.713e-03   1.372e-02        0
      58        61   -2.661487e+05   0.000e+00   7.734e-04   1.310e-02        0
      59        62   -2.661483e+05   0.000e+00   4.139e-04   6.527e-03        0
      60        63   -2.661479e+05   0.000e+00   8.651e-04   4.274e-03        0
      61        64   -2.661471e+05   0.000e+00   1.465e-03   8.069e-03        0
      62        65   -2.661454e+05   0.000e+00   2.146e-03   1.653e-02        0
      63        66   -2.661427e+05   0.000e+00   2.486e-03   2.904e-02        0
      64        67   -2.661401e+05   0.000e+00   1.812e-03   3.142e-02        0
      65        68   -2.661389e+05   0.000e+00   6.814e-04   1.506e-02        0
      66        69   -2.661385e+05   0.000e+00   3.706e-04   3.316e-03        0
      67        70   -2.661383e+05   0.000e+00   5.241e-04   2.482e-03        0
      68        71   -2.661378e+05   0.000e+00   9.953e-04   4.380e-03        0
      69        72   -2.661370e+05   0.000e+00   1.448e-03   8.567e-03        0
      70        73   -2.661363e+05   0.000e+00   1.402e-03   1.289e-02        0
      71        74   -2.661359e+05   0.000e+00   9.541e-04   1.061e-02        0
      72        75   -2.661356e+05   0.000e+00   4.633e-04   8.060e-03        0
      73        76   -2.661349e+05   0.000e+00   8.400e-04   1.252e-02        0
      74        77   -2.661334e+05   0.000e+00   1.773e-03   2.691e-02        0
      75        78   -2.661299e+05   0.000e+00   2.986e-03   5.977e-02        0
      76        79   -2.661232e+05   0.000e+00   4.525e-03   1.163e-01        0
      77        80   -2.661143e+05   0.000e+00   4.961e-03   1.598e-01        0
      78        81   -2.661085e+05   0.000e+00   2.809e-03   1.066e-01        0
      79        82   -2.661069e+05   0.000e+00   7.563e-04   1.416e-02        0
      80        83   -2.661064e+05   0.000e+00   4.524e-04   1.346e-02        0
      81        84   -2.661056e+05   0.000e+00   8.089e-04   1.489e-02        0
      82        85   -2.661037e+05   0.000e+00   1.924e-03   1.525e-02        0
      83        86   -2.660998e+05   0.000e+00   3.178e-03   2.954e-02        0
      84        87   -2.660937e+05   0.000e+00   4.245e-03   9.388e-02        0
      85        88   -2.660878e+05   0.000e+00   3.990e-03   1.530e-01        0
      86        89   -2.660850e+05   0.000e+00   1.885e-03   1.119e-01        0
      87        90   -2.660843e+05   0.000e+00   6.258e-04   2.962e-02        0
      88        91   -2.660837e+05   0.000e+00   5.937e-04   1.251e-02        0
      89        94   -2.660836e+05   0.000e+00   6.072e-03   2.744e-02        0
      90        95   -2.660817e+05   0.000e+00   1.698e-01   8.748e-02        0
      91        96   -2.660785e+05   0.000e+00   9.013e-02   1.475e-02        0
      92        97   -2.660683e+05   0.000e+00   5.016e-02   1.401e-01        0
      93        98   -2.660598e+05   0.000e+00   1.361e-01   2.306e-01        0
      94        99   -2.660555e+05   0.000e+00   8.425e-02   2.059e-01        0
      95       100   -2.660548e+05   0.000e+00   9.394e-03   4.771e-02        0
      96       101   -2.660547e+05   0.000e+00   2.922e-02   7.667e-03        0
      97       102   -2.660545e+05   0.000e+00   4.665e-02   4.379e-03        0
      98       103   -2.660542e+05   0.000e+00   4.117e-02   1.045e-02        0
      99       104   -2.660539e+05   0.000e+00   2.950e-02   1.130e-02        0
     100       105   -2.660537e+05   0.000e+00   4.003e-03   1.161e-02        0
     101       106   -2.660537e+05   0.000e+00   8.075e-03   3.708e-03        0
     102       107   -2.660536e+05   0.000e+00   1.440e-02   2.249e-03        0
     103       108   -2.660536e+05   0.000e+00   1.289e-02   3.253e-03        0
     104       109   -2.660534e+05   0.000e+00   8.216e-03   5.085e-03        0
     105       110   -2.660532e+05   0.000e+00   1.343e-03   6.421e-03        0
     106       111   -2.660530e+05   0.000e+00   6.949e-03   7.833e-03        0
     107       112   -2.660530e+05   0.000e+00   5.367e-03   3.832e-03        0
     108       113   -2.660530e+05   0.000e+00   2.268e-03   1.844e-03        0
     109       114   -2.660530e+05   0.000e+00   2.090e-05   1.422e-03        0
     110       115   -2.660530e+05   0.000e+00   1.305e-05   1.410e-03        0
     111       116   -2.660530e+05   0.000e+00   2.511e-04   1.892e-03        0
     112       117   -2.660530e+05   0.000e+00   2.668e-03   2.798e-03        0
     113       118   -2.660530e+05   0.000e+00   5.779e-03   3.925e-03        0
     114       119   -2.660530e+05   0.000e+00   1.053e-02   5.210e-03        0
     115       120   -2.660530e+05   0.000e+00   1.370e-02   5.559e-03        0
     116       121   -2.660530e+05   0.000e+00   1.149e-02   3.320e-03        0
     117       122   -2.660530e+05   0.000e+00   4.290e-03   6.565e-03        0
     118       123   -2.660530e+05   0.000e+00   7.482e-04   4.360e-03        0
     119       124   -2.660530e+05   0.000e+00   3.854e-03   2.625e-03        0
     120       125   -2.660530e+05   0.000e+00   8.332e-03   3.555e-03        0
     121       126   -2.660530e+05   0.000e+00   1.533e-02   5.163e-03        0
     122       127   -2.660529e+05   0.000e+00   2.618e-02   7.834e-03        0
     123       128   -2.660529e+05   0.000e+00   4.118e-02   1.349e-02        0
     124       129   -2.660528e+05   0.000e+00   5.664e-02   2.758e-02        0
     125       130   -2.660526e+05   0.000e+00   5.940e-02   5.443e-02        0
     126       131   -2.660525e+05   0.000e+00   3.695e-02   5.545e-02        0
     127       132   -2.660525e+05   0.000e+00   8.834e-03   3.452e-02        0
     128       133   -2.660525e+05   0.000e+00   8.086e-04   5.116e-03        0
     129       134   -2.660525e+05   0.000e+00   6.054e-05   2.518e-03        0
     130       136   -2.660525e+05   0.000e+00   1.772e-04   1.255e-03        0
     131       137   -2.660525e+05   0.000e+00   9.065e-05   1.191e-03        0
     132       138   -2.660525e+05   0.000e+00   5.111e-05   1.306e-03        0
     133       139   -2.660525e+05   0.000e+00   7.343e-05   1.205e-03        0
     134       140   -2.660525e+05   0.000e+00   1.691e-05   1.526e-09        1
     135       142   -2.660525e+05   0.000e+00   8.423e-06   1.343e-03        0
     136       143   -2.660525e+05   0.000e+00   6.844e-08   1.894e-04        0
     137       144   -2.660525e+05   0.000e+00   5.159e-08   2.333e-04        0
     138       145   -2.660525e+05   0.000e+00   1.203e-08   9.684e-06        0
     139       146   -2.660525e+05   0.000e+00   9.333e-09   9.514e-06        0

EXIT: Locally optimal solution found.

Final Statistics
----------------
Final objective value               =  -2.66052485546262e+05
Final feasibility error (abs / rel) =   0.00e+00 / 0.00e+00
Final optimality error  (abs / rel) =   9.33e-09 / 9.33e-09
# of iterations                     =        139 
# of CG iterations                  =          1 
# of function evaluations           =        146
# of gradient evaluations           =        140
Total program time (secs)           =    8115.13037 (137414.016 CPU time)
Time spent in evaluations (secs)    =    8037.34375

Solution Vector
---------------
x[       0] =   4.52870698801e+00
x[       1] =   3.99270706180e+00
x[       2] =   4.08831006151e+00
x[       3] =   4.77996306034e+00
x[       4] =   4.92161330624e+00
x[       5] =   3.73665789894e+00
x[       6] =   4.92781549335e+00
x[       7] =  -3.26757375092e+00
x[       8] =  -1.49816665645e+00
x[       9] =  -6.66110453761e+00
x[      10] =   1.19155399858e-01
x[      11] =   3.46821389299e-04
x[      12] =   8.04046867736e-01
x[      13] =   1.34883471669e+00
x[      14] =   1.23660690740e+00
x[      15] =   1.21844423790e+00
x[      16] =   9.00866311313e-01
x[      17] =   1.02381801319e+00
x[      18] =   9.96776484823e-01
x[      19] =   9.04608595191e-01
x[      20] =   8.01128940532e-01
x[      21] =   8.26256971706e-01
x[      22] =   1.18407209569e-01

===============================================================================

