
Solving from new start point (number 25 of 42) <multistart>.


=======================================
*** NO CHECK MADE FOR LICENSE ***
         Artelys Knitro 12.3.0
=======================================

Knitro presolve eliminated 0 variables and 0 constraints.

algorithm:               4
bar_maxcrossit:          3
datacheck:               0
feastol:                 1e-08
hessopt:                 2
maxtime_cpu:             9.99394e+07
maxtime_real:            9.99969e+07
opttol:                  1e-08
outlev:                  5
outmode:                 2
par_concurrent_evals:    0
The problem is identified as bound constrained only.
Knitro changing act_qpalg from AUTO to 3.
Knitro changing honorbnds from AUTO to -1.
Knitro changing linesearch from AUTO to 2.
Knitro changing linsolver from AUTO to 4.

Problem Characteristics                                 (   Presolved)
-----------------------
Objective goal:  Maximize
Objective type:  general
Number of variables:                                 23 (          23)
    bounded below only:                               0 (           0)
    bounded above only:                               0 (           0)
    bounded below and above:                         23 (          23)
    fixed:                                            0 (           0)
    free:                                             0 (           0)
Number of constraints:                                0 (           0)
    linear equalities:                                0 (           0)
    quadratic equalities:                             0 (           0)
    gen. nonlinear equalities:                        0 (           0)
    linear one-sided inequalities:                    0 (           0)
    quadratic one-sided inequalities:                 0 (           0)
    gen. nonlinear one-sided inequalities:            0 (           0)
    linear two-sided inequalities:                    0 (           0)
    quadratic two-sided inequalities:                 0 (           0)
    gen. nonlinear two-sided inequalities:            0 (           0)
Number of nonzeros in Jacobian:                       0 (           0)
Number of nonzeros in Hessian:                        0 (         276)

Knitro using the Sequential Quadratic Programming (SQP) algorithm.

  Iter     fCount     Objective      FeasError   OptError    ||Step||    CGits 
--------  --------  --------------  ----------  ----------  ----------  -------
       0         1   -4.426841e+04   0.000e+00
       1         2   -3.673493e+04   0.000e+00   3.968e+01   2.847e-01        0
       2         3   -3.407294e+04   0.000e+00   6.843e-01   6.130e-01        0
       3         5   -3.361923e+04   0.000e+00   1.773e+01   2.822e-01        0
       4         6   -3.236431e+04   0.000e+00   1.447e+01   3.100e-01        0
       5         9   -3.205513e+04   0.000e+00   1.032e+00   5.689e-02        0
       6        10   -3.175773e+04   1.735e-18   9.392e-02   6.149e-02        0
       7        12   -3.155697e+04   0.000e+00   5.739e+00   4.726e-01        0
       8        13   -3.105928e+04   0.000e+00   2.989e+00   1.865e-01        0
       9        14   -3.094109e+04   0.000e+00   1.639e+00   4.176e-02        0
      10        15   -3.069309e+04   0.000e+00   5.396e+00   1.435e-01        0
      11        16   -3.037139e+04   0.000e+00   5.113e+00   2.774e-01        0
      12        17   -3.023543e+04   0.000e+00   3.056e+00   1.344e-01        0
      13        18   -3.018509e+04   0.000e+00   4.740e-01   8.389e-02        0
      14        19   -3.017140e+04   0.000e+00   1.707e-01   1.488e-02        0
      15        20   -3.009916e+04   0.000e+00   1.756e+00   7.876e-02        0
      16        21   -2.999578e+04   0.000e+00   3.664e+00   1.899e-01        0
      17        22   -2.992902e+04   0.000e+00   2.131e+00   1.210e-01        0
      18        23   -2.978961e+04   0.000e+00   3.421e-01   2.186e-01        0
      19        24   -2.971017e+04   0.000e+00   1.574e+00   1.296e-01        0
      20        25   -2.963730e+04   0.000e+00   9.692e-01   1.779e-01        0
      21        26   -2.956610e+04   0.000e+00   2.623e-01   1.809e-01        0
      22        27   -2.933367e+04   0.000e+00   1.222e+00   4.961e-01        0
      23        28   -2.916090e+04   0.000e+00   2.075e+00   1.286e-01        0
      24        29   -2.886405e+04   2.776e-17   5.544e+00   5.124e-01        0
      25        30   -2.874966e+04   0.000e+00   1.687e+00   1.786e-01        0
      26        31   -2.866139e+04   0.000e+00   3.224e-01   6.555e-02        0
      27        32   -2.837161e+04   0.000e+00   5.059e+00   3.881e-01        0
      28        33   -2.812758e+04   0.000e+00   7.762e+00   2.384e-01        0
      29        34   -2.767853e+04   0.000e+00   1.068e+01   8.796e-01        0
      30        36   -2.757970e+04   0.000e+00   1.004e+01   2.443e-01        0
      31        37   -2.750769e+04   0.000e+00   3.610e+00   3.687e-01        0
      32        38   -2.737939e+04   0.000e+00   9.929e-01   1.726e-01        0
      33        39   -2.735776e+04   0.000e+00   5.946e-01   2.548e-02        0
      34        40   -2.734687e+04   0.000e+00   5.942e-01   3.403e-02        0
      35        41   -2.733217e+04   0.000e+00   1.443e+00   5.086e-02        0
      36        42   -2.729313e+04   0.000e+00   2.527e+00   1.311e-01        0
      37        43   -2.723781e+04   0.000e+00   2.623e+00   1.958e-01        0
      38        44   -2.718472e+04   0.000e+00   1.549e+00   2.154e-01        0
      39        45   -2.715676e+04   0.000e+00   3.980e-01   1.082e-01        0
      40        46   -2.714589e+04   0.000e+00   1.337e-01   4.371e-02        0
      41        47   -2.713993e+04   0.000e+00   3.533e-01   2.995e-02        0
      42        48   -2.712801e+04   0.000e+00   7.477e-01   4.379e-02        0
      43        49   -2.711135e+04   0.000e+00   1.214e+00   5.386e-02        0
      44        50   -2.708530e+04   0.000e+00   1.433e+00   1.163e-01        0
      45        51   -2.705910e+04   0.000e+00   6.165e-01   1.625e-01        0
      46        52   -2.704865e+04   0.000e+00   3.840e-02   7.810e-02        0
      47        53   -2.704466e+04   0.000e+00   1.763e-01   2.189e-02        0
      48        54   -2.704163e+04   0.000e+00   2.465e-01   1.335e-02        0
      49        55   -2.703780e+04   0.000e+00   3.542e-01   2.029e-02        0
      50        56   -2.702585e+04   0.000e+00   5.768e-01   8.134e-02        0
      51        57   -2.701585e+04   0.000e+00   6.050e-01   7.724e-02        0
      52        58   -2.700342e+04   0.000e+00   4.918e-01   1.136e-01        0
      53        59   -2.699779e+04   0.000e+00   2.064e-02   6.079e-02        0
      54        60   -2.699633e+04   0.000e+00   1.333e-01   1.856e-02        0
      55        61   -2.699567e+04   0.000e+00   9.607e-02   1.304e-02        0
      56        62   -2.699458e+04   0.000e+00   8.746e-03   1.409e-02        0
      57        63   -2.699270e+04   0.000e+00   1.126e-01   1.912e-02        0
      58        64   -2.699015e+04   0.000e+00   1.870e-01   3.363e-02        0
      59        65   -2.698835e+04   0.000e+00   1.273e-01   4.042e-02        0
      60        66   -2.698777e+04   0.000e+00   4.143e-02   2.409e-02        0
      61        67   -2.698764e+04   0.000e+00   4.489e-03   6.205e-03        0
      62        68   -2.698751e+04   0.000e+00   3.405e-02   4.700e-03        0
      63        69   -2.698717e+04   0.000e+00   8.606e-02   9.064e-03        0
      64        70   -2.698649e+04   0.000e+00   1.375e-01   1.697e-02        0
      65        71   -2.698542e+04   0.000e+00   1.611e-01   2.893e-02        0
      66        72   -2.698449e+04   0.000e+00   1.055e-01   3.075e-02        0
      67        73   -2.698413e+04   0.000e+00   2.921e-02   1.582e-02        0
      68        74   -2.698404e+04   0.000e+00   1.030e-02   5.209e-03        0
      69        75   -2.698399e+04   0.000e+00   2.785e-02   3.243e-03        0
      70        76   -2.698385e+04   0.000e+00   5.499e-02   5.744e-03        0
      71        77   -2.698361e+04   0.000e+00   7.807e-02   9.148e-03        0
      72        78   -2.698326e+04   0.000e+00   8.034e-02   1.479e-02        0
      73        79   -2.698301e+04   0.000e+00   4.522e-02   1.554e-02        0
      74        80   -2.698292e+04   0.000e+00   9.510e-03   8.600e-03        0
      75        81   -2.698289e+04   0.000e+00   6.082e-03   2.921e-03        0
      76        82   -2.698285e+04   0.000e+00   2.033e-02   3.069e-03        0
      77        83   -2.698274e+04   0.000e+00   4.027e-02   5.701e-03        0
      78        84   -2.698252e+04   0.000e+00   6.154e-02   1.183e-02        0
      79        85   -2.698216e+04   0.000e+00   7.107e-02   2.195e-02        0
      80        86   -2.698182e+04   0.000e+00   4.998e-02   2.524e-02        0
      81        87   -2.698168e+04   0.000e+00   1.532e-02   1.403e-02        0
      82        88   -2.698165e+04   0.000e+00   2.256e-03   3.276e-03        0
      83        89   -2.698164e+04   0.000e+00   7.482e-03   1.572e-03        0
      84        90   -2.698162e+04   0.000e+00   1.559e-02   2.465e-03        0
      85        91   -2.698157e+04   0.000e+00   2.275e-02   3.196e-03        0
      86        92   -2.698150e+04   0.000e+00   2.611e-02   5.695e-03        0
      87        93   -2.698143e+04   0.000e+00   1.603e-02   8.929e-03        0
      88        94   -2.698140e+04   0.000e+00   2.233e-03   7.709e-03        0
      89        95   -2.698139e+04   0.000e+00   5.470e-03   3.128e-03        0
      90        96   -2.698138e+04   0.000e+00   9.866e-03   2.278e-03        0
      91        97   -2.698135e+04   0.000e+00   1.672e-02   3.885e-03        0
      92        98   -2.698129e+04   0.000e+00   2.520e-02   7.753e-03        0
      93        99   -2.698116e+04   0.000e+00   3.536e-02   1.707e-02        0
      94       100   -2.698091e+04   0.000e+00   4.006e-02   3.170e-02        0
      95       101   -2.698061e+04   0.000e+00   3.026e-02   4.159e-02        0
      96       102   -2.698043e+04   0.000e+00   8.322e-03   2.717e-02        0
      97       103   -2.698038e+04   0.000e+00   6.710e-03   6.178e-03        0
      98       104   -2.698035e+04   0.000e+00   1.441e-02   3.624e-03        0
      99       105   -2.698029e+04   0.000e+00   2.334e-02   4.624e-03        0
     100       106   -2.698016e+04   0.000e+00   3.412e-02   7.064e-03        0
     101       107   -2.697989e+04   0.000e+00   4.250e-02   2.303e-02        0
     102       108   -2.697953e+04   0.000e+00   3.925e-02   5.079e-02        0
     103       109   -2.697926e+04   0.000e+00   1.945e-02   5.969e-02        0
     104       110   -2.697917e+04   0.000e+00   2.432e-04   2.894e-02        0
     105       111   -2.697916e+04   0.000e+00   6.232e-03   3.859e-03        0
     106       112   -2.697915e+04   0.000e+00   8.591e-03   1.425e-03        0
     107       113   -2.697912e+04   0.000e+00   1.380e-02   2.687e-03        0
     108       114   -2.697905e+04   0.000e+00   2.022e-02   5.892e-03        0
     109       115   -2.697888e+04   0.000e+00   3.130e-02   1.824e-02        0
     110       116   -2.697849e+04   0.000e+00   4.311e-02   4.936e-02        0
     111       117   -2.697779e+04   0.000e+00   5.061e-02   1.056e-01        0
     112       118   -2.697699e+04   0.000e+00   3.448e-02   1.468e-01        0
     113       119   -2.697655e+04   0.000e+00   1.106e-02   9.560e-02        0
     114       120   -2.697646e+04   0.000e+00   1.908e-03   1.217e-02        0
     115       121   -2.697645e+04   0.000e+00   1.090e-03   8.729e-03        0
     116       122   -2.697643e+04   0.000e+00   1.188e-03   8.668e-03        0
     117       123   -2.697639e+04   0.000e+00   3.715e-03   1.152e-02        0
     118       124   -2.697626e+04   0.000e+00   9.096e-03   1.710e-02        0
     119       125   -2.697597e+04   0.000e+00   1.607e-02   1.867e-02        0
     120       126   -2.697527e+04   0.000e+00   2.807e-02   5.672e-02        0
     121       127   -2.697393e+04   0.000e+00   4.186e-02   1.675e-01        0
     122       128   -2.697211e+04   0.000e+00   5.580e-02   3.214e-01        0
     123       129   -2.697084e+04   0.000e+00   3.743e-02   3.039e-01        0
     124       130   -2.697051e+04   0.000e+00   3.115e-03   7.930e-02        0
     125       131   -2.697049e+04   0.000e+00   3.763e-03   1.632e-02        0
     126       132   -2.697048e+04   0.000e+00   4.912e-04   1.322e-02        0
     127       133   -2.697046e+04   0.000e+00   1.093e-02   1.556e-02        0
     128       134   -2.697041e+04   0.000e+00   3.354e-02   1.655e-02        0
     129       135   -2.697026e+04   0.000e+00   6.927e-02   2.952e-02        0
     130       136   -2.696999e+04   0.000e+00   1.131e-01   2.171e-02        0
     131       137   -2.696951e+04   0.000e+00   1.353e-01   6.347e-02        0
     132       138   -2.696906e+04   0.000e+00   1.067e-01   1.252e-01        0
     133       139   -2.696887e+04   0.000e+00   4.111e-02   1.184e-01        0
     134       140   -2.696884e+04   0.000e+00   6.079e-03   1.498e-02        0
     135       141   -2.696884e+04   0.000e+00   1.245e-03   2.731e-03        0
     136       142   -2.696884e+04   0.000e+00   2.959e-04   9.805e-04        0
     137       143   -2.696884e+04   0.000e+00   8.625e-03   2.130e-03        0
     138       144   -2.696883e+04   0.000e+00   1.827e-02   2.918e-03        0
     139       145   -2.696882e+04   0.000e+00   3.144e-02   3.996e-03        0
     140       146   -2.696879e+04   0.000e+00   4.219e-02   6.553e-03        0
     141       147   -2.696876e+04   0.000e+00   3.628e-02   9.097e-03        0
     142       148   -2.696874e+04   0.000e+00   1.554e-02   1.096e-02        0
     143       149   -2.696874e+04   0.000e+00   2.429e-03   4.678e-03        0
     144       150   -2.696874e+04   0.000e+00   2.384e-04   9.110e-04        0
     145       151   -2.696874e+04   0.000e+00   9.898e-05   1.474e-04        0
     146       152   -2.696874e+04   0.000e+00   1.290e-06   1.016e-09        1
     147       153   -2.696874e+04   0.000e+00   6.098e-08   4.069e-05        0
     148       154   -2.696874e+04   0.000e+00   8.123e-08   2.443e-05        0
     149       155   -2.696874e+04   0.000e+00   1.325e-08   1.653e-05        0
     150       156   -2.696874e+04   0.000e+00   4.082e-09   1.646e-05        0

EXIT: Locally optimal solution found.

Final Statistics
----------------
Final objective value               =  -2.69687400324372e+04
Final feasibility error (abs / rel) =   0.00e+00 / 0.00e+00
Final optimality error  (abs / rel) =   4.08e-09 / 4.08e-09
# of iterations                     =        150 
# of CG iterations                  =          1 
# of function evaluations           =        156
# of gradient evaluations           =        151
Total program time (secs)           =    4644.08252 ( 93285.609 CPU time)
Time spent in evaluations (secs)    =    4611.58008

Solution Vector
---------------
x[       0] =   5.62698065025e+00
x[       1] =   5.04304387654e+00
x[       2] =   4.97114122271e+00
x[       3] =   5.43324378646e+00
x[       4] =   5.16645414987e+00
x[       5] =   4.83785003411e+00
x[       6] =   5.42974230691e+00
x[       7] =  -1.53764104461e+00
x[       8] =  -3.26628894427e+00
x[       9] =  -1.74223606089e+00
x[      10] =  -2.87283740512e-02
x[      11] =   1.66764921694e-03
x[      12] =   9.30345865090e-01
x[      13] =   6.89996954084e-01
x[      14] =   5.35437280312e-01
x[      15] =   3.66322688473e-01
x[      16] =   9.41550248694e-01
x[      17] =   1.04971845173e+00
x[      18] =   9.87467348825e-01
x[      19] =   1.13984301910e+00
x[      20] =   9.28644006048e-01
x[      21] =   1.20174308853e+00
x[      22] =   8.60698985791e-02

===============================================================================

