
Solving from new start point (number 2 of 42) <multistart>.


=======================================
*** NO CHECK MADE FOR LICENSE ***
         Artelys Knitro 12.3.0
=======================================

Knitro presolve eliminated 0 variables and 0 constraints.

algorithm:               4
bar_maxcrossit:          3
datacheck:               0
feastol:                 1e-08
hessopt:                 2
maxtime_cpu:             9.99996e+07
maxtime_real:            9.99998e+07
opttol:                  1e-08
outlev:                  5
outmode:                 2
par_concurrent_evals:    0
The problem is identified as bound constrained only.
Knitro changing act_qpalg from AUTO to 3.
Knitro changing honorbnds from AUTO to -1.
Knitro changing linesearch from AUTO to 2.
Knitro changing linsolver from AUTO to 4.

Problem Characteristics                                 (   Presolved)
-----------------------
Objective goal:  Maximize
Objective type:  general
Number of variables:                                 23 (          23)
    bounded below only:                               0 (           0)
    bounded above only:                               0 (           0)
    bounded below and above:                         23 (          23)
    fixed:                                            0 (           0)
    free:                                             0 (           0)
Number of constraints:                                0 (           0)
    linear equalities:                                0 (           0)
    quadratic equalities:                             0 (           0)
    gen. nonlinear equalities:                        0 (           0)
    linear one-sided inequalities:                    0 (           0)
    quadratic one-sided inequalities:                 0 (           0)
    gen. nonlinear one-sided inequalities:            0 (           0)
    linear two-sided inequalities:                    0 (           0)
    quadratic two-sided inequalities:                 0 (           0)
    gen. nonlinear two-sided inequalities:            0 (           0)
Number of nonzeros in Jacobian:                       0 (           0)
Number of nonzeros in Hessian:                        0 (         276)

Knitro using the Sequential Quadratic Programming (SQP) algorithm.

  Iter     fCount     Objective      FeasError   OptError    ||Step||    CGits 
--------  --------  --------------  ----------  ----------  ----------  -------
       0         1   -4.147697e+04   0.000e+00
       1         2   -3.482156e+04   0.000e+00   7.413e-02   1.532e-01        0
       2         4   -3.401600e+04   0.000e+00   2.831e+01   5.323e-01        0
       3         5   -3.317827e+04   0.000e+00   7.847e+00   9.708e-02        0
       4         6   -3.292534e+04   1.735e-18   7.190e+01   3.248e-01        0
       5         7   -3.240280e+04   0.000e+00   4.842e+00   2.492e-01        0
       6         8   -3.160134e+04   0.000e+00   2.919e+01   2.541e-01        0
       7        10   -3.131167e+04   0.000e+00   1.989e+01   3.349e-01        0
       8        12   -3.107899e+04   0.000e+00   1.397e+01   1.276e-01        0
       9        13   -3.092479e+04   0.000e+00   1.377e+00   6.929e-02        0
      10        14   -3.076079e+04   0.000e+00   3.059e+00   1.093e-01        0
      11        15   -3.028400e+04   0.000e+00   6.192e+00   5.036e-01        0
      12        16   -3.019039e+04   1.735e-18   1.471e+01   1.962e-01        0
      13        17   -2.984872e+04   0.000e+00   1.929e+00   6.893e-01        0
      14        18   -2.963204e+04   0.000e+00   3.884e+00   1.871e-01        0
      15        19   -2.951854e+04   0.000e+00   1.775e-01   1.560e-01        0
      16        20   -2.943612e+04   0.000e+00   5.727e+00   1.406e-01        0
      17        21   -2.930725e+04   0.000e+00   2.549e+00   1.327e-01        0
      18        22   -2.908464e+04   1.735e-18   8.992e+00   5.480e-01        0
      19        23   -2.899833e+04   0.000e+00   5.679e+00   9.383e-02        0
      20        24   -2.887712e+04   0.000e+00   3.415e+00   1.219e-01        0
      21        25   -2.863435e+04   0.000e+00   6.791e+00   4.680e-01        0
      22        26   -2.833714e+04   0.000e+00   2.224e+01   7.402e-01        0
      23        27   -2.809555e+04   0.000e+00   9.236e+00   7.808e-01        0
      24        28   -2.795034e+04   0.000e+00   6.679e+00   1.936e-01        0
      25        29   -2.755261e+04   0.000e+00   1.044e+01   4.614e-01        0
      26        30   -2.748029e+04   0.000e+00   5.398e+00   2.081e-01        0
      27        31   -2.743799e+04   0.000e+00   2.865e-01   1.656e-01        0
      28        32   -2.737895e+04   0.000e+00   3.711e+00   1.055e-01        0
      29        33   -2.730649e+04   0.000e+00   2.550e+00   1.622e-01        0
      30        34   -2.724031e+04   0.000e+00   4.322e-01   2.657e-01        0
      31        35   -2.719716e+04   0.000e+00   2.785e+00   1.743e-01        0
      32        36   -2.715186e+04   0.000e+00   1.273e+00   1.345e-01        0
      33        37   -2.707467e+04   0.000e+00   1.725e-01   1.877e-01        0
      34        38   -2.701908e+04   0.000e+00   1.693e+00   1.720e-01        0
      35        39   -2.699794e+04   0.000e+00   4.332e-01   9.868e-02        0
      36        40   -2.699048e+04   0.000e+00   1.143e+00   5.418e-02        0
      37        41   -2.698865e+04   0.000e+00   9.159e-02   2.753e-02        0
      38        42   -2.698770e+04   0.000e+00   2.602e-01   1.241e-02        0
      39        43   -2.698595e+04   0.000e+00   8.007e-01   1.712e-02        0
      40        44   -2.698384e+04   0.000e+00   8.941e-01   2.796e-02        0
      41        45   -2.698256e+04   0.000e+00   5.273e-01   2.247e-02        0
      42        46   -2.698175e+04   0.000e+00   1.757e-02   1.748e-02        0
      43        47   -2.698085e+04   0.000e+00   4.849e-01   2.031e-02        0
      44        48   -2.697919e+04   0.000e+00   1.069e+00   3.716e-02        0
      45        49   -2.697660e+04   0.000e+00   1.476e+00   6.040e-02        0
      46        50   -2.697380e+04   0.000e+00   1.318e+00   6.965e-02        0
      47        51   -2.697207e+04   0.000e+00   5.827e-01   4.432e-02        0
      48        52   -2.697145e+04   0.000e+00   4.948e-02   1.201e-02        0
      49        53   -2.697108e+04   0.000e+00   3.558e-01   6.135e-03        0
      50        54   -2.697058e+04   0.000e+00   5.423e-01   8.940e-03        0
      51        55   -2.697013e+04   0.000e+00   4.357e-01   1.411e-02        0
      52        56   -2.696992e+04   0.000e+00   1.578e-01   1.648e-02        0
      53        57   -2.696986e+04   0.000e+00   5.753e-03   8.682e-03        0
      54        58   -2.696984e+04   0.000e+00   7.484e-02   4.213e-03        0
      55        59   -2.696978e+04   0.000e+00   1.459e-01   5.983e-03        0
      56        60   -2.696969e+04   0.000e+00   1.867e-01   8.235e-03        0
      57        61   -2.696957e+04   0.000e+00   1.528e-01   9.918e-03        0
      58        62   -2.696948e+04   0.000e+00   5.048e-02   8.804e-03        0
      59        63   -2.696942e+04   0.000e+00   5.360e-02   6.679e-03        0
      60        64   -2.696934e+04   0.000e+00   1.452e-01   6.552e-03        0
      61        65   -2.696921e+04   0.000e+00   2.247e-01   1.063e-02        0
      62        66   -2.696904e+04   0.000e+00   2.319e-01   1.796e-02        0
      63        67   -2.696890e+04   0.000e+00   1.285e-01   1.980e-02        0
      64        68   -2.696885e+04   0.000e+00   1.803e-02   1.036e-02        0
      65        69   -2.696884e+04   0.000e+00   2.609e-02   2.890e-03        0
      66        70   -2.696883e+04   0.000e+00   4.671e-02   1.615e-03        0
      67        71   -2.696882e+04   0.000e+00   5.879e-02   2.307e-03        0
      68        72   -2.696880e+04   0.000e+00   4.402e-02   2.942e-03        0
      69        73   -2.696879e+04   0.000e+00   1.240e-02   2.887e-03        0
      70        74   -2.696879e+04   0.000e+00   6.788e-03   1.464e-03        0
      71        75   -2.696879e+04   0.000e+00   1.645e-02   7.950e-04        0
      72        76   -2.696879e+04   0.000e+00   2.702e-02   1.244e-03        0
      73        77   -2.696878e+04   0.000e+00   3.279e-02   2.011e-03        0
      74        78   -2.696877e+04   0.000e+00   2.743e-02   2.656e-03        0
      75        79   -2.696877e+04   0.000e+00   1.126e-02   2.391e-03        0
      76        80   -2.696877e+04   0.000e+00   1.081e-03   1.354e-03        0
      77        81   -2.696876e+04   0.000e+00   1.167e-02   1.206e-03        0
      78        82   -2.696876e+04   0.000e+00   2.176e-02   1.888e-03        0
      79        83   -2.696875e+04   0.000e+00   2.635e-02   3.034e-03        0
      80        84   -2.696875e+04   0.000e+00   1.840e-02   3.290e-03        0
      81        85   -2.696875e+04   0.000e+00   5.562e-03   1.634e-03        0
      82        86   -2.696874e+04   0.000e+00   4.323e-05   4.495e-04        0
      83        87   -2.696874e+04   0.000e+00   1.380e-03   1.991e-04        0
      84        88   -2.696874e+04   0.000e+00   3.508e-03   3.479e-04        0
      85        89   -2.696874e+04   0.000e+00   5.981e-03   5.192e-04        0
      86        90   -2.696874e+04   0.000e+00   8.602e-03   1.084e-03        0
      87        91   -2.696874e+04   0.000e+00   8.280e-03   1.680e-03        0
      88        92   -2.696874e+04   0.000e+00   4.585e-03   1.623e-03        0
      89        93   -2.696874e+04   0.000e+00   8.168e-04   9.038e-04        0
      90        94   -2.696874e+04   0.000e+00   9.347e-05   2.007e-04        0
      91        95   -2.696874e+04   0.000e+00   1.567e-04   1.813e-04        0
      92        96   -2.696874e+04   0.000e+00   1.594e-04   7.998e-05        0
      93        97   -2.696874e+04   0.000e+00   6.080e-05   8.062e-05        0
      94        98   -2.696874e+04   0.000e+00   3.413e-04   2.322e-04        0
      95        99   -2.696874e+04   0.000e+00   5.637e-04   3.229e-04        0
      96       100   -2.696874e+04   0.000e+00   4.843e-04   3.951e-04        0
      97       101   -2.696874e+04   0.000e+00   2.114e-04   2.812e-04        0
      98       102   -2.696874e+04   0.000e+00   1.091e-05   1.004e-04        0
      99       103   -2.696874e+04   0.000e+00   5.755e-05   4.174e-05        0
     100       104   -2.696874e+04   0.000e+00   1.937e-06   1.735e-05        0
     101       105   -2.696874e+04   0.000e+00   5.778e-05   2.014e-05        0
     102       106   -2.696874e+04   0.000e+00   3.154e-04   8.532e-05        0
     103       107   -2.696874e+04   0.000e+00   4.522e-04   1.701e-04        0
     104       108   -2.696874e+04   0.000e+00   5.839e-04   3.150e-04        0
     105       109   -2.696874e+04   0.000e+00   5.396e-04   4.845e-04        0
     106       110   -2.696874e+04   0.000e+00   2.274e-04   3.726e-04        0
     107       111   -2.696874e+04   0.000e+00   3.201e-06   1.155e-04        0
     108       112   -2.696874e+04   0.000e+00   1.131e-04   3.974e-05        0
     109       113   -2.696874e+04   0.000e+00   2.178e-04   4.333e-05        0
     110       114   -2.696874e+04   0.000e+00   3.660e-04   8.810e-05        0
     111       115   -2.696874e+04   0.000e+00   5.955e-04   2.091e-04        0
     112       116   -2.696874e+04   0.000e+00   9.339e-04   6.929e-04        0
     113       117   -2.696874e+04   0.000e+00   1.265e-03   1.663e-03        0
     114       118   -2.696874e+04   0.000e+00   1.330e-03   3.090e-03        0
     115       119   -2.696874e+04   0.000e+00   8.427e-04   3.103e-03        0
     116       120   -2.696874e+04   0.000e+00   2.118e-04   1.252e-03        0
     117       121   -2.696874e+04   0.000e+00   2.142e-05   2.182e-04        0
     118       122   -2.696874e+04   0.000e+00   4.728e-06   1.899e-04        0
     119       123   -2.696874e+04   0.000e+00   1.985e-08   1.739e-11        1
     120       124   -2.696874e+04   0.000e+00   3.925e-07   2.817e-05        0
     121       125   -2.696874e+04   0.000e+00   4.576e-07   2.817e-05        0
     122       126   -2.696874e+04   0.000e+00   1.537e-07   2.767e-05       32
     123       127   -2.696874e+04   0.000e+00   2.613e-07   1.226e-06        0
     124       128   -2.696874e+04   0.000e+00   1.448e-07   1.022e-06        0
     125       129   -2.696874e+04   0.000e+00   3.877e-08   3.676e-07       12
     126       130   -2.696874e+04   0.000e+00   4.033e-07   1.356e-06        0
     127       131   -2.696874e+04   0.000e+00   1.650e-07   1.260e-06        7
     128       132   -2.696874e+04   0.000e+00   2.451e-07   1.001e-06        0
     129       133   -2.696874e+04   0.000e+00   1.456e-07   9.115e-07        9
     130       134   -2.696874e+04   0.000e+00   1.513e-07   5.353e-07        0
     131       135   -2.696874e+04   0.000e+00   2.576e-08   5.570e-09        5
     132       136   -2.696874e+04   0.000e+00   2.237e-08   8.154e-08        0
     133       137   -2.696874e+04   0.000e+00   1.898e-08   8.154e-08        0
     134       138   -2.696874e+04   0.000e+00   9.383e-09   3.204e-08        9

EXIT: Locally optimal solution found.

Final Statistics
----------------
Final objective value               =  -2.69687400324358e+04
Final feasibility error (abs / rel) =   0.00e+00 / 0.00e+00
Final optimality error  (abs / rel) =   9.38e-09 / 9.38e-09
# of iterations                     =        134 
# of CG iterations                  =         75 
# of function evaluations           =        138
# of gradient evaluations           =        135
Total program time (secs)           =    4224.03125 ( 88314.703 CPU time)
Time spent in evaluations (secs)    =    4219.92383

Solution Vector
---------------
x[       0] =   5.62698643774e+00
x[       1] =   5.04304957477e+00
x[       2] =   4.97114571211e+00
x[       3] =   5.43324949319e+00
x[       4] =   5.16646004719e+00
x[       5] =   4.83785547005e+00
x[       6] =   5.42974811698e+00
x[       7] =  -1.53764271552e+00
x[       8] =  -3.26629189393e+00
x[       9] =  -1.74223635159e+00
x[      10] =  -2.87283588460e-02
x[      11] =   1.66764928166e-03
x[      12] =   9.30345679421e-01
x[      13] =   6.89996804417e-01
x[      14] =   5.35437226678e-01
x[      15] =   3.66322473555e-01
x[      16] =   9.41550109403e-01
x[      17] =   1.04971878464e+00
x[      18] =   9.87467219510e-01
x[      19] =   1.13984287396e+00
x[      20] =   9.28643854142e-01
x[      21] =   1.20174301968e+00
x[      22] =   8.60699578934e-02

===============================================================================

