
Solving from new start point (number 5 of 42) <multistart>.


=======================================
*** NO CHECK MADE FOR LICENSE ***
         Artelys Knitro 12.3.0
=======================================

Knitro presolve eliminated 0 variables and 0 constraints.

algorithm:               4
bar_maxcrossit:          3
datacheck:               0
feastol:                 1e-08
hessopt:                 2
maxtime_cpu:             9.99996e+07
maxtime_real:            9.99998e+07
opttol:                  1e-08
outlev:                  5
outmode:                 2
par_concurrent_evals:    0
The problem is identified as bound constrained only.
Knitro changing act_qpalg from AUTO to 3.
Knitro changing honorbnds from AUTO to -1.
Knitro changing linesearch from AUTO to 2.
Knitro changing linsolver from AUTO to 4.

Problem Characteristics                                 (   Presolved)
-----------------------
Objective goal:  Maximize
Objective type:  general
Number of variables:                                 23 (          23)
    bounded below only:                               0 (           0)
    bounded above only:                               0 (           0)
    bounded below and above:                         23 (          23)
    fixed:                                            0 (           0)
    free:                                             0 (           0)
Number of constraints:                                0 (           0)
    linear equalities:                                0 (           0)
    quadratic equalities:                             0 (           0)
    gen. nonlinear equalities:                        0 (           0)
    linear one-sided inequalities:                    0 (           0)
    quadratic one-sided inequalities:                 0 (           0)
    gen. nonlinear one-sided inequalities:            0 (           0)
    linear two-sided inequalities:                    0 (           0)
    quadratic two-sided inequalities:                 0 (           0)
    gen. nonlinear two-sided inequalities:            0 (           0)
Number of nonzeros in Jacobian:                       0 (           0)
Number of nonzeros in Hessian:                        0 (         276)

Knitro using the Sequential Quadratic Programming (SQP) algorithm.

  Iter     fCount     Objective      FeasError   OptError    ||Step||    CGits 
--------  --------  --------------  ----------  ----------  ----------  -------
       0         1   -3.915919e+04   0.000e+00
       1         2   -3.807885e+04   1.735e-18   6.234e+01   1.200e-01        0
       2         3   -3.367311e+04   0.000e+00   1.330e+01   3.208e-01        0
       3         4   -3.313412e+04   0.000e+00   4.526e+01   4.946e-01        0
       4         5   -3.243875e+04   0.000e+00   6.680e+00   1.314e-01        0
       5         6   -3.207681e+04   0.000e+00   4.057e+00   1.595e-01        0
       6         7   -3.120918e+04   0.000e+00   2.696e+01   6.003e-01        0
       7         8   -3.015923e+04   0.000e+00   1.101e+00   4.006e-01        0
       8        10   -3.005475e+04   0.000e+00   1.764e+01   9.949e-02        0
       9        11   -3.001849e+04   1.735e-18   3.862e-01   1.871e-01        0
      10        12   -2.949086e+04   0.000e+00   9.721e+00   2.287e-01        0
      11        13   -2.933846e+04   0.000e+00   6.772e+00   2.617e-01        0
      12        14   -2.911117e+04   0.000e+00   3.652e+00   1.146e-01        0
      13        15   -2.882209e+04   0.000e+00   2.020e+01   5.659e-01        0
      14        16   -2.853961e+04   0.000e+00   3.157e+00   2.172e-01        0
      15        17   -2.839138e+04   0.000e+00   4.201e-02   1.051e-01        0
      16        19   -2.806337e+04   0.000e+00   1.278e-01   3.332e-01        0
      17        20   -2.789359e+04   0.000e+00   1.349e+00   2.739e-01        0
      18        21   -2.769790e+04   1.735e-18   5.284e+00   3.397e-01        0
      19        22   -2.753482e+04   0.000e+00   4.484e+00   2.240e-01        0
      20        23   -2.748454e+04   0.000e+00   4.716e-02   5.671e-02        0
      21        24   -2.743266e+04   0.000e+00   1.323e+00   6.289e-02        0
      22        25   -2.738958e+04   0.000e+00   4.465e+00   4.823e-02        0
      23        26   -2.729598e+04   0.000e+00   4.692e+00   1.698e-01        0
      24        27   -2.726235e+04   0.000e+00   2.783e+00   1.016e-01        0
      25        28   -2.723494e+04   0.000e+00   8.225e-01   1.052e-01        0
      26        29   -2.720584e+04   0.000e+00   2.141e+00   1.227e-01        0
      27        30   -2.716650e+04   0.000e+00   2.557e+00   1.364e-01        0
      28        31   -2.712687e+04   0.000e+00   2.633e+00   1.315e-01        0
      29        32   -2.710914e+04   0.000e+00   9.882e-01   5.871e-02        0
      30        33   -2.709523e+04   0.000e+00   2.700e-01   3.706e-02        0
      31        34   -2.707217e+04   0.000e+00   2.127e+00   6.519e-02        0
      32        35   -2.704567e+04   0.000e+00   3.148e+00   1.117e-01        0
      33        36   -2.702046e+04   0.000e+00   2.138e+00   1.591e-01        0
      34        37   -2.701026e+04   0.000e+00   2.776e-01   1.079e-01        0
      35        38   -2.700774e+04   0.000e+00   1.033e-01   2.815e-02        0
      36        39   -2.700379e+04   0.000e+00   5.863e-01   3.758e-02        0
      37        40   -2.699773e+04   0.000e+00   9.266e-01   4.986e-02        0
      38        41   -2.698891e+04   0.000e+00   1.046e+00   7.385e-02        0
      39        42   -2.698193e+04   0.000e+00   5.943e-01   6.895e-02        0
      40        43   -2.697975e+04   0.000e+00   7.329e-02   3.428e-02        0
      41        44   -2.697939e+04   0.000e+00   3.786e-02   1.235e-02        0
      42        45   -2.697916e+04   0.000e+00   5.255e-02   8.369e-03        0
      43        46   -2.697867e+04   0.000e+00   4.273e-02   1.320e-02        0
      44        47   -2.697789e+04   0.000e+00   1.041e-02   1.766e-02        0
      45        48   -2.697702e+04   0.000e+00   2.876e-02   2.159e-02        0
      46        49   -2.697649e+04   0.000e+00   5.297e-02   1.919e-02        0
      47        50   -2.697623e+04   0.000e+00   5.001e-02   1.211e-02        0
      48        51   -2.697595e+04   0.000e+00   2.876e-02   1.094e-02        0
      49        52   -2.697537e+04   0.000e+00   1.931e-02   1.791e-02        0
      50        53   -2.697441e+04   0.000e+00   8.766e-02   2.900e-02        0
      51        54   -2.697338e+04   0.000e+00   1.227e-01   3.741e-02        0
      52        55   -2.697285e+04   0.000e+00   6.105e-02   2.670e-02        0
      53        56   -2.697271e+04   0.000e+00   5.936e-03   1.113e-02        0
      54        57   -2.697265e+04   0.000e+00   3.293e-02   5.125e-03        0
      55        58   -2.697256e+04   0.000e+00   5.733e-02   5.932e-03        0
      56        59   -2.697243e+04   0.000e+00   6.963e-02   6.931e-03        0
      57        60   -2.697231e+04   0.000e+00   5.621e-02   8.411e-03        0
      58        61   -2.697225e+04   0.000e+00   3.024e-02   7.525e-03        0
      59        62   -2.697223e+04   0.000e+00   1.088e-02   4.135e-03        0
      60        63   -2.697220e+04   0.000e+00   8.390e-03   3.798e-03        0
      61        64   -2.697213e+04   0.000e+00   3.579e-02   6.308e-03        0
      62        65   -2.697201e+04   0.000e+00   6.338e-02   1.118e-02        0
      63        66   -2.697186e+04   0.000e+00   6.761e-02   1.672e-02        0
      64        67   -2.697174e+04   0.000e+00   3.208e-02   1.581e-02        0
      65        68   -2.697169e+04   0.000e+00   9.709e-03   8.740e-03        0
      66        69   -2.697164e+04   0.000e+00   3.848e-02   5.312e-03        0
      67        70   -2.697157e+04   0.000e+00   6.942e-02   7.610e-03        0
      68        71   -2.697144e+04   0.000e+00   9.251e-02   1.323e-02        0
      69        72   -2.697129e+04   0.000e+00   8.260e-02   1.882e-02        0
      70        73   -2.697120e+04   0.000e+00   4.141e-02   1.451e-02        0
      71        74   -2.697118e+04   0.000e+00   9.804e-03   5.302e-03        0
      72        75   -2.697117e+04   0.000e+00   5.976e-03   2.040e-03        0
      73        76   -2.697114e+04   0.000e+00   2.427e-02   2.431e-03        0
      74        77   -2.697110e+04   0.000e+00   4.212e-02   4.391e-03        0
      75        78   -2.697105e+04   0.000e+00   4.407e-02   7.784e-03        0
      76        79   -2.697102e+04   0.000e+00   2.363e-02   7.858e-03        0
      77        80   -2.697102e+04   0.000e+00   4.302e-03   3.455e-03        0
      78        81   -2.697101e+04   0.000e+00   4.128e-03   1.156e-03        0
      79        82   -2.697101e+04   0.000e+00   1.354e-02   1.410e-03        0
      80        83   -2.697099e+04   0.000e+00   2.682e-02   2.872e-03        0
      81        84   -2.697096e+04   0.000e+00   3.992e-02   6.119e-03        0
      82        85   -2.697091e+04   0.000e+00   4.381e-02   1.076e-02        0
      83        86   -2.697087e+04   0.000e+00   2.782e-02   1.110e-02        0
      84        87   -2.697085e+04   0.000e+00   5.991e-03   5.375e-03        0
      85        88   -2.697085e+04   0.000e+00   4.947e-03   1.535e-03        0
      86        89   -2.697084e+04   0.000e+00   1.270e-02   1.261e-03        0
      87        90   -2.697083e+04   0.000e+00   2.067e-02   2.015e-03        0
      88        91   -2.697081e+04   0.000e+00   2.437e-02   3.870e-03        0
      89        92   -2.697079e+04   0.000e+00   1.742e-02   5.243e-03        0
      90        93   -2.697079e+04   0.000e+00   7.149e-03   4.147e-03        0
      91        94   -2.697078e+04   0.000e+00   2.620e-04   1.430e-03        0
      92        95   -2.697078e+04   0.000e+00   6.618e-03   1.547e-03        0
      93        96   -2.697077e+04   0.000e+00   1.717e-02   3.076e-03        0
      94        97   -2.697074e+04   0.000e+00   3.292e-02   8.276e-03        0
      95        98   -2.697066e+04   0.000e+00   5.694e-02   2.134e-02        0
      96        99   -2.697049e+04   0.000e+00   8.721e-02   5.177e-02        0
      97       100   -2.697016e+04   0.000e+00   1.101e-01   1.055e-01        0
      98       101   -2.696973e+04   0.000e+00   9.481e-02   1.513e-01        0
      99       102   -2.696943e+04   0.000e+00   4.437e-02   1.112e-01        0
     100       103   -2.696935e+04   0.000e+00   7.957e-03   1.775e-02        0
     101       104   -2.696934e+04   0.000e+00   5.733e-03   1.250e-02        0
     102       105   -2.696933e+04   0.000e+00   1.364e-02   1.234e-02        0
     103       106   -2.696931e+04   0.000e+00   2.514e-02   1.249e-02        0
     104       107   -2.696924e+04   0.000e+00   4.462e-02   1.754e-02        0
     105       108   -2.696913e+04   0.000e+00   6.017e-02   1.219e-02        0
     106       109   -2.696894e+04   0.000e+00   6.087e-02   5.783e-02        0
     107       110   -2.696880e+04   0.000e+00   3.865e-02   9.598e-02        0
     108       111   -2.696875e+04   0.000e+00   1.130e-02   6.372e-02        0
     109       112   -2.696875e+04   0.000e+00   1.866e-04   1.137e-02        0
     110       113   -2.696875e+04   0.000e+00   6.251e-04   1.277e-03        0
     111       114   -2.696875e+04   0.000e+00   5.442e-04   7.069e-04        0
     112       115   -2.696875e+04   0.000e+00   4.920e-05   2.002e-03        0
     113       116   -2.696875e+04   0.000e+00   7.848e-04   2.070e-03        0
     114       117   -2.696875e+04   0.000e+00   2.143e-03   2.462e-03        0
     115       118   -2.696874e+04   0.000e+00   3.079e-03   2.300e-03        0
     116       119   -2.696874e+04   0.000e+00   2.564e-03   4.157e-03        0
     117       120   -2.696874e+04   0.000e+00   1.102e-03   3.705e-03        0
     118       121   -2.696874e+04   0.000e+00   3.697e-04   1.583e-03        0
     119       122   -2.696874e+04   0.000e+00   1.118e-04   2.212e-04        0
     120       123   -2.696874e+04   0.000e+00   1.650e-04   2.161e-04        0
     121       124   -2.696874e+04   0.000e+00   6.958e-04   2.544e-04        0
     122       125   -2.696874e+04   0.000e+00   1.508e-03   3.328e-04        0
     123       126   -2.696874e+04   0.000e+00   2.389e-03   4.718e-04        0
     124       127   -2.696874e+04   0.000e+00   2.602e-03   7.031e-04        0
     125       128   -2.696874e+04   0.000e+00   1.533e-03   7.131e-04        0
     126       129   -2.696874e+04   0.000e+00   5.718e-04   7.573e-04        0
     127       130   -2.696874e+04   0.000e+00   6.572e-05   2.878e-04        0
     128       131   -2.696874e+04   0.000e+00   2.482e-06   2.557e-04        0
     129       132   -2.696874e+04   0.000e+00   1.340e-05   2.539e-04        0
     130       133   -2.696874e+04   0.000e+00   2.917e-05   2.524e-04        0
     131       134   -2.696874e+04   0.000e+00   1.122e-05   3.913e-06        5
     132       135   -2.696874e+04   0.000e+00   2.993e-05   2.439e-04        0
     133       136   -2.696874e+04   0.000e+00   4.332e-06   2.432e-04        0
     134       137   -2.696874e+04   0.000e+00   2.136e-06   2.401e-04        0
     135       138   -2.696874e+04   0.000e+00   3.153e-08   1.382e-06        0
     136       139   -2.696874e+04   0.000e+00   5.057e-07   1.421e-06       22
     137       140   -2.696874e+04   0.000e+00   3.301e-07   4.258e-07        0
     138       141   -2.696874e+04   0.000e+00   1.137e-09   1.658e-12        1

EXIT: Locally optimal solution found.

Final Statistics
----------------
Final objective value               =  -2.69687400324358e+04
Final feasibility error (abs / rel) =   0.00e+00 / 0.00e+00
Final optimality error  (abs / rel) =   1.14e-09 / 1.14e-09
# of iterations                     =        138 
# of CG iterations                  =         28 
# of function evaluations           =        141
# of gradient evaluations           =        139
Total program time (secs)           =    4335.96143 ( 90655.750 CPU time)
Time spent in evaluations (secs)    =    4327.36719

Solution Vector
---------------
x[       0] =   5.62698641500e+00
x[       1] =   5.04304967018e+00
x[       2] =   4.97114561694e+00
x[       3] =   5.43324949393e+00
x[       4] =   5.16645999129e+00
x[       5] =   4.83785556276e+00
x[       6] =   5.42974800499e+00
x[       7] =  -1.53764271254e+00
x[       8] =  -3.26629189354e+00
x[       9] =  -1.74223632437e+00
x[      10] =  -2.87283616958e-02
x[      11] =   1.66764932896e-03
x[      12] =   9.30345695397e-01
x[      13] =   6.89996815102e-01
x[      14] =   5.35437234836e-01
x[      15] =   3.66322482883e-01
x[      16] =   9.41550060527e-01
x[      17] =   1.04971881655e+00
x[      18] =   9.87467204256e-01
x[      19] =   1.13984288092e+00
x[      20] =   9.28643815033e-01
x[      21] =   1.20174305010e+00
x[      22] =   8.60699579334e-02

===============================================================================

