
Solving from new start point (number 32 of 42) <multistart>.


=======================================
*** NO CHECK MADE FOR LICENSE ***
         Artelys Knitro 12.3.0
=======================================

Knitro presolve eliminated 0 variables and 0 constraints.

algorithm:               4
bar_maxcrossit:          3
datacheck:               0
feastol:                 1e-08
hessopt:                 2
maxtime_cpu:             9.99086e+07
maxtime_real:            9.99955e+07
opttol:                  1e-08
outlev:                  5
outmode:                 2
par_concurrent_evals:    0
The problem is identified as bound constrained only.
Knitro changing act_qpalg from AUTO to 3.
Knitro changing honorbnds from AUTO to -1.
Knitro changing linesearch from AUTO to 2.
Knitro changing linsolver from AUTO to 4.

Problem Characteristics                                 (   Presolved)
-----------------------
Objective goal:  Maximize
Objective type:  general
Number of variables:                                 23 (          23)
    bounded below only:                               0 (           0)
    bounded above only:                               0 (           0)
    bounded below and above:                         23 (          23)
    fixed:                                            0 (           0)
    free:                                             0 (           0)
Number of constraints:                                0 (           0)
    linear equalities:                                0 (           0)
    quadratic equalities:                             0 (           0)
    gen. nonlinear equalities:                        0 (           0)
    linear one-sided inequalities:                    0 (           0)
    quadratic one-sided inequalities:                 0 (           0)
    gen. nonlinear one-sided inequalities:            0 (           0)
    linear two-sided inequalities:                    0 (           0)
    quadratic two-sided inequalities:                 0 (           0)
    gen. nonlinear two-sided inequalities:            0 (           0)
Number of nonzeros in Jacobian:                       0 (           0)
Number of nonzeros in Hessian:                        0 (         276)

Knitro using the Sequential Quadratic Programming (SQP) algorithm.

  Iter     fCount     Objective      FeasError   OptError    ||Step||    CGits 
--------  --------  --------------  ----------  ----------  ----------  -------
       0         1   -4.583601e+04   0.000e+00
       1         3   -4.430588e+04   0.000e+00   7.182e+02   2.495e-01        0
       2         4   -3.635898e+04   0.000e+00   1.114e+01   3.176e+00        0
       3         5   -3.541799e+04   0.000e+00   3.426e+00   2.717e-01        0
       4         6   -3.468198e+04   0.000e+00   1.538e+00   4.211e-01        0
       5         7   -3.416551e+04   0.000e+00   1.454e+00   3.504e-01        0
       6         8   -3.361440e+04   0.000e+00   1.061e+01   7.196e-01        0
       7         9   -3.318391e+04   0.000e+00   2.149e+01   2.980e-01        0
       8        10   -3.195296e+04   0.000e+00   3.720e+00   7.252e-01        0
       9        11   -3.088522e+04   0.000e+00   1.779e+01   1.332e+00        0
      10        12   -3.043004e+04   0.000e+00   2.861e+01   5.083e-01        0
      11        13   -2.999147e+04   0.000e+00   3.457e+01   3.621e-01        0
      12        14   -2.969475e+04   0.000e+00   3.337e+01   4.071e-01        0
      13        15   -2.946081e+04   0.000e+00   5.181e-01   5.726e-01        0
      14        16   -2.929887e+04   0.000e+00   4.828e-01   3.610e-01        0
      15        17   -2.896880e+04   0.000e+00   3.339e-01   8.732e-01        0
      16        18   -2.887364e+04   0.000e+00   1.851e-01   2.324e-01        0
      17        19   -2.883434e+04   0.000e+00   1.203e-01   1.352e-01        0
      18        20   -2.881539e+04   0.000e+00   1.389e-02   7.970e-02        0
      19        21   -2.877936e+04   0.000e+00   7.200e-02   1.508e-01        0
      20        22   -2.875163e+04   0.000e+00   1.293e-01   1.117e-01        0
      21        23   -2.872682e+04   0.000e+00   1.342e-01   1.211e-01        0
      22        24   -2.870322e+04   0.000e+00   9.671e-02   1.723e-01        0
      23        25   -2.868604e+04   0.000e+00   5.708e-02   1.480e-01        0
      24        26   -2.866923e+04   0.000e+00   1.489e-02   1.336e-01        0
      25        27   -2.865684e+04   0.000e+00   1.211e-02   1.032e-01        0
      26        28   -2.865160e+04   0.000e+00   6.680e-03   5.974e-02        0
      27        29   -2.864979e+04   0.000e+00   1.106e-02   2.558e-02        0
      28        30   -2.864878e+04   0.000e+00   1.349e-02   1.603e-02        0
      29        31   -2.864829e+04   0.000e+00   9.166e-03   1.182e-02        0
      30        32   -2.864807e+04   0.000e+00   3.222e-03   8.302e-03        0
      31        33   -2.864794e+04   0.000e+00   1.432e-03   6.736e-03        0
      32        34   -2.864780e+04   0.000e+00   5.226e-03   8.607e-03        0
      33        35   -2.864764e+04   0.000e+00   7.834e-03   1.179e-02        0
      34        36   -2.864747e+04   0.000e+00   8.463e-03   1.352e-02        0
      35        37   -2.864735e+04   0.000e+00   7.151e-03   1.068e-02        0
      36        38   -2.864729e+04   0.000e+00   5.303e-03   6.217e-03        0
      37        39   -2.864725e+04   0.000e+00   3.633e-03   4.451e-03        0
      38        40   -2.864722e+04   0.000e+00   1.801e-03   4.423e-03        0
      39        41   -2.864720e+04   0.000e+00   3.106e-04   4.134e-03        0
      40        42   -2.864719e+04   0.000e+00   1.914e-03   3.174e-03        0
      41        43   -2.864718e+04   0.000e+00   3.236e-03   2.479e-03        0
      42        44   -2.864717e+04   0.000e+00   4.507e-03   3.006e-03        0
      43        45   -2.864715e+04   0.000e+00   5.719e-03   4.872e-03        0
      44        46   -2.864713e+04   0.000e+00   6.067e-03   7.256e-03        0
      45        47   -2.864711e+04   0.000e+00   4.638e-03   7.478e-03        0
      46        48   -2.864710e+04   0.000e+00   2.243e-03   4.156e-03        0
      47        49   -2.864710e+04   0.000e+00   5.489e-04   1.214e-03        0
      48        50   -2.864709e+04   0.000e+00   2.621e-04   6.142e-04        0
      49        51   -2.864709e+04   0.000e+00   4.829e-04   6.133e-04        0
      50        52   -2.864709e+04   0.000e+00   3.437e-04   5.753e-04        0
      51        53   -2.864709e+04   0.000e+00   1.149e-04   5.490e-04        0
      52        54   -2.864709e+04   0.000e+00   1.535e-04   7.199e-04        0
      53        55   -2.864709e+04   0.000e+00   3.660e-04   9.283e-04        0
      54        56   -2.864709e+04   0.000e+00   3.537e-04   9.059e-04        0
      55        57   -2.864709e+04   0.000e+00   1.598e-04   5.312e-04        0
      56        58   -2.864709e+04   0.000e+00   1.820e-05   2.607e-04        0
      57        59   -2.864709e+04   0.000e+00   5.378e-05   1.335e-04        0
      58        60   -2.864709e+04   0.000e+00   4.080e-05   8.344e-05        0
      59        61   -2.864709e+04   0.000e+00   1.483e-05   6.509e-05        0
      60        62   -2.864709e+04   0.000e+00   3.974e-06   2.533e-05        0
      61        63   -2.864709e+04   0.000e+00   2.837e-06   1.229e-05        0
      62        64   -2.864709e+04   0.000e+00   4.868e-06   1.313e-05        0
      63        65   -2.864709e+04   0.000e+00   2.588e-06   1.304e-05        0
      64        66   -2.864709e+04   0.000e+00   1.690e-06   1.620e-05        0
      65        67   -2.864709e+04   0.000e+00   5.499e-06   1.962e-05        0
      66        68   -2.864709e+04   0.000e+00   6.272e-06   1.862e-05        0
      67        69   -2.864709e+04   0.000e+00   3.448e-06   1.267e-05        0
      68        70   -2.864709e+04   0.000e+00   1.016e-06   6.797e-06        0
      69        71   -2.864709e+04   0.000e+00   2.245e-07   1.989e-06        0
      70        72   -2.864709e+04   0.000e+00   1.375e-07   6.803e-07        0
      71        73   -2.864709e+04   0.000e+00   1.633e-07   7.089e-07        0
      72        74   -2.864709e+04   0.000e+00   7.235e-08   5.570e-07        0
      73        75   -2.864709e+04   0.000e+00   3.212e-08   1.982e-07        0

EXIT: Locally optimal solution found.

Final Statistics
----------------
Final objective value               =  -2.86470896333327e+04
Final feasibility error (abs / rel) =   0.00e+00 / 0.00e+00
Final optimality error  (abs / rel) =   3.21e-08 / 6.22e-09
# of iterations                     =         73 
# of CG iterations                  =          0 
# of function evaluations           =         75
# of gradient evaluations           =         74
Total program time (secs)           =    2328.43579 ( 48131.414 CPU time)
Time spent in evaluations (secs)    =    2299.08813

Solution Vector
---------------
x[       0] =   3.98731025237e+00
x[       1] =   3.52638787976e+00
x[       2] =   3.53185749332e+00
x[       3] =   3.97481606521e+00
x[       4] =   3.86891746945e+00
x[       5] =   3.32431842936e+00
x[       6] =   4.35049490276e+00
x[       7] =  -2.30646773347e+00
x[       8] =  -1.63314754112e+00
x[       9] =  -2.61336383632e+00
x[      10] =  -1.72756577790e-02
x[      11] =   2.50148241056e-03
x[      12] =   1.01824593771e+00
x[      13] =   7.40435267047e-01
x[      14] =   5.71230038895e-01
x[      15] =   4.43441573082e-01
x[      16] =   1.00322977361e+00
x[      17] =   1.08057742676e+00
x[      18] =   9.54525017020e-01
x[      19] =   1.06032442433e+00
x[      20] =   1.00942811731e+00
x[      21] =   9.33993357664e-01
x[      22] =   1.29105382952e-01

===============================================================================

