
Solving from new start point (number 42 of 42) <multistart>.


=======================================
*** NO CHECK MADE FOR LICENSE ***
         Artelys Knitro 12.3.0
=======================================

Knitro presolve eliminated 0 variables and 0 constraints.

algorithm:               4
bar_maxcrossit:          3
datacheck:               0
feastol:                 1e-08
hessopt:                 2
maxtime_cpu:             9.98736e+07
maxtime_real:            9.99938e+07
opttol:                  1e-08
outlev:                  5
outmode:                 2
par_concurrent_evals:    0
The problem is identified as bound constrained only.
Knitro changing act_qpalg from AUTO to 3.
Knitro changing honorbnds from AUTO to -1.
Knitro changing linesearch from AUTO to 2.
Knitro changing linsolver from AUTO to 4.

Problem Characteristics                                 (   Presolved)
-----------------------
Objective goal:  Maximize
Objective type:  general
Number of variables:                                 23 (          23)
    bounded below only:                               0 (           0)
    bounded above only:                               0 (           0)
    bounded below and above:                         23 (          23)
    fixed:                                            0 (           0)
    free:                                             0 (           0)
Number of constraints:                                0 (           0)
    linear equalities:                                0 (           0)
    quadratic equalities:                             0 (           0)
    gen. nonlinear equalities:                        0 (           0)
    linear one-sided inequalities:                    0 (           0)
    quadratic one-sided inequalities:                 0 (           0)
    gen. nonlinear one-sided inequalities:            0 (           0)
    linear two-sided inequalities:                    0 (           0)
    quadratic two-sided inequalities:                 0 (           0)
    gen. nonlinear two-sided inequalities:            0 (           0)
Number of nonzeros in Jacobian:                       0 (           0)
Number of nonzeros in Hessian:                        0 (         276)

Knitro using the Sequential Quadratic Programming (SQP) algorithm.

  Iter     fCount     Objective      FeasError   OptError    ||Step||    CGits 
--------  --------  --------------  ----------  ----------  ----------  -------
       0         1   -8.431836e+04   0.000e+00
       1         2   -3.438379e+04   0.000e+00   1.464e+01   5.980e-01        0
       2         3   -3.232496e+04   1.735e-18   4.917e+00   6.963e-01        0
       3         4   -3.120068e+04   0.000e+00   6.560e+00   2.397e-01        0
       4         6   -3.070832e+04   0.000e+00   4.306e+00   7.877e-02        0
       5         8   -3.064259e+04   0.000e+00   1.846e+00   1.769e-01        0
       6         9   -3.037321e+04   0.000e+00   3.128e+00   1.234e-01        0
       7        10   -3.009495e+04   0.000e+00   4.184e-01   6.602e-02        0
       8        11   -2.984886e+04   0.000e+00   6.793e+00   1.600e-01        0
       9        12   -2.965391e+04   0.000e+00   4.045e+00   8.007e-02        0
      10        13   -2.946536e+04   0.000e+00   9.641e-01   1.614e-01        0
      11        14   -2.939775e+04   0.000e+00   6.280e-01   2.486e-02        0
      12        15   -2.929126e+04   0.000e+00   9.401e-01   8.080e-02        0
      13        16   -2.926207e+04   0.000e+00   4.215e-01   2.761e-02        0
      14        17   -2.924954e+04   0.000e+00   1.417e-01   1.329e-02        0
      15        18   -2.920367e+04   0.000e+00   1.514e-01   8.357e-02        0
      16        19   -2.916641e+04   0.000e+00   9.841e-01   4.905e-02        0
      17        20   -2.903704e+04   0.000e+00   1.893e+00   2.739e-01        0
      18        21   -2.900714e+04   0.000e+00   1.091e+00   3.149e-02        0
      19        22   -2.899975e+04   0.000e+00   2.167e-01   1.365e-02        0
      20        23   -2.899623e+04   0.000e+00   1.143e-01   1.924e-02        0
      21        24   -2.899237e+04   0.000e+00   3.456e-01   7.889e-03        0
      22        25   -2.896897e+04   0.000e+00   8.926e-01   4.803e-02        0
      23        26   -2.888118e+04   0.000e+00   1.799e+00   2.599e-01        0
      24        27   -2.885453e+04   0.000e+00   1.385e+00   2.252e-01        0
      25        28   -2.884333e+04   0.000e+00   6.592e-01   2.020e-02        0
      26        29   -2.882651e+04   0.000e+00   1.110e+00   3.979e-02        0
      27        30   -2.881179e+04   0.000e+00   1.932e+00   6.018e-02        0
      28        31   -2.876327e+04   0.000e+00   3.458e+00   2.038e-01        0
      29        32   -2.870817e+04   0.000e+00   3.468e+00   2.005e-01        0
      30        33   -2.866572e+04   0.000e+00   1.569e+00   8.492e-02        0
      31        34   -2.865414e+04   0.000e+00   4.523e-01   3.048e-02        0
      32        35   -2.864880e+04   0.000e+00   7.314e-01   1.314e-02        0
      33        36   -2.861814e+04   0.000e+00   1.036e+00   7.066e-02        0
      34        37   -2.850451e+04   0.000e+00   1.702e+00   3.610e-01        0
      35        38   -2.842269e+04   0.000e+00   2.393e+00   5.063e-01        0
      36        39   -2.838335e+04   0.000e+00   1.309e+00   1.814e-01        0
      37        40   -2.834222e+04   0.000e+00   1.148e+00   1.496e-01        0
      38        41   -2.830283e+04   0.000e+00   1.583e+00   1.491e-01        0
      39        42   -2.814638e+04   0.000e+00   2.270e+00   5.105e-01        0
      40        43   -2.801397e+04   0.000e+00   1.191e+00   8.097e-01        0
      41        44   -2.764975e+04   0.000e+00   6.191e+00   4.486e-01        0
      42        45   -2.742370e+04   0.000e+00   4.195e+00   3.810e-01        0
      43        46   -2.730972e+04   0.000e+00   1.185e+00   2.780e-01        0
      44        47   -2.726799e+04   0.000e+00   3.232e-01   8.747e-02        0
      45        48   -2.725792e+04   0.000e+00   2.485e-01   4.868e-02        0
      46        49   -2.723120e+04   0.000e+00   1.341e-01   4.785e-02        0
      47        50   -2.714226e+04   0.000e+00   7.113e-01   1.412e-01        0
      48        51   -2.708240e+04   0.000e+00   2.237e-01   1.380e-01        0
      49        52   -2.704675e+04   0.000e+00   5.165e-01   1.870e-01        0
      50        53   -2.704367e+04   0.000e+00   1.142e-01   5.735e-02        0
      51        54   -2.704249e+04   0.000e+00   4.593e-02   2.038e-02        0
      52        55   -2.704039e+04   0.000e+00   6.582e-02   2.809e-02        0
      53        56   -2.703691e+04   0.000e+00   7.490e-02   3.727e-02        0
      54        57   -2.702957e+04   0.000e+00   1.226e-01   6.202e-02        0
      55        58   -2.701854e+04   0.000e+00   1.495e-02   8.301e-02        0
      56        59   -2.700899e+04   0.000e+00   7.069e-02   6.988e-02        0
      57        60   -2.700456e+04   0.000e+00   2.256e-02   5.667e-02        0
      58        61   -2.700351e+04   0.000e+00   5.928e-02   3.620e-02        0
      59        62   -2.700302e+04   0.000e+00   9.597e-03   1.408e-02        0
      60        63   -2.700208e+04   0.000e+00   5.657e-02   2.170e-02        0
      61        64   -2.700006e+04   0.000e+00   1.584e-01   3.096e-02        0
      62        65   -2.699605e+04   0.000e+00   2.353e-01   5.281e-02        0
      63        66   -2.699020e+04   0.000e+00   2.584e-01   7.491e-02        0
      64        67   -2.698507e+04   0.000e+00   1.517e-01   7.486e-02        0
      65        68   -2.698297e+04   0.000e+00   4.602e-02   4.388e-02        0
      66        69   -2.698255e+04   0.000e+00   1.283e-02   1.577e-02        0
      67        70   -2.698233e+04   0.000e+00   3.116e-02   7.186e-03        0
      68        71   -2.698179e+04   0.000e+00   5.134e-02   1.015e-02        0
      69        72   -2.698065e+04   0.000e+00   6.491e-02   1.416e-02        0
      70        73   -2.697839e+04   0.000e+00   6.626e-02   3.284e-02        0
      71        74   -2.697535e+04   0.000e+00   3.925e-02   6.245e-02        0
      72        75   -2.697306e+04   0.000e+00   6.299e-03   6.613e-02        0
      73        76   -2.697231e+04   0.000e+00   2.186e-02   2.952e-02        0
      74        77   -2.697224e+04   0.000e+00   8.064e-03   5.020e-03        0
      75        78   -2.697222e+04   0.000e+00   1.875e-03   2.303e-03        0
      76        79   -2.697216e+04   0.000e+00   2.235e-02   4.798e-03        0
      77        80   -2.697206e+04   0.000e+00   4.901e-02   5.480e-03        0
      78        81   -2.697186e+04   0.000e+00   7.616e-02   8.579e-03        0
      79        82   -2.697162e+04   0.000e+00   7.675e-02   1.211e-02        0
      80        83   -2.697147e+04   0.000e+00   3.987e-02   1.370e-02        0
      81        84   -2.697142e+04   0.000e+00   7.432e-03   7.531e-03        0
      82        85   -2.697140e+04   0.000e+00   8.559e-03   2.968e-03        0
      83        86   -2.697137e+04   0.000e+00   2.876e-02   3.168e-03        0
      84        87   -2.697128e+04   0.000e+00   5.734e-02   5.394e-03        0
      85        88   -2.697110e+04   0.000e+00   9.217e-02   1.066e-02        0
      86        89   -2.697079e+04   0.000e+00   1.130e-01   1.935e-02        0
      87        90   -2.697048e+04   0.000e+00   8.956e-02   2.439e-02        0
      88        91   -2.697033e+04   0.000e+00   3.178e-02   1.557e-02        0
      89        92   -2.697029e+04   0.000e+00   1.317e-03   4.622e-03        0
      90        93   -2.697027e+04   0.000e+00   1.404e-02   2.058e-03        0
      91        94   -2.697023e+04   0.000e+00   3.230e-02   3.125e-03        0
      92        95   -2.697013e+04   0.000e+00   5.615e-02   5.214e-03        0
      93        96   -2.696994e+04   0.000e+00   7.549e-02   1.184e-02        0
      94        97   -2.696970e+04   0.000e+00   7.139e-02   2.107e-02        0
      95        98   -2.696954e+04   0.000e+00   3.730e-02   2.060e-02        0
      96        99   -2.696950e+04   0.000e+00   8.937e-03   7.716e-03        0
      97       100   -2.696950e+04   0.000e+00   7.867e-04   1.355e-03        0
      98       101   -2.696949e+04   0.000e+00   5.151e-03   9.103e-04        0
      99       102   -2.696948e+04   0.000e+00   1.356e-02   1.560e-03        0
     100       103   -2.696945e+04   0.000e+00   2.376e-02   2.716e-03        0
     101       104   -2.696939e+04   0.000e+00   3.570e-02   5.812e-03        0
     102       105   -2.696931e+04   0.000e+00   3.904e-02   1.126e-02        0
     103       106   -2.696922e+04   0.000e+00   2.469e-02   1.408e-02        0
     104       107   -2.696919e+04   0.000e+00   5.229e-03   7.641e-03        0
     105       108   -2.696918e+04   0.000e+00   5.152e-03   2.272e-03        0
     106       109   -2.696917e+04   0.000e+00   1.171e-02   1.655e-03        0
     107       110   -2.696914e+04   0.000e+00   2.114e-02   2.562e-03        0
     108       111   -2.696908e+04   0.000e+00   3.060e-02   6.302e-03        0
     109       112   -2.696899e+04   0.000e+00   3.408e-02   1.216e-02        0
     110       113   -2.696891e+04   0.000e+00   2.215e-02   1.377e-02        0
     111       114   -2.696888e+04   0.000e+00   7.201e-03   7.263e-03        0
     112       115   -2.696887e+04   0.000e+00   6.859e-04   1.314e-03        0
     113       116   -2.696887e+04   0.000e+00   4.280e-04   4.914e-04        0
     114       117   -2.696887e+04   0.000e+00   1.279e-03   5.325e-04        0
     115       118   -2.696887e+04   0.000e+00   2.851e-03   9.107e-04        0
     116       119   -2.696886e+04   0.000e+00   4.912e-03   1.404e-03        0
     117       120   -2.696885e+04   0.000e+00   7.850e-03   2.906e-03        0
     118       121   -2.696883e+04   0.000e+00   9.645e-03   5.844e-03        0
     119       122   -2.696881e+04   0.000e+00   8.328e-03   8.394e-03        0
     120       123   -2.696880e+04   0.000e+00   3.560e-03   6.698e-03        0
     121       124   -2.696880e+04   0.000e+00   6.476e-04   1.882e-03        0
     122       125   -2.696880e+04   0.000e+00   2.205e-04   5.693e-04        0
     123       126   -2.696880e+04   0.000e+00   1.568e-05   3.186e-04        0
     124       127   -2.696879e+04   0.000e+00   1.498e-04   3.158e-04        0
     125       128   -2.696879e+04   0.000e+00   4.629e-04   3.381e-04        0
     126       129   -2.696879e+04   0.000e+00   8.662e-04   1.369e-03        0
     127       130   -2.696879e+04   0.000e+00   2.065e-03   3.071e-03        0
     128       131   -2.696879e+04   0.000e+00   1.641e-03   3.004e-03        0
     129       132   -2.696878e+04   0.000e+00   8.381e-04   3.193e-03        0
     130       133   -2.696878e+04   0.000e+00   3.835e-05   1.074e-03        0
     131       134   -2.696878e+04   0.000e+00   4.902e-05   2.272e-04        0
     132       135   -2.696878e+04   0.000e+00   5.460e-05   1.094e-04        0
     133       136   -2.696878e+04   0.000e+00   1.260e-04   1.243e-04        0
     134       137   -2.696878e+04   0.000e+00   3.006e-04   2.943e-04        0
     135       138   -2.696878e+04   0.000e+00   5.437e-04   3.248e-04        0
     136       139   -2.696878e+04   0.000e+00   1.090e-03   1.296e-03        0
     137       140   -2.696878e+04   0.000e+00   1.528e-03   1.931e-03        0
     138       141   -2.696878e+04   0.000e+00   1.859e-03   4.085e-03        0
     139       142   -2.696878e+04   0.000e+00   1.350e-03   4.460e-03        0
     140       143   -2.696878e+04   0.000e+00   3.229e-04   4.442e-03        0
     141       144   -2.696878e+04   0.000e+00   2.991e-04   1.673e-03        0
     142       145   -2.696878e+04   0.000e+00   1.638e-04   7.588e-04        0
     143       146   -2.696878e+04   0.000e+00   1.220e-04   1.890e-04        0
     144       147   -2.696878e+04   0.000e+00   2.217e-04   3.508e-04        0
     145       148   -2.696878e+04   0.000e+00   9.756e-05   6.787e-04        0
     146       149   -2.696878e+04   0.000e+00   1.260e-04   8.557e-04        0
     147       150   -2.696877e+04   0.000e+00   1.930e-04   1.851e-03        0
     148       151   -2.696877e+04   0.000e+00   1.234e-04   6.768e-03        0
     149       152   -2.696876e+04   0.000e+00   9.909e-04   1.848e-02        0
     150       153   -2.696875e+04   0.000e+00   1.035e-03   3.215e-02        0
     151       154   -2.696874e+04   0.000e+00   6.713e-04   2.471e-02        0
     152       155   -2.696874e+04   0.000e+00   1.132e-04   5.223e-03        0
     153       156   -2.696874e+04   0.000e+00   6.132e-06   1.915e-03        0
     154       157   -2.696874e+04   0.000e+00   1.545e-05   5.993e-04        0
     155       158   -2.696874e+04   0.000e+00   2.956e-07   5.992e-04        0
     156       159   -2.696874e+04   0.000e+00   6.661e-06   5.586e-04        0
     157       160   -2.696874e+04   0.000e+00   1.106e-07   9.383e-11        1
     158       161   -2.696874e+04   0.000e+00   9.462e-09   8.462e-06        0

EXIT: Locally optimal solution found.

Final Statistics
----------------
Final objective value               =  -2.69687400324361e+04
Final feasibility error (abs / rel) =   0.00e+00 / 0.00e+00
Final optimality error  (abs / rel) =   9.46e-09 / 9.46e-09
# of iterations                     =        158 
# of CG iterations                  =          1 
# of function evaluations           =        161
# of gradient evaluations           =        159
Total program time (secs)           =    2701.73901 ( 38285.551 CPU time)
Time spent in evaluations (secs)    =    2669.26172

Solution Vector
---------------
x[       0] =   5.62698325567e+00
x[       1] =   5.04304675995e+00
x[       2] =   4.97114285739e+00
x[       3] =   5.43324650818e+00
x[       4] =   5.16645717184e+00
x[       5] =   4.83785259471e+00
x[       6] =   5.42974509698e+00
x[       7] =  -1.53764186089e+00
x[       8] =  -3.26629032645e+00
x[       9] =  -1.74223584593e+00
x[      10] =  -2.87283602205e-02
x[      11] =   1.66764891120e-03
x[      12] =   9.30345801474e-01
x[      13] =   6.89996898931e-01
x[      14] =   5.35437275417e-01
x[      15] =   3.66322596002e-01
x[      16] =   9.41550095209e-01
x[      17] =   1.04971876742e+00
x[      18] =   9.87467221629e-01
x[      19] =   1.13984278152e+00
x[      20] =   9.28643940836e-01
x[      21] =   1.20174292364e+00
x[      22] =   8.60699206755e-02

===============================================================================

