
Solving from new start point (number 9 of 42) <multistart>.


=======================================
*** NO CHECK MADE FOR LICENSE ***
         Artelys Knitro 12.3.0
=======================================

Knitro presolve eliminated 0 variables and 0 constraints.

algorithm:               4
bar_maxcrossit:          3
datacheck:               0
feastol:                 1e-08
hessopt:                 2
maxtime_cpu:             9.99996e+07
maxtime_real:            9.99998e+07
opttol:                  1e-08
outlev:                  5
outmode:                 2
par_concurrent_evals:    0
The problem is identified as bound constrained only.
Knitro changing act_qpalg from AUTO to 3.
Knitro changing honorbnds from AUTO to -1.
Knitro changing linesearch from AUTO to 2.
Knitro changing linsolver from AUTO to 4.

Problem Characteristics                                 (   Presolved)
-----------------------
Objective goal:  Maximize
Objective type:  general
Number of variables:                                 23 (          23)
    bounded below only:                               0 (           0)
    bounded above only:                               0 (           0)
    bounded below and above:                         23 (          23)
    fixed:                                            0 (           0)
    free:                                             0 (           0)
Number of constraints:                                0 (           0)
    linear equalities:                                0 (           0)
    quadratic equalities:                             0 (           0)
    gen. nonlinear equalities:                        0 (           0)
    linear one-sided inequalities:                    0 (           0)
    quadratic one-sided inequalities:                 0 (           0)
    gen. nonlinear one-sided inequalities:            0 (           0)
    linear two-sided inequalities:                    0 (           0)
    quadratic two-sided inequalities:                 0 (           0)
    gen. nonlinear two-sided inequalities:            0 (           0)
Number of nonzeros in Jacobian:                       0 (           0)
Number of nonzeros in Hessian:                        0 (         276)

Knitro using the Sequential Quadratic Programming (SQP) algorithm.

  Iter     fCount     Objective      FeasError   OptError    ||Step||    CGits 
--------  --------  --------------  ----------  ----------  ----------  -------
       0         1   -5.434445e+04   0.000e+00
       1         2   -4.077074e+04   0.000e+00   2.974e+01   3.147e-01        0
       2         3   -3.585159e+04   0.000e+00   2.023e-01   3.068e-01        0
       3         4   -3.473646e+04   1.735e-18   2.042e+00   1.408e-01        0
       4         5   -3.420978e+04   0.000e+00   5.970e+00   1.746e-01        0
       5         6   -3.365258e+04   0.000e+00   1.261e-01   1.967e-01        0
       6         7   -3.340574e+04   0.000e+00   3.319e-01   7.624e-02        0
       7         8   -3.244973e+04   0.000e+00   9.558e-01   4.771e-01        0
       8         9   -3.226531e+04   0.000e+00   2.142e-01   8.036e-02        0
       9        10   -3.210879e+04   0.000e+00   8.421e-02   9.786e-02        0
      10        11   -3.193415e+04   0.000e+00   2.361e-01   9.459e-02        0
      11        12   -3.136411e+04   0.000e+00   5.195e-02   3.441e-01        0
      12        13   -3.075792e+04   0.000e+00   1.010e+00   4.112e-01        0
      13        14   -3.047219e+04   0.000e+00   4.027e-01   1.715e-01        0
      14        15   -3.031661e+04   0.000e+00   2.669e+00   2.158e-01        0
      15        16   -3.028096e+04   0.000e+00   4.285e-01   2.390e-02        0
      16        17   -3.024415e+04   0.000e+00   1.577e+00   5.616e-02        0
      17        18   -3.016299e+04   0.000e+00   2.808e+00   1.450e-01        0
      18        19   -3.003247e+04   0.000e+00   2.406e+00   1.840e-01        0
      19        20   -2.979717e+04   0.000e+00   3.177e+00   3.209e-01        0
      20        21   -2.955170e+04   0.000e+00   1.821e+00   3.834e-01        0
      21        22   -2.948856e+04   0.000e+00   4.268e-01   1.223e-01        0
      22        23   -2.946153e+04   0.000e+00   7.091e-01   4.180e-02        0
      23        24   -2.941414e+04   0.000e+00   1.804e+00   5.448e-02        0
      24        25   -2.934177e+04   0.000e+00   2.530e+00   7.919e-02        0
      25        26   -2.918808e+04   0.000e+00   2.532e+00   1.589e-01        0
      26        28   -2.917959e+04   0.000e+00   2.290e+00   2.246e-01        0
      27        30   -2.906218e+04   0.000e+00   2.264e+00   2.241e-01        0
      28        31   -2.896873e+04   0.000e+00   4.702e-01   1.866e-01        0
      29        32   -2.893147e+04   0.000e+00   1.132e-01   1.063e-01        0
      30        33   -2.888239e+04   0.000e+00   1.060e+00   1.981e-01        0
      31        34   -2.883715e+04   0.000e+00   1.432e+00   1.107e-01        0
      32        35   -2.861105e+04   0.000e+00   1.437e+00   9.837e-01        0
      33        36   -2.841270e+04   0.000e+00   2.509e+00   4.936e-01        0
      34        37   -2.819315e+04   0.000e+00   2.277e-01   3.502e-01        0
      35        38   -2.788253e+04   0.000e+00   1.931e+00   7.198e-01        0
      36        39   -2.779499e+04   0.000e+00   1.938e+00   1.307e-01        0
      37        40   -2.768362e+04   0.000e+00   3.329e-01   2.382e-01        0
      38        41   -2.762425e+04   0.000e+00   4.272e-01   1.302e-01        0
      39        42   -2.751572e+04   0.000e+00   1.870e+00   1.403e-01        0
      40        43   -2.736006e+04   0.000e+00   2.178e+00   2.413e-01        0
      41        44   -2.727985e+04   0.000e+00   2.648e+00   2.929e-01        0
      42        45   -2.723006e+04   0.000e+00   9.410e-01   1.221e-01        0
      43        47   -2.721303e+04   0.000e+00   7.669e-01   1.310e-01        0
      44        48   -2.720215e+04   0.000e+00   3.748e-01   3.297e-02        0
      45        49   -2.719682e+04   0.000e+00   5.100e-01   1.789e-02        0
      46        50   -2.717857e+04   0.000e+00   6.327e-01   4.084e-02        0
      47        51   -2.714733e+04   0.000e+00   6.444e-01   9.334e-02        0
      48        52   -2.713350e+04   0.000e+00   2.865e-01   6.717e-02        0
      49        53   -2.712768e+04   0.000e+00   1.118e-01   4.089e-02        0
      50        54   -2.712546e+04   0.000e+00   1.416e-01   1.486e-02        0
      51        55   -2.712240e+04   0.000e+00   7.864e-02   1.485e-02        0
      52        56   -2.711476e+04   0.000e+00   4.600e-02   3.564e-02        0
      53        57   -2.709756e+04   0.000e+00   2.448e-01   9.041e-02        0
      54        58   -2.706667e+04   0.000e+00   3.745e-01   1.906e-01        0
      55        59   -2.703629e+04   0.000e+00   1.646e-01   2.288e-01        0
      56        60   -2.702263e+04   0.000e+00   8.314e-02   1.133e-01        0
      57        61   -2.701876e+04   0.000e+00   1.313e-01   3.365e-02        0
      58        62   -2.701650e+04   0.000e+00   1.539e-01   1.915e-02        0
      59        63   -2.701101e+04   0.000e+00   1.682e-01   4.452e-02        0
      60        64   -2.700313e+04   0.000e+00   1.534e-01   6.688e-02        0
      61        65   -2.699496e+04   0.000e+00   9.813e-02   7.115e-02        0
      62        66   -2.699059e+04   0.000e+00   5.182e-02   3.308e-02        0
      63        67   -2.698955e+04   0.000e+00   1.453e-02   1.764e-02        0
      64        68   -2.698908e+04   0.000e+00   3.676e-02   8.382e-03        0
      65        69   -2.698765e+04   0.000e+00   7.052e-02   1.757e-02        0
      66        70   -2.698517e+04   0.000e+00   9.715e-02   2.385e-02        0
      67        71   -2.698122e+04   0.000e+00   9.806e-02   4.328e-02        0
      68        72   -2.697819e+04   0.000e+00   5.012e-02   5.010e-02        0
      69        73   -2.697704e+04   0.000e+00   8.229e-03   3.182e-02        0
      70        74   -2.697673e+04   0.000e+00   5.624e-03   1.174e-02        0
      71        75   -2.697651e+04   0.000e+00   6.424e-03   6.041e-03        0
      72        76   -2.697594e+04   0.000e+00   6.997e-03   1.081e-02        0
      73        77   -2.697486e+04   0.000e+00   3.277e-03   1.862e-02        0
      74        78   -2.697326e+04   0.000e+00   1.687e-03   3.282e-02        0
      75        79   -2.697208e+04   0.000e+00   3.974e-03   3.453e-02        0
      76        80   -2.697171e+04   0.000e+00   4.307e-03   1.625e-02        0
      77        81   -2.697164e+04   0.000e+00   5.739e-03   4.818e-03        0
      78        82   -2.697160e+04   0.000e+00   6.129e-03   2.635e-03        0
      79        83   -2.697147e+04   0.000e+00   7.306e-03   4.564e-03        0
      80        84   -2.697124e+04   0.000e+00   7.939e-03   7.192e-03        0
      81        85   -2.697089e+04   0.000e+00   6.682e-03   1.311e-02        0
      82        86   -2.697060e+04   0.000e+00   2.039e-03   1.576e-02        0
      83        87   -2.697050e+04   0.000e+00   3.392e-04   9.402e-03        0
      84        88   -2.697048e+04   0.000e+00   6.969e-04   2.746e-03        0
      85        89   -2.697047e+04   0.000e+00   9.176e-04   1.257e-03        0
      86        90   -2.697043e+04   0.000e+00   5.628e-04   2.322e-03        0
      87        91   -2.697036e+04   0.000e+00   1.971e-03   4.507e-03        0
      88        92   -2.697019e+04   0.000e+00   2.880e-03   1.050e-02        0
      89        93   -2.696991e+04   0.000e+00   6.440e-03   1.995e-02        0
      90        94   -2.696964e+04   0.000e+00   6.709e-03   2.421e-02        0
      91        95   -2.696952e+04   0.000e+00   2.974e-03   1.288e-02        0
      92        96   -2.696949e+04   0.000e+00   4.588e-04   2.819e-03        0
      93        97   -2.696949e+04   0.000e+00   1.315e-04   1.428e-03        0
      94        98   -2.696947e+04   0.000e+00   1.413e-03   1.870e-03        0
      95        99   -2.696943e+04   0.000e+00   2.207e-03   2.399e-03        0
      96       100   -2.696939e+04   0.000e+00   2.696e-03   4.361e-03        0
      97       101   -2.696936e+04   0.000e+00   1.384e-03   6.037e-03        0
      98       102   -2.696935e+04   0.000e+00   1.366e-04   3.681e-03        0
      99       103   -2.696935e+04   0.000e+00   3.670e-04   8.490e-04        0
     100       104   -2.696935e+04   0.000e+00   4.824e-04   3.593e-04        0
     101       105   -2.696934e+04   0.000e+00   8.234e-04   7.186e-04        0
     102       106   -2.696934e+04   0.000e+00   1.211e-03   1.419e-03        0
     103       107   -2.696932e+04   0.000e+00   1.935e-03   3.256e-03        0
     104       108   -2.696930e+04   0.000e+00   2.557e-03   6.729e-03        0
     105       109   -2.696926e+04   0.000e+00   2.904e-03   1.022e-02        0
     106       110   -2.696923e+04   0.000e+00   1.434e-03   8.138e-03        0
     107       111   -2.696923e+04   0.000e+00   2.816e-04   2.021e-03        0
     108       112   -2.696923e+04   0.000e+00   1.405e-04   1.102e-03        0
     109       113   -2.696923e+04   0.000e+00   4.135e-05   4.379e-04        0
     110       114   -2.696922e+04   0.000e+00   1.747e-04   4.491e-04        0
     111       115   -2.696922e+04   0.000e+00   4.845e-04   1.742e-03        0
     112       116   -2.696922e+04   0.000e+00   1.415e-03   2.809e-03        0
     113       117   -2.696921e+04   0.000e+00   1.898e-03   4.307e-03        0
     114       118   -2.696919e+04   0.000e+00   2.205e-03   8.319e-03        0
     115       119   -2.696918e+04   0.000e+00   1.085e-03   8.845e-03        0
     116       120   -2.696918e+04   0.000e+00   1.930e-04   4.126e-03        0
     117       121   -2.696917e+04   0.000e+00   2.761e-05   1.201e-03        0
     118       122   -2.696917e+04   0.000e+00   1.332e-04   3.392e-04        0
     119       123   -2.696917e+04   0.000e+00   2.912e-04   4.890e-04        0
     120       124   -2.696917e+04   0.000e+00   9.528e-04   1.755e-03        0
     121       125   -2.696917e+04   0.000e+00   1.576e-03   2.302e-03        0
     122       126   -2.696915e+04   0.000e+00   2.617e-03   7.199e-03        0
     123       127   -2.696913e+04   0.000e+00   3.585e-03   1.512e-02        0
     124       128   -2.696909e+04   0.000e+00   3.261e-03   2.661e-02        0
     125       129   -2.696906e+04   0.000e+00   1.871e-03   2.404e-02        0
     126       130   -2.696906e+04   0.000e+00   3.997e-04   6.894e-03        0
     127       131   -2.696905e+04   0.000e+00   1.701e-04   2.353e-03        0
     128       132   -2.696905e+04   0.000e+00   3.015e-04   1.007e-03        0
     129       133   -2.696905e+04   0.000e+00   5.543e-04   1.957e-03        0
     130       134   -2.696905e+04   0.000e+00   1.001e-03   2.081e-03        0
     131       135   -2.696905e+04   0.000e+00   1.772e-03   3.519e-03        0
     132       136   -2.696904e+04   0.000e+00   3.084e-03   4.087e-03        0
     133       137   -2.696901e+04   0.000e+00   4.545e-03   1.070e-02        0
     134       138   -2.696897e+04   0.000e+00   6.056e-03   2.852e-02        0
     135       139   -2.696892e+04   0.000e+00   5.543e-03   5.091e-02        0
     136       140   -2.696888e+04   0.000e+00   2.809e-03   4.570e-02        0
     137       141   -2.696887e+04   0.000e+00   2.050e-04   1.394e-02        0
     138       142   -2.696887e+04   0.000e+00   2.119e-04   2.439e-03        0
     139       143   -2.696887e+04   0.000e+00   3.857e-04   1.738e-03        0
     140       144   -2.696887e+04   0.000e+00   4.933e-04   2.110e-03        0
     141       145   -2.696886e+04   0.000e+00   7.988e-04   3.129e-03        0
     142       146   -2.696885e+04   0.000e+00   1.080e-03   3.853e-03        0
     143       147   -2.696883e+04   0.000e+00   1.604e-03   1.185e-02        0
     144       148   -2.696879e+04   0.000e+00   1.398e-03   2.971e-02        0
     145       149   -2.696876e+04   0.000e+00   6.713e-04   4.107e-02        0
     146       150   -2.696874e+04   0.000e+00   1.112e-04   2.408e-02        0
     147       151   -2.696874e+04   0.000e+00   1.494e-04   3.337e-03        0
     148       152   -2.696874e+04   0.000e+00   5.918e-05   1.318e-03        0
     149       153   -2.696874e+04   0.000e+00   3.573e-05   1.317e-03        0
     150       154   -2.696874e+04   0.000e+00   5.747e-05   1.242e-03        0
     151       155   -2.696874e+04   0.000e+00   3.160e-05   2.166e-03        0
     152       157   -2.696874e+04   0.000e+00   2.449e-06   1.083e-03        0
     153       158   -2.696874e+04   0.000e+00   8.557e-06   1.016e-03       28
     154       160   -2.696874e+04   0.000e+00   1.128e-05   8.288e-04        0
     155       161   -2.696874e+04   0.000e+00   1.757e-05   1.202e-04       12
     156       162   -2.696874e+04   0.000e+00   5.021e-05   6.818e-05        0
     157       163   -2.696874e+04   0.000e+00   1.821e-05   3.627e-09        1
     158       164   -2.696874e+04   0.000e+00   3.682e-07   2.491e-04        0
     159       165   -2.696874e+04   0.000e+00   1.314e-07   4.909e-04        0
     160       166   -2.696874e+04   0.000e+00   5.552e-08   1.212e-05        0
     161       167   -2.696874e+04   0.000e+00   2.156e-08   9.023e-06        0
     162       168   -2.696874e+04   0.000e+00   7.489e-09   7.501e-06        0

EXIT: Locally optimal solution found.

Final Statistics
----------------
Final objective value               =  -2.69687400324358e+04
Final feasibility error (abs / rel) =   0.00e+00 / 0.00e+00
Final optimality error  (abs / rel) =   7.49e-09 / 7.49e-09
# of iterations                     =        162 
# of CG iterations                  =         41 
# of function evaluations           =        168
# of gradient evaluations           =        163
Total program time (secs)           =    5141.29688 (107500.289 CPU time)
Time spent in evaluations (secs)    =    5126.64697

Solution Vector
---------------
x[       0] =   5.62698637415e+00
x[       1] =   5.04304948925e+00
x[       2] =   4.97114560552e+00
x[       3] =   5.43324937345e+00
x[       4] =   5.16646004095e+00
x[       5] =   4.83785540534e+00
x[       6] =   5.42974804854e+00
x[       7] =  -1.53764268095e+00
x[       8] =  -3.26629185991e+00
x[       9] =  -1.74223629164e+00
x[      10] =  -2.87283546162e-02
x[      11] =   1.66764911701e-03
x[      12] =   9.30345671072e-01
x[      13] =   6.89996807302e-01
x[      14] =   5.35437234383e-01
x[      15] =   3.66322497868e-01
x[      16] =   9.41550119935e-01
x[      17] =   1.04971879709e+00
x[      18] =   9.87467241056e-01
x[      19] =   1.13984285603e+00
x[      20] =   9.28643859450e-01
x[      21] =   1.20174300943e+00
x[      22] =   8.60699543623e-02

===============================================================================

