
Solving from new start point (number 38 of 42) <multistart>.


=======================================
*** NO CHECK MADE FOR LICENSE ***
         Artelys Knitro 12.3.0
=======================================

Knitro presolve eliminated 0 variables and 0 constraints.

algorithm:               4
bar_maxcrossit:          3
datacheck:               0
feastol:                 1e-08
hessopt:                 2
maxtime_cpu:             9.96018e+07
maxtime_real:            9.99808e+07
opttol:                  1e-08
outlev:                  5
outmode:                 2
par_concurrent_evals:    0
The problem is identified as bound constrained only.
Knitro changing act_qpalg from AUTO to 3.
Knitro changing honorbnds from AUTO to -1.
Knitro changing linesearch from AUTO to 2.
Knitro changing linsolver from AUTO to 4.

Problem Characteristics                                 (   Presolved)
-----------------------
Objective goal:  Maximize
Objective type:  general
Number of variables:                                 23 (          23)
    bounded below only:                               0 (           0)
    bounded above only:                               0 (           0)
    bounded below and above:                         23 (          23)
    fixed:                                            0 (           0)
    free:                                             0 (           0)
Number of constraints:                                0 (           0)
    linear equalities:                                0 (           0)
    quadratic equalities:                             0 (           0)
    gen. nonlinear equalities:                        0 (           0)
    linear one-sided inequalities:                    0 (           0)
    quadratic one-sided inequalities:                 0 (           0)
    gen. nonlinear one-sided inequalities:            0 (           0)
    linear two-sided inequalities:                    0 (           0)
    quadratic two-sided inequalities:                 0 (           0)
    gen. nonlinear two-sided inequalities:            0 (           0)
Number of nonzeros in Jacobian:                       0 (           0)
Number of nonzeros in Hessian:                        0 (         276)

Knitro using the Sequential Quadratic Programming (SQP) algorithm.

  Iter     fCount     Objective      FeasError   OptError    ||Step||    CGits 
--------  --------  --------------  ----------  ----------  ----------  -------
       0         1   -1.141628e+05   0.000e+00
       1         3   -1.105699e+05   0.000e+00   1.998e+01   4.796e+00        0
       2         6   -1.065590e+05   0.000e+00   9.671e+00   1.427e+00        0
       3         8   -1.053017e+05   0.000e+00   1.706e+01   2.674e+00        0
       4        11   -1.040824e+05   0.000e+00   7.042e+00   3.642e-01        0
       5        13   -1.029947e+05   0.000e+00   1.170e+01   1.802e+00        0
       6        16   -1.024594e+05   0.000e+00   1.636e+03   5.276e-01        0
       7        19   -1.019888e+05   0.000e+00   1.560e+03   5.491e-01        0
       8        22   -1.016085e+05   0.000e+00   1.705e+01   6.208e-01        0
       9        25   -1.015482e+05   0.000e+00   3.036e+00   1.794e-01        0
      10        28   -1.014951e+05   0.000e+00   3.989e+02   2.027e-01        0
      11        31   -1.014527e+05   0.000e+00   1.186e+01   1.824e-01        0
      12        34   -1.014430e+05   0.000e+00   1.634e+00   8.267e-02        0
      13        37   -1.014340e+05   0.000e+00   5.014e+01   7.793e-02        0
      14        40   -1.014248e+05   0.000e+00   1.562e+02   1.484e-01        0
      15        43   -1.014178e+05   0.000e+00   4.940e+01   1.640e-01        0
      16        46   -1.014161e+05   0.000e+00   2.949e+00   5.542e-02        0
      17        48   -1.014138e+05   0.000e+00   3.599e+01   1.166e-01        0
      18        51   -1.014128e+05   0.000e+00   5.651e+01   3.587e-02        0
      19        54   -1.014122e+05   0.000e+00   2.563e+00   2.545e-02        0
      20        56   -1.014118e+05   0.000e+00   1.011e+00   9.546e-02        0
      21        59   -1.014113e+05   0.000e+00   7.425e+01   4.931e-02        0
      22        61   -1.014112e+05   0.000e+00   6.418e+01   8.520e-02        0
      23        63   -1.014106e+05   0.000e+00   1.143e+00   7.732e-02        0
      24        66   -1.014101e+05   0.000e+00   1.003e+01   2.742e-02        0
      25        67   -1.014098e+05   0.000e+00   1.011e+01   2.222e-02        0
      26        68   -1.014096e+05   0.000e+00   1.212e+01   7.516e-02        0
      27        69   -1.014094e+05   0.000e+00   2.358e+00   6.560e-02        0
      28        70   -1.014094e+05   0.000e+00   7.044e-01   3.515e-02        0
      29        71   -1.014093e+05   0.000e+00   2.630e+00   3.372e-02        0
      30        72   -1.014092e+05   0.000e+00   1.789e+00   6.909e-02        0
      31        73   -1.014090e+05   0.000e+00   6.588e-01   1.280e-01        0
      32        74   -1.014088e+05   0.000e+00   1.601e+00   1.751e-01        0
      33        75   -1.014086e+05   0.000e+00   1.591e+00   1.547e-01        0
      34        76   -1.014086e+05   0.000e+00   2.112e+00   6.164e-02        0
      35        77   -1.014085e+05   0.000e+00   1.348e+00   9.150e-03        0
      36        78   -1.014085e+05   0.000e+00   4.003e-01   7.352e-03        0
      37        85   -1.014085e+05   0.000e+00   5.930e-03   5.263e-07        6
      38        87   -1.014085e+05   0.000e+00   4.190e-02   3.684e-06        0
      39        89   -1.014085e+05   0.000e+00   1.482e-02   1.182e-03        0
      40       131   -1.014085e+05   0.000e+00   2.559e-03   4.767e-15       87
      41       135   -1.014085e+05   0.000e+00   1.494e-02   1.111e-14        0
      42       146   -1.014085e+05   0.000e+00   2.443e-03   3.472e-16        7

EXIT: Primal feasible solution; terminate because the relative change in
      solution estimate < xtol for 3 consecutive iterations.

Final Statistics
----------------
Final objective value               =  -1.01408546785856e+05
Final feasibility error (abs / rel) =   0.00e+00 / 0.00e+00
Final optimality error  (abs / rel) =   2.44e-03 / 2.44e-03
# of iterations                     =         42 
# of CG iterations                  =        100 
# of function evaluations           =        146
# of gradient evaluations           =         43
Total program time (secs)           =    9062.63184 (176078.203 CPU time)
Time spent in evaluations (secs)    =    8966.92969

Solution Vector
---------------
x[       0] =   6.40482125631e+00
x[       1] =   5.16523277233e+00
x[       2] =   5.34320219743e+00
x[       3] =   6.66231021400e+00
x[       4] =   6.51563771398e+00
x[       5] =   6.09151087625e+00
x[       6] =   7.03285319404e+00
x[       7] =  -3.28473819883e+00
x[       8] =  -2.15712962680e+00
x[       9] =  -3.36866349941e+00
x[      10] =   1.02729145747e-01
x[      11] =  -3.69043439324e-04
x[      12] =   1.33823183733e+00
x[      13] =   1.02845255092e+00
x[      14] =   7.44769589261e-01
x[      15] =   4.42213302740e-01
x[      16] =   1.34670421837e+00
x[      17] =   1.25229940870e+00
x[      18] =   1.03207111480e+00
x[      19] =   1.05142298567e+00
x[      20] =   9.80400076331e-01
x[      21] =   9.72918737499e-01
x[      22] =   4.98606113707e-01

===============================================================================

