
Solving from new start point (number 35 of 42) <multistart>.


=======================================
*** NO CHECK MADE FOR LICENSE ***
         Artelys Knitro 12.3.0
=======================================

Knitro presolve eliminated 0 variables and 0 constraints.

algorithm:               4
bar_maxcrossit:          3
datacheck:               0
feastol:                 1e-08
hessopt:                 2
maxtime_cpu:             9.96273e+07
maxtime_real:            9.9982e+07
opttol:                  1e-08
outlev:                  5
outmode:                 2
par_concurrent_evals:    0
The problem is identified as bound constrained only.
Knitro changing act_qpalg from AUTO to 3.
Knitro changing honorbnds from AUTO to -1.
Knitro changing linesearch from AUTO to 2.
Knitro changing linsolver from AUTO to 4.

Problem Characteristics                                 (   Presolved)
-----------------------
Objective goal:  Maximize
Objective type:  general
Number of variables:                                 23 (          23)
    bounded below only:                               0 (           0)
    bounded above only:                               0 (           0)
    bounded below and above:                         23 (          23)
    fixed:                                            0 (           0)
    free:                                             0 (           0)
Number of constraints:                                0 (           0)
    linear equalities:                                0 (           0)
    quadratic equalities:                             0 (           0)
    gen. nonlinear equalities:                        0 (           0)
    linear one-sided inequalities:                    0 (           0)
    quadratic one-sided inequalities:                 0 (           0)
    gen. nonlinear one-sided inequalities:            0 (           0)
    linear two-sided inequalities:                    0 (           0)
    quadratic two-sided inequalities:                 0 (           0)
    gen. nonlinear two-sided inequalities:            0 (           0)
Number of nonzeros in Jacobian:                       0 (           0)
Number of nonzeros in Hessian:                        0 (         276)

Knitro using the Sequential Quadratic Programming (SQP) algorithm.

  Iter     fCount     Objective      FeasError   OptError    ||Step||    CGits 
--------  --------  --------------  ----------  ----------  ----------  -------
       0         1   -1.348401e+05   0.000e+00
       1         2   -1.202438e+05   0.000e+00   2.867e+01   1.814e+00        0
       2         3   -1.106076e+05   0.000e+00   1.816e+01   5.250e-01        0
       3         4   -1.079115e+05   0.000e+00   4.913e+00   8.518e-01        0
       4         5   -1.057857e+05   0.000e+00   1.572e-01   4.245e-01        0
       5         6   -1.046990e+05   0.000e+00   5.831e-01   1.660e-01        0
       6         7   -1.036195e+05   0.000e+00   6.100e+00   4.160e-01        0
       7         9   -1.031492e+05   0.000e+00   1.609e+01   1.514e-01        0
       8        10   -1.029416e+05   0.000e+00   2.666e+01   7.047e-01        0
       9        11   -1.024180e+05   0.000e+00   1.037e+00   1.550e-01        0
      10        12   -1.024129e+05   0.000e+00   6.618e+00   3.197e-01        0
      11        13   -1.021253e+05   0.000e+00   1.089e+01   2.618e-01        0
      12        14   -1.019728e+05   0.000e+00   1.464e-01   1.042e-01        0
      13        15   -1.018991e+05   0.000e+00   3.221e-01   9.807e-02        0
      14        16   -1.017963e+05   0.000e+00   4.245e-02   1.914e-01        0
      15        17   -1.017752e+05   0.000e+00   4.841e-02   5.557e-02        0
      16        18   -1.017342e+05   0.000e+00   1.196e-01   1.334e-01        0
      17        19   -1.017066e+05   0.000e+00   3.413e-02   1.027e-01        0
      18        20   -1.016802e+05   0.000e+00   1.254e-02   1.041e-01        0
      19        21   -1.016391e+05   0.000e+00   3.217e+00   1.783e-01        0
      20        22   -1.015904e+05   0.000e+00   1.673e+00   2.559e-01        0
      21        23   -1.015549e+05   0.000e+00   2.477e+00   2.027e-01        0
      22        24   -1.015310e+05   0.000e+00   4.624e-01   1.421e-01        0
      23        25   -1.015086e+05   0.000e+00   1.953e+00   1.312e-01        0
      24        26   -1.014882e+05   0.000e+00   8.266e-03   1.151e-01        0
      25        27   -1.014735e+05   0.000e+00   9.234e-03   6.172e-02        0
      26        28   -1.014610e+05   0.000e+00   3.280e-02   5.624e-02        0
      27        29   -1.014503e+05   0.000e+00   3.088e-02   5.501e-02        0
      28        30   -1.014432e+05   0.000e+00   4.446e-03   5.470e-02        0
      29        31   -1.014401e+05   0.000e+00   3.821e-01   4.553e-02        0
      30        32   -1.014386e+05   0.000e+00   9.818e-02   3.360e-02        0
      31        33   -1.014372e+05   0.000e+00   2.753e-03   2.195e-02        0
      32        34   -1.014353e+05   0.000e+00   1.695e-02   2.981e-02        0
      33        35   -1.014327e+05   0.000e+00   2.647e-02   4.471e-02        0
      34        36   -1.014304e+05   0.000e+00   1.845e-02   4.919e-02        0
      35        37   -1.014291e+05   0.000e+00   4.917e-03   3.373e-02        0
      36        38   -1.014281e+05   0.000e+00   1.644e-01   2.160e-02        0
      37        39   -1.014271e+05   0.000e+00   5.020e-01   2.009e-02        0
      38        40   -1.014260e+05   0.000e+00   4.762e-01   2.809e-02        0
      39        41   -1.014244e+05   0.000e+00   5.655e-03   4.089e-02        0
      40        42   -1.014221e+05   0.000e+00   1.387e-02   6.305e-02        0
      41        43   -1.014187e+05   0.000e+00   3.538e-02   9.652e-02        0
      42        44   -1.014147e+05   0.000e+00   4.133e-02   1.223e-01        0
      43        47   -1.014144e+05   0.000e+00   2.406e+00   2.444e-02        0
      44        50   -1.014117e+05   0.000e+00   1.489e-02   1.219e-01        0
      45        51   -1.014113e+05   0.000e+00   9.489e-04   3.023e-02        0
      46        52   -1.014113e+05   0.000e+00   1.122e+00   5.331e-02        0
      47        53   -1.014108e+05   0.000e+00   4.243e-01   3.762e-02        0
      48        54   -1.014107e+05   0.000e+00   2.338e-01   1.044e-02        0
      49        55   -1.014106e+05   0.000e+00   2.768e-02   1.068e-02        0
      50        56   -1.014105e+05   0.000e+00   1.760e-03   2.362e-03        0
      51        57   -1.014105e+05   0.000e+00   3.936e-03   5.431e-03        0
      52        58   -1.014104e+05   0.000e+00   5.873e-03   9.097e-03        0
      53        59   -1.014102e+05   0.000e+00   7.454e-03   1.921e-02        0
      54        60   -1.014099e+05   0.000e+00   6.631e-03   2.820e-02        0
      55        61   -1.014096e+05   0.000e+00   2.958e-03   2.884e-02        0
      56        62   -1.014095e+05   0.000e+00   4.183e-02   1.789e-02        0
      57        63   -1.014094e+05   0.000e+00   1.126e-01   1.001e-02        0
      58        64   -1.014093e+05   0.000e+00   1.114e-01   8.221e-03        0
      59        65   -1.014093e+05   0.000e+00   5.189e-02   6.961e-03        0
      60        66   -1.014093e+05   0.000e+00   1.024e-02   5.250e-03        0
      61        67   -1.014092e+05   0.000e+00   1.282e-03   4.623e-03        0
      62        68   -1.014092e+05   0.000e+00   1.792e-03   5.503e-03        0
      63        69   -1.014092e+05   0.000e+00   1.271e-03   5.423e-03        0
      64        70   -1.014092e+05   0.000e+00   2.256e-04   3.954e-03        0
      65        71   -1.014092e+05   0.000e+00   2.847e-02   2.927e-03        0
      66        72   -1.014091e+05   0.000e+00   6.153e-02   4.161e-03        0
      67        73   -1.014091e+05   0.000e+00   9.112e-02   8.120e-03        0
      68        74   -1.014090e+05   0.000e+00   9.428e-02   1.527e-02        0
      69        75   -1.014089e+05   0.000e+00   5.268e-02   2.196e-02        0
      70        76   -1.014089e+05   0.000e+00   2.318e-02   2.201e-02        0
      71        77   -1.014088e+05   0.000e+00   8.277e-02   1.689e-02        0
      72        78   -1.014087e+05   0.000e+00   1.056e-01   1.266e-02        0
      73        79   -1.014087e+05   0.000e+00   7.479e-02   9.001e-03        0
      74        80   -1.014087e+05   0.000e+00   2.441e-02   4.572e-03        0
      75        81   -1.014087e+05   0.000e+00   1.771e-03   1.840e-03        0
      76        82   -1.014087e+05   0.000e+00   1.135e-02   9.623e-04        0
      77        83   -1.014087e+05   0.000e+00   2.353e-02   1.749e-03        0
      78        84   -1.014087e+05   0.000e+00   3.972e-02   3.859e-03        0
      79        85   -1.014086e+05   0.000e+00   5.533e-02   9.117e-03        0
      80        86   -1.014086e+05   0.000e+00   6.109e-02   1.556e-02        0
      81        87   -1.014086e+05   0.000e+00   4.032e-02   1.647e-02        0
      82        88   -1.014086e+05   0.000e+00   1.243e-02   6.228e-03        0
      83        89   -1.014086e+05   0.000e+00   6.512e-04   1.891e-03        0
      84        90   -1.014086e+05   0.000e+00   1.471e-03   1.043e-03        0
      85        91   -1.014086e+05   0.000e+00   3.181e-03   1.042e-03        0
      86        92   -1.014086e+05   0.000e+00   6.816e-03   1.721e-03        0
      87        93   -1.014086e+05   0.000e+00   9.419e-03   2.152e-03        0
      88        94   -1.014086e+05   0.000e+00   1.220e-02   3.041e-03        0
      89        95   -1.014086e+05   0.000e+00   1.034e-02   4.815e-03        0
      90        96   -1.014085e+05   0.000e+00   5.318e-03   4.556e-03        0
      91        97   -1.014085e+05   0.000e+00   1.701e-03   2.470e-03        0
      92       127   -1.014085e+05   0.000e+00   1.700e-03   5.279e-15       30
      93       131   -1.014085e+05   0.000e+00   1.700e-03   9.238e-15        0
      94       140   -1.014085e+05   0.000e+00   1.701e-03   1.155e-15        5

EXIT: Primal feasible solution; terminate because the relative change in
      solution estimate < xtol for 3 consecutive iterations.

Final Statistics
----------------
Final objective value               =  -1.01408548114493e+05
Final feasibility error (abs / rel) =   0.00e+00 / 0.00e+00
Final optimality error  (abs / rel) =   1.70e-03 / 1.70e-03
# of iterations                     =         94 
# of CG iterations                  =         35 
# of function evaluations           =        140
# of gradient evaluations           =         95
Total program time (secs)           =   11068.89941 (214109.375 CPU time)
Time spent in evaluations (secs)    =   10959.70508

Solution Vector
---------------
x[       0] =   6.39707397234e+00
x[       1] =   5.15731711064e+00
x[       2] =   5.33526166009e+00
x[       3] =   6.65416100568e+00
x[       4] =   6.50724606339e+00
x[       5] =   6.08082873267e+00
x[       6] =   7.02425279193e+00
x[       7] =  -3.28118123944e+00
x[       8] =  -2.15522345786e+00
x[       9] =  -3.37112103978e+00
x[      10] =   1.02898813001e-01
x[      11] =  -3.70441129744e-04
x[      12] =   1.33850425890e+00
x[      13] =   1.02837209898e+00
x[      14] =   7.44861241165e-01
x[      15] =   4.42317771672e-01
x[      16] =   1.34709160043e+00
x[      17] =   1.25305334489e+00
x[      18] =   1.03223329926e+00
x[      19] =   1.05163627287e+00
x[      20] =   9.82034087286e-01
x[      21] =   9.73022325097e-01
x[      22] =   4.98568420741e-01

===============================================================================

