
Solving from new start point (number 42 of 42) <multistart>.


=======================================
*** NO CHECK MADE FOR LICENSE ***
         Artelys Knitro 12.3.0
=======================================

Knitro presolve eliminated 0 variables and 0 constraints.

algorithm:               4
bar_maxcrossit:          3
datacheck:               0
feastol:                 1e-08
hessopt:                 2
maxtime_cpu:             9.95349e+07
maxtime_real:            9.99776e+07
opttol:                  1e-08
outlev:                  5
outmode:                 2
par_concurrent_evals:    0
The problem is identified as bound constrained only.
Knitro changing act_qpalg from AUTO to 3.
Knitro changing honorbnds from AUTO to -1.
Knitro changing linesearch from AUTO to 2.
Knitro changing linsolver from AUTO to 4.

Problem Characteristics                                 (   Presolved)
-----------------------
Objective goal:  Maximize
Objective type:  general
Number of variables:                                 23 (          23)
    bounded below only:                               0 (           0)
    bounded above only:                               0 (           0)
    bounded below and above:                         23 (          23)
    fixed:                                            0 (           0)
    free:                                             0 (           0)
Number of constraints:                                0 (           0)
    linear equalities:                                0 (           0)
    quadratic equalities:                             0 (           0)
    gen. nonlinear equalities:                        0 (           0)
    linear one-sided inequalities:                    0 (           0)
    quadratic one-sided inequalities:                 0 (           0)
    gen. nonlinear one-sided inequalities:            0 (           0)
    linear two-sided inequalities:                    0 (           0)
    quadratic two-sided inequalities:                 0 (           0)
    gen. nonlinear two-sided inequalities:            0 (           0)
Number of nonzeros in Jacobian:                       0 (           0)
Number of nonzeros in Hessian:                        0 (         276)

Knitro using the Sequential Quadratic Programming (SQP) algorithm.

  Iter     fCount     Objective      FeasError   OptError    ||Step||    CGits 
--------  --------  --------------  ----------  ----------  ----------  -------
       0         1   -1.430810e+05   0.000e+00
       1         2   -1.101307e+05   0.000e+00   8.466e+00   3.357e-01        0
       2         3   -1.098715e+05   0.000e+00   1.386e+01   2.367e-01        0
       3         4   -1.088778e+05   0.000e+00   8.098e+00   4.386e-02        0
       4         5   -1.077562e+05   0.000e+00   1.010e+01   1.865e-01        0
       5         6   -1.070864e+05   0.000e+00   1.084e-01   1.454e-01        0
       6         7   -1.066836e+05   0.000e+00   2.573e+00   2.633e-01        0
       7         8   -1.065584e+05   0.000e+00   6.051e-02   8.693e-02        0
       8         9   -1.063199e+05   0.000e+00   2.548e-02   2.286e-01        0
       9        10   -1.061687e+05   0.000e+00   5.069e-02   9.038e-02        0
      10        11   -1.059106e+05   0.000e+00   8.962e-02   1.909e-01        0
      11        12   -1.056994e+05   0.000e+00   5.252e-02   1.505e-01        0
      12        13   -1.053725e+05   0.000e+00   3.934e-02   2.212e-01        0
      13        14   -1.047962e+05   0.000e+00   2.037e-02   2.892e-01        0
      14        15   -1.043829e+05   0.000e+00   1.037e+00   1.435e-01        0
      15        16   -1.042603e+05   0.000e+00   9.287e-03   9.377e-02        0
      16        18   -1.042187e+05   0.000e+00   8.102e-01   6.960e-02        0
      17        19   -1.041613e+05   0.000e+00   4.662e-03   5.876e-02        0
      18        20   -1.040962e+05   0.000e+00   5.898e-01   8.351e-02        0
      19        21   -1.040010e+05   0.000e+00   1.267e+00   9.214e-02        0
      20        22   -1.036371e+05   0.000e+00   3.253e+00   4.548e-01        0
      21        23   -1.034279e+05   0.000e+00   2.769e+00   2.398e-01        0
      22        24   -1.032583e+05   0.000e+00   8.274e-03   1.759e-01        0
      23        25   -1.032131e+05   0.000e+00   1.653e-02   7.143e-02        0
      24        26   -1.030843e+05   0.000e+00   6.132e-02   1.830e-01        0
      25        27   -1.028614e+05   0.000e+00   9.216e-02   2.739e-01        0
      26        28   -1.025166e+05   0.000e+00   1.062e-01   3.619e-01        0
      27        29   -1.022276e+05   0.000e+00   8.664e-02   2.389e-01        0
      28        30   -1.020975e+05   0.000e+00   3.719e-02   1.318e-01        0
      29        31   -1.020688e+05   0.000e+00   2.514e-03   5.191e-02        0
      30        32   -1.020567e+05   0.000e+00   2.260e-02   2.630e-02        0
      31        33   -1.020345e+05   0.000e+00   5.982e-01   4.557e-02        0
      32        34   -1.019914e+05   0.000e+00   1.301e+00   5.917e-02        0
      33        35   -1.018998e+05   0.000e+00   1.749e+00   1.236e-01        0
      34        36   -1.017875e+05   0.000e+00   1.591e+00   2.357e-01        0
      35        37   -1.017033e+05   0.000e+00   3.005e-01   2.265e-01        0
      36        38   -1.016239e+05   0.000e+00   1.290e-02   3.666e-01        0
      37        39   -1.015617e+05   0.000e+00   3.251e-02   5.061e-01        0
      38        40   -1.015406e+05   0.000e+00   1.617e-02   8.076e-02        0
      39        41   -1.015320e+05   0.000e+00   4.115e-03   4.584e-02        0
      40        42   -1.015281e+05   0.000e+00   1.749e-03   1.144e-02        0
      41        43   -1.015215e+05   0.000e+00   2.155e-01   4.687e-02        0
      42        44   -1.015129e+05   0.000e+00   4.732e-01   6.565e-02        0
      43        45   -1.015000e+05   0.000e+00   6.349e-01   1.303e-01        0
      44        46   -1.014861e+05   0.000e+00   6.400e-01   1.080e-01        0
      45        47   -1.014752e+05   0.000e+00   2.784e-01   9.387e-02        0
      46        48   -1.014719e+05   0.000e+00   1.297e-03   6.020e-02        0
      47        49   -1.014711e+05   0.000e+00   1.343e-03   1.280e-02        0
      48        50   -1.014707e+05   0.000e+00   7.503e-04   2.278e-02        0
      49        51   -1.014701e+05   0.000e+00   2.867e-04   2.278e-02        0
      50        52   -1.014687e+05   0.000e+00   4.612e-04   2.695e-02        0
      51        53   -1.014663e+05   0.000e+00   1.189e-03   2.237e-02        0
      52        54   -1.014633e+05   0.000e+00   1.419e-03   4.157e-02        0
      53        55   -1.014615e+05   0.000e+00   7.380e-04   6.139e-02        0
      54        56   -1.014610e+05   0.000e+00   2.522e-04   3.925e-02        0
      55        57   -1.014608e+05   0.000e+00   2.428e-04   1.408e-02        0
      56        58   -1.014605e+05   0.000e+00   3.147e-04   1.308e-02        0
      57        59   -1.014596e+05   0.000e+00   6.447e-04   2.033e-02        0
      58        60   -1.014578e+05   0.000e+00   1.058e-03   3.092e-02        0
      59        61   -1.014539e+05   0.000e+00   1.447e-03   5.326e-02        0
      60        62   -1.014482e+05   0.000e+00   1.463e-03   8.930e-02        0
      61        63   -1.014436e+05   0.000e+00   8.855e-04   1.061e-01        0
      62        64   -1.014418e+05   0.000e+00   5.375e-04   5.932e-02        0
      63        65   -1.014411e+05   0.000e+00   5.173e-04   1.786e-02        0
      64        66   -1.014402e+05   0.000e+00   9.829e-04   1.238e-02        0
      65        67   -1.014381e+05   0.000e+00   1.475e-03   1.706e-02        0
      66        68   -1.014338e+05   0.000e+00   1.908e-03   4.754e-02        0
      67        69   -1.014274e+05   0.000e+00   6.717e-03   1.051e-01        0
      68        70   -1.014225e+05   0.000e+00   7.391e-04   1.255e-01        0
      69        71   -1.014210e+05   0.000e+00   4.022e-04   5.831e-02        0
      70        72   -1.014206e+05   0.000e+00   3.183e-04   1.080e-02        0
      71        73   -1.014204e+05   0.000e+00   3.838e-04   5.758e-03        0
      72        74   -1.014199e+05   0.000e+00   5.510e-04   1.127e-02        0
      73        75   -1.014190e+05   0.000e+00   6.937e-04   2.340e-02        0
      74        76   -1.014178e+05   0.000e+00   5.995e-04   4.066e-02        0
      75        77   -1.014171e+05   0.000e+00   1.722e-04   3.859e-02        0
      76        78   -1.014168e+05   0.000e+00   1.362e-03   1.562e-02        0
      77        79   -1.014168e+05   0.000e+00   2.226e-03   4.209e-03        0
      78        80   -1.014167e+05   0.000e+00   1.574e-03   4.482e-03        0
      79        81   -1.014165e+05   0.000e+00   1.287e-04   7.179e-03        0
      80        82   -1.014161e+05   0.000e+00   1.204e-04   1.255e-02        0
      81        83   -1.014153e+05   0.000e+00   1.685e-04   2.527e-02        0
      82        84   -1.014142e+05   0.000e+00   2.087e-04   4.059e-02        0
      83        85   -1.014135e+05   0.000e+00   2.676e-04   3.823e-02        0
      84        86   -1.014132e+05   0.000e+00   1.653e-04   1.789e-02        0
      85        87   -1.014132e+05   0.000e+00   1.581e-04   4.125e-03        0
      86        88   -1.014132e+05   0.000e+00   1.491e-04   2.881e-03        0
      87        89   -1.014131e+05   0.000e+00   1.909e-04   5.132e-03        0
      88        90   -1.014129e+05   0.000e+00   5.236e-03   7.606e-03        0
      89        91   -1.014127e+05   0.000e+00   5.741e-03   1.015e-02        0
      90        92   -1.014125e+05   0.000e+00   1.852e-04   1.125e-02        0
      91        93   -1.014125e+05   0.000e+00   5.623e-05   6.283e-03        0
      92        94   -1.014125e+05   0.000e+00   5.350e-05   3.271e-03        0
      93        95   -1.014125e+05   0.000e+00   5.466e-05   1.557e-03        0
      94        96   -1.014124e+05   0.000e+00   8.482e-05   3.517e-03        0
      95        97   -1.014124e+05   0.000e+00   1.607e-04   5.917e-03        0
      96        98   -1.014122e+05   0.000e+00   2.875e-04   1.279e-02        0
      97        99   -1.014118e+05   0.000e+00   4.215e-04   2.531e-02        0
      98       100   -1.014112e+05   0.000e+00   4.901e-04   4.152e-02        0
      99       101   -1.014107e+05   0.000e+00   3.811e-04   4.172e-02        0
     100       102   -1.014105e+05   0.000e+00   6.789e-04   2.208e-02        0
     101       103   -1.014104e+05   0.000e+00   3.605e-03   6.873e-03        0
     102       104   -1.014104e+05   0.000e+00   2.882e-03   4.154e-03        0
     103       105   -1.014103e+05   0.000e+00   7.645e-04   4.437e-03        0
     104       106   -1.014102e+05   0.000e+00   1.500e-04   8.646e-03        0
     105       107   -1.014101e+05   0.000e+00   1.411e-04   1.560e-02        0
     106       108   -1.014099e+05   0.000e+00   1.895e-02   2.345e-02        0
     107       109   -1.014097e+05   0.000e+00   1.569e-02   2.384e-02        0
     108       110   -1.014095e+05   0.000e+00   5.103e-05   1.086e-02        0
     109       111   -1.014095e+05   0.000e+00   4.865e-05   6.013e-03        0
     110       112   -1.014095e+05   0.000e+00   1.541e-03   3.529e-03        0
     111       113   -1.014095e+05   0.000e+00   2.671e-03   2.453e-03        0
     112       114   -1.014095e+05   0.000e+00   3.324e-03   3.431e-03        0
     113       115   -1.014095e+05   0.000e+00   4.131e-03   3.889e-03        0
     114       116   -1.014094e+05   0.000e+00   3.894e-03   4.597e-03        0
     115       117   -1.014093e+05   0.000e+00   2.331e-03   1.191e-02        0
     116       118   -1.014093e+05   0.000e+00   1.192e-04   1.424e-02        0
     117       119   -1.014093e+05   0.000e+00   2.748e-04   6.818e-03        0
     118       120   -1.014093e+05   0.000e+00   2.502e-05   1.381e-03        0
     119       121   -1.014093e+05   0.000e+00   2.657e-05   1.124e-03        0
     120       122   -1.014093e+05   0.000e+00   1.252e-04   1.968e-03        0
     121       123   -1.014093e+05   0.000e+00   4.767e-04   3.646e-03        0
     122       124   -1.014092e+05   0.000e+00   8.549e-04   7.599e-03        0
     123       125   -1.014091e+05   0.000e+00   1.329e-03   1.564e-02        0
     124       126   -1.014090e+05   0.000e+00   1.447e-03   2.673e-02        0
     125       127   -1.014089e+05   0.000e+00   7.469e-04   2.885e-02        0
     126       128   -1.014088e+05   0.000e+00   3.137e-04   1.296e-02        0
     127       129   -1.014088e+05   0.000e+00   2.349e-05   4.131e-03        0
     128       130   -1.014088e+05   0.000e+00   7.216e-05   2.120e-03        0
     129       131   -1.014088e+05   0.000e+00   1.062e-05   2.067e-03        0
     130       132   -1.014088e+05   0.000e+00   1.780e-04   5.987e-04        0
     131       135   -1.014088e+05   0.000e+00   1.748e-04   2.669e-05        0
     132       136   -1.014088e+05   0.000e+00   3.498e-04   2.916e-03        0
     133       137   -1.014088e+05   0.000e+00   2.323e-03   1.153e-02        0
     134       138   -1.014087e+05   0.000e+00   3.699e-03   1.153e-02        0
     135       139   -1.014087e+05   0.000e+00   5.262e-03   2.145e-02        0
     136       140   -1.014086e+05   0.000e+00   3.850e-03   1.844e-02        0
     137       141   -1.014086e+05   0.000e+00   1.030e-03   9.960e-03        0
     138       142   -1.014086e+05   0.000e+00   7.219e-05   5.755e-03        0
     139       143   -1.014086e+05   0.000e+00   5.259e-05   1.922e-03        0
     140       144   -1.014086e+05   0.000e+00   1.317e-05   6.115e-04        0
     141       145   -1.014086e+05   0.000e+00   1.376e-04   1.634e-03        0
     142       146   -1.014086e+05   0.000e+00   2.953e-04   1.632e-03        0
     143       147   -1.014086e+05   0.000e+00   7.883e-04   4.271e-03        0
     144       148   -1.014086e+05   0.000e+00   1.228e-03   3.588e-03        0
     145       149   -1.014086e+05   0.000e+00   1.566e-03   5.554e-03        0
     146       150   -1.014086e+05   0.000e+00   1.402e-03   9.791e-03        0
     147       151   -1.014086e+05   0.000e+00   6.637e-04   1.200e-02        0
     148       152   -1.014086e+05   0.000e+00   7.023e-05   6.218e-03        0
     149       153   -1.014086e+05   0.000e+00   1.354e-06   9.107e-04        0
     150       154   -1.014086e+05   0.000e+00   3.278e-05   2.559e-04        0
     151       156   -1.014086e+05   0.000e+00   9.970e-06   8.384e-05        0
     152       158   -1.014086e+05   0.000e+00   2.662e-05   3.873e-05       21
     153       159   -1.014086e+05   0.000e+00   4.489e-05   2.962e-04        0
     154       165   -1.014086e+05   0.000e+00   9.445e-06   9.068e-06        4
     155       166   -1.014086e+05   0.000e+00   1.331e-04   5.683e-04        0
     156       176   -1.014086e+05   0.000e+00   1.256e-06   1.261e-05       17
     157       177   -1.014086e+05   0.000e+00   2.376e-03   1.644e-03        0
     158       178   -1.014086e+05   0.000e+00   4.841e-03   2.944e-03        0
     159       179   -1.014086e+05   0.000e+00   6.417e-03   5.882e-03        0
     160       180   -1.014086e+05   0.000e+00   3.762e-03   5.895e-03        0
     161       182   -1.014086e+05   0.000e+00   2.046e-03   2.948e-03        0
     162       183   -1.014086e+05   0.000e+00   1.903e-03   2.768e-03        0
     163       194   -1.014086e+05   0.000e+00   1.802e-03   5.615e-09        7
     164       198   -1.014086e+05   0.000e+00   1.802e-03   1.148e-09        0
     165       199   -1.014086e+05   0.000e+00   1.195e-04   1.591e-03        0
     166       202   -1.014086e+05   0.000e+00   1.232e-04   3.970e-04        0
     167       227   -1.014086e+05   0.000e+00   1.957e-06   3.670e-12       31
     168       248   -1.014086e+05   0.000e+00   1.830e-05   3.920e-16       17
     169       249   -1.014086e+05   0.000e+00   1.276e-04   2.581e-05        0
     170       250   -1.014086e+05   0.000e+00   4.685e-05   2.047e-04        0
     171       251   -1.014086e+05   0.000e+00   4.736e-05   2.051e-04        0
     172       252   -1.014086e+05   0.000e+00   1.562e-04   3.657e-04        0
     173       255   -1.014086e+05   0.000e+00   1.606e-04   1.704e-05        0
     174       264   -1.014086e+05   0.000e+00   2.269e-04   2.130e-06       11
     175       265   -1.014086e+05   0.000e+00   2.482e-03   2.790e-03        0
     176       270   -1.014086e+05   0.000e+00   2.461e-03   1.649e-09        1
     177       300   -1.014086e+05   0.000e+00   2.452e-03   2.437e-16       26
     178       301   -1.014086e+05   0.000e+00   3.847e-03   3.015e-03        0
     179       302   -1.014086e+05   0.000e+00   6.859e-03   1.030e-02        0
     180       303   -1.014086e+05   0.000e+00   7.709e-03   1.055e-02        0
     181       304   -1.014086e+05   0.000e+00   7.714e-03   4.998e-02        0
     182       305   -1.014086e+05   0.000e+00   3.800e-03   2.986e-02        0
     183       306   -1.014086e+05   0.000e+00   1.023e-03   1.353e-02        0
     184       307   -1.014086e+05   0.000e+00   3.579e-03   1.349e-02        0
     185       308   -1.014085e+05   0.000e+00   2.373e-03   1.504e-02        0
     186       320   -1.014085e+05   0.000e+00   3.833e-05   5.559e-11        8
     187       322   -1.014085e+05   0.000e+00   2.363e-03   3.892e-10        0
     188       344   -1.014085e+05   0.000e+00   3.833e-05   5.938e-15       18
     189       356   -1.014085e+05   0.000e+00   3.848e-05   3.247e-16        8
     190       358   -1.014085e+05   0.000e+00   3.848e-05   3.247e-16        0

EXIT: Primal feasible solution; terminate because the relative change in
      solution estimate < xtol for 3 consecutive iterations.

Final Statistics
----------------
Final objective value               =  -1.01408549336788e+05
Final feasibility error (abs / rel) =   0.00e+00 / 0.00e+00
Final optimality error  (abs / rel) =   3.85e-05 / 3.85e-05
# of iterations                     =        190 
# of CG iterations                  =        169 
# of function evaluations           =        358
# of gradient evaluations           =        191
Total program time (secs)           =   10625.32520 (158520.734 CPU time)
Time spent in evaluations (secs)    =   10529.38281

Solution Vector
---------------
x[       0] =   6.40652498108e+00
x[       1] =   5.16710431683e+00
x[       2] =   5.34489453829e+00
x[       3] =   6.66423545692e+00
x[       4] =   6.51754890115e+00
x[       5] =   6.08889658668e+00
x[       6] =   7.03499656412e+00
x[       7] =  -3.28577595927e+00
x[       8] =  -2.15804345207e+00
x[       9] =  -3.36581116959e+00
x[      10] =   1.02676551924e-01
x[      11] =  -3.68244684147e-04
x[      12] =   1.33812206032e+00
x[      13] =   1.02813733515e+00
x[      14] =   7.44612387481e-01
x[      15] =   4.41962515396e-01
x[      16] =   1.34641012522e+00
x[      17] =   1.25216518685e+00
x[      18] =   1.03201879173e+00
x[      19] =   1.05133552016e+00
x[      20] =   9.82001275139e-01
x[      21] =   9.72835763681e-01
x[      22] =   4.98539610909e-01

===============================================================================

