
=======================================
           Academic License
       (NOT FOR COMMERCIAL USE)
         Artelys Knitro 12.3.0
=======================================

Knitro presolve eliminated 0 variables and 0 constraints.

algorithm:               4
bar_maxcrossit:          3
feastol:                 1e-08
hessopt:                 2
ms_enable:               1
ms_maxsolves:            42
ms_outsub:               1
opttol:                  1e-08
outlev:                  5
outmode:                 2
par_concurrent_evals:    0
par_blasnumthreads:      21
par_numthreads:          21

Problem Characteristics                                 (   Presolved)
-----------------------
Objective goal:  Maximize
Objective type:  general
Number of variables:                                 23 (          23)
    bounded below only:                               0 (           0)
    bounded above only:                               0 (           0)
    bounded below and above:                         23 (          23)
    fixed:                                            0 (           0)
    free:                                             0 (           0)
Number of constraints:                                0 (           0)
    linear equalities:                                0 (           0)
    quadratic equalities:                             0 (           0)
    gen. nonlinear equalities:                        0 (           0)
    linear one-sided inequalities:                    0 (           0)
    quadratic one-sided inequalities:                 0 (           0)
    gen. nonlinear one-sided inequalities:            0 (           0)
    linear two-sided inequalities:                    0 (           0)
    quadratic two-sided inequalities:                 0 (           0)
    gen. nonlinear two-sided inequalities:            0 (           0)
Number of nonzeros in Jacobian:                       0 (           0)
Number of nonzeros in Hessian:                        0 (         276)

Multistart will generate 42 start points as follows:
     23 variables will vary within their upper and lower bounds
      0 variables will vary over a range of 1000

Knitro parallel multistart will run with 21 threads.

 Solve #  ThreadID  Status     Objective     FeasError   OptError   Real Time 
--------  --------  ------  --------------  ----------  ---------- ----------
       1        15    -101   -1.014085e+05   0.000e+00   1.183e-01   3987.679
      11         4    -101   -1.014087e+05   0.000e+00   3.368e-02  10423.943
       9         3    -101   -1.014087e+05   0.000e+00   2.743e-03  10485.180
      18        10    -101   -1.014085e+05   0.000e+00   2.926e-03  14337.030
      19         2    -101   -1.014087e+05   0.000e+00   2.117e-04  14596.905
      15        14    -101   -1.014085e+05   0.000e+00   5.595e-04  15364.655
      21         0    -101   -1.014085e+05   0.000e+00   2.076e-06  15494.570
      17        13    -101   -1.014085e+05   0.000e+00   1.367e-06  15693.993
       8        18    -101   -1.014085e+05   0.000e+00   2.032e-03  15838.140
      20        11    -101   -1.014087e+05   0.000e+00   3.515e-04  16534.854
      10         7    -101   -1.014085e+05   0.000e+00   4.853e-04  17001.643
      16         8    -101   -1.014087e+05   0.000e+00   1.563e-06  17069.586
      22        15    -101   -1.014087e+05   0.000e+00   7.778e-04  13082.651
       6         9    -100   -1.014085e+05   0.000e+00   4.685e-07  17760.359
       2         6    -101   -1.014087e+05   0.000e+00   4.630e-04  17958.260
      14        12    -101   -1.014087e+05   0.000e+00   8.047e-06  18094.162
      24         3    -101   -1.014085e+05   0.000e+00   1.848e-04   8387.076
       3        20    -100   -1.014085e+05   0.000e+00   3.043e-07  19001.449
       7         1    -101   -1.014085e+05   0.000e+00   2.296e-05  20222.369
      23         4    -101   -1.014085e+05   0.000e+00   2.948e-04  11122.422
       5         5    -101   -1.014085e+05   0.000e+00   1.150e-05  22140.023
       4        19    -101   -1.014085e+05   0.000e+00   1.605e-04  22930.828
      13        16    -101   -1.014085e+05   0.000e+00   1.159e-06  23856.191
      25        10    -101   -1.014085e+05   0.000e+00   9.764e-03   9675.026
      38         3    -101   -1.014085e+05   0.000e+00   2.443e-03   9062.632
      12        17    -100   -1.014085e+05   0.000e+00   1.398e-08  28323.691
      26         2    -101   -1.014085e+05   0.000e+00   5.310e-06  14081.704
      40         1    -101   -1.014085e+05   0.000e+00   1.053e-03   8518.005
      35         9    -101   -1.014085e+05   0.000e+00   1.701e-03  11068.899
      39        20    -101   -1.014087e+05   0.000e+00   5.980e-02  11392.466
      31        11    -101   -1.014085e+05   0.000e+00   9.861e-05  14139.036
      28         0    -100   -1.014085e+05   0.000e+00   3.992e-07  15281.277
      27        14    -101   -1.014085e+05   0.000e+00   2.691e-04  15425.140
      29        13    -100   -1.014085e+05   0.000e+00   3.144e-07  15259.668
      33         8    -101   -1.014087e+05   0.000e+00   1.337e-06  14293.923
      30        18    -100   -1.014085e+05   0.000e+00   1.220e-07  16122.547
      32         7    -100   -1.014087e+05   0.000e+00   5.179e-07  15193.109
      41         4    -100   -1.014085e+05   0.000e+00   5.330e-07  10621.454
      36         6    -101   -1.014085e+05   0.000e+00   2.303e-05  14291.538
      37        12    -100   -1.014085e+05   0.000e+00   1.139e-07  14406.708
      34        15    -101   -1.014085e+05   0.000e+00   1.559e-04  15660.164
      42         5    -101   -1.014085e+05   0.000e+00   3.848e-05  10625.325
Multistart stopping, reached ms_maxsolves limit.

MULTISTART: Best feasible solution estimate is returned.
EXIT: Primal feasible solution; terminate because the relative change in
      solution estimate < xtol for 0 consecutive iterations.

Final Statistics
----------------
Final objective value               =  -1.01408545398848e+05
Final feasibility error (abs / rel) =   0.00e+00 / 0.00e+00
Final optimality error  (abs / rel) =   1.16e-06 / 1.16e-06
# of iterations                     =       4773 
# of CG iterations                  =       3123 
# of function evaluations           =       8629
# of gradient evaluations           =       4815
Total program time (secs)           =   33058.80078 (623644.188 CPU time)

Solution Vector
---------------
x[       0] =   6.40427408272e+00
x[       1] =   5.16499855996e+00
x[       2] =   5.34273258770e+00
x[       3] =   6.66194841633e+00
x[       4] =   6.51531607358e+00
x[       5] =   6.09048314881e+00
x[       6] =   7.03267262956e+00
x[       7] =  -3.28454415698e+00
x[       8] =  -2.15704132091e+00
x[       9] =  -3.36864760091e+00
x[      10] =   1.02723397210e-01
x[      11] =  -3.68794300794e-04
x[      12] =   1.33831492947e+00
x[      13] =   1.02846128442e+00
x[      14] =   7.44788189656e-01
x[      15] =   4.42243049999e-01
x[      16] =   1.34652816475e+00
x[      17] =   1.25227722841e+00
x[      18] =   1.03198720795e+00
x[      19] =   1.05131007188e+00
x[      20] =   9.80626729379e-01
x[      21] =   9.72791071715e-01
x[      22] =   4.98605746431e-01

===============================================================================

