
Solving from new start point (number 37 of 42) <multistart>.


=======================================
*** NO CHECK MADE FOR LICENSE ***
         Artelys Knitro 12.3.0
=======================================

Knitro presolve eliminated 0 variables and 0 constraints.

algorithm:               4
bar_maxcrossit:          3
datacheck:               0
feastol:                 1e-08
hessopt:                 2
maxtime_cpu:             9.96197e+07
maxtime_real:            9.99816e+07
opttol:                  1e-08
outlev:                  5
outmode:                 2
par_concurrent_evals:    0
The problem is identified as bound constrained only.
Knitro changing act_qpalg from AUTO to 3.
Knitro changing honorbnds from AUTO to -1.
Knitro changing linesearch from AUTO to 2.
Knitro changing linsolver from AUTO to 4.

Problem Characteristics                                 (   Presolved)
-----------------------
Objective goal:  Maximize
Objective type:  general
Number of variables:                                 23 (          23)
    bounded below only:                               0 (           0)
    bounded above only:                               0 (           0)
    bounded below and above:                         23 (          23)
    fixed:                                            0 (           0)
    free:                                             0 (           0)
Number of constraints:                                0 (           0)
    linear equalities:                                0 (           0)
    quadratic equalities:                             0 (           0)
    gen. nonlinear equalities:                        0 (           0)
    linear one-sided inequalities:                    0 (           0)
    quadratic one-sided inequalities:                 0 (           0)
    gen. nonlinear one-sided inequalities:            0 (           0)
    linear two-sided inequalities:                    0 (           0)
    quadratic two-sided inequalities:                 0 (           0)
    gen. nonlinear two-sided inequalities:            0 (           0)
Number of nonzeros in Jacobian:                       0 (           0)
Number of nonzeros in Hessian:                        0 (         276)

Knitro using the Sequential Quadratic Programming (SQP) algorithm.

  Iter     fCount     Objective      FeasError   OptError    ||Step||    CGits 
--------  --------  --------------  ----------  ----------  ----------  -------
       0         1   -1.221559e+05   0.000e+00
       1         2   -1.126741e+05   0.000e+00   5.386e+01   3.061e-01        0
       2         3   -1.103480e+05   0.000e+00   1.101e+01   3.348e-01        0
       3         4   -1.094760e+05   0.000e+00   7.864e+00   9.152e-02        0
       4         5   -1.072172e+05   0.000e+00   5.451e-01   6.029e-01        0
       5         6   -1.065563e+05   0.000e+00   2.228e-01   4.725e-01        0
       6         7   -1.059721e+05   0.000e+00   3.071e+00   8.590e-02        0
       7         8   -1.058511e+05   0.000e+00   8.483e+00   3.113e-01        0
       8         9   -1.054112e+05   0.000e+00   9.091e-02   7.575e-02        0
       9        10   -1.050704e+05   0.000e+00   1.251e-01   1.681e-01        0
      10        11   -1.048106e+05   0.000e+00   1.083e+01   4.623e-01        0
      11        12   -1.044969e+05   0.000e+00   1.849e-02   8.772e-02        0
      12        13   -1.043737e+05   0.000e+00   8.028e-01   5.076e-02        0
      13        14   -1.038174e+05   0.000e+00   5.201e+00   3.187e-01        0
      14        15   -1.035798e+05   0.000e+00   5.440e+00   3.353e-01        0
      15        16   -1.034830e+05   0.000e+00   3.544e+00   6.416e-02        0
      16        18   -1.033783e+05   0.000e+00   5.457e+00   9.100e-02        0
      17        19   -1.032693e+05   0.000e+00   1.395e-01   1.690e-01        0
      18        20   -1.031532e+05   0.000e+00   9.952e-02   9.087e-02        0
      19        21   -1.028339e+05   0.000e+00   8.422e-01   4.551e-01        0
      20        22   -1.027585e+05   0.000e+00   8.265e-03   1.034e-01        0
      21        23   -1.027045e+05   0.000e+00   2.089e-02   9.220e-02        0
      22        24   -1.026632e+05   0.000e+00   1.032e-02   7.017e-02        0
      23        25   -1.026080e+05   0.000e+00   5.244e-03   9.721e-02        0
      24        26   -1.025512e+05   0.000e+00   1.119e-02   1.009e-01        0
      25        27   -1.025097e+05   0.000e+00   1.434e-02   9.306e-02        0
      26        28   -1.024939e+05   0.000e+00   1.107e-02   3.763e-02        0
      27        29   -1.024774e+05   0.000e+00   4.056e-03   3.889e-02        0
      28        30   -1.024458e+05   0.000e+00   9.925e-03   7.519e-02        0
      29        31   -1.023911e+05   0.000e+00   1.403e+00   1.105e-01        0
      30        32   -1.022631e+05   0.000e+00   3.648e+00   3.727e-01        0
      31        33   -1.022142e+05   0.000e+00   1.982e+00   2.554e-01        0
      32        34   -1.021879e+05   0.000e+00   8.213e-03   1.251e-01        0
      33        35   -1.021593e+05   0.000e+00   3.538e-02   1.087e-01        0
      34        36   -1.021150e+05   0.000e+00   7.733e-02   1.429e-01        0
      35        37   -1.020440e+05   0.000e+00   1.106e-01   2.215e-01        0
      36        38   -1.019612e+05   0.000e+00   1.144e-01   2.151e-01        0
      37        39   -1.018900e+05   0.000e+00   6.785e-02   1.346e-01        0
      38        40   -1.018538e+05   0.000e+00   5.449e-03   7.099e-02        0
      39        41   -1.018360e+05   0.000e+00   1.026e+00   3.089e-02        0
      40        42   -1.017899e+05   0.000e+00   3.276e+00   1.273e-01        0
      41        43   -1.017163e+05   0.000e+00   4.585e+00   2.135e-01        0
      42        44   -1.016333e+05   0.000e+00   3.323e+00   4.841e-01        0
      43        45   -1.016101e+05   0.000e+00   1.135e+00   1.273e-01        0
      44        46   -1.016026e+05   0.000e+00   3.510e-01   4.385e-02        0
      45        47   -1.015993e+05   0.000e+00   3.496e-02   5.430e-02        0
      46        48   -1.015973e+05   0.000e+00   8.045e-03   4.982e-02        0
      47        49   -1.015955e+05   0.000e+00   1.024e+00   4.333e-02        0
      48        50   -1.015916e+05   0.000e+00   9.934e-03   3.935e-02        0
      49        51   -1.015890e+05   0.000e+00   2.982e-03   3.049e-02        0
      50        52   -1.015878e+05   0.000e+00   9.198e-04   1.808e-02        0
      51        53   -1.015854e+05   0.000e+00   1.982e-01   3.090e-02        0
      52        54   -1.015822e+05   0.000e+00   4.430e-01   3.590e-02        0
      53        55   -1.015752e+05   0.000e+00   8.038e-01   7.425e-02        0
      54        56   -1.015626e+05   0.000e+00   1.200e+00   1.327e-01        0
      55        57   -1.015428e+05   0.000e+00   1.445e+00   2.168e-01        0
      56        58   -1.015207e+05   0.000e+00   1.217e+00   2.342e-01        0
      57        59   -1.015043e+05   0.000e+00   1.754e-01   1.599e-01        0
      58        60   -1.015002e+05   0.000e+00   7.117e-03   3.818e-02        0
      59        61   -1.014978e+05   0.000e+00   9.407e-03   2.694e-02        0
      60        62   -1.014920e+05   0.000e+00   1.024e-02   5.663e-02        0
      61        63   -1.014840e+05   0.000e+00   1.076e-02   9.336e-02        0
      62        64   -1.014743e+05   0.000e+00   6.784e-03   1.450e-01        0
      63        65   -1.014689e+05   0.000e+00   3.955e-03   1.114e-01        0
      64        66   -1.014666e+05   0.000e+00   1.905e-01   5.202e-02        0
      65        67   -1.014655e+05   0.000e+00   1.563e-01   2.432e-02        0
      66        68   -1.014642e+05   0.000e+00   2.823e-01   2.650e-02        0
      67        69   -1.014604e+05   0.000e+00   3.514e-01   4.969e-02        0
      68        70   -1.014560e+05   0.000e+00   2.966e-01   5.216e-02        0
      69        71   -1.014518e+05   0.000e+00   3.575e-02   5.588e-02        0
      70        72   -1.014498e+05   0.000e+00   2.631e-03   4.342e-02        0
      71        73   -1.014491e+05   0.000e+00   3.282e-03   2.854e-02        0
      72        74   -1.014485e+05   0.000e+00   1.926e-03   2.083e-02        0
      73        75   -1.014480e+05   0.000e+00   5.621e-04   2.302e-02        0
      74        76   -1.014469e+05   0.000e+00   8.498e-02   2.969e-02        0
      75        77   -1.014452e+05   0.000e+00   1.936e-01   4.410e-02        0
      76        78   -1.014426e+05   0.000e+00   3.074e-01   5.496e-02        0
      77        79   -1.014398e+05   0.000e+00   2.569e-01   5.560e-02        0
      78        80   -1.014379e+05   0.000e+00   1.282e-01   4.581e-02        0
      79        81   -1.014370e+05   0.000e+00   1.133e-03   2.456e-02        0
      80        82   -1.014362e+05   0.000e+00   2.689e-03   1.374e-02        0
      81        83   -1.014347e+05   0.000e+00   6.527e-03   2.116e-02        0
      82        84   -1.014322e+05   0.000e+00   9.423e-03   4.812e-02        0
      83        85   -1.014285e+05   0.000e+00   1.138e-02   9.483e-02        0
      84        86   -1.014250e+05   0.000e+00   8.600e-03   1.087e-01        0
      85        87   -1.014230e+05   0.000e+00   3.702e-03   7.038e-02        0
      86        88   -1.014225e+05   0.000e+00   2.188e-02   1.568e-02        0
      87        89   -1.014223e+05   0.000e+00   4.392e-02   7.480e-03        0
      88        90   -1.014221e+05   0.000e+00   7.075e-02   9.975e-03        0
      89        91   -1.014218e+05   0.000e+00   7.514e-02   9.981e-03        0
      90        92   -1.014212e+05   0.000e+00   9.378e-02   1.681e-02        0
      91        93   -1.014201e+05   0.000e+00   8.628e-02   3.020e-02        0
      92        94   -1.014186e+05   0.000e+00   7.644e-02   5.169e-02        0
      93        95   -1.014175e+05   0.000e+00   3.030e-02   4.936e-02        0
      94        96   -1.014172e+05   0.000e+00   1.213e-02   2.065e-02        0
      95        97   -1.014172e+05   0.000e+00   3.105e-03   7.727e-03        0
      96        98   -1.014171e+05   0.000e+00   6.455e-04   2.075e-03        0
      97        99   -1.014171e+05   0.000e+00   1.475e-03   2.861e-03        0
      98       100   -1.014171e+05   0.000e+00   7.327e-05   3.984e-03        0
      99       101   -1.014171e+05   0.000e+00   9.868e-05   6.932e-03        0
     100       102   -1.014169e+05   0.000e+00   1.451e-04   1.291e-02        0
     101       103   -1.014167e+05   0.000e+00   2.420e-04   2.634e-02        0
     102       104   -1.014163e+05   0.000e+00   4.621e-04   4.578e-02        0
     103       105   -1.014159e+05   0.000e+00   5.634e-04   4.905e-02        0
     104       106   -1.014158e+05   0.000e+00   1.476e-04   2.009e-02        0
     105       107   -1.014158e+05   0.000e+00   8.920e-04   6.152e-03        0
     106       108   -1.014158e+05   0.000e+00   9.355e-04   2.354e-03        0
     107       109   -1.014158e+05   0.000e+00   5.493e-05   1.688e-03        0
     108       110   -1.014157e+05   0.000e+00   1.986e-03   3.233e-03        0
     109       111   -1.014157e+05   0.000e+00   7.107e-05   4.428e-03        0
     110       112   -1.014157e+05   0.000e+00   1.375e-04   7.642e-03        0
     111       113   -1.014156e+05   0.000e+00   2.121e-04   1.419e-02        0
     112       114   -1.014155e+05   0.000e+00   2.860e-04   3.079e-02        0
     113       115   -1.014152e+05   0.000e+00   3.439e-04   5.698e-02        0
     114       116   -1.014150e+05   0.000e+00   3.769e-04   6.469e-02        0
     115       117   -1.014150e+05   0.000e+00   1.023e-02   3.164e-02        0
     116       118   -1.014149e+05   0.000e+00   6.056e-05   7.786e-03        0
     117       119   -1.014149e+05   0.000e+00   1.232e-03   3.090e-03        0
     118       120   -1.014149e+05   0.000e+00   2.374e-03   3.885e-03        0
     119       121   -1.014149e+05   0.000e+00   4.906e-03   5.937e-03        0
     120       122   -1.014149e+05   0.000e+00   8.266e-03   8.103e-03        0
     121       123   -1.014148e+05   0.000e+00   1.355e-02   1.431e-02        0
     122       124   -1.014146e+05   0.000e+00   2.031e-02   3.800e-02        0
     123       125   -1.014141e+05   0.000e+00   2.826e-02   1.047e-01        0
     124       126   -1.014133e+05   0.000e+00   2.861e-02   2.253e-01        0
     125       127   -1.014123e+05   0.000e+00   1.157e-02   3.185e-01        0
     126       128   -1.014118e+05   0.000e+00   5.081e-03   1.966e-01        0
     127       129   -1.014117e+05   0.000e+00   1.040e-03   2.296e-02        0
     128       130   -1.014117e+05   0.000e+00   4.034e-04   1.817e-02        0
     129       131   -1.014117e+05   0.000e+00   1.946e-04   1.012e-02        0
     130       132   -1.014117e+05   0.000e+00   1.770e-03   1.275e-02        0
     131       133   -1.014117e+05   0.000e+00   5.651e-03   1.494e-02        0
     132       134   -1.014115e+05   0.000e+00   1.316e-02   2.204e-02        0
     133       135   -1.014113e+05   0.000e+00   2.236e-02   2.734e-02        0
     134       136   -1.014108e+05   0.000e+00   4.020e-02   1.034e-01        0
     135       137   -1.014100e+05   0.000e+00   6.266e-02   2.381e-01        0
     136       138   -1.014094e+05   0.000e+00   6.457e-02   2.700e-01        0
     137       139   -1.014092e+05   0.000e+00   2.859e-02   1.376e-01        0
     138       140   -1.014092e+05   0.000e+00   1.215e-02   2.813e-02        0
     139       141   -1.014092e+05   0.000e+00   1.810e-03   3.146e-03        0
     140       142   -1.014092e+05   0.000e+00   2.092e-04   1.698e-03        0
     141       143   -1.014092e+05   0.000e+00   6.201e-03   1.613e-03        0
     142       144   -1.014092e+05   0.000e+00   3.507e-04   1.980e-03        0
     143       145   -1.014092e+05   0.000e+00   7.355e-04   2.572e-03        0
     144       146   -1.014091e+05   0.000e+00   1.302e-03   8.712e-03        0
     145       147   -1.014091e+05   0.000e+00   2.153e-03   1.967e-02        0
     146       148   -1.014090e+05   0.000e+00   1.226e-01   3.062e-02        0
     147       149   -1.014088e+05   0.000e+00   1.438e-01   7.233e-02        0
     148       150   -1.014087e+05   0.000e+00   1.198e-01   7.696e-02        0
     149       151   -1.014086e+05   0.000e+00   4.706e-02   4.195e-02        0
     150       152   -1.014085e+05   0.000e+00   1.081e-02   1.157e-02        0
     151       153   -1.014085e+05   0.000e+00   6.921e-04   1.031e-02        0
     152       159   -1.014085e+05   0.000e+00   3.256e-04   7.215e-06        4
     153       160   -1.014085e+05   0.000e+00   2.626e-04   1.004e-03        0
     154       162   -1.014085e+05   0.000e+00   6.837e-05   4.598e-04        0
     155       164   -1.014085e+05   0.000e+00   1.991e-05   1.592e-09        2
     156       165   -1.014085e+05   0.000e+00   2.415e-04   2.377e-05        0
     157       168   -1.014085e+05   0.000e+00   9.812e-05   1.029e-05        0
     158       171   -1.014085e+05   0.000e+00   8.583e-05   1.244e-05        0
     159       172   -1.014085e+05   0.000e+00   1.289e-04   4.937e-05        0
     160       173   -1.014085e+05   0.000e+00   1.058e-04   4.974e-04        0
     161       175   -1.014085e+05   0.000e+00   1.286e-04   2.484e-04        0
     162       180   -1.014085e+05   0.000e+00   6.964e-05   1.395e-09        1
     163       181   -1.014085e+05   0.000e+00   7.407e-06   1.763e-04        0
     164       182   -1.014085e+05   0.000e+00   5.824e-07   1.761e-04        0
     165       183   -1.014085e+05   0.000e+00   1.367e-06   1.735e-04        0
     166       185   -1.014085e+05   0.000e+00   1.146e-06   8.478e-05        0
     167       186   -1.014085e+05   0.000e+00   7.198e-07   6.556e-05        0
     168       192   -1.014085e+05   0.000e+00   1.849e-08   3.513e-06       19
     169       193   -1.014085e+05   0.000e+00   6.947e-07   1.897e-05        0
     170       204   -1.014085e+05   0.000e+00   8.841e-08   1.563e-09       15
     171       207   -1.014085e+05   0.000e+00   3.180e-07   5.471e-09        0
     172       208   -1.014085e+05   0.000e+00   2.654e-07   6.609e-07        0
     173       209   -1.014085e+05   0.000e+00   4.287e-07   7.851e-07        0
     174       213   -1.014085e+05   0.000e+00   2.110e-05   7.177e-08        0
     175       218   -1.014085e+05   0.000e+00   1.178e-07   3.685e-11        1
     176       235   -1.014085e+05   0.000e+00   1.147e-07   1.507e-11       18
     177       258   -1.014085e+05   0.000e+00   2.357e-06   4.024e-16       19
     178       260   -1.014085e+05   0.000e+00   2.281e-06   4.024e-16        0
     179       264   -1.014085e+05   0.000e+00   1.918e-05   2.012e-08        0
     180       272   -1.014085e+05   0.000e+00   1.151e-07   5.793e-13        4
     181       280   -1.014085e+05   0.000e+00   1.146e-07   5.069e-13        4
     182       286   -1.014085e+05   0.000e+00   1.139e-07   1.774e-12        2
     183       305   -1.014085e+05   0.000e+00   1.424e-07   2.979e-16       15
     184       307   -1.014085e+05   0.000e+00   1.905e-05   2.979e-16        0
     185       313   -1.014085e+05   0.000e+00   1.139e-07   2.979e-16        2

EXIT: Primal feasible solution estimate cannot be improved. It appears to be
      optimal, but desired accuracy in dual feasibility could not be achieved.

Final Statistics
----------------
Final objective value               =  -1.01408546061512e+05
Final feasibility error (abs / rel) =   0.00e+00 / 0.00e+00
Final optimality error  (abs / rel) =   1.14e-07 / 1.14e-07
# of iterations                     =        185 
# of CG iterations                  =        106 
# of function evaluations           =        313
# of gradient evaluations           =        186
Total program time (secs)           =   14406.70801 (242823.531 CPU time)
Time spent in evaluations (secs)    =   14304.03320

Solution Vector
---------------
x[       0] =   6.40430852278e+00
x[       1] =   5.16503565774e+00
x[       2] =   5.34276956226e+00
x[       3] =   6.66198563467e+00
x[       4] =   6.51535763646e+00
x[       5] =   6.09051042767e+00
x[       6] =   7.03271764401e+00
x[       7] =  -3.28456098156e+00
x[       8] =  -2.15705063324e+00
x[       9] =  -3.36861063094e+00
x[      10] =   1.02720985333e-01
x[      11] =  -3.68760674651e-04
x[      12] =   1.33831397177e+00
x[      13] =   1.02846127712e+00
x[      14] =   7.44787441727e-01
x[      15] =   4.42241464446e-01
x[      16] =   1.34652283091e+00
x[      17] =   1.25227294292e+00
x[      18] =   1.03198603605e+00
x[      19] =   1.05130730380e+00
x[      20] =   9.80628477753e-01
x[      21] =   9.72788081492e-01
x[      22] =   4.98605737571e-01

===============================================================================

