
Solving from new start point (number 5 of 42) <multistart>.


=======================================
*** NO CHECK MADE FOR LICENSE ***
         Artelys Knitro 12.3.0
=======================================

Knitro presolve eliminated 0 variables and 0 constraints.

algorithm:               4
bar_maxcrossit:          3
datacheck:               0
feastol:                 1e-08
hessopt:                 2
maxtime_cpu:             9.99995e+07
maxtime_real:            9.99998e+07
opttol:                  1e-08
outlev:                  5
outmode:                 2
par_concurrent_evals:    0
The problem is identified as bound constrained only.
Knitro changing act_qpalg from AUTO to 3.
Knitro changing honorbnds from AUTO to -1.
Knitro changing linesearch from AUTO to 2.
Knitro changing linsolver from AUTO to 4.

Problem Characteristics                                 (   Presolved)
-----------------------
Objective goal:  Maximize
Objective type:  general
Number of variables:                                 23 (          23)
    bounded below only:                               0 (           0)
    bounded above only:                               0 (           0)
    bounded below and above:                         23 (          23)
    fixed:                                            0 (           0)
    free:                                             0 (           0)
Number of constraints:                                0 (           0)
    linear equalities:                                0 (           0)
    quadratic equalities:                             0 (           0)
    gen. nonlinear equalities:                        0 (           0)
    linear one-sided inequalities:                    0 (           0)
    quadratic one-sided inequalities:                 0 (           0)
    gen. nonlinear one-sided inequalities:            0 (           0)
    linear two-sided inequalities:                    0 (           0)
    quadratic two-sided inequalities:                 0 (           0)
    gen. nonlinear two-sided inequalities:            0 (           0)
Number of nonzeros in Jacobian:                       0 (           0)
Number of nonzeros in Hessian:                        0 (         276)

Knitro using the Sequential Quadratic Programming (SQP) algorithm.

  Iter     fCount     Objective      FeasError   OptError    ||Step||    CGits 
--------  --------  --------------  ----------  ----------  ----------  -------
       0         1   -1.202508e+05   0.000e+00
       1         2   -1.103115e+05   0.000e+00   1.406e-01   3.097e-01        0
       2         4   -1.085779e+05   0.000e+00   9.850e+00   5.049e-01        0
       3         5   -1.059908e+05   0.000e+00   1.380e+01   2.209e-01        0
       4         7   -1.047046e+05   0.000e+00   3.642e+01   2.935e-01        0
       5         8   -1.035527e+05   0.000e+00   8.309e+00   3.587e-01        0
       6         9   -1.032340e+05   0.000e+00   6.613e-02   1.090e-01        0
       7        10   -1.028170e+05   0.000e+00   3.654e+01   7.528e-01        0
       8        11   -1.022358e+05   0.000e+00   1.178e-01   2.902e-01        0
       9        12   -1.021315e+05   0.000e+00   9.156e-02   7.336e-02        0
      10        13   -1.019729e+05   0.000e+00   1.495e-01   2.422e-01        0
      11        14   -1.019204e+05   0.000e+00   6.531e-02   1.042e-01        0
      12        15   -1.019193e+05   0.000e+00   6.085e+00   1.340e-01        0
      13        16   -1.018466e+05   0.000e+00   1.729e-01   7.511e-02        0
      14        17   -1.018362e+05   0.000e+00   1.215e-01   3.058e-02        0
      15        18   -1.018319e+05   0.000e+00   3.344e+00   4.692e-02        0
      16        20   -1.017594e+05   0.000e+00   5.555e+00   2.563e-01        0
      17        21   -1.017022e+05   0.000e+00   4.201e+00   1.087e-01        0
      18        22   -1.016819e+05   0.000e+00   4.542e-01   9.441e-02        0
      19        23   -1.016705e+05   0.000e+00   1.326e+00   4.834e-02        0
      20        24   -1.016488e+05   0.000e+00   3.500e+00   9.675e-02        0
      21        25   -1.016302e+05   0.000e+00   3.958e+00   8.900e-02        0
      22        26   -1.016153e+05   0.000e+00   2.610e+00   7.037e-02        0
      23        27   -1.016057e+05   0.000e+00   3.690e-02   4.411e-02        0
      24        28   -1.015989e+05   0.000e+00   1.890e+00   2.976e-02        0
      25        29   -1.015862e+05   0.000e+00   3.908e+00   6.138e-02        0
      26        30   -1.015636e+05   0.000e+00   4.967e+00   1.300e-01        0
      27        31   -1.015383e+05   0.000e+00   8.029e-02   1.838e-01        0
      28        32   -1.015207e+05   0.000e+00   2.603e-02   1.544e-01        0
      29        33   -1.015054e+05   0.000e+00   1.100e+00   1.210e-01        0
      30        34   -1.014861e+05   0.000e+00   2.964e+00   1.306e-01        0
      31        35   -1.014644e+05   0.000e+00   3.613e+00   1.390e-01        0
      32        36   -1.014467e+05   0.000e+00   2.712e+00   1.213e-01        0
      33        37   -1.014370e+05   0.000e+00   9.630e-01   6.861e-02        0
      34        38   -1.014328e+05   0.000e+00   5.071e-01   2.511e-02        0
      35        39   -1.014298e+05   0.000e+00   2.945e-02   1.676e-02        0
      36        40   -1.014260e+05   0.000e+00   3.854e-02   3.162e-02        0
      37        41   -1.014231e+05   0.000e+00   2.897e-02   4.187e-02        0
      38        42   -1.014218e+05   0.000e+00   1.130e-02   3.118e-02        0
      39        43   -1.014214e+05   0.000e+00   3.155e-02   1.510e-02        0
      40        44   -1.014212e+05   0.000e+00   2.703e-01   7.571e-03        0
      41        45   -1.014208e+05   0.000e+00   4.790e-01   1.026e-02        0
      42        46   -1.014203e+05   0.000e+00   5.270e-01   1.296e-02        0
      43        47   -1.014199e+05   0.000e+00   3.327e-01   1.307e-02        0
      44        48   -1.014196e+05   0.000e+00   2.355e-02   1.068e-02        0
      45        49   -1.014193e+05   0.000e+00   2.578e-01   9.614e-03        0
      46        50   -1.014188e+05   0.000e+00   5.970e-01   1.598e-02        0
      47        51   -1.014178e+05   0.000e+00   9.756e-01   3.406e-02        0
      48        52   -1.014160e+05   0.000e+00   1.149e+00   6.292e-02        0
      49        53   -1.014144e+05   0.000e+00   8.100e-01   7.251e-02        0
      50        54   -1.014136e+05   0.000e+00   6.115e-03   3.909e-02        0
      51        55   -1.014133e+05   0.000e+00   1.004e-01   1.201e-02        0
      52        56   -1.014131e+05   0.000e+00   2.661e-01   6.686e-03        0
      53        57   -1.014129e+05   0.000e+00   3.605e-01   8.802e-03        0
      54        58   -1.014126e+05   0.000e+00   2.727e-01   1.152e-02        0
      55        59   -1.014126e+05   0.000e+00   8.860e-02   1.026e-02        0
      56        60   -1.014125e+05   0.000e+00   1.360e-03   4.051e-03        0
      57        61   -1.014125e+05   0.000e+00   3.055e-02   1.551e-03        0
      58        62   -1.014125e+05   0.000e+00   1.808e-03   2.634e-03        0
      59        63   -1.014125e+05   0.000e+00   2.802e-03   4.330e-03        0
      60        64   -1.014124e+05   0.000e+00   1.273e-01   7.226e-03        0
      61        65   -1.014124e+05   0.000e+00   8.598e-02   8.113e-03        0
      62        66   -1.014123e+05   0.000e+00   1.896e-02   6.213e-03        0
      63        67   -1.014123e+05   0.000e+00   4.094e-02   4.750e-03        0
      64        68   -1.014123e+05   0.000e+00   1.108e-01   7.477e-03        0
      65        69   -1.014121e+05   0.000e+00   1.768e-01   1.425e-02        0
      66        70   -1.014120e+05   0.000e+00   1.900e-01   2.365e-02        0
      67        71   -1.014119e+05   0.000e+00   1.128e-01   2.427e-02        0
      68        72   -1.014118e+05   0.000e+00   1.134e-02   1.311e-02        0
      69        73   -1.014118e+05   0.000e+00   5.806e-02   6.128e-03        0
      70        74   -1.014117e+05   0.000e+00   1.261e-01   7.749e-03        0
      71        75   -1.014116e+05   0.000e+00   1.866e-01   1.558e-02        0
      72        76   -1.014114e+05   0.000e+00   1.840e-01   2.531e-02        0
      73        77   -1.014113e+05   0.000e+00   9.801e-02   2.234e-02        0
      74        78   -1.014113e+05   0.000e+00   1.717e-02   7.436e-03        0
      75        79   -1.014113e+05   0.000e+00   1.019e-02   1.792e-03        0
      76        80   -1.014113e+05   0.000e+00   2.809e-02   1.571e-03        0
      77        81   -1.014113e+05   0.000e+00   5.819e-02   3.399e-03        0
      78        82   -1.014112e+05   0.000e+00   9.787e-02   7.274e-03        0
      79        83   -1.014111e+05   0.000e+00   1.383e-01   1.768e-02        0
      80        84   -1.014110e+05   0.000e+00   1.496e-01   3.246e-02        0
      81        85   -1.014108e+05   0.000e+00   9.238e-02   3.751e-02        0
      82        86   -1.014108e+05   0.000e+00   2.544e-02   1.841e-02        0
      83        87   -1.014108e+05   0.000e+00   1.083e-02   4.215e-03        0
      84        88   -1.014108e+05   0.000e+00   2.590e-02   2.470e-03        0
      85        89   -1.014107e+05   0.000e+00   3.828e-02   2.672e-03        0
      86        90   -1.014107e+05   0.000e+00   3.215e-02   4.344e-03        0
      87        91   -1.014107e+05   0.000e+00   1.257e-02   6.285e-03        0
      88        92   -1.014107e+05   0.000e+00   1.754e-03   4.152e-03        0
      89        93   -1.014107e+05   0.000e+00   1.331e-02   3.394e-03        0
      90        94   -1.014107e+05   0.000e+00   2.965e-02   6.103e-03        0
      91        95   -1.014107e+05   0.000e+00   5.427e-02   1.171e-02        0
      92        96   -1.014106e+05   0.000e+00   2.510e-03   2.319e-02        0
      93        97   -1.014105e+05   0.000e+00   3.158e-03   3.962e-02        0
      94        98   -1.014104e+05   0.000e+00   2.721e-03   4.612e-02        0
      95        99   -1.014103e+05   0.000e+00   1.231e-03   2.369e-02        0
      96       100   -1.014103e+05   0.000e+00   2.443e-04   7.781e-03        0
      97       101   -1.014103e+05   0.000e+00   1.006e-04   5.339e-03        0
      98       102   -1.014103e+05   0.000e+00   1.864e-03   2.066e-03        0
      99       103   -1.014103e+05   0.000e+00   7.043e-03   4.692e-03        0
     100       104   -1.014103e+05   0.000e+00   1.263e-02   5.986e-03        0
     101       105   -1.014102e+05   0.000e+00   2.407e-02   9.638e-03        0
     102       106   -1.014102e+05   0.000e+00   3.845e-02   1.405e-02        0
     103       107   -1.014101e+05   0.000e+00   6.251e-02   3.197e-02        0
     104       108   -1.014100e+05   0.000e+00   8.468e-02   6.921e-02        0
     105       109   -1.014098e+05   0.000e+00   9.874e-02   1.247e-01        0
     106       110   -1.014096e+05   0.000e+00   6.823e-02   1.160e-01        0
     107       111   -1.014095e+05   0.000e+00   1.039e-02   4.951e-02        0
     108       112   -1.014095e+05   0.000e+00   4.291e-03   9.931e-03        0
     109       113   -1.014095e+05   0.000e+00   5.636e-03   3.779e-03        0
     110       114   -1.014095e+05   0.000e+00   7.410e-03   9.425e-03        0
     111       115   -1.014095e+05   0.000e+00   8.259e-03   9.929e-03        0
     112       116   -1.014095e+05   0.000e+00   8.931e-03   1.309e-02        0
     113       117   -1.014094e+05   0.000e+00   6.036e-03   2.752e-02        0
     114       118   -1.014092e+05   0.000e+00   1.416e-03   8.904e-02        0
     115       119   -1.014089e+05   0.000e+00   1.200e-02   1.549e-01        0
     116       120   -1.014088e+05   0.000e+00   3.718e-03   1.337e-01        0
     117       121   -1.014088e+05   0.000e+00   3.080e-03   4.058e-02        0
     118       122   -1.014088e+05   0.000e+00   8.550e-04   5.051e-03        0
     119       123   -1.014088e+05   0.000e+00   3.349e-04   3.454e-03        0
     120       124   -1.014088e+05   0.000e+00   4.154e-03   4.743e-03        0
     121       125   -1.014087e+05   0.000e+00   7.297e-03   6.796e-03        0
     122       126   -1.014087e+05   0.000e+00   1.432e-02   8.140e-03        0
     123       127   -1.014087e+05   0.000e+00   1.815e-02   2.457e-02        0
     124       128   -1.014086e+05   0.000e+00   2.004e-02   4.980e-02        0
     125       129   -1.014086e+05   0.000e+00   1.004e-02   4.866e-02        0
     126       130   -1.014085e+05   0.000e+00   9.683e-04   1.391e-02        0
     127       131   -1.014085e+05   0.000e+00   7.385e-05   1.493e-03        0
     128       132   -1.014085e+05   0.000e+00   9.095e-05   5.716e-04        0
     129       133   -1.014085e+05   0.000e+00   1.852e-04   4.597e-04        0
     130       136   -1.014085e+05   0.000e+00   2.017e-04   9.539e-05        0
     131       139   -1.014085e+05   0.000e+00   1.432e-04   9.531e-05        0
     132       142   -1.014085e+05   0.000e+00   1.197e-04   8.436e-05        0
     133       145   -1.014085e+05   0.000e+00   9.352e-05   8.159e-05        0
     134       146   -1.014085e+05   0.000e+00   7.914e-05   2.774e-04        0
     135       147   -1.014085e+05   0.000e+00   4.021e-07   4.798e-09        1
     136       148   -1.014085e+05   0.000e+00   4.498e-03   2.906e-04        0
     137       149   -1.014085e+05   0.000e+00   2.506e-05   2.380e-04        0
     138       150   -1.014085e+05   0.000e+00   1.657e-06   2.832e-04        0
     139       151   -1.014085e+05   0.000e+00   4.848e-07   6.188e-05        0
     140       152   -1.014085e+05   0.000e+00   2.561e-05   3.759e-05        0
     141       153   -1.014085e+05   0.000e+00   2.680e-04   3.758e-05        0
     142       154   -1.014085e+05   0.000e+00   1.263e-04   1.573e-09        1
     143       155   -1.014085e+05   0.000e+00   3.947e-06   1.273e-04        0
     144       156   -1.014085e+05   0.000e+00   3.583e-05   1.189e-04        0
     145       158   -1.014085e+05   0.000e+00   8.272e-07   3.962e-10        2
     146       159   -1.014085e+05   0.000e+00   2.117e-05   4.698e-05        0
     147       171   -1.014085e+05   0.000e+00   4.455e-05   3.426e-10       27
     148       175   -1.014085e+05   0.000e+00   4.554e-05   5.995e-10        0
     149       181   -1.014085e+05   0.000e+00   9.368e-08   7.832e-11        2
     150       185   -1.014085e+05   0.000e+00   3.758e-05   1.371e-10        0
     151       210   -1.014085e+05   0.000e+00   8.000e-06   2.614e-16       21
     152       212   -1.014085e+05   0.000e+00   6.968e-06   2.614e-16        0
     153       213   -1.014085e+05   0.000e+00   4.599e-05   4.189e-05        0
     154       214   -1.014085e+05   0.000e+00   1.160e-05   4.186e-05        0
     155       216   -1.014085e+05   0.000e+00   1.223e-05   1.515e-06       14
     156       217   -1.014085e+05   0.000e+00   5.671e-05   6.512e-08        0
     157       236   -1.014085e+05   0.000e+00   5.643e-05   3.423e-16       15
     158       244   -1.014085e+05   0.000e+00   1.141e-05   2.995e-16        4
     159       246   -1.014085e+05   0.000e+00   1.150e-05   2.995e-16        0

EXIT: Primal feasible solution; terminate because the relative change in
      solution estimate < xtol for 3 consecutive iterations.

Final Statistics
----------------
Final objective value               =  -1.01408546752724e+05
Final feasibility error (abs / rel) =   0.00e+00 / 0.00e+00
Final optimality error  (abs / rel) =   1.15e-05 / 1.15e-05
# of iterations                     =        159 
# of CG iterations                  =         87 
# of function evaluations           =        246
# of gradient evaluations           =        160
Total program time (secs)           =   22140.02344 (463074.219 CPU time)
Time spent in evaluations (secs)    =   22104.57031

Solution Vector
---------------
x[       0] =   6.40437428469e+00
x[       1] =   5.16508778330e+00
x[       2] =   5.34282009657e+00
x[       3] =   6.66203849874e+00
x[       4] =   6.51541166889e+00
x[       5] =   6.09055631658e+00
x[       6] =   7.03277324853e+00
x[       7] =  -3.28458498889e+00
x[       8] =  -2.15706308011e+00
x[       9] =  -3.36859116275e+00
x[      10] =   1.02719801938e-01
x[      11] =  -3.68752869089e-04
x[      12] =   1.33830318120e+00
x[      13] =   1.02845558948e+00
x[      14] =   7.44782874895e-01
x[      15] =   4.42239191942e-01
x[      16] =   1.34652669351e+00
x[      17] =   1.25227785216e+00
x[      18] =   1.03199283305e+00
x[      19] =   1.05131363838e+00
x[      20] =   9.80637623958e-01
x[      21] =   9.72794912555e-01
x[      22] =   4.98606403323e-01

===============================================================================

