
Solving from new start point (number 8 of 42) <multistart>.


=======================================
*** NO CHECK MADE FOR LICENSE ***
         Artelys Knitro 12.3.0
=======================================

Knitro presolve eliminated 0 variables and 0 constraints.

algorithm:               4
bar_maxcrossit:          3
datacheck:               0
feastol:                 1e-08
hessopt:                 2
maxtime_cpu:             9.99995e+07
maxtime_real:            9.99998e+07
opttol:                  1e-08
outlev:                  5
outmode:                 2
par_concurrent_evals:    0
The problem is identified as bound constrained only.
Knitro changing act_qpalg from AUTO to 3.
Knitro changing honorbnds from AUTO to -1.
Knitro changing linesearch from AUTO to 2.
Knitro changing linsolver from AUTO to 4.

Problem Characteristics                                 (   Presolved)
-----------------------
Objective goal:  Maximize
Objective type:  general
Number of variables:                                 23 (          23)
    bounded below only:                               0 (           0)
    bounded above only:                               0 (           0)
    bounded below and above:                         23 (          23)
    fixed:                                            0 (           0)
    free:                                             0 (           0)
Number of constraints:                                0 (           0)
    linear equalities:                                0 (           0)
    quadratic equalities:                             0 (           0)
    gen. nonlinear equalities:                        0 (           0)
    linear one-sided inequalities:                    0 (           0)
    quadratic one-sided inequalities:                 0 (           0)
    gen. nonlinear one-sided inequalities:            0 (           0)
    linear two-sided inequalities:                    0 (           0)
    quadratic two-sided inequalities:                 0 (           0)
    gen. nonlinear two-sided inequalities:            0 (           0)
Number of nonzeros in Jacobian:                       0 (           0)
Number of nonzeros in Hessian:                        0 (         276)

Knitro using the Sequential Quadratic Programming (SQP) algorithm.

  Iter     fCount     Objective      FeasError   OptError    ||Step||    CGits 
--------  --------  --------------  ----------  ----------  ----------  -------
       0         1   -1.009306e+05   0.000e+00
       1         2   -9.528344e+04   0.000e+00   8.816e+01   3.695e-01        0
       2         3   -8.931922e+04   0.000e+00   1.750e+00   1.395e-01        0
       3         6   -8.915524e+04   0.000e+00   7.834e+00   5.430e-02        0
       4         8   -8.660836e+04   0.000e+00   3.066e+01   1.058e+00        0
       5         9   -8.483448e+04   0.000e+00   7.178e+00   4.727e-01        0
       6        10   -8.400575e+04   0.000e+00   1.060e+01   1.583e-01        0
       7        11   -8.254683e+04   0.000e+00   4.320e+00   4.107e-01        0
       8        13   -8.236310e+04   0.000e+00   1.419e+01   7.048e-02        0
       9        14   -8.201968e+04   0.000e+00   4.443e-01   1.145e-01        0
      10        15   -8.180508e+04   0.000e+00   8.396e-02   1.205e-01        0
      11        16   -8.160029e+04   0.000e+00   9.762e-01   2.213e-01        0
      12        17   -8.152059e+04   0.000e+00   5.453e-01   7.597e-02        0
      13        18   -8.121082e+04   0.000e+00   5.731e+00   3.785e-01        0
      14        19   -8.095236e+04   0.000e+00   5.597e+00   1.062e-01        0
      15        20   -8.075954e+04   0.000e+00   2.548e+00   1.760e-01        0
      16        21   -8.072210e+04   0.000e+00   1.713e+00   2.236e-02        0
      17        22   -8.064072e+04   0.000e+00   1.638e-01   9.081e-02        0
      18        23   -8.061218e+04   0.000e+00   1.407e+00   5.269e-02        0
      19        24   -8.056665e+04   0.000e+00   2.765e+00   8.727e-02        0
      20        25   -8.050423e+04   0.000e+00   3.542e+00   1.297e-01        0
      21        26   -8.044952e+04   0.000e+00   2.387e+00   1.336e-01        0
      22        27   -8.042089e+04   0.000e+00   7.928e-01   7.647e-02        0
      23        28   -8.040140e+04   0.000e+00   9.010e-01   4.222e-02        0
      24        29   -8.037546e+04   0.000e+00   2.049e+00   5.531e-02        0
      25        30   -8.034090e+04   0.000e+00   2.810e+00   8.341e-02        0
      26        31   -8.029585e+04   0.000e+00   2.715e+00   1.314e-01        0
      27        32   -8.024996e+04   0.000e+00   1.790e+00   1.525e-01        0
      28        33   -8.021194e+04   0.000e+00   3.348e-01   1.189e-01        0
      29        34   -8.018543e+04   0.000e+00   1.543e+00   7.099e-02        0
      30        35   -8.015575e+04   0.000e+00   1.667e+00   6.314e-02        0
      31        36   -8.010708e+04   0.000e+00   1.995e+00   1.161e-01        0
      32        37   -8.003143e+04   0.000e+00   7.723e-01   1.986e-01        0
      33        38   -7.994125e+04   0.000e+00   7.958e-02   2.716e-01        0
      34        39   -7.989160e+04   0.000e+00   3.626e-01   1.469e-01        0
      35        40   -7.987196e+04   0.000e+00   6.146e-01   7.187e-02        0
      36        41   -7.985965e+04   0.000e+00   5.066e-01   5.202e-02        0
      37        42   -7.984656e+04   0.000e+00   3.494e-01   6.430e-02        0
      38        43   -7.983383e+04   0.000e+00   7.542e-02   5.600e-02        0
      39        44   -7.982496e+04   0.000e+00   5.927e-02   4.395e-02        0
      40        45   -7.982199e+04   0.000e+00   1.160e-01   2.308e-02        0
      41        46   -7.982079e+04   0.000e+00   6.886e-03   1.225e-02        0
      42        47   -7.981870e+04   0.000e+00   2.939e-02   2.126e-02        0
      43        48   -7.981372e+04   0.000e+00   1.263e-02   3.681e-02        0
      44        49   -7.980449e+04   0.000e+00   5.703e-03   6.659e-02        0
      45        50   -7.979259e+04   0.000e+00   8.147e-02   9.742e-02        0
      46        51   -7.978457e+04   0.000e+00   9.234e-02   8.274e-02        0
      47        52   -7.978200e+04   0.000e+00   4.510e-02   3.629e-02        0
      48        53   -7.978121e+04   0.000e+00   2.390e-02   1.484e-02        0
      49        54   -7.978021e+04   0.000e+00   3.660e-03   1.487e-02        0
      50        55   -7.977862e+04   0.000e+00   4.964e-02   1.954e-02        0
      51        56   -7.977712e+04   0.000e+00   7.923e-02   2.135e-02        0
      52        57   -7.977633e+04   0.000e+00   5.852e-02   1.933e-02        0
      53        58   -7.977603e+04   0.000e+00   1.860e-02   1.182e-02        0
      54        59   -7.977574e+04   0.000e+00   2.587e-02   8.559e-03        0
      55        60   -7.977505e+04   0.000e+00   1.085e-01   1.557e-02        0
      56        61   -7.977365e+04   0.000e+00   2.213e-01   2.742e-02        0
      57        62   -7.977124e+04   0.000e+00   3.229e-01   4.782e-02        0
      58        63   -7.976863e+04   0.000e+00   3.007e-01   5.850e-02        0
      59        64   -7.976714e+04   0.000e+00   1.175e-01   3.961e-02        0
      60        65   -7.976664e+04   0.000e+00   4.492e-02   1.318e-02        0
      61        66   -7.976624e+04   0.000e+00   1.704e-01   6.604e-03        0
      62        67   -7.976553e+04   0.000e+00   3.077e-01   9.864e-03        0
      63        68   -7.976470e+04   0.000e+00   3.398e-01   1.883e-02        0
      64        69   -7.976415e+04   0.000e+00   2.046e-01   2.310e-02        0
      65        70   -7.976396e+04   0.000e+00   5.200e-02   1.155e-02        0
      66        71   -7.976387e+04   0.000e+00   4.772e-02   4.738e-03        0
      67        72   -7.976369e+04   0.000e+00   1.805e-01   6.390e-03        0
      68        73   -7.976329e+04   0.000e+00   3.768e-01   1.332e-02        0
      69        74   -7.976245e+04   0.000e+00   6.061e-01   2.822e-02        0
      70        75   -7.976116e+04   0.000e+00   7.151e-01   4.756e-02        0
      71        76   -7.976001e+04   0.000e+00   5.264e-01   4.804e-02        0
      72        77   -7.975955e+04   0.000e+00   2.008e-01   1.918e-02        0
      73        78   -7.975946e+04   0.000e+00   2.555e-02   3.760e-03        0
      74        79   -7.975943e+04   0.000e+00   5.038e-02   2.982e-03        0
      75        80   -7.975935e+04   0.000e+00   1.713e-01   4.249e-03        0
      76        81   -7.975918e+04   0.000e+00   3.411e-01   6.253e-03        0
      77        82   -7.975881e+04   0.000e+00   5.543e-01   1.580e-02        0
      78        83   -7.975819e+04   0.000e+00   6.937e-01   3.439e-02        0
      79        84   -7.975754e+04   0.000e+00   5.700e-01   4.811e-02        0
      80        85   -7.975720e+04   0.000e+00   2.477e-01   3.254e-02        0
      81        86   -7.975712e+04   0.000e+00   2.500e-02   7.875e-03        0
      82        87   -7.975710e+04   0.000e+00   4.707e-02   2.230e-03        0
      83        88   -7.975705e+04   0.000e+00   1.389e-01   3.132e-03        0
      84        89   -7.975694e+04   0.000e+00   2.631e-01   5.179e-03        0
      85        90   -7.975670e+04   0.000e+00   4.268e-01   1.170e-02        0
      86        91   -7.975622e+04   0.000e+00   5.629e-01   2.930e-02        0
      87        92   -7.975561e+04   0.000e+00   5.344e-01   5.179e-02        0
      88        93   -7.975519e+04   0.000e+00   2.933e-01   4.858e-02        0
      89        94   -7.975507e+04   0.000e+00   6.385e-02   1.999e-02        0
      90        95   -7.975505e+04   0.000e+00   1.108e-02   3.651e-03        0
      91        96   -7.975504e+04   0.000e+00   3.504e-02   1.659e-03        0
      92        97   -7.975501e+04   0.000e+00   8.133e-02   3.862e-03        0
      93        98   -7.975496e+04   0.000e+00   1.350e-01   5.793e-03        0
      94        99   -7.975482e+04   0.000e+00   2.013e-01   1.304e-02        0
      95       100   -7.975457e+04   0.000e+00   2.460e-01   2.648e-02        0
      96       101   -7.975426e+04   0.000e+00   2.046e-01   4.166e-02        0
      97       102   -7.975405e+04   0.000e+00   7.563e-02   4.351e-02        0
      98       103   -7.975393e+04   0.000e+00   4.565e-02   3.539e-02        0
      99       104   -7.975383e+04   0.000e+00   1.292e-01   4.186e-02        0
     100       105   -7.975373e+04   0.000e+00   1.304e-01   3.044e-02        0
     101       106   -7.975370e+04   0.000e+00   4.359e-02   1.130e-02        0
     102       107   -7.975369e+04   0.000e+00   9.969e-03   3.784e-03        0
     103       108   -7.975368e+04   0.000e+00   2.594e-02   1.889e-03        0
     104       109   -7.975367e+04   0.000e+00   4.855e-02   4.578e-03        0
     105       110   -7.975364e+04   0.000e+00   7.308e-02   8.190e-03        0
     106       111   -7.975356e+04   0.000e+00   1.126e-01   1.773e-02        0
     107       112   -7.975337e+04   0.000e+00   1.654e-01   3.714e-02        0
     108       113   -7.975294e+04   0.000e+00   2.308e-01   7.758e-02        0
     109       114   -7.975214e+04   0.000e+00   2.697e-01   1.382e-01        0
     110       115   -7.975118e+04   0.000e+00   2.250e-01   1.647e-01        0
     111       116   -7.975058e+04   0.000e+00   1.030e-01   8.611e-02        0
     112       117   -7.975042e+04   0.000e+00   9.212e-03   4.793e-02        0
     113       118   -7.975039e+04   0.000e+00   1.099e-02   4.088e-02        0
     114       119   -7.975038e+04   0.000e+00   1.106e-02   2.063e-02        0
     115       120   -7.975036e+04   0.000e+00   2.223e-03   2.107e-02        0
     116       121   -7.975030e+04   0.000e+00   2.330e-02   2.170e-02        0
     117       122   -7.975016e+04   0.000e+00   6.654e-02   2.092e-02        0
     118       123   -7.974990e+04   0.000e+00   9.391e-02   2.025e-02        0
     119       124   -7.974958e+04   0.000e+00   8.861e-02   6.706e-02        0
     120       125   -7.974941e+04   0.000e+00   3.896e-02   8.011e-02        0
     121       126   -7.974938e+04   0.000e+00   6.669e-03   3.261e-02        0
     122       127   -7.974938e+04   0.000e+00   1.396e-03   4.047e-03        0
     123       128   -7.974938e+04   0.000e+00   1.260e-03   6.539e-04        0
     124       129   -7.974937e+04   0.000e+00   2.418e-03   1.483e-03        0
     125       130   -7.974937e+04   0.000e+00   1.475e-03   2.077e-03        0
     126       131   -7.974936e+04   0.000e+00   1.816e-03   4.029e-03        0
     127       132   -7.974933e+04   0.000e+00   5.082e-04   7.940e-03        0
     128       133   -7.974927e+04   0.000e+00   1.900e-03   1.707e-02        0
     129       134   -7.974920e+04   0.000e+00   1.383e-03   2.782e-02        0
     130       135   -7.974916e+04   0.000e+00   9.798e-04   3.109e-02        0
     131       136   -7.974914e+04   0.000e+00   4.059e-03   1.635e-02        0
     132       137   -7.974914e+04   0.000e+00   1.333e-03   4.744e-03        0
     133       138   -7.974914e+04   0.000e+00   1.265e-03   1.567e-03        0
     134       139   -7.974914e+04   0.000e+00   4.243e-04   1.423e-03        0
     135       140   -7.974914e+04   0.000e+00   1.617e-03   1.432e-03        0
     136       141   -7.974914e+04   0.000e+00   4.837e-03   2.715e-03        0
     137       142   -7.974914e+04   0.000e+00   7.742e-03   2.723e-03        0
     138       143   -7.974914e+04   0.000e+00   9.836e-03   1.316e-03        0
     139       144   -7.974914e+04   0.000e+00   7.730e-03   3.542e-03        0
     140       145   -7.974914e+04   0.000e+00   3.012e-03   5.062e-03        0
     141       146   -7.974914e+04   0.000e+00   1.488e-04   4.994e-03        0
     142       147   -7.974914e+04   0.000e+00   1.086e-04   2.039e-03        0
     143       150   -7.974914e+04   0.000e+00   1.109e-04   1.019e-04        0
     144       151   -7.974914e+04   0.000e+00   1.159e-04   5.828e-05        0
     145       154   -7.974914e+04   0.000e+00   9.544e-05   9.950e-06        0
     146       155   -7.974914e+04   0.000e+00   2.749e-06   5.452e-05        0
     147       156   -7.974914e+04   0.000e+00   1.157e-05   4.605e-05        0
     148       157   -7.974914e+04   0.000e+00   5.908e-06   3.113e-05        0
     149       158   -7.974914e+04   0.000e+00   1.645e-05   3.056e-05       13
     150       159   -7.974914e+04   0.000e+00   7.237e-05   4.742e-04        0
     151       160   -7.974914e+04   0.000e+00   6.970e-05   2.385e-05        5
     152       161   -7.974914e+04   0.000e+00   2.675e-07   9.703e-10        1
     153       162   -7.974914e+04   0.000e+00   7.678e-08   4.979e-04        0
     154       163   -7.974914e+04   0.000e+00   9.191e-08   2.735e-04        0
     155       164   -7.974914e+04   0.000e+00   6.005e-09   4.075e-06        0

EXIT: Locally optimal solution found.

Final Statistics
----------------
Final objective value               =  -7.97491379716391e+04
Final feasibility error (abs / rel) =   0.00e+00 / 0.00e+00
Final optimality error  (abs / rel) =   6.01e-09 / 6.01e-09
# of iterations                     =        155 
# of CG iterations                  =         19 
# of function evaluations           =        164
# of gradient evaluations           =        156
Total program time (secs)           =    9881.53320 (206638.016 CPU time)
Time spent in evaluations (secs)    =    9855.60156

Solution Vector
---------------
x[       0] =   3.64174014167e+00
x[       1] =   3.24571790168e+00
x[       2] =   3.11009815346e+00
x[       3] =   3.29070114437e+00
x[       4] =   3.36543492489e+00
x[       5] =   3.38771615576e+00
x[       6] =   3.87399955296e+00
x[       7] =  -7.22065974132e-01
x[       8] =  -1.64680720161e+00
x[       9] =  -4.19408748515e+00
x[      10] =   4.59980080262e-03
x[      11] =   1.65318033395e-03
x[      12] =   1.45122280191e+00
x[      13] =   1.66053811559e+00
x[      14] =   1.41827121937e+00
x[      15] =   1.79800299070e+00
x[      16] =   9.77044440388e-01
x[      17] =   1.14382484210e+00
x[      18] =   1.20739531327e+00
x[      19] =   1.17398816463e+00
x[      20] =   9.35772989429e-01
x[      21] =   9.32120162626e-01
x[      22] =   3.70149584204e-01

===============================================================================

