
Solving from new start point (number 39 of 42) <multistart>.


=======================================
*** NO CHECK MADE FOR LICENSE ***
         Artelys Knitro 12.3.0
=======================================

Knitro presolve eliminated 0 variables and 0 constraints.

algorithm:               4
bar_maxcrossit:          3
datacheck:               0
feastol:                 1e-08
hessopt:                 2
maxtime_cpu:             9.97689e+07
maxtime_real:            9.99888e+07
opttol:                  1e-08
outlev:                  5
outmode:                 2
par_concurrent_evals:    0
The problem is identified as bound constrained only.
Knitro changing act_qpalg from AUTO to 3.
Knitro changing honorbnds from AUTO to -1.
Knitro changing linesearch from AUTO to 2.
Knitro changing linsolver from AUTO to 4.

Problem Characteristics                                 (   Presolved)
-----------------------
Objective goal:  Maximize
Objective type:  general
Number of variables:                                 23 (          23)
    bounded below only:                               0 (           0)
    bounded above only:                               0 (           0)
    bounded below and above:                         23 (          23)
    fixed:                                            0 (           0)
    free:                                             0 (           0)
Number of constraints:                                0 (           0)
    linear equalities:                                0 (           0)
    quadratic equalities:                             0 (           0)
    gen. nonlinear equalities:                        0 (           0)
    linear one-sided inequalities:                    0 (           0)
    quadratic one-sided inequalities:                 0 (           0)
    gen. nonlinear one-sided inequalities:            0 (           0)
    linear two-sided inequalities:                    0 (           0)
    quadratic two-sided inequalities:                 0 (           0)
    gen. nonlinear two-sided inequalities:            0 (           0)
Number of nonzeros in Jacobian:                       0 (           0)
Number of nonzeros in Hessian:                        0 (         276)

Knitro using the Sequential Quadratic Programming (SQP) algorithm.

  Iter     fCount     Objective      FeasError   OptError    ||Step||    CGits 
--------  --------  --------------  ----------  ----------  ----------  -------
       0         1   -1.022140e+05   0.000e+00
       1         2   -9.039901e+04   0.000e+00   3.656e+01   4.848e-01        0
       2         3   -8.703405e+04   0.000e+00   3.071e+00   1.342e-01        0
       3         5   -8.622747e+04   0.000e+00   6.716e+00   2.276e-01        0
       4         7   -8.541876e+04   0.000e+00   1.953e+01   2.771e-01        0
       5         8   -8.425576e+04   0.000e+00   8.430e+00   1.195e-01        0
       6        10   -8.293187e+04   0.000e+00   4.213e-01   2.191e-01        0
       7        11   -8.220140e+04   0.000e+00   9.132e+00   3.300e-01        0
       8        12   -8.216234e+04   0.000e+00   6.713e+00   9.992e-02        0
       9        13   -8.176742e+04   0.000e+00   2.634e-01   1.005e-01        0
      10        14   -8.173060e+04   0.000e+00   1.386e+01   1.413e-01        0
      11        15   -8.142391e+04   0.000e+00   1.626e+00   6.382e-02        0
      12        16   -8.128508e+04   0.000e+00   1.414e+00   5.822e-02        0
      13        17   -8.112338e+04   0.000e+00   1.788e+00   1.264e-01        0
      14        18   -8.102928e+04   0.000e+00   2.148e+00   6.635e-02        0
      15        19   -8.076229e+04   0.000e+00   1.769e-02   2.190e-01        0
      16        20   -8.051779e+04   0.000e+00   2.351e+00   1.672e-01        0
      17        21   -8.037350e+04   0.000e+00   9.131e-01   1.367e-01        0
      18        22   -8.035637e+04   0.000e+00   7.033e-01   3.797e-02        0
      19        23   -8.032726e+04   0.000e+00   1.053e+00   4.807e-02        0
      20        24   -8.028680e+04   0.000e+00   1.108e+00   4.870e-02        0
      21        25   -8.020115e+04   0.000e+00   1.886e+00   1.151e-01        0
      22        26   -8.013070e+04   0.000e+00   9.659e-01   1.361e-01        0
      23        27   -8.010373e+04   0.000e+00   2.542e-02   9.231e-02        0
      24        28   -8.009756e+04   0.000e+00   1.844e-01   2.373e-02        0
      25        29   -8.008375e+04   0.000e+00   3.302e-01   4.382e-02        0
      26        30   -8.005840e+04   0.000e+00   4.777e-01   7.432e-02        0
      27        31   -8.001991e+04   0.000e+00   4.001e-01   1.181e-01        0
      28        32   -7.998698e+04   0.000e+00   2.599e-01   1.131e-01        0
      29        33   -7.997385e+04   0.000e+00   4.152e-02   5.312e-02        0
      30        34   -7.997102e+04   0.000e+00   1.426e-02   1.964e-02        0
      31        35   -7.996866e+04   0.000e+00   9.823e-02   1.644e-02        0
      32        36   -7.996307e+04   0.000e+00   1.860e-01   2.810e-02        0
      33        37   -7.995249e+04   0.000e+00   3.422e-01   4.287e-02        0
      34        38   -7.993698e+04   0.000e+00   3.634e-01   7.503e-02        0
      35        39   -7.992443e+04   0.000e+00   3.005e-01   8.949e-02        0
      36        40   -7.991888e+04   0.000e+00   6.981e-02   5.626e-02        0
      37        41   -7.991647e+04   0.000e+00   6.306e-02   2.347e-02        0
      38        42   -7.991293e+04   0.000e+00   2.060e-01   2.453e-02        0
      39        43   -7.990480e+04   0.000e+00   3.821e-01   4.870e-02        0
      40        44   -7.988943e+04   0.000e+00   5.573e-01   9.330e-02        0
      41        45   -7.986872e+04   0.000e+00   6.385e-01   1.428e-01        0
      42        46   -7.985522e+04   0.000e+00   4.875e-01   1.167e-01        0
      43        47   -7.985084e+04   0.000e+00   1.581e-01   3.520e-02        0
      44        48   -7.984841e+04   0.000e+00   1.088e-01   1.516e-02        0
      45        49   -7.984468e+04   0.000e+00   4.162e-01   1.692e-02        0
      46        50   -7.983637e+04   0.000e+00   8.265e-01   4.115e-02        0
      47        51   -7.982287e+04   0.000e+00   1.130e+00   9.177e-02        0
      48        52   -7.980911e+04   0.000e+00   9.760e-01   1.277e-01        0
      49        53   -7.980167e+04   0.000e+00   4.323e-01   8.364e-02        0
      50        54   -7.979944e+04   0.000e+00   2.183e-02   2.346e-02        0
      51        55   -7.979824e+04   0.000e+00   2.363e-01   9.046e-03        0
      52        56   -7.979506e+04   0.000e+00   6.031e-01   2.268e-02        0
      53        57   -7.978936e+04   0.000e+00   9.251e-01   4.837e-02        0
      54        58   -7.978125e+04   0.000e+00   9.852e-01   8.858e-02        0
      55        59   -7.977573e+04   0.000e+00   5.756e-01   8.335e-02        0
      56        60   -7.977403e+04   0.000e+00   1.509e-01   3.420e-02        0
      57        61   -7.977373e+04   0.000e+00   3.289e-02   5.808e-03        0
      58        62   -7.977353e+04   0.000e+00   1.079e-01   4.126e-03        0
      59        63   -7.977302e+04   0.000e+00   2.440e-01   7.173e-03        0
      60        64   -7.977228e+04   0.000e+00   2.936e-01   1.006e-02        0
      61        65   -7.977150e+04   0.000e+00   2.565e-01   1.730e-02        0
      62        66   -7.977110e+04   0.000e+00   6.730e-02   1.596e-02        0
      63        67   -7.977096e+04   0.000e+00   1.149e-02   7.556e-03        0
      64        68   -7.977081e+04   0.000e+00   1.116e-01   6.261e-03        0
      65        69   -7.977044e+04   0.000e+00   2.226e-01   1.201e-02        0
      66        70   -7.976952e+04   0.000e+00   4.210e-01   2.606e-02        0
      67        71   -7.976745e+04   0.000e+00   6.297e-01   5.571e-02        0
      68        72   -7.976391e+04   0.000e+00   7.884e-01   9.892e-02        0
      69        73   -7.976044e+04   0.000e+00   6.218e-01   1.060e-01        0
      70        74   -7.975899e+04   0.000e+00   2.458e-01   3.782e-02        0
      71        75   -7.975869e+04   0.000e+00   1.582e-02   1.748e-02        0
      72        76   -7.975865e+04   0.000e+00   1.940e-02   8.854e-03        0
      73        77   -7.975862e+04   0.000e+00   3.418e-02   5.376e-03        0
      74        78   -7.975853e+04   0.000e+00   5.262e-02   1.024e-02        0
      75        79   -7.975832e+04   0.000e+00   7.732e-02   1.177e-02        0
      76        80   -7.975786e+04   0.000e+00   9.573e-02   1.617e-02        0
      77        81   -7.975720e+04   0.000e+00   9.260e-02   2.894e-02        0
      78        82   -7.975666e+04   0.000e+00   4.423e-02   4.386e-02        0
      79        83   -7.975645e+04   0.000e+00   5.580e-03   3.115e-02        0
      80        84   -7.975641e+04   0.000e+00   1.125e-02   1.136e-02        0
      81        85   -7.975638e+04   0.000e+00   1.389e-02   5.025e-03        0
      82        86   -7.975631e+04   0.000e+00   1.821e-02   8.153e-03        0
      83        87   -7.975619e+04   0.000e+00   1.524e-02   9.459e-03        0
      84        88   -7.975605e+04   0.000e+00   1.958e-02   1.368e-02        0
      85        89   -7.975595e+04   0.000e+00   2.464e-03   1.153e-02        0
      86        90   -7.975589e+04   0.000e+00   9.659e-03   9.130e-03        0
      87        91   -7.975584e+04   0.000e+00   7.131e-03   7.957e-03        0
      88        92   -7.975577e+04   0.000e+00   1.227e-03   1.367e-02        0
      89        93   -7.975570e+04   0.000e+00   1.995e-02   1.353e-02        0
      90        94   -7.975565e+04   0.000e+00   7.268e-03   1.489e-02        0
      91        95   -7.975560e+04   0.000e+00   1.901e-02   7.035e-03        0
      92        96   -7.975552e+04   0.000e+00   1.093e-02   9.000e-03        0
      93        97   -7.975536e+04   0.000e+00   1.292e-02   1.001e-02        0
      94        98   -7.975510e+04   0.000e+00   3.442e-03   1.799e-02        0
      95        99   -7.975487e+04   0.000e+00   2.941e-03   2.396e-02        0
      96       100   -7.975478e+04   0.000e+00   1.783e-03   1.709e-02        0
      97       101   -7.975477e+04   0.000e+00   6.936e-04   5.451e-03        0
      98       102   -7.975476e+04   0.000e+00   9.493e-04   1.181e-03        0
      99       103   -7.975476e+04   0.000e+00   3.150e-04   1.487e-03        0
     100       104   -7.975474e+04   0.000e+00   2.469e-04   2.313e-03        0
     101       105   -7.975471e+04   0.000e+00   2.208e-03   4.453e-03        0
     102       106   -7.975462e+04   0.000e+00   4.032e-03   1.014e-02        0
     103       107   -7.975442e+04   0.000e+00   5.665e-03   2.370e-02        0
     104       108   -7.975409e+04   0.000e+00   3.558e-03   4.395e-02        0
     105       109   -7.975383e+04   0.000e+00   5.596e-03   4.241e-02        0
     106       110   -7.975373e+04   0.000e+00   2.009e-03   2.133e-02        0
     107       111   -7.975371e+04   0.000e+00   2.851e-04   5.782e-03        0
     108       112   -7.975370e+04   0.000e+00   9.697e-04   2.865e-03        0
     109       113   -7.975368e+04   0.000e+00   1.247e-03   4.440e-03        0
     110       114   -7.975362e+04   0.000e+00   3.792e-03   5.301e-03        0
     111       115   -7.975349e+04   0.000e+00   4.592e-03   9.404e-03        0
     112       116   -7.975318e+04   0.000e+00   5.138e-03   2.889e-02        0
     113       117   -7.975257e+04   0.000e+00   3.666e-04   7.471e-02        0
     114       118   -7.975178e+04   0.000e+00   1.249e-02   1.303e-01        0
     115       119   -7.975127e+04   0.000e+00   6.820e-03   1.111e-01        0
     116       120   -7.975114e+04   0.000e+00   5.575e-03   3.081e-02        0
     117       121   -7.975112e+04   0.000e+00   2.724e-03   7.825e-03        0
     118       122   -7.975112e+04   0.000e+00   1.619e-03   5.903e-03        0
     119       123   -7.975111e+04   0.000e+00   3.999e-03   8.741e-03        0
     120       124   -7.975108e+04   0.000e+00   1.217e-02   1.072e-02        0
     121       125   -7.975100e+04   0.000e+00   3.050e-02   1.477e-02        0
     122       126   -7.975086e+04   0.000e+00   4.728e-02   1.294e-02        0
     123       127   -7.975061e+04   0.000e+00   5.897e-02   3.309e-02        0
     124       128   -7.975038e+04   0.000e+00   4.269e-02   6.400e-02        0
     125       129   -7.975030e+04   0.000e+00   1.592e-02   4.917e-02        0
     126       130   -7.975029e+04   0.000e+00   1.306e-03   1.399e-02        0
     127       131   -7.975028e+04   0.000e+00   1.660e-03   1.996e-03        0
     128       132   -7.975028e+04   0.000e+00   4.845e-03   1.688e-03        0
     129       133   -7.975027e+04   0.000e+00   9.969e-03   2.914e-03        0
     130       134   -7.975025e+04   0.000e+00   1.794e-02   5.203e-03        0
     131       135   -7.975020e+04   0.000e+00   3.045e-02   1.102e-02        0
     132       136   -7.975009e+04   0.000e+00   4.758e-02   2.459e-02        0
     133       137   -7.974985e+04   0.000e+00   6.437e-02   5.163e-02        0
     134       138   -7.974950e+04   0.000e+00   6.154e-02   8.181e-02        0
     135       139   -7.974924e+04   0.000e+00   2.720e-02   7.012e-02        0
     136       140   -7.974917e+04   0.000e+00   4.533e-03   1.932e-02        0
     137       141   -7.974916e+04   0.000e+00   2.577e-03   5.342e-03        0
     138       142   -7.974915e+04   0.000e+00   4.913e-03   8.268e-03        0
     139       143   -7.974915e+04   0.000e+00   3.598e-03   1.591e-02        0
     140       144   -7.974915e+04   0.000e+00   1.419e-03   1.086e-02        0
     141       145   -7.974915e+04   0.000e+00   2.767e-04   1.377e-03        0
     142       146   -7.974915e+04   0.000e+00   4.550e-04   7.631e-04        0
     143       147   -7.974915e+04   0.000e+00   1.796e-03   7.907e-04        0
     144       148   -7.974915e+04   0.000e+00   4.119e-03   9.201e-04        0
     145       149   -7.974915e+04   0.000e+00   7.451e-03   1.206e-03        0
     146       150   -7.974914e+04   0.000e+00   1.053e-02   1.727e-03        0
     147       151   -7.974914e+04   0.000e+00   1.024e-02   4.566e-03        0
     148       152   -7.974914e+04   0.000e+00   6.070e-03   6.483e-03        0
     149       153   -7.974914e+04   0.000e+00   1.342e-03   6.226e-03        0
     150       154   -7.974914e+04   0.000e+00   2.007e-04   2.136e-03        0
     151       155   -7.974914e+04   0.000e+00   7.901e-05   4.156e-04        0
     152       156   -7.974914e+04   0.000e+00   9.383e-06   3.908e-09        1
     153       157   -7.974914e+04   0.000e+00   1.102e-06   3.526e-04        0
     154       158   -7.974914e+04   0.000e+00   1.017e-06   3.392e-04        0
     155       159   -7.974914e+04   0.000e+00   6.875e-07   3.703e-04        0
     156       160   -7.974914e+04   0.000e+00   8.724e-07   1.722e-05        0
     157       161   -7.974914e+04   0.000e+00   8.218e-07   1.739e-05        0
     158       162   -7.974914e+04   0.000e+00   1.020e-06   7.712e-05        0
     159       163   -7.974914e+04   0.000e+00   1.090e-06   6.661e-05        0
     160       164   -7.974914e+04   0.000e+00   1.027e-06   7.150e-05        0
     161       165   -7.974914e+04   0.000e+00   5.494e-07   7.433e-05        0
     162       166   -7.974914e+04   0.000e+00   3.169e-07   1.116e-04        0
     163       167   -7.974914e+04   0.000e+00   3.186e-08   1.718e-04        0
     164       168   -7.974914e+04   0.000e+00   3.908e-09   2.023e-05        0

EXIT: Locally optimal solution found.

Final Statistics
----------------
Final objective value               =  -7.97491379716396e+04
Final feasibility error (abs / rel) =   0.00e+00 / 0.00e+00
Final optimality error  (abs / rel) =   3.91e-09 / 3.91e-09
# of iterations                     =        164 
# of CG iterations                  =          1 
# of function evaluations           =        168
# of gradient evaluations           =        165
Total program time (secs)           =    7168.88135 (117936.375 CPU time)
Time spent in evaluations (secs)    =    7104.33887

Solution Vector
---------------
x[       0] =   3.64174020780e+00
x[       1] =   3.24571822691e+00
x[       2] =   3.11009774133e+00
x[       3] =   3.29070110770e+00
x[       4] =   3.36543481988e+00
x[       5] =   3.38771669468e+00
x[       6] =   3.87399964892e+00
x[       7] =  -7.22065954254e-01
x[       8] =  -1.64680723620e+00
x[       9] =  -4.19408574549e+00
x[      10] =   4.59974816658e-03
x[      11] =   1.65318057710e-03
x[      12] =   1.45122271059e+00
x[      13] =   1.66053813398e+00
x[      14] =   1.41827119170e+00
x[      15] =   1.79800301958e+00
x[      16] =   9.77044340375e-01
x[      17] =   1.14382516484e+00
x[      18] =   1.20739538589e+00
x[      19] =   1.17398829774e+00
x[      20] =   9.35772802188e-01
x[      21] =   9.32120190574e-01
x[      22] =   3.70149586173e-01

===============================================================================

