
Solving from new start point (number 20 of 42) <multistart>.


=======================================
*** NO CHECK MADE FOR LICENSE ***
         Artelys Knitro 12.3.0
=======================================

Knitro presolve eliminated 0 variables and 0 constraints.

algorithm:               4
bar_maxcrossit:          3
datacheck:               0
feastol:                 1e-08
hessopt:                 2
maxtime_cpu:             9.99995e+07
maxtime_real:            9.99998e+07
opttol:                  1e-08
outlev:                  5
outmode:                 2
par_concurrent_evals:    0
The problem is identified as bound constrained only.
Knitro changing act_qpalg from AUTO to 3.
Knitro changing honorbnds from AUTO to -1.
Knitro changing linesearch from AUTO to 2.
Knitro changing linsolver from AUTO to 4.

Problem Characteristics                                 (   Presolved)
-----------------------
Objective goal:  Maximize
Objective type:  general
Number of variables:                                 23 (          23)
    bounded below only:                               0 (           0)
    bounded above only:                               0 (           0)
    bounded below and above:                         23 (          23)
    fixed:                                            0 (           0)
    free:                                             0 (           0)
Number of constraints:                                0 (           0)
    linear equalities:                                0 (           0)
    quadratic equalities:                             0 (           0)
    gen. nonlinear equalities:                        0 (           0)
    linear one-sided inequalities:                    0 (           0)
    quadratic one-sided inequalities:                 0 (           0)
    gen. nonlinear one-sided inequalities:            0 (           0)
    linear two-sided inequalities:                    0 (           0)
    quadratic two-sided inequalities:                 0 (           0)
    gen. nonlinear two-sided inequalities:            0 (           0)
Number of nonzeros in Jacobian:                       0 (           0)
Number of nonzeros in Hessian:                        0 (         276)

Knitro using the Sequential Quadratic Programming (SQP) algorithm.

  Iter     fCount     Objective      FeasError   OptError    ||Step||    CGits 
--------  --------  --------------  ----------  ----------  ----------  -------
       0         1   -9.793069e+04   0.000e+00
       1         2   -9.325156e+04   0.000e+00   1.310e+02   4.836e-01        0
       2         3   -8.560372e+04   0.000e+00   4.224e-01   2.655e-01        0
       3         4   -8.480924e+04   0.000e+00   9.067e+00   1.210e-01        0
       4         5   -8.406779e+04   4.337e-19   9.930e+00   1.701e-01        0
       5         6   -8.345267e+04   0.000e+00   5.260e+00   1.788e-01        0
       6         8   -8.334758e+04   0.000e+00   2.218e+01   3.196e-01        0
       7        10   -8.237399e+04   0.000e+00   1.268e+01   2.996e-01        0
       8        12   -8.235010e+04   0.000e+00   3.701e+00   2.228e-01        0
       9        14   -8.218863e+04   0.000e+00   6.299e+00   1.360e-01        0
      10        15   -8.205383e+04   0.000e+00   2.962e+00   8.036e-02        0
      11        16   -8.172382e+04   0.000e+00   1.157e+01   2.742e-01        0
      12        17   -8.141698e+04   0.000e+00   7.388e+00   2.492e-01        0
      13        18   -8.112309e+04   0.000e+00   4.762e+00   3.354e-01        0
      14        19   -8.089015e+04   0.000e+00   1.343e+00   2.685e-01        0
      15        20   -8.061854e+04   0.000e+00   4.866e+00   3.374e-01        0
      16        21   -8.044256e+04   0.000e+00   3.949e-01   1.665e-01        0
      17        22   -8.033346e+04   4.337e-19   1.646e+00   9.731e-02        0
      18        23   -8.025400e+04   0.000e+00   1.489e+00   1.090e-01        0
      19        24   -8.017480e+04   4.337e-19   2.299e+00   7.289e-02        0
      20        25   -8.007784e+04   0.000e+00   5.924e+00   2.584e-01        0
      21        26   -8.004323e+04   4.337e-19   1.865e+00   6.251e-02        0
      22        27   -8.002586e+04   0.000e+00   6.791e-01   2.444e-02        0
      23        28   -7.999444e+04   0.000e+00   1.326e+00   6.442e-02        0
      24        29   -7.997720e+04   0.000e+00   1.128e+00   6.407e-02        0
      25        30   -7.996847e+04   0.000e+00   2.636e-01   4.992e-02        0
      26        31   -7.996088e+04   0.000e+00   4.925e-01   3.550e-02        0
      27        32   -7.993681e+04   0.000e+00   1.958e+00   1.040e-01        0
      28        33   -7.989715e+04   0.000e+00   3.022e+00   1.727e-01        0
      29        34   -7.984624e+04   0.000e+00   2.866e+00   2.427e-01        0
      30        35   -7.981329e+04   0.000e+00   1.861e+00   1.605e-01        0
      31        36   -7.979468e+04   0.000e+00   2.354e-01   7.087e-02        0
      32        37   -7.978380e+04   0.000e+00   1.091e+00   3.573e-02        0
      33        38   -7.977528e+04   0.000e+00   2.100e+00   3.197e-02        0
      34        39   -7.976876e+04   0.000e+00   9.670e-01   3.246e-02        0
      35        40   -7.976643e+04   0.000e+00   5.253e-01   2.712e-02        0
      36        41   -7.976592e+04   0.000e+00   1.118e-01   8.216e-03        0
      37        42   -7.976560e+04   0.000e+00   2.704e-01   5.014e-03        0
      38        43   -7.976480e+04   0.000e+00   5.625e-01   1.085e-02        0
      39        44   -7.976378e+04   0.000e+00   6.221e-01   1.599e-02        0
      40        45   -7.976277e+04   0.000e+00   3.826e-01   2.095e-02        0
      41        46   -7.976206e+04   0.000e+00   8.736e-03   1.732e-02        0
      42        47   -7.976131e+04   0.000e+00   4.100e-01   1.647e-02        0
      43        48   -7.976001e+04   0.000e+00   8.584e-01   2.526e-02        0
      44        49   -7.975785e+04   0.000e+00   1.194e+00   4.230e-02        0
      45        50   -7.975547e+04   0.000e+00   1.082e+00   5.218e-02        0
      46        51   -7.975404e+04   0.000e+00   5.252e-01   3.554e-02        0
      47        52   -7.975363e+04   0.000e+00   6.011e-02   1.358e-02        0
      48        53   -7.975353e+04   0.000e+00   8.726e-02   4.851e-03        0
      49        54   -7.975340e+04   0.000e+00   1.923e-01   4.862e-03        0
      50        55   -7.975324e+04   0.000e+00   2.192e-01   6.138e-03        0
      51        56   -7.975311e+04   0.000e+00   1.274e-01   6.888e-03        0
      52        57   -7.975304e+04   0.000e+00   6.003e-03   5.646e-03        0
      53        58   -7.975299e+04   0.000e+00   8.862e-02   4.555e-03        0
      54        59   -7.975289e+04   0.000e+00   1.873e-01   6.403e-03        0
      55        60   -7.975273e+04   0.000e+00   2.502e-01   9.229e-03        0
      56        61   -7.975257e+04   0.000e+00   2.027e-01   1.029e-02        0
      57        62   -7.975247e+04   0.000e+00   7.275e-02   7.088e-03        0
      58        63   -7.975243e+04   0.000e+00   2.201e-02   3.735e-03        0
      59        64   -7.975239e+04   0.000e+00   9.295e-02   3.065e-03        0
      60        65   -7.975230e+04   0.000e+00   1.941e-01   5.828e-03        0
      61        66   -7.975209e+04   0.000e+00   3.215e-01   1.318e-02        0
      62        67   -7.975166e+04   0.000e+00   4.352e-01   2.967e-02        0
      63        68   -7.975109e+04   0.000e+00   4.181e-01   4.796e-02        0
      64        69   -7.975067e+04   0.000e+00   2.315e-01   4.368e-02        0
      65        70   -7.975055e+04   0.000e+00   5.369e-02   1.486e-02        0
      66        71   -7.975053e+04   0.000e+00   1.176e-02   3.580e-03        0
      67        72   -7.975051e+04   0.000e+00   4.190e-02   2.457e-03        0
      68        73   -7.975047e+04   0.000e+00   1.007e-01   4.812e-03        0
      69        74   -7.975037e+04   0.000e+00   1.678e-01   6.391e-03        0
      70        75   -7.975019e+04   0.000e+00   2.295e-01   1.488e-02        0
      71        76   -7.974997e+04   0.000e+00   2.198e-01   2.756e-02        0
      72        77   -7.974982e+04   0.000e+00   1.199e-01   2.786e-02        0
      73        78   -7.974979e+04   0.000e+00   2.348e-02   1.233e-02        0
      74        79   -7.974978e+04   0.000e+00   7.670e-03   2.252e-03        0
      75        80   -7.974978e+04   0.000e+00   2.364e-02   1.373e-03        0
      76        81   -7.974976e+04   0.000e+00   5.594e-02   2.856e-03        0
      77        82   -7.974973e+04   0.000e+00   9.690e-02   5.012e-03        0
      78        83   -7.974967e+04   0.000e+00   1.632e-01   1.613e-02        0
      79        84   -7.974956e+04   0.000e+00   1.801e-01   2.446e-02        0
      80        85   -7.974944e+04   0.000e+00   2.013e-01   5.472e-02        0
      81        86   -7.974938e+04   0.000e+00   4.394e-02   1.763e-02        0
      82        87   -7.974936e+04   0.000e+00   1.766e-02   1.020e-02        0
      83        88   -7.974936e+04   0.000e+00   2.479e-04   4.304e-03        0
      84        89   -7.974936e+04   0.000e+00   4.001e-03   7.276e-04        0
      85        90   -7.974936e+04   0.000e+00   1.055e-02   8.429e-04        0
      86        91   -7.974936e+04   0.000e+00   1.553e-02   9.331e-04        0
      87        92   -7.974935e+04   0.000e+00   2.260e-02   1.737e-03        0
      88        93   -7.974935e+04   0.000e+00   2.930e-02   3.606e-03        0
      89        94   -7.974933e+04   0.000e+00   3.219e-02   7.044e-03        0
      90        95   -7.974931e+04   0.000e+00   2.141e-02   8.950e-03        0
      91        96   -7.974931e+04   0.000e+00   7.208e-03   6.987e-03        0
      92        97   -7.974931e+04   0.000e+00   4.343e-05   2.758e-03        0
      93        98   -7.974930e+04   0.000e+00   2.680e-03   1.021e-03        0
      94        99   -7.974930e+04   0.000e+00   6.382e-03   1.261e-03        0
      95       100   -7.974930e+04   0.000e+00   1.220e-02   1.853e-03        0
      96       101   -7.974929e+04   0.000e+00   1.931e-02   2.738e-03        0
      97       102   -7.974928e+04   0.000e+00   2.515e-02   5.669e-03        0
      98       103   -7.974927e+04   0.000e+00   2.096e-02   8.753e-03        0
      99       104   -7.974926e+04   0.000e+00   8.427e-03   7.882e-03        0
     100       105   -7.974926e+04   0.000e+00   1.676e-04   3.019e-03        0
     101       106   -7.974926e+04   0.000e+00   2.459e-03   8.147e-04        0
     102       107   -7.974926e+04   0.000e+00   5.481e-03   9.462e-04        0
     103       108   -7.974925e+04   0.000e+00   9.388e-03   1.451e-03        0
     104       109   -7.974925e+04   0.000e+00   1.343e-02   2.930e-03        0
     105       110   -7.974924e+04   0.000e+00   1.446e-02   5.578e-03        0
     106       111   -7.974923e+04   0.000e+00   9.024e-03   6.728e-03        0
     107       112   -7.974923e+04   0.000e+00   2.178e-03   3.698e-03        0
     108       113   -7.974923e+04   0.000e+00   3.435e-04   8.657e-04        0
     109       114   -7.974923e+04   0.000e+00   7.357e-04   2.726e-04        0
     110       115   -7.974923e+04   0.000e+00   1.330e-03   4.559e-04        0
     111       116   -7.974923e+04   0.000e+00   2.261e-03   6.722e-04        0
     112       117   -7.974923e+04   0.000e+00   3.797e-03   1.425e-03        0
     113       118   -7.974922e+04   0.000e+00   5.918e-03   3.425e-03        0
     114       119   -7.974922e+04   0.000e+00   8.469e-03   8.778e-03        0
     115       120   -7.974920e+04   0.000e+00   1.034e-02   1.889e-02        0
     116       121   -7.974918e+04   0.000e+00   9.436e-03   2.738e-02        0
     117       122   -7.974916e+04   0.000e+00   6.201e-03   2.082e-02        0
     118       123   -7.974916e+04   0.000e+00   4.771e-03   1.229e-02        0
     119       124   -7.974915e+04   0.000e+00   3.108e-03   1.401e-02        0
     120       125   -7.974915e+04   0.000e+00   9.235e-04   6.991e-03        0
     121       126   -7.974915e+04   0.000e+00   3.565e-04   3.206e-03        0
     122       127   -7.974915e+04   0.000e+00   1.776e-03   1.345e-03        0
     123       128   -7.974915e+04   0.000e+00   4.751e-03   2.527e-03        0
     124       129   -7.974915e+04   0.000e+00   7.823e-03   2.646e-03        0
     125       130   -7.974915e+04   0.000e+00   1.038e-02   4.425e-03        0
     126       131   -7.974914e+04   0.000e+00   9.127e-03   7.362e-03        0
     127       132   -7.974914e+04   0.000e+00   3.985e-03   8.095e-03        0
     128       133   -7.974914e+04   0.000e+00   7.946e-04   2.631e-03        0
     129       134   -7.974914e+04   0.000e+00   6.531e-05   5.044e-04        0
     130       135   -7.974914e+04   0.000e+00   1.865e-05   2.093e-04        0
     131       136   -7.974914e+04   0.000e+00   2.562e-06   8.351e-11        1
     132       137   -7.974914e+04   0.000e+00   1.345e-08   7.498e-05        0
     133       138   -7.974914e+04   0.000e+00   1.743e-08   3.864e-06        0
     134       139   -7.974914e+04   0.000e+00   6.746e-09   3.866e-06        0

EXIT: Locally optimal solution found.

Final Statistics
----------------
Final objective value               =  -7.97491379716393e+04
Final feasibility error (abs / rel) =   0.00e+00 / 0.00e+00
Final optimality error  (abs / rel) =   6.75e-09 / 6.75e-09
# of iterations                     =        134 
# of CG iterations                  =          1 
# of function evaluations           =        139
# of gradient evaluations           =        135
Total program time (secs)           =    8485.92480 (177446.391 CPU time)
Time spent in evaluations (secs)    =    8423.94043

Solution Vector
---------------
x[       0] =   3.64174081690e+00
x[       1] =   3.24571911897e+00
x[       2] =   3.11009899972e+00
x[       3] =   3.29070208555e+00
x[       4] =   3.36543587560e+00
x[       5] =   3.38771727607e+00
x[       6] =   3.87400031269e+00
x[       7] =  -7.22066132504e-01
x[       8] =  -1.64680752913e+00
x[       9] =  -4.19408478720e+00
x[      10] =   4.59969294580e-03
x[      11] =   1.65318147880e-03
x[      12] =   1.45122284318e+00
x[      13] =   1.66053822723e+00
x[      14] =   1.41827104792e+00
x[      15] =   1.79800303880e+00
x[      16] =   9.77044142678e-01
x[      17] =   1.14382471559e+00
x[      18] =   1.20739509533e+00
x[      19] =   1.17398799408e+00
x[      20] =   9.35772760521e-01
x[      21] =   9.32120171283e-01
x[      22] =   3.70149608335e-01

===============================================================================

