
=======================================
           Academic License
       (NOT FOR COMMERCIAL USE)
         Artelys Knitro 12.3.0
=======================================

Knitro presolve eliminated 0 variables and 0 constraints.

algorithm:               4
bar_maxcrossit:          3
feastol:                 1e-08
hessopt:                 2
ms_enable:               1
ms_maxsolves:            42
ms_outsub:               1
opttol:                  1e-08
outlev:                  5
outmode:                 2
par_concurrent_evals:    0
par_blasnumthreads:      21
par_numthreads:          21

Problem Characteristics                                 (   Presolved)
-----------------------
Objective goal:  Maximize
Objective type:  general
Number of variables:                                 23 (          23)
    bounded below only:                               0 (           0)
    bounded above only:                               0 (           0)
    bounded below and above:                         23 (          23)
    fixed:                                            0 (           0)
    free:                                             0 (           0)
Number of constraints:                                0 (           0)
    linear equalities:                                0 (           0)
    quadratic equalities:                             0 (           0)
    gen. nonlinear equalities:                        0 (           0)
    linear one-sided inequalities:                    0 (           0)
    quadratic one-sided inequalities:                 0 (           0)
    gen. nonlinear one-sided inequalities:            0 (           0)
    linear two-sided inequalities:                    0 (           0)
    quadratic two-sided inequalities:                 0 (           0)
    gen. nonlinear two-sided inequalities:            0 (           0)
Number of nonzeros in Jacobian:                       0 (           0)
Number of nonzeros in Hessian:                        0 (         276)

Multistart will generate 42 start points as follows:
     23 variables will vary within their upper and lower bounds
      0 variables will vary over a range of 1000

Knitro parallel multistart will run with 21 threads.

 Solve #  ThreadID  Status     Objective     FeasError   OptError   Real Time 
--------  --------  ------  --------------  ----------  ---------- ----------
       1         6    -101   -7.974914e+04   0.000e+00   2.489e-04   1620.429
       4         4       0   -8.266803e+04   0.000e+00   1.557e-08   5711.489
      17        17       0   -7.974914e+04   0.000e+00   7.438e-09   6240.418
      13        13       0   -7.974914e+04   0.000e+00   2.606e-09   6359.871
      10         1       0   -7.974914e+04   0.000e+00   6.097e-09   6568.115
       9         7       0   -7.974914e+04   0.000e+00   8.976e-09   7115.913
       6         0       0   -7.974914e+04   0.000e+00   8.932e-09   7464.526
      18        18       0   -7.974914e+04   0.000e+00   3.338e-09   7889.413
      14        11       0   -7.974914e+04   0.000e+00   1.522e-09   8005.808
      20        10       0   -7.974914e+04   0.000e+00   6.746e-09   8485.925
      21        20       0   -7.974914e+04   0.000e+00   5.832e-09   8608.348
      11         9       0   -7.974914e+04   0.000e+00   1.177e-09   8960.503
      16        16       0   -7.974914e+04   0.000e+00   8.028e-09   9085.922
       2         5       0   -7.974914e+04   0.000e+00   5.043e-09   9312.632
       5        15       0   -7.974914e+04   0.000e+00   1.288e-09   9710.510
       8         8       0   -7.974914e+04   0.000e+00   6.005e-09   9881.533
       3         3       0   -7.974914e+04   0.000e+00   5.286e-09  10245.778
       7         2       0   -7.974914e+04   0.000e+00   6.152e-09  11007.220
      12        19       0   -7.974914e+04   0.000e+00   6.857e-09  11520.867
      19        12       0   -7.974914e+04   0.000e+00   4.886e-09  11716.526
      15        14       0   -7.974914e+04   0.000e+00   1.123e-10  11799.309
      22         6       0   -7.974914e+04   0.000e+00   2.041e-09  11501.063
      27         7       0   -7.974914e+04   0.000e+00   4.541e-09   6057.582
      26         1       0   -7.974914e+04   0.000e+00   6.178e-09   7789.106
      23         4       0   -7.974914e+04   0.000e+00   3.707e-09   9089.156
      33         9       0   -7.974914e+04   0.000e+00   8.788e-09   6118.086
      28         0       0   -7.974914e+04   0.000e+00   5.668e-09   8406.357
      36        15       0   -7.974914e+04   0.000e+00   2.794e-09   6212.603
      25        13       0   -7.974914e+04   0.000e+00   2.953e-10  10110.616
      30        11       0   -7.974914e+04   0.000e+00   3.820e-09   8792.364
      24        17       0   -7.974914e+04   0.000e+00   3.112e-10  10796.539
      29        18       0   -7.974914e+04   0.000e+00   3.259e-09   9331.054
      32        20       0   -7.974914e+04   0.000e+00   5.861e-09   8777.801
      37         8       0   -7.974914e+04   0.000e+00   7.875e-09   7590.367
      35         5       0   -7.974914e+04   0.000e+00   1.383e-09   8484.146
      31        10       0   -7.974914e+04   0.000e+00   8.572e-10   9460.709
      38         3       0   -7.974914e+04   0.000e+00   6.223e-09   7854.075
      34        16       0   -7.974914e+04   0.000e+00   3.753e-09   9065.652
      41        12       0   -7.974914e+04   0.000e+00   9.382e-09   6438.000
      39         2       0   -7.974914e+04   0.000e+00   3.908e-09   7168.881
      40        19       0   -7.974914e+04   0.000e+00   3.723e-09   6807.824
      42        14       0   -7.974914e+04   0.000e+00   9.887e-10   6569.312
Multistart stopping, reached ms_maxsolves limit.

MULTISTART: Best locally optimal solution is returned.
EXIT: Locally optimal solution found.

Final Statistics
----------------
Final objective value               =  -7.97491379716387e+04
Final feasibility error (abs / rel) =   0.00e+00 / 0.00e+00
Final optimality error  (abs / rel) =   2.61e-09 / 2.61e-09
# of iterations                     =       5974 
# of CG iterations                  =       1053 
# of function evaluations           =       6465
# of gradient evaluations           =       6014
Total program time (secs)           =   18620.79688 (349443.844 CPU time)

Solution Vector
---------------
x[       0] =   3.64173968024e+00
x[       1] =   3.24571750390e+00
x[       2] =   3.11009765112e+00
x[       3] =   3.29070076504e+00
x[       4] =   3.36543452869e+00
x[       5] =   3.38771592610e+00
x[       6] =   3.87399904536e+00
x[       7] =  -7.22065898442e-01
x[       8] =  -1.64680704265e+00
x[       9] =  -4.19408926557e+00
x[      10] =   4.59986475117e-03
x[      11] =   1.65317976302e-03
x[      12] =   1.45122289698e+00
x[      13] =   1.66053819093e+00
x[      14] =   1.41827116665e+00
x[      15] =   1.79800309636e+00
x[      16] =   9.77044443035e-01
x[      17] =   1.14382491550e+00
x[      18] =   1.20739529285e+00
x[      19] =   1.17398816645e+00
x[      20] =   9.35772902043e-01
x[      21] =   9.32120191428e-01
x[      22] =   3.70149595608e-01

===============================================================================

