
Solving from new start point (number 12 of 42) <multistart>.


=======================================
*** NO CHECK MADE FOR LICENSE ***
         Artelys Knitro 12.3.0
=======================================

Knitro presolve eliminated 0 variables and 0 constraints.

algorithm:               4
bar_maxcrossit:          3
datacheck:               0
feastol:                 1e-08
hessopt:                 2
maxtime_cpu:             9.99995e+07
maxtime_real:            9.99998e+07
opttol:                  1e-08
outlev:                  5
outmode:                 2
par_concurrent_evals:    0
The problem is identified as bound constrained only.
Knitro changing act_qpalg from AUTO to 3.
Knitro changing honorbnds from AUTO to -1.
Knitro changing linesearch from AUTO to 2.
Knitro changing linsolver from AUTO to 4.

Problem Characteristics                                 (   Presolved)
-----------------------
Objective goal:  Maximize
Objective type:  general
Number of variables:                                 23 (          23)
    bounded below only:                               0 (           0)
    bounded above only:                               0 (           0)
    bounded below and above:                         23 (          23)
    fixed:                                            0 (           0)
    free:                                             0 (           0)
Number of constraints:                                0 (           0)
    linear equalities:                                0 (           0)
    quadratic equalities:                             0 (           0)
    gen. nonlinear equalities:                        0 (           0)
    linear one-sided inequalities:                    0 (           0)
    quadratic one-sided inequalities:                 0 (           0)
    gen. nonlinear one-sided inequalities:            0 (           0)
    linear two-sided inequalities:                    0 (           0)
    quadratic two-sided inequalities:                 0 (           0)
    gen. nonlinear two-sided inequalities:            0 (           0)
Number of nonzeros in Jacobian:                       0 (           0)
Number of nonzeros in Hessian:                        0 (         276)

Knitro using the Sequential Quadratic Programming (SQP) algorithm.

  Iter     fCount     Objective      FeasError   OptError    ||Step||    CGits 
--------  --------  --------------  ----------  ----------  ----------  -------
       0         1   -1.447956e+05   0.000e+00
       1         2   -9.184558e+04   0.000e+00   1.559e+01   3.959e-01        0
       2         3   -8.613918e+04   0.000e+00   2.557e+00   5.578e-01        0
       3         4   -8.569599e+04   4.337e-19   2.291e+00   8.048e-02        0
       4         7   -8.542795e+04   4.337e-19   1.420e+00   1.168e-01        0
       5         9   -8.534721e+04   0.000e+00   5.504e+00   1.380e-01        0
       6        10   -8.502615e+04   0.000e+00   5.460e-01   6.166e-02        0
       7        11   -8.467253e+04   0.000e+00   9.824e-01   9.446e-02        0
       8        12   -8.414130e+04   0.000e+00   3.003e+00   1.504e-01        0
       9        13   -8.356515e+04   0.000e+00   3.847e+00   3.073e-01        0
      10        14   -8.343741e+04   0.000e+00   9.739e-02   3.149e-02        0
      11        15   -8.336800e+04   0.000e+00   9.604e-01   6.356e-02        0
      12        16   -8.327178e+04   0.000e+00   2.043e+00   3.455e-02        0
      13        17   -8.304333e+04   0.000e+00   2.396e+00   7.527e-02        0
      14        18   -8.258088e+04   0.000e+00   1.231e+00   4.347e-01        0
      15        19   -8.226349e+04   4.337e-19   2.594e+00   1.337e-01        0
      16        20   -8.196558e+04   0.000e+00   2.854e+00   1.940e-01        0
      17        21   -8.173482e+04   0.000e+00   8.019e-02   2.001e-01        0
      18        22   -8.164623e+04   0.000e+00   2.458e-01   1.747e-01        0
      19        23   -8.159747e+04   0.000e+00   9.490e-01   3.849e-02        0
      20        24   -8.153622e+04   0.000e+00   8.900e-01   3.118e-02        0
      21        25   -8.139091e+04   0.000e+00   7.683e-01   8.223e-02        0
      22        26   -8.128617e+04   0.000e+00   9.684e-01   6.378e-02        0
      23        27   -8.103336e+04   0.000e+00   4.909e-01   2.046e-01        0
      24        28   -8.092241e+04   0.000e+00   7.869e-02   1.115e-01        0
      25        29   -8.083170e+04   0.000e+00   6.245e-01   8.118e-02        0
      26        30   -8.077089e+04   0.000e+00   6.587e-01   6.341e-02        0
      27        31   -8.070170e+04   0.000e+00   3.425e-01   8.105e-02        0
      28        32   -8.060157e+04   0.000e+00   3.438e-01   1.456e-01        0
      29        33   -8.052197e+04   0.000e+00   5.320e-01   1.687e-01        0
      30        34   -8.048293e+04   0.000e+00   7.321e-01   9.326e-02        0
      31        35   -8.042581e+04   0.000e+00   1.153e+00   1.395e-01        0
      32        36   -8.037234e+04   0.000e+00   8.776e-01   1.386e-01        0
      33        37   -8.034098e+04   0.000e+00   1.036e+00   8.656e-02        0
      34        38   -8.032343e+04   0.000e+00   3.745e-01   5.532e-02        0
      35        39   -8.031157e+04   0.000e+00   2.045e-01   3.483e-02        0
      36        40   -8.029023e+04   0.000e+00   1.805e-01   3.325e-02        0
      37        41   -8.025058e+04   0.000e+00   7.071e-01   9.149e-02        0
      38        42   -8.020134e+04   0.000e+00   1.077e+00   1.880e-01        0
      39        43   -8.016711e+04   0.000e+00   7.665e-01   1.891e-01        0
      40        44   -8.015131e+04   0.000e+00   1.578e-01   1.108e-01        0
      41        45   -8.014528e+04   0.000e+00   1.311e-01   4.059e-02        0
      42        46   -8.013537e+04   0.000e+00   4.401e-01   5.104e-02        0
      43        47   -8.011043e+04   0.000e+00   8.992e-01   1.066e-01        0
      44        48   -8.006268e+04   0.000e+00   1.341e+00   1.820e-01        0
      45        49   -7.999827e+04   0.000e+00   1.346e+00   2.140e-01        0
      46        50   -7.995102e+04   0.000e+00   7.565e-01   1.146e-01        0
      47        51   -7.993293e+04   0.000e+00   3.338e-01   5.429e-02        0
      48        52   -7.992666e+04   0.000e+00   1.067e-01   3.151e-02        0
      49        53   -7.992070e+04   0.000e+00   3.622e-01   1.767e-02        0
      50        54   -7.990867e+04   0.000e+00   8.969e-01   2.282e-02        0
      51        55   -7.989015e+04   0.000e+00   9.516e-01   7.294e-02        0
      52        56   -7.984784e+04   0.000e+00   1.365e+00   1.638e-01        0
      53        57   -7.983400e+04   0.000e+00   7.571e-01   6.244e-02        0
      54        58   -7.982691e+04   0.000e+00   1.526e-01   3.039e-02        0
      55        59   -7.982588e+04   0.000e+00   4.454e-02   9.382e-03        0
      56        60   -7.982455e+04   0.000e+00   1.464e-01   1.612e-02        0
      57        61   -7.982234e+04   0.000e+00   2.385e-01   1.599e-02        0
      58        62   -7.981832e+04   0.000e+00   3.089e-01   1.996e-02        0
      59        63   -7.981317e+04   0.000e+00   3.390e-01   3.027e-02        0
      60        64   -7.980348e+04   0.000e+00   1.436e-01   8.857e-02        0
      61        65   -7.980188e+04   0.000e+00   5.544e-02   2.295e-02        0
      62        66   -7.980141e+04   0.000e+00   1.126e-02   7.246e-03        0
      63        67   -7.979997e+04   0.000e+00   1.135e-01   1.400e-02        0
      64        68   -7.979702e+04   0.000e+00   2.324e-01   2.101e-02        0
      65        69   -7.979064e+04   0.000e+00   3.789e-01   4.204e-02        0
      66        70   -7.978150e+04   0.000e+00   4.175e-01   7.121e-02        0
      67        71   -7.977386e+04   0.000e+00   2.633e-01   7.983e-02        0
      68        72   -7.977149e+04   0.000e+00   6.277e-02   3.610e-02        0
      69        73   -7.977122e+04   0.000e+00   9.010e-03   7.519e-03        0
      70        74   -7.977117e+04   0.000e+00   7.262e-03   2.861e-03        0
      71        75   -7.977106e+04   0.000e+00   2.215e-02   4.122e-03        0
      72        76   -7.977075e+04   0.000e+00   4.911e-02   6.815e-03        0
      73        77   -7.976999e+04   0.000e+00   8.772e-02   1.275e-02        0
      74        78   -7.976829e+04   0.000e+00   1.402e-01   2.733e-02        0
      75        79   -7.976545e+04   0.000e+00   1.676e-01   4.482e-02        0
      76        80   -7.976166e+04   0.000e+00   1.408e-01   8.042e-02        0
      77        81   -7.976035e+04   0.000e+00   5.932e-02   4.076e-02        0
      78        82   -7.976009e+04   0.000e+00   1.053e-04   1.239e-02        0
      79        83   -7.976006e+04   0.000e+00   8.596e-03   3.414e-03        0
      80        84   -7.976005e+04   0.000e+00   1.225e-02   2.477e-03        0
      81        85   -7.976001e+04   0.000e+00   1.636e-02   3.537e-03        0
      82        86   -7.975993e+04   0.000e+00   2.226e-02   5.039e-03        0
      83        87   -7.975972e+04   0.000e+00   3.125e-02   8.728e-03        0
      84        88   -7.975922e+04   0.000e+00   4.380e-02   1.791e-02        0
      85        89   -7.975814e+04   0.000e+00   5.454e-02   4.021e-02        0
      86        90   -7.975631e+04   0.000e+00   4.234e-02   7.682e-02        0
      87        91   -7.975436e+04   0.000e+00   4.234e-03   9.558e-02        0
      88        92   -7.975328e+04   0.000e+00   1.845e-02   5.926e-02        0
      89        93   -7.975313e+04   0.000e+00   1.076e-03   1.091e-02        0
      90        94   -7.975312e+04   0.000e+00   1.465e-03   3.119e-03        0
      91        95   -7.975311e+04   0.000e+00   3.584e-04   3.773e-03        0
      92        96   -7.975308e+04   0.000e+00   5.855e-03   3.984e-03        0
      93        97   -7.975301e+04   0.000e+00   1.698e-02   6.487e-03        0
      94        98   -7.975286e+04   0.000e+00   3.221e-02   8.273e-03        0
      95        99   -7.975254e+04   0.000e+00   5.120e-02   1.412e-02        0
      96       100   -7.975206e+04   0.000e+00   5.947e-02   2.769e-02        0
      97       101   -7.975162e+04   0.000e+00   4.475e-02   3.892e-02        0
      98       102   -7.975145e+04   0.000e+00   1.560e-02   2.556e-02        0
      99       103   -7.975141e+04   0.000e+00   6.218e-04   9.248e-03        0
     100       104   -7.975140e+04   0.000e+00   6.772e-03   3.095e-03        0
     101       105   -7.975136e+04   0.000e+00   1.744e-02   3.861e-03        0
     102       106   -7.975129e+04   0.000e+00   2.720e-02   5.963e-03        0
     103       107   -7.975118e+04   0.000e+00   3.257e-02   6.825e-03        0
     104       108   -7.975110e+04   0.000e+00   2.122e-02   8.588e-03        0
     105       109   -7.975107e+04   0.000e+00   7.338e-03   6.678e-03        0
     106       110   -7.975106e+04   0.000e+00   1.029e-03   2.583e-03        0
     107       111   -7.975106e+04   0.000e+00   5.298e-04   7.124e-04        0
     108       112   -7.975106e+04   0.000e+00   2.939e-03   7.652e-04        0
     109       113   -7.975105e+04   0.000e+00   6.605e-03   1.152e-03        0
     110       114   -7.975104e+04   0.000e+00   1.220e-02   1.971e-03        0
     111       115   -7.975101e+04   0.000e+00   1.895e-02   3.972e-03        0
     112       116   -7.975096e+04   0.000e+00   2.388e-02   7.629e-03        0
     113       117   -7.975089e+04   0.000e+00   2.120e-02   1.103e-02        0
     114       118   -7.975086e+04   0.000e+00   9.062e-03   8.276e-03        0
     115       119   -7.975085e+04   0.000e+00   1.473e-03   2.695e-03        0
     116       120   -7.975085e+04   0.000e+00   5.688e-04   9.153e-04        0
     117       121   -7.975085e+04   0.000e+00   1.390e-03   5.546e-04        0
     118       122   -7.975084e+04   0.000e+00   3.521e-03   1.081e-03        0
     119       123   -7.975084e+04   0.000e+00   6.148e-03   1.493e-03        0
     120       124   -7.975082e+04   0.000e+00   1.030e-02   2.688e-03        0
     121       125   -7.975079e+04   0.000e+00   1.573e-02   6.046e-03        0
     122       126   -7.975071e+04   0.000e+00   2.049e-02   1.343e-02        0
     123       127   -7.975062e+04   0.000e+00   1.833e-02   2.267e-02        0
     124       128   -7.975056e+04   0.000e+00   9.033e-03   1.876e-02        0
     125       129   -7.975054e+04   0.000e+00   1.587e-03   6.189e-03        0
     126       130   -7.975054e+04   0.000e+00   7.125e-04   1.628e-03        0
     127       131   -7.975054e+04   0.000e+00   1.118e-03   9.622e-04        0
     128       132   -7.975054e+04   0.000e+00   2.256e-03   1.478e-03        0
     129       133   -7.975054e+04   0.000e+00   3.674e-03   2.287e-03        0
     130       134   -7.975053e+04   0.000e+00   6.362e-03   2.775e-03        0
     131       135   -7.975050e+04   0.000e+00   1.037e-02   4.906e-03        0
     132       136   -7.975043e+04   0.000e+00   1.610e-02   1.086e-02        0
     133       137   -7.975029e+04   0.000e+00   2.258e-02   2.917e-02        0
     134       138   -7.975005e+04   0.000e+00   2.448e-02   6.175e-02        0
     135       139   -7.974978e+04   0.000e+00   1.830e-02   9.062e-02        0
     136       140   -7.974958e+04   0.000e+00   1.615e-03   9.078e-02        0
     137       141   -7.974946e+04   0.000e+00   6.356e-03   6.125e-02        0
     138       142   -7.974941e+04   0.000e+00   8.854e-03   2.018e-02        0
     139       143   -7.974939e+04   0.000e+00   3.998e-03   5.684e-03        0
     140       144   -7.974939e+04   0.000e+00   1.666e-03   2.752e-03        0
     141       145   -7.974939e+04   0.000e+00   1.876e-03   1.633e-03        0
     142       146   -7.974939e+04   0.000e+00   2.199e-03   1.534e-03        0
     143       147   -7.974939e+04   0.000e+00   3.227e-03   2.044e-03        0
     144       148   -7.974938e+04   0.000e+00   4.472e-03   3.136e-03        0
     145       149   -7.974936e+04   0.000e+00   6.449e-03   4.817e-03        0
     146       150   -7.974933e+04   0.000e+00   8.215e-03   1.096e-02        0
     147       151   -7.974928e+04   0.000e+00   8.671e-03   1.460e-02        0
     148       152   -7.974922e+04   0.000e+00   5.513e-03   1.429e-02        0
     149       153   -7.974920e+04   0.000e+00   1.985e-03   7.460e-03        0
     150       154   -7.974920e+04   0.000e+00   2.242e-04   4.881e-03        0
     151       155   -7.974920e+04   0.000e+00   1.057e-04   6.005e-04        0
     152       156   -7.974920e+04   0.000e+00   9.006e-05   1.856e-04        0
     153       157   -7.974920e+04   0.000e+00   3.086e-05   2.732e-04        0
     154       158   -7.974920e+04   0.000e+00   9.297e-05   4.027e-04        0
     155       159   -7.974920e+04   0.000e+00   2.812e-04   8.149e-04        0
     156       160   -7.974920e+04   0.000e+00   6.557e-04   1.601e-03        0
     157       161   -7.974919e+04   0.000e+00   1.168e-03   3.301e-03        0
     158       162   -7.974919e+04   0.000e+00   1.744e-03   4.754e-03        0
     159       163   -7.974918e+04   0.000e+00   2.068e-03   1.035e-02        0
     160       164   -7.974917e+04   0.000e+00   1.602e-03   8.856e-03        0
     161       165   -7.974917e+04   0.000e+00   5.821e-04   3.690e-03        0
     162       166   -7.974917e+04   0.000e+00   1.783e-04   1.353e-03        0
     163       168   -7.974917e+04   0.000e+00   1.318e-04   6.722e-04        0
     164       169   -7.974917e+04   0.000e+00   1.100e-04   3.139e-04        0
     165       170   -7.974917e+04   0.000e+00   1.199e-04   2.846e-04        0
     166       171   -7.974917e+04   0.000e+00   1.210e-04   4.687e-04        0
     167       172   -7.974917e+04   0.000e+00   1.098e-04   6.914e-04        0
     168       173   -7.974917e+04   0.000e+00   7.748e-05   1.100e-03        0
     169       174   -7.974917e+04   0.000e+00   1.679e-05   2.587e-03        0
     170       175   -7.974916e+04   0.000e+00   1.135e-04   5.811e-03        0
     171       176   -7.974915e+04   0.000e+00   3.229e-04   7.438e-03        0
     172       177   -7.974914e+04   0.000e+00   5.131e-04   2.349e-02        0
     173       178   -7.974914e+04   0.000e+00   7.422e-04   1.513e-02        0
     174       179   -7.974914e+04   0.000e+00   1.791e-04   9.629e-03        0
     175       180   -7.974914e+04   0.000e+00   1.007e-04   1.888e-03        0
     176       181   -7.974914e+04   0.000e+00   3.577e-06   4.185e-04        0
     177       182   -7.974914e+04   0.000e+00   1.108e-05   6.578e-05        0
     178       183   -7.974914e+04   0.000e+00   2.455e-06   6.566e-05        0
     179       184   -7.974914e+04   0.000e+00   7.324e-06   1.901e-05       10
     180       185   -7.974914e+04   0.000e+00   3.510e-08   6.699e-10        1
     181       186   -7.974914e+04   0.000e+00   1.145e-08   7.249e-05        0
     182       187   -7.974914e+04   0.000e+00   2.189e-08   4.511e-06        0
     183       188   -7.974914e+04   0.000e+00   6.857e-09   4.550e-06        0

EXIT: Locally optimal solution found.

Final Statistics
----------------
Final objective value               =  -7.97491379716398e+04
Final feasibility error (abs / rel) =   0.00e+00 / 0.00e+00
Final optimality error  (abs / rel) =   6.86e-09 / 6.86e-09
# of iterations                     =        183 
# of CG iterations                  =         11 
# of function evaluations           =        188
# of gradient evaluations           =        184
Total program time (secs)           =   11520.86816 (240932.828 CPU time)
Time spent in evaluations (secs)    =   11482.83398

Solution Vector
---------------
x[       0] =   3.64173827865e+00
x[       1] =   3.24571635217e+00
x[       2] =   3.11009631676e+00
x[       3] =   3.29069945169e+00
x[       4] =   3.36543378991e+00
x[       5] =   3.38771461337e+00
x[       6] =   3.87399780273e+00
x[       7] =  -7.22065756070e-01
x[       8] =  -1.64680668980e+00
x[       9] =  -4.19408719334e+00
x[      10] =   4.59976295944e-03
x[      11] =   1.65318104130e-03
x[      12] =   1.45122324918e+00
x[      13] =   1.66053829588e+00
x[      14] =   1.41827123140e+00
x[      15] =   1.79800330152e+00
x[      16] =   9.77044414491e-01
x[      17] =   1.14382505962e+00
x[      18] =   1.20739553287e+00
x[      19] =   1.17398801781e+00
x[      20] =   9.35772852063e-01
x[      21] =   9.32120205483e-01
x[      22] =   3.70149564207e-01

===============================================================================

