
Solving from new start point (number 3 of 42) <multistart>.


=======================================
*** NO CHECK MADE FOR LICENSE ***
         Artelys Knitro 12.3.0
=======================================

Knitro presolve eliminated 0 variables and 0 constraints.

algorithm:               4
bar_maxcrossit:          3
datacheck:               0
feastol:                 1e-08
hessopt:                 2
maxtime_cpu:             9.99996e+07
maxtime_real:            9.99998e+07
opttol:                  1e-08
outlev:                  5
outmode:                 2
par_concurrent_evals:    0
The problem is identified as bound constrained only.
Knitro changing act_qpalg from AUTO to 3.
Knitro changing honorbnds from AUTO to -1.
Knitro changing linesearch from AUTO to 2.
Knitro changing linsolver from AUTO to 4.

Problem Characteristics                                 (   Presolved)
-----------------------
Objective goal:  Maximize
Objective type:  general
Number of variables:                                 23 (          23)
    bounded below only:                               0 (           0)
    bounded above only:                               0 (           0)
    bounded below and above:                         23 (          23)
    fixed:                                            0 (           0)
    free:                                             0 (           0)
Number of constraints:                                0 (           0)
    linear equalities:                                0 (           0)
    quadratic equalities:                             0 (           0)
    gen. nonlinear equalities:                        0 (           0)
    linear one-sided inequalities:                    0 (           0)
    quadratic one-sided inequalities:                 0 (           0)
    gen. nonlinear one-sided inequalities:            0 (           0)
    linear two-sided inequalities:                    0 (           0)
    quadratic two-sided inequalities:                 0 (           0)
    gen. nonlinear two-sided inequalities:            0 (           0)
Number of nonzeros in Jacobian:                       0 (           0)
Number of nonzeros in Hessian:                        0 (         276)

Knitro using the Sequential Quadratic Programming (SQP) algorithm.

  Iter     fCount     Objective      FeasError   OptError    ||Step||    CGits 
--------  --------  --------------  ----------  ----------  ----------  -------
       0         1   -5.021311e+04   0.000e+00
       1         2   -4.946590e+04   1.355e-20   3.497e+01   2.538e-01        0
       2         3   -4.679009e+04   0.000e+00   4.622e-01   6.744e-02        0
       3         6   -4.461507e+04   0.000e+00   1.143e+00   1.421e-01        0
       4         7   -4.432487e+04   1.355e-20   2.188e-01   1.716e-01        0
       5         8   -4.420255e+04   0.000e+00   5.439e+00   1.961e-02        0
       6         9   -4.398463e+04   0.000e+00   2.634e+00   6.029e-02        0
       7        10   -4.332560e+04   0.000e+00   1.790e-02   2.784e-01        0
       8        11   -4.275841e+04   0.000e+00   9.877e-02   2.375e-01        0
       9        12   -4.231685e+04   0.000e+00   7.534e+00   3.362e-01        0
      10        13   -4.209138e+04   1.355e-20   1.564e-01   1.565e-01        0
      11        14   -4.184597e+04   0.000e+00   5.147e-02   1.494e-01        0
      12        15   -4.181374e+04   1.355e-20   3.303e+00   3.076e-02        0
      13        16   -4.170507e+04   0.000e+00   1.641e+00   1.071e-01        0
      14        17   -4.160745e+04   0.000e+00   2.951e+00   4.732e-02        0
      15        18   -4.127542e+04   0.000e+00   1.726e+00   2.234e-01        0
      16        19   -4.119930e+04   0.000e+00   9.498e-01   5.854e-02        0
      17        20   -4.115745e+04   0.000e+00   4.364e-03   4.153e-02        0
      18        21   -4.113173e+04   0.000e+00   1.369e-02   3.504e-02        0
      19        22   -4.106412e+04   0.000e+00   6.563e-01   1.467e-01        0
      20        23   -4.099304e+04   0.000e+00   2.934e-02   1.352e-01        0
      21        24   -4.086812e+04   0.000e+00   2.435e-02   2.723e-01        0
      22        25   -4.076109e+04   0.000e+00   2.239e-02   2.051e-01        0
      23        26   -4.061013e+04   1.355e-20   2.129e+00   4.440e-01        0
      24        27   -4.057263e+04   0.000e+00   5.944e-03   1.254e-01        0
      25        29   -4.055019e+04   0.000e+00   8.897e-01   2.160e-01        0
      26        30   -4.053060e+04   0.000e+00   4.886e-03   9.896e-02        0
      27        31   -4.052173e+04   0.000e+00   6.685e-01   1.149e-02        0
      28        32   -4.048977e+04   0.000e+00   2.147e+00   1.125e-01        0
      29        33   -4.046501e+04   0.000e+00   1.870e+00   1.611e-01        0
      30        34   -4.045538e+04   0.000e+00   7.307e-01   7.895e-02        0
      31        35   -4.045235e+04   0.000e+00   4.951e-03   2.468e-02        0
      32        36   -4.044990e+04   0.000e+00   9.076e-03   1.387e-02        0
      33        37   -4.044521e+04   0.000e+00   2.666e-02   3.062e-02        0
      34        38   -4.043579e+04   0.000e+00   4.735e-02   6.895e-02        0
      35        39   -4.042073e+04   0.000e+00   5.926e-02   1.275e-01        0
      36        40   -4.040650e+04   0.000e+00   4.546e-02   1.267e-01        0
      37        41   -4.039933e+04   0.000e+00   1.619e-02   5.260e-02        0
      38        42   -4.039634e+04   0.000e+00   2.423e-03   7.925e-03        0
      39        43   -4.039296e+04   0.000e+00   5.566e-01   1.218e-02        0
      40        44   -4.038647e+04   0.000e+00   1.325e+00   3.106e-02        0
      41        45   -4.037494e+04   0.000e+00   1.957e+00   6.770e-02        0
      42        46   -4.035933e+04   0.000e+00   1.941e+00   1.144e-01        0
      43        47   -4.034839e+04   0.000e+00   9.209e-01   9.345e-02        0
      44        48   -4.034543e+04   0.000e+00   3.711e-03   2.137e-02        0
      45        49   -4.034480e+04   0.000e+00   3.125e-03   1.144e-02        0
      46        50   -4.034384e+04   0.000e+00   9.000e-03   1.000e-02        0
      47        51   -4.034160e+04   0.000e+00   1.698e-02   1.964e-02        0
      48        52   -4.033770e+04   0.000e+00   2.214e-02   3.328e-02        0
      49        53   -4.033320e+04   0.000e+00   1.846e-02   5.726e-02        0
      50        54   -4.033091e+04   0.000e+00   6.442e-03   5.366e-02        0
      51        55   -4.033040e+04   0.000e+00   5.632e-04   1.893e-02        0
      52        56   -4.033017e+04   0.000e+00   2.762e-03   9.505e-03        0
      53        57   -4.032975e+04   0.000e+00   6.652e-02   8.511e-03        0
      54        58   -4.032873e+04   0.000e+00   2.455e-01   1.576e-02        0
      55        59   -4.032666e+04   0.000e+00   4.255e-01   2.992e-02        0
      56        60   -4.032364e+04   0.000e+00   4.562e-01   5.193e-02        0
      57        61   -4.032118e+04   0.000e+00   1.960e-01   5.590e-02        0
      58        62   -4.032020e+04   0.000e+00   1.504e-03   2.844e-02        0
      59        63   -4.031987e+04   0.000e+00   1.528e-03   9.751e-03        0
      60        64   -4.031950e+04   0.000e+00   3.483e-03   7.847e-03        0
      61        65   -4.031874e+04   0.000e+00   5.478e-03   1.336e-02        0
      62        66   -4.031772e+04   0.000e+00   5.692e-03   2.019e-02        0
      63        67   -4.031697e+04   0.000e+00   3.230e-03   2.269e-02        0
      64        68   -4.031674e+04   0.000e+00   7.377e-04   1.223e-02        0
      65        69   -4.031670e+04   0.000e+00   1.723e-04   3.710e-03        0
      66        70   -4.031667e+04   0.000e+00   6.242e-04   1.956e-03        0
      67        71   -4.031658e+04   0.000e+00   1.443e-03   3.957e-03        0
      68        72   -4.031638e+04   0.000e+00   2.542e-03   7.493e-03        0
      69        73   -4.031592e+04   0.000e+00   3.922e-03   1.754e-02        0
      70        74   -4.031511e+04   0.000e+00   3.823e-02   3.431e-02        0
      71        75   -4.031420e+04   0.000e+00   3.890e-03   4.552e-02        0
      72        76   -4.031368e+04   0.000e+00   1.658e-03   3.003e-02        0
      73        77   -4.031350e+04   0.000e+00   3.588e-04   9.090e-03        0
      74        78   -4.031340e+04   0.000e+00   7.971e-04   3.768e-03        0
      75        79   -4.031319e+04   0.000e+00   1.788e-03   5.501e-03        0
      76        80   -4.031284e+04   0.000e+00   2.578e-03   1.156e-02        0
      77        81   -4.031241e+04   0.000e+00   2.406e-03   2.214e-02        0
      78        82   -4.031218e+04   0.000e+00   1.208e-03   2.089e-02        0
      79        83   -4.031213e+04   0.000e+00   2.595e-04   7.893e-03        0
      80        84   -4.031212e+04   0.000e+00   1.157e-04   1.501e-03        0
      81        85   -4.031210e+04   0.000e+00   2.564e-04   1.116e-03        0
      82        86   -4.031207e+04   0.000e+00   6.406e-04   2.497e-03        0
      83        87   -4.031199e+04   0.000e+00   1.212e-03   5.600e-03        0
      84        88   -4.031177e+04   0.000e+00   2.119e-03   1.506e-02        0
      85        89   -4.031124e+04   0.000e+00   3.413e-03   3.873e-02        0
      86        90   -4.031005e+04   0.000e+00   9.150e-02   9.221e-02        0
      87        91   -4.030791e+04   0.000e+00   1.685e-01   1.790e-01        0
      88        92   -4.030540e+04   0.000e+00   1.650e-01   2.361e-01        0
      89        93   -4.030410e+04   0.000e+00   8.272e-02   1.433e-01        0
      90        94   -4.030388e+04   0.000e+00   1.209e-02   1.222e-02        0
      91        95   -4.030386e+04   0.000e+00   8.143e-05   1.819e-02        0
      92        96   -4.030385e+04   0.000e+00   8.066e-05   8.253e-03        0
      93        97   -4.030385e+04   0.000e+00   2.108e-04   8.278e-03        0
      94        98   -4.030383e+04   0.000e+00   4.749e-04   1.393e-02        0
      95        99   -4.030379e+04   0.000e+00   8.558e-04   1.791e-02        0
      96       100   -4.030369e+04   0.000e+00   1.389e-03   2.111e-02        0
      97       101   -4.030350e+04   0.000e+00   1.834e-03   1.875e-02        0
      98       102   -4.030326e+04   0.000e+00   1.682e-03   4.435e-02        0
      99       103   -4.030308e+04   0.000e+00   1.050e-03   8.772e-02        0
     100       104   -4.030298e+04   0.000e+00   3.880e-04   9.834e-02        0
     101       105   -4.030295e+04   0.000e+00   4.146e-03   5.698e-02        0
     102       106   -4.030295e+04   0.000e+00   4.900e-03   4.698e-03        0
     103       107   -4.030294e+04   0.000e+00   1.167e-03   4.133e-03        0
     104       108   -4.030294e+04   0.000e+00   7.519e-05   1.430e-03        0
     105       109   -4.030294e+04   0.000e+00   4.072e-03   2.026e-03        0
     106       110   -4.030293e+04   0.000e+00   1.156e-04   3.060e-03        0
     107       111   -4.030290e+04   0.000e+00   2.409e-04   5.909e-03        0
     108       112   -4.030285e+04   0.000e+00   3.045e-02   1.731e-02        0
     109       113   -4.030274e+04   0.000e+00   3.879e-02   4.689e-02        0
     110       114   -4.030261e+04   0.000e+00   3.132e-02   6.783e-02        0
     111       115   -4.030253e+04   0.000e+00   1.095e-02   7.173e-02        0
     112       116   -4.030251e+04   0.000e+00   3.708e-04   2.124e-02        0
     113       117   -4.030251e+04   0.000e+00   3.530e-04   2.861e-03        0
     114       118   -4.030251e+04   0.000e+00   2.210e-05   9.861e-04        0
     115       119   -4.030251e+04   0.000e+00   2.473e-04   1.667e-03        0
     116       120   -4.030250e+04   0.000e+00   1.050e-03   2.144e-03        0
     117       121   -4.030250e+04   0.000e+00   2.996e-03   3.363e-03        0
     118       122   -4.030248e+04   0.000e+00   5.860e-03   8.125e-03        0
     119       123   -4.030245e+04   0.000e+00   1.039e-02   1.378e-02        0
     120       124   -4.030238e+04   0.000e+00   1.480e-02   2.496e-02        0
     121       125   -4.030228e+04   0.000e+00   1.626e-02   4.634e-02        0
     122       126   -4.030221e+04   0.000e+00   9.553e-03   4.425e-02        0
     123       127   -4.030219e+04   0.000e+00   2.871e-03   3.011e-02        0
     124       128   -4.030219e+04   0.000e+00   2.394e-04   1.746e-02        0
     125       129   -4.030219e+04   0.000e+00   6.490e-04   7.434e-03        0
     126       130   -4.030219e+04   0.000e+00   8.664e-04   7.036e-03        0
     127       131   -4.030218e+04   0.000e+00   6.377e-05   1.268e-02        0
     128       132   -4.030217e+04   0.000e+00   1.581e-04   1.539e-02        0
     129       133   -4.030214e+04   0.000e+00   3.021e-04   2.628e-02        0
     130       134   -4.030207e+04   0.000e+00   4.719e-04   3.429e-02        0
     131       135   -4.030195e+04   0.000e+00   5.328e-04   4.701e-02        0
     132       136   -4.030182e+04   0.000e+00   3.835e-04   8.071e-02        0
     133       137   -4.030175e+04   0.000e+00   1.081e-04   8.479e-02        0
     134       138   -4.030174e+04   0.000e+00   5.892e-05   6.027e-02        0
     135       139   -4.030173e+04   0.000e+00   4.016e-04   2.016e-02        0
     136       140   -4.030173e+04   0.000e+00   4.611e-04   3.541e-03        0
     137       141   -4.030173e+04   0.000e+00   6.780e-05   2.380e-03        0
     138       142   -4.030173e+04   0.000e+00   2.412e-05   4.336e-03        0
     139       143   -4.030173e+04   0.000e+00   5.854e-05   5.438e-03        0
     140       144   -4.030172e+04   0.000e+00   1.043e-04   6.787e-03        0
     141       145   -4.030171e+04   0.000e+00   1.803e-04   1.022e-02        0
     142       146   -4.030169e+04   0.000e+00   2.257e-04   1.679e-02        0
     143       147   -4.030166e+04   0.000e+00   1.951e-04   2.174e-02        0
     144       148   -4.030164e+04   0.000e+00   7.891e-05   2.477e-02        0
     145       149   -4.030164e+04   0.000e+00   1.755e-05   1.416e-02        0
     146       150   -4.030164e+04   0.000e+00   3.313e-05   1.428e-03        0
     147       151   -4.030164e+04   0.000e+00   2.954e-04   8.977e-04        0
     148       152   -4.030164e+04   0.000e+00   6.964e-04   1.388e-03        0
     149       153   -4.030164e+04   0.000e+00   1.234e-03   2.476e-03        0
     150       154   -4.030163e+04   0.000e+00   1.924e-03   3.210e-03        0
     151       155   -4.030162e+04   0.000e+00   3.320e-03   6.695e-03        0
     152       156   -4.030159e+04   0.000e+00   4.924e-03   1.685e-02        0
     153       157   -4.030154e+04   0.000e+00   6.510e-03   3.775e-02        0
     154       158   -4.030147e+04   0.000e+00   6.274e-03   6.188e-02        0
     155       159   -4.030142e+04   0.000e+00   3.744e-03   5.321e-02        0
     156       160   -4.030141e+04   0.000e+00   5.300e-04   1.431e-02        0
     157       161   -4.030141e+04   0.000e+00   1.251e-04   5.133e-03        0
     158       162   -4.030141e+04   0.000e+00   8.102e-05   4.131e-03        0
     159       163   -4.030141e+04   0.000e+00   3.504e-05   1.667e-03        0
     160       164   -4.030141e+04   0.000e+00   1.697e-04   1.670e-03        0
     161       165   -4.030141e+04   0.000e+00   4.106e-04   2.657e-03        0
     162       166   -4.030141e+04   0.000e+00   9.675e-04   4.486e-03        0
     163       167   -4.030141e+04   0.000e+00   1.537e-03   5.602e-03        0
     164       168   -4.030140e+04   0.000e+00   2.176e-03   5.412e-03        0
     165       169   -4.030140e+04   0.000e+00   1.593e-03   3.290e-03        0
     166       170   -4.030140e+04   0.000e+00   8.196e-04   2.914e-03        0
     167       171   -4.030140e+04   0.000e+00   3.454e-04   6.996e-03        0
     168       173   -4.030140e+04   0.000e+00   1.802e-04   3.427e-03        0
     169       174   -4.030140e+04   0.000e+00   4.989e-05   7.001e-04        0
     170       175   -4.030140e+04   0.000e+00   5.156e-05   7.231e-04        0
     171       176   -4.030140e+04   0.000e+00   9.129e-06   2.065e-04        9
     172       177   -4.030140e+04   0.000e+00   1.077e-05   5.728e-04        0
     173       178   -4.030140e+04   0.000e+00   2.605e-05   5.705e-04        0
     174       179   -4.030140e+04   0.000e+00   4.691e-06   2.845e-10        1
     175       180   -4.030140e+04   0.000e+00   1.217e-08   5.598e-04        0
     176       181   -4.030140e+04   0.000e+00   5.312e-09   4.186e-06        0

EXIT: Locally optimal solution found.

Final Statistics
----------------
Final objective value               =  -4.03013992588477e+04
Final feasibility error (abs / rel) =   0.00e+00 / 0.00e+00
Final optimality error  (abs / rel) =   5.31e-09 / 5.31e-09
# of iterations                     =        176 
# of CG iterations                  =         10 
# of function evaluations           =        181
# of gradient evaluations           =        177
Total program time (secs)           =   45393.90625 (948727.500 CPU time)
Time spent in evaluations (secs)    =   45354.31250

Solution Vector
---------------
x[       0] =   3.71459553386e+00
x[       1] =   3.31897265766e+00
x[       2] =   3.40588066690e+00
x[       3] =   3.84904353910e+00
x[       4] =   3.77972031084e+00
x[       5] =   3.29503462397e+00
x[       6] =   3.95069588928e+00
x[       7] =  -5.51572727959e-01
x[       8] =  -1.28751937447e+00
x[       9] =  -6.17486910207e+00
x[      10] =   1.14785472721e-01
x[      11] =   2.17693228514e-04
x[      12] =   2.71168496994e+00
x[      13] =   3.27810509836e+00
x[      14] =   1.83149455268e+00
x[      15] =   2.50102001311e+00
x[      16] =   9.89665772744e-01
x[      17] =   9.24719659605e-01
x[      18] =   9.78864202642e-01
x[      19] =   1.00629227955e+00
x[      20] =   9.27643185768e-01
x[      21] =   1.05373325700e+00
x[      22] =   6.78415971029e-01

===============================================================================

