
Solving from new start point (number 41 of 42) <multistart>.


=======================================
*** NO CHECK MADE FOR LICENSE ***
         Artelys Knitro 12.3.0
=======================================

Knitro presolve eliminated 0 variables and 0 constraints.

algorithm:               4
bar_maxcrossit:          3
datacheck:               0
feastol:                 1e-08
hessopt:                 2
maxtime_cpu:             9.90487e+07
maxtime_real:            9.99543e+07
opttol:                  1e-08
outlev:                  5
outmode:                 2
par_concurrent_evals:    0
The problem is identified as bound constrained only.
Knitro changing act_qpalg from AUTO to 3.
Knitro changing honorbnds from AUTO to -1.
Knitro changing linesearch from AUTO to 2.
Knitro changing linsolver from AUTO to 4.

Problem Characteristics                                 (   Presolved)
-----------------------
Objective goal:  Maximize
Objective type:  general
Number of variables:                                 23 (          23)
    bounded below only:                               0 (           0)
    bounded above only:                               0 (           0)
    bounded below and above:                         23 (          23)
    fixed:                                            0 (           0)
    free:                                             0 (           0)
Number of constraints:                                0 (           0)
    linear equalities:                                0 (           0)
    quadratic equalities:                             0 (           0)
    gen. nonlinear equalities:                        0 (           0)
    linear one-sided inequalities:                    0 (           0)
    quadratic one-sided inequalities:                 0 (           0)
    gen. nonlinear one-sided inequalities:            0 (           0)
    linear two-sided inequalities:                    0 (           0)
    quadratic two-sided inequalities:                 0 (           0)
    gen. nonlinear two-sided inequalities:            0 (           0)
Number of nonzeros in Jacobian:                       0 (           0)
Number of nonzeros in Hessian:                        0 (         276)

Knitro using the Sequential Quadratic Programming (SQP) algorithm.

  Iter     fCount     Objective      FeasError   OptError    ||Step||    CGits 
--------  --------  --------------  ----------  ----------  ----------  -------
       0         1   -5.128479e+04   0.000e+00
       1         2   -4.937883e+04   0.000e+00   2.301e+02   5.847e-01        0
       2         4   -4.908492e+04   0.000e+00   1.155e+02   1.540e-01        0
       3         6   -4.810780e+04   0.000e+00   1.690e+00   5.045e-01        0
       4         7   -4.631650e+04   1.355e-20   1.914e+00   4.706e-01        0
       5         8   -4.506639e+04   0.000e+00   2.470e-01   2.403e-01        0
       6         9   -4.438690e+04   0.000e+00   1.425e+00   1.733e-01        0
       7        10   -4.259028e+04   0.000e+00   5.834e-01   1.134e+00        0
       8        11   -4.155585e+04   1.355e-20   1.351e+01   2.426e-01        0
       9        12   -4.131029e+04   0.000e+00   4.654e-01   4.041e-01        0
      10        13   -4.090209e+04   0.000e+00   5.659e-01   1.384e-01        0
      11        14   -4.082215e+04   0.000e+00   5.559e+00   5.969e-02        0
      12        15   -4.064476e+04   0.000e+00   1.851e-02   3.268e-01        0
      13        16   -4.062131e+04   0.000e+00   5.385e+00   9.350e-02        0
      14        17   -4.059754e+04   0.000e+00   7.768e-01   3.923e-02        0
      15        18   -4.055497e+04   0.000e+00   7.841e+00   1.547e-01        0
      16        19   -4.053878e+04   0.000e+00   8.078e-02   5.751e-02        0
      17        20   -4.049119e+04   0.000e+00   2.920e+00   2.450e-01        0
      18        21   -4.047886e+04   0.000e+00   2.351e+00   5.893e-02        0
      19        22   -4.046528e+04   0.000e+00   2.606e-02   7.149e-02        0
      20        23   -4.045599e+04   0.000e+00   3.421e-02   5.307e-02        0
      21        24   -4.043858e+04   0.000e+00   9.956e-02   1.123e-01        0
      22        25   -4.041843e+04   0.000e+00   1.351e-01   1.366e-01        0
      23        26   -4.039390e+04   0.000e+00   8.597e-02   1.701e-01        0
      24        27   -4.037223e+04   0.000e+00   8.516e-03   1.585e-01        0
      25        28   -4.035697e+04   0.000e+00   7.790e-01   1.453e-01        0
      26        29   -4.034978e+04   0.000e+00   3.074e-02   8.972e-02        0
      27        30   -4.034774e+04   0.000e+00   7.837e-03   2.493e-02        0
      28        31   -4.034719e+04   0.000e+00   7.162e-03   1.418e-02        0
      29        32   -4.034686e+04   0.000e+00   6.782e-03   9.066e-03        0
      30        33   -4.034620e+04   0.000e+00   3.687e-03   1.678e-02        0
      31        34   -4.034529e+04   0.000e+00   5.286e-03   2.474e-02        0
      32        35   -4.034418e+04   0.000e+00   1.322e-02   3.778e-02        0
      33        36   -4.034296e+04   0.000e+00   1.928e-02   4.823e-02        0
      34        37   -4.034157e+04   0.000e+00   1.684e-02   5.236e-02        0
      35        38   -4.034032e+04   0.000e+00   9.673e-03   4.352e-02        0
      36        39   -4.033959e+04   0.000e+00   1.187e-03   3.053e-02        0
      37        40   -4.033934e+04   0.000e+00   2.182e-03   1.841e-02        0
      38        41   -4.033925e+04   0.000e+00   2.456e-03   1.191e-02        0
      39        42   -4.033913e+04   0.000e+00   7.725e-04   8.820e-03        0
      40        43   -4.033882e+04   0.000e+00   3.603e-03   1.807e-02        0
      41        44   -4.033817e+04   0.000e+00   8.905e-03   3.667e-02        0
      42        45   -4.033699e+04   0.000e+00   1.357e-02   7.334e-02        0
      43        46   -4.033527e+04   0.000e+00   1.473e-02   1.186e-01        0
      44        47   -4.033304e+04   0.000e+00   1.020e-02   1.575e-01        0
      45        48   -4.033000e+04   0.000e+00   3.573e-03   2.051e-01        0
      46        49   -4.032557e+04   0.000e+00   6.228e-03   2.886e-01        0
      47        50   -4.032058e+04   0.000e+00   4.097e-03   3.463e-01        0
      48        51   -4.031759e+04   0.000e+00   5.699e-03   2.294e-01        0
      49        52   -4.031669e+04   0.000e+00   6.814e-03   5.212e-02        0
      50        53   -4.031637e+04   0.000e+00   2.927e-03   2.791e-02        0
      51        54   -4.031597e+04   0.000e+00   5.965e-03   2.932e-02        0
      52        55   -4.031515e+04   0.000e+00   1.468e-02   4.070e-02        0
      53        56   -4.031369e+04   0.000e+00   6.273e-01   5.000e-02        0
      54        57   -4.031178e+04   0.000e+00   4.233e-01   1.153e-01        0
      55        58   -4.031037e+04   0.000e+00   1.774e-01   1.804e-01        0
      56        59   -4.030978e+04   0.000e+00   1.018e-02   7.855e-02        0
      57        60   -4.030951e+04   0.000e+00   6.291e-03   4.627e-02        0
      58        61   -4.030931e+04   0.000e+00   1.131e-02   1.943e-02        0
      59        62   -4.030917e+04   0.000e+00   4.139e-03   2.396e-02        0
      60        63   -4.030910e+04   0.000e+00   5.455e-04   2.103e-02        0
      61        64   -4.030903e+04   0.000e+00   4.343e-03   1.322e-02        0
      62        65   -4.030887e+04   0.000e+00   1.247e-01   1.916e-02        0
      63        66   -4.030853e+04   0.000e+00   5.539e-01   3.019e-02        0
      64        67   -4.030792e+04   0.000e+00   9.114e-01   5.658e-02        0
      65        68   -4.030725e+04   0.000e+00   7.871e-01   8.192e-02        0
      66        69   -4.030689e+04   0.000e+00   1.373e-01   5.814e-02        0
      67        70   -4.030682e+04   0.000e+00   4.719e-04   1.702e-02        0
      68        71   -4.030679e+04   0.000e+00   2.788e-03   6.800e-03        0
      69        72   -4.030673e+04   0.000e+00   5.933e-03   9.595e-03        0
      70        73   -4.030658e+04   0.000e+00   1.021e-02   1.523e-02        0
      71        74   -4.030622e+04   0.000e+00   1.611e-02   3.282e-02        0
      72        75   -4.030549e+04   0.000e+00   2.136e-02   7.582e-02        0
      73        76   -4.030444e+04   0.000e+00   1.917e-02   1.385e-01        0
      74        77   -4.030441e+04   0.000e+00   5.430e-01   4.982e-01        0
      75        80   -4.030400e+04   0.000e+00   7.464e-01   1.689e-01        0
      76        81   -4.030355e+04   1.355e-20   5.087e-03   4.554e-01        0
      77        82   -4.030318e+04   0.000e+00   1.160e+00   2.963e-01        0
      78        83   -4.030292e+04   0.000e+00   1.146e-02   6.136e-02        0
      79        84   -4.030290e+04   0.000e+00   3.289e-04   2.128e-02        0
      80        85   -4.030287e+04   0.000e+00   1.490e-03   2.031e-02        0
      81        86   -4.030281e+04   0.000e+00   1.642e-03   2.243e-02        0
      82        87   -4.030268e+04   0.000e+00   2.061e-03   2.453e-02        0
      83        88   -4.030248e+04   0.000e+00   2.057e-03   3.250e-02        0
      84        89   -4.030229e+04   0.000e+00   1.407e-03   3.060e-02        0
      85        90   -4.030222e+04   0.000e+00   2.800e-04   1.625e-02        0
      86        91   -4.030221e+04   0.000e+00   1.158e-04   9.343e-03        0
      87        92   -4.030221e+04   0.000e+00   1.012e-04   1.699e-03        0
      88        93   -4.030221e+04   0.000e+00   7.015e-03   2.568e-03        0
      89        94   -4.030220e+04   0.000e+00   1.985e-02   3.432e-03        0
      90        95   -4.030218e+04   0.000e+00   4.014e-02   7.674e-03        0
      91        96   -4.030215e+04   0.000e+00   6.007e-02   1.468e-02        0
      92        97   -4.030211e+04   0.000e+00   6.041e-02   2.194e-02        0
      93        98   -4.030208e+04   0.000e+00   3.333e-02   1.680e-02        0
      94        99   -4.030207e+04   0.000e+00   1.032e-02   5.814e-03        0
      95       100   -4.030207e+04   0.000e+00   2.229e-04   3.242e-03        0
      96       101   -4.030207e+04   0.000e+00   7.738e-03   2.494e-03        0
      97       102   -4.030206e+04   0.000e+00   3.961e-04   3.557e-03        0
      98       103   -4.030205e+04   0.000e+00   8.576e-04   7.167e-03        0
      99       104   -4.030202e+04   0.000e+00   1.553e-03   1.464e-02        0
     100       105   -4.030195e+04   0.000e+00   2.466e-03   3.440e-02        0
     101       106   -4.030182e+04   0.000e+00   3.165e-03   7.099e-02        0
     102       107   -4.030166e+04   0.000e+00   2.735e-03   1.003e-01        0
     103       108   -4.030158e+04   0.000e+00   1.113e-03   6.870e-02        0
     104       109   -4.030156e+04   0.000e+00   1.553e-04   1.635e-02        0
     105       110   -4.030155e+04   0.000e+00   1.288e-02   6.064e-03        0
     106       111   -4.030155e+04   0.000e+00   2.608e-02   6.641e-03        0
     107       112   -4.030153e+04   0.000e+00   4.354e-02   7.794e-03        0
     108       113   -4.030150e+04   0.000e+00   6.144e-02   7.365e-03        0
     109       114   -4.030146e+04   0.000e+00   6.542e-02   2.335e-02        0
     110       115   -4.030142e+04   0.000e+00   4.283e-02   4.225e-02        0
     111       116   -4.030140e+04   0.000e+00   1.408e-02   3.088e-02        0
     112       117   -4.030140e+04   0.000e+00   1.832e-03   6.978e-03        0
     113       118   -4.030140e+04   0.000e+00   9.211e-05   7.350e-04        0
     114       119   -4.030140e+04   0.000e+00   2.050e-05   4.329e-04        0
     115       120   -4.030140e+04   0.000e+00   4.105e-05   4.099e-04        0
     116       121   -4.030140e+04   0.000e+00   3.349e-04   5.308e-04        0
     117       122   -4.030140e+04   0.000e+00   7.665e-04   5.486e-04        0
     118       123   -4.030140e+04   0.000e+00   1.006e-03   2.706e-04        0
     119       124   -4.030140e+04   0.000e+00   8.241e-04   3.442e-04        0
     120       125   -4.030140e+04   0.000e+00   9.681e-05   8.481e-04        0
     121       126   -4.030140e+04   0.000e+00   5.294e-05   7.737e-04        0
     122       127   -4.030140e+04   0.000e+00   2.946e-04   2.682e-04        0
     123       128   -4.030140e+04   0.000e+00   8.825e-05   2.798e-04        0
     124       129   -4.030140e+04   0.000e+00   1.219e-04   2.796e-04        0
     125       131   -4.030140e+04   0.000e+00   4.609e-06   1.095e-04        0
     126       132   -4.030140e+04   0.000e+00   6.808e-05   3.092e-04        0
     127       133   -4.030140e+04   0.000e+00   2.089e-06   1.416e-10        1
     128       134   -4.030140e+04   0.000e+00   3.189e-08   2.259e-05        0
     129       135   -4.030140e+04   0.000e+00   2.172e-08   3.369e-06        0
     130       136   -4.030140e+04   0.000e+00   5.632e-09   2.972e-06       32

EXIT: Locally optimal solution found.

Final Statistics
----------------
Final objective value               =  -4.03013992588477e+04
Final feasibility error (abs / rel) =   0.00e+00 / 0.00e+00
Final optimality error  (abs / rel) =   5.63e-09 / 5.63e-09
# of iterations                     =        130 
# of CG iterations                  =         33 
# of function evaluations           =        136
# of gradient evaluations           =        131
Total program time (secs)           =   27377.28320 (488056.562 CPU time)
Time spent in evaluations (secs)    =   27112.92773

Solution Vector
---------------
x[       0] =   3.71459567367e+00
x[       1] =   3.31897263404e+00
x[       2] =   3.40588082035e+00
x[       3] =   3.84904361274e+00
x[       4] =   3.77972057170e+00
x[       5] =   3.29503468720e+00
x[       6] =   3.95069566679e+00
x[       7] =  -5.51572744429e-01
x[       8] =  -1.28751938705e+00
x[       9] =  -6.17486916156e+00
x[      10] =   1.14785489047e-01
x[      11] =   2.17692919137e-04
x[      12] =   2.71168481209e+00
x[      13] =   3.27810486205e+00
x[      14] =   1.83149440811e+00
x[      15] =   2.50102004780e+00
x[      16] =   9.89665846624e-01
x[      17] =   9.24719673153e-01
x[      18] =   9.78864235368e-01
x[      19] =   1.00629222959e+00
x[      20] =   9.27643177048e-01
x[      21] =   1.05373349096e+00
x[      22] =   6.78415969101e-01

===============================================================================

