
Solving from new start point (number 1 of 42) <multistart>.


=======================================
*** NO CHECK MADE FOR LICENSE ***
         Artelys Knitro 12.3.0
=======================================

Knitro presolve eliminated 0 variables and 0 constraints.

algorithm:               4
bar_maxcrossit:          3
datacheck:               0
feastol:                 1e-08
hessopt:                 2
maxtime_cpu:             9.99996e+07
maxtime_real:            9.99998e+07
opttol:                  1e-08
outlev:                  5
outmode:                 2
par_concurrent_evals:    0
The problem is identified as bound constrained only.
Knitro changing act_qpalg from AUTO to 3.
Knitro changing honorbnds from AUTO to -1.
Knitro changing linesearch from AUTO to 2.
Knitro changing linsolver from AUTO to 4.

Problem Characteristics                                 (   Presolved)
-----------------------
Objective goal:  Maximize
Objective type:  general
Number of variables:                                 23 (          23)
    bounded below only:                               0 (           0)
    bounded above only:                               0 (           0)
    bounded below and above:                         23 (          23)
    fixed:                                            0 (           0)
    free:                                             0 (           0)
Number of constraints:                                0 (           0)
    linear equalities:                                0 (           0)
    quadratic equalities:                             0 (           0)
    gen. nonlinear equalities:                        0 (           0)
    linear one-sided inequalities:                    0 (           0)
    quadratic one-sided inequalities:                 0 (           0)
    gen. nonlinear one-sided inequalities:            0 (           0)
    linear two-sided inequalities:                    0 (           0)
    quadratic two-sided inequalities:                 0 (           0)
    gen. nonlinear two-sided inequalities:            0 (           0)
Number of nonzeros in Jacobian:                       0 (           0)
Number of nonzeros in Hessian:                        0 (         276)

Knitro using the Sequential Quadratic Programming (SQP) algorithm.

  Iter     fCount     Objective      FeasError   OptError    ||Step||    CGits 
--------  --------  --------------  ----------  ----------  ----------  -------
       0         1   -4.030140e+04   0.000e+00
       1        43   -4.030140e+04   0.000e+00   1.028e-03   3.720e-16       38
       2        45   -4.030140e+04   0.000e+00   1.028e-03   3.720e-16        0
       3        50   -4.030140e+04   0.000e+00   3.541e-05   7.440e-16        1

EXIT: Primal feasible solution; terminate because the relative change in
      solution estimate < xtol for 3 consecutive iterations.

Final Statistics
----------------
Final objective value               =  -4.03013992588477e+04
Final feasibility error (abs / rel) =   0.00e+00 / 0.00e+00
Final optimality error  (abs / rel) =   3.54e-05 / 3.54e-05
# of iterations                     =          3 
# of CG iterations                  =         39 
# of function evaluations           =         50
# of gradient evaluations           =          4
Total program time (secs)           =    6306.48291 (131451.891 CPU time)
Time spent in evaluations (secs)    =    6292.51855

Solution Vector
---------------
x[       0] =   3.71459567622e+00
x[       1] =   3.31897267230e+00
x[       2] =   3.40588083910e+00
x[       3] =   3.84904363239e+00
x[       4] =   3.77972060229e+00
x[       5] =   3.29503470558e+00
x[       6] =   3.95069570821e+00
x[       7] =  -5.51572749012e-01
x[       8] =  -1.28751939446e+00
x[       9] =  -6.17486909342e+00
x[      10] =   1.14785484423e-01
x[      11] =   2.17692988285e-04
x[      12] =   2.71168482008e+00
x[      13] =   3.27810485610e+00
x[      14] =   1.83149444032e+00
x[      15] =   2.50102005452e+00
x[      16] =   9.89665839710e-01
x[      17] =   9.24719670175e-01
x[      18] =   9.78864227269e-01
x[      19] =   1.00629221602e+00
x[      20] =   9.27643175660e-01
x[      21] =   1.05373347432e+00
x[      22] =   6.78415985178e-01

===============================================================================

