
Solving from new start point (number 39 of 42) <multistart>.


=======================================
*** NO CHECK MADE FOR LICENSE ***
         Artelys Knitro 12.3.0
=======================================

Knitro presolve eliminated 0 variables and 0 constraints.

algorithm:               4
bar_maxcrossit:          3
datacheck:               0
feastol:                 1e-08
hessopt:                 2
maxtime_cpu:             9.90924e+07
maxtime_real:            9.99564e+07
opttol:                  1e-08
outlev:                  5
outmode:                 2
par_concurrent_evals:    0
The problem is identified as bound constrained only.
Knitro changing act_qpalg from AUTO to 3.
Knitro changing honorbnds from AUTO to -1.
Knitro changing linesearch from AUTO to 2.
Knitro changing linsolver from AUTO to 4.

Problem Characteristics                                 (   Presolved)
-----------------------
Objective goal:  Maximize
Objective type:  general
Number of variables:                                 23 (          23)
    bounded below only:                               0 (           0)
    bounded above only:                               0 (           0)
    bounded below and above:                         23 (          23)
    fixed:                                            0 (           0)
    free:                                             0 (           0)
Number of constraints:                                0 (           0)
    linear equalities:                                0 (           0)
    quadratic equalities:                             0 (           0)
    gen. nonlinear equalities:                        0 (           0)
    linear one-sided inequalities:                    0 (           0)
    quadratic one-sided inequalities:                 0 (           0)
    gen. nonlinear one-sided inequalities:            0 (           0)
    linear two-sided inequalities:                    0 (           0)
    quadratic two-sided inequalities:                 0 (           0)
    gen. nonlinear two-sided inequalities:            0 (           0)
Number of nonzeros in Jacobian:                       0 (           0)
Number of nonzeros in Hessian:                        0 (         276)

Knitro using the Sequential Quadratic Programming (SQP) algorithm.

  Iter     fCount     Objective      FeasError   OptError    ||Step||    CGits 
--------  --------  --------------  ----------  ----------  ----------  -------
       0         1   -7.973275e+04   0.000e+00
       1         2   -5.070274e+04   0.000e+00   3.841e+01   7.024e-01        0
       2         3   -4.682226e+04   0.000e+00   1.684e+00   1.051e-01        0
       3         4   -4.624126e+04   1.355e-20   1.311e-01   1.214e-01        0
       4         5   -4.407070e+04   0.000e+00   2.286e+01   4.388e-01        0
       5         7   -4.316566e+04   0.000e+00   7.461e-02   2.110e-01        0
       6         8   -4.253499e+04   0.000e+00   1.771e+01   7.164e-02        0
       7         9   -4.237810e+04   0.000e+00   1.077e+00   1.330e-01        0
       8        10   -4.202181e+04   0.000e+00   2.329e-02   1.072e-01        0
       9        11   -4.175108e+04   0.000e+00   2.884e-02   1.356e-01        0
      10        12   -4.159203e+04   0.000e+00   2.020e+00   8.566e-02        0
      11        13   -4.149669e+04   0.000e+00   1.504e+00   6.483e-02        0
      12        14   -4.133666e+04   0.000e+00   1.627e+00   1.005e-01        0
      13        15   -4.092751e+04   0.000e+00   4.307e-02   3.289e-01        0
      14        16   -4.075186e+04   0.000e+00   1.455e+00   3.119e-01        0
      15        17   -4.071427e+04   0.000e+00   6.851e-03   3.977e-02        0
      16        18   -4.069990e+04   0.000e+00   7.967e-03   3.542e-02        0
      17        19   -4.069575e+04   0.000e+00   5.244e-03   8.992e-03        0
      18        20   -4.067138e+04   0.000e+00   7.687e-03   4.144e-02        0
      19        21   -4.062469e+04   0.000e+00   1.701e-01   1.611e-01        0
      20        22   -4.061741e+04   0.000e+00   1.314e-02   2.772e-02        0
      21        23   -4.060431e+04   0.000e+00   1.470e-02   6.163e-02        0
      22        24   -4.059326e+04   0.000e+00   2.699e-02   5.104e-02        0
      23        25   -4.057354e+04   0.000e+00   3.018e-02   9.540e-02        0
      24        26   -4.055727e+04   0.000e+00   1.982e-02   8.338e-02        0
      25        27   -4.054168e+04   0.000e+00   4.232e-03   7.827e-02        0
      26        28   -4.052316e+04   0.000e+00   1.694e-02   8.333e-02        0
      27        29   -4.049682e+04   0.000e+00   4.176e-01   1.110e-01        0
      28        30   -4.047025e+04   0.000e+00   8.645e-01   1.159e-01        0
      29        31   -4.045739e+04   0.000e+00   2.142e-01   6.228e-02        0
      30        32   -4.045412e+04   0.000e+00   3.410e-03   1.670e-02        0
      31        33   -4.045279e+04   0.000e+00   6.433e-03   1.011e-02        0
      32        34   -4.045009e+04   0.000e+00   1.872e-02   2.040e-02        0
      33        35   -4.044409e+04   0.000e+00   3.369e-02   4.680e-02        0
      34        36   -4.043461e+04   0.000e+00   4.126e-02   7.911e-02        0
      35        37   -4.042554e+04   0.000e+00   3.141e-02   8.467e-02        0
      36        38   -4.042124e+04   0.000e+00   1.246e-02   4.016e-02        0
      37        39   -4.041960e+04   0.000e+00   1.344e-03   1.247e-02        0
      38        40   -4.041822e+04   0.000e+00   1.095e-02   9.921e-03        0
      39        41   -4.041543e+04   0.000e+00   2.474e-01   1.658e-02        0
      40        42   -4.041001e+04   0.000e+00   7.640e-01   4.018e-02        0
      41        43   -4.040244e+04   0.000e+00   8.416e-01   8.025e-02        0
      42        44   -4.039679e+04   0.000e+00   2.012e-01   8.457e-02        0
      43        45   -4.039461e+04   0.000e+00   3.170e-03   3.913e-02        0
      44        46   -4.039377e+04   0.000e+00   5.200e-03   1.132e-02        0
      45        47   -4.039258e+04   0.000e+00   1.277e-02   1.265e-02        0
      46        48   -4.038984e+04   0.000e+00   2.242e-02   2.995e-02        0
      47        49   -4.038513e+04   0.000e+00   2.882e-02   5.894e-02        0
      48        50   -4.037989e+04   0.000e+00   2.372e-02   7.996e-02        0
      49        51   -4.037720e+04   0.000e+00   9.529e-03   4.785e-02        0
      50        52   -4.037632e+04   0.000e+00   6.857e-04   1.084e-02        0
      51        53   -4.037576e+04   0.000e+00   6.151e-03   6.698e-03        0
      52        54   -4.037464e+04   0.000e+00   2.179e-02   1.040e-02        0
      53        55   -4.037203e+04   0.000e+00   4.413e-01   2.736e-02        0
      54        56   -4.036711e+04   0.000e+00   8.246e-01   6.861e-02        0
      55        57   -4.036080e+04   0.000e+00   7.890e-01   1.161e-01        0
      56        58   -4.035642e+04   0.000e+00   1.795e-01   1.031e-01        0
      57        59   -4.035493e+04   0.000e+00   1.224e-03   3.974e-02        0
      58        60   -4.035444e+04   0.000e+00   3.126e-03   9.675e-03        0
      59        61   -4.035360e+04   0.000e+00   7.296e-03   1.287e-02        0
      60        62   -4.035192e+04   0.000e+00   1.157e-02   2.673e-02        0
      61        63   -4.034943e+04   0.000e+00   1.278e-02   4.800e-02        0
      62        64   -4.034735e+04   0.000e+00   8.414e-03   5.255e-02        0
      63        65   -4.034656e+04   0.000e+00   2.398e-03   2.692e-02        0
      64        66   -4.034638e+04   0.000e+00   3.100e-04   6.730e-03        0
      65        67   -4.034624e+04   0.000e+00   1.809e-03   3.439e-03        0
      66        68   -4.034587e+04   0.000e+00   4.285e-03   7.887e-03        0
      67        69   -4.034496e+04   0.000e+00   7.971e-03   1.957e-02        0
      68        70   -4.034269e+04   0.000e+00   2.582e-01   5.396e-02        0
      69        71   -4.033765e+04   0.000e+00   5.579e-01   1.310e-01        0
      70        72   -4.032845e+04   0.000e+00   6.767e-01   2.646e-01        0
      71        73   -4.031753e+04   0.000e+00   4.627e-01   3.601e-01        0
      72        74   -4.031232e+04   0.000e+00   2.251e-01   2.055e-01        0
      73        75   -4.031181e+04   0.000e+00   3.403e-03   1.047e-02        0
      74        76   -4.031170e+04   0.000e+00   7.312e-04   2.622e-02        0
      75        77   -4.031163e+04   0.000e+00   1.641e-03   1.720e-02        0
      76        78   -4.031151e+04   0.000e+00   3.535e-03   2.002e-02        0
      77        79   -4.031119e+04   0.000e+00   6.842e-03   2.706e-02        0
      78        80   -4.031052e+04   0.000e+00   1.032e-02   2.658e-02        0
      79        81   -4.030945e+04   0.000e+00   1.116e-02   4.032e-02        0
      80        82   -4.030853e+04   0.000e+00   7.229e-03   7.981e-02        0
      81        83   -4.030813e+04   0.000e+00   1.669e-03   6.679e-02        0
      82        84   -4.030793e+04   0.000e+00   1.419e-03   3.949e-02        0
      83        85   -4.030765e+04   0.000e+00   1.359e-01   4.023e-02        0
      84        86   -4.030712e+04   0.000e+00   2.834e-01   5.931e-02        0
      85        87   -4.030628e+04   0.000e+00   4.214e-01   7.224e-02        0
      86        88   -4.030551e+04   0.000e+00   2.954e-01   5.044e-02        0
      87        89   -4.030515e+04   0.000e+00   1.182e-01   3.273e-02        0
      88        90   -4.030509e+04   0.000e+00   1.281e-04   2.979e-02        0
      89        91   -4.030509e+04   0.000e+00   8.106e-05   8.378e-03        0
      90        92   -4.030508e+04   0.000e+00   9.644e-05   4.091e-03        0
      91        93   -4.030506e+04   0.000e+00   7.315e-05   1.180e-02        0
      92        94   -4.030502e+04   0.000e+00   6.637e-05   1.423e-02        0
      93        95   -4.030491e+04   0.000e+00   7.691e-05   2.008e-02        0
      94        96   -4.030471e+04   0.000e+00   1.145e-04   2.231e-02        0
      95        97   -4.030446e+04   0.000e+00   1.520e-04   3.507e-02        0
      96        98   -4.030431e+04   0.000e+00   1.052e-04   4.536e-02        0
      97        99   -4.030428e+04   0.000e+00   4.183e-05   2.585e-02        0
      98       100   -4.030427e+04   0.000e+00   3.621e-05   5.717e-03        0
      99       101   -4.030427e+04   0.000e+00   3.513e-05   4.593e-03        0
     100       102   -4.030427e+04   0.000e+00   3.496e-05   7.252e-04        0
     101       103   -4.030426e+04   0.000e+00   6.326e-05   1.886e-03        0
     102       104   -4.030421e+04   0.000e+00   1.841e-04   6.533e-03        0
     103       105   -4.030395e+04   0.000e+00   5.867e-04   3.577e-02        0
     104       108   -4.030389e+04   0.000e+00   1.195e-01   5.951e-02        0
     105       111   -4.030350e+04   0.000e+00   2.306e-03   1.294e-01        0
     106       112   -4.030327e+04   0.000e+00   1.560e-03   5.066e-02        0
     107       113   -4.030298e+04   0.000e+00   9.404e-03   1.716e-01        0
     108       114   -4.030298e+04   0.000e+00   1.709e-03   1.125e-02        0
     109       115   -4.030297e+04   0.000e+00   8.970e-03   1.774e-02        0
     110       116   -4.030296e+04   0.000e+00   3.896e-04   1.131e-02        0
     111       117   -4.030293e+04   0.000e+00   6.975e-04   1.211e-02        0
     112       118   -4.030286e+04   0.000e+00   1.220e-03   3.337e-02        0
     113       119   -4.030272e+04   0.000e+00   1.802e-03   5.600e-02        0
     114       120   -4.030245e+04   0.000e+00   2.402e-03   5.339e-02        0
     115       121   -4.030203e+04   0.000e+00   1.831e-03   1.050e-01        0
     116       122   -4.030187e+04   0.000e+00   7.857e-04   6.463e-02        0
     117       123   -4.030183e+04   0.000e+00   1.922e-04   2.297e-02        0
     118       124   -4.030183e+04   0.000e+00   2.693e-05   5.262e-03        0
     119       125   -4.030183e+04   0.000e+00   2.110e-05   3.127e-03        0
     120       126   -4.030183e+04   0.000e+00   5.697e-05   1.038e-03        0
     121       127   -4.030183e+04   0.000e+00   4.297e-03   1.361e-03        0
     122       128   -4.030182e+04   0.000e+00   1.665e-02   4.886e-03        0
     123       129   -4.030181e+04   0.000e+00   2.851e-02   5.046e-03        0
     124       130   -4.030180e+04   0.000e+00   4.108e-02   7.822e-03        0
     125       131   -4.030178e+04   0.000e+00   3.841e-02   1.178e-02        0
     126       132   -4.030177e+04   0.000e+00   1.934e-02   1.282e-02        0
     127       133   -4.030176e+04   0.000e+00   3.600e-03   9.958e-03        0
     128       134   -4.030176e+04   0.000e+00   8.010e-04   6.355e-03        0
     129       135   -4.030176e+04   0.000e+00   7.440e-04   2.728e-03        0
     130       136   -4.030176e+04   0.000e+00   3.058e-05   2.747e-03        0
     131       137   -4.030176e+04   0.000e+00   6.464e-05   2.792e-03        0
     132       138   -4.030176e+04   0.000e+00   1.496e-04   2.869e-03        0
     133       139   -4.030175e+04   0.000e+00   4.948e-04   1.624e-02        0
     134       140   -4.030173e+04   0.000e+00   8.919e-04   2.124e-02        0
     135       141   -4.030168e+04   0.000e+00   1.413e-03   3.929e-02        0
     136       142   -4.030159e+04   0.000e+00   1.840e-03   7.250e-02        0
     137       143   -4.030148e+04   0.000e+00   8.075e-02   1.041e-01        0
     138       144   -4.030142e+04   0.000e+00   3.890e-02   7.033e-02        0
     139       145   -4.030140e+04   0.000e+00   7.597e-03   2.435e-02        0
     140       146   -4.030140e+04   0.000e+00   6.832e-04   8.083e-03        0
     141       147   -4.030140e+04   0.000e+00   5.784e-06   1.592e-03        0
     142       148   -4.030140e+04   0.000e+00   3.621e-04   1.591e-03        0
     143       149   -4.030140e+04   0.000e+00   4.291e-04   1.325e-03        0
     144       150   -4.030140e+04   0.000e+00   4.815e-04   1.330e-03        0
     145       151   -4.030140e+04   0.000e+00   6.587e-04   2.934e-03        0
     146       152   -4.030140e+04   0.000e+00   7.639e-04   3.266e-03        0
     147       153   -4.030140e+04   0.000e+00   8.411e-04   3.537e-03        0
     148       154   -4.030140e+04   0.000e+00   3.531e-04   3.160e-03        0
     149       155   -4.030140e+04   0.000e+00   4.015e-04   4.066e-03        0
     150       156   -4.030140e+04   0.000e+00   3.344e-05   7.528e-03        0
     151       158   -4.030140e+04   0.000e+00   2.556e-05   1.053e-03        0
     152       159   -4.030140e+04   0.000e+00   2.219e-06   1.435e-06        2
     153       160   -4.030140e+04   0.000e+00   2.648e-05   1.843e-04        0
     154       161   -4.030140e+04   0.000e+00   3.804e-05   2.541e-04        0
     155       162   -4.030140e+04   0.000e+00   4.762e-05   2.543e-04        0
     156       163   -4.030140e+04   0.000e+00   2.114e-04   2.682e-04        0
     157       164   -4.030140e+04   0.000e+00   3.931e-04   3.184e-04        0
     158       165   -4.030140e+04   0.000e+00   2.384e-04   3.164e-04        0
     159       166   -4.030140e+04   0.000e+00   1.319e-04   2.537e-04        0
     160       168   -4.030140e+04   0.000e+00   6.987e-05   1.267e-04        0
     161       169   -4.030140e+04   0.000e+00   1.472e-05   1.142e-06        2
     162       171   -4.030140e+04   0.000e+00   6.203e-06   2.535e-04        0
     163       172   -4.030140e+04   0.000e+00   1.640e-05   1.136e-03        0
     164       173   -4.030140e+04   0.000e+00   2.642e-05   9.963e-04        0
     165       174   -4.030140e+04   0.000e+00   3.163e-05   1.054e-05        5
     166       175   -4.030140e+04   0.000e+00   3.977e-05   9.279e-04        0
     167       176   -4.030140e+04   0.000e+00   6.746e-06   1.690e-04        0
     168       177   -4.030140e+04   0.000e+00   1.200e-07   3.193e-10        1
     169       178   -4.030140e+04   0.000e+00   1.393e-08   1.629e-04        0
     170       179   -4.030140e+04   0.000e+00   4.592e-10   5.690e-07        0

EXIT: Locally optimal solution found.

Final Statistics
----------------
Final objective value               =  -4.03013992588477e+04
Final feasibility error (abs / rel) =   0.00e+00 / 0.00e+00
Final optimality error  (abs / rel) =   4.59e-10 / 4.59e-10
# of iterations                     =        170 
# of CG iterations                  =         10 
# of function evaluations           =        179
# of gradient evaluations           =        171
Total program time (secs)           =   31653.49219 (544093.500 CPU time)
Time spent in evaluations (secs)    =   31401.58203

Solution Vector
---------------
x[       0] =   3.71459561377e+00
x[       1] =   3.31897263963e+00
x[       2] =   3.40588080769e+00
x[       3] =   3.84904359562e+00
x[       4] =   3.77972058001e+00
x[       5] =   3.29503457289e+00
x[       6] =   3.95069567011e+00
x[       7] =  -5.51572741200e-01
x[       8] =  -1.28751937748e+00
x[       9] =  -6.17486919379e+00
x[      10] =   1.14785493292e-01
x[      11] =   2.17692858973e-04
x[      12] =   2.71168483112e+00
x[      13] =   3.27810480555e+00
x[      14] =   1.83149431433e+00
x[      15] =   2.50102012165e+00
x[      16] =   9.89665824529e-01
x[      17] =   9.24719658017e-01
x[      18] =   9.78864227902e-01
x[      19] =   1.00629220072e+00
x[      20] =   9.27643209857e-01
x[      21] =   1.05373346280e+00
x[      22] =   6.78415966162e-01

===============================================================================

