
Solving from new start point (number 30 of 42) <multistart>.


=======================================
*** NO CHECK MADE FOR LICENSE ***
         Artelys Knitro 12.3.0
=======================================

Knitro presolve eliminated 0 variables and 0 constraints.

algorithm:               4
bar_maxcrossit:          3
datacheck:               0
feastol:                 1e-08
hessopt:                 2
maxtime_cpu:             9.9245e+07
maxtime_real:            9.99637e+07
opttol:                  1e-08
outlev:                  5
outmode:                 2
par_concurrent_evals:    0
The problem is identified as bound constrained only.
Knitro changing act_qpalg from AUTO to 3.
Knitro changing honorbnds from AUTO to -1.
Knitro changing linesearch from AUTO to 2.
Knitro changing linsolver from AUTO to 4.

Problem Characteristics                                 (   Presolved)
-----------------------
Objective goal:  Maximize
Objective type:  general
Number of variables:                                 23 (          23)
    bounded below only:                               0 (           0)
    bounded above only:                               0 (           0)
    bounded below and above:                         23 (          23)
    fixed:                                            0 (           0)
    free:                                             0 (           0)
Number of constraints:                                0 (           0)
    linear equalities:                                0 (           0)
    quadratic equalities:                             0 (           0)
    gen. nonlinear equalities:                        0 (           0)
    linear one-sided inequalities:                    0 (           0)
    quadratic one-sided inequalities:                 0 (           0)
    gen. nonlinear one-sided inequalities:            0 (           0)
    linear two-sided inequalities:                    0 (           0)
    quadratic two-sided inequalities:                 0 (           0)
    gen. nonlinear two-sided inequalities:            0 (           0)
Number of nonzeros in Jacobian:                       0 (           0)
Number of nonzeros in Hessian:                        0 (         276)

Knitro using the Sequential Quadratic Programming (SQP) algorithm.

  Iter     fCount     Objective      FeasError   OptError    ||Step||    CGits 
--------  --------  --------------  ----------  ----------  ----------  -------
       0         1   -9.022193e+04   0.000e+00
       1         2   -5.323305e+04   0.000e+00   4.009e+01   7.075e-01        0
       2         3   -5.003484e+04   0.000e+00   1.575e+01   4.388e-01        0
       3         4   -4.785620e+04   0.000e+00   1.206e+01   1.310e-01        0
       4         6   -4.658763e+04   0.000e+00   2.214e+01   2.271e-01        0
       5         7   -4.435303e+04   0.000e+00   1.591e-01   2.547e-01        0
       6         8   -4.308625e+04   1.355e-20   1.043e-01   2.839e-01        0
       7         9   -4.280114e+04   0.000e+00   2.601e+00   7.528e-02        0
       8        10   -4.202856e+04   1.355e-20   4.048e+00   4.097e-01        0
       9        11   -4.195849e+04   0.000e+00   3.878e-02   3.294e-02        0
      10        12   -4.187469e+04   0.000e+00   1.736e-02   5.571e-02        0
      11        13   -4.165400e+04   0.000e+00   9.645e-02   1.735e-01        0
      12        14   -4.143239e+04   0.000e+00   9.830e-02   2.261e-01        0
      13        15   -4.130235e+04   0.000e+00   6.243e-02   1.768e-01        0
      14        16   -4.125183e+04   0.000e+00   1.556e-01   6.133e-02        0
      15        17   -4.122269e+04   0.000e+00   4.157e-01   4.239e-02        0
      16        18   -4.118913e+04   0.000e+00   1.315e+00   3.722e-02        0
      17        19   -4.110161e+04   0.000e+00   7.577e-01   1.367e-01        0
      18        20   -4.106060e+04   0.000e+00   5.098e-01   9.322e-02        0
      19        21   -4.103836e+04   0.000e+00   8.345e-03   4.782e-02        0
      20        22   -4.101608e+04   0.000e+00   9.755e-03   5.175e-02        0
      21        23   -4.098593e+04   0.000e+00   2.546e-02   6.885e-02        0
      22        24   -4.092677e+04   0.000e+00   3.835e-02   1.566e-01        0
      23        25   -4.087784e+04   0.000e+00   2.892e-02   1.708e-01        0
      24        26   -4.085551e+04   0.000e+00   1.195e-02   1.003e-01        0
      25        27   -4.084300e+04   0.000e+00   4.621e-03   5.150e-02        0
      26        28   -4.082843e+04   0.000e+00   8.448e-03   5.092e-02        0
      27        29   -4.080635e+04   0.000e+00   5.043e-01   7.465e-02        0
      28        30   -4.077276e+04   0.000e+00   9.435e-01   1.287e-01        0
      29        31   -4.073844e+04   0.000e+00   1.104e+00   1.494e-01        0
      30        32   -4.071027e+04   0.000e+00   6.749e-01   1.225e-01        0
      31        33   -4.069331e+04   0.000e+00   1.645e-01   6.984e-02        0
      32        34   -4.067922e+04   0.000e+00   4.235e-03   5.188e-02        0
      33        35   -4.064787e+04   0.000e+00   1.832e-02   1.280e-01        0
      34        36   -4.061018e+04   0.000e+00   2.354e-02   1.915e-01        0
      35        37   -4.058457e+04   0.000e+00   1.351e-02   1.564e-01        0
      36        38   -4.057106e+04   0.000e+00   7.224e-03   5.074e-02        0
      37        39   -4.055700e+04   0.000e+00   3.907e-03   5.260e-02        0
      38        40   -4.053895e+04   0.000e+00   1.616e-01   5.687e-02        0
      39        41   -4.049729e+04   0.000e+00   1.076e+00   1.439e-01        0
      40        42   -4.043801e+04   0.000e+00   1.265e+00   2.688e-01        0
      41        43   -4.039122e+04   0.000e+00   1.641e+00   2.567e-01        0
      42        44   -4.036557e+04   0.000e+00   7.097e-03   1.599e-01        0
      43        46   -4.035720e+04   0.000e+00   4.077e-03   5.938e-02        0
      44        47   -4.035540e+04   0.000e+00   1.148e-02   4.662e-02        0
      45        49   -4.035476e+04   0.000e+00   2.990e-01   4.234e-02        0
      46        50   -4.035429e+04   0.000e+00   1.175e+00   4.533e-02        0
      47        51   -4.035148e+04   0.000e+00   1.205e-02   4.736e-02        0
      48        52   -4.034812e+04   0.000e+00   8.301e-02   3.745e-02        0
      49        53   -4.034584e+04   0.000e+00   2.182e-03   1.760e-02        0
      50        54   -4.034417e+04   0.000e+00   1.175e-01   3.016e-02        0
      51        55   -4.034378e+04   0.000e+00   9.080e-03   6.603e-03        0
      52        56   -4.034277e+04   0.000e+00   7.537e-02   1.408e-02        0
      53        57   -4.034019e+04   0.000e+00   2.116e-01   3.476e-02        0
      54        58   -4.033554e+04   0.000e+00   3.509e-01   6.580e-02        0
      55        59   -4.032972e+04   0.000e+00   4.481e-01   9.071e-02        0
      56        60   -4.032575e+04   0.000e+00   4.739e-03   6.486e-02        0
      57        61   -4.032383e+04   0.000e+00   1.576e-03   2.609e-02        0
      58        62   -4.032265e+04   0.000e+00   8.470e-02   1.214e-02        0
      59        63   -4.032000e+04   0.000e+00   2.819e-01   2.793e-02        0
      60        64   -4.031727e+04   0.000e+00   2.610e-01   4.172e-02        0
      61        65   -4.031559e+04   0.000e+00   1.002e-01   4.893e-02        0
      62        66   -4.031522e+04   0.000e+00   3.108e-02   2.155e-02        0
      63        67   -4.031516e+04   0.000e+00   1.061e-02   4.780e-03        0
      64        68   -4.031513e+04   0.000e+00   1.004e-02   2.472e-03        0
      65        69   -4.031501e+04   0.000e+00   8.422e-04   5.648e-03        0
      66        70   -4.031476e+04   0.000e+00   2.042e-03   1.104e-02        0
      67        71   -4.031413e+04   0.000e+00   3.858e-03   2.588e-02        0
      68        72   -4.031290e+04   0.000e+00   5.784e-03   5.308e-02        0
      69        73   -4.031117e+04   0.000e+00   6.224e-03   8.146e-02        0
      70        74   -4.030990e+04   0.000e+00   3.618e-03   6.482e-02        0
      71        75   -4.030950e+04   0.000e+00   6.352e-04   1.612e-02        0
      72        76   -4.030945e+04   0.000e+00   4.179e-03   8.163e-03        0
      73        77   -4.030944e+04   0.000e+00   1.409e-02   3.518e-03        0
      74        78   -4.030940e+04   0.000e+00   3.256e-02   7.478e-03        0
      75        79   -4.030930e+04   0.000e+00   6.195e-02   9.705e-03        0
      76        80   -4.030903e+04   0.000e+00   9.671e-02   1.789e-02        0
      77        81   -4.030845e+04   0.000e+00   1.138e-01   3.346e-02        0
      78        82   -4.030737e+04   0.000e+00   9.585e-02   7.196e-02        0
      79        83   -4.030612e+04   0.000e+00   3.553e-03   1.093e-01        0
      80        84   -4.030538e+04   0.000e+00   3.570e-04   8.360e-02        0
      81        85   -4.030519e+04   0.000e+00   1.385e-04   2.792e-02        0
      82        86   -4.030518e+04   0.000e+00   1.465e-04   5.799e-03        0
      83        87   -4.030517e+04   0.000e+00   1.493e-04   3.211e-03        0
      84        88   -4.030513e+04   0.000e+00   1.548e-04   7.169e-03        0
      85        89   -4.030505e+04   0.000e+00   4.162e-04   9.587e-03        0
      86        90   -4.030483e+04   0.000e+00   8.367e-04   1.810e-02        0
      87        91   -4.030437e+04   0.000e+00   1.392e-03   3.972e-02        0
      88        92   -4.030355e+04   0.000e+00   2.071e-03   8.455e-02        0
      89        93   -4.030272e+04   0.000e+00   2.416e-03   1.159e-01        0
      90        94   -4.030237e+04   0.000e+00   1.084e-03   6.349e-02        0
      91        95   -4.030229e+04   0.000e+00   7.240e-05   1.545e-02        0
      92        96   -4.030229e+04   0.000e+00   1.512e-04   7.224e-03        0
      93        97   -4.030228e+04   0.000e+00   7.703e-05   3.780e-03        0
      94        98   -4.030227e+04   0.000e+00   1.848e-04   7.097e-03        0
      95        99   -4.030225e+04   0.000e+00   5.717e-04   8.345e-03        0
      96       100   -4.030219e+04   0.000e+00   1.197e-03   1.086e-02        0
      97       101   -4.030208e+04   0.000e+00   1.828e-03   1.377e-02        0
      98       102   -4.030193e+04   0.000e+00   1.926e-03   2.775e-02        0
      99       103   -4.030184e+04   0.000e+00   1.147e-03   3.502e-02        0
     100       104   -4.030181e+04   0.000e+00   3.237e-04   2.021e-02        0
     101       105   -4.030181e+04   0.000e+00   3.309e-05   5.461e-03        0
     102       106   -4.030181e+04   0.000e+00   1.624e-05   5.642e-04        0
     103       107   -4.030181e+04   0.000e+00   4.674e-04   5.657e-04        0
     104       108   -4.030180e+04   0.000e+00   2.558e-03   5.997e-04        0
     105       109   -4.030180e+04   0.000e+00   8.659e-03   1.798e-03        0
     106       110   -4.030180e+04   0.000e+00   1.467e-02   2.473e-03        0
     107       111   -4.030179e+04   0.000e+00   2.473e-02   5.934e-03        0
     108       112   -4.030178e+04   0.000e+00   3.458e-02   9.601e-03        0
     109       113   -4.030176e+04   0.000e+00   3.327e-02   1.549e-02        0
     110       114   -4.030175e+04   0.000e+00   2.275e-02   1.044e-02        0
     111       115   -4.030174e+04   0.000e+00   2.041e-03   3.664e-03        0
     112       116   -4.030174e+04   0.000e+00   1.373e-03   1.663e-03        0
     113       117   -4.030174e+04   0.000e+00   2.971e-03   8.909e-04        0
     114       118   -4.030174e+04   0.000e+00   2.481e-04   1.911e-03        0
     115       119   -4.030174e+04   0.000e+00   5.611e-04   2.153e-03        0
     116       120   -4.030173e+04   0.000e+00   1.072e-03   3.715e-03        0
     117       121   -4.030170e+04   0.000e+00   1.827e-03   1.140e-02        0
     118       122   -4.030165e+04   0.000e+00   2.726e-03   3.196e-02        0
     119       123   -4.030157e+04   0.000e+00   3.160e-03   6.501e-02        0
     120       124   -4.030148e+04   0.000e+00   2.352e-03   9.280e-02        0
     121       125   -4.030144e+04   0.000e+00   8.932e-04   4.574e-02        0
     122       126   -4.030143e+04   0.000e+00   9.765e-05   4.989e-03        0
     123       127   -4.030143e+04   0.000e+00   8.715e-04   4.981e-03        0
     124       128   -4.030143e+04   0.000e+00   1.985e-03   4.819e-03        0
     125       129   -4.030143e+04   0.000e+00   2.660e-03   6.298e-04        0
     126       130   -4.030143e+04   0.000e+00   3.490e-03   7.242e-04        0
     127       131   -4.030142e+04   0.000e+00   3.827e-03   3.985e-03        0
     128       132   -4.030141e+04   0.000e+00   4.148e-03   1.498e-02        0
     129       133   -4.030141e+04   0.000e+00   1.174e-03   8.148e-03        0
     130       134   -4.030141e+04   0.000e+00   5.589e-04   1.557e-04        0
     131       135   -4.030141e+04   0.000e+00   1.281e-04   9.470e-05        0
     132       136   -4.030141e+04   0.000e+00   7.406e-06   9.760e-05        0
     133       137   -4.030141e+04   0.000e+00   1.194e-05   9.626e-05        0
     134       138   -4.030141e+04   0.000e+00   1.908e-05   1.001e-04        0
     135       139   -4.030141e+04   0.000e+00   4.076e-05   4.338e-04        0
     136       140   -4.030141e+04   0.000e+00   6.719e-05   7.594e-04        0
     137       141   -4.030140e+04   0.000e+00   6.234e-05   7.764e-04        0
     138       142   -4.030140e+04   0.000e+00   2.417e-05   7.412e-04        0
     139       143   -4.030140e+04   0.000e+00   1.339e-05   1.107e-03        0
     140       144   -4.030140e+04   0.000e+00   1.724e-04   8.645e-04        0
     141       145   -4.030140e+04   0.000e+00   9.179e-05   2.864e-06        2
     142       146   -4.030140e+04   0.000e+00   1.845e-04   9.776e-04        0
     143       147   -4.030140e+04   0.000e+00   1.186e-04   7.741e-04        0
     144       148   -4.030140e+04   0.000e+00   4.376e-05   5.309e-04        0
     145       149   -4.030140e+04   0.000e+00   1.821e-05   5.302e-04        0
     146       150   -4.030140e+04   0.000e+00   4.680e-05   4.470e-04        0
     147       151   -4.030140e+04   0.000e+00   4.211e-04   1.261e-03        0
     148       152   -4.030140e+04   0.000e+00   8.279e-04   1.827e-03        0
     149       153   -4.030140e+04   0.000e+00   9.621e-04   2.212e-03        0
     150       154   -4.030140e+04   0.000e+00   2.508e-03   1.545e-02        0
     151       155   -4.030140e+04   0.000e+00   1.909e-03   1.499e-02        0
     152       156   -4.030140e+04   0.000e+00   8.928e-04   1.146e-02        0
     153       157   -4.030140e+04   0.000e+00   2.004e-04   5.189e-03        0
     154       158   -4.030140e+04   0.000e+00   3.571e-05   2.469e-03        0
     155       160   -4.030140e+04   0.000e+00   6.786e-05   9.881e-04        0
     156       161   -4.030140e+04   0.000e+00   3.337e-05   5.866e-04        0
     157       162   -4.030140e+04   0.000e+00   1.715e-05   4.216e-04        0
     158       163   -4.030140e+04   0.000e+00   9.854e-07   4.216e-04        0
     159       164   -4.030140e+04   0.000e+00   1.169e-05   3.472e-04        0
     160       165   -4.030140e+04   0.000e+00   1.705e-08   9.724e-11        1
     161       166   -4.030140e+04   0.000e+00   8.482e-09   1.057e-04        0

EXIT: Locally optimal solution found.

Final Statistics
----------------
Final objective value               =  -4.03013992588482e+04
Final feasibility error (abs / rel) =   0.00e+00 / 0.00e+00
Final optimality error  (abs / rel) =   8.48e-09 / 8.48e-09
# of iterations                     =        161 
# of CG iterations                  =          3 
# of function evaluations           =        166
# of gradient evaluations           =        162
Total program time (secs)           =   36093.85547 (679015.375 CPU time)
Time spent in evaluations (secs)    =   35841.92188

Solution Vector
---------------
x[       0] =   3.71459585425e+00
x[       1] =   3.31897236814e+00
x[       2] =   3.40588085955e+00
x[       3] =   3.84904379990e+00
x[       4] =   3.77972189583e+00
x[       5] =   3.29503451959e+00
x[       6] =   3.95069597453e+00
x[       7] =  -5.51572797246e-01
x[       8] =  -1.28751942766e+00
x[       9] =  -6.17486952913e+00
x[      10] =   1.14785464630e-01
x[      11] =   2.17693711967e-04
x[      12] =   2.71168472311e+00
x[      13] =   3.27810458638e+00
x[      14] =   1.83149469067e+00
x[      15] =   2.50101918621e+00
x[      16] =   9.89666071628e-01
x[      17] =   9.24719713778e-01
x[      18] =   9.78864141463e-01
x[      19] =   1.00629183854e+00
x[      20] =   9.27643351826e-01
x[      21] =   1.05373347957e+00
x[      22] =   6.78416045014e-01

===============================================================================

