
Solving from new start point (number 32 of 42) <multistart>.


=======================================
*** NO CHECK MADE FOR LICENSE ***
         Artelys Knitro 12.3.0
=======================================

Knitro presolve eliminated 0 variables and 0 constraints.

algorithm:               4
bar_maxcrossit:          3
datacheck:               0
feastol:                 1e-08
hessopt:                 2
maxtime_cpu:             9.92047e+07
maxtime_real:            9.99617e+07
opttol:                  1e-08
outlev:                  5
outmode:                 2
par_concurrent_evals:    0
The problem is identified as bound constrained only.
Knitro changing act_qpalg from AUTO to 3.
Knitro changing honorbnds from AUTO to -1.
Knitro changing linesearch from AUTO to 2.
Knitro changing linsolver from AUTO to 4.

Problem Characteristics                                 (   Presolved)
-----------------------
Objective goal:  Maximize
Objective type:  general
Number of variables:                                 23 (          23)
    bounded below only:                               0 (           0)
    bounded above only:                               0 (           0)
    bounded below and above:                         23 (          23)
    fixed:                                            0 (           0)
    free:                                             0 (           0)
Number of constraints:                                0 (           0)
    linear equalities:                                0 (           0)
    quadratic equalities:                             0 (           0)
    gen. nonlinear equalities:                        0 (           0)
    linear one-sided inequalities:                    0 (           0)
    quadratic one-sided inequalities:                 0 (           0)
    gen. nonlinear one-sided inequalities:            0 (           0)
    linear two-sided inequalities:                    0 (           0)
    quadratic two-sided inequalities:                 0 (           0)
    gen. nonlinear two-sided inequalities:            0 (           0)
Number of nonzeros in Jacobian:                       0 (           0)
Number of nonzeros in Hessian:                        0 (         276)

Knitro using the Sequential Quadratic Programming (SQP) algorithm.

  Iter     fCount     Objective      FeasError   OptError    ||Step||    CGits 
--------  --------  --------------  ----------  ----------  ----------  -------
       0         1   -5.966223e+04   0.000e+00
       1         2   -5.532324e+04   0.000e+00   3.405e+02   3.825e-01        0
       2         3   -5.488319e+04   1.355e-20   4.139e+00   7.726e-01        0
       3         5   -5.001512e+04   1.355e-20   3.180e+01   6.504e-01        0
       4         6   -4.548702e+04   0.000e+00   4.096e+01   3.765e-01        0
       5         7   -4.415234e+04   0.000e+00   8.429e-01   8.978e-02        0
       6         9   -4.344978e+04   0.000e+00   2.214e+01   1.116e-01        0
       7        10   -4.278122e+04   0.000e+00   4.182e-01   5.708e-02        0
       8        11   -4.219525e+04   1.355e-20   1.341e+01   8.784e-02        0
       9        12   -4.169350e+04   0.000e+00   7.676e-02   1.849e-01        0
      10        13   -4.152957e+04   0.000e+00   2.847e-02   1.438e-01        0
      11        14   -4.145096e+04   0.000e+00   4.706e-02   9.230e-02        0
      12        15   -4.133429e+04   0.000e+00   9.181e-02   1.098e-01        0
      13        16   -4.122050e+04   0.000e+00   7.760e-02   1.269e-01        0
      14        17   -4.115797e+04   0.000e+00   1.354e-02   7.919e-02        0
      15        18   -4.105615e+04   0.000e+00   3.769e-01   1.716e-01        0
      16        19   -4.098536e+04   0.000e+00   9.404e-01   1.660e-01        0
      17        20   -4.094167e+04   0.000e+00   2.477e-01   1.377e-01        0
      18        21   -4.091679e+04   0.000e+00   1.799e-02   8.594e-02        0
      19        22   -4.088844e+04   0.000e+00   8.040e-03   8.886e-02        0
      20        23   -4.085094e+04   0.000e+00   1.173e-02   1.098e-01        0
      21        24   -4.078780e+04   0.000e+00   1.380e-02   2.027e-01        0
      22        25   -4.074612e+04   0.000e+00   9.561e-03   1.386e-01        0
      23        26   -4.072005e+04   0.000e+00   4.472e-03   9.769e-02        0
      24        27   -4.070682e+04   0.000e+00   3.990e-01   4.515e-02        0
      25        28   -4.068226e+04   0.000e+00   1.754e+00   1.111e-01        0
      26        29   -4.066100e+04   0.000e+00   1.952e+00   1.113e-01        0
      27        30   -4.063640e+04   0.000e+00   1.328e+00   1.235e-01        0
      28        31   -4.061335e+04   0.000e+00   5.141e-03   9.491e-02        0
      29        32   -4.058863e+04   0.000e+00   1.039e+00   9.218e-02        0
      30        33   -4.056609e+04   0.000e+00   1.911e+00   8.286e-02        0
      31        34   -4.054410e+04   0.000e+00   1.970e+00   9.390e-02        0
      32        35   -4.052541e+04   0.000e+00   8.883e-01   9.628e-02        0
      33        36   -4.051066e+04   0.000e+00   8.034e-01   8.346e-02        0
      34        37   -4.050026e+04   0.000e+00   1.895e+00   5.867e-02        0
      35        38   -4.049126e+04   0.000e+00   2.058e+00   5.263e-02        0
      36        39   -4.048242e+04   0.000e+00   1.235e+00   5.697e-02        0
      37        40   -4.047507e+04   0.000e+00   1.946e-01   4.853e-02        0
      38        41   -4.046855e+04   0.000e+00   1.605e+00   4.414e-02        0
      39        42   -4.046162e+04   0.000e+00   2.576e+00   5.597e-02        0
      40        43   -4.045415e+04   0.000e+00   2.607e+00   6.497e-02        0
      41        44   -4.044627e+04   0.000e+00   1.460e+00   6.232e-02        0
      42        45   -4.043895e+04   0.000e+00   4.922e-01   5.586e-02        0
      43        46   -4.043199e+04   0.000e+00   2.278e+00   6.434e-02        0
      44        47   -4.042236e+04   0.000e+00   3.120e+00   7.133e-02        0
      45        48   -4.040296e+04   0.000e+00   2.648e+00   1.488e-01        0
      46        49   -4.038656e+04   0.000e+00   7.431e-01   1.258e-01        0
      47        50   -4.037622e+04   0.000e+00   7.429e-03   1.066e-01        0
      48        51   -4.037383e+04   0.000e+00   1.057e-02   4.314e-02        0
      49        52   -4.037332e+04   0.000e+00   3.021e-03   2.187e-02        0
      50        53   -4.037305e+04   0.000e+00   6.120e-04   8.326e-03        0
      51        54   -4.037272e+04   0.000e+00   4.266e-03   1.664e-02        0
      52        55   -4.037240e+04   0.000e+00   3.519e-03   1.066e-02        0
      53        56   -4.037200e+04   0.000e+00   3.225e-03   1.308e-02        0
      54        57   -4.037145e+04   0.000e+00   1.037e-03   1.695e-02        0
      55        58   -4.037059e+04   0.000e+00   1.550e-03   2.499e-02        0
      56        59   -4.036918e+04   0.000e+00   3.224e-03   3.948e-02        0
      57        60   -4.036666e+04   0.000e+00   3.337e-03   6.877e-02        0
      58        61   -4.036229e+04   0.000e+00   2.639e-03   1.248e-01        0
      59        62   -4.035688e+04   0.000e+00   2.714e-03   1.718e-01        0
      60        63   -4.035271e+04   0.000e+00   3.599e-03   1.304e-01        0
      61        64   -4.035050e+04   0.000e+00   1.737e-03   6.482e-02        0
      62        65   -4.034989e+04   0.000e+00   8.014e-04   2.908e-02        0
      63        66   -4.034958e+04   0.000e+00   7.257e-04   1.473e-02        0
      64        67   -4.034908e+04   0.000e+00   1.511e-03   2.024e-02        0
      65        68   -4.034841e+04   0.000e+00   2.758e-03   2.358e-02        0
      66        69   -4.034764e+04   0.000e+00   2.450e-03   2.876e-02        0
      67        70   -4.034699e+04   0.000e+00   1.703e-03   2.766e-02        0
      68        71   -4.034633e+04   0.000e+00   1.253e-03   2.475e-02        0
      69        72   -4.034510e+04   0.000e+00   2.243e-03   3.975e-02        0
      70        73   -4.034231e+04   0.000e+00   6.331e-03   9.274e-02        0
      71        74   -4.033652e+04   0.000e+00   1.150e-02   2.108e-01        0
      72        75   -4.032816e+04   0.000e+00   4.140e-01   3.521e-01        0
      73        76   -4.032189e+04   0.000e+00   1.192e-01   2.614e-01        0
      74        77   -4.031898e+04   0.000e+00   3.069e-03   1.037e-01        0
      75        78   -4.031846e+04   0.000e+00   8.727e-04   3.011e-02        0
      76        79   -4.031839e+04   0.000e+00   3.809e-04   1.116e-02        0
      77        80   -4.031832e+04   0.000e+00   1.158e-03   8.998e-03        0
      78        81   -4.031818e+04   0.000e+00   4.167e-04   1.266e-02        0
      79        82   -4.031782e+04   0.000e+00   3.903e-04   1.798e-02        0
      80        83   -4.031698e+04   0.000e+00   1.564e-03   4.660e-02        0
      81        84   -4.031557e+04   0.000e+00   2.069e-03   8.435e-02        0
      82        85   -4.031407e+04   0.000e+00   2.472e-03   1.065e-01        0
      83        86   -4.031333e+04   0.000e+00   5.990e-04   5.201e-02        0
      84        87   -4.031318e+04   0.000e+00   2.167e-04   1.304e-02        0
      85        88   -4.031316e+04   0.000e+00   2.150e-04   5.934e-03        0
      86        89   -4.031313e+04   0.000e+00   2.121e-04   4.915e-03        0
      87        90   -4.031306e+04   0.000e+00   4.539e-04   7.383e-03        0
      88        91   -4.031290e+04   0.000e+00   9.372e-04   1.724e-02        0
      89        92   -4.031255e+04   0.000e+00   1.940e-03   4.021e-02        0
      90        93   -4.031187e+04   0.000e+00   3.238e-03   8.317e-02        0
      91        94   -4.031072e+04   0.000e+00   4.541e-03   1.357e-01        0
      92        95   -4.030929e+04   0.000e+00   4.524e-03   1.550e-01        0
      93        96   -4.030808e+04   0.000e+00   2.953e-03   1.198e-01        0
      94        97   -4.030756e+04   0.000e+00   8.955e-04   8.169e-02        0
      95        98   -4.030743e+04   0.000e+00   3.338e-04   3.528e-02        0
      96        99   -4.030737e+04   0.000e+00   3.395e-04   1.890e-02        0
      97       100   -4.030733e+04   0.000e+00   5.187e-04   6.562e-03        0
      98       101   -4.030721e+04   0.000e+00   1.021e-03   9.164e-03        0
      99       102   -4.030696e+04   0.000e+00   1.553e-03   2.020e-02        0
     100       103   -4.030635e+04   0.000e+00   2.206e-03   5.508e-02        0
     101       104   -4.030516e+04   0.000e+00   2.773e-03   1.197e-01        0
     102       105   -4.030339e+04   0.000e+00   9.756e-02   1.879e-01        0
     103       106   -4.030199e+04   0.000e+00   1.332e-01   1.479e-01        0
     104       107   -4.030157e+04   0.000e+00   4.776e-02   3.021e-02        0
     105       110   -4.030156e+04   0.000e+00   4.915e-03   3.495e-02        0
     106       113   -4.030151e+04   0.000e+00   3.610e-02   1.682e-02        0
     107       114   -4.030148e+04   0.000e+00   6.994e-04   2.849e-02        0
     108       115   -4.030145e+04   0.000e+00   5.306e-04   7.280e-02        0
     109       116   -4.030145e+04   0.000e+00   1.219e-02   3.045e-03        0
     110       117   -4.030145e+04   0.000e+00   2.544e-03   4.074e-04        0
     111       118   -4.030145e+04   0.000e+00   5.406e-03   3.218e-04        0
     112       119   -4.030145e+04   0.000e+00   3.695e-04   5.502e-04        0
     113       120   -4.030145e+04   0.000e+00   7.034e-04   9.750e-04        0
     114       121   -4.030144e+04   0.000e+00   1.041e-03   2.360e-03        0
     115       122   -4.030144e+04   0.000e+00   1.006e-03   3.099e-03        0
     116       123   -4.030144e+04   0.000e+00   5.230e-04   2.604e-03        0
     117       124   -4.030144e+04   0.000e+00   1.052e-04   1.272e-03        0
     118       125   -4.030144e+04   0.000e+00   2.086e-04   3.014e-04        0
     119       126   -4.030144e+04   0.000e+00   1.089e-03   1.261e-04        0
     120       127   -4.030144e+04   0.000e+00   2.547e-03   2.225e-04        0
     121       128   -4.030144e+04   0.000e+00   8.892e-03   1.070e-03        0
     122       129   -4.030144e+04   0.000e+00   1.463e-02   1.394e-03        0
     123       130   -4.030143e+04   0.000e+00   2.483e-02   2.689e-03        0
     124       131   -4.030143e+04   0.000e+00   3.629e-02   5.345e-03        0
     125       132   -4.030143e+04   0.000e+00   4.589e-02   1.155e-02        0
     126       133   -4.030142e+04   0.000e+00   3.651e-02   1.385e-02        0
     127       134   -4.030142e+04   0.000e+00   1.534e-02   9.359e-03        0
     128       135   -4.030142e+04   0.000e+00   1.276e-03   2.624e-03        0
     129       136   -4.030142e+04   0.000e+00   1.870e-03   1.734e-03        0
     130       137   -4.030142e+04   0.000e+00   8.559e-05   1.727e-03        0
     131       138   -4.030142e+04   0.000e+00   1.384e-04   1.091e-03        0
     132       139   -4.030142e+04   0.000e+00   2.803e-04   2.406e-03        0
     133       140   -4.030142e+04   0.000e+00   4.311e-04   3.909e-03        0
     134       141   -4.030141e+04   0.000e+00   2.791e-02   1.173e-02        0
     135       142   -4.030140e+04   0.000e+00   2.489e-02   2.073e-02        0
     136       143   -4.030140e+04   0.000e+00   1.126e-02   2.069e-02        0
     137       144   -4.030140e+04   0.000e+00   2.110e-03   5.864e-03        0
     138       145   -4.030140e+04   0.000e+00   8.886e-06   6.558e-04        0
     139       146   -4.030140e+04   0.000e+00   1.885e-05   4.003e-04        0
     140       147   -4.030140e+04   0.000e+00   1.347e-05   6.146e-04        0
     141       148   -4.030140e+04   0.000e+00   5.477e-05   4.634e-04        0
     142       149   -4.030140e+04   0.000e+00   3.225e-06   4.296e-04        0
     143       150   -4.030140e+04   0.000e+00   1.825e-06   5.893e-04        0
     144       151   -4.030140e+04   0.000e+00   3.618e-06   1.611e-04        0
     145       152   -4.030140e+04   0.000e+00   2.362e-05   1.843e-04        0
     146       153   -4.030140e+04   0.000e+00   1.247e-04   2.888e-04        0
     147       154   -4.030140e+04   0.000e+00   2.186e-04   3.833e-04        0
     148       157   -4.030140e+04   0.000e+00   1.676e-04   5.423e-05        0
     149       159   -4.030140e+04   0.000e+00   1.110e-04   3.967e-05        0
     150       162   -4.030140e+04   0.000e+00   9.809e-05   1.130e-05        0
     151       163   -4.030140e+04   0.000e+00   1.563e-06   5.185e-04        0
     152       164   -4.030140e+04   0.000e+00   8.200e-06   5.181e-04        0
     153       165   -4.030140e+04   0.000e+00   3.160e-05   1.388e-05       10
     154       166   -4.030140e+04   0.000e+00   2.090e-05   4.892e-04        0
     155       167   -4.030140e+04   0.000e+00   6.419e-06   4.673e-04        0
     156       168   -4.030140e+04   0.000e+00   2.186e-08   8.326e-07        5
     157       169   -4.030140e+04   0.000e+00   1.164e-06   2.162e-04        0
     158       170   -4.030140e+04   0.000e+00   1.042e-06   1.599e-05        0
     159       171   -4.030140e+04   0.000e+00   5.721e-08   1.397e-05        0
     160       172   -4.030140e+04   0.000e+00   1.130e-08   6.052e-06       32
     161       173   -4.030140e+04   0.000e+00   4.152e-07   7.314e-07        0
     162       174   -4.030140e+04   0.000e+00   1.207e-07   5.849e-08        5
     163       175   -4.030140e+04   0.000e+00   1.659e-07   4.694e-07        0
     164       176   -4.030140e+04   0.000e+00   3.240e-08   6.206e-08        0
     165       177   -4.030140e+04   0.000e+00   1.622e-10   5.678e-09        5

EXIT: Locally optimal solution found.

Final Statistics
----------------
Final objective value               =  -4.03013992588477e+04
Final feasibility error (abs / rel) =   0.00e+00 / 0.00e+00
Final optimality error  (abs / rel) =   1.62e-10 / 1.62e-10
# of iterations                     =        165 
# of CG iterations                  =         57 
# of function evaluations           =        177
# of gradient evaluations           =        166
Total program time (secs)           =   35540.17188 (648994.062 CPU time)
Time spent in evaluations (secs)    =   35288.23828

Solution Vector
---------------
x[       0] =   3.71459566980e+00
x[       1] =   3.31897265535e+00
x[       2] =   3.40588082436e+00
x[       3] =   3.84904359620e+00
x[       4] =   3.77972057947e+00
x[       5] =   3.29503470559e+00
x[       6] =   3.95069570862e+00
x[       7] =  -5.51572746108e-01
x[       8] =  -1.28751939036e+00
x[       9] =  -6.17486909702e+00
x[      10] =   1.14785486158e-01
x[      11] =   2.17692951456e-04
x[      12] =   2.71168481378e+00
x[      13] =   3.27810487166e+00
x[      14] =   1.83149444883e+00
x[      15] =   2.50102004612e+00
x[      16] =   9.89665843337e-01
x[      17] =   9.24719671668e-01
x[      18] =   9.78864239063e-01
x[      19] =   1.00629222266e+00
x[      20] =   9.27643169277e-01
x[      21] =   1.05373346784e+00
x[      22] =   6.78415971054e-01

===============================================================================

