
Solving from new start point (number 29 of 42) <multistart>.


=======================================
*** NO CHECK MADE FOR LICENSE ***
         Artelys Knitro 12.3.0
=======================================

Knitro presolve eliminated 0 variables and 0 constraints.

algorithm:               4
bar_maxcrossit:          3
datacheck:               0
feastol:                 1e-08
hessopt:                 2
maxtime_cpu:             9.92453e+07
maxtime_real:            9.99637e+07
opttol:                  1e-08
outlev:                  5
outmode:                 2
par_concurrent_evals:    0
The problem is identified as bound constrained only.
Knitro changing act_qpalg from AUTO to 3.
Knitro changing honorbnds from AUTO to -1.
Knitro changing linesearch from AUTO to 2.
Knitro changing linsolver from AUTO to 4.

Problem Characteristics                                 (   Presolved)
-----------------------
Objective goal:  Maximize
Objective type:  general
Number of variables:                                 23 (          23)
    bounded below only:                               0 (           0)
    bounded above only:                               0 (           0)
    bounded below and above:                         23 (          23)
    fixed:                                            0 (           0)
    free:                                             0 (           0)
Number of constraints:                                0 (           0)
    linear equalities:                                0 (           0)
    quadratic equalities:                             0 (           0)
    gen. nonlinear equalities:                        0 (           0)
    linear one-sided inequalities:                    0 (           0)
    quadratic one-sided inequalities:                 0 (           0)
    gen. nonlinear one-sided inequalities:            0 (           0)
    linear two-sided inequalities:                    0 (           0)
    quadratic two-sided inequalities:                 0 (           0)
    gen. nonlinear two-sided inequalities:            0 (           0)
Number of nonzeros in Jacobian:                       0 (           0)
Number of nonzeros in Hessian:                        0 (         276)

Knitro using the Sequential Quadratic Programming (SQP) algorithm.

  Iter     fCount     Objective      FeasError   OptError    ||Step||    CGits 
--------  --------  --------------  ----------  ----------  ----------  -------
       0         1   -1.200482e+05   0.000e+00
       1         2   -4.856295e+04   1.355e-20   6.807e+01   1.377e+00        0
       2         5   -4.749587e+04   0.000e+00   1.033e+01   3.254e-02        0
       3         6   -4.589617e+04   0.000e+00   1.189e-01   3.543e-01        0
       4         7   -4.480756e+04   0.000e+00   5.755e+00   2.344e-01        0
       5         8   -4.381924e+04   0.000e+00   4.023e-02   2.576e-01        0
       6         9   -4.350194e+04   0.000e+00   5.656e-02   1.207e-01        0
       7        10   -4.253955e+04   0.000e+00   9.393e-02   5.066e-01        0
       8        11   -4.206883e+04   0.000e+00   7.072e-01   2.168e-01        0
       9        12   -4.191823e+04   0.000e+00   1.148e+01   2.861e-01        0
      10        13   -4.176793e+04   0.000e+00   6.998e+00   7.991e-02        0
      11        14   -4.165708e+04   0.000e+00   7.759e+00   1.057e-01        0
      12        15   -4.156011e+04   0.000e+00   5.363e-02   1.193e-01        0
      13        16   -4.146562e+04   0.000e+00   4.806e+00   1.550e-01        0
      14        17   -4.136666e+04   0.000e+00   1.799e-02   2.698e-01        0
      15        18   -4.133387e+04   0.000e+00   9.312e-03   8.513e-02        0
      16        19   -4.124493e+04   0.000e+00   4.092e+00   2.488e-01        0
      17        20   -4.119249e+04   0.000e+00   7.954e-02   1.807e-01        0
      18        21   -4.115882e+04   0.000e+00   6.148e-02   6.623e-02        0
      19        22   -4.110384e+04   0.000e+00   9.280e-03   1.134e-01        0
      20        23   -4.104301e+04   0.000e+00   2.801e+00   1.373e-01        0
      21        24   -4.089738e+04   0.000e+00   3.847e+00   4.489e-01        0
      22        25   -4.075017e+04   0.000e+00   3.687e-02   6.968e-01        0
      23        26   -4.068807e+04   0.000e+00   9.782e-03   2.217e-01        0
      24        27   -4.065667e+04   0.000e+00   4.684e-02   7.996e-02        0
      25        28   -4.063741e+04   0.000e+00   3.372e-02   3.400e-02        0
      26        29   -4.058976e+04   0.000e+00   1.557e-02   1.346e-01        0
      27        30   -4.057005e+04   0.000e+00   8.745e-02   5.527e-02        0
      28        31   -4.055164e+04   0.000e+00   1.073e-02   1.465e-01        0
      29        32   -4.053945e+04   0.000e+00   1.077e-02   3.231e-02        0
      30        33   -4.049939e+04   0.000e+00   3.470e-02   1.370e-01        0
      31        34   -4.046101e+04   0.000e+00   6.149e-02   1.708e-01        0
      32        35   -4.043576e+04   0.000e+00   2.737e-02   1.649e-01        0
      33        36   -4.042158e+04   0.000e+00   6.264e-03   9.554e-02        0
      34        37   -4.040649e+04   0.000e+00   1.202e+00   1.028e-01        0
      35        38   -4.039623e+04   0.000e+00   1.235e+00   8.744e-02        0
      36        39   -4.039178e+04   0.000e+00   1.185e+00   4.373e-02        0
      37        40   -4.038949e+04   0.000e+00   1.135e-02   2.579e-02        0
      38        41   -4.038720e+04   0.000e+00   1.867e-02   1.900e-02        0
      39        42   -4.038363e+04   0.000e+00   5.873e-02   3.249e-02        0
      40        43   -4.037801e+04   0.000e+00   9.169e-02   5.864e-02        0
      41        44   -4.036957e+04   0.000e+00   9.928e-02   1.019e-01        0
      42        45   -4.036005e+04   0.000e+00   6.454e-02   1.367e-01        0
      43        46   -4.035294e+04   0.000e+00   4.587e-03   1.133e-01        0
      44        47   -4.034793e+04   0.000e+00   1.454e+00   5.687e-02        0
      45        48   -4.034288e+04   0.000e+00   2.808e+00   4.902e-02        0
      46        49   -4.033954e+04   0.000e+00   2.003e+00   5.583e-02        0
      47        50   -4.033814e+04   0.000e+00   2.714e-01   2.677e-02        0
      48        51   -4.033758e+04   0.000e+00   5.661e-03   1.172e-02        0
      49        52   -4.033726e+04   0.000e+00   1.528e-02   9.327e-03        0
      50        53   -4.033674e+04   0.000e+00   2.104e-02   1.638e-02        0
      51        54   -4.033619e+04   0.000e+00   1.702e-02   1.854e-02        0
      52        55   -4.033566e+04   0.000e+00   5.852e-03   1.855e-02        0
      53        56   -4.033510e+04   0.000e+00   7.306e-03   1.785e-02        0
      54        57   -4.033409e+04   0.000e+00   5.323e-01   2.991e-02        0
      55        58   -4.033206e+04   0.000e+00   1.466e+00   6.003e-02        0
      56        59   -4.032855e+04   0.000e+00   2.043e+00   1.107e-01        0
      57        60   -4.032489e+04   0.000e+00   1.596e+00   1.285e-01        0
      58        61   -4.032311e+04   0.000e+00   5.066e-01   5.705e-02        0
      59        62   -4.032264e+04   0.000e+00   3.892e-03   1.001e-02        0
      60        63   -4.032253e+04   0.000e+00   2.716e-03   9.750e-03        0
      61        64   -4.032236e+04   0.000e+00   8.848e-03   9.473e-03        0
      62        65   -4.032187e+04   0.000e+00   2.017e-02   1.575e-02        0
      63        66   -4.032072e+04   0.000e+00   3.582e-02   3.428e-02        0
      64        67   -4.031809e+04   0.000e+00   5.652e-02   9.611e-02        0
      65        68   -4.031351e+04   0.000e+00   7.130e-02   2.082e-01        0
      66        69   -4.030832e+04   0.000e+00   6.734e-02   2.857e-01        0
      67        70   -4.030467e+04   0.000e+00   3.703e-02   2.128e-01        0
      68        71   -4.030361e+04   0.000e+00   6.215e-03   7.447e-02        0
      69        72   -4.030354e+04   0.000e+00   2.526e-04   1.421e-02        0
      70        73   -4.030352e+04   0.000e+00   2.281e-02   5.324e-03        0
      71        74   -4.030346e+04   0.000e+00   1.824e-01   7.796e-03        0
      72        75   -4.030334e+04   0.000e+00   3.249e-01   1.176e-02        0
      73        76   -4.030307e+04   0.000e+00   5.161e-01   2.345e-02        0
      74        77   -4.030262e+04   0.000e+00   6.057e-01   4.268e-02        0
      75        78   -4.030212e+04   0.000e+00   4.974e-01   5.087e-02        0
      76        79   -4.030186e+04   0.000e+00   1.866e-01   2.874e-02        0
      77        80   -4.030181e+04   0.000e+00   6.672e-03   1.082e-02        0
      78        81   -4.030181e+04   0.000e+00   2.169e-04   3.895e-03        0
      79        82   -4.030181e+04   0.000e+00   2.020e-04   2.171e-03        0
      80        83   -4.030180e+04   0.000e+00   4.219e-04   3.461e-03        0
      81        84   -4.030179e+04   0.000e+00   3.320e-04   4.663e-03        0
      82        85   -4.030177e+04   0.000e+00   4.752e-04   6.193e-03        0
      83        86   -4.030173e+04   0.000e+00   2.414e-04   1.030e-02        0
      84        87   -4.030169e+04   0.000e+00   2.223e-04   1.675e-02        0
      85        90   -4.030169e+04   0.000e+00   3.162e-02   4.553e-03        0
      86        93   -4.030167e+04   0.000e+00   7.846e-04   2.380e-02        0
      87        94   -4.030167e+04   0.000e+00   3.475e-04   3.451e-03        0
      88        95   -4.030166e+04   0.000e+00   2.831e-05   2.460e-03        0
      89        96   -4.030166e+04   0.000e+00   2.034e-04   1.997e-04        0
      90        97   -4.030166e+04   0.000e+00   3.776e-03   6.151e-04        0
      91        98   -4.030166e+04   0.000e+00   1.576e-02   3.404e-03        0
      92        99   -4.030165e+04   0.000e+00   3.490e-02   6.579e-03        0
      93       100   -4.030164e+04   0.000e+00   4.489e-02   1.031e-02        0
      94       101   -4.030162e+04   0.000e+00   4.666e-02   1.497e-02        0
      95       102   -4.030161e+04   0.000e+00   2.412e-02   1.391e-02        0
      96       103   -4.030161e+04   0.000e+00   5.554e-03   4.484e-03        0
      97       104   -4.030161e+04   0.000e+00   1.488e-03   1.279e-03        0
      98       105   -4.030161e+04   0.000e+00   2.057e-04   1.119e-03        0
      99       106   -4.030161e+04   0.000e+00   4.846e-04   1.532e-03        0
     100       107   -4.030160e+04   0.000e+00   9.306e-04   2.530e-03        0
     101       108   -4.030159e+04   0.000e+00   1.590e-03   7.170e-03        0
     102       109   -4.030157e+04   0.000e+00   2.474e-03   2.183e-02        0
     103       110   -4.030152e+04   0.000e+00   3.215e-03   5.039e-02        0
     104       111   -4.030146e+04   0.000e+00   2.980e-03   7.914e-02        0
     105       112   -4.030142e+04   0.000e+00   6.570e-02   6.052e-02        0
     106       113   -4.030141e+04   0.000e+00   1.374e-02   1.145e-02        0
     107       114   -4.030141e+04   0.000e+00   9.441e-04   5.466e-03        0
     108       115   -4.030141e+04   0.000e+00   4.885e-05   2.314e-03        0
     109       116   -4.030141e+04   0.000e+00   3.079e-03   3.404e-03        0
     110       117   -4.030141e+04   0.000e+00   4.195e-03   4.487e-03        0
     111       118   -4.030141e+04   0.000e+00   5.343e-03   5.637e-03        0
     112       119   -4.030141e+04   0.000e+00   5.862e-03   2.142e-03        0
     113       120   -4.030141e+04   0.000e+00   4.278e-03   7.554e-03        0
     114       121   -4.030141e+04   0.000e+00   3.705e-05   1.012e-02        0
     115       122   -4.030141e+04   0.000e+00   8.424e-06   4.515e-03        0
     116       123   -4.030141e+04   0.000e+00   4.640e-06   5.716e-04        0
     117       124   -4.030141e+04   0.000e+00   3.731e-06   1.168e-04        0
     118       125   -4.030141e+04   0.000e+00   6.050e-05   1.727e-04        0
     119       126   -4.030141e+04   0.000e+00   4.076e-04   2.026e-04        0
     120       127   -4.030140e+04   0.000e+00   1.281e-03   6.989e-04        0
     121       128   -4.030140e+04   0.000e+00   1.975e-03   9.244e-04        0
     122       129   -4.030140e+04   0.000e+00   2.138e-03   1.525e-03        0
     123       130   -4.030140e+04   0.000e+00   1.307e-03   1.174e-03        0
     124       131   -4.030140e+04   0.000e+00   4.727e-04   4.179e-04        0
     125       132   -4.030140e+04   0.000e+00   2.472e-04   2.158e-04        0
     126       133   -4.030140e+04   0.000e+00   1.064e-04   2.161e-04        0
     127       134   -4.030140e+04   0.000e+00   1.561e-05   2.621e-04        0
     128       135   -4.030140e+04   0.000e+00   4.122e-05   5.401e-04        0
     129       136   -4.030140e+04   0.000e+00   7.361e-05   1.474e-03        0
     130       137   -4.030140e+04   0.000e+00   6.230e-03   3.981e-03        0
     131       138   -4.030140e+04   0.000e+00   8.440e-03   8.685e-03        0
     132       139   -4.030140e+04   0.000e+00   7.971e-03   1.192e-02        0
     133       140   -4.030140e+04   0.000e+00   3.675e-03   7.462e-03        0
     134       141   -4.030140e+04   0.000e+00   9.829e-04   2.601e-03        0
     135       142   -4.030140e+04   0.000e+00   8.970e-05   2.595e-03        0
     136       143   -4.030140e+04   0.000e+00   7.360e-05   6.883e-04        0
     137       144   -4.030140e+04   0.000e+00   3.005e-05   6.881e-04        0
     138       145   -4.030140e+04   0.000e+00   6.682e-05   2.862e-04        0
     139       146   -4.030140e+04   0.000e+00   6.192e-05   1.849e-04        0
     140       147   -4.030140e+04   0.000e+00   4.082e-05   9.771e-04        0
     141       148   -4.030140e+04   0.000e+00   9.836e-06   1.119e-09        1
     142       149   -4.030140e+04   0.000e+00   7.246e-08   1.917e-04        0
     143       150   -4.030140e+04   0.000e+00   1.544e-08   1.990e-05        0
     144       151   -4.030140e+04   0.000e+00   1.590e-09   3.714e-06        0

EXIT: Locally optimal solution found.

Final Statistics
----------------
Final objective value               =  -4.03013992588477e+04
Final feasibility error (abs / rel) =   0.00e+00 / 0.00e+00
Final optimality error  (abs / rel) =   1.59e-09 / 1.59e-09
# of iterations                     =        144 
# of CG iterations                  =          1 
# of function evaluations           =        151
# of gradient evaluations           =        145
Total program time (secs)           =   34358.23828 (663587.938 CPU time)
Time spent in evaluations (secs)    =   34118.85156

Solution Vector
---------------
x[       0] =   3.71459519431e+00
x[       1] =   3.31897225824e+00
x[       2] =   3.40588045666e+00
x[       3] =   3.84904321271e+00
x[       4] =   3.77972024105e+00
x[       5] =   3.29503431260e+00
x[       6] =   3.95069524206e+00
x[       7] =  -5.51572701102e-01
x[       8] =  -1.28751931337e+00
x[       9] =  -6.17486551811e+00
x[      10] =   1.14785327400e-01
x[      11] =   2.17694687944e-04
x[      12] =   2.71168510408e+00
x[      13] =   3.27810517377e+00
x[      14] =   1.83149456588e+00
x[      15] =   2.50102018353e+00
x[      16] =   9.89665809827e-01
x[      17] =   9.24719634439e-01
x[      18] =   9.78864189302e-01
x[      19] =   1.00629215901e+00
x[      20] =   9.27643146712e-01
x[      21] =   1.05373343984e+00
x[      22] =   6.78415935611e-01

===============================================================================

