
Solving from new start point (number 42 of 42) <multistart>.


=======================================
*** NO CHECK MADE FOR LICENSE ***
         Artelys Knitro 12.3.0
=======================================

Knitro presolve eliminated 0 variables and 0 constraints.

algorithm:               4
bar_maxcrossit:          3
datacheck:               0
feastol:                 1e-08
hessopt:                 2
maxtime_cpu:             9.89197e+07
maxtime_real:            9.99481e+07
opttol:                  1e-08
outlev:                  5
outmode:                 2
par_concurrent_evals:    0
The problem is identified as bound constrained only.
Knitro changing act_qpalg from AUTO to 3.
Knitro changing honorbnds from AUTO to -1.
Knitro changing linesearch from AUTO to 2.
Knitro changing linsolver from AUTO to 4.

Problem Characteristics                                 (   Presolved)
-----------------------
Objective goal:  Maximize
Objective type:  general
Number of variables:                                 23 (          23)
    bounded below only:                               0 (           0)
    bounded above only:                               0 (           0)
    bounded below and above:                         23 (          23)
    fixed:                                            0 (           0)
    free:                                             0 (           0)
Number of constraints:                                0 (           0)
    linear equalities:                                0 (           0)
    quadratic equalities:                             0 (           0)
    gen. nonlinear equalities:                        0 (           0)
    linear one-sided inequalities:                    0 (           0)
    quadratic one-sided inequalities:                 0 (           0)
    gen. nonlinear one-sided inequalities:            0 (           0)
    linear two-sided inequalities:                    0 (           0)
    quadratic two-sided inequalities:                 0 (           0)
    gen. nonlinear two-sided inequalities:            0 (           0)
Number of nonzeros in Jacobian:                       0 (           0)
Number of nonzeros in Hessian:                        0 (         276)

Knitro using the Sequential Quadratic Programming (SQP) algorithm.

  Iter     fCount     Objective      FeasError   OptError    ||Step||    CGits 
--------  --------  --------------  ----------  ----------  ----------  -------
       0         1   -1.005270e+05   0.000e+00
       1         2   -4.745468e+04   1.355e-20   2.449e+00   4.853e-01        0
       2         3   -4.704269e+04   0.000e+00   1.652e+01   3.154e-01        0
       3         4   -4.405942e+04   1.355e-20   8.015e+00   1.443e-01        0
       4         5   -4.398912e+04   0.000e+00   3.979e+00   3.249e-02        0
       5         6   -4.380745e+04   1.355e-20   2.089e-01   3.162e-02        0
       6         7   -4.370466e+04   0.000e+00   6.900e-02   3.586e-02        0
       7         8   -4.347461e+04   1.355e-20   5.058e+00   9.890e-02        0
       8         9   -4.325218e+04   0.000e+00   2.447e+00   7.504e-02        0
       9        10   -4.310594e+04   0.000e+00   9.251e-03   1.195e-01        0
      10        11   -4.305989e+04   0.000e+00   8.938e-03   1.394e-02        0
      11        12   -4.276263e+04   0.000e+00   3.545e-02   1.287e-01        0
      12        13   -4.225973e+04   0.000e+00   2.230e+00   3.697e-01        0
      13        14   -4.203876e+04   0.000e+00   1.962e+00   2.695e-01        0
      14        15   -4.196917e+04   0.000e+00   7.288e-03   1.502e-01        0
      15        16   -4.193043e+04   0.000e+00   8.036e-03   3.973e-02        0
      16        17   -4.184372e+04   0.000e+00   7.890e-01   8.956e-02        0
      17        18   -4.177276e+04   0.000e+00   1.599e+00   4.063e-02        0
      18        19   -4.139941e+04   0.000e+00   4.997e+00   2.779e-01        0
      19        20   -4.121758e+04   0.000e+00   2.884e+00   1.136e-01        0
      20        21   -4.117336e+04   0.000e+00   3.691e-01   2.354e-02        0
      21        22   -4.115959e+04   0.000e+00   3.187e-03   1.519e-02        0
      22        23   -4.107380e+04   0.000e+00   2.327e-02   9.688e-02        0
      23        24   -4.090540e+04   0.000e+00   3.760e-02   2.983e-01        0
      24        25   -4.085913e+04   0.000e+00   1.723e-02   1.123e-01        0
      25        26   -4.082181e+04   0.000e+00   2.369e-03   6.401e-02        0
      26        27   -4.076637e+04   0.000e+00   8.634e-01   1.691e-01        0
      27        28   -4.074461e+04   0.000e+00   6.436e-01   9.970e-02        0
      28        29   -4.073197e+04   0.000e+00   1.504e-01   3.171e-02        0
      29        30   -4.070860e+04   0.000e+00   3.591e-03   5.996e-02        0
      30        31   -4.066437e+04   0.000e+00   1.777e-02   1.160e-01        0
      31        32   -4.061534e+04   0.000e+00   2.391e-02   1.531e-01        0
      32        33   -4.058412e+04   0.000e+00   1.516e-02   1.309e-01        0
      33        34   -4.057746e+04   0.000e+00   4.244e-03   4.448e-02        0
      34        35   -4.057549e+04   0.000e+00   8.993e-04   9.457e-03        0
      35        36   -4.057205e+04   0.000e+00   6.395e-03   1.276e-02        0
      36        37   -4.056607e+04   0.000e+00   3.244e-02   1.878e-02        0
      37        38   -4.055382e+04   0.000e+00   3.125e-01   4.090e-02        0
      38        39   -4.053747e+04   0.000e+00   3.342e-01   7.244e-02        0
      39        40   -4.052622e+04   0.000e+00   8.010e-03   7.643e-02        0
      40        41   -4.052267e+04   0.000e+00   9.534e-04   3.634e-02        0
      41        42   -4.052088e+04   0.000e+00   2.655e-03   1.674e-02        0
      42        43   -4.051736e+04   0.000e+00   6.875e-03   2.530e-02        0
      43        44   -4.050948e+04   0.000e+00   1.241e-02   4.931e-02        0
      44        45   -4.049258e+04   0.000e+00   1.859e-02   1.017e-01        0
      45        46   -4.046419e+04   0.000e+00   2.204e-02   1.755e-01        0
      46        47   -4.043255e+04   0.000e+00   1.762e-02   2.102e-01        0
      47        48   -4.041378e+04   0.000e+00   6.844e-03   1.345e-01        0
      48        49   -4.040823e+04   0.000e+00   1.375e-03   2.584e-02        0
      49        50   -4.040573e+04   0.000e+00   3.186e-03   2.411e-02        0
      50        51   -4.040231e+04   0.000e+00   5.248e-03   1.969e-02        0
      51        52   -4.039546e+04   0.000e+00   3.401e-02   2.280e-02        0
      52        53   -4.038482e+04   0.000e+00   3.857e-02   7.205e-02        0
      53        54   -4.037634e+04   0.000e+00   4.206e-03   9.833e-02        0
      54        55   -4.037440e+04   0.000e+00   6.255e-04   6.309e-02        0
      55        56   -4.037413e+04   0.000e+00   2.411e-04   1.850e-02        0
      56        57   -4.037401e+04   0.000e+00   2.429e-04   6.011e-03        0
      57        58   -4.037391e+04   0.000e+00   2.446e-04   3.285e-03        0
      58        59   -4.037360e+04   0.000e+00   2.827e-04   7.452e-03        0
      59        60   -4.037303e+04   0.000e+00   5.957e-04   1.036e-02        0
      60        61   -4.037207e+04   0.000e+00   8.277e-04   1.636e-02        0
      61        62   -4.037116e+04   0.000e+00   7.254e-04   2.024e-02        0
      62        63   -4.037073e+04   0.000e+00   3.233e-04   1.669e-02        0
      63        64   -4.037057e+04   0.000e+00   2.611e-04   8.422e-03        0
      64        65   -4.037039e+04   0.000e+00   2.458e-04   7.039e-03        0
      65        66   -4.036996e+04   0.000e+00   3.934e-04   1.276e-02        0
      66        67   -4.036891e+04   0.000e+00   7.602e-04   2.520e-02        0
      67        68   -4.036639e+04   0.000e+00   1.245e-03   5.581e-02        0
      68        69   -4.036119e+04   0.000e+00   1.769e-03   1.161e-01        0
      69        70   -4.035297e+04   0.000e+00   2.229e-03   1.956e-01        0
      70        71   -4.034511e+04   0.000e+00   2.341e-03   2.092e-01        0
      71        72   -4.034170e+04   0.000e+00   1.260e-03   9.436e-02        0
      72        73   -4.034086e+04   0.000e+00   6.176e-04   1.573e-02        0
      73        74   -4.034023e+04   0.000e+00   5.921e-04   1.701e-02        0
      74        75   -4.033875e+04   0.000e+00   1.421e-03   2.069e-02        0
      75        76   -4.033575e+04   0.000e+00   2.350e-03   2.160e-02        0
      76        77   -4.033078e+04   0.000e+00   2.774e-03   9.232e-02        0
      77        78   -4.032601e+04   0.000e+00   1.628e-03   1.768e-01        0
      78        79   -4.032395e+04   0.000e+00   1.647e-04   1.463e-01        0
      79        80   -4.032365e+04   0.000e+00   1.748e-04   3.646e-02        0
      80        81   -4.032361e+04   0.000e+00   1.747e-04   2.479e-03        0
      81        82   -4.032352e+04   0.000e+00   1.732e-04   3.143e-03        0
      82        83   -4.032331e+04   0.000e+00   2.009e-04   5.206e-03        0
      83        84   -4.032279e+04   0.000e+00   4.252e-04   1.128e-02        0
      84        85   -4.032148e+04   0.000e+00   7.418e-04   3.300e-02        0
      85        86   -4.031860e+04   0.000e+00   1.111e-03   8.861e-02        0
      86        87   -4.031357e+04   0.000e+00   3.506e-03   1.857e-01        0
      87        88   -4.030819e+04   0.000e+00   1.252e-02   2.469e-01        0
      88        89   -4.030550e+04   0.000e+00   5.477e-03   1.565e-01        0
      89        90   -4.030503e+04   0.000e+00   2.496e-03   3.108e-02        0
      90        93   -4.030502e+04   0.000e+00   3.503e-03   1.525e-02        0
      91        94   -4.030499e+04   0.000e+00   2.705e-03   1.459e-02        0
      92        95   -4.030498e+04   0.000e+00   2.363e-03   4.632e-03        0
      93        96   -4.030496e+04   0.000e+00   1.819e-03   3.230e-03        0
      94        97   -4.030492e+04   0.000e+00   5.528e-04   4.795e-03        0
      95        98   -4.030484e+04   0.000e+00   3.250e-03   6.987e-03        0
      96        99   -4.030468e+04   0.000e+00   1.893e-04   1.313e-02        0
      97       100   -4.030431e+04   0.000e+00   2.773e-04   2.977e-02        0
      98       101   -4.030366e+04   0.000e+00   4.341e-02   5.657e-02        0
      99       102   -4.030287e+04   0.000e+00   4.711e-02   7.125e-02        0
     100       103   -4.030241e+04   0.000e+00   4.199e-04   3.969e-02        0
     101       104   -4.030228e+04   0.000e+00   2.365e-04   8.116e-03        0
     102       105   -4.030227e+04   0.000e+00   7.488e-05   4.293e-03        0
     103       106   -4.030227e+04   0.000e+00   2.287e-05   3.988e-03        0
     104       107   -4.030226e+04   0.000e+00   2.525e-03   1.844e-03        0
     105       108   -4.030226e+04   0.000e+00   5.802e-03   1.877e-03        0
     106       109   -4.030225e+04   0.000e+00   1.129e-02   2.382e-03        0
     107       110   -4.030224e+04   0.000e+00   1.880e-02   2.609e-03        0
     108       111   -4.030220e+04   0.000e+00   2.975e-02   7.445e-03        0
     109       112   -4.030211e+04   0.000e+00   4.200e-02   2.124e-02        0
     110       113   -4.030195e+04   0.000e+00   4.741e-02   4.687e-02        0
     111       114   -4.030178e+04   0.000e+00   7.298e-04   6.288e-02        0
     112       115   -4.030170e+04   0.000e+00   2.567e-04   3.555e-02        0
     113       116   -4.030168e+04   0.000e+00   2.886e-05   3.896e-03        0
     114       117   -4.030168e+04   0.000e+00   2.415e-04   3.811e-03        0
     115       118   -4.030168e+04   0.000e+00   2.079e-04   3.087e-03        0
     116       119   -4.030168e+04   0.000e+00   2.865e-04   2.017e-03        0
     117       120   -4.030168e+04   0.000e+00   5.977e-04   5.509e-03        0
     118       121   -4.030167e+04   0.000e+00   9.264e-04   6.322e-03        0
     119       122   -4.030166e+04   0.000e+00   1.346e-03   8.388e-03        0
     120       123   -4.030164e+04   0.000e+00   1.534e-03   7.570e-03        0
     121       124   -4.030160e+04   0.000e+00   1.250e-03   1.471e-02        0
     122       125   -4.030156e+04   0.000e+00   7.435e-04   3.083e-02        0
     123       126   -4.030155e+04   0.000e+00   3.480e-04   2.636e-02        0
     124       127   -4.030155e+04   0.000e+00   6.989e-05   8.149e-03        0
     125       128   -4.030155e+04   0.000e+00   5.304e-05   7.191e-04        0
     126       129   -4.030155e+04   0.000e+00   5.338e-05   6.213e-04        0
     127       130   -4.030155e+04   0.000e+00   3.533e-06   4.526e-04        0
     128       131   -4.030155e+04   0.000e+00   6.125e-06   1.910e-04        0
     129       132   -4.030155e+04   0.000e+00   7.668e-05   2.034e-04        0
     130       133   -4.030155e+04   0.000e+00   2.553e-04   3.870e-04        0
     131       134   -4.030154e+04   0.000e+00   7.843e-04   1.618e-03        0
     132       135   -4.030153e+04   0.000e+00   1.007e-03   1.104e-02        0
     133       136   -4.030153e+04   0.000e+00   4.827e-04   1.053e-02        0
     134       139   -4.030153e+04   0.000e+00   4.081e-04   7.733e-04        0
     135       142   -4.030153e+04   0.000e+00   3.587e-04   4.772e-04        0
     136       143   -4.030153e+04   0.000e+00   1.467e-04   2.149e-04        0
     137       144   -4.030153e+04   0.000e+00   6.455e-04   2.416e-04        0
     138       145   -4.030153e+04   0.000e+00   7.970e-05   8.354e-04        0
     139       146   -4.030152e+04   0.000e+00   2.450e-04   2.548e-03        0
     140       147   -4.030152e+04   0.000e+00   3.773e-04   2.961e-03        0
     141       148   -4.030151e+04   0.000e+00   6.599e-04   1.171e-02        0
     142       149   -4.030150e+04   0.000e+00   9.267e-04   2.292e-02        0
     143       150   -4.030147e+04   0.000e+00   1.040e-03   4.387e-02        0
     144       151   -4.030145e+04   0.000e+00   3.409e-02   4.389e-02        0
     145       152   -4.030144e+04   0.000e+00   1.162e-02   1.777e-02        0
     146       153   -4.030144e+04   0.000e+00   1.140e-03   4.303e-03        0
     147       154   -4.030144e+04   0.000e+00   1.690e-04   2.917e-03        0
     148       156   -4.030144e+04   0.000e+00   6.615e-06   1.455e-03        0
     149       157   -4.030144e+04   0.000e+00   8.695e-06   1.693e-03        0
     150       158   -4.030144e+04   0.000e+00   9.522e-06   1.693e-03        0
     151       159   -4.030144e+04   0.000e+00   1.053e-05   2.040e-03        0
     152       160   -4.030144e+04   0.000e+00   7.656e-04   4.988e-03        0
     153       161   -4.030143e+04   0.000e+00   1.132e-03   6.617e-03        0
     154       162   -4.030143e+04   0.000e+00   1.110e-03   7.939e-03        0
     155       163   -4.030143e+04   0.000e+00   1.227e-05   1.409e-02        0
     156       164   -4.030143e+04   0.000e+00   2.122e-06   1.294e-02        0
     157       165   -4.030143e+04   0.000e+00   1.757e-06   6.809e-04        0
     158       166   -4.030143e+04   0.000e+00   1.690e-06   3.377e-04        0
     159       167   -4.030143e+04   0.000e+00   3.150e-05   3.307e-04        0
     160       168   -4.030143e+04   0.000e+00   6.768e-05   3.307e-04        0
     161       169   -4.030143e+04   0.000e+00   1.478e-04   3.336e-04        0
     162       170   -4.030143e+04   0.000e+00   4.270e-04   4.323e-04        0
     163       171   -4.030142e+04   0.000e+00   4.906e-04   1.650e-03        0
     164       172   -4.030142e+04   0.000e+00   1.416e-03   1.112e-02        0
     165       173   -4.030141e+04   0.000e+00   1.285e-03   1.140e-02        0
     166       174   -4.030141e+04   0.000e+00   2.882e-04   1.164e-02        0
     167       175   -4.030141e+04   0.000e+00   1.333e-05   1.161e-02        0
     168       176   -4.030141e+04   0.000e+00   2.920e-05   1.026e-02        0
     169       177   -4.030141e+04   0.000e+00   1.558e-05   3.291e-03        0
     170       178   -4.030141e+04   0.000e+00   2.921e-05   1.667e-03        0
     171       179   -4.030141e+04   0.000e+00   2.026e-05   6.733e-04        0
     172       180   -4.030141e+04   0.000e+00   1.001e-05   9.804e-04        0
     173       181   -4.030141e+04   0.000e+00   2.802e-04   4.139e-03        0
     174       182   -4.030141e+04   0.000e+00   7.185e-04   6.100e-03        0
     175       183   -4.030141e+04   0.000e+00   1.213e-03   6.148e-03        0
     176       184   -4.030140e+04   0.000e+00   1.362e-03   9.156e-03        0
     177       185   -4.030140e+04   0.000e+00   8.810e-04   8.873e-03        0
     178       186   -4.030140e+04   0.000e+00   2.854e-04   7.282e-03        0
     179       187   -4.030140e+04   0.000e+00   2.412e-05   5.267e-03        0
     180       188   -4.030140e+04   0.000e+00   1.852e-05   2.415e-08        1
     181       189   -4.030140e+04   0.000e+00   5.998e-07   1.671e-03        0
     182       190   -4.030140e+04   0.000e+00   1.545e-07   1.776e-04        0
     183       191   -4.030140e+04   0.000e+00   8.874e-08   1.039e-04        0
     184       192   -4.030140e+04   0.000e+00   6.951e-09   8.477e-06        0

EXIT: Locally optimal solution found.

Final Statistics
----------------
Final objective value               =  -4.03013992588478e+04
Final feasibility error (abs / rel) =   0.00e+00 / 0.00e+00
Final optimality error  (abs / rel) =   6.95e-09 / 6.95e-09
# of iterations                     =        184 
# of CG iterations                  =          1 
# of function evaluations           =        192
# of gradient evaluations           =        185
Total program time (secs)           =   24510.59570 (373683.750 CPU time)
Time spent in evaluations (secs)    =   24246.20312

Solution Vector
---------------
x[       0] =   3.71459742504e+00
x[       1] =   3.31897441562e+00
x[       2] =   3.40588239868e+00
x[       3] =   3.84904524966e+00
x[       4] =   3.77972235475e+00
x[       5] =   3.29503639225e+00
x[       6] =   3.95069745250e+00
x[       7] =  -5.51572956289e-01
x[       8] =  -1.28751978666e+00
x[       9] =  -6.17486782601e+00
x[      10] =   1.14785439811e-01
x[      11] =   2.17693404095e-04
x[      12] =   2.71168396463e+00
x[      13] =   3.27810396375e+00
x[      14] =   1.83149397521e+00
x[      15] =   2.50101945939e+00
x[      16] =   9.89665830776e-01
x[      17] =   9.24719733058e-01
x[      18] =   9.78864382555e-01
x[      19] =   1.00629226422e+00
x[      20] =   9.27643191611e-01
x[      21] =   1.05373357644e+00
x[      22] =   6.78416044595e-01

===============================================================================

