
Solving from new start point (number 14 of 42) <multistart>.


=======================================
*** NO CHECK MADE FOR LICENSE ***
         Artelys Knitro 12.3.0
=======================================

Knitro presolve eliminated 0 variables and 0 constraints.

algorithm:               4
bar_maxcrossit:          3
datacheck:               0
feastol:                 1e-08
hessopt:                 2
maxtime_cpu:             9.99995e+07
maxtime_real:            9.99998e+07
opttol:                  1e-08
outlev:                  5
outmode:                 2
par_concurrent_evals:    0
The problem is identified as bound constrained only.
Knitro changing act_qpalg from AUTO to 3.
Knitro changing honorbnds from AUTO to -1.
Knitro changing linesearch from AUTO to 2.
Knitro changing linsolver from AUTO to 4.

Problem Characteristics                                 (   Presolved)
-----------------------
Objective goal:  Maximize
Objective type:  general
Number of variables:                                 23 (          23)
    bounded below only:                               0 (           0)
    bounded above only:                               0 (           0)
    bounded below and above:                         23 (          23)
    fixed:                                            0 (           0)
    free:                                             0 (           0)
Number of constraints:                                0 (           0)
    linear equalities:                                0 (           0)
    quadratic equalities:                             0 (           0)
    gen. nonlinear equalities:                        0 (           0)
    linear one-sided inequalities:                    0 (           0)
    quadratic one-sided inequalities:                 0 (           0)
    gen. nonlinear one-sided inequalities:            0 (           0)
    linear two-sided inequalities:                    0 (           0)
    quadratic two-sided inequalities:                 0 (           0)
    gen. nonlinear two-sided inequalities:            0 (           0)
Number of nonzeros in Jacobian:                       0 (           0)
Number of nonzeros in Hessian:                        0 (         276)

Knitro using the Sequential Quadratic Programming (SQP) algorithm.

  Iter     fCount     Objective      FeasError   OptError    ||Step||    CGits 
--------  --------  --------------  ----------  ----------  ----------  -------
       0         1   -4.778618e+04   0.000e+00
       1         2   -4.684239e+04   1.355e-20   8.134e+01   3.054e-01        0
       2         4   -4.566635e+04   0.000e+00   1.717e+01   4.164e-01        0
       3         5   -4.324697e+04   0.000e+00   4.359e-01   3.260e-01        0
       4         7   -4.310719e+04   0.000e+00   1.942e-01   5.702e-02        0
       5         8   -4.290806e+04   0.000e+00   9.162e+00   7.585e-02        0
       6         9   -4.214871e+04   0.000e+00   1.681e-01   4.764e-01        0
       7        10   -4.176447e+04   1.355e-20   4.651e-01   3.297e-01        0
       8        11   -4.155537e+04   0.000e+00   1.273e+01   6.525e-02        0
       9        12   -4.123856e+04   1.355e-20   3.135e+01   4.070e-01        0
      10        13   -4.111680e+04   0.000e+00   8.548e-01   5.850e-02        0
      11        14   -4.106133e+04   1.355e-20   3.377e-02   1.075e-01        0
      12        15   -4.099109e+04   0.000e+00   8.678e-02   1.531e-01        0
      13        16   -4.090431e+04   1.355e-20   4.047e+00   1.136e-01        0
      14        17   -4.083432e+04   0.000e+00   4.980e+00   2.556e-01        0
      15        18   -4.078026e+04   1.355e-20   1.204e-01   4.908e-02        0
      16        19   -4.066856e+04   0.000e+00   1.471e-01   1.586e-01        0
      17        20   -4.053820e+04   1.355e-20   2.314e-02   2.432e-01        0
      18        21   -4.045538e+04   0.000e+00   6.859e+00   3.290e-01        0
      19        22   -4.044220e+04   1.355e-20   3.956e-03   3.225e-02        0
      20        23   -4.044015e+04   0.000e+00   8.447e-02   3.190e-02        0
      21        24   -4.042933e+04   1.355e-20   5.790e+00   5.305e-02        0
      22        25   -4.040944e+04   0.000e+00   1.078e+00   7.130e-02        0
      23        26   -4.039557e+04   0.000e+00   1.316e+00   1.052e-01        0
      24        27   -4.039036e+04   0.000e+00   1.883e-02   4.041e-02        0
      25        28   -4.036930e+04   0.000e+00   3.420e-01   1.531e-01        0
      26        29   -4.035107e+04   0.000e+00   3.255e-02   1.379e-01        0
      27        30   -4.034046e+04   0.000e+00   2.268e-02   7.669e-02        0
      28        31   -4.033727e+04   0.000e+00   3.259e-01   2.322e-02        0
      29        32   -4.033548e+04   0.000e+00   1.613e-01   1.403e-02        0
      30        33   -4.033236e+04   0.000e+00   1.819e-02   2.474e-02        0
      31        34   -4.032873e+04   0.000e+00   2.227e-02   4.184e-02        0
      32        35   -4.032633e+04   0.000e+00   1.135e-02   4.544e-02        0
      33        36   -4.032521e+04   0.000e+00   6.047e-03   2.722e-02        0
      34        37   -4.032418e+04   0.000e+00   9.204e-03   2.110e-02        0
      35        38   -4.032232e+04   0.000e+00   1.903e-02   3.378e-02        0
      36        39   -4.031951e+04   0.000e+00   2.478e-02   5.147e-02        0
      37        40   -4.031657e+04   0.000e+00   1.932e-02   5.716e-02        0
      38        41   -4.031453e+04   0.000e+00   4.792e-03   4.090e-02        0
      39        42   -4.031324e+04   0.000e+00   2.912e-01   2.414e-02        0
      40        43   -4.031170e+04   0.000e+00   6.386e-01   2.657e-02        0
      41        44   -4.030949e+04   0.000e+00   7.563e-01   4.199e-02        0
      42        45   -4.030784e+04   0.000e+00   4.297e-01   4.201e-02        0
      43        46   -4.030730e+04   0.000e+00   9.262e-02   1.956e-02        0
      44        47   -4.030720e+04   0.000e+00   1.625e-02   6.016e-03        0
      45        48   -4.030716e+04   0.000e+00   1.286e-03   2.634e-03        0
      46        49   -4.030709e+04   0.000e+00   2.011e-03   3.771e-03        0
      47        50   -4.030700e+04   0.000e+00   1.651e-03   5.268e-03        0
      48        51   -4.030695e+04   0.000e+00   5.169e-04   5.475e-03        0
      49        52   -4.030692e+04   0.000e+00   1.603e-02   4.827e-03        0
      50        53   -4.030688e+04   0.000e+00   6.328e-02   5.330e-03        0
      51        54   -4.030679e+04   0.000e+00   1.192e-01   8.963e-03        0
      52        55   -4.030664e+04   0.000e+00   1.569e-01   1.456e-02        0
      53        56   -4.030643e+04   0.000e+00   1.387e-01   2.103e-02        0
      54        57   -4.030618e+04   0.000e+00   4.985e-02   2.421e-02        0
      55        58   -4.030594e+04   0.000e+00   1.588e-03   2.402e-02        0
      56        59   -4.030571e+04   0.000e+00   3.238e-03   2.327e-02        0
      57        60   -4.030550e+04   0.000e+00   3.194e-03   2.088e-02        0
      58        61   -4.030540e+04   0.000e+00   1.593e-03   1.286e-02        0
      59        62   -4.030537e+04   0.000e+00   3.065e-04   5.559e-03        0
      60        63   -4.030535e+04   0.000e+00   5.142e-04   3.105e-03        0
      61        64   -4.030532e+04   0.000e+00   2.075e-02   5.151e-03        0
      62        65   -4.030524e+04   0.000e+00   9.092e-02   1.097e-02        0
      63        66   -4.030505e+04   0.000e+00   1.868e-01   2.547e-02        0
      64        67   -4.030468e+04   0.000e+00   2.720e-01   5.257e-02        0
      65        68   -4.030414e+04   0.000e+00   2.599e-01   8.151e-02        0
      66        69   -4.030372e+04   0.000e+00   1.520e-01   7.050e-02        0
      67        70   -4.030360e+04   0.000e+00   6.997e-02   2.071e-02        0
      68        71   -4.030358e+04   0.000e+00   1.585e-02   6.482e-03        0
      69        72   -4.030358e+04   0.000e+00   1.355e-02   5.351e-03        0
      70        73   -4.030357e+04   0.000e+00   9.186e-04   5.391e-03        0
      71        74   -4.030354e+04   0.000e+00   2.021e-03   9.656e-03        0
      72        75   -4.030348e+04   0.000e+00   3.378e-03   1.021e-02        0
      73        76   -4.030337e+04   0.000e+00   4.421e-03   1.779e-02        0
      74        77   -4.030323e+04   0.000e+00   4.019e-03   3.461e-02        0
      75        78   -4.030316e+04   0.000e+00   1.871e-03   3.628e-02        0
      76        79   -4.030314e+04   0.000e+00   4.208e-04   1.699e-02        0
      77        80   -4.030314e+04   0.000e+00   8.763e-03   3.387e-03        0
      78        81   -4.030314e+04   0.000e+00   1.697e-02   2.138e-03        0
      79        82   -4.030313e+04   0.000e+00   3.806e-02   3.454e-03        0
      80        83   -4.030312e+04   0.000e+00   6.615e-02   6.857e-03        0
      81        84   -4.030308e+04   0.000e+00   1.111e-01   1.407e-02        0
      82        85   -4.030299e+04   0.000e+00   1.616e-01   3.013e-02        0
      83        86   -4.030283e+04   0.000e+00   1.897e-01   5.458e-02        0
      84        87   -4.030267e+04   0.000e+00   1.432e-01   6.482e-02        0
      85        88   -4.030260e+04   0.000e+00   5.326e-02   3.488e-02        0
      86        89   -4.030258e+04   0.000e+00   4.543e-03   9.333e-03        0
      87        90   -4.030258e+04   0.000e+00   1.090e-02   4.960e-03        0
      88        91   -4.030257e+04   0.000e+00   5.564e-04   7.120e-03        0
      89        92   -4.030254e+04   0.000e+00   1.067e-03   8.264e-03        0
      90        93   -4.030247e+04   0.000e+00   1.844e-03   1.169e-02        0
      91        94   -4.030232e+04   0.000e+00   2.850e-03   3.215e-02        0
      92        95   -4.030204e+04   0.000e+00   3.633e-03   8.866e-02        0
      93        96   -4.030170e+04   0.000e+00   3.106e-03   1.500e-01        0
      94        97   -4.030150e+04   0.000e+00   1.319e-03   1.230e-01        0
      95        98   -4.030145e+04   0.000e+00   2.333e-04   3.603e-02        0
      96        99   -4.030145e+04   0.000e+00   3.834e-05   5.804e-03        0
      97       100   -4.030145e+04   0.000e+00   3.052e-05   2.561e-03        0
      98       101   -4.030145e+04   0.000e+00   1.509e-03   2.483e-03        0
      99       102   -4.030145e+04   0.000e+00   3.777e-03   3.062e-03        0
     100       103   -4.030144e+04   0.000e+00   6.973e-03   4.376e-03        0
     101       104   -4.030144e+04   0.000e+00   9.088e-03   2.915e-03        0
     102       105   -4.030144e+04   0.000e+00   7.438e-03   4.408e-03        0
     103       106   -4.030144e+04   0.000e+00   2.931e-03   7.392e-03        0
     104       107   -4.030144e+04   0.000e+00   2.950e-04   3.859e-03        0
     105       109   -4.030144e+04   0.000e+00   8.597e-05   1.827e-03        0
     106       110   -4.030144e+04   0.000e+00   2.524e-04   9.025e-04        0
     107       111   -4.030144e+04   0.000e+00   1.179e-05   9.003e-04        0
     108       112   -4.030144e+04   0.000e+00   1.991e-05   8.196e-04        0
     109       113   -4.030144e+04   0.000e+00   4.374e-05   3.019e-03        0
     110       114   -4.030144e+04   0.000e+00   6.913e-05   3.046e-03        0
     111       115   -4.030144e+04   0.000e+00   1.082e-04   5.142e-03        0
     112       116   -4.030143e+04   0.000e+00   1.332e-04   6.691e-03        0
     113       117   -4.030143e+04   0.000e+00   1.098e-04   9.276e-03        0
     114       118   -4.030143e+04   0.000e+00   4.595e-05   9.153e-03        0
     115       119   -4.030143e+04   0.000e+00   2.122e-05   4.453e-03        0
     116       120   -4.030143e+04   0.000e+00   4.797e-04   1.641e-03        0
     117       121   -4.030143e+04   0.000e+00   9.776e-04   1.643e-03        0
     118       122   -4.030143e+04   0.000e+00   1.900e-03   1.760e-03        0
     119       123   -4.030143e+04   0.000e+00   3.319e-03   4.068e-03        0
     120       124   -4.030142e+04   0.000e+00   5.114e-03   7.491e-03        0
     121       125   -4.030142e+04   0.000e+00   6.817e-03   1.787e-02        0
     122       126   -4.030141e+04   0.000e+00   6.623e-03   3.005e-02        0
     123       127   -4.030140e+04   0.000e+00   3.626e-03   3.020e-02        0
     124       128   -4.030140e+04   0.000e+00   3.269e-04   9.167e-03        0
     125       129   -4.030140e+04   0.000e+00   3.367e-04   3.625e-03        0
     126       130   -4.030140e+04   0.000e+00   2.060e-04   1.634e-03        0
     127       131   -4.030140e+04   0.000e+00   3.982e-04   1.299e-03        0
     128       132   -4.030140e+04   0.000e+00   1.189e-03   1.899e-03        0
     129       133   -4.030140e+04   0.000e+00   2.460e-03   2.148e-03        0
     130       134   -4.030140e+04   0.000e+00   3.202e-03   1.039e-03        0
     131       135   -4.030140e+04   0.000e+00   9.503e-04   1.358e-03        0
     132       136   -4.030140e+04   0.000e+00   1.676e-03   4.593e-03        0
     133       137   -4.030140e+04   0.000e+00   6.620e-05   4.365e-03        0
     134       138   -4.030140e+04   0.000e+00   2.594e-05   1.492e-04        0
     135       139   -4.030140e+04   0.000e+00   2.313e-05   1.208e-04        0
     136       140   -4.030140e+04   0.000e+00   8.607e-07   1.205e-04        0
     137       141   -4.030140e+04   0.000e+00   2.814e-06   1.170e-04        0
     138       142   -4.030140e+04   0.000e+00   1.285e-06   1.228e-05        0
     139       143   -4.030140e+04   0.000e+00   2.208e-09   4.720e-12        1

EXIT: Locally optimal solution found.

Final Statistics
----------------
Final objective value               =  -4.03013992588478e+04
Final feasibility error (abs / rel) =   0.00e+00 / 0.00e+00
Final optimality error  (abs / rel) =   2.21e-09 / 2.21e-09
# of iterations                     =        139 
# of CG iterations                  =          1 
# of function evaluations           =        143
# of gradient evaluations           =        140
Total program time (secs)           =   35985.37500 (751920.062 CPU time)
Time spent in evaluations (secs)    =   35808.12500

Solution Vector
---------------
x[       0] =   3.71459606266e+00
x[       1] =   3.31897298452e+00
x[       2] =   3.40588083052e+00
x[       3] =   3.84904371230e+00
x[       4] =   3.77972089425e+00
x[       5] =   3.29503502383e+00
x[       6] =   3.95069607224e+00
x[       7] =  -5.51572782922e-01
x[       8] =  -1.28751945482e+00
x[       9] =  -6.17486354038e+00
x[      10] =   1.14785245991e-01
x[      11] =   2.17695533968e-04
x[      12] =   2.71168443621e+00
x[      13] =   3.27810417993e+00
x[      14] =   1.83149429163e+00
x[      15] =   2.50101973509e+00
x[      16] =   9.89665888907e-01
x[      17] =   9.24719840022e-01
x[      18] =   9.78864386330e-01
x[      19] =   1.00629227754e+00
x[      20] =   9.27643216969e-01
x[      21] =   1.05373350907e+00
x[      22] =   6.78415968202e-01

===============================================================================

